        0.00000000        0.00000000        0.00000000        0.00000000        0.00000000        0.00000000 
        0.00000000        0.00000000        0.00000000        0.00000000        0.00000000        0.00000000 
        0.00000000        0.00000000        0.00000000       -0.00000000        0.00000000        0.00000000 
        0.00000000       -0.00000000        0.00000000       -0.00000000        0.00000000        0.00000000 
       -0.00000000        0.00000000       -0.00000000       -0.00000000        0.00000000        0.00000000 
       -0.00000000        0.00000000       -0.00000000       -0.00000000        0.00000000        0.00000000 
        0.00000000       -0.00000000       -0.00000000       -0.00000000        0.00000000        0.00000000 
        0.00000000       -0.00000000       -0.00000000       -0.00000000        0.00000000        0.00000000 
        0.00000000       -0.00000000       -0.00000000       -0.00000000        0.00000000        0.00000000 
       -0.00000000       -0.00000000       -0.00000000       -0.00000000        0.00000000        0.00000000 
       -0.00000000       -0.00000000       -0.00000000       -0.00000000        0.00000000        0.00000000 
       -0.00000000       -0.00000000       -0.00000000       -0.00000000        0.00000000        0.00000000 
       -0.00000000       -0.00000000       -0.00000000       -0.00000000        0.00000000        0.00000000 
       -0.00000000       -0.00000000       -0.00000000       -0.00000000        0.00000000        0.00000000 
       -0.00000000       -0.00000000       -0.00000000       -0.00000000        0.00000000        0.00000000 
       -0.00000000       -0.00000000       -0.00000000       -0.00000000        0.00000000        0.00000000 
       -0.00000000       -0.00000000       -0.00000000       -0.00000000        0.00000000        0.00000000 
       -0.00000000       -0.00000000       -0.00000000       -0.00000000        0.00000000        0.00000000 
       -0.00000000       -0.00000000       -0.00000000       -0.00000000        0.00000000        0.00000000 
       -0.00000000       -0.00000000       -0.00000000       -0.00000000        0.00000000        0.00000000 
       -0.00000000       -0.00000000       -0.00000000       -0.00000000        0.00000000        0.00000000 
       -0.00000000       -0.00000000       -0.00000000       -0.00000000        0.00000000        0.00000000 
       -0.00000000       -0.00000000       -0.00000000       -0.00000000        0.00000000        0.00000000 
       -0.00000000       -0.00000000       -0.00000000       -0.00000000        0.00000000        0.00000000 
       -0.00000000       -0.00000000       -0.00000000       -0.00000000        0.00000000        0.00000000 
       -0.00000000       -0.00000000       -0.00000000       -0.00000000        0.00000000        0.00000000 
       -0.00000000       -0.00000000       -0.00000000       -0.00000000        0.00000000        0.00000000 
       -0.00000000       -0.00000000       -0.00000000       -0.00000000        0.00000000        0.00000000 
       -0.00000000       -0.00000000       -0.00000000       -0.00000000        0.00000000        0.00000000 
       -0.00000000       -0.00000000       -0.00000000       -0.00000000        0.00000000        0.00000000 
       -0.00000000       -0.00000000       -0.00000000       -0.00000000        0.00000000        0.00000000 
       -0.00000000       -0.00000000       -0.00000000       -0.00000000        0.00000000        0.00000000 
       -0.00000000       -0.00000000       -0.00000000       -0.00000000        0.00000000        0.00000000 
       -0.00000000       -0.00000000       -0.00000000       -0.00000000        0.00000000        0.00000000 
       -0.00000000       -0.00000000       -0.00000000       -0.00000000        0.00000000        0.00000000 
       -0.00000000       -0.00000000       -0.00000000       -0.00000000        0.00000000        0.00000000 
       -0.00000000       -0.00000000       -0.00000000       -0.00000000        0.00000000        0.00000000 
       -0.00000000       -0.00000000       -0.00000000       -0.00000000        0.00000000        0.00000000 
       -0.00000000       -0.00000000       -0.00000000       -0.00000000        0.00000000        0.00000000 
       -0.00000000       -0.00000000       -0.00000000       -0.00000000        0.00000000        0.00000000 
       -0.00000000       -0.00000000       -0.00000000       -0.00000000        0.00000000        0.00000000 
       -0.00000000       -0.00000000       -0.00000000       -0.00000000        0.00000000        0.00000000 
       -0.00000000       -0.00000000       -0.00000000       -0.00000000        0.00000000        0.00000000 
       -0.00000000       -0.00000000       -0.00000000       -0.00000000        0.00000000        0.00000000 
       -0.00000000       -0.00000000       -0.00000000       -0.00000000        0.00000000        0.00000000 
       -0.00000000       -0.00000000       -0.00000000       -0.00000000        0.00000000        0.00000000 
       -0.00000000       -0.00000000       -0.00000000       -0.00000000        0.00000000        0.00000000 
       -0.00000000       -0.00000000       -0.00000000       -0.00000000        0.00000000        0.00000000 
       -0.00000000       -0.00000000       -0.00000000       -0.00000000        0.00000000        0.00000000 
       -0.00000000       -0.00000000       -0.00000000       -0.00000000        0.00000000        0.00000000 
       -0.00000000       -0.00000000       -0.00000000       -0.00000001        0.00000000        0.00000000 
       -0.00000000       -0.00000000       -0.00000000       -0.00000001        0.00000001        0.00000000 
       -0.00000000       -0.00000000       -0.00000000       -0.00000001        0.00000001        0.00000000 
       -0.00000000       -0.00000000       -0.00000000       -0.00000001        0.00000001        0.00000000 
       -0.00000000       -0.00000000       -0.00000000       -0.00000001        0.00000001        0.00000000 
       -0.00000000       -0.00000000       -0.00000000       -0.00000002        0.00000001        0.00000001 
       -0.00000000       -0.00000000       -0.00000000       -0.00000002        0.00000002        0.00000001 
       -0.00000000       -0.00000000       -0.00000000       -0.00000003        0.00000002        0.00000001 
       -0.00000000       -0.00000000       -0.00000000       -0.00000003        0.00000003        0.00000001 
       -0.00000000       -0.00000000       -0.00000000       -0.00000004        0.00000003        0.00000002 
       -0.00000000       -0.00000000       -0.00000001       -0.00000005        0.00000004        0.00000002 
       -0.00000000       -0.00000000       -0.00000001       -0.00000007        0.00000005        0.00000002 
       -0.00000000       -0.00000000       -0.00000001       -0.00000008        0.00000006        0.00000003 
       -0.00000000       -0.00000000       -0.00000001       -0.00000010        0.00000008        0.00000004 
       -0.00000000       -0.00000000       -0.00000001       -0.00000013        0.00000010        0.00000005 
       -0.00000000       -0.00000001       -0.00000002       -0.00000015        0.00000012        0.00000006 
       -0.00000000       -0.00000001       -0.00000002       -0.00000019        0.00000015        0.00000007 
       -0.00000001       -0.00000001       -0.00000002       -0.00000024        0.00000019        0.00000009 
       -0.00000001       -0.00000001       -0.00000003       -0.00000029        0.00000023        0.00000011 
       -0.00000001       -0.00000001       -0.00000004       -0.00000036        0.00000028        0.00000014 
       -0.00000001       -0.00000002       -0.00000005       -0.00000044        0.00000035        0.00000017 
       -0.00000001       -0.00000002       -0.00000006       -0.00000054        0.00000042        0.00000021 
       -0.00000002       -0.00000003       -0.00000007       -0.00000066        0.00000052        0.00000026 
       -0.00000002       -0.00000004       -0.00000009       -0.00000080        0.00000063        0.00000031 
       -0.00000003       -0.00000004       -0.00000011       -0.00000098        0.00000077        0.00000039 
       -0.00000003       -0.00000005       -0.00000014       -0.00000119        0.00000094        0.00000047 
       -0.00000004       -0.00000007       -0.00000017       -0.00000145        0.00000115        0.00000058 
       -0.00000005       -0.00000008       -0.00000021       -0.00000176        0.00000140        0.00000070 
       -0.00000006       -0.00000010       -0.00000025       -0.00000214        0.00000169        0.00000086 
       -0.00000008       -0.00000012       -0.00000031       -0.00000259        0.00000205        0.00000104 
       -0.00000010       -0.00000015       -0.00000038       -0.00000313        0.00000248        0.00000127 
       -0.00000012       -0.00000018       -0.00000046       -0.00000377        0.00000300        0.00000154 
       -0.00000014       -0.00000023       -0.00000056       -0.00000455        0.00000361        0.00000186 
       -0.00000018       -0.00000027       -0.00000069       -0.00000547        0.00000435        0.00000225 
       -0.00000021       -0.00000033       -0.00000083       -0.00000658        0.00000523        0.00000272 
       -0.00000026       -0.00000041       -0.00000101       -0.00000789        0.00000628        0.00000328 
       -0.00000032       -0.00000049       -0.00000122       -0.00000945        0.00000753        0.00000394 
       -0.00000039       -0.00000060       -0.00000148       -0.00001130        0.00000901        0.00000474 
       -0.00000047       -0.00000073       -0.00000179       -0.00001350        0.00001077        0.00000569 
       -0.00000057       -0.00000088       -0.00000215       -0.00001609        0.00001286        0.00000682 
       -0.00000069       -0.00000106       -0.00000259       -0.00001916        0.00001532        0.00000816 
       -0.00000084       -0.00000128       -0.00000312       -0.00002278        0.00001823        0.00000976 
       -0.00000101       -0.00000154       -0.00000374       -0.00002703        0.00002165        0.00001164 
       -0.00000122       -0.00000185       -0.00000449       -0.00003204        0.00002568        0.00001387 
       -0.00000147       -0.00000222       -0.00000537       -0.00003791        0.00003042        0.00001651 
       -0.00000176       -0.00000267       -0.00000641       -0.00004479        0.00003598        0.00001961 
       -0.00000212       -0.00000319       -0.00000765       -0.00005284        0.00004248        0.00002326 
       -0.00000254       -0.00000382       -0.00000912       -0.00006224        0.00005009        0.00002755 
       -0.00000304       -0.00000455       -0.00001085       -0.00007320        0.00005898        0.00003258 
       -0.00000363       -0.00000543       -0.00001288       -0.00008596        0.00006933        0.00003848 
       -0.00000432       -0.00000645       -0.00001527       -0.00010078        0.00008136        0.00004535 
       -0.00000514       -0.00000765       -0.00001807       -0.00011798        0.00009534        0.00005337 
       -0.00000611       -0.00000908       -0.00002137       -0.00013791        0.00011158        0.00006275 
       -0.00000726       -0.00001076       -0.00002523       -0.00016096        0.00013038        0.00007367 
       -0.00000861       -0.00001273       -0.00002975       -0.00018758        0.00015213        0.00008635 
       -0.00001020       -0.00001504       -0.00003503       -0.00021827        0.00017725        0.00010107 
       -0.00001207       -0.00001775       -0.00004118       -0.00025359        0.00020620        0.00011813 
       -0.00001425       -0.00002091       -0.00004834       -0.00029418        0.00023952        0.00013786 
       -0.00001680       -0.00002459       -0.00005666       -0.00034074        0.00027782        0.00016065 
       -0.00001979       -0.00002888       -0.00006631       -0.00039407        0.00032176        0.00018693 
       -0.00002327       -0.00003388       -0.00007749       -0.00045504        0.00037209        0.00021719 
       -0.00002732       -0.00003967       -0.00009042       -0.00052465        0.00042965        0.00025197 
       -0.00003202       -0.00004640       -0.00010536       -0.00060399        0.00049538        0.00029189 
       -0.00003749       -0.00005418       -0.00012258       -0.00069426        0.00057031        0.00033764 
       -0.00004382       -0.00006318       -0.00014240       -0.00079681        0.00065560        0.00038998 
       -0.00005115       -0.00007356       -0.00016518       -0.00091310        0.00075254        0.00044978 
       -0.00005961       -0.00008553       -0.00019133       -0.00104477        0.00086252        0.00051798 
       -0.00006938       -0.00009930       -0.00022129       -0.00119360        0.00098711        0.00059564 
       -0.00008062       -0.00011513       -0.00025556       -0.00136155        0.00112802        0.00068394 
       -0.00009355       -0.00013327       -0.00029470       -0.00155077        0.00128714        0.00078418 
       -0.00010840       -0.00015406       -0.00033933       -0.00176358        0.00146653        0.00089779 
       -0.00012542       -0.00017783       -0.00039014       -0.00200254        0.00166845        0.00102636 
       -0.00014490       -0.00020497       -0.00044790       -0.00227040        0.00189537        0.00117161 
       -0.00016717       -0.00023592       -0.00051345       -0.00257016        0.00214997        0.00133546 
       -0.00019257       -0.00027115       -0.00058772       -0.00290506        0.00243517        0.00151999 
       -0.00022151       -0.00031118       -0.00067174       -0.00327858        0.00275413        0.00172749 
       -0.00025444       -0.00035661       -0.00076665       -0.00369448        0.00311029        0.00196044 
       -0.00029183       -0.00040808       -0.00087367       -0.00415679        0.00350733        0.00222156 
       -0.00033423       -0.00046632       -0.00099416       -0.00466980        0.00394923        0.00251379 
       -0.00038224       -0.00053209       -0.00112960       -0.00523812        0.00444028        0.00284030 
       -0.00043651       -0.00060628       -0.00128160       -0.00586663        0.00498505        0.00320454 
       -0.00049777       -0.00068981       -0.00145191       -0.00656053        0.00558844        0.00361022 
       -0.00056681       -0.00078373       -0.00164242       -0.00732529        0.00625568        0.00406134 
       -0.00064449       -0.00088915       -0.00185521       -0.00816672        0.00699233        0.00456219 
       -0.00073175       -0.00100731       -0.00209247       -0.00909090        0.00780429        0.00511735 
       -0.00082964       -0.00113954       -0.00235659       -0.01010420        0.00869779        0.00573172 
       -0.00093927       -0.00128728       -0.00265016       -0.01121331        0.00967942        0.00641054 
       -0.00106185       -0.00145211       -0.00297591       -0.01242515        0.01075613        0.00715936 
       -0.00119871       -0.00163569       -0.00333679       -0.01374693        0.01193517        0.00798406 
       -0.00135127       -0.00183986       -0.00373593       -0.01518609        0.01322417        0.00889087 
       -0.00152106       -0.00206655       -0.00417667       -0.01675029        0.01463106        0.00988636 
       -0.00170974       -0.00231787       -0.00466254       -0.01844738        0.01616410        0.01097742 
       -0.00191907       -0.00259605       -0.00519729       -0.02028539        0.01783183        0.01217129 
       -0.00215095       -0.00290350       -0.00578486       -0.02227246        0.01964312        0.01347554 
       -0.00240741       -0.00324272       -0.00642940       -0.02441681        0.02160704        0.01489805 
       -0.00269061       -0.00361643       -0.00713528       -0.02672672        0.02373291        0.01644702 
       -0.00300285       -0.00402749       -0.00790705       -0.02921044        0.02603029        0.01813092 
       -0.00334655       -0.00447893       -0.00874943       -0.03187620        0.02850883        0.01995851 
       -0.00372428       -0.00497391       -0.00966737       -0.03473208        0.03117837        0.02193880 
       -0.00413882       -0.00551575       -0.01066597       -0.03778599        0.03404879        0.02408099 
       -0.00459294       -0.00610798       -0.01175048       -0.04104561        0.03713000        0.02639450 
       -0.00508968       -0.00675424       -0.01292633       -0.04451826        0.04043191        0.02888889 
       -0.00563222       -0.00745831       -0.01419902       -0.04821090        0.04396430        0.03157385 
       -0.00622374       -0.00822421       -0.01557420       -0.05213001        0.04773688        0.03445909 
       -0.00686775       -0.00905594       -0.01705758       -0.05628156        0.05175904        0.03755438 
       -0.00756768       -0.00995779       -0.01865494       -0.06067081        0.05604000        0.04086944 
       -0.00832726       -0.01093401       -0.02037209       -0.06530235        0.06058852        0.04441389 
       -0.00915021       -0.01198913       -0.02221476       -0.07017998        0.06541301        0.04819717 
       -0.01004044       -0.01312752       -0.02418880       -0.07530659        0.07052130        0.05222858 
       -0.01100184       -0.01435390       -0.02629981       -0.08068408        0.07592060        0.05651702 
       -0.01203849       -0.01567289       -0.02855331       -0.08631331        0.08161756        0.06107106 
       -0.01315444       -0.01708901       -0.03095476       -0.09219412        0.08761790        0.06589891 
       -0.01435382       -0.01860719       -0.03350918       -0.09832484        0.09392669        0.07100805 
       -0.01564081       -0.02023184       -0.03622164       -0.10470284        0.10054781        0.07640561 
       -0.01701943       -0.02196775       -0.03909662       -0.11132397        0.10748427        0.08209783 
       -0.01849408       -0.02381928       -0.04213833       -0.11818266        0.11473808        0.08809026 
       -0.02006861       -0.02579093       -0.04535071       -0.12527183        0.12230977        0.09438759 
       -0.02174711       -0.02788697       -0.04873700       -0.13258311        0.13019875        0.10099358 
       -0.02353358       -0.03011141       -0.05230003       -0.14010629        0.13840336        0.10791090 
       -0.02543178       -0.03246818       -0.05604205       -0.14782974        0.14692011        0.11514125 
       -0.02744535       -0.03496079       -0.05996466       -0.15574011        0.15574428        0.12268491 
       -0.02957777       -0.03759276       -0.06406865       -0.16382262        0.16486946        0.13054121 
       -0.03183213       -0.04036707       -0.06835427       -0.17206082        0.17428797        0.13870788 
       -0.03421167       -0.04328605       -0.07282094       -0.18043655        0.18399042        0.14718132 
       -0.03671910       -0.04635200       -0.07746716       -0.18893014        0.19396532        0.15595672 
       -0.03935641       -0.04956704       -0.08229035       -0.19752091        0.20420040        0.16502731 
       -0.04212615       -0.05293175       -0.08728752       -0.20618622        0.21468115        0.17438510 
       -0.04502951       -0.05644760       -0.09245415       -0.21490186        0.22539139        0.18402047 
       -0.04806803       -0.06011390       -0.09778532       -0.22364314        0.23631337        0.19392207 
       -0.05124240       -0.06393080       -0.10327439       -0.23238365        0.24742827        0.20407696 
       -0.05455280       -0.06789685       -0.10891435       -0.24109614        0.25871462        0.21447064 
       -0.05799915       -0.07201023       -0.11469669       -0.24975246        0.27015054        0.22508682 
       -0.06158073       -0.07626844       -0.12061191       -0.25832355        0.28171176        0.23590767 
       -0.06529588       -0.08066852       -0.12664941       -0.26678035        0.29337299        0.24691394 
       -0.06914285       -0.08520600       -0.13279802       -0.27509218        0.30510825        0.25808445 
       -0.07311928       -0.08987623       -0.13904487       -0.28322908        0.31688887        0.26939693 
       -0.07722136       -0.09467389       -0.14537658       -0.29116088        0.32868668        0.28082722 
       -0.08144611       -0.09959202       -0.15177804       -0.29885760        0.34047195        0.29234999 
       -0.08578797       -0.10462385       -0.15823457       -0.30628896        0.35221389        0.30393893 
       -0.09024254       -0.10976141       -0.16472870       -0.31342620        0.36388054        0.31556624 
       -0.09480348       -0.11499580       -0.17124383       -0.32024008        0.37544116        0.32720280 
       -0.09946412       -0.12031722       -0.17776246       -0.32670334        0.38686243        0.33881932 
       -0.10421798       -0.12571496       -0.18426514       -0.33278900        0.39811265        0.35038489 
       -0.10905636       -0.13117854       -0.19073313       -0.33847183        0.40915865        0.36186856 
       -0.11397063       -0.13669562       -0.19714688       -0.34372783        0.41996798        0.37323827 
       -0.11895219       -0.14225370       -0.20348518       -0.34853587        0.43050855        0.38446218 
       -0.12399035       -0.14784010       -0.20972845       -0.35287440        0.44074893        0.39550784 
       -0.12907533       -0.15344083       -0.21585557       -0.35672557        0.45065701        0.40634286 
       -0.13419579       -0.15904078       -0.22184661       -0.36007327        0.46020412        0.41693503 
       -0.13934012       -0.16462593       -0.22768027       -0.36290303        0.46935958        0.42725262 
       -0.14449713       -0.17018005       -0.23333624       -0.36520344        0.47809523        0.43726382 
       -0.14965297       -0.17568868       -0.23879460       -0.36696574        0.48638469        0.44693828 
       -0.15479597       -0.18113455       -0.24403483       -0.36818355        0.49420151        0.45624596 
       -0.15991199       -0.18650267       -0.24903829       -0.36885235        0.50152302        0.46515763 
       -0.16498831       -0.19177705       -0.25378540       -0.36897027        0.50832647        0.47364530 
       -0.17001031       -0.19694006       -0.25825989       -0.36853975        0.51459098        0.48168308 
       -0.17496566       -0.20197539       -0.26244351       -0.36756408        0.52029812        0.48924550 
       -0.17983867       -0.20686795       -0.26632026       -0.36605105        0.52543235        0.49630988 
       -0.18461682       -0.21160111       -0.26987606       -0.36400706        0.52997935        0.50285256 
       -0.18928456       -0.21615951       -0.27309677       -0.36144662        0.53392512        0.50885653 
       -0.19382907       -0.22052759       -0.27597025       -0.35838264        0.53726166        0.51430166 
       -0.19823600       -0.22469121       -0.27848464       -0.35483128        0.53998047        0.51917309 
       -0.20249285       -0.22863500       -0.28063184       -0.35081109        0.54207683        0.52345723 
       -0.20658588       -0.23234546       -0.28240252       -0.34634334        0.54354662        0.52714229 
       -0.21050140       -0.23581134       -0.28379038       -0.34145039        0.54439127        0.53021860 
       -0.21422774       -0.23901865       -0.28479129       -0.33615613        0.54461008        0.53267998 
       -0.21775351       -0.24195641       -0.28540155       -0.33048680        0.54420799        0.53452140 
       -0.22106686       -0.24461520       -0.28561929       -0.32446969        0.54319113        0.53574103 
       -0.22415739       -0.24698463       -0.28544480       -0.31813222        0.54156750        0.53633803 
       -0.22701387       -0.24905735       -0.28488007       -0.31150562        0.53934699        0.53631568 
       -0.22962853       -0.25082463       -0.28392896       -0.30461818        0.53654206        0.53567815 
       -0.23199293       -0.25228202       -0.28259414       -0.29750136        0.53316629        0.53443193 
       -0.23409909       -0.25342232       -0.28088459       -0.29018638        0.52923691        0.53258586 
       -0.23593959       -0.25424394       -0.27880690       -0.28270459        0.52477044        0.53015095 
       -0.23750702       -0.25474474       -0.27637145       -0.27508622        0.51978540        0.52714074 
       -0.23879953       -0.25492048       -0.27358958       -0.26736096        0.51430315        0.52356958 
       -0.23980932       -0.25477400       -0.27047300       -0.25956297        0.50834596        0.51945359 
       -0.24053693       -0.25430343       -0.26703453       -0.25171843        0.50193501        0.51481122 
       -0.24097769       -0.25351280       -0.26329023       -0.24385729        0.49509475        0.50966203 
       -0.24113187       -0.25240597       -0.25925153       -0.23600964        0.48785013        0.50402731 
       -0.24099721       -0.25098512       -0.25494155       -0.22819872        0.48022673        0.49792892 
       -0.24057548       -0.24925880       -0.25037241       -0.22045296        0.47224885        0.49139145 
       -0.23986746       -0.24723184       -0.24556467       -0.21279585        0.46394536        0.48443726 
       -0.23887733       -0.24491158       -0.24053538       -0.20524907        0.45534092        0.47709209 
       -0.23760703       -0.24230860       -0.23530412       -0.19783460        0.44646275        0.46938223 
       -0.23606028       -0.23943093       -0.22989115       -0.19057326        0.43733633        0.46133393 
       -0.23424385       -0.23628978       -0.22431459       -0.18348095        0.42799163        0.45297244 
       -0.23216271       -0.23289444       -0.21859555       -0.17657468        0.41845068        0.44432598 
       -0.22982468       -0.22925782       -0.21275413       -0.16986766        0.40874118        0.43542191 
       -0.22723481       -0.22539480       -0.20680697       -0.16337553        0.39889055        0.42628413 
       -0.22440445       -0.22131370       -0.20077686       -0.15710618        0.38892120        0.41694173 
       -0.22134060       -0.21703215       -0.19467987       -0.15106808        0.37885830        0.40742123 
       -0.21805194       -0.21256256       -0.18853539       -0.14527275        0.36872557        0.39774647 
       -0.21454941       -0.20791879       -0.18236333       -0.13972177        0.35854584        0.38794392 
       -0.21084103       -0.20311835       -0.17617834       -0.13442162        0.34833798        0.37803999 
       -0.20694402       -0.19816752       -0.16999874       -0.12937504        0.33812702        0.36805627 
       -0.20286344       -0.19308968       -0.16384083       -0.12457860        0.32793245        0.35801589 
       -0.19861223       -0.18789582       -0.15772013       -0.12003683        0.31777009        0.34794375 
       -0.19420139       -0.18260241       -0.15164995       -0.11574627        0.30765957        0.33785897 
       -0.18964593       -0.17722134       -0.14564358       -0.11170277        0.29761729        0.32778335 
       -0.18495384       -0.17177038       -0.13971528       -0.10790337        0.28766024        0.31773484 
       -0.18014129       -0.16625841       -0.13387688       -0.10434172        0.27780223        0.30773318 
       -0.17521700       -0.16070530       -0.12813567       -0.10101436        0.26805621        0.29779455 
       -0.17019723       -0.15511873       -0.12250440       -0.09791181        0.25843549        0.28793567 
       -0.16509116       -0.14951508       -0.11699192       -0.09502654        0.24895005        0.27817261 
       -0.15990971       -0.14390726       -0.11160553       -0.09235010        0.23961118        0.26851729 
       -0.15466677       -0.13830605       -0.10635113       -0.08987449        0.23042566        0.25898477 
       -0.14937423       -0.13272280       -0.10123607       -0.08758949        0.22140534        0.24958521 
       -0.14404319       -0.12716925       -0.09626305       -0.08548607        0.21255620        0.24032852 
       -0.13868564       -0.12165384       -0.09143706       -0.08355431        0.20388418        0.23122634 
       -0.13331038       -0.11618800       -0.08676404       -0.08178234        0.19539312        0.22228649 
       -0.12792881       -0.11078226       -0.08224297       -0.08016016        0.18709090        0.21351489 
       -0.12255324       -0.10543972       -0.07787713       -0.07868031        0.17897829        0.20491980 
       -0.11718927       -0.10017589       -0.07366648       -0.07732928        0.17106040        0.19650504 
       -0.11185096       -0.09499158       -0.06961050       -0.07609988        0.16333595        0.18827800 
       -0.10654221       -0.08989713       -0.06571276       -0.07497888        0.15580812        0.18024124 
       -0.10127598       -0.08489691       -0.06196572       -0.07395837        0.14847946        0.17239612 
       -0.09605811       -0.07999519       -0.05837282       -0.07303017        0.14135069        0.16474575 
       -0.09089606       -0.07520014       -0.05493034       -0.07218170        0.13441804        0.15729296 
       -0.08579798       -0.07051282       -0.05163451       -0.07140829        0.12768142        0.15003708 
       -0.08077045       -0.06593797       -0.04848219       -0.07070057        0.12113976        0.14297974 
       -0.07581781       -0.06147819       -0.04547301       -0.07004750        0.11479158        0.13611963 
       -0.07094786       -0.05713599       -0.04260007       -0.06944451        0.10863750        0.12945512 
       -0.06616613       -0.05291355       -0.03985970       -0.06888366        0.10267137        0.12298558 
       -0.06147365       -0.04881274       -0.03725055       -0.06835815        0.09688987        0.11671051 
       -0.05687916       -0.04483486       -0.03476366       -0.06786077        0.09129487        0.11062381 
       -0.05238049       -0.04098249       -0.03239864       -0.06738704        0.08587526        0.10472891 
       -0.04798765       -0.03724847       -0.03015088       -0.06693228        0.08063558        0.09901713 
       -0.04370160       -0.03363913       -0.02801083       -0.06649047        0.07556684        0.09348885 
       -0.03952236       -0.03015179       -0.02598031       -0.06605595        0.07066776        0.08813863 
       -0.03545593       -0.02678302       -0.02405111       -0.06562698        0.06593374        0.08296432 
       -0.03149798       -0.02354089       -0.02221578       -0.06519982        0.06135932        0.07796241 
       -0.02765569       -0.02041407       -0.02047445       -0.06476782        0.05694225        0.07312796 
       -0.02392611       -0.01740679       -0.01882069       -0.06433281        0.05267981        0.06845602 
       -0.02031338       -0.01451178       -0.01725057       -0.06388950        0.04856212        0.06394521 
       -0.01681353       -0.01173459       -0.01575652       -0.06343722        0.04459172        0.05958848 
       -0.01343110       -0.00906484       -0.01434015       -0.06297123        0.04076192        0.05538349 
       -0.01016328       -0.00650406       -0.01299224       -0.06249407        0.03706604        0.05132547 
       -0.00700761       -0.00405230       -0.01171056       -0.06200042        0.03350274        0.04741111 
       -0.00396681       -0.00170229       -0.01049207       -0.06149300        0.03006653        0.04363506 
       -0.00104148        0.00054922       -0.00933146       -0.06096826        0.02675697        0.03999190 
        0.00177667        0.00269853       -0.00822641       -0.06042504        0.02356485        0.03647956 
        0.00448348        0.00475368       -0.00717238       -0.05986815        0.02049096        0.03309251 
        0.00708292        0.00671604       -0.00616754       -0.05929230        0.01752703        0.02982873 
        0.00957372        0.00859039       -0.00520758       -0.05869950        0.01467200        0.02668281 
        0.01196223        0.01037656       -0.00429042       -0.05809000        0.01192315        0.02365036 
        0.01424893        0.01207842       -0.00341452       -0.05746185        0.00927483        0.02072904 
        0.01643405        0.01369959       -0.00257460       -0.05681826        0.00672671        0.01791266 
        0.01852157        0.01524218       -0.00177010       -0.05615669        0.00427049        0.01520035 
        0.02051209        0.01671055       -0.00099810       -0.05548038        0.00190565        0.01258694 
        0.02241016        0.01810628       -0.00025687       -0.05479239       -0.00037268        0.01007132 
        0.02421957        0.01942961        0.00045544       -0.05408771       -0.00256254        0.00764488 
        0.02593870        0.02068733        0.00114079       -0.05336843       -0.00467210        0.00530934 
        0.02757176        0.02188056        0.00180131       -0.05263719       -0.00670281        0.00305969 
        0.02912097        0.02301234        0.00243754       -0.05189435       -0.00865729        0.00089425 
        0.03059124        0.02408491        0.00305121       -0.05114138       -0.01053759       -0.00119312 
        0.03198306        0.02509857        0.00364394       -0.05037783       -0.01234815       -0.00320175 
        0.03329963        0.02605685        0.00421907       -0.04960552       -0.01408839       -0.00513831 
        0.03454147        0.02696555        0.00477317       -0.04882386       -0.01576534       -0.00700030 
        0.03571563        0.02781916        0.00531307       -0.04803614       -0.01737581       -0.00879523 
        0.03682075        0.02862714        0.00583401       -0.04724088       -0.01892422       -0.01052359 
        0.03785859        0.02939063        0.00633951       -0.04643954       -0.02041650       -0.01218711 
        0.03883642        0.03010644        0.00683101       -0.04563199       -0.02185099       -0.01378910 
        0.03975093        0.03078408        0.00730683       -0.04482245       -0.02323242       -0.01533045 
        0.04060921        0.03141875        0.00777009       -0.04400888       -0.02455804       -0.01681562 
        0.04141141        0.03201450        0.00822043       -0.04319149       -0.02583480       -0.01824483 
        0.04215785        0.03257615        0.00865893       -0.04237354       -0.02706023       -0.01962127 
        0.04285495        0.03310025        0.00908583       -0.04155500       -0.02823839       -0.02094620 
        0.04350179        0.03359220        0.00950161       -0.04073663       -0.02937244       -0.02222094 
        0.04410137        0.03405179        0.00990518       -0.03991531       -0.03046122       -0.02344865 
        0.04465596        0.03448068        0.01029918       -0.03909679       -0.03150770       -0.02463008 
        0.04516786        0.03488006        0.01068299       -0.03827883       -0.03251226       -0.02576831 
        0.04563851        0.03525100        0.01105777       -0.03746390       -0.03347881       -0.02686137 
        0.04606854        0.03559832        0.01142140       -0.03665069       -0.03440684       -0.02791482 
        0.04646184        0.03591800        0.01177601       -0.03584059       -0.03529803       -0.02892829 
        0.04681809        0.03621440        0.01212371       -0.03503449       -0.03615385       -0.02990398 
        0.04714367        0.03648518        0.01246069       -0.03423192       -0.03697444       -0.03084195 
        0.04743323        0.03673765        0.01279072       -0.03343517       -0.03776622       -0.03174314 
        0.04769380        0.03696698        0.01311137       -0.03264065       -0.03852028       -0.03261290 
        0.04792380        0.03717731        0.01342320       -0.03185183       -0.03924696       -0.03344710 
        0.04812681        0.03736741        0.01372907       -0.03107016       -0.03994261       -0.03425014 
        0.04830144        0.03754028        0.01402848       -0.03029446       -0.04061025       -0.03502274 
        0.04845209        0.03769631        0.01431831       -0.02952443       -0.04125112       -0.03576514 
        0.04857690        0.03783762        0.01459924       -0.02875975       -0.04186444       -0.03647831 
        0.04868127        0.03796046        0.01487453       -0.02800325       -0.04245089       -0.03716442 
        0.04876323        0.03806854        0.01514297       -0.02725284       -0.04301648       -0.03782208 
        0.04882447        0.03816337        0.01540487       -0.02651039       -0.04355422       -0.03845610 
        0.04886580        0.03824515        0.01565882       -0.02577361       -0.04407108       -0.03906333 
        0.04888855        0.03831376        0.01590693       -0.02504528       -0.04456583       -0.03964692 
        0.04889553        0.03836923        0.01614743       -0.02432457       -0.04503697       -0.04020722 
        0.04888404        0.03841459        0.01638259       -0.02361311       -0.04548696       -0.04074635 
        0.04885873        0.03844757        0.01661015       -0.02290760       -0.04591765       -0.04126287 
        0.04881794        0.03847121        0.01683144       -0.02221118       -0.04632954       -0.04175656 
        0.04876298        0.03848333        0.01704852       -0.02152364       -0.04672210       -0.04223168 
        0.04869393        0.03848888        0.01725779       -0.02084404       -0.04709727       -0.04268570 
        0.04861356        0.03848422        0.01746089       -0.02017270       -0.04745440       -0.04312205 
        0.04852107        0.03846977        0.01765962       -0.01951031       -0.04779445       -0.04353856 
        0.04841911        0.03844745        0.01785164       -0.01885675       -0.04811737       -0.04393880 
        0.04830539        0.03841775        0.01803761       -0.01821055       -0.04842478       -0.04432140 
        0.04818138        0.03838231        0.01821776       -0.01757444       -0.04871595       -0.04468749 
        0.04805018        0.03833674        0.01839349       -0.01694605       -0.04899307       -0.04503675 
        0.04790936        0.03828629        0.01856318       -0.01632728       -0.04925637       -0.04537021 
        0.04776216        0.03822772        0.01872682       -0.01571558       -0.04950514       -0.04568867 
        0.04760474        0.03816571        0.01888733       -0.01511471       -0.04974164       -0.04599173 
        0.04744168        0.03809772        0.01904023       -0.01452157       -0.04996268       -0.04628229 
        0.04727140        0.03802366        0.01918947       -0.01393786       -0.05017209       -0.04655841 
        0.04709480        0.03794446        0.01933426       -0.01336254       -0.05036893       -0.04682101 
        0.04691162        0.03786241        0.01947296       -0.01279609       -0.05055466       -0.04707006 
        0.04672403        0.03777349        0.01960798       -0.01223741       -0.05072740       -0.04730691 
        0.04653245        0.03768042        0.01973674       -0.01168811       -0.05089195       -0.04753168 
        0.04633620        0.03758200        0.01986347       -0.01114862       -0.05104265       -0.04774457 
        0.04613407        0.03748266        0.01998310       -0.01061623       -0.05118325       -0.04794717 
        0.04593060        0.03737523        0.02009965       -0.01009326       -0.05131476       -0.04813665 
        0.04571996        0.03726986        0.02021084       -0.00957859       -0.05143510       -0.04831693 
        0.04550711        0.03715925        0.02031732       -0.00907269       -0.05154824       -0.04848543 
        0.04529113        0.03704539        0.02042012       -0.00857496       -0.05164966       -0.04864544 
        0.04507332        0.03692747        0.02051922       -0.00808474       -0.05174306       -0.04879372 
        0.04485321        0.03680693        0.02061316       -0.00760426       -0.05182804       -0.04893304 
        0.04462820        0.03668622        0.02070329       -0.00713107       -0.05190369       -0.04906338 
        0.04440256        0.03656001        0.02079090       -0.00666708       -0.05197266       -0.04918446 
        0.04417524        0.03643216        0.02087408       -0.00621024       -0.05203301       -0.04929645 
        0.04394656        0.03630200        0.02095269       -0.00576146       -0.05208437       -0.04940045 
        0.04371504        0.03617023        0.02102874       -0.00532149       -0.05212946       -0.04949591 
        0.04348182        0.03603836        0.02109947       -0.00488883       -0.05216551       -0.04958402 
        0.04324917        0.03590157        0.02116761       -0.00446405       -0.05219744       -0.04966287 
        0.04301431        0.03576431        0.02123173       -0.00404638       -0.05222072       -0.04973619 
        0.04277837        0.03562556        0.02129339       -0.00363685       -0.05223724       -0.04980044 
        0.04254228        0.03548505        0.02135040       -0.00323483       -0.05224855       -0.04985780 
        0.04230474        0.03534301        0.02140514       -0.00284116       -0.05225238       -0.04990785 
        0.04206793        0.03519886        0.02145650       -0.00245464       -0.05225019       -0.04995245 
        0.04182921        0.03505567        0.02150358       -0.00207503       -0.05224143       -0.04998998 
        0.04159065        0.03491024        0.02154827       -0.00170227       -0.05222835       -0.05002026 
        0.04135145        0.03476422        0.02158987       -0.00133812       -0.05220850       -0.05004476 
        0.04111284        0.03461625        0.02162854       -0.00098021       -0.05218273       -0.05006340 
        0.04087293        0.03446882        0.02166358       -0.00062829       -0.05215347       -0.05007562 
        0.04063409        0.03432019        0.02169611       -0.00028484       -0.05211869       -0.05008219 
        0.04039504        0.03417046        0.02172614        0.00005194       -0.05207804       -0.05008331 
        0.04015568        0.03402128        0.02175250        0.00038242       -0.05203313       -0.05007821 
        0.03991785        0.03386882        0.02177818        0.00070614       -0.05198349       -0.05006959 
        0.03967961        0.03371759        0.02179888        0.00102296       -0.05192924       -0.05005386 
        0.03944230        0.03356532        0.02181790        0.00133427       -0.05187009       -0.05003458 
        0.03920569        0.03341226        0.02183436        0.00163777       -0.05180693       -0.05000946 
        0.03896951        0.03325865        0.02184778        0.00193543       -0.05174024       -0.04997931 
        0.03873402        0.03310520        0.02185904        0.00222733       -0.05166818       -0.04994561 
        0.03849851        0.03295134        0.02186754        0.00251275       -0.05159329       -0.04990639 
        0.03826332        0.03279798        0.02187381        0.00279345       -0.05151413       -0.04986341 
        0.03803024        0.03264288        0.02187790        0.00306565       -0.05143099       -0.04981592 
        0.03779711        0.03248879        0.02187932        0.00333323       -0.05134428       -0.04976401 
        0.03756460        0.03233418        0.02187882        0.00359499       -0.05125284       -0.04970942 
        0.03733308        0.03217980        0.02187628        0.00385068       -0.05115929       -0.04964933 
        0.03710259        0.03202522        0.02187085        0.00410075       -0.05106233       -0.04958554 
        0.03687331        0.03187026        0.02186394        0.00434504       -0.05096272       -0.04951823 
        0.03664373        0.03171686        0.02185434        0.00458358       -0.05085845       -0.04944770 
        0.03641650        0.03156043        0.02184427        0.00481741       -0.05075175       -0.04937342 
        0.03618962        0.03140568        0.02183130        0.00504552       -0.05064219       -0.04929523 
        0.03596453        0.03125048        0.02181625        0.00526842       -0.05052915       -0.04921389 
        0.03573962        0.03109553        0.02179971        0.00548596       -0.05041452       -0.04912938 
        0.03551673        0.03093994        0.02178118        0.00569931       -0.05029587       -0.04904214 
        0.03529354        0.03078603        0.02176155        0.00590523       -0.05017535       -0.04895054 
        0.03507185        0.03063241        0.02173837        0.00610927       -0.05005211       -0.04885635 
        0.03485176        0.03047755        0.02171469        0.00630654       -0.04992576       -0.04875998 
        0.03463289        0.03032336        0.02168885        0.00649969       -0.04979795       -0.04865961 
        0.03441449        0.03016880        0.02166264        0.00668786       -0.04966766       -0.04855710 
        0.03419725        0.03001591        0.02163310        0.00687132       -0.04953393       -0.04845233 
        0.03398201        0.02986131        0.02160335        0.00705000       -0.04939829       -0.04834481 
        0.03376628        0.02970928        0.02157094        0.00722482       -0.04926157       -0.04823339 
        0.03355346        0.02955560        0.02153740        0.00739484       -0.04912165       -0.04812096 
        0.03334084        0.02940280        0.02150277        0.00756107       -0.04898018       -0.04800496 
        0.03312917        0.02925076        0.02146652        0.00772135       -0.04883601       -0.04788798 
        0.03291915        0.02909827        0.02142897        0.00787945       -0.04869115       -0.04776675 
        0.03271065        0.02894598        0.02138993        0.00803235       -0.04854363       -0.04764500 
        0.03250320        0.02879442        0.02134922        0.00818102       -0.04839441       -0.04752080 
        0.03229609        0.02864369        0.02130711        0.00832612       -0.04824388       -0.04739361 
        0.03209045        0.02849265        0.02126515        0.00846601       -0.04809092       -0.04726455 
        0.03188642        0.02834225        0.02122051        0.00860368       -0.04793653       -0.04713383 
        0.03168434        0.02819112        0.02117497        0.00873725       -0.04778013       -0.04700124 
        0.03148199        0.02804135        0.02112881        0.00886639       -0.04762286       -0.04686686 
        0.03128088        0.02789282        0.02108034        0.00899278       -0.04746409       -0.04673038 
        0.03108113        0.02774364        0.02103175        0.00911482       -0.04730290       -0.04659207 
        0.03088324        0.02759485        0.02098173        0.00923296       -0.04714167       -0.04645181 
        0.03068551        0.02744697        0.02093080        0.00934845       -0.04697839       -0.04631010 
        0.03048908        0.02729964        0.02087868        0.00945959       -0.04681326       -0.04616665 
        0.03029462        0.02715152        0.02082564        0.00956845       -0.04664826       -0.04602152 
        0.03010137        0.02700407        0.02077158        0.00967291       -0.04648186       -0.04587477 
        0.02990798        0.02685855        0.02071641        0.00977410       -0.04631287       -0.04572703 
        0.02971667        0.02671219        0.02066020        0.00987305       -0.04614407       -0.04557765 
        0.02952647        0.02656654        0.02060312        0.00996814       -0.04597300       -0.04542726 
        0.02933664        0.02642208        0.02054485        0.01006100       -0.04580214       -0.04527454 
        0.02914872        0.02627694        0.02048706        0.01014917       -0.04563002       -0.04512048 
        0.02896239        0.02613212        0.02042688        0.01023621       -0.04545568       -0.04496641 
        0.02877660        0.02598836        0.02036662        0.01031909       -0.04528179       -0.04480942 
        0.02859171        0.02584504        0.02030550        0.01039902       -0.04510655       -0.04465230 
        0.02840771        0.02570246        0.02024334        0.01047751       -0.04493025       -0.04449427 
        0.02822540        0.02556011        0.02018039        0.01055153       -0.04475269       -0.04433465 
        0.02804357        0.02541841        0.02011697        0.01062377       -0.04457528       -0.04417378 
        0.02786357        0.02527691        0.02005267        0.01069315       -0.04439578       -0.04401252 
        0.02768436        0.02513529        0.01998822        0.01075988       -0.04421745       -0.04384919 
        0.02750622        0.02499482        0.01992257        0.01082414       -0.04403660       -0.04368564 
        0.02732936        0.02485474        0.01985628        0.01088507       -0.04385494       -0.04352161 
        0.02715292        0.02471558        0.01978943        0.01094453       -0.04367442       -0.04335550 
        0.02697775        0.02457689        0.01972150        0.01100153       -0.04349232       -0.04318898 
        0.02680382        0.02443818        0.01965371        0.01105545       -0.04331048       -0.04302157 
        0.02663122        0.02429983        0.01958515        0.01110733       -0.04312728       -0.04285328 
        0.02645845        0.02416343        0.01951563        0.01115734       -0.04294297       -0.04268485 
        0.02628779        0.02402568        0.01944648        0.01120425       -0.04275871       -0.04251506 
        0.02611831        0.02388908        0.01937566        0.01124924       -0.04257443       -0.04234427 
        0.02594929        0.02375301        0.01930535        0.01129247       -0.04238907       -0.04217336 
        0.02578145        0.02361761        0.01923399        0.01133329       -0.04220346       -0.04200178 
        0.02561471        0.02348270        0.01916175        0.01137228       -0.04201730       -0.04182978 
        0.02544906        0.02334772        0.01908996        0.01140924       -0.04183074       -0.04165690 
        0.02528422        0.02321408        0.01901684        0.01144341       -0.04164481       -0.04148319 
        0.02512001        0.02308085        0.01894408        0.01147604       -0.04145776       -0.04130910 
        0.02495775        0.02294677        0.01887121        0.01150713       -0.04127014       -0.04113455 
        0.02479579        0.02281468        0.01879697        0.01153610       -0.04108255       -0.04095945 
        0.02463437        0.02268344        0.01872212        0.01156346       -0.04089443       -0.04078420 
        0.02447471        0.02255101        0.01864797        0.01158880       -0.04070672       -0.04060806 
        0.02431563        0.02242005        0.01857333        0.01161165       -0.04051895       -0.04043144 
        0.02415779        0.02228987        0.01849752        0.01163342       -0.04033001       -0.04025494 
        0.02399991        0.02216073        0.01842168        0.01165364       -0.04014169       -0.04007753 
        0.02384407        0.02203095        0.01834600        0.01167165       -0.03995354       -0.03989989 
        0.02368894        0.02190173        0.01827000        0.01168799       -0.03976342       -0.03972269 
        0.02353460        0.02177292        0.01819381        0.01170337       -0.03957491       -0.03954406 
        0.02338104        0.02164530        0.01811714        0.01171630       -0.03938581       -0.03936590 
        0.02322813        0.02151837        0.01804003        0.01172832       -0.03919699       -0.03918725 
        0.02307648        0.02139109        0.01796335        0.01173843       -0.03900814       -0.03900797 
        0.02292604        0.02126495        0.01788504        0.01174788       -0.03881867       -0.03882891 
        0.02277610        0.02113919        0.01780713        0.01175550       -0.03862958       -0.03864957 
        0.02262722        0.02101342        0.01773005        0.01176141       -0.03844025       -0.03847016 
        0.02247890        0.02088903        0.01765177        0.01176556       -0.03825076       -0.03829069 
        0.02233162        0.02076506        0.01757312        0.01176938       -0.03806219       -0.03811070 
        0.02218514        0.02064117        0.01749452        0.01177144       -0.03787298       -0.03793068 
        0.02204044        0.02051684        0.01741680        0.01177160       -0.03768399       -0.03775065 
        0.02189527        0.02039466        0.01733779        0.01177092       -0.03749501       -0.03757051 
        0.02175113        0.02027312        0.01725843        0.01176938       -0.03730640       -0.03739028 
        0.02160833        0.02015111        0.01717980        0.01176580       -0.03711754       -0.03721014 
        0.02146676        0.02002944        0.01710041        0.01176159       -0.03692921       -0.03702976 
        0.02132523        0.01990915        0.01702106        0.01175625       -0.03674091       -0.03684971 
        0.02118475        0.01978928        0.01694148        0.01174923       -0.03655265       -0.03666946 
        0.02104470        0.01966986        0.01686215        0.01174162       -0.03636486       -0.03648895 
        0.02090635        0.01955029        0.01678291        0.01173257       -0.03617761       -0.03630868 
        0.02076849        0.01943162        0.01670290        0.01172318       -0.03598915       -0.03612885 
        0.02063151        0.01931312        0.01662340        0.01171222       -0.03580157       -0.03594904 
        0.02049481        0.01919584        0.01654378        0.01169999       -0.03561471       -0.03576867 
        0.02035921        0.01907893        0.01646405        0.01168722       -0.03542815       -0.03558861 
        0.02022444        0.01896229        0.01638422        0.01167345       -0.03524166       -0.03540885 
        0.02009080        0.01884619        0.01630415        0.01165823       -0.03505502       -0.03522910 
        0.01995715        0.01873081        0.01622480        0.01164211       -0.03486841       -0.03505000 
        0.01982492        0.01861550        0.01614491        0.01162568       -0.03468305       -0.03487068 
        0.01969311        0.01850137        0.01606490        0.01160814       -0.03449798       -0.03469134 
        0.01956257        0.01838703        0.01598491        0.01158970       -0.03431241       -0.03451218 
        0.01943224        0.01827335        0.01590575        0.01156997       -0.03412833       -0.03433319 
        0.01930240        0.01816124        0.01582567        0.01154973       -0.03394350       -0.03415480 
        0.01917364        0.01804864        0.01574614        0.01152881       -0.03375896       -0.03397666 
        0.01904652        0.01793611        0.01566621        0.01150701       -0.03357551       -0.03379846 
        0.01891930        0.01782502        0.01558644        0.01148411       -0.03339201       -0.03362026 
        0.01879282        0.01771427        0.01550691        0.01146094       -0.03320893       -0.03344280 
        0.01866742        0.01760336        0.01542748        0.01143680       -0.03302616       -0.03326538 
        0.01854242        0.01749392        0.01534754        0.01141217       -0.03284441       -0.03308808 
        0.01841838        0.01738423        0.01526852        0.01138663       -0.03266212       -0.03291136 
        0.01829476        0.01727564        0.01518900        0.01136057       -0.03248060       -0.03273501 
        0.01817210        0.01716712        0.01510983        0.01133363       -0.03229996       -0.03255858 
        0.01805012        0.01705915        0.01503067        0.01130649       -0.03211964       -0.03238254 
        0.01792864        0.01695213        0.01495137        0.01127847       -0.03193960       -0.03220701 
        0.01780828        0.01684538        0.01487213        0.01124961       -0.03175940       -0.03203216 
        0.01768814        0.01673941        0.01479308        0.01122039       -0.03158018       -0.03185710 
        0.01756925        0.01663324        0.01471445        0.01119041       -0.03140232       -0.03168219 
        0.01745116        0.01652758        0.01463565        0.01116034       -0.03122372       -0.03150833 
        0.01733267        0.01642353        0.01455709        0.01112900       -0.03104598       -0.03133437 
        0.01721568        0.01631909        0.01447871        0.01109768       -0.03086913       -0.03116092 
        0.01709932        0.01621503        0.01440056        0.01106579       -0.03069180       -0.03098814 
        0.01698389        0.01611158        0.01432246        0.01103273       -0.03051569       -0.03081550 
        0.01686903        0.01600853        0.01424434        0.01100032       -0.03033992       -0.03064329 
        0.01675485        0.01590591        0.01416666        0.01096650       -0.03016489       -0.03047140 
        0.01664117        0.01580458        0.01408849        0.01093265       -0.02998998       -0.03030013 
        0.01652816        0.01570320        0.01401089        0.01089840       -0.02981574       -0.03012917 
        0.01641553        0.01560271        0.01393342        0.01086335       -0.02964205       -0.02995883 
        0.01630406        0.01550208        0.01385646        0.01082781       -0.02946902       -0.02978890 
        0.01619312        0.01540245        0.01377898        0.01079265       -0.02929648       -0.02961925 
        0.01608268        0.01530320        0.01370209        0.01075630       -0.02912477       -0.02944990 
        0.01597307        0.01520415        0.01362544        0.01072005       -0.02895316       -0.02928143 
        0.01586386        0.01510610        0.01354895        0.01068315       -0.02878244       -0.02911321 
        0.01575606        0.01500767        0.01347227        0.01064614       -0.02861206       -0.02894553 
        0.01564801        0.01491076        0.01339601        0.01060857       -0.02844221       -0.02877856 
        0.01554088        0.01481385        0.01332015        0.01057047       -0.02827317       -0.02861186 
        0.01543418        0.01471768        0.01324443        0.01053242       -0.02810461       -0.02844553 
        0.01532868        0.01462119        0.01316905        0.01049405       -0.02793678       -0.02827965 
        0.01522344        0.01452597        0.01309344        0.01045545       -0.02776923       -0.02811474 
        0.01511877        0.01443105        0.01301854        0.01041584       -0.02760248       -0.02795002 
        0.01501481        0.01433674        0.01294335        0.01037663       -0.02743630       -0.02778585 
        0.01491187        0.01424236        0.01286858        0.01033692       -0.02727086       -0.02762223 
        0.01480892        0.01414916        0.01279422        0.01029700       -0.02710549       -0.02745940 
        0.01470678        0.01405613        0.01271982        0.01025677       -0.02694155       -0.02729666 
        0.01460543        0.01396333        0.01264592        0.01021638       -0.02677770       -0.02713474 
        0.01450447        0.01387137        0.01257198        0.01017611       -0.02661451       -0.02697356 
        0.01440427        0.01377993        0.01249810        0.01013508       -0.02645223       -0.02681259 
        0.01430449        0.01368900        0.01242470        0.01009410       -0.02629026       -0.02665220 
        0.01420543        0.01359829        0.01235171        0.01005270       -0.02612882       -0.02649263 
        0.01410692        0.01350831        0.01227864        0.01001110       -0.02596834       -0.02633344 
        0.01400946        0.01341816        0.01220594        0.00996931       -0.02580830       -0.02617474 
        0.01391199        0.01332935        0.01213326        0.00992760       -0.02564902       -0.02601673 
        0.01381483        0.01324097        0.01206127        0.00988562       -0.02549051       -0.02585915 
        0.01371902        0.01315255        0.01198909        0.00984328       -0.02533217       -0.02570237 
        0.01362335        0.01306487        0.01191742        0.00980112       -0.02517499       -0.02554606 
        0.01352847        0.01297748        0.01184585        0.00975855       -0.02501819       -0.02539049 
        0.01343413        0.01289072        0.01177441        0.00971595       -0.02486195       -0.02523544 
        0.01334023        0.01280434        0.01170360        0.00967321       -0.02470646       -0.02508092 
        0.01324701        0.01271867        0.01163274        0.00963000       -0.02455162       -0.02492701 
        0.01315430        0.01263331        0.01156226        0.00958693       -0.02439767       -0.02477354 
        0.01306233        0.01254796        0.01149227        0.00954383       -0.02424418       -0.02462081 
        0.01297065        0.01246388        0.01142200        0.00950068       -0.02409131       -0.02446876 
        0.01287972        0.01237981        0.01135223        0.00945734       -0.02393926       -0.02431723 
        0.01278936        0.01229604        0.01128303        0.00941388       -0.02378774       -0.02416623 
        0.01269968        0.01221283        0.01121374        0.00937017       -0.02363665       -0.02401626 
        0.01261038        0.01213017        0.01114473        0.00932671       -0.02348669       -0.02386652 
        0.01252157        0.01204802        0.01107612        0.00928311       -0.02333717       -0.02371738 
        0.01243319        0.01196645        0.01100770        0.00923939       -0.02318836       -0.02356908 
        0.01234566        0.01188504        0.01093960        0.00919553       -0.02304016       -0.02342133 
        0.01225883        0.01180389        0.01087167        0.00915190       -0.02289280       -0.02327393 
        0.01217183        0.01172400        0.01080398        0.00910794       -0.02274607       -0.02312755 
        0.01208562        0.01164405        0.01073679        0.00906407       -0.02259967       -0.02298173 
        0.01200026        0.01156445        0.01066965        0.00902019       -0.02245435       -0.02283645 
        0.01191534        0.01148533        0.01060292        0.00897609       -0.02230958       -0.02269185 
        0.01183088        0.01140674        0.01053644        0.00893198       -0.02216575       -0.02254752 
        0.01174697        0.01132868        0.01047015        0.00888775       -0.02202229       -0.02240421 
        0.01166325        0.01125116        0.01040427        0.00884376       -0.02187933       -0.02226160 
        0.01158048        0.01117365        0.01033878        0.00879953       -0.02173727       -0.02211954 
        0.01149827        0.01109660        0.01027351        0.00875563       -0.02159569       -0.02197814 
        0.01141605        0.01102069        0.01020830        0.00871141       -0.02145524       -0.02183714 
        0.01133485        0.01094458        0.01014364        0.00866718       -0.02131500       -0.02169710 
        0.01125378        0.01086921        0.01007908        0.00862316       -0.02117550       -0.02155755 
        0.01117366        0.01079383        0.01001498        0.00857915       -0.02103710       -0.02141867 
        0.01109393        0.01071914        0.00995091        0.00853503       -0.02089903       -0.02128037 
        0.01101452        0.01064491        0.00988732        0.00849119       -0.02076176       -0.02114283 
        0.01093543        0.01057147        0.00982383        0.00844711       -0.02062508       -0.02100588 
        0.01085718        0.01049798        0.00976088        0.00840301       -0.02048914       -0.02086950 
        0.01077952        0.01042484        0.00969804        0.00835911       -0.02035391       -0.02073382 
        0.01070208        0.01035241        0.00963560        0.00831516       -0.02021923       -0.02059880 
        0.01062522        0.01028023        0.00957334        0.00827144       -0.02008539       -0.02046442 
        0.01054877        0.01020861        0.00951151        0.00822741       -0.01995200       -0.02033067 
        0.01047296        0.01013732        0.00944984        0.00818383       -0.01981937       -0.02019767 
        0.01039736        0.01006672        0.00938847        0.00813995       -0.01968756       -0.02006521 
        0.01032255        0.00999619        0.00932729        0.00809636       -0.01955622       -0.01993344 
        0.01024813        0.00992603        0.00926679        0.00805260       -0.01942572       -0.01980228 
        0.01017405        0.00985657        0.00920613        0.00800928       -0.01929603       -0.01967170 
        0.01010062        0.00978745        0.00914583        0.00796564       -0.01916669       -0.01954190 
        0.01002746        0.00971874        0.00908612        0.00792216       -0.01903823       -0.01941267 
        0.00995491        0.00965057        0.00902623        0.00787879       -0.01891035       -0.01928414 
        0.00988290        0.00958229        0.00896721        0.00783547       -0.01878317       -0.01915624 
        0.00981131        0.00951488        0.00890797        0.00779234       -0.01865663       -0.01902889 
        0.00973994        0.00944792        0.00884929        0.00774918       -0.01853076       -0.01890235 
