                  0.00000000                  0.00000000                  0.00000000                  0.00000000                  0.00000000                  0.00000000                  0.00000000                  0.00000000                  0.00000000                  0.00000000 
                  0.00000000                  0.00000000                  0.00000000                  0.00000000                  0.00000000 
                  0.00000000                  0.00000000                  0.00000000                  0.00000000                  0.00000000 
                  0.00000000                  0.00000000                  0.00000000                  0.00000000                  0.00000000 
                  0.00000000                  0.00000000                  0.00000000                  0.00000000                  0.00000000 
                  0.00000000                  0.00000000                  0.00000000                  0.00000000                  0.00000000 
                  0.00000000                  0.00000000                  0.00000000                  0.00000000                  0.00000000 
                  0.00000000                  0.00000000                  0.00000000                  0.00000000                  0.00000000 
                  0.00000000                  0.00000000                  0.00000000                  0.00000000                  0.00000000 
                  0.00000000                  0.00000000                  0.00000000                  0.00000000                  0.00000000 
                  0.00000000                  0.00000000                  0.00000000                  0.00000000                  0.00000000 
                  0.00000000                  0.00000000                  0.00000000                  0.00000000                  0.00000000 
                  0.00000000                  0.00000000                  0.00000000                  0.00000000                  0.00000000 
                  0.00000000                  0.00000000                  0.00000000                  0.00000000                  0.00000000 
                  0.00000000                  0.00000000                  0.00000000                  0.00000000                  0.00000000 
                  0.00000000                  0.00000000                  0.00000000                  0.00000000                  0.00000000 
                  0.00000000                  0.00000000                  0.00000000                  0.00000000                  0.00000000 
                  0.00000000                  0.00000000                  0.00000000                  0.00000000                  0.00000000 
                  0.00000000                  0.00000000                  0.00000000                  0.00000000                  0.00000000 
                  0.00000000                  0.00000000                  0.00000000                  0.00000000                  0.00000000 
                  0.00000000                  0.00000000                  0.00000000                  0.00000000                  0.00000000 
                  0.00000000                  0.00000000                  0.00000000                  0.00000000                  0.00000000 
                  0.00000000                  0.00000000                  0.00000000                  0.00000000                  0.00000000 
                  0.00000000                  0.00000000                  0.00000000                  0.00000000                  0.00000000 
                  0.00000000                  0.00000000                  0.00000000                  0.00000000                  0.00000000 
                  0.00000000                  0.00000000                  0.00000000                  0.00000000                  0.00000000 
                  0.00000000                  0.00000000                  0.00000000                  0.00000000                  0.00000000 
                  0.00000000                  0.00000000                  0.00000000                  0.00000000                  0.00000000 
                  0.00000000                  0.00000000                  0.00000000                  0.00000000                  0.00000000 
                  0.00000000                  0.00000000                  0.00000000                  0.00000000                  0.00000000 
                  0.00000000                  0.00000000                  0.00000000                  0.00000000                  0.00000000 
                  0.00000000                  0.00000000                  0.00000000                  0.00000000                  0.00000000 
                  0.00000000                  0.00000000                  0.00000000                  0.00000000                  0.00000000 
                  0.00000000                  0.00000000                  0.00000000                  0.00000000                  0.00000000 
                  0.00000000                  0.00000000                  0.00000000                  0.00000000                  0.00000000 
                  0.00000000                  0.00000000                  0.00000000                  0.00000000                  0.00000000 
                  0.00000000                  0.00000000                  0.00000000                  0.00000000                  0.00000000 
                  0.00000000                  0.00000000                  0.00000000                  0.00000000                  0.00000000 
                  0.00000000                  0.00000000                  0.00000000                  0.00000000                  0.00000000 
                  0.00000000                  0.00000000                  0.00000000                  0.00000000                  0.00000000 
                  0.00000000                  0.00000000                  0.00000000                  0.00000000                  0.00000000 
                  0.00000000                  0.00000000                  0.00000000                  0.00000000                  0.00000000 
                  0.00000000                  0.00000000                  0.00000000                  0.00000000                  0.00000000 
                  0.00000000                  0.00000000                  0.00000000                  0.00000000                  0.00000000 
                  0.00000000                  0.00000000                  0.00000001                  0.00000000                  0.00000000 
                  0.00000001                  0.00000001                  0.00000001                  0.00000000                  0.00000000 
                  0.00000001                  0.00000001                  0.00000001                  0.00000000                  0.00000000 
                  0.00000001                  0.00000001                  0.00000001                  0.00000000                  0.00000000 
                  0.00000001                  0.00000001                  0.00000001                  0.00000000                  0.00000000 
                  0.00000002                  0.00000002                  0.00000002                  0.00000000                  0.00000000 
                  0.00000002                  0.00000002                  0.00000002                  0.00000000                  0.00000000 
                  0.00000003                  0.00000003                  0.00000003                  0.00000000                  0.00000000 
                  0.00000003                  0.00000003                  0.00000003                  0.00000000                  0.00000000 
                  0.00000004                  0.00000004                  0.00000004                  0.00000001                  0.00000001 
                  0.00000005                  0.00000005                  0.00000005                  0.00000001                  0.00000001 
                  0.00000006                  0.00000006                  0.00000007                  0.00000001                  0.00000001 
                  0.00000008                  0.00000008                  0.00000009                  0.00000001                  0.00000001 
                  0.00000010                  0.00000010                  0.00000011                  0.00000001                  0.00000001 
                  0.00000013                  0.00000013                  0.00000014                  0.00000002                  0.00000002 
                  0.00000016                  0.00000016                  0.00000017                  0.00000002                  0.00000002 
                  0.00000020                  0.00000020                  0.00000021                  0.00000002                  0.00000003 
                  0.00000025                  0.00000025                  0.00000026                  0.00000003                  0.00000003 
                  0.00000031                  0.00000031                  0.00000033                  0.00000004                  0.00000004 
                  0.00000038                  0.00000038                  0.00000041                  0.00000005                  0.00000005 
                  0.00000047                  0.00000048                  0.00000051                  0.00000006                  0.00000007 
                  0.00000059                  0.00000059                  0.00000063                  0.00000007                  0.00000008 
                  0.00000073                  0.00000073                  0.00000078                  0.00000009                  0.00000010 
                  0.00000090                  0.00000090                  0.00000096                  0.00000011                  0.00000012 
                  0.00000111                  0.00000111                  0.00000118                  0.00000014                  0.00000015 
                  0.00000136                  0.00000137                  0.00000146                  0.00000017                  0.00000019 
                  0.00000168                  0.00000168                  0.00000179                  0.00000020                  0.00000023 
                  0.00000206                  0.00000206                  0.00000220                  0.00000025                  0.00000028 
                  0.00000253                  0.00000253                  0.00000270                  0.00000031                  0.00000034 
                  0.00000309                  0.00000310                  0.00000330                  0.00000038                  0.00000042 
                  0.00000378                  0.00000379                  0.00000403                  0.00000046                  0.00000051 
                  0.00000461                  0.00000462                  0.00000492                  0.00000056                  0.00000062 
                  0.00000562                  0.00000563                  0.00000600                  0.00000068                  0.00000076 
                  0.00000684                  0.00000685                  0.00000730                  0.00000083                  0.00000092 
                  0.00000831                  0.00000833                  0.00000888                  0.00000100                  0.00000111 
                  0.00001009                  0.00001011                  0.00001077                  0.00000122                  0.00000135 
                  0.00001222                  0.00001224                  0.00001305                  0.00000147                  0.00000163 
                  0.00001478                  0.00001481                  0.00001578                  0.00000178                  0.00000197 
                  0.00001786                  0.00001789                  0.00001907                  0.00000214                  0.00000237 
                  0.00002154                  0.00002158                  0.00002300                  0.00000258                  0.00000286 
                  0.00002594                  0.00002599                  0.00002770                  0.00000310                  0.00000343 
                  0.00003120                  0.00003126                  0.00003331                  0.00000373                  0.00000412 
                  0.00003746                  0.00003754                  0.00004000                  0.00000447                  0.00000494 
                  0.00004492                  0.00004501                  0.00004796                  0.00000535                  0.00000591 
                  0.00005378                  0.00005389                  0.00005742                  0.00000640                  0.00000707 
                  0.00006429                  0.00006442                  0.00006864                  0.00000763                  0.00000843 
                  0.00007674                  0.00007691                  0.00008193                  0.00000910                  0.00001005 
                  0.00009147                  0.00009167                  0.00009766                  0.00001083                  0.00001195 
                  0.00010887                  0.00010911                  0.00011623                  0.00001287                  0.00001420 
                  0.00012939                  0.00012967                  0.00013813                  0.00001527                  0.00001685 
                  0.00015354                  0.00015389                  0.00016391                  0.00001809                  0.00001995 
                  0.00018193                  0.00018235                  0.00019422                  0.00002141                  0.00002360 
                  0.00021526                  0.00021576                  0.00022979                  0.00002529                  0.00002787 
                  0.00025432                  0.00025492                  0.00027147                  0.00002983                  0.00003286 
                  0.00030002                  0.00030074                  0.00032025                  0.00003514                  0.00003869 
                  0.00035342                  0.00035427                  0.00037723                  0.00004133                  0.00004549 
                  0.00041570                  0.00041672                  0.00044369                  0.00004854                  0.00005340 
                  0.00048824                  0.00048946                  0.00052109                  0.00005692                  0.00006260 
                  0.00057260                  0.00057405                  0.00061110                  0.00006666                  0.00007327 
                  0.00067056                  0.00067227                  0.00071560                  0.00007794                  0.00008564 
                  0.00078411                  0.00078614                  0.00083673                  0.00009100                  0.00009994 
                  0.00091555                  0.00091796                  0.00097693                  0.00010609                  0.00011647 
                  0.00106746                  0.00107030                  0.00113895                  0.00012350                  0.00013553 
                  0.00124275                  0.00124610                  0.00132590                  0.00014355                  0.00015747 
                  0.00144472                  0.00144866                  0.00154126                  0.00016663                  0.00018270 
                  0.00167704                  0.00168168                  0.00178898                  0.00019312                  0.00021166 
                  0.00194389                  0.00194933                  0.00207347                  0.00022350                  0.00024484 
                  0.00224990                  0.00225628                  0.00239968                  0.00025829                  0.00028282 
                  0.00260029                  0.00260776                  0.00277315                  0.00029805                  0.00032621 
                  0.00300086                  0.00300959                  0.00320006                  0.00034343                  0.00037571 
                  0.00345810                  0.00346829                  0.00368730                  0.00039515                  0.00043209 
                  0.00397920                  0.00399108                  0.00424252                  0.00045399                  0.00049619 
                  0.00457217                  0.00458599                  0.00487422                  0.00052083                  0.00056898 
                  0.00524587                  0.00526192                  0.00559182                  0.00059664                  0.00065150 
                  0.00601009                  0.00602871                  0.00640572                  0.00068250                  0.00074489 
                  0.00687565                  0.00689721                  0.00732741                  0.00077958                  0.00085043 
                  0.00785447                  0.00787940                  0.00836952                  0.00088918                  0.00096952 
                  0.00895963                  0.00898841                  0.00954594                  0.00101271                  0.00110367 
                  0.01020550                  0.01023868                  0.01087192                  0.00115174                  0.00125456 
                  0.01160780                  0.01164599                  0.01236411                  0.00130796                  0.00142402 
                  0.01318371                  0.01322760                  0.01404073                  0.00148323                  0.00161402 
                  0.01495196                  0.01500231                  0.01592160                  0.00167955                  0.00182672 
                  0.01693291                  0.01699060                  0.01802830                  0.00189912                  0.00206447 
                  0.01914868                  0.01921467                  0.02038424                  0.00214429                  0.00232979 
                  0.02162323                  0.02169861                  0.02301476                  0.00241764                  0.00262541 
                  0.02438244                  0.02446840                  0.02594722                  0.00272191                  0.00295427 
                  0.02745424                  0.02755212                  0.02921115                  0.00306008                  0.00331954 
                  0.03086867                  0.03097995                  0.03283828                  0.00343532                  0.00372461 
                  0.03465798                  0.03478430                  0.03686265                  0.00385106                  0.00417311 
                  0.03885673                  0.03899990                  0.04132072                  0.00431093                  0.00466890 
                  0.04350183                  0.04366384                  0.04625140                  0.00481881                  0.00521611 
                  0.04863263                  0.04881568                  0.05169617                  0.00537885                  0.00581910 
                  0.05429096                  0.05449747                  0.05769908                  0.00599540                  0.00648252 
                  0.06052122                  0.06075383                  0.06430685                  0.00667312                  0.00721126 
                  0.06737036                  0.06763197                  0.07156883                  0.00741687                  0.00801049 
                  0.07488794                  0.07518171                  0.07953710                  0.00823182                  0.00888561 
                  0.08312611                  0.08345549                  0.08826640                  0.00912334                  0.00984232 
                  0.09213962                  0.09250834                  0.09781414                  0.01009710                  0.01088655 
                  0.10198575                  0.10239787                  0.10824037                  0.01115898                  0.01202449 
                  0.11272430                  0.11318421                  0.11960764                  0.01231511                  0.01326255 
                  0.12441745                  0.12492991                  0.13198102                  0.01357185                  0.01460740 
                  0.13712974                  0.13769986                  0.14542788                  0.01493577                  0.01606589 
                  0.15092787                  0.15156116                  0.16001780                  0.01641364                  0.01764509 
                  0.16588061                  0.16658290                  0.17582242                  0.01801242                  0.01935223 
                  0.18205851                  0.18283613                  0.19291514                  0.01973920                  0.02119468 
                  0.19953379                  0.20039348                  0.21137100                  0.02160124                  0.02317997 
                  0.21838003                  0.21932898                  0.23126629                  0.02360589                  0.02531571 
                  0.23867196                  0.23971780                  0.25267836                  0.02576059                  0.02760953 
                  0.26048505                  0.26163584                  0.27568519                  0.02807280                  0.03006916 
                  0.28389525                  0.28515953                  0.30036509                  0.03055001                  0.03270225 
                  0.30897856                  0.31036538                  0.32679623                  0.03319967                  0.03551642 
                  0.33581069                  0.33732948                  0.35505623                  0.03602915                  0.03851919 
                  0.36446655                  0.36612719                  0.38522172                  0.03904571                  0.04171792 
                  0.39501986                  0.39683270                  0.41736779                  0.04225641                  0.04511977 
                  0.42754248                  0.42951840                  0.45156753                  0.04566813                  0.04873163 
                  0.46210414                  0.46425438                  0.48789132                  0.04928743                  0.05256009 
                  0.49877176                  0.50110787                  0.52640653                  0.05312059                  0.05661136 
                  0.53760880                  0.54014283                  0.56717652                  0.05717347                  0.06089122 
                  0.57867485                  0.58141905                  0.61026043                  0.06145147                  0.06540495 
                  0.62202489                  0.62499201                  0.65571231                  0.06595953                  0.07015730 
                  0.66770881                  0.67091173                  0.70358038                  0.07070196                  0.07515236 
                  0.71577048                  0.71922243                  0.75390673                  0.07568251                  0.08039358 
                  0.76624769                  0.76996189                  0.80672646                  0.08090420                  0.08588362 
                  0.81917101                  0.82316089                  0.86206692                  0.08636931                  0.09162438 
                  0.87456340                  0.87884247                  0.91994727                  0.09207931                  0.09761690 
                  0.93243963                  0.93702137                  0.98037797                  0.09803483                  0.10386129 
                  0.99280566                  0.99770337                  1.04335976                  0.10423557                  0.11035667 
                  1.05565810                  1.06088495                  1.10888350                  0.11068029                  0.11710119 
                  1.12098372                  1.12655258                  1.17692959                  0.11736667                  0.12409186 
                  1.18875885                  1.19468212                  1.24746740                  0.12429142                  0.13132466 
                  1.25894928                  1.26523888                  1.32045507                  0.13145010                  0.13879441 
                  1.33150935                  1.33817673                  1.39583838                  0.13883717                  0.14649472 
                  1.40638220                  1.41343808                  1.47355175                  0.14644594                  0.15441802 
                  1.48349869                  1.49095309                  1.55351663                  0.15426853                  0.16255556 
                  1.56277835                  1.57064033                  1.63564193                  0.16229589                  0.17089732 
                  1.64412820                  1.65240574                  1.71982431                  0.17051780                  0.17943206 
                  1.72744322                  1.73614323                  1.80594742                  0.17892277                  0.18814737 
                  1.81260610                  1.82173407                  1.89388251                  0.18749821                  0.19702958 
                  1.89948750                  1.90904772                  1.98348820                  0.19623037                  0.20606385 
                  1.98794627                  1.99794114                  2.07461095                  0.20510426                  0.21523422 
                  2.07782936                  2.08826065                  2.16708517                  0.21410388                  0.22452360 
                  2.16897297                  2.17983961                  2.26073408                  0.22321214                  0.23391379 
                  2.26120210                  2.27250147                  2.35536957                  0.23241094                  0.24338569 
                  2.35433078                  2.36605930                  2.45079303                  0.24168119                  0.25291914 
                  2.44816494                  2.46031570                  2.54679680                  0.25100291                  0.26249316 
                  2.54249978                  2.55506444                  2.64316392                  0.26035538                  0.27208602 
                  2.63712311                  2.65009093                  2.73966885                  0.26971707                  0.28167522 
                  2.73181462                  2.74517322                  2.83607936                  0.27906579                  0.29123768 
                  2.82634830                  2.84008288                  2.93215656                  0.28837889                  0.30074984 
                  2.92049217                  2.93458509                  3.02765799                  0.29763314                  0.31018767 
                  3.01400948                  3.02844048                  3.12233567                  0.30680501                  0.31952691 
                  3.10666037                  3.12140751                  3.21593857                  0.31587085                  0.32874316 
                  3.19820189                  3.21324158                  3.30821514                  0.32480669                  0.33781189 
                  3.28839111                  3.30369639                  3.39891291                  0.33358866                  0.34670860 
                  3.37698436                  3.39252639                  3.48778009                  0.34219301                  0.35540909 
                  3.46373916                  3.47948694                  3.57456732                  0.35059613                  0.36388934 
                  3.54841590                  3.56433606                  3.65902901                  0.35877478                  0.37212592 
                  3.63077855                  3.64683509                  3.74092412                  0.36670625                  0.38009578 
                  3.71059537                  3.72675157                  3.82001758                  0.37436837                  0.38777661 
                  3.78764153                  3.80385804                  3.89608145                  0.38173968                  0.39514691 
                  3.86169863                  3.87793541                  3.96889615                  0.38879949                  0.40218598 
                  3.93255758                  3.94877195                  4.03825140                  0.39552802                  0.40887421 
                  4.00001812                  4.01616621                  4.10394907                  0.40190649                  0.41519302 
                  4.06389093                  4.07992792                  4.16580200                  0.40791726                  0.42112511 
                  4.12399769                  4.13987684                  4.22363424                  0.41354388                  0.42665440 
                  4.18017197                  4.19584703                  4.27728653                  0.41877121                  0.43176615 
                  4.23226261                  4.24768543                  4.32661152                  0.42358533                  0.43644705 
                  4.28013039                  4.29525280                  4.37147856                  0.42797399                  0.44068527 
                  4.32365084                  4.33842611                  4.41177225                  0.43192613                  0.44447064 
                  4.36271572                  4.37709570                  4.44739246                  0.43543231                  0.44779441 
                  4.39723206                  4.41116953                  4.47825813                  0.43848473                  0.45064950 
                  4.42712259                  4.44057083                  4.50430250                  0.44107708                  0.45303044 
                  4.45232677                  4.46523952                  4.52547884                  0.44320476                  0.45493352 
                  4.47280025                  4.48513222                  4.54175520                  0.44486457                  0.45635653 
                  4.48851442                  4.50022268                  4.55311871                  0.44605517                  0.45729899 
                  4.49945879                  4.51050138                  4.55957365                  0.44677663                  0.45776212 
                  4.50563860                  4.51597500                  4.56113911                  0.44703066                  0.45774859 
                  4.50707483                  4.51666689                  4.55785418                  0.44682062                  0.45726267 
                  4.50380421                  4.51261663                  4.54977131                  0.44615132                  0.45631021 
                  4.49587965                  4.50387859                  4.53696012                  0.44502890                  0.45489854 
                  4.48336887                  4.49052238                  4.51950550                  0.44346118                  0.45303625 
                  4.46635342                  4.47263336                  4.49750566                  0.44145700                  0.45073339 
                  4.44492817                  4.45030928                  4.47107410                  0.43902674                  0.44800127 
                  4.41920185                  4.42366219                  4.44033575                  0.43618190                  0.44485241 
                  4.38929558                  4.39281559                  4.40542793                  0.43293518                  0.44130039 
                  4.35534096                  4.35790491                  4.36649942                  0.42930019                  0.43735975 
                  4.31748104                  4.31907558                  4.32370996                  0.42529157                  0.43304601 
                  4.27586746                  4.27648401                  4.27722597                  0.42092490                  0.42837560 
                  4.23066139                  4.23029375                  4.22722387                  0.41621643                  0.42336559 
                  4.18203115                  4.18067741                  4.17388725                  0.41118318                  0.41803372 
                  4.13015223                  4.12781334                  4.11740398                  0.40584266                  0.41239828 
                  4.07520580                  4.07188559                  4.05796862                  0.40021297                  0.40647796 
                  4.01737785                  4.01308393                  3.99578023                  0.39431262                  0.40029183 
                  3.95685816                  3.95160174                  3.93103814                  0.38816032                  0.39385924 
                  3.89383841                  3.88763404                  3.86394596                  0.38177502                  0.38719970 
                  3.82851362                  3.82137847                  3.79470730                  0.37517592                  0.38033274 
                  3.76107883                  3.75303316                  3.72352600                  0.36838204                  0.37327790 
                  3.69172978                  3.68279600                  3.65060544                  0.36141261                  0.36605465 
                  3.62066102                  3.61086488                  3.57614636                  0.35428652                  0.35868219 
                  3.54806542                  3.53743529                  3.50034714                  0.34702253                  0.35117963 
                  3.47413373                  3.46270037                  3.42340350                  0.33963916                  0.34356561 
                  3.39905405                  3.38684964                  3.34550571                  0.33215451                  0.33585846 
                  3.32301021                  3.31006932                  3.26684165                  0.32458645                  0.32807600 
                  3.24618173                  3.23254061                  3.18759155                  0.31695217                  0.32023567 
                  3.16874361                  3.15443969                  3.10793090                  0.30926847                  0.31235424 
                  3.09086466                  3.07593751                  3.02802873                  0.30155158                  0.30444792 
                  3.01270866                  2.99719858                  2.94804740                  0.29381716                  0.29653233 
                  2.93443251                  2.91838074                  2.86814237                  0.28608018                  0.28862244 
                  2.85618687                  2.83963490                  2.78846169                  0.27835491                  0.28073242 
                  2.77811527                  2.76110578                  2.70914531                  0.27065513                  0.27287582 
                  2.70035410                  2.68292999                  2.63032556                  0.26299369                  0.26506546 
                  2.62303281                  2.60523653                  2.55212736                  0.25538284                  0.25731337 
                  2.54627299                  2.52814722                  2.47466707                  0.24783404                  0.24963085 
                  2.47018862                  2.45177579                  2.39805293                  0.24035811                  0.24202840 
                  2.39488578                  2.37622809                  2.32238579                  0.23296496                  0.23451591 
                  2.32046413                  2.30160260                  2.24775743                  0.22566392                  0.22710231 
                  2.24701452                  2.22798944                  2.17425275                  0.21846350                  0.21979594 
                  2.17462063                  2.15547228                  2.10194850                  0.21137153                  0.21260436 
                  2.10335922                  2.08412600                  2.03091359                  0.20439509                  0.20553443 
                  2.03329921                  2.01401877                  1.96121025                  0.19754055                  0.19859228 
                  1.96450281                  1.94521117                  1.89289248                  0.19081365                  0.19178335 
                  1.89702535                  1.87775707                  1.82600808                  0.18421942                  0.18511248 
                  1.83091545                  1.81170368                  1.76059794                  0.17776230                  0.17858380 
                  1.76621485                  1.74709201                  1.69669628                  0.17144611                  0.17220086 
                  1.70295978                  1.68395591                  1.63433146                  0.16527404                  0.16596666 
                  1.64118028                  1.62232363                  1.57352614                  0.15924874                  0.15988359 
                  1.58090043                  1.56221843                  1.51429701                  0.15337232                  0.15395349 
                  1.52213931                  1.50365710                  1.45665586                  0.14764637                  0.14817776 
                  1.46491098                  1.44665194                  1.40060973                  0.14207202                  0.14255728 
                  1.40922439                  1.39121032                  1.34616041                  0.13664995                  0.13709250 
                  1.35508418                  1.33733511                  1.29330623                  0.13138035                  0.13178346 
                  1.30249083                  1.28502524                  1.24204111                  0.12626311                  0.12662977 
                  1.25144076                  1.23427546                  1.19235516                  0.12129769                  0.12163072 
                  1.20192707                  1.18507695                  1.14423561                  0.11648320                  0.11678527 
                  1.15393913                  1.13741755                  1.09766626                  0.11181851                  0.11209206 
                  1.10746336                  1.09128237                  1.05262816                  0.10730211                  0.10754947 
                  1.06248355                  1.04665315                  1.00910020                  0.10293229                  0.10315558 
                  1.01898086                  1.00351000                  0.96705866                  0.09870709                  0.09890831 
                  0.97693408                  0.96183002                  0.92647791                  0.09462433                  0.09480532 
                  0.93632007                  0.92158878                  0.88733065                  0.09068163                  0.09084410 
                  0.89711386                  0.88275993                  0.84958798                  0.08687645                  0.08702201 
                  0.85928875                  0.84531564                  0.81321973                  0.08320612                  0.08333623 
                  0.82281679                  0.80922687                  0.77819461                  0.07966785                  0.07978384 
                  0.78766894                  0.77446306                  0.74448043                  0.07625870                  0.07636182 
                  0.75381488                  0.74099314                  0.71204424                  0.07297566                  0.07306707 
                  0.72122365                  0.70878518                  0.68085259                  0.06981565                  0.06989641 
                  0.68986356                  0.67780656                  0.65087157                  0.06677553                  0.06684662 
                  0.65970242                  0.64802426                  0.62206697                  0.06385212                  0.06391444 
                  0.63070768                  0.61940509                  0.59440428                  0.06104220                  0.06109657 
                  0.60284656                  0.59191525                  0.56784952                  0.05834253                  0.05838972 
                  0.57608610                  0.56552136                  0.54236817                  0.05574988                  0.05579058 
                  0.55039346                  0.54018986                  0.51792628                  0.05326100                  0.05329584 
                  0.52573568                  0.51588756                  0.49448994                  0.05087269                  0.05090225 
                  0.50208026                  0.49258113                  0.47202572                  0.04858173                  0.04860653 
                  0.47939467                  0.47023785                  0.45050070                  0.04638495                  0.04640549 
                  0.45764691                  0.44882530                  0.42988226                  0.04427921                  0.04429591 
                  0.43680537                  0.42831156                  0.41013846                  0.04226141                  0.04227469 
                  0.41683882                  0.40866515                  0.39123791                  0.04032851                  0.04033874 
                  0.39771658                  0.38985527                  0.37314981                  0.03847752                  0.03848502 
                  0.37940854                  0.37185156                  0.35584405                  0.03670548                  0.03671057 
                  0.36188525                  0.35462439                  0.33929130                  0.03500953                  0.03501248 
                  0.34511784                  0.33814481                  0.32346287                  0.03338685                  0.03338790 
                  0.32907799                  0.32238454                  0.30833086                  0.03183469                  0.03183408 
                  0.31373823                  0.30731598                  0.29386798                  0.03035037                  0.03034830 
                  0.29907170                  0.29291230                  0.28004789                  0.02893128                  0.02892794 
                  0.28505230                  0.27914745                  0.26684490                  0.02757487                  0.02757043 
                  0.27165458                  0.26599598                  0.25423422                  0.02627868                  0.02627328 
                  0.25885391                  0.25343338                  0.24219167                  0.02504031                  0.02503409 
                  0.24662636                  0.24143577                  0.23069395                  0.02385742                  0.02385051 
                  0.23494869                  0.22998007                  0.21971847                  0.02272778                  0.02272029 
                  0.22379845                  0.21904391                  0.20924346                  0.02164919                  0.02164121 
                  0.21315390                  0.20860569                  0.19924782                  0.02061955                  0.02061118 
                  0.20299400                  0.19864452                  0.18971126                  0.01963682                  0.01962812 
                  0.19329844                  0.18914028                  0.18061413                  0.01869902                  0.01869008 
                  0.18404761                  0.18007347                  0.17193760                  0.01780425                  0.01779513 
                  0.17522259                  0.17142540                  0.16366346                  0.01695068                  0.01694144 
                  0.16680518                  0.16317800                  0.15577419                  0.01613655                  0.01612723 
                  0.15877777                  0.15531388                  0.14825296                  0.01536015                  0.01535079 
                  0.15112346                  0.14781633                  0.14108357                  0.01461983                  0.01461049 
                  0.14382599                  0.14066924                  0.13425045                  0.01391404                  0.01390473 
                  0.13686968                  0.13385715                  0.12773868                  0.01324124                  0.01323201 
                  0.13023947                  0.12736519                  0.12153389                  0.01259998                  0.01259084 
                  0.12392091                  0.12117910                  0.11562231                  0.01198886                  0.01197985 
                  0.11790011                  0.11528519                  0.10999072                  0.01140654                  0.01139766 
                  0.11216375                  0.10967030                  0.10462647                  0.01085172                  0.01084300 
                  0.10669903                  0.10432182                  0.09951739                  0.01032318                  0.01031463 
                  0.10149366                  0.09922769                  0.09465186                  0.00981971                  0.00981134 
                  0.09653588                  0.09437630                  0.09001871                  0.00934018                  0.00933200 
                  0.09181444                  0.08975658                  0.08560730                  0.00888351                  0.00887553 
                  0.08731851                  0.08535787                  0.08140739                  0.00844864                  0.00844087 
                  0.08303776                  0.08117002                  0.07740921                  0.00803459                  0.00802702 
                  0.07896227                  0.07718326                  0.07360341                  0.00764037                  0.00763302 
                  0.07508257                  0.07338831                  0.06998102                  0.00726510                  0.00725795 
                  0.07138957                  0.06977622                  0.06653350                  0.00690787                  0.00690094 
                  0.06787460                  0.06633849                  0.06325267                  0.00656786                  0.00656115 
                  0.06452937                  0.06306697                  0.06013070                  0.00624426                  0.00623776 
                  0.06134592                  0.05995386                  0.05716012                  0.00593630                  0.00593002 
                  0.05831668                  0.05699171                  0.05433381                  0.00564326                  0.00563718 
                  0.05543439                  0.05417342                  0.05164495                  0.00536443                  0.00535856 
                  0.05269214                  0.05149218                  0.04908703                  0.00509914                  0.00509347 
                  0.05008329                  0.04894151                  0.04665382                  0.00484675                  0.00484128 
                  0.04760155                  0.04651521                  0.04433941                  0.00460665                  0.00460138 
                  0.04524087                  0.04420738                  0.04213812                  0.00437826                  0.00437318 
                  0.04299549                  0.04201237                  0.04004456                  0.00416102                  0.00415613 
                  0.04085993                  0.03992479                  0.03805357                  0.00395440                  0.00394969 
                  0.03882892                  0.03793949                  0.03616024                  0.00375789                  0.00375337 
                  0.03689748                  0.03605158                  0.03435988                  0.00357101                  0.00356666 
                  0.03506082                  0.03425638                  0.03264801                  0.00339330                  0.00338912 
                  0.03331440                  0.03254943                  0.03102037                  0.00322431                  0.00322030 
                  0.03165386                  0.03092648                  0.02947290                  0.00306364                  0.00305978 
                  0.03007507                  0.02938348                  0.02800171                  0.00291087                  0.00290717 
                  0.02857408                  0.02791656                  0.02660313                  0.00276562                  0.00276207 
                  0.02714714                  0.02652204                  0.02527362                  0.00262754                  0.00262414 
                  0.02579064                  0.02519641                  0.02400984                  0.00249627                  0.00249301 
                  0.02450118                  0.02393632                  0.02280858                  0.00237149                  0.00236836 
                  0.02327550                  0.02273858                  0.02166681                  0.00225288                  0.00224988 
                  0.02211050                  0.02160016                  0.02058163                  0.00214014                  0.00213727 
                  0.02100322                  0.02051817                  0.01955027                  0.00203298                  0.00203023 
                  0.01995084                  0.01948986                  0.01857010                  0.00193113                  0.00192850 
                  0.01895069                  0.01851260                  0.01763862                  0.00183434                  0.00183182 
                  0.01800021                  0.01758389                  0.01675344                  0.00174235                  0.00173994 
                  0.01709696                  0.01670135                  0.01591230                  0.00165493                  0.00165263 
                  0.01623864                  0.01586272                  0.01511303                  0.00157186                  0.00156966 
                  0.01542304                  0.01506584                  0.01435357                  0.00149293                  0.00149082 
                  0.01464806                  0.01430867                  0.01363197                  0.00141792                  0.00141591 
                  0.01391171                  0.01358924                  0.01294636                  0.00134665                  0.00134473 
                  0.01321207                  0.01290570                  0.01229497                  0.00127893                  0.00127710 
                  0.01254735                  0.01225628                  0.01167611                  0.00121460                  0.00121284 
                  0.01191582                  0.01163930                  0.01108817                  0.00115347                  0.00115179 
                  0.01131584                  0.01105315                  0.01052962                  0.00109540                  0.00109380 
                  0.01074586                  0.01049631                  0.00999902                  0.00104023                  0.00103870 
                  0.01020439                  0.00996733                  0.00949497                  0.00098782                  0.00098636 
                  0.00969001                  0.00946483                  0.00901617                  0.00093803                  0.00093664 
                  0.00920139                  0.00898750                  0.00856135                  0.00089073                  0.00088940 
                  0.00873725                  0.00853408                  0.00812934                  0.00084581                  0.00084454 
                  0.00829638                  0.00810340                  0.00771899                  0.00080313                  0.00080192 
                  0.00787761                  0.00769432                  0.00732923                  0.00076260                  0.00076144 
                  0.00747986                  0.00730577                  0.00695904                  0.00072410                  0.00072299 
                  0.00710207                  0.00693673                  0.00660744                  0.00068753                  0.00068648 
                  0.00674326                  0.00658623                  0.00627350                  0.00065279                  0.00065179 
                  0.00640247                  0.00625334                  0.00595635                  0.00061980                  0.00061885 
                  0.00607881                  0.00593718                  0.00565516                  0.00058847                  0.00058757 
                  0.00577143                  0.00563693                  0.00536911                  0.00055872                  0.00055785 
                  0.00547951                  0.00535178                  0.00509746                  0.00053046                  0.00052964 
                  0.00520228                  0.00508099                  0.00483949                  0.00050363                  0.00050284 
                  0.00493901                  0.00482383                  0.00459451                  0.00047814                  0.00047739 
                  0.00468900                  0.00457963                  0.00436187                  0.00045394                  0.00045322 
                  0.00445159                  0.00434773                  0.00414096                  0.00043096                  0.00043028 
                  0.00422614                  0.00412752                  0.00393119                  0.00040913                  0.00040848 
                  0.00401206                  0.00391841                  0.00373200                  0.00038841                  0.00038779 
                  0.00380878                  0.00371986                  0.00354287                  0.00036873                  0.00036814 
                  0.00361575                  0.00353132                  0.00336327                  0.00035004                  0.00034948 
                  0.00343247                  0.00335230                  0.00319275                  0.00033230                  0.00033177 
                  0.00325844                  0.00318232                  0.00303083                  0.00031545                  0.00031495 
                  0.00309319                  0.00302093                  0.00287710                  0.00029946                  0.00029897 
                  0.00293630                  0.00286769                  0.00273114                  0.00028427                  0.00028381 
                  0.00278734                  0.00272219                  0.00259255                  0.00026985                  0.00026941 
                  0.00264590                  0.00258405                  0.00246097                  0.00025615                  0.00025574 
                  0.00251162                  0.00245290                  0.00233605                  0.00024315                  0.00024276 
                  0.00238412                  0.00232837                  0.00221744                  0.00023081                  0.00023044 
                  0.00226308                  0.00221015                  0.00210484                  0.00021909                  0.00021874 
                  0.00214816                  0.00209792                  0.00199794                  0.00020797                  0.00020763 
                  0.00203906                  0.00199136                  0.00189645                  0.00019741                  0.00019708 
                  0.00193549                  0.00189020                  0.00180010                  0.00018738                  0.00018707 
                  0.00183715                  0.00179416                  0.00170863                  0.00017786                  0.00017757 
                  0.00174380                  0.00170299                  0.00162179                  0.00016882                  0.00016854 
                  0.00165518                  0.00161644                  0.00153936                  0.00016024                  0.00015998 
                  0.00157105                  0.00153427                  0.00146110                  0.00015210                  0.00015185 
                  0.00149118                  0.00145627                  0.00138681                  0.00014437                  0.00014413 
                  0.00141537                  0.00138222                  0.00131629                  0.00013703                  0.00013680 
                  0.00134339                  0.00131193                  0.00124935                  0.00013006                  0.00012984 
                  0.00127507                  0.00124521                  0.00118580                  0.00012345                  0.00012324 
                  0.00121022                  0.00118187                  0.00112548                  0.00011717                  0.00011697 
                  0.00114865                  0.00112174                  0.00106821                  0.00011121                  0.00011102 
                  0.00109021                  0.00106467                  0.00101386                  0.00010555                  0.00010537 
                  0.00103473                  0.00101049                  0.00096226                  0.00010018                  0.00010001 
                  0.00098208                  0.00095906                  0.00091329                  0.00009508                  0.00009492 
                  0.00093209                  0.00091025                  0.00086680                  0.00009024                  0.00009009 
                  0.00088465                  0.00086391                  0.00082267                  0.00008565                  0.00008550 
                  0.00083961                  0.00081993                  0.00078078                  0.00008129                  0.00008115 
                  0.00079686                  0.00077818                  0.00074102                  0.00007715                  0.00007702 
                  0.00075629                  0.00073855                  0.00070329                  0.00007322                  0.00007310 
                  0.00071777                  0.00070094                  0.00066747                  0.00006949                  0.00006937 
                  0.00068121                  0.00066524                  0.00063347                  0.00006595                  0.00006584 
                  0.00064652                  0.00063135                  0.00060120                  0.00006259                  0.00006249 
                  0.00061358                  0.00059919                  0.00057057                  0.00005941                  0.00005930 
                  0.00058232                  0.00056866                  0.00054150                  0.00005638                  0.00005628 
                  0.00055265                  0.00053969                  0.00051391                  0.00005351                  0.00005341 
                  0.00052449                  0.00051219                  0.00048772                  0.00005078                  0.00005069 
                  0.00049776                  0.00048609                  0.00046286                  0.00004819                  0.00004811 
                  0.00047240                  0.00046131                  0.00043927                  0.00004574                  0.00004566 
                  0.00044832                  0.00043780                  0.00041688                  0.00004341                  0.00004333 
                  0.00042547                  0.00041548                  0.00039563                  0.00004119                  0.00004112 
                  0.00040378                  0.00039430                  0.00037546                  0.00003909                  0.00003903 
                  0.00038319                  0.00037420                  0.00035632                  0.00003710                  0.00003704 
                  0.00036366                  0.00035512                  0.00033815                  0.00003521                  0.00003515 
                  0.00034511                  0.00033701                  0.00032090                  0.00003341                  0.00003336 
                  0.00032751                  0.00031983                  0.00030454                  0.00003171                  0.00003165 
                  0.00031081                  0.00030352                  0.00028901                  0.00003009                  0.00003004 
                  0.00029496                  0.00028804                  0.00027427                  0.00002856                  0.00002851 
                  0.00027992                  0.00027334                  0.00026028                  0.00002710                  0.00002705 
                  0.00026564                  0.00025940                  0.00024700                  0.00002572                  0.00002567 
                  0.00025209                  0.00024617                  0.00023440                  0.00002441                  0.00002436 
                  0.00023923                  0.00023361                  0.00022244                  0.00002316                  0.00002312 
                  0.00022702                  0.00022169                  0.00021109                  0.00002198                  0.00002194 
                  0.00021544                  0.00021038                  0.00020032                  0.00002086                  0.00002082 
                  0.00020445                  0.00019965                  0.00019010                  0.00001979                  0.00001976 
                  0.00019402                  0.00018946                  0.00018040                  0.00001878                  0.00001875 
                  0.00018412                  0.00017979                  0.00017119                  0.00001783                  0.00001779 
                  0.00017472                  0.00017062                  0.00016246                  0.00001692                  0.00001689 
                  0.00016580                  0.00016191                  0.00015416                  0.00001605                  0.00001602 
                  0.00015734                  0.00015364                  0.00014630                  0.00001523                  0.00001521 
                  0.00014931                  0.00014580                  0.00013883                  0.00001446                  0.00001443 
                  0.00014169                  0.00013836                  0.00013174                  0.00001372                  0.00001369 
                  0.00013446                  0.00013130                  0.00012502                  0.00001302                  0.00001300 
                  0.00012759                  0.00012459                  0.00011863                  0.00001235                  0.00001233 
                  0.00012108                  0.00011823                  0.00011258                  0.00001172                  0.00001170 
                  0.00011490                  0.00011220                  0.00010683                  0.00001112                  0.00001110 
                  0.00010903                  0.00010647                  0.00010138                  0.00001056                  0.00001054 
                  0.00010346                  0.00010103                  0.00009620                  0.00001002                  0.00001000 
                  0.00009818                  0.00009587                  0.00009129                  0.00000951                  0.00000949 
                  0.00009317                  0.00009098                  0.00008663                  0.00000902                  0.00000900 
                  0.00008841                  0.00008633                  0.00008220                  0.00000856                  0.00000854 
                  0.00008390                  0.00008192                  0.00007800                  0.00000812                  0.00000811 
                  0.00007961                  0.00007774                  0.00007402                  0.00000771                  0.00000769 
                  0.00007555                  0.00007377                  0.00007024                  0.00000731                  0.00000730 
                  0.00007169                  0.00007000                  0.00006665                  0.00000694                  0.00000693 
                  0.00006803                  0.00006643                  0.00006325                  0.00000659                  0.00000657 
                  0.00006455                  0.00006303                  0.00006002                  0.00000625                  0.00000624 
                  0.00006125                  0.00005981                  0.00005695                  0.00000593                  0.00000592 
                  0.00005813                  0.00005676                  0.00005404                  0.00000563                  0.00000562 
                  0.00005516                  0.00005386                  0.00005128                  0.00000534                  0.00000533 
                  0.00005234                  0.00005111                  0.00004866                  0.00000507                  0.00000506 
                  0.00004967                  0.00004850                  0.00004618                  0.00000481                  0.00000480 
                  0.00004713                  0.00004602                  0.00004382                  0.00000456                  0.00000455 
                  0.00004472                  0.00004367                  0.00004158                  0.00000433                  0.00000432 
                  0.00004244                  0.00004144                  0.00003945                  0.00000411                  0.00000410 
                  0.00004027                  0.00003932                  0.00003744                  0.00000390                  0.00000389 
                  0.00003821                  0.00003731                  0.00003553                  0.00000370                  0.00000369 
                  0.00003626                  0.00003541                  0.00003371                  0.00000351                  0.00000350 
                  0.00003441                  0.00003360                  0.00003199                  0.00000333                  0.00000333 
                  0.00003265                  0.00003188                  0.00003035                  0.00000316                  0.00000316 
                  0.00003098                  0.00003025                  0.00002880                  0.00000300                  0.00000299 
                  0.00002940                  0.00002870                  0.00002733                  0.00000285                  0.00000284 
                  0.00002789                  0.00002724                  0.00002593                  0.00000270                  0.00000270 
                  0.00002647                  0.00002585                  0.00002461                  0.00000256                  0.00000256 
                  0.00002512                  0.00002453                  0.00002335                  0.00000243                  0.00000243 
                  0.00002383                  0.00002327                  0.00002216                  0.00000231                  0.00000230 
                  0.00002261                  0.00002208                  0.00002103                  0.00000219                  0.00000219 
                  0.00002146                  0.00002095                  0.00001995                  0.00000208                  0.00000207 
                  0.00002036                  0.00001988                  0.00001893                  0.00000197                  0.00000197 
                  0.00001932                  0.00001887                  0.00001796                  0.00000187                  0.00000187 
                  0.00001833                  0.00001790                  0.00001705                  0.00000178                  0.00000177 
                  0.00001740                  0.00001699                  0.00001617                  0.00000168                  0.00000168 
                  0.00001651                  0.00001612                  0.00001535                  0.00000160                  0.00000160 
                  0.00001566                  0.00001530                  0.00001456                  0.00000152                  0.00000151 
                  0.00001486                  0.00001451                  0.00001382                  0.00000144                  0.00000144 
                  0.00001410                  0.00001377                  0.00001311                  0.00000137                  0.00000136 
                  0.00001338                  0.00001307                  0.00001244                  0.00000130                  0.00000129 
                  0.00001270                  0.00001240                  0.00001181                  0.00000123                  0.00000123 
                  0.00001205                  0.00001177                  0.00001120                  0.00000117                  0.00000116 
                  0.00001143                  0.00001116                  0.00001063                  0.00000111                  0.00000111 
                  0.00001085                  0.00001059                  0.00001009                  0.00000105                  0.00000105 
                  0.00001029                  0.00001005                  0.00000957                  0.00000100                  0.00000099 
                  0.00000977                  0.00000954                  0.00000908                  0.00000095                  0.00000094 
                  0.00000927                  0.00000905                  0.00000862                  0.00000090                  0.00000090 
                  0.00000880                  0.00000859                  0.00000818                  0.00000085                  0.00000085 
                  0.00000835                  0.00000815                  0.00000776                  0.00000081                  0.00000081 
                  0.00000792                  0.00000773                  0.00000736                  0.00000077                  0.00000077 
                  0.00000751                  0.00000734                  0.00000699                  0.00000073                  0.00000073 
                  0.00000713                  0.00000696                  0.00000663                  0.00000069                  0.00000069 
                  0.00000677                  0.00000661                  0.00000629                  0.00000066                  0.00000065 
                  0.00000642                  0.00000627                  0.00000597                  0.00000062                  0.00000062 
                  0.00000609                  0.00000595                  0.00000566                  0.00000059                  0.00000059 
                  0.00000578                  0.00000564                  0.00000537                  0.00000056                  0.00000056 
                  0.00000548                  0.00000536                  0.00000510                  0.00000053                  0.00000053 
                  0.00000520                  0.00000508                  0.00000484                  0.00000050                  0.00000050 
                  0.00000494                  0.00000482                  0.00000459                  0.00000048                  0.00000048 
                  0.00000469                  0.00000458                  0.00000436                  0.00000045                  0.00000045 
                  0.00000445                  0.00000434                  0.00000413                  0.00000043                  0.00000043 
                  0.00000422                  0.00000412                  0.00000392                  0.00000041                  0.00000041 
                  0.00000400                  0.00000391                  0.00000372                  0.00000039                  0.00000039 
                  0.00000380                  0.00000371                  0.00000353                  0.00000037                  0.00000037 
                  0.00000360                  0.00000352                  0.00000335                  0.00000035                  0.00000035 
                  0.00000342                  0.00000334                  0.00000318                  0.00000033                  0.00000033 
                  0.00000324                  0.00000317                  0.00000302                  0.00000031                  0.00000031 
                  0.00000308                  0.00000301                  0.00000286                  0.00000030                  0.00000030 
                  0.00000292                  0.00000285                  0.00000272                  0.00000028                  0.00000028 
                  0.00000277                  0.00000271                  0.00000258                  0.00000027                  0.00000027 
                  0.00000263                  0.00000257                  0.00000245                  0.00000025                  0.00000025 
                  0.00000250                  0.00000244                  0.00000232                  0.00000024                  0.00000024 
                  0.00000237                  0.00000231                  0.00000220                  0.00000023                  0.00000023 
                  0.00000225                  0.00000219                  0.00000209                  0.00000022                  0.00000022 
                  0.00000213                  0.00000208                  0.00000198                  0.00000021                  0.00000021 
                  0.00000202                  0.00000198                  0.00000188                  0.00000020                  0.00000020 
                  0.00000192                  0.00000187                  0.00000178                  0.00000019                  0.00000019 
                  0.00000182                  0.00000178                  0.00000169                  0.00000018                  0.00000018 
                  0.00000173                  0.00000169                  0.00000161                  0.00000017                  0.00000017 
                  0.00000164                  0.00000160                  0.00000152                  0.00000016                  0.00000016 
                  0.00000156                  0.00000152                  0.00000145                  0.00000015                  0.00000015 
                  0.00000148                  0.00000144                  0.00000137                  0.00000014                  0.00000014 
                  0.00000140                  0.00000137                  0.00000130                  0.00000014                  0.00000014 
                  0.00000133                  0.00000130                  0.00000124                  0.00000013                  0.00000013 
                  0.00000126                  0.00000123                  0.00000117                  0.00000012                  0.00000012 
                  0.00000120                  0.00000117                  0.00000111                  0.00000012                  0.00000012 
                  0.00000114                  0.00000111                  0.00000106                  0.00000011                  0.00000011 
                  0.00000108                  0.00000105                  0.00000100                  0.00000010                  0.00000010 
                  0.00000102                  0.00000100                  0.00000095                  0.00000010                  0.00000010 
                  0.00000097                  0.00000095                  0.00000090                  0.00000009                  0.00000009 
                  0.00000092                  0.00000090                  0.00000086                  0.00000009                  0.00000009 
                  0.00000087                  0.00000085                  0.00000081                  0.00000008                  0.00000008 
                  0.00000083                  0.00000081                  0.00000077                  0.00000008                  0.00000008 
                  0.00000079                  0.00000077                  0.00000073                  0.00000008                  0.00000008 
                  0.00000075                  0.00000073                  0.00000069                  0.00000007                  0.00000007 
                  0.00000071                  0.00000069                  0.00000066                  0.00000007                  0.00000007 
                  0.00000067                  0.00000066                  0.00000062                  0.00000007                  0.00000006 
                  0.00000064                  0.00000062                  0.00000059                  0.00000006                  0.00000006 
                  0.00000060                  0.00000059                  0.00000056                  0.00000006                  0.00000006 
                  0.00000057                  0.00000056                  0.00000053                  0.00000006                  0.00000006 
                  0.00000054                  0.00000053                  0.00000051                  0.00000005                  0.00000005 
                  0.00000052                  0.00000050                  0.00000048                  0.00000005                  0.00000005 
                  0.00000049                  0.00000048                  0.00000046                  0.00000005                  0.00000005 
                  0.00000047                  0.00000045                  0.00000043                  0.00000005                  0.00000004 
                  0.00000044                  0.00000043                  0.00000041                  0.00000004                  0.00000004 
                  0.00000042                  0.00000041                  0.00000039                  0.00000004                  0.00000004 
                  0.00000040                  0.00000039                  0.00000037                  0.00000004                  0.00000004 
                  0.00000038                  0.00000037                  0.00000035                  0.00000004                  0.00000004 
                  0.00000036                  0.00000035                  0.00000033                  0.00000003                  0.00000003 
                  0.00000034                  0.00000033                  0.00000032                  0.00000003                  0.00000003 
                  0.00000032                  0.00000031                  0.00000030                  0.00000003                  0.00000003 
                  0.00000031                  0.00000030                  0.00000028                  0.00000003                  0.00000003 
                  0.00000029                  0.00000028                  0.00000027                  0.00000003                  0.00000003 
                  0.00000028                  0.00000027                  0.00000026                  0.00000003                  0.00000003 
                  0.00000026                  0.00000025                  0.00000024                  0.00000003                  0.00000003 
                  0.00000025                  0.00000024                  0.00000023                  0.00000002                  0.00000002 
                  0.00000024                  0.00000023                  0.00000022                  0.00000002                  0.00000002 
                  0.00000022                  0.00000022                  0.00000021                  0.00000002                  0.00000002 
                  0.00000021                  0.00000021                  0.00000020                  0.00000002                  0.00000002 
                  0.00000020                  0.00000020                  0.00000019                  0.00000002                  0.00000002 
                  0.00000019                  0.00000019                  0.00000018                  0.00000002                  0.00000002 
                  0.00000018                  0.00000018                  0.00000017                  0.00000002                  0.00000002 
                  0.00000017                  0.00000017                  0.00000016                  0.00000002                  0.00000002 
                  0.00000016                  0.00000016                  0.00000015                  0.00000002                  0.00000002 
                  0.00000015                  0.00000015                  0.00000014                  0.00000001                  0.00000001 
                  0.00000015                  0.00000014                  0.00000014                  0.00000001                  0.00000001 
                  0.00000014                  0.00000014                  0.00000013                  0.00000001                  0.00000001 
                  0.00000013                  0.00000013                  0.00000012                  0.00000001                  0.00000001 
                  0.00000013                  0.00000012                  0.00000012                  0.00000001                  0.00000001 
                  0.00000012                  0.00000012                  0.00000011                  0.00000001                  0.00000001 
                  0.00000011                  0.00000011                  0.00000010                  0.00000001                  0.00000001 
                  0.00000011                  0.00000010                  0.00000010                  0.00000001                  0.00000001 
                  0.00000010                  0.00000010                  0.00000009                  0.00000001                  0.00000001 
                  0.00000010                  0.00000009                  0.00000009                  0.00000001                  0.00000001 
                  0.00000009                  0.00000009                  0.00000008                  0.00000001                  0.00000001 
                  0.00000009                  0.00000008                  0.00000008                  0.00000001                  0.00000001 
                  0.00000008                  0.00000008                  0.00000008                  0.00000001                  0.00000001 
