                 -0.00000000                 -0.00000000                 -0.00000000                 -0.00000000                 -0.00000000 
                 -0.00000000                 -0.00000000                 -0.00000000                 -0.00000000                 -0.00000000 
                 -0.00000000                 -0.00000000                 -0.00000000                 -0.00000000                 -0.00000000 
                 -0.00000000                 -0.00000000                 -0.00000000                 -0.00000000                 -0.00000000 
                 -0.00000000                 -0.00000000                 -0.00000000                 -0.00000000                 -0.00000000 
                 -0.00000000                 -0.00000000                 -0.00000000                 -0.00000000                 -0.00000000 
                 -0.00000000                 -0.00000000                 -0.00000000                 -0.00000000                 -0.00000000 
                 -0.00000000                 -0.00000000                 -0.00000000                 -0.00000000                 -0.00000000 
                 -0.00000000                 -0.00000000                 -0.00000000                 -0.00000000                 -0.00000000 
                 -0.00000000                 -0.00000000                 -0.00000000                 -0.00000000                 -0.00000000 
                 -0.00000000                 -0.00000000                 -0.00000000                 -0.00000000                 -0.00000000 
                 -0.00000000                 -0.00000000                 -0.00000000                 -0.00000000                 -0.00000000 
                 -0.00000000                 -0.00000000                 -0.00000000                 -0.00000000                 -0.00000000 
                 -0.00000000                 -0.00000000                 -0.00000000                 -0.00000000                 -0.00000000 
                 -0.00000000                 -0.00000000                 -0.00000000                 -0.00000000                 -0.00000000 
                 -0.00000000                 -0.00000000                 -0.00000000                 -0.00000000                 -0.00000000 
                 -0.00000000                 -0.00000000                 -0.00000000                 -0.00000000                 -0.00000000 
                 -0.00000000                 -0.00000000                 -0.00000000                 -0.00000000                 -0.00000000 
                 -0.00000000                 -0.00000000                 -0.00000000                 -0.00000000                 -0.00000000 
                 -0.00000000                 -0.00000000                 -0.00000000                 -0.00000000                 -0.00000000 
                 -0.00000000                 -0.00000000                 -0.00000000                 -0.00000000                 -0.00000000 
                 -0.00000000                 -0.00000000                 -0.00000000                 -0.00000000                 -0.00000000 
                 -0.00000000                 -0.00000000                 -0.00000000                 -0.00000000                 -0.00000000 
                 -0.00000000                 -0.00000000                 -0.00000000                 -0.00000000                 -0.00000000 
                 -0.00000000                 -0.00000000                 -0.00000000                 -0.00000000                 -0.00000000 
                 -0.00000000                 -0.00000000                 -0.00000000                 -0.00000000                 -0.00000000 
                 -0.00000000                 -0.00000000                 -0.00000000                 -0.00000000                 -0.00000000 
                 -0.00000000                 -0.00000000                 -0.00000000                 -0.00000000                 -0.00000000 
                 -0.00000000                 -0.00000000                 -0.00000000                 -0.00000000                 -0.00000000 
                 -0.00000000                 -0.00000000                 -0.00000000                 -0.00000000                 -0.00000000 
                 -0.00000000                 -0.00000000                 -0.00000000                 -0.00000000                 -0.00000000 
                 -0.00000000                 -0.00000000                 -0.00000000                 -0.00000000                 -0.00000000 
                 -0.00000000                 -0.00000000                 -0.00000000                 -0.00000000                 -0.00000000 
                 -0.00000000                 -0.00000000                 -0.00000000                 -0.00000000                 -0.00000000 
                 -0.00000000                 -0.00000000                 -0.00000000                 -0.00000000                 -0.00000000 
                 -0.00000001                 -0.00000001                 -0.00000001                 -0.00000000                 -0.00000000 
                 -0.00000001                 -0.00000001                 -0.00000001                 -0.00000000                 -0.00000000 
                 -0.00000001                 -0.00000001                 -0.00000001                 -0.00000000                 -0.00000000 
                 -0.00000001                 -0.00000001                 -0.00000001                 -0.00000000                 -0.00000000 
                 -0.00000002                 -0.00000002                 -0.00000002                 -0.00000001                 -0.00000001 
                 -0.00000002                 -0.00000002                 -0.00000002                 -0.00000001                 -0.00000001 
                 -0.00000003                 -0.00000003                 -0.00000003                 -0.00000001                 -0.00000001 
                 -0.00000004                 -0.00000004                 -0.00000004                 -0.00000001                 -0.00000001 
                 -0.00000005                 -0.00000005                 -0.00000005                 -0.00000002                 -0.00000002 
                 -0.00000006                 -0.00000006                 -0.00000006                 -0.00000002                 -0.00000002 
                 -0.00000008                 -0.00000008                 -0.00000008                 -0.00000003                 -0.00000003 
                 -0.00000010                 -0.00000010                 -0.00000010                 -0.00000003                 -0.00000003 
                 -0.00000012                 -0.00000012                 -0.00000012                 -0.00000004                 -0.00000004 
                 -0.00000016                 -0.00000016                 -0.00000016                 -0.00000006                 -0.00000006 
                 -0.00000020                 -0.00000020                 -0.00000020                 -0.00000007                 -0.00000007 
                 -0.00000025                 -0.00000025                 -0.00000025                 -0.00000009                 -0.00000009 
                 -0.00000032                 -0.00000032                 -0.00000032                 -0.00000011                 -0.00000011 
                 -0.00000040                 -0.00000040                 -0.00000040                 -0.00000014                 -0.00000014 
                 -0.00000050                 -0.00000050                 -0.00000051                 -0.00000018                 -0.00000018 
                 -0.00000063                 -0.00000063                 -0.00000064                 -0.00000022                 -0.00000023 
                 -0.00000080                 -0.00000080                 -0.00000080                 -0.00000028                 -0.00000028 
                 -0.00000100                 -0.00000100                 -0.00000100                 -0.00000035                 -0.00000036 
                 -0.00000126                 -0.00000125                 -0.00000126                 -0.00000044                 -0.00000045 
                 -0.00000157                 -0.00000157                 -0.00000158                 -0.00000056                 -0.00000056 
                 -0.00000196                 -0.00000196                 -0.00000197                 -0.00000070                 -0.00000070 
                 -0.00000245                 -0.00000245                 -0.00000246                 -0.00000087                 -0.00000087 
                 -0.00000305                 -0.00000305                 -0.00000307                 -0.00000108                 -0.00000108 
                 -0.00000380                 -0.00000380                 -0.00000381                 -0.00000135                 -0.00000135 
                 -0.00000472                 -0.00000472                 -0.00000474                 -0.00000167                 -0.00000167 
                 -0.00000586                 -0.00000586                 -0.00000588                 -0.00000207                 -0.00000208 
                 -0.00000726                 -0.00000726                 -0.00000729                 -0.00000257                 -0.00000257 
                 -0.00000898                 -0.00000898                 -0.00000901                 -0.00000317                 -0.00000318 
                 -0.00001109                 -0.00001109                 -0.00001113                 -0.00000392                 -0.00000393 
                 -0.00001368                 -0.00001368                 -0.00001373                 -0.00000483                 -0.00000484 
                 -0.00001685                 -0.00001685                 -0.00001691                 -0.00000595                 -0.00000596 
                 -0.00002072                 -0.00002072                 -0.00002080                 -0.00000732                 -0.00000733 
                 -0.00002544                 -0.00002544                 -0.00002554                 -0.00000898                 -0.00000900 
                 -0.00003120                 -0.00003119                 -0.00003131                 -0.00001101                 -0.00001103 
                 -0.00003819                 -0.00003819                 -0.00003833                 -0.00001347                 -0.00001350 
                 -0.00004669                 -0.00004668                 -0.00004686                 -0.00001647                 -0.00001650 
                 -0.00005699                 -0.00005698                 -0.00005720                 -0.00002009                 -0.00002013 
                 -0.00006946                 -0.00006945                 -0.00006972                 -0.00002448                 -0.00002453 
                 -0.00008453                 -0.00008452                 -0.00008485                 -0.00002979                 -0.00002984 
                 -0.00010273                 -0.00010272                 -0.00010312                 -0.00003619                 -0.00003626 
                 -0.00012466                 -0.00012464                 -0.00012513                 -0.00004390                 -0.00004398 
                 -0.00015104                 -0.00015102                 -0.00015161                 -0.00005317                 -0.00005327 
                 -0.00018274                 -0.00018271                 -0.00018343                 -0.00006431                 -0.00006443 
                 -0.00022076                 -0.00022073                 -0.00022161                 -0.00007767                 -0.00007782 
                 -0.00026631                 -0.00026627                 -0.00026733                 -0.00009367                 -0.00009384 
                 -0.00032077                 -0.00032073                 -0.00032201                 -0.00011279                 -0.00011300 
                 -0.00038581                 -0.00038576                 -0.00038731                 -0.00013561                 -0.00013587 
                 -0.00046336                 -0.00046329                 -0.00046516                 -0.00016282                 -0.00016313 
                 -0.00055567                 -0.00055559                 -0.00055785                 -0.00019520                 -0.00019556 
                 -0.00066540                 -0.00066530                 -0.00066802                 -0.00023367                 -0.00023410 
                 -0.00079563                 -0.00079551                 -0.00079877                 -0.00027932                 -0.00027983 
                 -0.00094996                 -0.00094980                 -0.00095372                 -0.00033339                 -0.00033400 
                 -0.00113255                 -0.00113237                 -0.00113706                 -0.00039734                 -0.00039806 
                 -0.00134827                 -0.00134805                 -0.00135366                 -0.00047288                 -0.00047373 
                 -0.00160273                 -0.00160246                 -0.00160916                 -0.00056194                 -0.00056294 
                 -0.00190243                 -0.00190211                 -0.00191009                 -0.00066680                 -0.00066799 
                 -0.00225488                 -0.00225449                 -0.00226400                 -0.00079008                 -0.00079147 
                 -0.00266873                 -0.00266826                 -0.00267957                 -0.00093478                 -0.00093642 
                 -0.00315394                 -0.00315337                 -0.00316679                 -0.00110437                 -0.00110629 
                 -0.00372193                 -0.00372126                 -0.00373715                 -0.00130283                 -0.00130507 
                 -0.00438583                 -0.00438502                 -0.00440383                 -0.00153471                 -0.00153732 
                 -0.00516063                 -0.00515967                 -0.00518189                 -0.00180523                 -0.00180828 
                 -0.00606350                 -0.00606235                 -0.00608857                 -0.00212035                 -0.00212390 
                 -0.00711400                 -0.00711262                 -0.00714350                 -0.00248687                 -0.00249098 
                 -0.00833439                 -0.00833276                 -0.00836908                 -0.00291250                 -0.00291728 
                 -0.00975001                 -0.00974806                 -0.00979072                 -0.00340604                 -0.00341157 
                 -0.01138957                 -0.01138727                 -0.01143728                 -0.00397745                 -0.00398383 
                 -0.01328562                 -0.01328289                 -0.01334145                 -0.00463800                 -0.00464536 
                 -0.01547495                 -0.01547172                 -0.01554018                 -0.00540044                 -0.00540891 
                 -0.01799906                 -0.01799524                 -0.01807516                 -0.00627914                 -0.00628887 
                 -0.02090472                 -0.02090021                 -0.02099336                 -0.00729028                 -0.00730144 
                 -0.02424452                 -0.02423921                 -0.02434762                 -0.00845207                 -0.00846484 
                 -0.02807750                 -0.02807125                 -0.02819723                 -0.00978491                 -0.00979950 
                 -0.03246978                 -0.03246243                 -0.03260860                 -0.01131165                 -0.01132828 
                 -0.03749532                 -0.03748669                 -0.03765605                 -0.01305785                 -0.01307677 
                 -0.04323669                 -0.04322658                 -0.04342249                 -0.01505201                 -0.01507349 
                 -0.04978587                 -0.04977404                 -0.05000035                 -0.01732588                 -0.01735022 
                 -0.05724520                 -0.05723137                 -0.05749238                 -0.01991475                 -0.01994228 
                 -0.06572823                 -0.06571208                 -0.06601267                 -0.02285777                 -0.02288884 
                 -0.07536082                 -0.07534198                 -0.07568765                 -0.02619832                 -0.02623331 
                 -0.08628213                 -0.08626021                 -0.08665709                 -0.02998433                 -0.03002364 
                 -0.09864581                 -0.09862031                 -0.09907532                 -0.03426868                 -0.03431276 
                 -0.11262108                 -0.11259148                 -0.11311234                 -0.03910962                 -0.03915893 
                 -0.12839408                 -0.12835974                 -0.12895510                 -0.04457114                 -0.04462618 
                 -0.14616907                 -0.14612928                 -0.14680877                 -0.05072346                 -0.05078475 
                 -0.16616976                 -0.16612373                 -0.16689807                 -0.05764345                 -0.05771153 
                 -0.18864076                 -0.18858758                 -0.18946868                 -0.06541510                 -0.06549054 
                 -0.21384895                 -0.21378759                 -0.21478865                 -0.07413000                 -0.07421338 
                 -0.24208489                 -0.24201417                 -0.24314982                 -0.08388783                 -0.08397975 
                 -0.27366436                 -0.27358299                 -0.27486935                 -0.09479687                 -0.09489793 
                 -0.30892986                 -0.30883634                 -0.31029123                 -0.10697448                 -0.10708527 
                 -0.34825203                 -0.34814468                 -0.34978771                 -0.12054761                 -0.12066873 
                 -0.39203119                 -0.39190811                 -0.39376083                 -0.13565333                 -0.13578533 
                 -0.44069889                 -0.44055796                 -0.44264394                 -0.15243930                 -0.15258268 
                 -0.49471918                 -0.49455801                 -0.49690309                 -0.17106421                 -0.17121945 
                 -0.55459017                 -0.55440611                 -0.55703849                 -0.19169837                 -0.19186586 
                 -0.62084538                 -0.62063539                 -0.62358582                 -0.21452403                 -0.21470407 
                 -0.69405484                 -0.69381559                 -0.69711745                 -0.23973587                 -0.23992863 
                 -0.77482647                 -0.77455425                 -0.77824378                 -0.26754141                 -0.26774693 
                 -0.86380696                 -0.86349761                 -0.86761409                 -0.29816127                 -0.29837936 
                 -0.96168286                 -0.96133173                 -0.96591753                 -0.33182958                 -0.33205986 
                 -1.06918120                 -1.06878304                 -1.07388401                 -0.36879414                 -0.36903599 
                 -1.18707013                 -1.18661928                 -1.19228458                 -0.40931669                 -0.40956914 
                 -1.31615925                 -1.31564939                 -1.32193184                 -0.45367298                 -0.45393473 
                 -1.45730007                 -1.45672417                 -1.46368051                 -0.50215286                 -0.50242215 
                 -1.61138558                 -1.61073589                 -1.61842656                 -0.55506015                 -0.55533481 
                 -1.77935004                 -1.77861810                 -1.78710759                 -0.61271274                 -0.61299002 
                 -1.96216857                 -1.96134496                 -1.97070181                 -0.67544210                 -0.67571867 
                 -2.16085601                 -2.15993023                 -2.17022729                 -0.74359322                 -0.74386501 
                 -2.37646556                 -2.37542629                 -2.38674068                 -0.81752396                 -0.81778616 
                 -2.61008763                 -2.60892224                 -2.62133551                 -0.89760476                 -0.89785165 
                 -2.86284733                 -2.86154222                 -2.87513995                 -0.98421782                 -0.98444271 
                 -3.13590288                 -3.13444281                 -3.14931512                 -1.07775629                 -1.07795143 
                 -3.43044186                 -3.42881060                 -3.44505191                 -1.17862356                 -1.17877984 
                 -3.74767947                 -3.74585891                 -3.76356769                 -1.28723192                 -1.28733921 
                 -4.08885384                 -4.08682442                 -4.10610342                 -1.40400183                 -1.40404832 
                 -4.45522261                 -4.45296288                 -4.47391844                 -1.52936018                 -1.52933252 
                 -4.84805822                 -4.84554577                 -4.86828804                 -1.66373909                 -1.66362226 
                 -5.26864433                 -5.26585388                 -5.29049683                 -1.80757451                 -1.80735147 
                 -5.71826982                 -5.71517372                 -5.74183464                 -1.96130407                 -1.96095598 
                 -6.19822264                 -6.19479179                 -6.22359037                 -2.12536573                 -2.12487149 
                 -6.70978594                 -6.70598793                 -6.73704672                 -2.30019569                 -2.29953194 
                 -7.25422955                 -7.25003052                 -7.28347349                 -2.48622656                 -2.48536706 
                 -7.83280516                 -7.82816792                 -7.86412096                 -2.68388462                 -2.68280077 
                 -8.44673920                 -8.44162369                 -8.48021317                 -2.89358830                 -2.89224863 
                 -9.09722424                 -9.09158802                 -9.13294125                 -3.11574554                 -3.11411548 
                 -9.78541470                 -9.77921104                 -9.82345486                 -3.35075140                 -3.34879327 
                -10.51241589                -10.50559616                -10.55285645                 -3.59898591                 -3.59665847 
                -11.27927971                -11.27179050                -11.32219124                 -3.86081123                 -3.85806990 
                -12.08699417                -12.07877922                -12.13244057                 -4.13656950                 -4.13336611 
                -12.93647766                -12.92747688                -12.98451614                 -4.42658043                 -4.42286253 
                -13.82857037                -13.81871891                -13.87924957                 -4.73113823                 -4.72684956 
                -14.76402569                -14.75325584                -14.81738472                 -5.05051041                 -5.04559040 
                -15.74350643                -15.73174572                -15.79957199                 -5.38493395                 -5.37931776 
                -16.76757240                -16.75474358                -16.82636070                 -5.73461390                 -5.72823238 
                -17.83667755                -17.82269859                -17.89818954                 -6.09972095                 -6.09250069 
                -18.95116234                -18.93594742                -19.01538467                 -6.48039007                 -6.47225237 
                -20.11124420                -20.09470367                -20.17815018                 -6.87671709                 -6.86757851 
                -21.31701851                -21.29905510                -21.38656044                 -7.28875828                 -7.27853107 
                -22.56844711                -22.54895973                -22.64055824                 -7.71652794                 -7.70511913 
                -23.86535645                -23.84424019                -23.93995094                 -8.15999794                 -8.14730930 
                -25.20743370                -25.18457603                -25.28440475                 -8.61909485                 -8.60502434 
                -26.59422112                -26.56950569                -26.67343712                 -9.09370136                 -9.07814026 
                -28.02511787                -27.99842072                -28.10642433                 -9.58365250                 -9.56648827 
                -29.49937248                -29.47056580                -29.58258820                -10.08873844                -10.06985378 
                -31.01608658                -30.98503685                -31.10100555                -10.60870171                -10.58797455 
                -32.57421112                -32.54077911                -32.66059875                -11.14323902                -11.12054157 
                -34.17255020                -34.13659286                -34.26014328                -11.69199944                -11.66720104 
                -35.80976105                -35.77112579                -35.89826584                -12.25458813                -12.22755241 
                -37.48435593                -37.44289017                -37.57345200                -12.83056450                -12.80115128 
                -39.19470596                -39.15024567                -39.28403854                -13.41944408                -13.38751030 
                -40.93904114                -40.89142609                -41.02822876                -14.02070045                -13.98609829 
                -42.71546936                -42.66452408                -42.80408859                -14.63376617                -14.59634495 
                -44.52196121                -44.46751404                -44.60956573                -15.25803661                -15.21764183 
                -46.35637665                -46.29824448                -46.44248199                -15.89286900                -15.84934330 
                -48.21645737                -48.15445328                -48.30054855                -16.53758812                -16.49077225 
                -50.09984207                -50.03377914                -50.18137360                -17.19148636                -17.14121819 
                -52.00407791                -51.93376160                -52.08246613                -17.85382652                -17.79994392 
                -53.92662048                -53.85185242                -54.00125504                -18.52384949                -18.46618652 
                -55.86485291                -55.78543091                -55.93508911                -19.20076942                -19.13916206 
                -57.81608963                -57.73181152                -57.88125610                -19.88378525                -19.81806564 
                -59.77759552                -59.68825150                -59.83698654                -20.57207870                -20.50208092 
                -61.74658585                -61.65196609                -61.79946899                -21.26481819                -21.19037628 
                -63.72024536                -63.62014008                -63.76586533                -21.96116257                -21.88211250 
                -65.69573975                -65.58993530                -65.73330688                -22.66027069                -22.57644844 
                -67.67021942                -67.55850220                -67.69892883                -23.36129379                -23.27253914 
                -69.64084625                -69.52300262                -69.65986633                -24.06338882                -23.96954346 
                -71.60478210                -71.48059845                -71.61326599                -24.76571655                -24.66662407 
                -73.55923462                -73.42848969                -73.55630493                -25.46744919                -25.36295509 
                -75.50142670                -75.36390686                -75.48620605                -26.16776657                -26.05772209 
                -77.42863464                -77.28413391                -77.40022278                -26.86586761                -26.75012970 
                -79.33819580                -79.18650818                -79.29567719                -27.56096840                -27.43939590 
                -81.22750854                -81.06842804                -81.16996765                -28.25230789                -28.12476349 
                -83.09405518                -82.92737579                -83.02056122                -28.93914604                -28.80550003 
                -84.93540192                -84.76091766                -84.84501648                -29.62077141                -29.48089981 
                -86.74919891                -86.56671906                -86.64099121                -30.29649925                -30.15028572 
                -88.53320312                -88.34253693                -88.40623474                -30.96567917                -30.81301117 
                -90.28527832                -90.08624268                -90.13861847                -31.62768936                -31.46846199 
                -92.00340271                -91.79581451                -91.83612061                -32.28194427                -32.11606216 
                -93.68567657                -93.46936035                -93.49684906                -32.92789841                -32.75526810 
                -95.33031464                -95.10510254                -95.11902618                -33.56503296                -33.38557434 
                -96.93566132                -96.70139313                -96.70101929                -34.19287491                -34.00651169 
                -98.50019073                -98.25672150                -98.24131012                -34.81098938                -34.61765289 
               -100.02251434                -99.76969910                -99.73851776                -35.41897583                -35.21860504 
               -101.50137329               -101.23906708               -101.19140625                -36.01647186                -35.80901718 
               -102.93563843               -102.66371918               -102.59886932                -36.60315704                -36.38857269 
               -104.32431030               -104.04266357               -103.95993042                -37.17875290                -36.95700073 
               -105.66653442               -105.37504578               -105.27375031                -37.74300766                -37.51406097 
               -106.96157837               -106.66014862               -106.53961945                -38.29571915                -38.05955505 
               -108.20883942               -107.89738464               -107.75696564                -38.83671188                -38.59331894 
               -109.40784454               -109.08628082               -108.92533875                -39.36584854                -39.11522293 
               -110.55824280               -110.22649384               -110.04441071                -39.88302994                -39.62517166 
               -111.65979004               -111.31780243               -111.11396790                -40.38818359                -40.12310410 
               -112.71237183               -112.36008453               -112.13392639                -40.88127136                -40.60898590 
               -113.71597290               -113.35334778               -113.10429382                -41.36228180                -41.08281708 
               -114.67068481               -114.29769135               -114.02519989                -41.83123779                -41.54462051 
               -115.57670593               -115.19332123               -114.89685822                -42.28818130                -41.99444962 
               -116.43431854               -116.04052734               -115.71958160                -42.73318481                -42.43238068 
               -117.24389648               -116.83969879               -116.49377441                -43.16633987                -42.85850906 
               -118.00589752               -117.59129333               -117.21991730                -43.58775711                -43.27295685 
               -118.72085571               -118.29585266               -117.89856720                -43.99757385                -43.67585754 
               -119.38937378               -118.95399475               -118.53035736                -44.39593887                -44.06737137 
               -120.01211548               -119.56638336               -119.11597443                -44.78301620                -44.44766617 
               -120.58980560               -120.13375092               -119.65615845                -45.15898895                -44.81692505 
               -121.12322235               -120.65688324               -120.15171051                -45.52404404                -45.17534256 
               -121.61318970               -121.13661194               -120.60347748                -45.87838745                -45.52312851 
               -122.06056976               -121.57380676               -121.01233673                -46.22223282                -45.86049271 
               -122.46626282               -121.96936798               -121.37920380                -46.55579758                -46.18766022 
               -122.83119202               -122.32422638               -121.70502472                -46.87930679                -46.50485611 
               -123.15631866               -122.63934326               -121.99076843                -47.19298935                -46.81231689 
               -123.44261932               -122.91569519               -122.23741913                -47.49707794                -47.11027145 
               -123.69107819               -123.15427399               -122.44596863                -47.79181290                -47.39896011 
               -123.90270233               -123.35607910               -122.61743164                -48.07742691                -47.67861938 
               -124.07849884               -123.52212524               -122.75283051                -48.35415649                -47.94948578 
               -124.21948242               -123.65341949               -122.85317230                -48.62223816                -48.21179962 
               -124.32666016               -123.75098419               -122.91947174                -48.88190460                -48.46578979 
               -124.40104675               -123.81581879               -122.95274353                -49.13339233                -48.71169281 
               -124.44364166               -123.84892273               -122.95398712                -49.37692642                -48.94973373 
               -124.45544434               -123.85129547               -122.92419434                -49.61273193                -49.18013763 
               -124.43743134               -123.82391357               -122.86434937                -49.84103012                -49.40312576 
               -124.39057922               -123.76774597               -122.77541351                -50.06203842                -49.61891174 
               -124.31584167               -123.68374634               -122.65833282                -50.27596664                -49.82770920 
               -124.21415710               -123.57284546               -122.51403809                -50.48302460                -50.02972031 
               -124.08644867               -123.43595886               -122.34344482                -50.68340683                -50.22514343 
               -123.93361664               -123.27397919               -122.14744568                -50.87731171                -50.41417313 
               -123.75654602               -123.08779144               -121.92691040                -51.06492996                -50.59700012 
               -123.55609894               -122.87824249               -121.68268585                -51.24644470                -50.77380371 
               -123.33310699               -122.64617157               -121.41559601                -51.42203140                -50.94475555 
               -123.08839417               -122.39238739               -121.12644958                -51.59186172                -51.11003113 
               -122.82275391               -122.11767578               -120.81602478                -51.75609970                -51.26979065 
               -122.53695679               -121.82279968               -120.48507690                -51.91490936                -51.42419434 
               -122.23175812               -121.50850677               -120.13434601                -52.06844330                -51.57339096 
               -121.90788269               -121.17551422               -119.76454163                -52.21685028                -51.71752930 
               -121.56603241               -120.82452393               -119.37635803                -52.36027145                -51.85675049 
               -121.20690155               -120.45620728               -118.97045898                -52.49884796                -51.99119186 
               -120.83113861               -120.07121277               -118.54749298                -52.63270950                -52.12098312 
               -120.43939209               -119.67018127               -118.10808563                -52.76198578                -52.24625015 
               -120.03227997               -119.25372314               -117.65283203                -52.88680267                -52.36711121 
               -119.61040497               -118.82242584               -117.18232727                -53.00727463                -52.48368835 
               -119.17434692               -118.37686157               -116.69713593                -53.12351990                -52.59609222 
               -118.72466278               -117.91758728               -116.19779968                -53.23564529                -52.70442963 
               -118.26189423               -117.44512939               -115.68484497                -53.34376144                -52.80880737 
               -117.78656006               -116.96000671               -115.15878296                -53.44796753                -52.90932465 
               -117.29917145               -116.46272278               -114.62010956                -53.54836273                -53.00608063 
               -116.80021667               -115.95375061               -114.06929779                -53.64504623                -53.09916687 
               -116.29016876               -115.43356323               -113.50681305                -53.73810577                -53.18867493 
               -115.76948547               -114.90260315               -112.93309784                -53.82763672                -53.27469254 
               -115.23860168               -114.36131287               -112.34858704                -53.91371918                -53.35730362 
               -114.69794464               -113.81010437               -111.75370026                -53.99644089                -53.43659210 
               -114.14793396               -113.24938965               -111.14883423                -54.07588196                -53.51263809 
               -113.58895874               -112.67956543               -110.53438568                -54.15212250                -53.58551788 
               -113.02141571               -112.10100555               -109.91073608                -54.22523880                -53.65530777 
               -112.44567108               -111.51408386               -109.27824402                -54.29530334                -53.72207642 
               -111.86208344               -110.91915131               -108.63727570                -54.36238861                -53.78590012 
               -111.27101135               -110.31655121               -107.98817444                -54.42656326                -53.84684372 
               -110.67278290               -109.70662689               -107.33127594                -54.48789978                -53.90497589 
               -110.06773376               -109.08969879               -106.66690063                -54.54646301                -53.96036530 
               -109.45617676               -108.46607971               -105.99537659                -54.60231781                -54.01306915 
               -108.83842468               -107.83608246               -105.31700134                -54.65552521                -54.06315613 
               -108.21477509               -107.19999695               -104.63208008                -54.70615005                -54.11068344 
               -107.58551788               -106.55810547               -103.94090271                -54.75424957                -54.15571213 
               -106.95092773               -105.91069794               -103.24374390                -54.79988480                -54.19829559 
               -106.31128693               -105.25803375               -102.54088593                -54.84311295                -54.23849487 
               -105.66684723               -104.60037994               -101.83259583                -54.88398743                -54.27636337 
               -105.01787567               -103.93799591               -101.11914062                -54.92256927                -54.31195831 
               -104.36461639               -103.27112579               -100.40076447                -54.95890808                -54.34532928 
               -103.70730591               -102.60001373                -99.67771912                -54.99305725                -54.37652969 
               -103.04618835               -101.92489624                -98.95024109                -55.02506638                -54.40561295 
               -102.38148499               -101.24599457                -98.21857452                -55.05498886                -54.43262482 
               -101.71341705               -100.56352997                -97.48294067                -55.08287048                -54.45761490 
               -101.04219818                -99.87772369                -96.74356079                -55.10876083                -54.48063278 
               -100.36804199                -99.18878174                -96.00065613                -55.13270950                -54.50172424 
                -99.69114685                -98.49691010                -95.25444031                -55.15476227                -54.52093506 
                -99.01171112                -97.80230713                -94.50511169                -55.17496490                -54.53831100 
                -98.32992554                -97.10516357                -93.75288391                -55.19335938                -54.55389786 
                -97.64598083                -96.40567017                -92.99794769                -55.20999146                -54.56773376 
                -96.96005249                -95.70401001                -92.24049377                -55.22490311                -54.57986450 
                -96.27231598                -95.00035858                -91.48070526                -55.23813629                -54.59033203 
                -95.58294678                -94.29489136                -90.71877289                -55.24973297                -54.59917831 
                -94.89210510                -93.58777618                -89.95487213                -55.25973511                -54.60644150 
                -94.19995117                -92.87918091                -89.18917084                -55.26818085                -54.61215973 
                -93.50664520                -92.16926575                -88.42184448                -55.27510834                -54.61637497 
                -92.81233978                -91.45818329                -87.65305328                -55.28055573                -54.61912155 
                -92.11718750                -90.74607849                -86.88296509                -55.28456116                -54.62044144 
                -91.42132568                -90.03310394                -86.11173248                -55.28715897                -54.62036514 
                -90.72489929                -89.31940460                -85.33950806                -55.28838730                -54.61893082 
                -90.02804565                -88.60512543                -84.56644440                -55.28828049                -54.61617279 
                -89.33088684                -87.89039612                -83.79268646                -55.28687286                -54.61212921 
                -88.63356018                -87.17534637                -83.01837921                -55.28419495                -54.60683060 
                -87.93618774                -86.46010590                -82.24365234                -55.28028488                -54.60030746 
                -87.23889160                -85.74480438                -81.46865082                -55.27517319                -54.59259415 
                -86.54179382                -85.02955627                -80.69349670                -55.26889038                -54.58372498 
                -85.84500122                -84.31448364                -79.91832733                -55.26147079                -54.57372665 
                -85.14862823                -83.59970093                -79.14326477                -55.25294113                -54.56263351 
                -84.45278168                -82.88532257                -78.36842346                -55.24333191                -54.55047226 
                -83.75756836                -82.17145538                -77.59393311                -55.23267365                -54.53727341 
                -83.06309509                -81.45820618                -76.81990051                -55.22099686                -54.52306366 
                -82.36945343                -80.74568176                -76.04644012                -55.20832443                -54.50787354 
                -81.67674255                -80.03398132                -75.27366638                -55.19468689                -54.49172974 
                -80.98505402                -79.32319641                -74.50167847                -55.18011475                -54.47465897 
                -80.29447937                -78.61342621                -73.73059082                -55.16463089                -54.45668793 
                -79.60510254                -77.90475464                -72.96049500                -55.14825821                -54.43784332 
                -78.91701508                -77.19728088                -72.19149017                -55.13102722                -54.41815186 
                -78.23029327                -76.49108124                -71.42367554                -55.11296082                -54.39763260 
                -77.54502106                -75.78624725                -70.65714264                -55.09408188                -54.37631607 
                -76.86127472                -75.08286285                -69.89198303                -55.07441711                -54.35422134 
                -76.17913055                -74.38100433                -69.12828064                -55.05398560                -54.33137512 
                -75.49866486                -73.68074036                -68.36612701                -55.03281403                -54.30780029 
                -74.81994629                -72.98215485                -67.60559845                -55.01092148                -54.28351593 
                -74.14303589                -72.28531647                -66.84677887                -54.98833466                -54.25854492 
                -73.46800995                -71.59029388                -66.08974457                -54.96507263                -54.23291016 
                -72.79492950                -70.89716339                -65.33457947                -54.94115448                -54.20663071 
                -72.12385559                -70.20597839                -64.58135223                -54.91660309                -54.17972946 
                -71.45484924                -69.51681519                -63.83013153                -54.89143753                -54.15222549 
                -70.78796387                -68.82972717                -63.08098984                -54.86567688                -54.12413788 
                -70.12326050                -68.14477539                -62.33399200                -54.83934021                -54.09548569 
                -69.46079254                -67.46201324                -61.58920288                -54.81244659                -54.06629181 
                -68.80061340                -66.78150177                -60.84669113                -54.78501511                -54.03656769 
                -68.14276886                -66.10329437                -60.10651398                -54.75706482                -54.00633621 
                -67.48731232                -65.42744446                -59.36872864                -54.72861099                -53.97561646 
                -66.83428955                -64.75400543                -58.63339615                -54.69967270                -53.94441986 
                -66.18374634                -64.08301544                -57.90057373                -54.67026520                -53.91276932 
                -65.53572083                -63.41453171                -57.17031097                -54.64040756                -53.88067627 
                -64.89026642                -62.74859619                -56.44266129                -54.61011124                -53.84815979 
                -64.24741364                -62.08525085                -55.71767426                -54.57939529                -53.81523514 
                -63.60720825                -61.42453766                -54.99539948                -54.54827499                -53.78191757 
                -62.96968460                -60.76649857                -54.27588654                -54.51676559                -53.74822235 
                -62.33488083                -60.11117172                -53.55917740                -54.48488235                -53.71416473 
                -61.70282745                -59.45859909                -52.84531403                -54.45264053                -53.67975998 
                -61.07356262                -58.80881119                -52.13434219                -54.42005157                -53.64501953 
                -60.44711685                -58.16184616                -51.42630005                -54.38713074                -53.60995865 
                -59.82352066                -57.51773453                -50.72122955                -54.35389328                -53.57459259 
                -59.20280457                -56.87651062                -50.01916504                -54.32035065                -53.53893280 
                -58.58499527                -56.23820496                -49.32014465                -54.28651428                -53.50299454 
                -57.97011948                -55.60284805                -48.62419891                -54.25239944                -53.46678543 
                -57.35820389                -54.97046661                -47.93136597                -54.21801376                -53.43032455 
                -56.74927139                -54.34108734                -47.24167633                -54.18337631                -53.39361954 
                -56.14334869                -53.71473694                -46.55516052                -54.14849472                -53.35668182 
                -55.54045486                -53.09143829                -45.87184525                -54.11338043                -53.31952286 
                -54.94061279                -52.47121429                -45.19176483                -54.07804489                -53.28215790 
                -54.34384155                -51.85408783                -44.51494217                -54.04249954                -53.24459457 
                -53.75016022                -51.24008179                -43.84140015                -54.00675583                -53.20684433 
                -53.15958786                -50.62921524                -43.17116547                -53.97082138                -53.16891479 
                -52.57213974                -50.02150726                -42.50426483                -53.93471146                -53.13082123 
                -51.98783112                -49.41697693                -41.84071732                -53.89843369                -53.09257126 
                -51.40668106                -48.81564331                -41.18054199                -53.86199570                -53.05417633 
                -50.82870102                -48.21751785                -40.52376175                -53.82540894                -53.01564407 
                -50.25390244                -47.62261963                -39.87039566                -53.78868103                -52.97698212 
                -49.68230057                -47.03096008                -39.22045898                -53.75182343                -52.93820190 
                -49.11390686                -46.44255066                -38.57397079                -53.71484375                -52.89931488 
                -48.54873276                -45.85740662                -37.93094635                -53.67775345                -52.86032486 
                -47.98678589                -45.27553940                -37.29140091                -53.64055634                -52.82124329 
                -47.42807770                -44.69696045                -36.65534973                -53.60326385                -52.78207779 
                -46.87261200                -44.12168121                -36.02280426                -53.56588364                -52.74283600 
                -46.32040024                -43.54970932                -35.39377594                -53.52842331                -52.70352554 
                -45.77145004                -42.98104858                -34.76827621                -53.49089050                -52.66415405 
                -45.22576523                -42.41571045                -34.14631653                -53.45329285                -52.62472916 
                -44.68335342                -41.85370255                -33.52790451                -53.41563797                -52.58525848 
                -44.14421463                -41.29503250                -32.91305161                -53.37793350                -52.54574966 
                -43.60835648                -40.73970032                -32.30176544                -53.34018326                -52.50621033 
                -43.07578278                -40.18771362                -31.69405174                -53.30239868                -52.46664810 
                -42.54649353                -39.63907623                -31.08991814                -53.26458359                -52.42706680 
                -42.02049255                -39.09379196                -30.48936844                -53.22674179                -52.38747406 
                -41.49778366                -38.55186462                -29.89240837                -53.18888474                -52.34787369 
                -40.97836685                -38.01329422                -29.29904366                -53.15101624                -52.30827332 
                -40.46223831                -37.47808456                -28.70927620                -53.11314392                -52.26868057 
                -39.94940186                -36.94623566                -28.12310982                -53.07527161                -52.22909927 
                -39.43985748                -36.41774368                -27.54054642                -53.03740311                -52.18953705 
                -38.93360138                -35.89261246                -26.96158791                -52.99954605                -52.14999771 
                -38.43062973                -35.37084198                -26.38623428                -52.96170807                -52.11048889 
                -37.93094254                -34.85242844                -25.81448555                -52.92389297                -52.07101440 
                -37.43453979                -34.33737183                -25.24634361                -52.88610458                -52.03157806 
                -36.94141388                -33.82566833                -24.68180656                -52.84834671                -51.99218750 
                -36.45156479                -33.31731415                -24.12087250                -52.81062698                -51.95284653 
                -35.96498489                -32.81230927                -23.56353951                -52.77294922                -51.91355896 
                -35.48167419                -32.31064987                -23.00980568                -52.73531723                -51.87432861 
                -35.00162506                -31.81232834                -22.45966721                -52.69773865                -51.83515930 
                -34.52482986                -31.31734276                -21.91312218                -52.66021347                -51.79605865 
                -34.05128479                -30.82568550                -21.37016487                -52.62274933                -51.75703049 
                -33.58098602                -30.33735275                -20.83079147                -52.58535004                -51.71807480 
                -33.11392212                -29.85233879                -20.29499817                -52.54801559                -51.67919922 
                -32.65008926                -29.37063599                -19.76277924                -52.51075363                -51.64040756 
                -32.18947983                -28.89223862                -19.23412704                -52.47356796                -51.60170364 
                -31.73208618                -28.41714096                -18.70903778                -52.43646240                -51.56308746 
                -31.27789879                -27.94533348                -18.18750381                -52.39943695                -51.52456665 
                -30.82691193                -27.47680855                -17.66951752                -52.36249924                -51.48614502 
                -30.37911415                -27.01155853                -17.15507126                -52.32564926                -51.44782257 
                -29.93449783                -26.54957581                -16.64415741                -52.28889084                -51.40960312 
                -29.49305534                -26.09085083                -16.13676834                -52.25223160                -51.37149048 
                -29.05477524                -25.63537407                -15.63289547                -52.21566772                -51.33348846 
                -28.61964798                -25.18313599                -15.13253021                -52.17920685                -51.29560089 
                -28.18766403                -24.73412895                -14.63566208                -52.14285278                -51.25782776 
                -27.75881386                -24.28834152                -14.14228249                -52.10660553                -51.22017288 
                -27.33308601                -23.84576225                -13.65238094                -52.07046890                -51.18264008 
                -26.91046906                -23.40638161                -13.16594791                -52.03444290                -51.14522934 
                -26.49095154                -22.97019005                -12.68297195                -51.99853134                -51.10794449 
                -26.07452393                -22.53717613                -12.20344353                -51.96273804                -51.07078934 
                -25.66117477                -22.10732841                -11.72735023                -51.92706680                -51.03376389 
                -25.25089073                -21.68063545                -11.25468159                -51.89151764                -50.99687195 
                -24.84366035                -21.25708389                -10.78542614                -51.85609436                -50.96011734 
                -24.43947220                -20.83666420                -10.31957150                -51.82079697                -50.92350006 
                -24.03831482                -20.41936302                 -9.85710526                -51.78562927                -50.88702011 
                -23.64017296                -20.00516891                 -9.39801598                -51.75059128                -50.85068130 
                -23.24503708                -19.59406853                 -8.94229031                -51.71568680                -50.81448746 
                -22.85289192                -19.18605042                 -8.48991585                -51.68091583                -50.77843857 
                -22.46372604                -18.78110123                 -8.04087925                -51.64628220                -50.74253464 
                -22.07752609                -18.37920761                 -7.59516764                -51.61178589                -50.70677948 
                -21.69427872                -17.98035622                 -7.15276766                -51.57742691                -50.67117310 
                -21.31397057                -17.58453369                 -6.71366549                -51.54321289                -50.63571930 
                -20.93658829                -17.19172668                 -6.27784729                -51.50914001                -50.60041809 
                -20.56211662                -16.80192184                 -5.84529924                -51.47521210                -50.56527328 
                -20.19054222                -16.41510582                 -5.41600752                -51.44142914                -50.53028488 
                -19.82185364                -16.03126335                 -4.98995733                -51.40779495                -50.49545288 
                -19.45603371                -15.65038109                 -4.56713438                -51.37430954                -50.46077728 
                -19.09307098                -15.27244473                 -4.14752388                -51.34097290                -50.42626190 
                -18.73294830                -14.89743996                 -3.73111105                -51.30778503                -50.39190674 
                -18.37565422                -14.52535248                 -3.31788111                -51.27474976                -50.35771561 
                -18.02117157                -14.15616798                 -2.90781903                -51.24186707                -50.32368851 
                -17.66948700                -13.78987217                 -2.50090957                -51.20914078                -50.28982544 
                -17.32058716                -13.42644978                 -2.09713745                -51.17657089                -50.25612640 
                -16.97445488                -13.06588554                 -1.69648743                -51.14415359                -50.22259140 
                -16.63107681                -12.70816517                 -1.29894400                -51.11189651                -50.18922424 
                -16.29043770                -12.35327435                 -0.90449131                -51.07979584                -50.15602493 
                -15.95252419                -12.00119686                 -0.51311386                -51.04785538                -50.12299347 
                -15.61731911                -11.65191841                 -0.12479573                -51.01607132                -50.09012985 
                -15.28480911                -11.30542374                  0.26047891                -50.98444748                -50.05743790 
                -14.95497799                -10.96169662                  0.64272606                -50.95298767                -50.02491379 
                -14.62781048                -10.62072277                  1.02196169                -50.92168808                -49.99256134 
                -14.30329227                -10.28248692                  1.39820206                -50.89054871                -49.96038055 
                -13.98140717                 -9.94697285                  1.77146339                -50.85957336                -49.92837143 
                -13.66214085                 -9.61416531                  2.14176178                -50.82876205                -49.89653397 
                -13.34547710                 -9.28404903                  2.50911379                -50.79811478                -49.86486816 
                -13.03140068                 -8.95660877                  2.87353563                -50.76763153                -49.83337784 
                -12.71989632                 -8.63182831                  3.23504376                -50.73731232                -49.80205917 
                -12.41094875                 -8.30969238                  3.59365463                -50.70715714                -49.77091217 
                -12.10454273                 -7.99018574                  3.94938493                -50.67716599                -49.73994064 
                -11.80066299                 -7.67329216                  4.30225134                -50.64734268                -49.70914459 
                -11.49929333                 -7.35899591                  4.65227032                -50.61768341                -49.67852020 
                -11.20041847                 -7.04728174                  4.99945831                -50.58819199                -49.64807129 
                -10.90402317                 -6.73813343                  5.34383202                -50.55886459                -49.61779785 
                -10.61009216                 -6.43153524                  5.68540859                -50.52970505                -49.58769989 
                -10.31860924                 -6.12747145                  6.02420425                -50.50071335                -49.55777740 
                -10.02956009                 -5.82592630                  6.36023617                -50.47188568                -49.52803040 
                 -9.74292755                 -5.52688408                  6.69352102                -50.44322586                -49.49845886 
                 -9.45869732                 -5.23032904                  7.02407551                -50.41473389                -49.46906281 
                 -9.17685318                 -4.93624544                  7.35191631                -50.38640976                -49.43983841 
                 -8.89738083                 -4.64461708                  7.67706013                -50.35825348                -49.41078949 
                 -8.62026405                 -4.35542870                  7.99952412                -50.33026123                -49.38191605 
                 -8.34548664                 -4.06866407                  8.31932545                -50.30243683                -49.35321808 
                 -8.07303429                 -3.78430772                  8.63648033                -50.27478027                -49.32469559 
                 -7.80289078                 -3.50234389                  8.95100594                -50.24729156                -49.29634857 
                 -7.53504086                 -3.22275686                  9.26291847                -50.21996689                -49.26817322 
                 -7.26946926                 -2.94553089                  9.57223511                -50.19281006                -49.24017334 
                 -7.00616074                 -2.67065024                  9.87897205                -50.16582108                -49.21234894 
                 -6.74510002                 -2.39809918                 10.18314648                -50.13899612                -49.18469620 
                 -6.48627138                 -2.12786222                 10.48477554                -50.11233902                -49.15721893 
                 -6.22966003                 -1.85992360                 10.78387547                -50.08584595                -49.12991333 
                 -5.97525024                 -1.59426785                 11.08046341                -50.05952072                -49.10278320 
                 -5.72302675                 -1.33087921                 11.37455559                -50.03335953                -49.07582474 
                 -5.47297478                 -1.06974232                 11.66616917                -50.00736237                -49.04903793 
                 -5.22507906                 -0.81084156                 11.95532036                -49.98153305                -49.02242661 
                 -4.97932434                 -0.55416149                 12.24202633                -49.95586777                -48.99598694 
                 -4.73569536                 -0.29968670                 12.52630329                -49.93036652                -48.96971893 
                 -4.49417734                 -0.04740176                 12.80816746                -49.90502930                -48.94361877 
                 -4.25475550                  0.20270875                 13.08763599                -49.87985611                -48.91769028 
                 -4.01741457                  0.45066011                 13.36472511                -49.85484695                -48.89193344 
                 -3.78213954                  0.69646764                 13.63945103                -49.82999802                -48.86634445 
                 -3.54891586                  0.94014651                 13.91183090                -49.80531311                -48.84092712 
                 -3.31772852                  1.18171191                 14.18188000                -49.78078842                -48.81567764 
                 -3.08856273                  1.42117906                 14.44961548                -49.75642776                -48.79059601 
                 -2.86140370                  1.65856302                 14.71505260                -49.73222733                -48.76568222 
                 -2.63623691                  1.89387882                 14.97820854                -49.70818710                -48.74093628 
                 -2.41304755                  2.12714148                 15.23909950                -49.68430710                -48.71635818 
                 -2.19182134                  2.35836601                 15.49774075                -49.66058731                -48.69194794 
                 -1.97254360                  2.58756709                 15.75414944                -49.63702774                -48.66770172 
                 -1.75519991                  2.81475973                 16.00834084                -49.61362839                -48.64362335 
                 -1.53977573                  3.03995872                 16.26033020                -49.59038544                -48.61970901 
                 -1.32625687                  3.26317883                 16.51013565                -49.56730270                -48.59595871 
                 -1.11462903                  3.48443460                 16.75777054                -49.54437637                -48.57237244 
                 -0.90487790                  3.70374084                 17.00325203                -49.52160645                -48.54895020 
                 -0.69698930                  3.92111206                 17.24659729                -49.49899292                -48.52568817 
                 -0.49094918                  4.13656282                 17.48781967                -49.47653580                -48.50259018 
                 -0.28674346                  4.35010719                 17.72693634                -49.45423508                -48.47965240 
                 -0.08435820                  4.56175995                 17.96396065                -49.43208694                -48.45687485 
                  0.11622056                  4.77153540                 18.19890976                -49.41009521                -48.43425751 
                  0.31500670                  4.97944784                 18.43179893                -49.38825607                -48.41180038 
                  0.51201403                  5.18551111                 18.66264343                -49.36656952                -48.38950348 
                  0.70725626                  5.38973951                 18.89145851                -49.34503555                -48.36736298 
                  0.90074706                  5.59214735                 19.11825943                -49.32365417                -48.34537888 
                  1.09250009                  5.79274845                 19.34306145                -49.30242157                -48.32355499 
                  1.28252876                  5.99155664                 19.56587982                -49.28134155                -48.30188751 
                  1.47084665                  6.18858576                 19.78672981                -49.26041031                -48.28037262 
                  1.65746713                  6.38385010                 20.00562668                -49.23962784                -48.25901413 
                  1.84240365                  6.57736301                 20.22258568                -49.21899414                -48.23780823 
                  2.02566934                  6.76913786                 20.43762016                -49.19850922                -48.21675873 
                  2.20727754                  6.95918894                 20.65074539                -49.17816925                -48.19586182 
                  2.38724113                  7.14752913                 20.86197662                -49.15797806                -48.17511368 
                  2.56557345                  7.33417225                 21.07132721                -49.13793182                -48.15451813 
                  2.74228740                  7.51913166                 21.27881241                -49.11803055                -48.13407516 
                  2.91739583                  7.70242071                 21.48444748                -49.09827423                -48.11378098 
                  3.09091163                  7.88405275                 21.68824577                -49.07866287                -48.09363556 
                  3.26284766                  8.06404114                 21.89022255                -49.05919266                -48.07363892 
                  3.43321657                  8.24239826                 22.09039116                -49.03986740                -48.05379105 
                  3.60203099                  8.41913795                 22.28876686                -49.02068329                -48.03408813 
                  3.76930356                  8.59427261                 22.48536301                -49.00164032                -48.01453400 
                  3.93504667                  8.76781464                 22.68019295                -48.98273849                -47.99512482 
                  4.09927273                  8.93977737                 22.87327194                -48.96397400                -47.97586060 
                  4.26199436                  9.11017418                 23.06461334                -48.94535065                -47.95673752 
                  4.42322350                  9.27901745                 23.25423050                -48.92686462                -47.93775940 
                  4.58297253                  9.44631958                 23.44213867                -48.90851593                -47.91892242 
                  4.74125338                  9.61209297                 23.62834930                -48.89030457                -47.90022659 
                  4.89807844                  9.77635002                 23.81287766                -48.87223053                -47.88167191 
                  5.05345964                  9.93910313                 23.99573708                -48.85429001                -47.86325836 
                  5.20740891                 10.10036469                 24.17694092                -48.83648682                -47.84498596 
                  5.35993767                 10.26014709                 24.35650253                -48.81881714                -47.82685089 
                  5.51105833                 10.41846275                 24.53443527                -48.80128098                -47.80885315 
                  5.66078234                 10.57532310                 24.71075058                -48.78387833                -47.79099274 
                  5.80912113                 10.73074055                 24.88546371                -48.76660538                -47.77326965 
                  5.95608616                 10.88472748                 25.05858803                -48.74946594                -47.75568390 
                  6.10168934                 11.03729534                 25.23013496                -48.73245621                -47.73823166 
                  6.24594212                 11.18845558                 25.40011787                -48.71557617                -47.72091293 
                  6.38885546                 11.33822060                 25.56855011                -48.69882584                -47.70372772 
                  6.53044081                 11.48660088                 25.73544312                -48.68220139                -47.68667603 
                  6.67070913                 11.63360882                 25.90081024                -48.66570663                -47.66975403 
                  6.80967188                 11.77925587                 26.06466484                -48.64933777                -47.65296555 
                  6.94734001                 11.92355347                 26.22701836                -48.63309479                -47.63630676 
                  7.08372402                 12.06651306                 26.38788414                -48.61697769                -47.61977768 
                  7.21883535                 12.20814610                 26.54727364                -48.60098648                -47.60337830 
                  7.35268450                 12.34846306                 26.70520020                -48.58511734                -47.58710480 
                  7.48528242                 12.48747540                 26.86167526                -48.56937027                -47.57096100 
                  7.61664009                 12.62519455                 27.01671028                -48.55374527                -47.55494308 
                  7.74676752                 12.76163101                 27.17031860                -48.53824234                -47.53905106 
                  7.87567568                 12.89679527                 27.32250977                -48.52286148                -47.52328110 
                  8.00337505                 13.03069878                 27.47329903                -48.50760269                -47.50763702 
                  8.12987518                 13.16335201                 27.62269592                -48.49246216                -47.49211502 
                  8.25518703                 13.29476643                 27.77071190                -48.47743988                -47.47671509 
                  8.37932110                 13.42495155                 27.91736031                -48.46253586                -47.46143723 
                  8.50228786                 13.55391884                 28.06265259                -48.44775009                -47.44628143 
                  8.62409687                 13.68167782                 28.20659828                -48.43307877                -47.43124771 
                  8.74475765                 13.80823994                 28.34921074                -48.41852570                -47.41633224 
                  8.86428070                 13.93361473                 28.49049950                -48.40408707                -47.40153503 
                  8.98267555                 14.05781269                 28.63047791                -48.38976288                -47.38685608 
                  9.09995270                 14.18084431                 28.76915550                -48.37555313                -47.37229538 
                  9.21612167                 14.30271912                 28.90654373                -48.36145401                -47.35784912 
                  9.33119202                 14.42344761                 29.04265404                -48.34746933                -47.34352112 
                  9.44517326                 14.54303932                 29.17749786                -48.33359528                -47.32930756 
                  9.55807495                 14.66150475                 29.31108475                -48.31983185                -47.31520844 
                  9.66990662                 14.77885246                 29.44342613                -48.30617905                -47.30122375 
                  9.78067780                 14.89509296                 29.57453156                -48.29263306                -47.28734970 
                  9.89039803                 15.01023674                 29.70441437                -48.27919769                -47.27358627 
                  9.99907589                 15.12429237                 29.83308220                -48.26586914                -47.25993729 
                 10.10672092                 15.23726940                 29.96054649                -48.25264740                -47.24639893 
                 10.21334267                 15.34917736                 30.08681870                -48.23953247                -47.23296738 
                 10.31894970                 15.46002674                 30.21190834                -48.22652435                -47.21964645 
                 10.42355061                 15.56982517                 30.33582687                -48.21362305                -47.20643234 
                 10.52715492                 15.67858315                 30.45858192                -48.20082474                -47.19332886 
                 10.62977123                 15.78630924                 30.58018494                -48.18812943                -47.18033218 
                 10.73140812                 15.89301300                 30.70064735                -48.17553711                -47.16743851 
                 10.83207512                 15.99870300                 30.81997681                -48.16304779                -47.15465164 
                 10.93178082                 16.10338783                 30.93818474                -48.15066147                -47.14196777 
                 11.03053284                 16.20707703                 31.05528069                -48.13837433                -47.12939072 
