        0.00000000        0.00000000        0.00000000        0.00000000        0.00000000 
        0.00000000        0.00000000        0.00000000        0.00000000        0.00000000 
        0.00000000        0.00000000        0.00000000        0.00000000        0.00000000 
        0.00000000        0.00000000        0.00000000        0.00000000        0.00000000 
        0.00000000        0.00000000        0.00000000        0.00000000        0.00000000 
        0.00000000        0.00000000        0.00000000        0.00000000        0.00000000 
        0.00000000        0.00000000        0.00000000        0.00000000        0.00000000 
        0.00000000        0.00000000        0.00000000        0.00000000        0.00000000 
        0.00000000        0.00000000        0.00000000        0.00000000        0.00000000 
        0.00000000        0.00000000        0.00000000        0.00000000        0.00000000 
        0.00000000        0.00000000        0.00000000        0.00000000        0.00000000 
        0.00000000        0.00000000        0.00000000        0.00000000        0.00000000 
        0.00000000        0.00000000        0.00000000        0.00000000        0.00000000 
        0.00000000        0.00000000        0.00000000        0.00000000        0.00000000 
        0.00000000        0.00000000        0.00000000        0.00000000        0.00000000 
        0.00000000        0.00000000        0.00000000        0.00000000        0.00000000 
        0.00000000        0.00000000        0.00000000        0.00000000        0.00000000 
        0.00000000        0.00000000        0.00000000        0.00000000        0.00000000 
        0.00000000        0.00000000        0.00000000        0.00000000        0.00000000 
        0.00000000        0.00000000        0.00000000        0.00000000        0.00000000 
        0.00000000        0.00000000        0.00000000        0.00000000        0.00000000 
        0.00000000        0.00000000        0.00000000        0.00000000        0.00000000 
        0.00000000        0.00000000        0.00000000        0.00000000        0.00000000 
        0.00000000        0.00000000        0.00000000        0.00000000        0.00000000 
        0.00000000        0.00000000        0.00000000        0.00000000        0.00000000 
        0.00000000        0.00000000        0.00000000        0.00000000        0.00000000 
        0.00000000        0.00000000        0.00000000        0.00000000        0.00000000 
        0.00000000        0.00000000        0.00000000        0.00000000        0.00000000 
        0.00000000        0.00000000        0.00000000        0.00000000        0.00000000 
        0.00000000        0.00000000        0.00000000        0.00000000        0.00000000 
        0.00000000        0.00000000        0.00000000        0.00000000        0.00000000 
        0.00000000        0.00000000        0.00000000        0.00000000        0.00000000 
        0.00000000        0.00000000        0.00000000        0.00000000        0.00000000 
        0.00000000        0.00000000        0.00000000        0.00000000        0.00000000 
        0.00000000        0.00000000        0.00000000        0.00000000        0.00000000 
        0.00000000        0.00000000        0.00000000        0.00000000        0.00000000 
        0.00000000        0.00000000        0.00000000        0.00000000        0.00000000 
        0.00000000        0.00000000        0.00000000        0.00000000        0.00000000 
        0.00000000        0.00000000       -0.00000000        0.00000000        0.00000000 
        0.00000000       -0.00000000       -0.00000000        0.00000000        0.00000000 
        0.00000000       -0.00000000       -0.00000000        0.00000000        0.00000000 
        0.00000000       -0.00000000       -0.00000000        0.00000000        0.00000000 
       -0.00000000       -0.00000000       -0.00000000        0.00000000        0.00000000 
       -0.00000000       -0.00000000       -0.00000000        0.00000000        0.00000000 
       -0.00000000       -0.00000000       -0.00000000        0.00000000        0.00000000 
       -0.00000000       -0.00000000       -0.00000000        0.00000000        0.00000000 
       -0.00000000       -0.00000000       -0.00000000        0.00000000        0.00000000 
       -0.00000000       -0.00000000       -0.00000000        0.00000000        0.00000000 
       -0.00000000       -0.00000000       -0.00000000        0.00000000        0.00000000 
       -0.00000000       -0.00000000       -0.00000000        0.00000000        0.00000000 
       -0.00000000       -0.00000000       -0.00000000        0.00000000        0.00000000 
       -0.00000000       -0.00000000       -0.00000000        0.00000000        0.00000000 
       -0.00000000       -0.00000000       -0.00000000        0.00000000        0.00000000 
       -0.00000000       -0.00000000       -0.00000000        0.00000000        0.00000000 
       -0.00000000       -0.00000000       -0.00000000        0.00000000        0.00000000 
       -0.00000000       -0.00000000       -0.00000000        0.00000000        0.00000000 
       -0.00000000       -0.00000000       -0.00000000        0.00000000        0.00000000 
       -0.00000000       -0.00000000       -0.00000000        0.00000000        0.00000000 
       -0.00000000       -0.00000000       -0.00000000        0.00000000        0.00000000 
       -0.00000000       -0.00000000       -0.00000000        0.00000000        0.00000000 
       -0.00000000       -0.00000000       -0.00000000        0.00000000        0.00000000 
       -0.00000000       -0.00000000       -0.00000000        0.00000000        0.00000000 
       -0.00000000       -0.00000000       -0.00000000        0.00000000        0.00000000 
       -0.00000000       -0.00000000       -0.00000000        0.00000000        0.00000000 
       -0.00000000       -0.00000000       -0.00000000        0.00000000        0.00000000 
       -0.00000000       -0.00000000       -0.00000000        0.00000000        0.00000000 
       -0.00000000       -0.00000000       -0.00000000        0.00000000        0.00000000 
       -0.00000000       -0.00000000       -0.00000000        0.00000000        0.00000000 
       -0.00000000       -0.00000000       -0.00000000        0.00000000        0.00000000 
       -0.00000000       -0.00000000       -0.00000000        0.00000000        0.00000000 
       -0.00000000       -0.00000000       -0.00000000        0.00000000        0.00000000 
       -0.00000000       -0.00000000       -0.00000000        0.00000000        0.00000000 
       -0.00000000       -0.00000000       -0.00000000        0.00000000        0.00000000 
       -0.00000000       -0.00000000       -0.00000000        0.00000000        0.00000000 
       -0.00000000       -0.00000000       -0.00000000        0.00000000        0.00000000 
       -0.00000000       -0.00000000       -0.00000000        0.00000000        0.00000000 
       -0.00000000       -0.00000000       -0.00000000        0.00000000        0.00000000 
       -0.00000000       -0.00000000       -0.00000000        0.00000000        0.00000000 
       -0.00000000       -0.00000000       -0.00000000        0.00000000        0.00000000 
       -0.00000000       -0.00000000       -0.00000000        0.00000000        0.00000000 
       -0.00000000       -0.00000000       -0.00000000        0.00000000        0.00000000 
       -0.00000000       -0.00000000       -0.00000000        0.00000000        0.00000000 
       -0.00000000       -0.00000000       -0.00000000        0.00000000        0.00000000 
       -0.00000000       -0.00000000       -0.00000000        0.00000000        0.00000000 
       -0.00000000       -0.00000000       -0.00000000        0.00000000        0.00000000 
       -0.00000000       -0.00000000       -0.00000000        0.00000000        0.00000000 
       -0.00000000       -0.00000000       -0.00000000        0.00000000        0.00000000 
       -0.00000000       -0.00000000       -0.00000000        0.00000000        0.00000000 
       -0.00000000       -0.00000000       -0.00000000        0.00000000        0.00000000 
       -0.00000000       -0.00000000       -0.00000000        0.00000000        0.00000000 
       -0.00000000       -0.00000000       -0.00000000        0.00000000        0.00000000 
       -0.00000000       -0.00000000       -0.00000000        0.00000000        0.00000000 
       -0.00000000       -0.00000000       -0.00000000        0.00000000        0.00000000 
       -0.00000000       -0.00000000       -0.00000000        0.00000000        0.00000000 
       -0.00000000       -0.00000000       -0.00000000        0.00000000        0.00000000 
       -0.00000000       -0.00000000       -0.00000000        0.00000000        0.00000000 
       -0.00000000       -0.00000000       -0.00000000        0.00000000        0.00000000 
       -0.00000000       -0.00000000       -0.00000000        0.00000000        0.00000000 
       -0.00000000       -0.00000000       -0.00000000        0.00000000        0.00000000 
       -0.00000000       -0.00000000       -0.00000000        0.00000000        0.00000000 
       -0.00000000       -0.00000000       -0.00000000        0.00000000        0.00000000 
       -0.00000000       -0.00000000       -0.00000000        0.00000000        0.00000000 
       -0.00000000       -0.00000000       -0.00000000        0.00000000        0.00000000 
       -0.00000000       -0.00000000       -0.00000000        0.00000000        0.00000000 
       -0.00000000       -0.00000000       -0.00000000        0.00000000        0.00000000 
       -0.00000000       -0.00000000       -0.00000000        0.00000000        0.00000000 
       -0.00000000       -0.00000000       -0.00000000        0.00000000        0.00000000 
       -0.00000000       -0.00000000       -0.00000000        0.00000000        0.00000000 
       -0.00000000       -0.00000000       -0.00000000        0.00000000        0.00000000 
       -0.00000000       -0.00000000       -0.00000000        0.00000000        0.00000000 
       -0.00000000       -0.00000000       -0.00000000        0.00000000        0.00000000 
       -0.00000000       -0.00000000       -0.00000000        0.00000000        0.00000000 
       -0.00000000       -0.00000000       -0.00000000        0.00000000        0.00000000 
       -0.00000000       -0.00000000       -0.00000000        0.00000000        0.00000000 
       -0.00000000       -0.00000000       -0.00000000        0.00000000        0.00000000 
       -0.00000000       -0.00000000       -0.00000000        0.00000000        0.00000000 
       -0.00000000       -0.00000000       -0.00000000        0.00000000        0.00000000 
       -0.00000000       -0.00000000       -0.00000000        0.00000000        0.00000000 
       -0.00000000       -0.00000000       -0.00000000        0.00000000        0.00000000 
       -0.00000000       -0.00000000       -0.00000000        0.00000000        0.00000000 
       -0.00000000       -0.00000000       -0.00000000        0.00000000        0.00000000 
       -0.00000000       -0.00000000       -0.00000000        0.00000000        0.00000000 
       -0.00000000       -0.00000000       -0.00000000        0.00000000        0.00000000 
       -0.00000000       -0.00000000       -0.00000001        0.00000001        0.00000000 
       -0.00000000       -0.00000000       -0.00000001        0.00000001        0.00000000 
       -0.00000000       -0.00000000       -0.00000002        0.00000001        0.00000000 
       -0.00000000       -0.00000000       -0.00000003        0.00000002        0.00000001 
       -0.00000000       -0.00000000       -0.00000005        0.00000004        0.00000001 
       -0.00000000       -0.00000000       -0.00000007        0.00000006        0.00000002 
       -0.00000000       -0.00000000       -0.00000011        0.00000009        0.00000003 
       -0.00000000       -0.00000000       -0.00000018        0.00000015        0.00000004 
       -0.00000000       -0.00000001       -0.00000028        0.00000023        0.00000006 
       -0.00000000       -0.00000001       -0.00000044        0.00000035        0.00000010 
       -0.00000001       -0.00000002       -0.00000068        0.00000055        0.00000016 
       -0.00000001       -0.00000003       -0.00000105        0.00000084        0.00000025 
       -0.00000001       -0.00000005       -0.00000161        0.00000129        0.00000038 
       -0.00000002       -0.00000008       -0.00000245        0.00000195        0.00000059 
       -0.00000004       -0.00000012       -0.00000370        0.00000295        0.00000090 
       -0.00000006       -0.00000019       -0.00000557        0.00000444        0.00000136 
       -0.00000009       -0.00000028       -0.00000833        0.00000663        0.00000205 
       -0.00000014       -0.00000044       -0.00001238        0.00000984        0.00000308 
       -0.00000021       -0.00000066       -0.00001829        0.00001452        0.00000460 
       -0.00000033       -0.00000100       -0.00002687        0.00002130        0.00000682 
       -0.00000050       -0.00000151       -0.00003924        0.00003107        0.00001007 
       -0.00000076       -0.00000225       -0.00005698        0.00004507        0.00001477 
       -0.00000114       -0.00000335       -0.00008225        0.00006498        0.00002154 
       -0.00000171       -0.00000495       -0.00011806        0.00009316        0.00003123 
       -0.00000254       -0.00000727       -0.00016846        0.00013278        0.00004504 
       -0.00000376       -0.00001063       -0.00023899        0.00018816        0.00006458 
       -0.00000552       -0.00001546       -0.00033709        0.00026512        0.00009206 
       -0.00000808       -0.00002234       -0.00047273        0.00037140        0.00013051 
       -0.00001174       -0.00003212       -0.00065913        0.00051730        0.00018396 
       -0.00001698       -0.00004591       -0.00091375        0.00071641        0.00025786 
       -0.00002440       -0.00006527       -0.00125946        0.00098649        0.00035940 
       -0.00003487       -0.00009227       -0.00172604        0.00135067        0.00049812 
       -0.00004955       -0.00012974       -0.00235197        0.00183879        0.00068654 
       -0.00007001       -0.00018141       -0.00318662        0.00248916        0.00094096 
       -0.00009838       -0.00025230       -0.00429291        0.00335052        0.00128250 
       -0.00013748       -0.00034896       -0.00575048        0.00448458        0.00173835 
       -0.00019103       -0.00048003       -0.00765935        0.00596878        0.00234321 
       -0.00026399       -0.00065676       -0.01014427        0.00789975        0.00314118 
       -0.00036278       -0.00089376       -0.01335967        0.01039710        0.00418781 
       -0.00049582       -0.00120969       -0.01749551        0.01360787        0.00555269 
       -0.00067388       -0.00162850       -0.02278331        0.01771154        0.00732236 
       -0.00091091       -0.00218064       -0.02950370        0.02292553        0.00960367 
       -0.00122458       -0.00290439       -0.03799370        0.02951130        0.01252773 
       -0.00163734       -0.00384796       -0.04865527        0.03778102        0.01625425 
       -0.00217742       -0.00507092       -0.06196392        0.04810441        0.02097641 
       -0.00288010       -0.00664765       -0.07847822        0.06091627        0.02692613 
       -0.00378919       -0.00866872       -0.09884787        0.07672378        0.03438011 
       -0.00495851       -0.01124537       -0.12382352        0.09611392        0.04366589 
       -0.00645459       -0.01451147       -0.15426433        0.11976087        0.05516845 
       -0.00835764       -0.01862955       -0.19114614        0.14843231        0.06933683 
       -0.01076508       -0.02379251       -0.23556566        0.18299532        0.08669120 
       -0.01379323       -0.03023076       -0.28874755        0.22442114        0.10782909 
       -0.01758194       -0.03821468       -0.35204124        0.27378786        0.13343257 
       -0.02229524       -0.04806042       -0.42692447        0.33228230        0.16427326 
       -0.02812624       -0.06013680       -0.51499414        0.40119743        0.20121527 
       -0.03530264       -0.07486725       -0.61796045        0.48192930        0.24522436 
       -0.04408598       -0.09274006       -0.73763227        0.57597160        0.29736459 
       -0.05477715       -0.11430454       -0.87589645        0.68490195        0.35880017 
       -0.06772137       -0.14018345       -1.03470230        0.81037331        0.43079567 
       -0.08331013       -0.17107487       -1.21602917        0.95409393        0.51470852 
       -0.10198116       -0.20774460       -1.42184734        1.11780691        0.61198521 
       -0.12422752       -0.25104904       -1.65409184        1.30326748        0.72415090 
       -0.15059471       -0.30190372       -1.91462231        1.51221752        0.85279179 
       -0.18168068       -0.36131573       -2.20516014        1.74635220        0.99954939 
       -0.21813774       -0.43035126       -2.52726936        2.00729465        1.16609192 
       -0.26068115       -0.51014519       -2.88228607        2.29655552        1.35409117 
       -0.31006241       -0.60187340       -3.27128792        2.61550617        1.56521034 
       -0.36709404       -0.70677376       -3.69503021        2.96534395        1.80106354 
       -0.43262291       -0.82610893       -4.15392113        3.34706211        2.06319904 
       -0.50754547       -0.96115303       -4.64798546        3.76140785        2.35305023 
       -0.59277344       -1.11316299       -5.17680550        4.20887566        2.67193031 
       -0.68924713       -1.28338242       -5.73954773        4.68966961        3.02097702 
       -0.79792023       -1.47300339       -6.33488846        5.20369339        3.40114307 
       -0.91973495       -1.68314743       -6.96106339        5.75052738        3.81315804 
       -1.05563354       -1.91484070       -7.61584473        6.32944107        4.25750256 
       -1.20651627       -2.16896439       -8.29657745        6.93938065        4.73438263 
       -1.37324524       -2.44626999       -9.00017166        7.57896805        5.24372292 
       -1.55663300       -2.74734497       -9.72316742        8.24653244        5.78515053 
       -1.75740433       -3.07255554      -10.46183014        8.94011116        6.35799217 
       -1.97619629       -3.42205811      -11.21211243        9.65750694        6.96124077 
       -2.21356964       -3.79581451      -11.96979904       10.39627075        7.59361267 
       -2.46994781       -4.19348907      -12.73052216       11.15376854        8.25349998 
       -2.74565125       -4.61449432      -13.48989105       11.92722511        8.93904877 
       -3.04080963       -5.05804443      -14.24353027       12.71372604        9.64810181 
       -3.35546875       -5.52304840      -14.98715973       13.51030350       10.37831306 
       -3.68950653       -6.00817108      -15.71665192       14.31397247       11.12711334 
       -4.04261780       -6.51181030      -16.42820740       15.12170792       11.89177895 
       -4.41436005       -7.03221893      -17.11820984       15.93059158       12.66943550 
       -4.80416870       -7.56734467      -17.78350067       16.73774338       13.45713806 
       -5.21124268       -8.11503601      -18.42124939       17.54041862       14.25189209 
       -5.63468933       -8.67301178      -19.02912903       18.33604431       15.05068588 
       -6.07345581       -9.23879242      -19.60520935       19.12215996       15.85054970 
       -6.52640533       -9.80988312      -20.14803314       19.89657211       16.64857101 
       -6.99217987      -10.38378143      -20.65669250       20.65720558       17.44194603 
       -7.46940613      -10.95789337      -21.13062286       21.40227699       18.22801590 
       -7.95660400      -11.52971649      -21.56982422       22.13018799       19.00426865 
       -8.45219421      -12.09681702      -21.97461700       22.83957291       19.76838684 
       -8.95453644      -12.65685272      -22.34574890       23.52925873       20.51826668 
       -9.46198273      -13.20763397      -22.68430328       24.19834137       21.25202942 
       -9.97283173      -13.74707794      -22.99166107       24.84608459       21.96798706 
      -10.48537445      -14.27333069      -23.26946259       25.47195435       22.66474915 
      -10.99791718      -14.78475189      -23.51954651       26.07559967       23.34109879 
      -11.50883484      -15.27985382      -23.74389648       26.65685272       23.99610901 
      -12.01647949      -15.75745392      -23.94464111       27.21565628       24.62901306 
      -12.51933289      -16.21655273      -24.12392426       27.75215912       25.23931885 
      -13.01581573      -16.65636444      -24.28395844       28.26656342       25.82669830 
      -13.50457001      -17.07635498      -24.42691040       28.75918198       26.39099503 
      -13.98427582      -17.47618103      -24.55493164       29.23046875       26.93230438 
      -14.45371246      -17.85572052      -24.67002106       29.68092346       27.45076370 
      -14.91172791      -18.21499634      -24.77419281       30.11110306       27.94669724 
      -15.35733795      -18.55426788      -24.86929321       30.52158356       28.42054749 
      -15.78964996      -18.87388611      -24.95698547       30.91304398       28.87282944 
      -16.20786285      -19.17437744      -25.03881836       31.28613281       29.30418396 
      -16.61131287      -19.45633698      -25.11621857       31.64153290       29.71523285 
      -16.99942017      -19.72041321      -25.19046021       31.97993851       30.10672379 
      -17.37183380      -19.96746826      -25.26264191       32.30205536       30.47937393 
      -17.72816467      -20.19827271      -25.33374786       32.60857773       30.83398056 
      -18.06819916      -20.41367340      -25.40454865       32.90016174       31.17127991 
      -18.39179230      -20.61455536      -25.47572327       33.17749405       31.49208832 
      -18.69896698      -20.80181885      -25.54788971       33.44118881       31.79711151 
      -18.98979187      -20.97625732      -25.62143707       33.69192123       32.08715057 
      -19.26431274      -21.13881683      -25.69673920       33.93025208       32.36289215 
      -19.52279663      -21.29025269      -25.77401733       34.15673828       32.62506104 
      -19.76553345      -21.43135834      -25.85350037       34.37202454       32.87434006 
      -19.99284363      -21.56285858      -25.93516541       34.57655334       33.11134338 
      -20.20513916      -21.68544769      -26.01910400       34.77085114       33.33668137 
      -20.40279388      -21.79978943      -26.10523987       34.95539856       33.55093765 
      -20.58637238      -21.90653229      -26.19360352       35.13068008       33.75467682 
      -20.75625610      -22.00613403      -26.28402710       35.29708862       33.94838333 
      -20.91302490      -22.09919739      -26.37636566       35.45503616       34.13255692 
      -21.05716705      -22.18611145      -26.47042084       35.60491562       34.30768585 
      -21.18925476      -22.26736450      -26.56610107       35.74710464       34.47415161 
      -21.30993652      -22.34329224      -26.66318512       35.88195801       34.63240051 
      -21.41960907      -22.41425323      -26.76145172       36.00977325       34.78278732 
      -21.51892090      -22.48057556      -26.86071014       36.13088608       34.92570114 
      -21.60837555      -22.54249573      -26.96081543       36.24557877       35.06144714 
      -21.68851471      -22.60035706      -27.06156921       36.35412979       35.19038010 
      -21.75983429      -22.65432739      -27.16272736       36.45685196       35.31277847 
      -21.82294464      -22.70462799      -27.26407623       36.55394363       35.42892838 
      -21.87821198      -22.75144196      -27.36560822       36.64565659       35.53914642 
      -21.92619324      -22.79496765      -27.46702576       36.73225021       35.64368057 
      -21.96730042      -22.83539581      -27.56819153       36.81393433       35.74272919 
      -22.00198364      -22.87283325      -27.66894531       36.89090347       35.83659744 
      -22.03065491      -22.90745544      -27.76919556       36.96340179       35.92544937 
      -22.05375671      -22.93935394      -27.86879730       37.03158569       36.00953674 
      -22.07157898      -22.96865845      -27.96766663       37.09563446       36.08903122 
      -22.08459473      -22.99555969      -28.06564331       37.15574265       36.16418457 
      -22.09297943      -23.02005768      -28.16265869       37.21207428       36.23514557 
      -22.09716797      -23.04228973      -28.25860596       37.26477432       36.30209351 
      -22.09748840      -23.06243896      -28.35343933       37.31398392       36.36520386 
      -22.09412384      -23.08050537      -28.44705963       37.35992432       36.42462158 
      -22.08737946      -23.09661102      -28.53945160       37.40266418       36.48054123 
      -22.07752228      -23.11087036      -28.63049316       37.44236374       36.53309250 
      -22.06472778      -23.12332916      -28.72018433       37.47912216       36.58240509 
      -22.04929352      -23.13407135      -28.80847931       37.51310349       36.62861633 
      -22.03133392      -23.14321136      -28.89530182       37.54441071       36.67185593 
      -22.01105499      -23.15079498      -28.98066711       37.57312393       36.71230316 
      -21.98869324      -23.15682983      -29.06454468       37.59939194       36.74997711 
      -21.96430969      -23.16146851      -29.14694214       37.62329102       36.78503418 
      -21.93817139      -23.16480255      -29.22774506       37.64491272       36.81760406 
      -21.91032410      -23.16680908      -29.30703735       37.66439819       36.84775162 
      -21.88095856      -23.16758728      -29.38480377       37.68177795       36.87557983 
      -21.85018158      -23.16719055      -29.46097565       37.69715500       36.90122223 
      -21.81806946      -23.16567230      -29.53561401       37.71062851       36.92470551 
      -21.78476715      -23.16307068      -29.60868073       37.72223282       36.94615173 
      -21.75036621      -23.15943909      -29.68022919       37.73206329       36.96562576 
      -21.71495056      -23.15483856      -29.75020599       37.74021530       36.98322678 
      -21.67858887      -23.14932251      -29.81865692       37.74673080       36.99901962 
      -21.64140320      -23.14292145      -29.88555145       37.75166321       37.01306534 
      -21.60343170      -23.13562012      -29.95097351       37.75508499       37.02539825 
      -21.56476593      -23.12759399      -30.01486969       37.75706482       37.03613663 
      -21.52544403      -23.11875916      -30.07725525       37.75763702       37.04530334 
      -21.48553467      -23.10917664      -30.13819885       37.75688553       37.05299377 
      -21.44512177      -23.09890747      -30.19766235       37.75483704       37.05923462 
      -21.40422058      -23.08795929      -30.25569916       37.75154495       37.06410599 
      -21.36290741      -23.07634735      -30.31229401       37.74705124       37.06760025 
      -21.32121277      -23.06414032      -30.36749268       37.74142838       37.06983566 
      -21.27915955      -23.05135345      -30.42127991       37.73467255       37.07081223 
      -21.23681641      -23.03801727      -30.47368622       37.72683716       37.07061005 
      -21.19423676      -23.02411652      -30.52474213       37.71799088       37.06923294 
      -21.15140533      -23.00974274      -30.57444000       37.70816040       37.06674194 
      -21.10839081      -22.99486542      -30.62284088       37.69734192       37.06316757 
      -21.06522369      -22.97950745      -30.66993713       37.68563080       37.05855560 
      -21.02189636      -22.96369171      -30.71573639       37.67303085       37.05291748 
      -20.97846222      -22.94747162      -30.76026917       37.65953827       37.04632568 
      -20.93496704      -22.93082428      -30.80351257       37.64521790       37.03878784 
      -20.89137268      -22.91377258      -30.84560394       37.63010406       37.03034973 
      -20.84777832      -22.89636230      -30.88643646       37.61417770       37.02100754 
      -20.80412292      -22.87857056      -30.92607880       37.59754181       37.01082993 
      -20.76047516      -22.86040497      -30.96457672       37.58014297       36.99979401 
      -20.71681976      -22.84191895      -31.00189209       37.56204987       36.98798752 
      -20.67317963      -22.82308197      -31.03807831       37.54326630       36.97538376 
      -20.62957001      -22.80392456      -31.07312012       37.52381134       36.96203613 
      -20.58603668      -22.78446960      -31.10710144       37.50370789       36.94793701 
      -20.54254913      -22.76475525      -31.13996124       37.48299789       36.93312836 
      -20.49911499      -22.74468231      -31.17180634       37.46163940       36.91761780 
      -20.45578766      -22.72436523      -31.20256805       37.43973160       36.90145111 
      -20.41251373      -22.70375824      -31.23230743       37.41725159       36.88463974 
      -20.36935425      -22.68289948      -31.26106262       37.39419937       36.86716080 
      -20.32629395      -22.66179657      -31.28879547       37.37061310       36.84908295 
      -20.28332520      -22.64046478      -31.31555939       37.34649277       36.83037186 
      -20.24046326      -22.61886597      -31.34135437       37.32188416       36.81110382 
      -20.19772339      -22.59702301      -31.36624146       37.29676819       36.79124451 
      -20.15510559      -22.57501984      -31.39020538       37.27117920       36.77085114 
      -20.11259460      -22.55276489      -31.41326141       37.24512100       36.74990082 
      -20.07021332      -22.53028107      -31.43537903       37.21859741       36.72841644 
      -20.02796173      -22.50762939      -31.45666504       37.19163895       36.70642853 
      -19.98583984      -22.48478699      -31.47707367       37.16425323       36.68394470 
      -19.94387054      -22.46173859      -31.49666595       37.13643265       36.66095734 
      -19.90201569      -22.43852234      -31.51541901       37.10824203       36.63750458 
      -19.86029816      -22.41512299      -31.53333282       37.07963943       36.61358643 
      -19.81870270      -22.39158630      -31.55049133       37.05066681       36.58920288 
      -19.77725983      -22.36785889      -31.56686401       37.02130890       36.56439209 
      -19.73596191      -22.34397888      -31.58242798       36.99158859       36.53913879 
      -19.69479370      -22.31993103      -31.59730530       36.96151733       36.51348495 
      -19.65375519      -22.29573059      -31.61142731       36.93110657       36.48741531 
      -19.61288452      -22.27141571      -31.62479782       36.90036392       36.46095657 
      -19.57212830      -22.24694824      -31.63748550       36.86929703       36.43410110 
      -19.53150940      -22.22235107      -31.64945984       36.83792114       36.40687561 
      -19.49105835      -22.19763565      -31.66073608       36.80623627       36.37928391 
      -19.45071793      -22.17279053      -31.67137146       36.77425766       36.35132217 
      -19.41053772      -22.14783478      -31.68133926       36.74198532       36.32302856 
      -19.37049103      -22.12276077      -31.69066238       36.70943832       36.29439163 
      -19.33058548      -22.09758759      -31.69934082       36.67662811       36.26542282 
      -19.29080582      -22.07230759      -31.70742416       36.64355087       36.23613739 
      -19.25117493      -22.04691315      -31.71488571       36.61023331       36.20651627 
      -19.21167755      -22.02142334      -31.72174072       36.57664490       36.17659760 
      -19.17234039      -21.99586487      -31.72799683       36.54280853       36.14639664 
      -19.13311005      -21.97019196      -31.73370743       36.50875854       36.11590576 
      -19.09403229      -21.94444656      -31.73886490       36.47445679       36.08511353 
      -19.05509186      -21.91857910      -31.74345398       36.43996429       36.05406189 
      -19.01626587      -21.89267349      -31.74750900       36.40524292       36.02273178 
      -18.97758484      -21.86666870      -31.75102997       36.37032700       35.99114609 
      -18.93904495      -21.84058762      -31.75402832       36.33519745       35.95931244 
      -18.90064621      -21.81444931      -31.75653839       36.29988098       35.92721939 
      -18.86238480      -21.78825378      -31.75853729       36.26438141       35.89489746 
      -18.82424545      -21.76198196      -31.76003265       36.22869492       35.86234665 
      -18.78622818      -21.73565674      -31.76105881       36.19283676       35.82955933 
      -18.74837112      -21.70927429      -31.76162338       36.15681839       35.79655075 
      -18.71062469      -21.68283081      -31.76172638       36.12062836       35.76335144 
      -18.67302704      -21.65634537      -31.76138687       36.08428192       35.72993851 
      -18.63556671      -21.62979126      -31.76059341       36.04777527       35.69630814 
      -18.59823227      -21.60320663      -31.75938416       36.01113892       35.66250610 
      -18.56100845      -21.57657623      -31.75774002       35.97434616       35.62850952 
      -18.52392197      -21.54991531      -31.75566864       35.93742752       35.59434128 
      -18.48695374      -21.52319336      -31.75322342       35.90039062       35.55997467 
      -18.45014191      -21.49646759      -31.75036621       35.86322784       35.52545166 
      -18.41344070      -21.46968842      -31.74710083       35.82593918       35.49075699 
      -18.37686157      -21.44286728      -31.74346924       35.78852844       35.45591354 
      -18.34041977      -21.41603088      -31.73947906       35.75100708       35.42089844 
      -18.30412674      -21.38917160      -31.73509979       35.71338654       35.38575363 
      -18.26793289      -21.36227798      -31.73037720       35.67566681       35.35045624 
      -18.23186874      -21.33537674      -31.72530365       35.63784790       35.31502914 
      -18.19593811      -21.30846024      -31.71988678       35.59993362       35.27946091 
      -18.16012955      -21.28152084      -31.71412277       35.56194305       35.24376678 
      -18.12443924      -21.25456238      -31.70803833       35.52386475       35.20794678 
      -18.08887863      -21.22760010      -31.70164871       35.48571396       35.17201233 
      -18.05344391      -21.20060730      -31.69493866       35.44747925       35.13596344 
      -18.01813507      -21.17361832      -31.68793106       35.40918350       35.09981537 
      -17.98295593      -21.14662552      -31.68061066       35.37081909       35.06355286 
      -17.94788361      -21.11962509      -31.67300034       35.33238220       35.02719879 
      -17.91294479      -21.09262848      -31.66510010       35.29389954       34.99073410 
      -17.87813568      -21.06563187      -31.65692902       35.25537109       34.95419693 
      -17.84344482      -21.03862762      -31.64847946       35.21678925       34.91756439 
      -17.80887604      -21.01163101      -31.63978958       35.17816925       34.88085175 
      -17.77442551      -20.98463821      -31.63080215       35.13949203       34.84405518 
      -17.74010086      -20.95767212      -31.62158585       35.10078430       34.80718231 
      -17.70590591      -20.93070602      -31.61209488       35.06204987       34.77025986 
      -17.67182541      -20.90373993      -31.60237503       35.02327347       34.73325729 
      -17.63786316      -20.87680054      -31.59241486       34.98448181       34.69619370 
      -17.60402298      -20.84988403      -31.58223343       34.94565201       34.65907288 
      -17.57030869      -20.82296753      -31.57180786       34.90681458       34.62191010 
      -17.53673553      -20.79607773      -31.56118774       34.86795807       34.58469391 
      -17.50325012      -20.76920700      -31.55032349       34.82908630       34.54742813 
      -17.46990585      -20.74234772      -31.53927994       34.79020691       34.51012421 
      -17.43666840      -20.71549988      -31.52803040       34.75131607       34.47277069 
      -17.40355682      -20.68869400      -31.51657677       34.71243286       34.43539429 
      -17.37057877      -20.66189957      -31.50491333       34.67353821       34.39797592 
      -17.33770370      -20.63515472      -31.49308777       34.63463974       34.36053467 
      -17.30496216      -20.60842514      -31.48106194       34.59575272       34.32306671 
      -17.27231979      -20.58172607      -31.46885300       34.55687714       34.28557968 
      -17.23980713      -20.55504990      -31.45647430       34.51801300       34.24806976 
      -17.20740891      -20.52841568      -31.44392776       34.47916412       34.21054459 
      -17.17514420      -20.50181580      -31.43122101       34.44032669       34.17301178 
      -17.14299774      -20.47523499      -31.41835213       34.40151596       34.13546753 
      -17.11096954      -20.44870758      -31.40532494       34.36272430       34.09792328 
      -17.07905579      -20.42222595      -31.39213943       34.32395935       34.06037140 
      -17.04726028      -20.39577484      -31.37880135       34.28521729       34.02282715 
      -17.01559448      -20.36936569      -31.36532784       34.24650955       33.98528290 
      -16.98403931      -20.34299469      -31.35172272       34.20783234       33.94773865 
      -16.95261765      -20.31666756      -31.33797646       34.16918945       33.91020966 
      -16.92131042      -20.29038429      -31.32409859       34.13057709       33.87268829 
      -16.89011765      -20.26416016      -31.31008339       34.09202194       33.83518982 
      -16.85904312      -20.23796844      -31.29596138       34.05349731       33.79770279 
      -16.82808304      -20.21182632      -31.28170967       34.01502228       33.76023102 
      -16.79724884      -20.18575287      -31.26732635       33.97658920       33.72278595 
      -16.76653290      -20.15971184      -31.25284386       33.93820190       33.68537140 
      -16.73594284      -20.13371849      -31.23825264       33.89987183       33.64797592 
      -16.70547104      -20.10778427      -31.22356033       33.86159897       33.61062622 
      -16.67511559      -20.08189964      -31.20875931       33.82337952       33.57329559 
      -16.64486313      -20.05607033      -31.19386673       33.78520966       33.53601074 
      -16.61475182      -20.03030014      -31.17887306       33.74710464       33.49874878 
      -16.58474922      -20.00459099      -31.16378212       33.70906830       33.46153259 
      -16.55486679      -19.97892761      -31.14859772       33.67108154       33.42436218 
      -16.52511024      -19.95333672      -31.13333893       33.63317108       33.38724518 
      -16.49546242      -19.92778778      -31.11799240       33.59532547       33.35015106 
      -16.46593094      -19.90230560      -31.10256386       33.55754089       33.31311798 
      -16.43652534      -19.87689972      -31.08706284       33.51983643       33.27613831 
      -16.40723801      -19.85153961      -31.07147980       33.48220825       33.23920441 
      -16.37807465      -19.82624435      -31.05582809       33.44464111       33.20233154 
      -16.34902954      -19.80101776      -31.04011726       33.40715790       33.16551208 
      -16.32010269      -19.77585030      -31.02432442       33.36975861       33.12876129 
      -16.29129028      -19.75075722      -31.00848007       33.33243561       33.09206390 
      -16.26259804      -19.72573090      -30.99257278       33.29518890       33.05541611 
      -16.23401833      -19.70076180      -30.97661209       33.25802612       33.01884842 
      -16.20556641      -19.67586327      -30.96058655       33.22095108       32.98233795 
      -16.17722130      -19.65103912      -30.94451141       33.18396378       32.94590759 
      -16.14900398      -19.62628746      -30.92838860       33.14706039       32.90953827 
      -16.12091446      -19.60159683      -30.91221619       33.11024094       32.87324524 
      -16.09293175      -19.57698631      -30.89601517       33.07351685       32.83702087 
      -16.06506729      -19.55244064      -30.87975502       33.03688431       32.80088043 
      -16.03731918      -19.52796173      -30.86345291       33.00034332       32.76480484 
      -16.00969696      -19.50356293      -30.84712982       32.96389008       32.72881317 
      -15.98218727      -19.47923660      -30.83075523       32.92753983       32.69289398 
      -15.95479393      -19.45498657      -30.81435585       32.89128876       32.65707016 
      -15.92752457      -19.43080521      -30.79791832       32.85513306       32.62131500 
      -15.90037155      -19.40670586      -30.78145218       32.81906891       32.58565140 
      -15.87333679      -19.38267899      -30.76496124       32.78311920       32.55007172 
      -15.84642792      -19.35872269      -30.74845886       32.74726105       32.51458359 
      -15.81963158      -19.33485413      -30.73192406       32.71150970       32.47917938 
      -15.79294586      -19.31106567      -30.71536064       32.67586136       32.44386292 
      -15.76638031      -19.28734016      -30.69878387       32.64031219       32.40863800 
      -15.73993683      -19.26370049      -30.68219566       32.60486984       32.37350464 
      -15.71360588      -19.24014091      -30.66558266       32.56954193       32.33846664 
      -15.68739510      -19.21665955      -30.64895439       32.53431320       32.30352402 
      -15.66130257      -19.19326401      -30.63232231       32.49919128       32.26866913 
      -15.63532448      -19.16993332      -30.61567307       32.46418762       32.23392487 
      -15.60946751      -19.14669800      -30.59902191       32.42929077       32.19926071 
      -15.58372688      -19.12353706      -30.58236313       32.39450455       32.16471100 
      -15.55810452      -19.10046959      -30.56570435       32.35982513       32.13026047 
      -15.53259945      -19.07747078      -30.54904175       32.32527161       32.09590149 
      -15.50720310      -19.05456161      -30.53235626       32.29082108       32.06164551 
      -15.48193264      -19.03173065      -30.51569366       32.25649643       32.02749634 
      -15.45677662      -19.00897789      -30.49902534       32.22228241       31.99344635 
      -15.43173885      -18.98631859      -30.48236084       32.18818665       31.95951843 
      -15.40680885      -18.96374321      -30.46569443       32.15420532       31.92568207 
      -15.38199711      -18.94124985      -30.44903183       32.12034988       31.89195251 
      -15.35731030      -18.91884613      -30.43238068       32.08660126       31.85833740 
      -15.33273125      -18.89651871      -30.41573715       32.05297852       31.82482529 
      -15.30826759      -18.87428284      -30.39910507       32.01947403       31.79143143 
      -15.28392410      -18.85213089      -30.38248444       31.98609161       31.75814056 
      -15.25969315      -18.83005905      -30.36587906       31.95283127       31.72496223 
      -15.23558044      -18.80807877      -30.34928894       31.91969299       31.69189835 
      -15.21158028      -18.78618240      -30.33270645       31.88666916       31.65894699 
      -15.18770027      -18.76437378      -30.31613350       31.85377502       31.62610626 
      -15.16392708      -18.74265289      -30.29958916       31.82099915       31.59338188 
      -15.14027119      -18.72101784      -30.28306961       31.78835297       31.56077576 
      -15.11672783      -18.69947433      -30.26655769       31.75582504       31.52828217 
      -15.09330177      -18.67801476      -30.25006294       31.72342682       31.49590111 
      -15.06998634      -18.65664673      -30.23359871       31.69114685       31.46364021 
      -15.04679012      -18.63536453      -30.21714973       31.65900421       31.43149567 
      -15.02370358      -18.61416817      -30.20072746       31.62697792       31.39946747 
      -15.00073338      -18.59306335      -30.18432999       31.59508324       31.36756134 
      -14.97787571      -18.57204056      -30.16796494       31.56331444       31.33576584 
      -14.95513153      -18.55110931      -30.15162086       31.53167725       31.30410385 
      -14.93249321      -18.53027153      -30.13531113       31.50016022       31.27255821 
      -14.90997696      -18.50951576      -30.11902428       31.46877670       31.24112701 
      -14.88757229      -18.48885536      -30.10276794       31.43751526       31.20982361 
      -14.86527348      -18.46827316      -30.08654213       31.40639114       31.17863464 
      -14.84309578      -18.44779205      -30.07034492       31.37538147       31.14757156 
      -14.82102966      -18.42738152      -30.05419350       31.34451294       31.11662674 
      -14.79907227      -18.40707397      -30.03806305       31.31376648       31.08581543 
      -14.77722454      -18.38685417      -30.02196884       31.28315544       31.05511856 
      -14.75548744      -18.36673355      -30.00590706       31.25267029       31.02455139 
      -14.73386383      -18.34669495      -29.98988342       31.22231865       30.99410057 
      -14.71234417      -18.32674408      -29.97389030       31.19210052       30.96377563 
      -14.69094276      -18.30688286      -29.95794487       31.16201401       30.93357849 
      -14.66964531      -18.28711319      -29.94203186       31.13205338       30.90351105 
      -14.64845848      -18.26743507      -29.92616081       31.10222054       30.87355423 
      -14.62738705      -18.24784470      -29.91033363       31.07251930       30.84373093 
      -14.60642815      -18.22834396      -29.89454079       31.04295349       30.81403160 
      -14.58556747      -18.20892715      -29.87878799       31.01351929       30.78445816 
      -14.56482315      -18.18961334      -29.86308098       30.98421097       30.75500870 
      -14.54418755      -18.17037964      -29.84741211       30.95503616       30.72568512 
      -14.52365398      -18.15123367      -29.83178520       30.92599106       30.69649696 
      -14.50323486      -18.13218117      -29.81620026       30.89708328       30.66742325 
      -14.48292255      -18.11321449      -29.80066109       30.86830330       30.63848877 
      -14.46271515      -18.09434128      -29.78516388       30.83965492       30.60967636 
      -14.44262028      -18.07555771      -29.76971245       30.81113815       30.58099174 
      -14.42262650      -18.05686188      -29.75430870       30.78276062       30.55242920 
      -14.40274239      -18.03825760      -29.73895454       30.75450897       30.52399826 
      -14.38296127      -18.01974106      -29.72364807       30.72638512       30.49569511 
      -14.36328793      -18.00131989      -29.70838547       30.69839668       30.46751785 
      -14.34372425      -17.98298645      -29.69316673       30.67054367       30.43946457 
      -14.32426167      -17.96473694      -29.67799377       30.64281845       30.41154861 
      -14.30490971      -17.94657707      -29.66287231       30.61522293       30.38375473 
      -14.28565693      -17.92850876      -29.64780045       30.58776474       30.35608482 
      -14.26650810      -17.91053009      -29.63277054       30.56043243       30.32854462 
      -14.24746704      -17.89263916      -29.61780167       30.53323746       30.30113602 
      -14.22852612      -17.87483978      -29.60287857       30.50617218       30.27385521 
      -14.20969105      -17.85712433      -29.58800316       30.47923088       30.24669266 
      -14.19096088      -17.83950043      -29.57318497       30.45243073       30.21967316 
      -14.17233372      -17.82196045      -29.55841446       30.42575455       30.19276810 
      -14.15381145      -17.80450439      -29.54369736       30.39921188       30.16599655 
      -14.13539028      -17.78713989      -29.52902985       30.37279892       30.13935471 
      -14.11706924      -17.76987457      -29.51441383       30.34652138       30.11283493 
      -14.09884930      -17.75268936      -29.49985313       30.32036972       30.08645058 
      -14.08073425      -17.73558807      -29.48534393       30.29434967       30.06018829 
      -14.06271744      -17.71858215      -29.47088623       30.26845551       30.03405380 
      -14.04480076      -17.70166397      -29.45648384       30.24270058       30.00804520 
      -14.02698421      -17.68482590      -29.44213867       30.21706963       29.98216438 
      -14.00927162      -17.66807556      -29.42783928       30.19156837       29.95641327 
      -13.99165821      -17.65141296      -29.41360092       30.16620064       29.93078613 
      -13.97414303      -17.63483810      -29.39941406       30.14095879       29.90528870 
      -13.95672894      -17.61834717      -29.38528061       30.11584473       29.87991524 
      -13.93941212      -17.60194778      -29.37120438       30.09086609       29.85467148 
      -13.92218971      -17.58563614      -29.35718155       30.06601334       29.82955360 
      -13.90506840      -17.56940842      -29.34321404       30.04128838       29.80456352 
      -13.88804531      -17.55327034      -29.32930565       30.01668930       29.77969933 
      -13.87111855      -17.53721237      -29.31545067       29.99222183       29.75495911 
      -13.85429096      -17.52124023      -29.30165291       29.96788216       29.73034477 
      -13.83755779      -17.50535202      -29.28791428       29.94366837       29.70586014 
      -13.82092381      -17.48955154      -29.27422714       29.91958618       29.68149948 
      -13.80438423      -17.47383881      -29.26060104       29.89562798       29.65726471 
      -13.78794098      -17.45820999      -29.24702835       29.87179184       29.63314819 
      -13.77159214      -17.44266319      -29.23351288       29.84808922       29.60916328 
      -13.75533867      -17.42720032      -29.22005463       29.82450867       29.58530426 
      -13.73918152      -17.41182137      -29.20664978       29.80105591       29.56156540 
      -13.72311497      -17.39652252      -29.19330788       29.77772522       29.53795242 
      -13.70714569      -17.38131332      -29.18002319       29.75452423       29.51446533 
      -13.69126797      -17.36618805      -29.16679192       29.73144913       29.49110031 
      -13.67548561      -17.35113907      -29.15362167       29.70849228       29.46785736 
      -13.65979385      -17.33617783      -29.14050674       29.68566513       29.44473648 
      -13.64419365      -17.32130051      -29.12745094       29.66296387       29.42173958 
      -13.62868500      -17.30650330      -29.11445236       29.64038277       29.39886856 
      -13.61327267      -17.29178619      -29.10151291       29.61791992       29.37611580 
      -13.59794998      -17.27715302      -29.08863068       29.59558868       29.35348511 
      -13.58271790      -17.26260567      -29.07580948       29.57337761       29.33097458 
      -13.56757641      -17.24813461      -29.06304169       29.55128479       29.30858803 
      -13.55252266      -17.23374748      -29.05033112       29.52931595       29.28632164 
      -13.53756332      -17.21944237      -29.03768158       29.50746918       29.26417923 
      -13.52268887      -17.20521164      -29.02509117       29.48575211       29.24215508 
      -13.50790691      -17.19106674      -29.01255798       29.46414566       29.22025108 
      -13.49321175      -17.17700195      -29.00008011       29.44266510       29.19847107 
      -13.47860622      -17.16301727      -28.98766327       29.42130661       29.17680550 
      -13.46408749      -17.14910889      -28.97530365       29.40006256       29.15525818 
      -13.44965744      -17.13528061      -28.96300507       29.37893867       29.13383102 
      -13.43531418      -17.12153244      -28.95076180       29.35793686       29.11251831 
      -13.42105389      -17.10786438      -28.93857574       29.33704948       29.09132767 
      -13.40688705      -17.09427452      -28.92645264       29.31628418       29.07025719 
      -13.39280128      -17.08076096      -28.91438293       29.29563332       29.04930687 
      -13.37880325      -17.06732750      -28.90237617       29.27510071       29.02847099 
      -13.36489105      -17.05397224      -28.89042282       29.25468254       29.00775146 
      -13.35106277      -17.04069328      -28.87852859       29.23439217       28.98714638 
      -13.33732128      -17.02749252      -28.86669350       29.21421051       28.96665955 
      -13.32366180      -17.01436615      -28.85491562       29.19414520       28.94628906 
      -13.31008625      -17.00131607      -28.84319687       29.17419434       28.92603493 
      -13.29659653      -16.98834229      -28.83153534       29.15435791       28.90589714 
      -13.28318977      -16.97544479      -28.81993294       29.13463974       28.88587189 
      -13.26986313      -16.96262741      -28.80838776       29.11503410       28.86595917 
      -13.25662136      -16.94988060      -28.79690361       29.09554291       28.84616470 
      -13.24345970      -16.93721390      -28.78547287       29.07616615       28.82647896 
      -13.23038197      -16.92461395      -28.77410316       29.05689812       28.80691147 
      -13.21738529      -16.91209412      -28.76278877       29.03775215       28.78745461 
      -13.20446491      -16.89964676      -28.75153351       29.01871109       28.76811028 
      -13.19162941      -16.88727570      -28.74033356       28.99978638       28.74887466 
      -13.17887211      -16.87497330      -28.72919273       28.98097420       28.72975159 
      -13.16619587      -16.86275101      -28.71810532       28.96226692       28.71074486 
      -13.15359879      -16.85060120      -28.70707893       28.94367218       28.69184303 
      -13.14107800      -16.83852005      -28.69610596       28.92518806       28.67305374 
      -13.12864113      -16.82651329      -28.68519783       28.90681458       28.65437317 
      -13.11627960      -16.81458092      -28.67433739       28.88855171       28.63580132 
      -13.10399437      -16.80271912      -28.66353989       28.87039757       28.61734200 
      -13.09179115      -16.79092979      -28.65279770       28.85235023       28.59899330 
      -13.07965946      -16.77920914      -28.64211273       28.83441162       28.58074760 
      -13.06760597      -16.76755714      -28.63148117       28.81658173       28.56261635 
      -13.05562782      -16.75598145      -28.62090874       28.79885864       28.54459000 
