        0.00000000        0.00000000        0.00000000        0.00000000        0.00000000 
        0.00000000        0.00000000        0.00000000        0.00000000        0.00000000 
        0.00000000        0.00000000        0.00000000        0.00000000        0.00000000 
        0.00000000        0.00000000        0.00000000        0.00000000        0.00000000 
        0.00000000        0.00000000        0.00000000        0.00000000        0.00000000 
        0.00000000        0.00000000        0.00000000        0.00000000        0.00000000 
        0.00000000        0.00000000        0.00000000        0.00000000        0.00000000 
        0.00000000        0.00000000        0.00000000        0.00000000        0.00000000 
        0.00000000        0.00000000        0.00000000        0.00000000        0.00000000 
        0.00000000        0.00000000        0.00000000        0.00000000        0.00000000 
        0.00000000        0.00000000        0.00000000        0.00000000        0.00000000 
        0.00000000        0.00000000        0.00000000        0.00000000        0.00000000 
        0.00000000        0.00000000        0.00000000        0.00000000        0.00000000 
        0.00000000        0.00000000        0.00000000        0.00000000        0.00000000 
        0.00000000        0.00000000        0.00000000        0.00000000        0.00000000 
        0.00000000        0.00000000        0.00000000        0.00000000        0.00000000 
        0.00000000        0.00000000        0.00000000        0.00000000        0.00000000 
        0.00000000        0.00000000        0.00000000        0.00000000        0.00000000 
        0.00000000        0.00000000        0.00000000        0.00000000        0.00000000 
        0.00000000        0.00000000        0.00000000        0.00000000        0.00000000 
        0.00000000        0.00000000        0.00000000        0.00000000        0.00000000 
        0.00000000        0.00000000        0.00000000        0.00000000        0.00000000 
        0.00000000        0.00000000        0.00000000        0.00000000        0.00000000 
        0.00000000        0.00000000        0.00000000        0.00000000        0.00000000 
        0.00000000        0.00000000        0.00000000        0.00000000        0.00000000 
        0.00000000        0.00000000        0.00000000        0.00000000        0.00000000 
        0.00000000        0.00000000        0.00000000        0.00000000        0.00000000 
        0.00000000        0.00000000        0.00000000        0.00000000        0.00000000 
        0.00000000        0.00000000        0.00000000        0.00000000        0.00000000 
        0.00000000        0.00000000        0.00000000        0.00000000        0.00000000 
        0.00000000        0.00000000        0.00000000        0.00000000        0.00000000 
        0.00000000        0.00000000        0.00000000        0.00000000        0.00000000 
        0.00000000        0.00000000        0.00000000        0.00000000        0.00000000 
        0.00000000        0.00000000        0.00000000        0.00000000        0.00000000 
        0.00000000        0.00000000        0.00000000        0.00000000        0.00000000 
        0.00000000        0.00000000        0.00000000        0.00000000        0.00000000 
        0.00000000        0.00000000        0.00000000        0.00000000        0.00000000 
        0.00000000        0.00000000        0.00000000        0.00000000        0.00000000 
        0.00000000        0.00000000        0.00000000        0.00000000        0.00000000 
        0.00000000        0.00000000        0.00000000        0.00000000        0.00000000 
        0.00000000        0.00000000        0.00000000        0.00000000        0.00000000 
        0.00000000        0.00000000        0.00000000        0.00000000        0.00000000 
        0.00000000        0.00000000        0.00000000        0.00000000        0.00000000 
        0.00000000        0.00000000        0.00000000        0.00000000        0.00000000 
        0.00000000        0.00000000        0.00000000        0.00000000        0.00000000 
        0.00000000        0.00000000        0.00000000        0.00000000        0.00000000 
        0.00000000        0.00000000        0.00000000        0.00000000        0.00000000 
        0.00000000        0.00000000        0.00000000        0.00000000        0.00000000 
        0.00000000        0.00000000        0.00000000        0.00000000        0.00000000 
        0.00000000        0.00000000        0.00000000        0.00000000        0.00000000 
        0.00000000        0.00000000        0.00000000        0.00000000        0.00000000 
        0.00000000        0.00000000        0.00000000        0.00000000        0.00000000 
        0.00000000        0.00000000        0.00000000        0.00000000        0.00000000 
        0.00000000        0.00000000        0.00000000        0.00000000        0.00000000 
        0.00000000        0.00000000        0.00000000        0.00000000        0.00000000 
        0.00000000        0.00000000        0.00000000        0.00000000        0.00000000 
        0.00000000        0.00000000        0.00000000        0.00000000        0.00000000 
        0.00000000        0.00000000        0.00000000        0.00000000        0.00000000 
        0.00000000        0.00000000        0.00000000        0.00000000        0.00000000 
        0.00000000        0.00000000        0.00000000        0.00000000        0.00000000 
        0.00000000        0.00000000        0.00000000        0.00000000        0.00000000 
        0.00000000        0.00000000        0.00000000        0.00000000        0.00000000 
        0.00000000        0.00000000        0.00000000        0.00000000        0.00000000 
        0.00000000        0.00000000        0.00000000        0.00000000        0.00000000 
        0.00000000        0.00000000        0.00000000        0.00000000        0.00000000 
        0.00000000        0.00000000        0.00000000        0.00000000        0.00000000 
        0.00000000        0.00000000        0.00000000        0.00000000        0.00000000 
        0.00000000        0.00000000        0.00000000        0.00000000        0.00000000 
        0.00000000        0.00000000        0.00000000        0.00000000        0.00000000 
        0.00000000        0.00000000        0.00000000        0.00000000        0.00000000 
        0.00000000        0.00000000        0.00000000        0.00000000        0.00000000 
        0.00000000        0.00000000        0.00000000        0.00000000        0.00000000 
        0.00000000        0.00000000        0.00000000        0.00000000        0.00000000 
        0.00000000        0.00000000        0.00000000        0.00000000        0.00000000 
        0.00000000        0.00000000        0.00000000        0.00000000        0.00000000 
        0.00000000        0.00000000        0.00000000        0.00000000        0.00000000 
        0.00000000        0.00000000        0.00000000        0.00000000        0.00000000 
        0.00000000        0.00000000        0.00000000        0.00000000        0.00000000 
        0.00000000        0.00000000        0.00000000        0.00000000        0.00000000 
        0.00000000        0.00000000        0.00000000        0.00000000        0.00000000 
        0.00000000        0.00000000        0.00000000        0.00000000        0.00000000 
        0.00000000        0.00000000        0.00000000        0.00000000        0.00000000 
        0.00000000        0.00000000        0.00000000        0.00000000        0.00000000 
        0.00000000        0.00000000        0.00000000        0.00000000        0.00000000 
        0.00000000        0.00000000        0.00000000        0.00000000        0.00000000 
        0.00000000        0.00000000        0.00000000        0.00000000        0.00000000 
        0.00000000        0.00000000        0.00000000        0.00000000        0.00000000 
        0.00000000        0.00000000        0.00000000        0.00000000        0.00000000 
        0.00000000        0.00000000        0.00000000        0.00000000        0.00000000 
        0.00000000        0.00000000        0.00000000        0.00000000        0.00000000 
        0.00000000        0.00000000        0.00000000        0.00000000        0.00000000 
        0.00000000        0.00000000        0.00000000        0.00000000        0.00000000 
        0.00000000        0.00000000        0.00000000        0.00000000        0.00000000 
        0.00000000        0.00000000        0.00000000        0.00000000        0.00000000 
        0.00000000        0.00000000        0.00000000        0.00000000        0.00000000 
        0.00000000        0.00000000        0.00000000        0.00000000        0.00000000 
        0.00000000        0.00000000        0.00000000        0.00000000        0.00000000 
        0.00000000        0.00000000        0.00000000        0.00000000        0.00000000 
        0.00000000        0.00000000        0.00000000        0.00000000        0.00000000 
        0.00000000        0.00000000        0.00000000        0.00000000        0.00000000 
        0.00000000        0.00000000        0.00000000        0.00000000        0.00000000 
        0.00000000        0.00000000        0.00000000        0.00000000        0.00000000 
        0.00000000        0.00000000        0.00000000        0.00000000        0.00000000 
        0.00000000        0.00000000        0.00000000        0.00000000        0.00000000 
        0.00000000        0.00000000        0.00000000        0.00000000        0.00000000 
        0.00000000        0.00000000        0.00000000        0.00000000        0.00000000 
        0.00000000        0.00000000        0.00000000        0.00000000        0.00000000 
        0.00000000        0.00000000        0.00000000        0.00000000        0.00000000 
        0.00000000        0.00000000        0.00000000        0.00000000        0.00000000 
        0.00000000        0.00000000        0.00000000        0.00000000        0.00000000 
        0.00000000        0.00000000        0.00000000        0.00000000        0.00000000 
        0.00000000        0.00000000        0.00000000        0.00000000        0.00000000 
        0.00000000        0.00000000        0.00000000        0.00000000        0.00000000 
        0.00000000        0.00000000        0.00000000        0.00000000        0.00000000 
        0.00000000        0.00000000        0.00000000        0.00000000        0.00000000 
        0.00000000        0.00000000        0.00000000        0.00000000        0.00000000 
        0.00000000        0.00000000        0.00000000        0.00000000        0.00000000 
        0.00000000        0.00000000        0.00000000        0.00000000        0.00000000 
        0.00000000        0.00000000        0.00000000        0.00000000        0.00000000 
        0.00000000        0.00000000        0.00000000        0.00000000        0.00000000 
        0.00000000        0.00000000        0.00000000        0.00000000        0.00000000 
        0.00000000        0.00000000        0.00000000        0.00000000        0.00000000 
        0.00000000        0.00000000        0.00000000        0.00000000        0.00000000 
        0.00000000        0.00000000        0.00000000        0.00000000        0.00000000 
        0.00000000        0.00000000        0.00000000        0.00000000        0.00000000 
        0.00000000        0.00000001        0.00000001        0.00000001        0.00000000 
        0.00000001        0.00000001        0.00000001        0.00000001        0.00000001 
        0.00000001        0.00000002        0.00000002        0.00000002        0.00000001 
        0.00000002        0.00000003        0.00000003        0.00000003        0.00000001 
        0.00000003        0.00000005        0.00000005        0.00000005        0.00000002 
        0.00000004        0.00000008        0.00000007        0.00000007        0.00000004 
        0.00000006        0.00000012        0.00000012        0.00000011        0.00000005 
        0.00000009        0.00000019        0.00000018        0.00000017        0.00000008 
        0.00000015        0.00000029        0.00000028        0.00000026        0.00000013 
        0.00000022        0.00000045        0.00000042        0.00000040        0.00000020 
        0.00000034        0.00000068        0.00000064        0.00000061        0.00000030 
        0.00000051        0.00000103        0.00000097        0.00000092        0.00000046 
        0.00000077        0.00000154        0.00000146        0.00000138        0.00000068 
        0.00000115        0.00000230        0.00000219        0.00000206        0.00000102 
        0.00000171        0.00000342        0.00000325        0.00000305        0.00000151 
        0.00000252        0.00000505        0.00000479        0.00000450        0.00000223 
        0.00000370        0.00000742        0.00000703        0.00000660        0.00000327 
        0.00000540        0.00001083        0.00001025        0.00000962        0.00000476 
        0.00000783        0.00001570        0.00001487        0.00001394        0.00000689 
        0.00001130        0.00002265        0.00002143        0.00002007        0.00000991 
        0.00001620        0.00003247        0.00003071        0.00002873        0.00001419 
        0.00002308        0.00004629        0.00004375        0.00004088        0.00002018 
        0.00003271        0.00006559        0.00006197        0.00005785        0.00002854 
        0.00004607        0.00009240        0.00008726        0.00008137        0.00004013 
        0.00006452        0.00012941        0.00012216        0.00011379        0.00005610 
        0.00008983        0.00018020        0.00017002        0.00015819        0.00007796 
        0.00012435        0.00024946        0.00023526        0.00021865        0.00010770 
        0.00017113        0.00034334        0.00032364        0.00030047        0.00014794 
        0.00023415        0.00046982        0.00044266        0.00041050        0.00020202 
        0.00031852        0.00063918        0.00060195        0.00055760        0.00027428 
        0.00043079        0.00086458        0.00081386        0.00075303        0.00037023 
        0.00057929        0.00116274        0.00109405        0.00101111        0.00049687 
        0.00077451        0.00155475        0.00146227        0.00134985        0.00066299 
        0.00102958        0.00206703        0.00194325        0.00179176        0.00087958 
        0.00136083        0.00273242        0.00256770        0.00236476        0.00116025 
        0.00178841        0.00359141        0.00337353        0.00310323        0.00152174 
        0.00233698        0.00469363        0.00440711        0.00404918        0.00198451 
        0.00303649        0.00609937        0.00572479        0.00525356        0.00257333 
        0.00392307        0.00788135        0.00739451        0.00677769        0.00331797 
        0.00503993        0.01012658        0.00949753        0.00869480        0.00425397 
        0.00643837        0.01293834        0.01213029        0.01109162        0.00542336 
        0.00817875        0.01643829        0.01540636        0.01407009        0.00687551 
        0.01033157        0.02076850        0.01945833        0.01774905        0.00866786 
        0.01297845        0.02609353        0.02443975        0.02226581        0.01086674 
        0.01621307        0.03260233        0.03052697        0.02777780        0.01354808 
        0.02014204        0.04051000        0.03792068        0.03446382        0.01679800 
        0.02488553        0.05005918        0.04684731        0.04252524        0.02071333 
        0.03057782        0.06152102        0.05755996        0.05218665        0.02540196 
        0.03736741        0.07519559        0.07033879        0.06369624        0.03098286 
        0.04541693        0.09141176        0.08549095        0.07732550        0.03758600 
        0.05490261        0.11052602        0.10334963        0.09336837        0.04535179 
        0.06601328        0.13292059        0.12427236        0.11213969        0.05443038 
        0.07894884        0.15900059        0.14863838        0.13397270        0.06498034 
        0.09391836        0.18918984        0.17684500        0.15921590        0.07716713 
        0.11113731        0.22392574        0.20930293        0.18822889        0.09116106 
        0.13082458        0.26365292        0.24643065        0.22137736        0.10713485 
        0.15319867        0.30881596        0.28864747        0.25902715        0.12526080 
        0.17847347        0.35985053        0.33636597        0.30153772        0.14570759 
        0.20685361        0.41717434        0.38998342        0.34925479        0.16863681 
        0.23852940        0.48117673        0.44987267        0.40250230        0.19419925 
        0.27367160        0.55220807        0.51637185        0.46157449        0.22253086 
        0.31242585        0.63056868        0.58977526        0.52672738        0.25374910 
        0.35490772        0.71649820        0.67032242        0.59816980        0.28794882 
        0.40119675        0.81016439        0.75818944        0.67605698        0.32519874 
        0.45133296        0.91165459        0.85347903        0.76048154        0.36553827 
        0.50531149        1.02096641        0.95621341        0.85146844        0.40897420 
        0.56307977        1.13800037        1.06632733        0.94896853        0.45547912 
        0.62453496        1.26255524        1.18366313        1.05285561        0.50498891 
        0.68952274        1.39432549        1.30796659        1.16292357        0.55740279 
        0.75783622        1.53289855        1.43888855        1.27888644        0.61258245 
        0.82921833        1.67775798        1.57598257        1.40037882        0.67035371 
        0.90336233        1.82828832        1.71871054        1.52695954        0.73050779 
        0.97991705        1.98378050        1.86644852        1.65811670        0.79280329 
        1.05849040        2.14344263        2.01849389        1.79327452        0.85697126 
        1.13865542        2.30641007        2.17407441        1.93180144        0.92271739 
        1.21995795        2.47175932        2.33236384        2.07301974        0.98972750 
        1.30192316        2.63852596        2.49248886        2.21621609        1.05767345 
        1.38406336        2.80571628        2.65355110        2.36065555        1.12621665 
        1.46588802        2.97232890        2.81463480        2.50558901        1.19501543 
        1.54691136        3.13736796        2.97482824        2.65027022        1.26372969 
        1.62666023        3.29986668        3.13323426        2.79396558        1.33202696 
        1.70468283        3.45889306        3.28898931        2.93596387        1.39958644 
        1.78055596        3.61357594        3.44127274        3.07559061        1.46610534 
        1.85389125        3.76311278        3.58932090        3.21221375        1.53130019 
        1.92434025        3.90678120        3.73244214        3.34525704        1.59491348 
        1.99160028        4.04395008        3.87001562        3.47419739        1.65671408 
        2.05541611        4.17408419        4.00150776        3.59857965        1.71649992 
        2.11558175        4.29675102        4.12647152        3.71801472        1.77409935 
        2.17194319        4.41162109        4.24454927        3.83218050        1.82937062 
        2.22439551        4.51846552        4.35547590        3.94082737        1.88220394 
        2.27288246        4.61715889        4.45907307        4.04377079        1.93251693 
        2.31739426        4.70766973        4.55525017        4.14089155        1.98025703 
        2.35796404        4.79005194        4.64399910        4.23213196        2.02539730 
        2.39466357        4.86444616        4.72537661        4.31749105        2.06793523 
        2.42759848        4.93105745        4.79951954        4.39702034        2.10788918 
        2.45690274        4.99015903        4.86661482        4.47081280        2.14529729 
        2.48273730        5.04207230        4.92690229        4.53900862        2.18021393 
        2.50528002        5.08716059        4.98066711        4.60177517        2.21270752 
        2.52472377        5.12581921        5.02822113        4.65930700        2.24285555 
        2.54127145        5.15846395        5.06990337        4.71182203        2.27074671 
        2.55513096        5.18552446        5.10607433        4.75955582        2.29647517 
        2.56651187        5.20743418        5.13710260        4.80275440        2.32013845 
        2.57562160        5.22462463        5.16335487        4.84166574        2.34183812 
        2.58266330        5.23751783        5.18520069        4.87654352        2.36167479 
        2.58783054        5.24652004        5.20299911        4.90763950        2.37974977 
        2.59131050        5.25202227        5.21710062        4.93520021        2.39616323 
        2.59327674        5.25438929        5.22784042        4.95946693        2.41101241 
        2.59389400        5.25396872        5.23553085        4.98067284        2.42439032 
        2.59331155        5.25107527        5.24047232        4.99903631        2.43638802 
        2.59166837        5.24600077        5.24293852        5.01476765        2.44709134 
        2.58908939        5.23901463        5.24318838        5.02806616        2.45658207 
        2.58568788        5.23035479        5.24145317        5.03911686        2.46493793 
        2.58156538        5.22023439        5.23794889        5.04809427        2.47223210 
        2.57681203        5.20884752        5.23286819        5.05515957        2.47853279 
        2.57150722        5.19636345        5.22638464        5.06045961        2.48390484 
        2.56572151        5.18293142        5.21865463        5.06413364        2.48840809 
        2.55951571        5.16868019        5.20981741        5.06630802        2.49209881 
        2.55294394        5.15372467        5.19999695        5.06709766        2.49502850 
        2.54605269        5.13816214        5.18930149        5.06660891        2.49724817 
        2.53888178        5.12207842        5.17782545        5.06493807        2.49880099 
        2.53146625        5.10554457        5.16565847        5.06217766        2.49972987 
        2.52383637        5.08862305        5.15286827        5.05840015        2.50007367 
        2.51601696        5.07136869        5.13952637        5.05368900        2.49986887 
        2.50803065        5.05382442        5.12568617        5.04810572        2.49914956 
        2.49989700        5.03603125        5.11139870        5.04171133        2.49794650 
        2.49163151        5.01802015        5.09670591        5.03456402        2.49628901 
        2.48324966        4.99982119        5.08164740        5.02671194        2.49420476 
        2.47476339        4.98145676        5.06625748        5.01820612        2.49171901 
        2.46618152        4.96294832        5.05056572        5.00908852        2.48885417 
        2.45751476        4.94431162        5.03459787        4.99939537        2.48563266 
        2.44877172        4.92556286        5.01837635        4.98916626        2.48207521 
        2.43995810        4.90671635        5.00192451        4.97843409        2.47820115 
        2.43108177        4.88777971        4.98525763        4.96722889        2.47402716 
        2.42214537        4.86876535        4.96839476        4.95557976        2.46957135 
        2.41315508        4.84968090        4.95134926        4.94351244        2.46484733 
        2.40411520        4.83053255        4.93413258        4.93105316        2.45987177 
        2.39502764        4.81132507        4.91676283        4.91822481        2.45465803 
        2.38589716        4.79206800        4.89924526        4.90504456        2.44921803 
        2.37672496        4.77275944        4.88159037        4.89153624        2.44356441 
        2.36751366        4.75340748        4.86380720        4.87771511        2.43770790 
        2.35826516        4.73401451        4.84590626        4.86360312        2.43165994 
        2.34898090        4.71458340        4.82788944        4.84921026        2.42543077 
        2.33966255        4.69511271        4.80976677        4.83455276        2.41902781 
        2.33030963        4.67560577        4.79154491        4.81964540        2.41246080 
        2.32092404        4.65606356        4.77322388        4.80450153        2.40573835 
        2.31150627        4.63648653        4.75481367        4.78913212        2.39886546 
        2.30205607        4.61687565        4.73631334        4.77354431        2.39185238 
        2.29257441        4.59722996        4.71772623        4.75774813        2.38470364 
        2.28306150        4.57754803        4.69905663        4.74175501        2.37742472 
        2.27351618        4.55783319        4.68030787        4.72557259        2.37002230 
        2.26393938        4.53807926        4.66147947        4.70920753        2.36250067 
        2.25433064        4.51828957        4.64257336        4.69266510        2.35486364 
        2.24469042        4.49846268        4.62359381        4.67595243        2.34711719 
        2.23501778        4.47859573        4.60453463        4.65907431        2.33926320 
        2.22531319        4.45868969        4.58540249        4.64203596        2.33130693 
        2.21557617        4.43874264        4.56619787        4.62484217        2.32324982 
        2.20580626        4.41875505        4.54691601        4.60749626        2.31509614 
        2.19600487        4.39872503        4.52756310        4.58999920        2.30684829 
        2.18617034        4.37865067        4.50813770        4.57235909        2.29850841 
        2.17630410        4.35853338        4.48863935        4.55457878        2.29007912 
        2.16640615        4.33837318        4.46906948        4.53665829        2.28156257 
        2.15647650        4.31816959        4.44942760        4.51859999        2.27296162 
        2.14651561        4.29792118        4.42971611        4.50041151        2.26427674 
        2.13652444        4.27763033        4.40993404        4.48209333        2.25551200 
        2.12650323        4.25729704        4.39008427        4.46364784        2.24666786 
        2.11645341        4.23692226        4.37016678        4.44508076        2.23774719 
        2.10637593        4.21650600        4.35018539        4.42639399        2.22875333 
        2.09627104        4.19605207        4.33013821        4.40758896        2.21968722 
        2.08614135        4.17556190        4.31003046        4.38867331        2.21055102 
        2.07598782        4.15503454        4.28986406        4.36965036        2.20134830 
        2.06581092        4.13447618        4.26964045        4.35052204        2.19208097 
        2.05561328        4.11388779        4.24936342        4.33129549        2.18275142 
        2.04539680        4.09327078        4.22903681        4.31197309        2.17336297 
        2.03516269        4.07262897        4.20866346        4.29256201        2.16391873 
        2.02491283        4.05196524        4.18824530        4.27306509        2.15442061 
        2.01464963        4.03128433        4.16778851        4.25348997        2.14487219 
        2.00437379        4.01058912        4.14729452        4.23383951        2.13527608 
        1.99408865        3.98987985        4.12676764        4.21411991        2.12563610 
        1.98379588        3.96916294        4.10621357        4.19433641        2.11595416 
        1.97349715        3.94844198        4.08563471        4.17449379        2.10623455 
        1.96319437        3.92771935        4.06503391        4.15459824        2.09647918 
        1.95288920        3.90699744        4.04441643        4.13465452        2.08669114 
        1.94258416        3.88628078        4.02378559        4.11466837        2.07687330 
        1.93228018        3.86557293        4.00314617        4.09464025        2.06702852 
        1.92198002        3.84487605        3.98249936        4.07457876        2.05715942 
        1.91168404        3.82419300        3.96184921        4.05448866        2.04726839 
        1.90139472        3.80352712        3.94120026        4.03437519        2.03735900 
        1.89111292        3.78288102        3.92055488        4.01423788        2.02743173 
        1.88084066        3.76225710        3.89991617        3.99408364        2.01748967 
        1.87057889        3.74165821        3.87928605        3.97391510        2.00753450 
        1.86032939        3.72108507        3.85866761        3.95373750        1.99756932 
        1.85009181        3.70054102        3.83806491        3.93355298        1.98759437 
        1.83986866        3.68002844        3.81747770        3.91336274        1.97761250 
        1.82966030        3.65954900        3.79691100        3.89317369        1.96762455 
        1.81946802        3.63910437        3.77636409        3.87298417        1.95763242 
        1.80929303        3.61869669        3.75584173        3.85280013        1.94763780 
        1.79913557        3.59832621        3.73534369        3.83262277        1.93764186 
        1.78899658        3.57799602        3.71487379        3.81245422        1.92764592 
        1.77887738        3.55770659        3.69443202        3.79229641        1.91765082 
        1.76877797        3.53746009        3.67402053        3.77215219        1.90765846 
        1.75870013        3.51725745        3.65364146        3.75202322        1.89766967 
        1.74864388        3.49709964        3.63329673        3.73191142        1.88768494 
        1.73860967        3.47698998        3.61298800        3.71182013        1.87770689 
        1.72859848        3.45692778        3.59271622        3.69174981        1.86773515 
        1.71861088        3.43691516        3.57248282        3.67170262        1.85777068 
        1.70864820        3.41695333        3.55228972        3.65168047        1.84781551 
        1.69871068        3.39704156        3.53213787        3.63168550        1.83787048 
        1.68879831        3.37718511        3.51202965        3.61171865        1.82793570 
        1.67891240        3.35738158        3.49196577        3.59178209        1.81801236 
        1.66905379        3.33763433        3.47194815        3.57187796        1.80810213 
        1.65922225        3.31794238        3.45197701        3.55200672        1.79820490 
        1.64941919        3.29830861        3.43205380        3.53217101        1.78832245 
        1.63964427        3.27873373        3.41218162        3.51237226        1.77845538 
        1.62989914        3.25921845        3.39236069        3.49261260        1.76860404 
        1.62018335        3.23976350        3.37259150        3.47289205        1.75876987 
        1.61049819        3.22036958        3.35287523        3.45321321        1.74895322 
        1.60084367        3.20103908        3.33321428        3.43357730        1.73915565 
        1.59122038        3.18177223        3.31360912        3.41398621        1.72937703 
        1.58162868        3.16257000        3.29406071        3.39444017        1.71961844 
        1.57206964        3.14343214        3.27457118        3.37494159        1.70988083 
        1.56254280        3.12436080        3.25514030        3.35549140        1.70016491 
        1.55304885        3.10535741        3.23576975        3.33609080        1.69047093 
        1.54358876        3.08642054        3.21646070        3.31674218        1.68080008 
        1.53416252        3.06755304        3.19721270        3.29744411        1.67115271 
        1.52477038        3.04875398        3.17802882        3.27820086        1.66152966 
        1.51541293        3.03002596        3.15890884        3.25901127        1.65193152 
        1.50609040        3.01136804        3.13985324        3.23987746        1.64235914 
        1.49680328        2.99278092        3.12086320        3.22080064        1.63281262 
        1.48755181        2.97426701        3.10194087        3.20178080        1.62329280 
        1.47833610        2.95582438        3.08308411        3.18282008        1.61380017 
        1.46915662        2.93745589        3.06429696        3.16391945        1.60433507 
        1.46001363        2.91916013        3.04557800        3.14507961        1.59489858 
        1.45090759        2.90093899        3.02692819        3.12630105        1.58549070 
        1.44183838        2.88279271        3.00834823        3.10758328        1.57611203 
        1.43280637        2.86472058        2.98983979        3.08893085        1.56676340 
        1.42381215        2.84672451        2.97140217        3.07034135        1.55744469 
        1.41485584        2.82880425        2.95303655        3.05181694        1.54815686 
        1.40593708        2.81096101        2.93474364        3.03335810        1.53890002 
        1.39705682        2.79319453        2.91652393        3.01496625        1.52967429 
        1.38821471        2.77550554        2.89837861        2.99664187        1.52048075 
        1.37941146        2.75789356        2.88030672        2.97838378        1.51131952 
        1.37064660        2.74035954        2.86230969        2.96019506        1.50219107 
        1.36192083        2.72290421        2.84438729        2.94207549        1.49309540 
        1.35323393        2.70552754        2.82654142        2.92402577        1.48403287 
        1.34458649        2.68822980        2.80877066        2.90604615        1.47500432 
        1.33597839        2.67101049        2.79107714        2.88813710        1.46600974 
        1.32741022        2.65387106        2.77345967        2.87029958        1.45704961 
        1.31888139        2.63681197        2.75592017        2.85253406        1.44812369 
        1.31039202        2.61983180        2.73845744        2.83484125        1.43923306 
        1.30194294        2.60293245        2.72107267        2.81722069        1.43037724 
        1.29353368        2.58611321        2.70376706        2.79967380        1.42155719 
        1.28516459        2.56937528        2.68653917        2.78220177        1.41277301 
        1.27683556        2.55271697        2.66939044        2.76480269        1.40402400 
        1.26854682        2.53613997        2.65232015        2.74747849        1.39531195 
        1.26029849        2.51964355        2.63533020        2.73023033        1.38663602 
        1.25209045        2.50322890        2.61841869        2.71305609        1.37799644 
        1.24392295        2.48689437        2.60158753        2.69595861        1.36939406 
        1.23579609        2.47064209        2.58483624        2.67893672        1.36082876 
        1.22770989        2.45447159        2.56816530        2.66199160        1.35230041 
        1.21966434        2.43838167        2.55157399        2.64512253        1.34380949 
        1.21165919        2.42237353        2.53506374        2.62833095        1.33535635 
        1.20369494        2.40644765        2.51863360        2.61161566        1.32694066 
        1.19577146        2.39060402        2.50228477        2.59497929        1.31856275 
        1.18788838        2.37484121        2.48601699        2.57841992        1.31022322 
        1.18004668        2.35915995        2.46982956        2.56193829        1.30192161 
        1.17224526        2.34356022        2.45372367        2.54553509        1.29365814 
        1.16448510        2.32804418        2.43769884        2.52921057        1.28543317 
        1.15676558        2.31260800        2.42175579        2.51296377        1.27724659 
        1.14908683        2.29725504        2.40589356        2.49679613        1.26909852 
        1.14144874        2.28198314        2.39011264        2.48070717        1.26098907 
        1.13385165        2.26679325        2.37441301        2.46469641        1.25291884 
        1.12629533        2.25168443        2.35879493        2.44876528        1.24488699 
        1.11877954        2.23665738        2.34325790        2.43291330        1.23689437 
        1.11130452        2.22171259        2.32780337        2.41714096        1.22894061 
        1.10387027        2.20684910        2.31242943        2.40144706        1.22102606 
        1.09647679        2.19206715        2.29713702        2.38583255        1.21315050 
        1.08912349        2.17736650        2.28192616        2.37029839        1.20531428 
        1.08181095        2.16274667        2.26679683        2.35484314        1.19751716 
        1.07453907        2.14820766        2.25174809        2.33946729        1.18975914 
        1.06730735        2.13374972        2.23678160        2.32417059        1.18204033 
        1.06011629        2.11937404        2.22189546        2.30895424        1.17436111 
        1.05296540        2.10507798        2.20709085        2.29381704        1.16672087 
        1.04585505        2.09086275        2.19236732        2.27875900        1.15912008 
        1.03878438        2.07672834        2.17772412        2.26378107        1.15155876 
        1.03175437        2.06267381        2.16316271        2.24888182        1.14403665 
        1.02476454        2.04869938        2.14868116        2.23406243        1.13655400 
        1.01781428        2.03480577        2.13428044        2.21932316        1.12911046 
        1.01090407        2.02099133        2.11996007        2.20466208        1.12170625 
        1.00403357        2.00725722        2.10572052        2.19008064        1.11434174 
        0.99720287        1.99360216        2.09156108        2.17557836        1.10701597 
        0.99041188        1.98002684        2.07748175        2.16115499        1.09972966 
        0.98366034        1.96653056        2.06348228        2.14681101        1.09248257 
        0.97694838        1.95311356        2.04956222        2.13254595        1.08527482 
        0.97027582        1.93977475        2.03572249        2.11835957        1.07810593 
        0.96364236        1.92651451        2.02196145        2.10425234        1.07097626 
        0.95704818        1.91333294        2.00828052        2.09022284        1.06388557 
        0.95049310        1.90022922        1.99467826        2.07627225        1.05683386 
        0.94397670        1.88720393        1.98115468        2.06239986        1.04982126 
        0.93749928        1.87425578        1.96771002        2.04860568        1.04284716 
        0.93106061        1.86138558        1.95434391        2.03488946        1.03591239 
        0.92466062        1.84859228        1.94105625        2.02125096        1.02901590 
        0.91829908        1.83587623        1.92784655        2.00768995        1.02215838 
        0.91197580        1.82323706        1.91471481        1.99420679        1.01533949 
        0.90569061        1.81067383        1.90166080        1.98080134        1.00855899 
        0.89944386        1.79818726        1.88868427        1.96747255        1.00181711 
        0.89323509        1.78577626        1.87578475        1.95422065        0.99511337 
        0.88706410        1.77344155        1.86296260        1.94104600        0.98844820 
        0.88093084        1.76118219        1.85021663        1.92794728        0.98182100 
        0.87483513        1.74899793        1.83754766        1.91492558        0.97523201 
        0.86877704        1.73688877        1.82495511        1.90198004        0.96868110 
        0.86275613        1.72485423        1.81243777        1.88911009        0.96216804 
        0.85677260        1.71289408        1.79999697        1.87631619        0.95569277 
        0.85082603        1.70100808        1.78763163        1.86359775        0.94925511 
        0.84491640        1.68919599        1.77534127        1.85095465        0.94285524 
        0.83904350        1.67745721        1.76312625        1.83838642        0.93649286 
        0.83320755        1.66579211        1.75098598        1.82589376        0.93016791 
        0.82740772        1.65419948        1.73891985        1.81347489        0.92388028 
        0.82164431        1.64267981        1.72692800        1.80113065        0.91762972 
        0.81591743        1.63123262        1.71501005        1.78886080        0.91141623 
        0.81022626        1.61985779        1.70316601        1.77666450        0.90523982 
        0.80457127        1.60855448        1.69139504        1.76454234        0.89910024 
        0.79895180        1.59732282        1.67969739        1.75249326        0.89299721 
        0.79336822        1.58616245        1.66807246        1.74051714        0.88693100 
        0.78781998        1.57507288        1.65652001        1.72861421        0.88090110 
        0.78230709        1.56405401        1.64503968        1.71678376        0.87490767 
        0.77682936        1.55310512        1.63363135        1.70502555        0.86895037 
        0.77138662        1.54222655        1.62229490        1.69333959        0.86302918 
        0.76597881        1.53141761        1.61102974        1.68172562        0.85714394 
        0.76060587        1.52067816        1.59983540        1.67018270        0.85129452 
        0.75526714        1.51000786        1.58871162        1.65871143        0.84548104 
        0.74996287        1.49940610        1.57765841        1.64731085        0.83970290 
        0.74469298        1.48887289        1.56667578        1.63598120        0.83396018 
        0.73945713        1.47840786        1.55576241        1.62472188        0.82825297 
        0.73425525        1.46801043        1.54491913        1.61353266        0.82258075 
        0.72908700        1.45768058        1.53414464        1.60241330        0.81694353 
        0.72395247        1.44741809        1.52343941        1.59136355        0.81134123 
        0.71885127        1.43722224        1.51280248        1.58038294        0.80577379 
        0.71378350        1.42709339        1.50223410        1.56947148        0.80024081 
        0.70874882        1.41703033        1.49173343        1.55862856        0.79474235 
        0.70374715        1.40703321        1.48130035        1.54785395        0.78927815 
        0.69877815        1.39710188        1.47093499        1.53714752        0.78384817 
        0.69384187        1.38723540        1.46063662        1.52650881        0.77845222 
        0.68893796        1.37743402        1.45040452        1.51593781        0.77309018 
        0.68406653        1.36769736        1.44023907        1.50543356        0.76776195 
        0.67922723        1.35802507        1.43013954        1.49499679        0.76246715 
        0.67441982        1.34841609        1.42010581        1.48462582        0.75720584 
        0.66964442        1.33887136        1.41013777        1.47432160        0.75197786 
        0.66490060        1.32938981        1.40023494        1.46408331        0.74678308 
        0.66018826        1.31997097        1.39039624        1.45391047        0.74162114 
        0.65550721        1.31061494        1.38062239        1.44380307        0.73649204 
        0.65085727        1.30132127        1.37091255        1.43376076        0.73139566 
        0.64623845        1.29208934        1.36126673        1.42378318        0.72633195 
        0.64165050        1.28291905        1.35168421        1.41386986        0.72130054 
        0.63709331        1.27381051        1.34216487        1.40402102        0.71630144 
        0.63256651        1.26476276        1.33270872        1.39423573        0.71133441 
        0.62807012        1.25577569        1.32331443        1.38451397        0.70639920 
        0.62360400        1.24684894        1.31398320        1.37485540        0.70149589 
        0.61916780        1.23798215        1.30471301        1.36525917        0.69662404 
        0.61476147        1.22917497        1.29550505        1.35572624        0.69178373 
        0.61038488        1.22042763        1.28635764        1.34625459        0.68697476 
        0.60603780        1.21173871        1.27727151        1.33684564        0.68219686 
        0.60172015        1.20310903        1.26824605        1.32749856        0.67745012 
        0.59743166        1.19453764        1.25928080        1.31821215        0.67273420 
        0.59317225        1.18602383        1.25037527        1.30898654        0.66804874 
        0.58894181        1.17756844        1.24152946        1.29982221        0.66339415 
        0.58473998        1.16917002        1.23274279        1.29071748        0.65876973 
        0.58056688        1.16082871        1.22401500        1.28167319        0.65417564 
        0.57642198        1.15254402        1.21534610        1.27268863        0.64961165 
        0.57230538        1.14431596        1.20673549        1.26376355        0.64507741 
        0.56821680        1.13614416        1.19818282        1.25489724        0.64057308 
        0.56415635        1.12802815        1.18968773        1.24608982        0.63609827 
        0.56012350        1.11996734        1.18124986        1.23734069        0.63165301 
        0.55611825        1.11196184        1.17286909        1.22864950        0.62723696 
        0.55214065        1.10401142        1.16454518        1.22001672        0.62285000 
        0.54819012        1.09611547        1.15627730        1.21144080        0.61849213 
        0.54426688        1.08827317        1.14806569        1.20292246        0.61416304 
        0.54037046        1.08048511        1.13990963        1.19446099        0.60986274 
        0.53650081        1.07275057        1.13180923        1.18605578        0.60559076 
        0.53265780        1.06506956        1.12376380        1.17770708        0.60134721 
        0.52884144        1.05744135        1.11577344        1.16941440        0.59713197 
        0.52505124        1.04986560        1.10783720        1.16117716        0.59294462 
        0.52128738        1.04234207        1.09995472        1.15299475        0.58878523 
        0.51754946        1.03487074        1.09212649        1.14486802        0.58465374 
        0.51383740        1.02745104        1.08435178        1.13679576        0.58054966 
        0.51015091        1.02008247        1.07663035        1.12877786        0.57647300 
        0.50649011        1.01276517        1.06896162        1.12081373        0.57242364 
        0.50285470        1.00549877        1.06134558        1.11290395        0.56840146 
        0.49924457        0.99828261        1.05378175        1.10504723        0.56440628 
        0.49565944        0.99111652        1.04627001        1.09724367        0.56043780 
        0.49209934        0.98400050        1.03880978        1.08949292        0.55649614 
        0.48856393        0.97693360        1.03140092        1.08179474        0.55258089 
        0.48505315        0.96991622        1.02404296        1.07414854        0.54869205 
        0.48156694        0.96294767        1.01673555        1.06655455        0.54482943 
        0.47810492        0.95602769        1.00947869        1.05901206        0.54099286 
        0.47466713        0.94915605        1.00227201        1.05152071        0.53718209 
        0.47125345        0.94233239        0.99511516        1.04408050        0.53339720 
        0.46786353        0.93555653        0.98800784        1.03669095        0.52963799 
        0.46449739        0.92882812        0.98094946        1.02935171        0.52590412 
        0.46115488        0.92214668        0.97394025        1.02206302        0.52219558 
        0.45783567        0.91551208        0.96697956        1.01482368        0.51851225 
        0.45453987        0.90892410        0.96006709        1.00763392        0.51485384 
        0.45126721        0.90238225        0.95320266        1.00049353        0.51122051 
        0.44801742        0.89588636        0.94638580        0.99340189        0.50761169 
        0.44479051        0.88943619        0.93961626        0.98635894        0.50402766 
        0.44158635        0.88303119        0.93289417        0.97936434        0.50046784 
        0.43840471        0.87667143        0.92621851        0.97241741        0.49693230 
        0.43524548        0.87035626        0.91958946        0.96551847        0.49342093 
        0.43210849        0.86408573        0.91300684        0.95866710        0.48993361 
        0.42899364        0.85785931        0.90647012        0.95186287        0.48647010 
        0.42590079        0.85167688        0.89997888        0.94510531        0.48303029 
        0.42282978        0.84553814        0.89353305        0.93839449        0.47961399 
        0.41978046        0.83944261        0.88713223        0.93172991        0.47622120 
        0.41675267        0.83339024        0.88077641        0.92511135        0.47285160 
        0.41374630        0.82738078        0.87446481        0.91853827        0.46950525 
        0.41076133        0.82141370        0.86819762        0.91201091        0.46618170 
        0.40779734        0.81548887        0.86197436        0.90552860        0.46288109 
        0.40485442        0.80960619        0.85579461        0.89909106        0.45960316 
        0.40193236        0.80376494        0.84965825        0.89269805        0.45634776 
        0.39903098        0.79796523        0.84356493        0.88634962        0.45311484 
        0.39615029        0.79220670        0.83751476        0.88004518        0.44990414 
        0.39329004        0.78648901        0.83150697        0.87378430        0.44671562 
        0.39045006        0.78081208        0.82554144        0.86756700        0.44354922 
        0.38763028        0.77517521        0.81961769        0.86139286        0.44040453 
        0.38483068        0.76957864        0.81373578        0.85526174        0.43728167 
        0.38205087        0.76402169        0.80789542        0.84917331        0.43418038 
        0.37929091        0.75850451        0.80209613        0.84312719        0.43110055 
        0.37655059        0.75302660        0.79633778        0.83712298        0.42804202 
        0.37382984        0.74758750        0.79062021        0.83116084        0.42500472 
        0.37112841        0.74218720        0.78494275        0.82524014        0.42198846 
        0.36844629        0.73682564        0.77930558        0.81936091        0.41899312 
        0.36578333        0.73150218        0.77370828        0.81352276        0.41601855 
        0.36313939        0.72621685        0.76815051        0.80772531        0.41306469 
        0.36051437        0.72096914        0.76263213        0.80196846        0.41013139 
        0.35790801        0.71575898        0.75715256        0.79625154        0.40721831 
        0.35532033        0.71058601        0.75171220        0.79057497        0.40432563 
        0.35275126        0.70545006        0.74631017        0.78493804        0.40145311 
        0.35020044        0.70035082        0.74094647        0.77934062        0.39860052 
        0.34766805        0.69528818        0.73562086        0.77378243        0.39576793 
        0.34515360        0.69026166        0.73033291        0.76826304        0.39295495 
        0.34265724        0.68527120        0.72508264        0.76278251        0.39016160 
        0.34017879        0.68031651        0.71986973        0.75734055        0.38738775 
        0.33771813        0.67539728        0.71469367        0.75193655        0.38463330 
        0.33527508        0.67051333        0.70955443        0.74657059        0.38189811 
        0.33284959        0.66566449        0.70445180        0.74124253        0.37918204 
        0.33044147        0.66085035        0.69938534        0.73595178        0.37648496 
        0.32805073        0.65607089        0.69435513        0.73069823        0.37380669 
        0.32567713        0.65132564        0.68936074        0.72548175        0.37114722 
        0.32332060        0.64661461        0.68440181        0.72030199        0.36850640 
        0.32098094        0.64193726        0.67947817        0.71515840        0.36588401 
        0.31865817        0.63729346        0.67458969        0.71005154        0.36328012 
        0.31635210        0.63268328        0.66973597        0.70498031        0.36069435 
        0.31406260        0.62810612        0.66491705        0.69994503        0.35812673 
        0.31178957        0.62356216        0.66013241        0.69494528        0.35557729 
        0.30953294        0.61905056        0.65538204        0.68998086        0.35304561 
        0.30729264        0.61457175        0.65066540        0.68505132        0.35053176 
        0.30506837        0.61012495        0.64598268        0.68015671        0.34803554 
        0.30286017        0.60571021        0.64133322        0.67529666        0.34555686 
        0.30066788        0.60132724        0.63671714        0.67047101        0.34309563 
        0.29849142        0.59697610        0.63213408        0.66567940        0.34065178 
        0.29633066        0.59265602        0.62758368        0.66092187        0.33822507 
        0.29418549        0.58836740        0.62306589        0.65619779        0.33581546 
        0.29205579        0.58410972        0.61858034        0.65150732        0.33342278 
        0.28994146        0.57988262        0.61412692        0.64684987        0.33104706 
        0.28784245        0.57568610        0.60970569        0.64222568        0.32868803 
        0.28575855        0.57151985        0.60531574        0.63763398        0.32634559 
        0.28368971        0.56738371        0.60095745        0.63307494        0.32401970 
        0.28163588        0.56327748        0.59663039        0.62854838        0.32171023 
        0.27959687        0.55920094        0.59233421        0.62405378        0.31941706 
        0.27757260        0.55515373        0.58806914        0.61959112        0.31714010 
        0.27556294        0.55113596        0.58383453        0.61516023        0.31487921 
        0.27356786        0.54714704        0.57963026        0.61076069        0.31263435 
        0.27158719        0.54318714        0.57545602        0.60639226        0.31040522 
        0.26962084        0.53925580        0.57131201        0.60205507        0.30819196 
        0.26766875        0.53535289        0.56719762        0.59774864        0.30599436 
        0.26573083        0.53147846        0.56311285        0.59347284        0.30381227 
