                  0.00000000                  0.00000000                  0.00000000                  0.00000000                  0.00000000                  0.00000000                  0.00000000                  0.00000000                  0.00000000                  0.00000000 
                  0.00000000                  0.00000000                  0.00000000                  0.00000000                  0.00000000 
                  0.00000000                  0.00000000                  0.00000000                  0.00000000                  0.00000000 
                  0.00000000                  0.00000000                  0.00000000                  0.00000000                  0.00000000 
                  0.00000000                  0.00000000                  0.00000000                  0.00000000                  0.00000000 
                  0.00000000                  0.00000000                  0.00000000                  0.00000000                  0.00000000 
                  0.00000000                  0.00000000                  0.00000000                  0.00000000                  0.00000000 
                  0.00000000                  0.00000000                  0.00000000                  0.00000000                  0.00000000 
                  0.00000000                  0.00000000                  0.00000000                  0.00000000                  0.00000000 
                  0.00000000                  0.00000000                  0.00000000                  0.00000000                  0.00000000 
                  0.00000000                  0.00000000                  0.00000000                  0.00000000                  0.00000000 
                  0.00000000                  0.00000000                  0.00000000                  0.00000000                  0.00000000 
                  0.00000000                  0.00000000                  0.00000000                  0.00000000                  0.00000000 
                  0.00000000                  0.00000000                  0.00000000                  0.00000000                  0.00000000 
                  0.00000000                  0.00000000                  0.00000000                  0.00000000                  0.00000000 
                  0.00000000                  0.00000000                  0.00000000                  0.00000000                  0.00000000 
                  0.00000000                  0.00000000                  0.00000000                  0.00000000                  0.00000000 
                  0.00000000                  0.00000000                  0.00000000                  0.00000000                  0.00000000 
                  0.00000000                  0.00000000                  0.00000000                  0.00000000                  0.00000000 
                  0.00000000                  0.00000000                  0.00000000                  0.00000000                  0.00000000 
                  0.00000000                  0.00000000                  0.00000000                  0.00000000                  0.00000000 
                  0.00000000                  0.00000000                  0.00000000                  0.00000000                  0.00000000 
                  0.00000000                  0.00000000                  0.00000000                  0.00000000                  0.00000000 
                  0.00000000                  0.00000000                  0.00000000                  0.00000000                  0.00000000 
                  0.00000000                  0.00000000                  0.00000000                  0.00000000                  0.00000000 
                  0.00000000                  0.00000000                  0.00000000                  0.00000000                  0.00000000 
                  0.00000000                  0.00000000                  0.00000000                  0.00000000                  0.00000000 
                  0.00000000                  0.00000000                  0.00000000                  0.00000000                  0.00000000 
                  0.00000000                  0.00000000                  0.00000000                  0.00000000                  0.00000000 
                  0.00000000                  0.00000000                  0.00000000                  0.00000000                  0.00000000 
                  0.00000000                  0.00000000                  0.00000000                  0.00000000                  0.00000000 
                  0.00000000                  0.00000000                  0.00000000                  0.00000000                  0.00000000 
                  0.00000000                  0.00000000                  0.00000000                  0.00000000                  0.00000000 
                  0.00000000                  0.00000000                  0.00000000                  0.00000000                  0.00000000 
                  0.00000000                  0.00000000                  0.00000000                  0.00000000                  0.00000000 
                  0.00000000                  0.00000000                  0.00000000                  0.00000000                  0.00000000 
                  0.00000000                  0.00000000                  0.00000000                  0.00000000                  0.00000000 
                  0.00000000                  0.00000000                  0.00000000                  0.00000000                  0.00000000 
                  0.00000000                  0.00000000                  0.00000000                  0.00000000                  0.00000000 
                  0.00000000                  0.00000000                  0.00000000                  0.00000000                  0.00000000 
                  0.00000000                  0.00000000                  0.00000000                  0.00000000                  0.00000000 
                  0.00000000                  0.00000000                  0.00000000                  0.00000000                  0.00000000 
                  0.00000000                  0.00000000                  0.00000000                  0.00000000                  0.00000000 
                  0.00000000                  0.00000000                  0.00000000                  0.00000000                  0.00000000 
                  0.00000000                  0.00000000                  0.00000000                  0.00000000                  0.00000000 
                  0.00000000                  0.00000000                  0.00000000                  0.00000000                  0.00000000 
                  0.00000000                  0.00000000                  0.00000000                  0.00000000                  0.00000000 
                  0.00000000                  0.00000000                  0.00000000                  0.00000000                  0.00000000 
                  0.00000000                  0.00000000                  0.00000000                  0.00000000                  0.00000000 
                  0.00000000                  0.00000000                  0.00000000                  0.00000000                  0.00000000 
                  0.00000000                  0.00000000                  0.00000000                  0.00000000                  0.00000000 
                  0.00000000                  0.00000000                  0.00000000                  0.00000000                  0.00000000 
                  0.00000000                  0.00000000                  0.00000000                  0.00000000                  0.00000000 
                  0.00000000                  0.00000000                  0.00000000                  0.00000000                  0.00000000 
                  0.00000000                  0.00000000                  0.00000000                  0.00000000                  0.00000000 
                  0.00000000                  0.00000000                  0.00000000                  0.00000000                  0.00000000 
                  0.00000000                  0.00000000                  0.00000000                  0.00000000                  0.00000000 
                  0.00000000                  0.00000000                  0.00000000                  0.00000000                  0.00000000 
                  0.00000000                  0.00000000                  0.00000000                  0.00000000                  0.00000000 
                  0.00000000                  0.00000000                  0.00000000                  0.00000000                  0.00000000 
                  0.00000000                  0.00000000                  0.00000000                  0.00000000                  0.00000000 
                  0.00000000                  0.00000000                  0.00000000                  0.00000000                  0.00000000 
                  0.00000000                  0.00000000                  0.00000000                  0.00000000                  0.00000000 
                  0.00000000                  0.00000000                  0.00000000                  0.00000000                  0.00000000 
                  0.00000000                  0.00000000                  0.00000000                  0.00000000                  0.00000000 
                  0.00000000                  0.00000000                  0.00000000                  0.00000000                  0.00000000 
                  0.00000000                  0.00000000                  0.00000000                  0.00000000                  0.00000000 
                  0.00000000                  0.00000000                  0.00000000                  0.00000000                  0.00000000 
                  0.00000000                  0.00000000                  0.00000000                  0.00000000                  0.00000000 
                  0.00000000                  0.00000000                  0.00000000                  0.00000000                  0.00000000 
                  0.00000000                  0.00000000                  0.00000000                  0.00000000                  0.00000000 
                  0.00000000                  0.00000000                  0.00000000                  0.00000000                  0.00000000 
                  0.00000000                  0.00000000                  0.00000000                  0.00000000                  0.00000000 
                  0.00000000                  0.00000000                  0.00000000                  0.00000000                  0.00000000 
                  0.00000000                  0.00000000                  0.00000000                  0.00000000                  0.00000000 
                  0.00000000                  0.00000000                  0.00000000                  0.00000000                  0.00000000 
                  0.00000000                  0.00000000                  0.00000000                  0.00000000                  0.00000000 
                  0.00000000                  0.00000000                  0.00000000                  0.00000000                  0.00000000 
                  0.00000000                  0.00000000                  0.00000000                  0.00000000                  0.00000000 
                  0.00000000                  0.00000000                  0.00000000                  0.00000000                  0.00000000 
                  0.00000000                  0.00000000                  0.00000000                  0.00000000                  0.00000000 
                  0.00000000                  0.00000000                  0.00000000                  0.00000000                  0.00000000 
                  0.00000000                  0.00000000                  0.00000000                  0.00000000                  0.00000000 
                  0.00000000                  0.00000000                  0.00000000                  0.00000000                  0.00000000 
                  0.00000000                  0.00000000                  0.00000000                  0.00000000                  0.00000000 
                  0.00000000                  0.00000000                  0.00000000                  0.00000000                  0.00000000 
                  0.00000000                  0.00000000                  0.00000000                  0.00000000                  0.00000000 
                  0.00000000                  0.00000000                  0.00000000                  0.00000000                  0.00000000 
                  0.00000000                  0.00000000                  0.00000000                  0.00000000                  0.00000000 
                  0.00000000                  0.00000000                  0.00000000                  0.00000000                  0.00000000 
                  0.00000000                  0.00000000                  0.00000000                  0.00000000                  0.00000000 
                  0.00000000                  0.00000000                  0.00000000                  0.00000000                  0.00000000 
                  0.00000000                  0.00000000                  0.00000000                  0.00000000                  0.00000000 
                  0.00000000                  0.00000000                  0.00000000                  0.00000000                  0.00000000 
                  0.00000000                  0.00000000                  0.00000000                  0.00000000                  0.00000000 
                  0.00000000                  0.00000000                  0.00000000                  0.00000000                  0.00000000 
                  0.00000000                  0.00000000                  0.00000000                  0.00000000                  0.00000000 
                  0.00000000                  0.00000000                  0.00000000                  0.00000000                  0.00000000 
                  0.00000000                  0.00000000                  0.00000000                  0.00000000                  0.00000000 
                  0.00000000                  0.00000000                  0.00000000                  0.00000000                  0.00000000 
                  0.00000000                  0.00000000                  0.00000000                  0.00000000                  0.00000000 
                  0.00000000                  0.00000000                  0.00000000                  0.00000000                  0.00000000 
                  0.00000000                  0.00000000                  0.00000000                  0.00000000                  0.00000000 
                  0.00000000                  0.00000000                  0.00000000                  0.00000000                  0.00000000 
                  0.00000000                  0.00000000                  0.00000000                  0.00000000                  0.00000000 
                  0.00000000                  0.00000000                  0.00000000                  0.00000000                  0.00000000 
                  0.00000000                  0.00000000                  0.00000000                  0.00000000                  0.00000000 
                  0.00000000                  0.00000000                  0.00000000                  0.00000000                  0.00000000 
                  0.00000000                  0.00000000                  0.00000000                  0.00000000                  0.00000000 
                  0.00000000                  0.00000000                  0.00000000                  0.00000000                  0.00000000 
                  0.00000000                  0.00000000                  0.00000000                  0.00000000                  0.00000000 
                  0.00000000                  0.00000000                  0.00000000                  0.00000000                  0.00000000 
                  0.00000000                  0.00000000                  0.00000000                  0.00000000                  0.00000000 
                  0.00000000                  0.00000000                  0.00000000                  0.00000000                  0.00000000 
                  0.00000000                  0.00000000                  0.00000000                  0.00000000                  0.00000000 
                  0.00000000                  0.00000000                  0.00000000                  0.00000000                  0.00000000 
                  0.00000000                  0.00000000                  0.00000000                  0.00000000                  0.00000000 
                  0.00000000                  0.00000000                  0.00000000                  0.00000000                  0.00000000 
                  0.00000000                  0.00000000                  0.00000000                  0.00000000                  0.00000000 
                  0.00000000                  0.00000000                  0.00000000                  0.00000000                  0.00000000 
                  0.00000000                  0.00000000                  0.00000000                  0.00000000                  0.00000000 
                  0.00000001                  0.00000001                  0.00000000                  0.00000000                  0.00000000 
                  0.00000001                  0.00000001                  0.00000000                  0.00000000                  0.00000000 
                  0.00000002                  0.00000002                  0.00000000                  0.00000000                  0.00000000 
                  0.00000003                  0.00000003                  0.00000000                  0.00000000                  0.00000000 
                  0.00000004                  0.00000005                  0.00000000                  0.00000000                  0.00000000 
                  0.00000007                  0.00000007                  0.00000000                  0.00000001                  0.00000001 
                  0.00000011                  0.00000011                  0.00000001                  0.00000001                  0.00000001 
                  0.00000017                  0.00000018                  0.00000001                  0.00000001                  0.00000001 
                  0.00000027                  0.00000027                  0.00000002                  0.00000002                  0.00000002 
                  0.00000042                  0.00000043                  0.00000003                  0.00000003                  0.00000003 
                  0.00000064                  0.00000065                  0.00000004                  0.00000005                  0.00000005 
                  0.00000098                  0.00000100                  0.00000007                  0.00000008                  0.00000008 
                  0.00000148                  0.00000152                  0.00000010                  0.00000012                  0.00000012 
                  0.00000224                  0.00000230                  0.00000015                  0.00000018                  0.00000018 
                  0.00000337                  0.00000345                  0.00000023                  0.00000026                  0.00000027 
                  0.00000502                  0.00000515                  0.00000034                  0.00000039                  0.00000041 
                  0.00000745                  0.00000763                  0.00000051                  0.00000058                  0.00000060 
                  0.00001098                  0.00001126                  0.00000075                  0.00000086                  0.00000089 
                  0.00001609                  0.00001650                  0.00000110                  0.00000125                  0.00000130 
                  0.00002343                  0.00002404                  0.00000160                  0.00000183                  0.00000189 
                  0.00003393                  0.00003482                  0.00000231                  0.00000264                  0.00000273 
                  0.00004883                  0.00005012                  0.00000332                  0.00000379                  0.00000393 
                  0.00006984                  0.00007172                  0.00000475                  0.00000542                  0.00000562 
                  0.00009931                  0.00010201                  0.00000674                  0.00000770                  0.00000798 
                  0.00014037                  0.00014423                  0.00000951                  0.00001087                  0.00001127 
                  0.00019722                  0.00020269                  0.00001334                  0.00001525                  0.00001581 
                  0.00027543                  0.00028316                  0.00001860                  0.00002127                  0.00002206 
                  0.00038236                  0.00039320                  0.00002579                  0.00002948                  0.00003059 
                  0.00052763                  0.00054275                  0.00003553                  0.00004063                  0.00004216 
                  0.00072375                  0.00074472                  0.00004867                  0.00005566                  0.00005777 
                  0.00098684                  0.00101575                  0.00006627                  0.00007579                  0.00007867 
                  0.00133756                  0.00137716                  0.00008969                  0.00010258                  0.00010651 
                  0.00180213                  0.00185606                  0.00012067                  0.00013802                  0.00014332 
                  0.00241362                  0.00248662                  0.00016138                  0.00018459                  0.00019171 
                  0.00321338                  0.00331161                  0.00021455                  0.00024541                  0.00025492 
                  0.00425274                  0.00438412                  0.00028355                  0.00032431                  0.00033693 
                  0.00559490                  0.00576958                  0.00037252                  0.00042604                  0.00044269 
                  0.00731703                  0.00754787                  0.00048651                  0.00055636                  0.00057817 
                  0.00951258                  0.00981582                  0.00063163                  0.00072223                  0.00075064 
                  0.01229379                  0.01268977                  0.00081521                  0.00093199                  0.00096876 
                  0.01579429                  0.01630828                  0.00104595                  0.00119555                  0.00124286 
                  0.02017177                  0.02083495                  0.00133410                  0.00152458                  0.00158507 
                  0.02561067                  0.02646125                  0.00169164                  0.00193268                  0.00200954 
                  0.03232465                  0.03340906                  0.00213243                  0.00243558                  0.00253264 
                  0.04055887                  0.04193318                  0.00267234                  0.00305127                  0.00317307 
                  0.05059185                  0.05232317                  0.00332938                  0.00380011                  0.00395203 
                  0.06273669                  0.06490476                  0.00412377                  0.00470496                  0.00489326 
                  0.07734151                  0.08004035                  0.00507795                  0.00579113                  0.00602307 
                  0.09478892                  0.09812848                  0.00621657                  0.00708633                  0.00737028 
                  0.11549426                  0.11960206                  0.00756635                  0.00862058                  0.00896604 
                  0.13990246                  0.14492521                  0.00915588                  0.01042586                  0.01084357 
                  0.16848327                  0.17458829                  0.01101534                  0.01253585                  0.01303779 
                  0.20172486                  0.20910127                  0.01317604                  0.01498535                  0.01558479 
                  0.24012530                  0.24898502                  0.01566992                  0.01780970                  0.01852115 
                  0.28418255                  0.29476076                  0.01852892                  0.02104404                  0.02188321 
                  0.33438212                  0.34693730                  0.02178418                  0.02472239                  0.02570609 
                  0.39118335                  0.40599671                  0.02546516                  0.02887663                  0.03002266 
                  0.45500380                  0.47237808                  0.02959870                  0.03353547                  0.03486235 
                  0.52620280                  0.54646021                  0.03420797                  0.03872317                  0.04024998 
                  0.60506344                  0.62854284                  0.03931134                  0.04445835                  0.04620438 
                  0.69177502                  0.71882820                  0.04492129                  0.05075273                  0.05273715 
                  0.78641534                  0.81740230                  0.05104328                  0.05760990                  0.05985137 
                  0.88893366                  0.92421752                  0.05767471                  0.06502420                  0.06754044 
                  0.99913597                  1.03907609                  0.06480400                  0.07297967                  0.07578699 
                  1.11667216                  1.16161704                  0.07240976                  0.08144923                  0.08456206 
                  1.24102592                  1.29130578                  0.08046021                  0.09039410                  0.09382454 
                  1.37150979                  1.42742777                  0.08891273                  0.09976347                  0.10352073 
                  1.50726271                  1.56908667                  0.09771390                  0.10949442                  0.11358447 
                  1.64725435                  1.71520805                  0.10679957                  0.11951236                  0.12393747 
                  1.79029310                  1.86454773                  0.11609540                  0.12973166                  0.13449001 
                  1.93503988                  2.01570702                  0.12551779                  0.14005663                  0.14514221 
                  2.08002853                  2.16715097                  0.13497484                  0.15038313                  0.15578541 
                  2.22368836                  2.31723619                  0.14436810                  0.16060016                  0.16630411 
                  2.36437392                  2.46423817                  0.15359405                  0.17059202                  0.17657804 
                  2.50039721                  2.60638738                  0.16254623                  0.18024054                  0.18648466 
                  2.63006330                  2.74190474                  0.17111734                  0.18942748                  0.19590177 
                  2.75170612                  2.86904216                  0.17920157                  0.19803731                  0.20471005 
                  2.86372757                  2.98612118                  0.18669689                  0.20595959                  0.21279585 
                  2.96463418                  3.09157228                  0.19350719                  0.21309158                  0.22005382 
                  3.05307174                  3.18397117                  0.19954476                  0.21934062                  0.22638929 
                  3.12785864                  3.26207519                  0.20473203                  0.22462626                  0.23172052 
                  3.18801236                  3.32485056                  0.20900354                  0.22888201                  0.23598057 
                  3.23277330                  3.37149668                  0.21230721                  0.23205706                  0.23911873 
                  3.26162100                  3.40146565                  0.21460557                  0.23411697                  0.24110156 
                  3.27428460                  3.41447210                  0.21587643                  0.23504460                  0.24191365 
                  3.27074599                  3.41049695                  0.21611321                  0.23484012                  0.24155742 
                  3.25123811                  3.38978434                  0.21532488                  0.23352075                  0.24005300 
                  3.21623302                  3.35283160                  0.21353547                  0.23111996                  0.23743726 
                  3.16642714                  3.30037451                  0.21078314                  0.22768643                  0.23376268 
                  3.10272098                  3.23336029                  0.20711909                  0.22328255                  0.22909564 
                  3.02619219                  3.15292478                  0.20260598                  0.21798256                  0.22351466 
                  2.93806601                  3.06035924                  0.19731635                  0.21187064                  0.21710819 
                  2.83968472                  2.95707893                  0.19133067                  0.20503870                  0.20997235 
                  2.73247385                  2.84458542                  0.18473540                  0.19758427                  0.20220879 
                  2.61790943                  2.72443342                  0.17762101                  0.18960814                  0.19392215 
                  2.49748492                  2.59819531                  0.17007990                  0.18121234                  0.18521798 
                  2.37268162                  2.46743035                  0.16220471                  0.17249799                  0.17620060 
                  2.24493957                  2.33365297                  0.15408637                  0.16356352                  0.16697124 
                  2.11563301                  2.19830847                  0.14581265                  0.15450300                  0.15762638 
                  1.98605001                  2.06274819                  0.13746667                  0.14540479                  0.14825624 
                  1.85737431                  1.92821431                  0.12912591                  0.13635029                  0.13894382 
                  1.73067272                  1.79582429                  0.12086115                  0.12741326                  0.12976392 
                  1.60688627                  1.66656196                  0.11273593                  0.11865906                  0.12078263 
                  1.48682547                  1.54127252                  0.10480600                  0.11014444                  0.11205703 
                  1.37116849                  1.42066169                  0.09711921                  0.10191733                  0.10363515 
                  1.26046383                  1.30529726                  0.08971547                  0.09401705                  0.09555609 
                  1.15513432                  1.19561517                  0.08262691                  0.08647454                  0.08785030 
                  1.05548501                  1.09192634                  0.07587825                  0.07931282                  0.08054022 
                  0.96171194                  0.99442714                  0.06948721                  0.07254759                  0.07364076 
                  0.87391233                  0.90321022                  0.06346507                  0.06618781                  0.06716003 
                  0.79209560                  0.81827641                  0.05781735                  0.06023651                  0.06110013 
                  0.71619540                  0.73954737                  0.05254436                  0.05469145                  0.05545786 
                  0.64608103                  0.66687751                  0.04764197                  0.04954590                  0.05022555 
                  0.58156884                  0.60006642                  0.04310225                  0.04478938                  0.04539178 
                  0.52243304                  0.53887039                  0.03891413                  0.04040837                  0.04094209 
                  0.46841574                  0.48301294                  0.03506403                  0.03638691                  0.03685971 
                  0.41923603                  0.43219453                  0.03153643                  0.03270733                  0.03312610 
                  0.37459829                  0.38610092                  0.02831442                  0.02935064                  0.02972157 
                  0.33419904                  0.34441093                  0.02538016                  0.02629712                  0.02662571 
                  0.29773322                  0.30680254                  0.02271529                  0.02352671                  0.02381782 
                  0.26489925                  0.27295810                  0.02030130                  0.02101935                  0.02127729 
                  0.23540299                  0.24256876                  0.01811982                  0.01875525                  0.01898384 
                  0.20896095                  0.21533753                  0.01615284                  0.01671519                  0.01691779 
                  0.18530281                  0.19098182                  0.01438296                  0.01488065                  0.01506023 
                  0.16417302                  0.16923508                  0.01279349                  0.01323396                  0.01339314 
                  0.14533201                  0.14984785                  0.01136858                  0.01175840                  0.01189950 
                  0.12855661                  0.13258837                  0.01009330                  0.01043827                  0.01056333 
                  0.11364042                  0.11724252                  0.00895366                  0.00925892                  0.00936976 
                  0.10039344                  0.10361365                  0.00793665                  0.00820674                  0.00830496 
                  0.08864179                  0.09152202                  0.00703024                  0.00726917                  0.00735619 
                  0.07822693                  0.08080402                  0.00622336                  0.00643468                  0.00651176 
                  0.06900498                  0.07131140                  0.00550583                  0.00569270                  0.00576095 
                  0.06084578                  0.06291019                  0.00486840                  0.00503361                  0.00509402 
                  0.05363199                  0.05547976                  0.00430263                  0.00444865                  0.00450211 
                  0.04725811                  0.04891175                  0.00380088                  0.00392989                  0.00397719 
                  0.04162955                  0.04310909                  0.00335623                  0.00347019                  0.00351201 
                  0.03666168                  0.03798497                  0.00296245                  0.00306309                  0.00310006 
                  0.03227892                  0.03346195                  0.00261394                  0.00270278                  0.00273545 
                  0.02841393                  0.02947101                  0.00230568                  0.00238408                  0.00241294 
                  0.02500678                  0.02595076                  0.00203314                  0.00210232                  0.00212780 
                  0.02200420                  0.02284665                  0.00179232                  0.00185333                  0.00187582 
                  0.01935893                  0.02011025                  0.00157960                  0.00163340                  0.00165325 
                  0.01702906                  0.01769863                  0.00139179                  0.00143922                  0.00145673 
                  0.01497748                  0.01557376                  0.00122602                  0.00126782                  0.00128327 
                  0.01317133                  0.01370195                  0.00107977                  0.00111660                  0.00113022 
                  0.01158158                  0.01205341                  0.00095077                  0.00098322                  0.00099522 
                  0.01018254                  0.01060179                  0.00083703                  0.00086560                  0.00087618 
                  0.00895155                  0.00932379                  0.00073676                  0.00076192                  0.00077123 
                  0.00786858                  0.00819884                  0.00064839                  0.00067054                  0.00067874 
                  0.00691597                  0.00720879                  0.00057053                  0.00059003                  0.00059725 
                  0.00607814                  0.00633757                  0.00050194                  0.00051910                  0.00052546 
                  0.00534135                  0.00557106                  0.00044154                  0.00045663                  0.00046223 
                  0.00469349                  0.00489675                  0.00038835                  0.00040163                  0.00040655 
                  0.00412389                  0.00430363                  0.00034152                  0.00035320                  0.00035754 
                  0.00362315                  0.00378200                  0.00030030                  0.00031058                  0.00031439 
                  0.00318299                  0.00332330                  0.00026403                  0.00027306                  0.00027642 
                  0.00279611                  0.00291998                  0.00023211                  0.00024005                  0.00024300 
                  0.00245609                  0.00256539                  0.00020403                  0.00021101                  0.00021360 
                  0.00215729                  0.00225369                  0.00017932                  0.00018546                  0.00018774 
                  0.00189472                  0.00197971                  0.00015760                  0.00016299                  0.00016499 
                  0.00166402                  0.00173890                  0.00013849                  0.00014323                  0.00014499 
                  0.00146132                  0.00152729                  0.00012168                  0.00012585                  0.00012740 
                  0.00128325                  0.00134133                  0.00010691                  0.00011057                  0.00011193 
                  0.00112682                  0.00117794                  0.00009392                  0.00009714                  0.00009833 
                  0.00098941                  0.00103439                  0.00008251                  0.00008533                  0.00008638 
                  0.00086871                  0.00090828                  0.00007247                  0.00007495                  0.00007588 
                  0.00076270                  0.00079750                  0.00006366                  0.00006583                  0.00006665 
                  0.00066960                  0.00070020                  0.00005591                  0.00005782                  0.00005853 
                  0.00058784                  0.00061473                  0.00004910                  0.00005078                  0.00005140 
                  0.00051604                  0.00053967                  0.00004311                  0.00004459                  0.00004514 
                  0.00045299                  0.00047375                  0.00003786                  0.00003915                  0.00003964 
                  0.00039763                  0.00041587                  0.00003324                  0.00003438                  0.00003480 
                  0.00034902                  0.00036504                  0.00002919                  0.00003018                  0.00003056 
                  0.00030635                  0.00032041                  0.00002562                  0.00002650                  0.00002683 
                  0.00026888                  0.00028123                  0.00002249                  0.00002326                  0.00002355 
                  0.00023599                  0.00024682                  0.00001975                  0.00002042                  0.00002068 
                  0.00020711                  0.00021662                  0.00001733                  0.00001793                  0.00001815 
                  0.00018176                  0.00019011                  0.00001522                  0.00001574                  0.00001593 
                  0.00015951                  0.00016683                  0.00001336                  0.00001381                  0.00001398 
                  0.00013998                  0.00014641                  0.00001172                  0.00001212                  0.00001227 
                  0.00012284                  0.00012847                  0.00001029                  0.00001064                  0.00001077 
                  0.00010779                  0.00011274                  0.00000903                  0.00000934                  0.00000945 
                  0.00009458                  0.00009892                  0.00000792                  0.00000820                  0.00000830 
                  0.00008299                  0.00008680                  0.00000695                  0.00000719                  0.00000728 
                  0.00007282                  0.00007616                  0.00000610                  0.00000631                  0.00000639 
                  0.00006390                  0.00006682                  0.00000536                  0.00000554                  0.00000561 
                  0.00005606                  0.00005863                  0.00000470                  0.00000486                  0.00000492 
                  0.00004919                  0.00005144                  0.00000412                  0.00000426                  0.00000432 
                  0.00004315                  0.00004513                  0.00000362                  0.00000374                  0.00000379 
                  0.00003786                  0.00003959                  0.00000317                  0.00000328                  0.00000332 
                  0.00003322                  0.00003473                  0.00000279                  0.00000288                  0.00000292 
                  0.00002914                  0.00003047                  0.00000244                  0.00000253                  0.00000256 
                  0.00002557                  0.00002673                  0.00000214                  0.00000222                  0.00000224 
                  0.00002243                  0.00002345                  0.00000188                  0.00000195                  0.00000197 
                  0.00001968                  0.00002057                  0.00000165                  0.00000171                  0.00000173 
                  0.00001726                  0.00001805                  0.00000145                  0.00000150                  0.00000152 
                  0.00001514                  0.00001583                  0.00000127                  0.00000131                  0.00000133 
                  0.00001328                  0.00001389                  0.00000111                  0.00000115                  0.00000117 
                  0.00001165                  0.00001218                  0.00000098                  0.00000101                  0.00000102 
                  0.00001022                  0.00001068                  0.00000086                  0.00000089                  0.00000090 
                  0.00000896                  0.00000937                  0.00000075                  0.00000078                  0.00000079 
                  0.00000786                  0.00000822                  0.00000066                  0.00000068                  0.00000069 
                  0.00000690                  0.00000721                  0.00000058                  0.00000060                  0.00000061 
                  0.00000605                  0.00000632                  0.00000051                  0.00000053                  0.00000053 
                  0.00000531                  0.00000555                  0.00000045                  0.00000046                  0.00000047 
                  0.00000465                  0.00000487                  0.00000039                  0.00000040                  0.00000041 
                  0.00000408                  0.00000427                  0.00000034                  0.00000035                  0.00000036 
                  0.00000358                  0.00000374                  0.00000030                  0.00000031                  0.00000031 
                  0.00000314                  0.00000328                  0.00000026                  0.00000027                  0.00000028 
                  0.00000275                  0.00000288                  0.00000023                  0.00000024                  0.00000024 
                  0.00000242                  0.00000253                  0.00000020                  0.00000021                  0.00000021 
                  0.00000212                  0.00000221                  0.00000018                  0.00000018                  0.00000019 
                  0.00000186                  0.00000194                  0.00000016                  0.00000016                  0.00000016 
                  0.00000163                  0.00000170                  0.00000014                  0.00000014                  0.00000014 
                  0.00000143                  0.00000149                  0.00000012                  0.00000012                  0.00000013 
                  0.00000125                  0.00000131                  0.00000011                  0.00000011                  0.00000011 
                  0.00000110                  0.00000115                  0.00000009                  0.00000010                  0.00000010 
                  0.00000096                  0.00000101                  0.00000008                  0.00000008                  0.00000008 
                  0.00000085                  0.00000088                  0.00000007                  0.00000007                  0.00000007 
                  0.00000074                  0.00000078                  0.00000006                  0.00000006                  0.00000007 
                  0.00000065                  0.00000068                  0.00000005                  0.00000006                  0.00000006 
                  0.00000057                  0.00000060                  0.00000005                  0.00000005                  0.00000005 
                  0.00000050                  0.00000052                  0.00000004                  0.00000004                  0.00000004 
                  0.00000044                  0.00000046                  0.00000004                  0.00000004                  0.00000004 
                  0.00000038                  0.00000040                  0.00000003                  0.00000003                  0.00000003 
                  0.00000034                  0.00000035                  0.00000003                  0.00000003                  0.00000003 
                  0.00000030                  0.00000031                  0.00000002                  0.00000003                  0.00000003 
                  0.00000026                  0.00000027                  0.00000002                  0.00000002                  0.00000002 
                  0.00000023                  0.00000024                  0.00000002                  0.00000002                  0.00000002 
                  0.00000020                  0.00000021                  0.00000002                  0.00000002                  0.00000002 
                  0.00000018                  0.00000018                  0.00000001                  0.00000002                  0.00000002 
                  0.00000015                  0.00000016                  0.00000001                  0.00000001                  0.00000001 
                  0.00000013                  0.00000014                  0.00000001                  0.00000001                  0.00000001 
                  0.00000012                  0.00000012                  0.00000001                  0.00000001                  0.00000001 
                  0.00000010                  0.00000011                  0.00000001                  0.00000001                  0.00000001 
                  0.00000009                  0.00000009                  0.00000001                  0.00000001                  0.00000001 
                  0.00000008                  0.00000008                  0.00000001                  0.00000001                  0.00000001 
                  0.00000007                  0.00000007                  0.00000001                  0.00000001                  0.00000001 
                  0.00000006                  0.00000006                  0.00000001                  0.00000001                  0.00000001 
                  0.00000005                  0.00000006                  0.00000000                  0.00000000                  0.00000000 
                  0.00000005                  0.00000005                  0.00000000                  0.00000000                  0.00000000 
                  0.00000004                  0.00000004                  0.00000000                  0.00000000                  0.00000000 
                  0.00000004                  0.00000004                  0.00000000                  0.00000000                  0.00000000 
                  0.00000003                  0.00000003                  0.00000000                  0.00000000                  0.00000000 
                  0.00000003                  0.00000003                  0.00000000                  0.00000000                  0.00000000 
                  0.00000002                  0.00000003                  0.00000000                  0.00000000                  0.00000000 
                  0.00000002                  0.00000002                  0.00000000                  0.00000000                  0.00000000 
                  0.00000002                  0.00000002                  0.00000000                  0.00000000                  0.00000000 
                  0.00000002                  0.00000002                  0.00000000                  0.00000000                  0.00000000 
                  0.00000001                  0.00000002                  0.00000000                  0.00000000                  0.00000000 
                  0.00000001                  0.00000001                  0.00000000                  0.00000000                  0.00000000 
                  0.00000001                  0.00000001                  0.00000000                  0.00000000                  0.00000000 
                  0.00000001                  0.00000001                  0.00000000                  0.00000000                  0.00000000 
                  0.00000001                  0.00000001                  0.00000000                  0.00000000                  0.00000000 
                  0.00000001                  0.00000001                  0.00000000                  0.00000000                  0.00000000 
                  0.00000001                  0.00000001                  0.00000000                  0.00000000                  0.00000000 
                  0.00000001                  0.00000001                  0.00000000                  0.00000000                  0.00000000 
                  0.00000001                  0.00000001                  0.00000000                  0.00000000                  0.00000000 
                  0.00000000                  0.00000000                  0.00000000                  0.00000000                  0.00000000 
                  0.00000000                  0.00000000                  0.00000000                  0.00000000                  0.00000000 
                  0.00000000                  0.00000000                  0.00000000                  0.00000000                  0.00000000 
                  0.00000000                  0.00000000                  0.00000000                  0.00000000                  0.00000000 
                  0.00000000                  0.00000000                  0.00000000                  0.00000000                  0.00000000 
                  0.00000000                  0.00000000                  0.00000000                  0.00000000                  0.00000000 
                  0.00000000                  0.00000000                  0.00000000                  0.00000000                  0.00000000 
                  0.00000000                  0.00000000                  0.00000000                  0.00000000                  0.00000000 
                  0.00000000                  0.00000000                  0.00000000                  0.00000000                  0.00000000 
                  0.00000000                  0.00000000                  0.00000000                  0.00000000                  0.00000000 
                  0.00000000                  0.00000000                  0.00000000                  0.00000000                  0.00000000 
                  0.00000000                  0.00000000                  0.00000000                  0.00000000                  0.00000000 
                  0.00000000                  0.00000000                  0.00000000                  0.00000000                  0.00000000 
                  0.00000000                  0.00000000                  0.00000000                  0.00000000                  0.00000000 
                  0.00000000                  0.00000000                  0.00000000                  0.00000000                  0.00000000 
                  0.00000000                  0.00000000                  0.00000000                  0.00000000                  0.00000000 
                  0.00000000                  0.00000000                  0.00000000                  0.00000000                  0.00000000 
                  0.00000000                  0.00000000                  0.00000000                  0.00000000                  0.00000000 
                  0.00000000                  0.00000000                  0.00000000                  0.00000000                  0.00000000 
                  0.00000000                  0.00000000                  0.00000000                  0.00000000                  0.00000000 
                  0.00000000                  0.00000000                  0.00000000                  0.00000000                  0.00000000 
                  0.00000000                  0.00000000                  0.00000000                  0.00000000                  0.00000000 
                  0.00000000                  0.00000000                  0.00000000                  0.00000000                  0.00000000 
                  0.00000000                  0.00000000                  0.00000000                  0.00000000                  0.00000000 
                  0.00000000                  0.00000000                  0.00000000                  0.00000000                  0.00000000 
                  0.00000000                  0.00000000                  0.00000000                  0.00000000                  0.00000000 
                  0.00000000                  0.00000000                  0.00000000                  0.00000000                  0.00000000 
                  0.00000000                  0.00000000                  0.00000000                  0.00000000                  0.00000000 
                  0.00000000                  0.00000000                  0.00000000                  0.00000000                  0.00000000 
                  0.00000000                  0.00000000                  0.00000000                  0.00000000                  0.00000000 
                  0.00000000                  0.00000000                  0.00000000                  0.00000000                  0.00000000 
                  0.00000000                  0.00000000                  0.00000000                  0.00000000                  0.00000000 
                  0.00000000                  0.00000000                  0.00000000                  0.00000000                  0.00000000 
                  0.00000000                  0.00000000                  0.00000000                  0.00000000                  0.00000000 
                  0.00000000                  0.00000000                  0.00000000                  0.00000000                  0.00000000 
                  0.00000000                  0.00000000                  0.00000000                  0.00000000                  0.00000000 
                  0.00000000                  0.00000000                  0.00000000                  0.00000000                  0.00000000 
                  0.00000000                  0.00000000                  0.00000000                  0.00000000                  0.00000000 
                  0.00000000                  0.00000000                  0.00000000                  0.00000000                  0.00000000 
                  0.00000000                  0.00000000                  0.00000000                  0.00000000                  0.00000000 
                  0.00000000                  0.00000000                  0.00000000                  0.00000000                  0.00000000 
                  0.00000000                  0.00000000                  0.00000000                  0.00000000                  0.00000000 
                  0.00000000                  0.00000000                  0.00000000                  0.00000000                  0.00000000 
                  0.00000000                  0.00000000                  0.00000000                  0.00000000                  0.00000000 
                  0.00000000                  0.00000000                  0.00000000                  0.00000000                  0.00000000 
                  0.00000000                  0.00000000                  0.00000000                  0.00000000                  0.00000000 
                  0.00000000                  0.00000000                  0.00000000                  0.00000000                  0.00000000 
                  0.00000000                  0.00000000                  0.00000000                  0.00000000                  0.00000000 
                  0.00000000                  0.00000000                  0.00000000                  0.00000000                  0.00000000 
                  0.00000000                  0.00000000                  0.00000000                  0.00000000                  0.00000000 
                  0.00000000                  0.00000000                  0.00000000                  0.00000000                  0.00000000 
                  0.00000000                  0.00000000                  0.00000000                  0.00000000                  0.00000000 
                  0.00000000                  0.00000000                  0.00000000                  0.00000000                  0.00000000 
                  0.00000000                  0.00000000                  0.00000000                  0.00000000                  0.00000000 
                  0.00000000                  0.00000000                  0.00000000                  0.00000000                  0.00000000 
                  0.00000000                  0.00000000                  0.00000000                  0.00000000                  0.00000000 
                  0.00000000                  0.00000000                  0.00000000                  0.00000000                  0.00000000 
                  0.00000000                  0.00000000                  0.00000000                  0.00000000                  0.00000000 
                  0.00000000                  0.00000000                  0.00000000                  0.00000000                  0.00000000 
                  0.00000000                  0.00000000                  0.00000000                  0.00000000                  0.00000000 
                  0.00000000                  0.00000000                  0.00000000                  0.00000000                  0.00000000 
                  0.00000000                  0.00000000                  0.00000000                  0.00000000                  0.00000000 
                  0.00000000                  0.00000000                  0.00000000                  0.00000000                  0.00000000 
                  0.00000000                  0.00000000                  0.00000000                  0.00000000                  0.00000000 
                  0.00000000                  0.00000000                  0.00000000                  0.00000000                  0.00000000 
                  0.00000000                  0.00000000                  0.00000000                  0.00000000                  0.00000000 
                  0.00000000                  0.00000000                  0.00000000                  0.00000000                  0.00000000 
                  0.00000000                  0.00000000                  0.00000000                  0.00000000                  0.00000000 
                  0.00000000                  0.00000000                  0.00000000                  0.00000000                  0.00000000 
                  0.00000000                  0.00000000                  0.00000000                  0.00000000                  0.00000000 
                  0.00000000                  0.00000000                  0.00000000                  0.00000000                  0.00000000 
                  0.00000000                  0.00000000                  0.00000000                  0.00000000                  0.00000000 
                  0.00000000                  0.00000000                  0.00000000                  0.00000000                  0.00000000 
                  0.00000000                  0.00000000                  0.00000000                  0.00000000                  0.00000000 
                  0.00000000                  0.00000000                  0.00000000                  0.00000000                  0.00000000 
                  0.00000000                  0.00000000                  0.00000000                  0.00000000                  0.00000000 
                  0.00000000                  0.00000000                  0.00000000                  0.00000000                  0.00000000 
                  0.00000000                  0.00000000                  0.00000000                  0.00000000                  0.00000000 
                  0.00000000                  0.00000000                  0.00000000                  0.00000000                  0.00000000 
                  0.00000000                  0.00000000                  0.00000000                  0.00000000                  0.00000000 
                  0.00000000                  0.00000000                  0.00000000                  0.00000000                  0.00000000 
                  0.00000000                  0.00000000                  0.00000000                  0.00000000                  0.00000000 
                  0.00000000                  0.00000000                  0.00000000                  0.00000000                  0.00000000 
                  0.00000000                  0.00000000                  0.00000000                  0.00000000                  0.00000000 
                  0.00000000                  0.00000000                  0.00000000                  0.00000000                  0.00000000 
                  0.00000000                  0.00000000                  0.00000000                  0.00000000                  0.00000000 
                  0.00000000                  0.00000000                  0.00000000                  0.00000000                  0.00000000 
                  0.00000000                  0.00000000                  0.00000000                  0.00000000                  0.00000000 
                  0.00000000                  0.00000000                  0.00000000                  0.00000000                  0.00000000 
                  0.00000000                  0.00000000                  0.00000000                  0.00000000                  0.00000000 
                  0.00000000                  0.00000000                  0.00000000                  0.00000000                  0.00000000 
                  0.00000000                  0.00000000                  0.00000000                  0.00000000                  0.00000000 
                  0.00000000                  0.00000000                  0.00000000                  0.00000000                  0.00000000 
                  0.00000000                  0.00000000                  0.00000000                  0.00000000                  0.00000000 
                  0.00000000                  0.00000000                  0.00000000                  0.00000000                  0.00000000 
                  0.00000000                  0.00000000                  0.00000000                  0.00000000                  0.00000000 
                  0.00000000                  0.00000000                  0.00000000                  0.00000000                  0.00000000 
                  0.00000000                  0.00000000                  0.00000000                  0.00000000                  0.00000000 
                  0.00000000                  0.00000000                  0.00000000                  0.00000000                  0.00000000 
                  0.00000000                  0.00000000                  0.00000000                  0.00000000                  0.00000000 
                  0.00000000                  0.00000000                  0.00000000                  0.00000000                  0.00000000 
                  0.00000000                  0.00000000                  0.00000000                  0.00000000                  0.00000000 
                  0.00000000                  0.00000000                  0.00000000                  0.00000000                  0.00000000 
                  0.00000000                  0.00000000                  0.00000000                  0.00000000                  0.00000000 
                  0.00000000                  0.00000000                  0.00000000                  0.00000000                  0.00000000 
                  0.00000000                  0.00000000                  0.00000000                  0.00000000                  0.00000000 
                  0.00000000                  0.00000000                  0.00000000                  0.00000000                  0.00000000 
                  0.00000000                  0.00000000                  0.00000000                  0.00000000                  0.00000000 
                  0.00000000                  0.00000000                  0.00000000                  0.00000000                  0.00000000 
                  0.00000000                  0.00000000                  0.00000000                  0.00000000                  0.00000000 
                  0.00000000                  0.00000000                  0.00000000                  0.00000000                  0.00000000 
                  0.00000000                  0.00000000                  0.00000000                  0.00000000                  0.00000000 
                  0.00000000                  0.00000000                  0.00000000                  0.00000000                  0.00000000 
                  0.00000000                  0.00000000                  0.00000000                  0.00000000                  0.00000000 
                  0.00000000                  0.00000000                  0.00000000                  0.00000000                  0.00000000 
                  0.00000000                  0.00000000                  0.00000000                  0.00000000                  0.00000000 
                  0.00000000                  0.00000000                  0.00000000                  0.00000000                  0.00000000 
                  0.00000000                  0.00000000                  0.00000000                  0.00000000                  0.00000000 
                  0.00000000                  0.00000000                  0.00000000                  0.00000000                  0.00000000 
                  0.00000000                  0.00000000                  0.00000000                  0.00000000                  0.00000000 
                  0.00000000                  0.00000000                  0.00000000                  0.00000000                  0.00000000 
                  0.00000000                  0.00000000                  0.00000000                  0.00000000                  0.00000000 
                  0.00000000                  0.00000000                  0.00000000                  0.00000000                  0.00000000 
                  0.00000000                  0.00000000                  0.00000000                  0.00000000                  0.00000000 
                  0.00000000                  0.00000000                  0.00000000                  0.00000000                  0.00000000 
                  0.00000000                  0.00000000                  0.00000000                  0.00000000                  0.00000000 
                  0.00000000                  0.00000000                  0.00000000                  0.00000000                  0.00000000 
                  0.00000000                  0.00000000                  0.00000000                  0.00000000                  0.00000000 
                  0.00000000                  0.00000000                  0.00000000                  0.00000000                  0.00000000 
                  0.00000000                  0.00000000                  0.00000000                  0.00000000                  0.00000000 
                  0.00000000                  0.00000000                  0.00000000                  0.00000000                  0.00000000 
                  0.00000000                  0.00000000                  0.00000000                  0.00000000                  0.00000000 
                  0.00000000                  0.00000000                  0.00000000                  0.00000000                  0.00000000 
                  0.00000000                  0.00000000                  0.00000000                  0.00000000                  0.00000000 
                  0.00000000                  0.00000000                  0.00000000                  0.00000000                  0.00000000 
                  0.00000000                  0.00000000                  0.00000000                  0.00000000                  0.00000000 
                  0.00000000                  0.00000000                  0.00000000                  0.00000000                  0.00000000 
                  0.00000000                  0.00000000                  0.00000000                  0.00000000                  0.00000000 
                  0.00000000                  0.00000000                  0.00000000                  0.00000000                  0.00000000 
                  0.00000000                  0.00000000                  0.00000000                  0.00000000                  0.00000000 
                  0.00000000                  0.00000000                  0.00000000                  0.00000000                  0.00000000 
                  0.00000000                  0.00000000                  0.00000000                  0.00000000                  0.00000000 
                  0.00000000                  0.00000000                  0.00000000                  0.00000000                  0.00000000 
                  0.00000000                  0.00000000                  0.00000000                  0.00000000                  0.00000000 
                  0.00000000                  0.00000000                  0.00000000                  0.00000000                  0.00000000 
                  0.00000000                  0.00000000                  0.00000000                  0.00000000                  0.00000000 
                  0.00000000                  0.00000000                  0.00000000                  0.00000000                  0.00000000 
                  0.00000000                  0.00000000                  0.00000000                  0.00000000                  0.00000000 
                  0.00000000                  0.00000000                  0.00000000                  0.00000000                  0.00000000 
                  0.00000000                  0.00000000                  0.00000000                  0.00000000                  0.00000000 
                  0.00000000                  0.00000000                  0.00000000                  0.00000000                  0.00000000 
                  0.00000000                  0.00000000                  0.00000000                  0.00000000                  0.00000000 
                  0.00000000                  0.00000000                  0.00000000                  0.00000000                  0.00000000 
                  0.00000000                  0.00000000                  0.00000000                  0.00000000                  0.00000000 
                  0.00000000                  0.00000000                  0.00000000                  0.00000000                  0.00000000 
                  0.00000000                  0.00000000                  0.00000000                  0.00000000                  0.00000000 
                  0.00000000                  0.00000000                  0.00000000                  0.00000000                  0.00000000 
                  0.00000000                  0.00000000                  0.00000000                  0.00000000                  0.00000000 
                  0.00000000                  0.00000000                  0.00000000                  0.00000000                  0.00000000 
                  0.00000000                  0.00000000                  0.00000000                  0.00000000                  0.00000000 
                  0.00000000                  0.00000000                  0.00000000                  0.00000000                  0.00000000 
                  0.00000000                  0.00000000                  0.00000000                  0.00000000                  0.00000000 
                  0.00000000                  0.00000000                  0.00000000                  0.00000000                  0.00000000 
                  0.00000000                  0.00000000                  0.00000000                  0.00000000                  0.00000000 
                  0.00000000                  0.00000000                  0.00000000                  0.00000000                  0.00000000 
                  0.00000000                  0.00000000                  0.00000000                  0.00000000                  0.00000000 
                  0.00000000                  0.00000000                  0.00000000                  0.00000000                  0.00000000 
                  0.00000000                  0.00000000                  0.00000000                  0.00000000                  0.00000000 
                  0.00000000                  0.00000000                  0.00000000                  0.00000000                  0.00000000 
                  0.00000000                  0.00000000                  0.00000000                  0.00000000                  0.00000000 
                  0.00000000                  0.00000000                  0.00000000                  0.00000000                  0.00000000 
                  0.00000000                  0.00000000                  0.00000000                  0.00000000                  0.00000000 
                  0.00000000                  0.00000000                  0.00000000                  0.00000000                  0.00000000 
                  0.00000000                  0.00000000                  0.00000000                  0.00000000                  0.00000000 
                  0.00000000                  0.00000000                  0.00000000                  0.00000000                  0.00000000 
                  0.00000000                  0.00000000                  0.00000000                  0.00000000                  0.00000000 
                  0.00000000                  0.00000000                  0.00000000                  0.00000000                  0.00000000 
                  0.00000000                  0.00000000                  0.00000000                  0.00000000                  0.00000000 
                  0.00000000                  0.00000000                  0.00000000                  0.00000000                  0.00000000 
                  0.00000000                  0.00000000                  0.00000000                  0.00000000                  0.00000000 
                  0.00000000                  0.00000000                  0.00000000                  0.00000000                  0.00000000 
                  0.00000000                  0.00000000                  0.00000000                  0.00000000                  0.00000000 
                  0.00000000                  0.00000000                  0.00000000                  0.00000000                  0.00000000 
                  0.00000000                  0.00000000                  0.00000000                  0.00000000                  0.00000000 
                  0.00000000                  0.00000000                  0.00000000                  0.00000000                  0.00000000 
                  0.00000000                  0.00000000                  0.00000000                  0.00000000                  0.00000000 
                  0.00000000                  0.00000000                  0.00000000                  0.00000000                  0.00000000 
                  0.00000000                  0.00000000                  0.00000000                  0.00000000                  0.00000000 
                  0.00000000                  0.00000000                  0.00000000                  0.00000000                  0.00000000 
                  0.00000000                  0.00000000                  0.00000000                  0.00000000                  0.00000000 
                  0.00000000                  0.00000000                  0.00000000                  0.00000000                  0.00000000 
                  0.00000000                  0.00000000                  0.00000000                  0.00000000                  0.00000000 
                  0.00000000                  0.00000000                  0.00000000                  0.00000000                  0.00000000 
                  0.00000000                  0.00000000                  0.00000000                  0.00000000                  0.00000000 
                  0.00000000                  0.00000000                  0.00000000                  0.00000000                  0.00000000 
                  0.00000000                  0.00000000                  0.00000000                  0.00000000                  0.00000000 
                  0.00000000                  0.00000000                  0.00000000                  0.00000000                  0.00000000 
                  0.00000000                  0.00000000                  0.00000000                  0.00000000                  0.00000000 
                  0.00000000                  0.00000000                  0.00000000                  0.00000000                  0.00000000 
                  0.00000000                  0.00000000                  0.00000000                  0.00000000                  0.00000000 
                  0.00000000                  0.00000000                  0.00000000                  0.00000000                  0.00000000 
                  0.00000000                  0.00000000                  0.00000000                  0.00000000                  0.00000000 
                  0.00000000                  0.00000000                  0.00000000                  0.00000000                  0.00000000 
                  0.00000000                  0.00000000                  0.00000000                  0.00000000                  0.00000000 
                  0.00000000                  0.00000000                  0.00000000                  0.00000000                  0.00000000 
                  0.00000000                  0.00000000                  0.00000000                  0.00000000                  0.00000000 
                  0.00000000                  0.00000000                  0.00000000                  0.00000000                  0.00000000 
                  0.00000000                  0.00000000                  0.00000000                  0.00000000                  0.00000000 
                  0.00000000                  0.00000000                  0.00000000                  0.00000000                  0.00000000 
                  0.00000000                  0.00000000                  0.00000000                  0.00000000                  0.00000000 
                  0.00000000                  0.00000000                  0.00000000                  0.00000000                  0.00000000 
                  0.00000000                  0.00000000                  0.00000000                  0.00000000                  0.00000000 
                  0.00000000                  0.00000000                  0.00000000                  0.00000000                  0.00000000 
                  0.00000000                  0.00000000                  0.00000000                  0.00000000                  0.00000000 
                  0.00000000                  0.00000000                  0.00000000                  0.00000000                  0.00000000 
                  0.00000000                  0.00000000                  0.00000000                  0.00000000                  0.00000000 
                  0.00000000                  0.00000000                  0.00000000                  0.00000000                  0.00000000 
                  0.00000000                  0.00000000                  0.00000000                  0.00000000                  0.00000000 
                  0.00000000                  0.00000000                  0.00000000                  0.00000000                  0.00000000 
                  0.00000000                  0.00000000                  0.00000000                  0.00000000                  0.00000000 
                  0.00000000                  0.00000000                  0.00000000                  0.00000000                  0.00000000 
