                  0.00000000                  0.00000000                  0.00000000                  0.00000000                  0.00000000                  0.00000000                  0.00000000                  0.00000000                  0.00000000                  0.00000000 
                  0.00000000                  0.00000000                  0.00000000                  0.00000000                  0.00000000 
                  0.00000000                  0.00000000                  0.00000000                  0.00000000                  0.00000000 
                  0.00000000                  0.00000000                  0.00000000                  0.00000000                  0.00000000 
                  0.00000000                  0.00000000                  0.00000000                  0.00000000                  0.00000000 
                  0.00000000                  0.00000000                  0.00000000                  0.00000000                  0.00000000 
                  0.00000000                  0.00000000                  0.00000000                  0.00000000                  0.00000000 
                  0.00000000                  0.00000000                  0.00000000                  0.00000000                  0.00000000 
                  0.00000000                  0.00000000                  0.00000000                  0.00000000                  0.00000000 
                  0.00000000                  0.00000000                  0.00000000                  0.00000000                  0.00000000 
                  0.00000000                  0.00000000                  0.00000000                  0.00000000                  0.00000000 
                  0.00000000                  0.00000000                  0.00000000                  0.00000000                  0.00000000 
                  0.00000000                  0.00000000                  0.00000000                  0.00000000                  0.00000000 
                  0.00000000                  0.00000000                  0.00000000                  0.00000000                  0.00000000 
                  0.00000000                  0.00000000                  0.00000000                  0.00000000                  0.00000000 
                  0.00000000                  0.00000000                  0.00000000                  0.00000000                  0.00000000 
                  0.00000000                  0.00000000                  0.00000000                  0.00000000                  0.00000000 
                  0.00000000                  0.00000000                  0.00000000                  0.00000000                  0.00000000 
                  0.00000000                  0.00000000                  0.00000000                  0.00000000                  0.00000000 
                  0.00000000                  0.00000000                  0.00000000                  0.00000000                  0.00000000 
                  0.00000000                  0.00000000                  0.00000000                  0.00000000                  0.00000000 
                  0.00000000                  0.00000000                  0.00000000                  0.00000000                  0.00000000 
                  0.00000000                  0.00000000                  0.00000000                  0.00000000                  0.00000000 
                  0.00000000                  0.00000000                  0.00000000                  0.00000000                  0.00000000 
                  0.00000000                  0.00000000                  0.00000000                  0.00000000                  0.00000000 
                  0.00000000                  0.00000000                  0.00000000                  0.00000000                  0.00000000 
                  0.00000000                  0.00000000                  0.00000000                  0.00000000                  0.00000000 
                  0.00000000                  0.00000000                  0.00000000                  0.00000000                  0.00000000 
                  0.00000000                  0.00000000                  0.00000000                  0.00000000                  0.00000000 
                  0.00000000                  0.00000000                  0.00000000                  0.00000000                  0.00000000 
                  0.00000000                  0.00000000                  0.00000000                  0.00000000                  0.00000000 
                  0.00000000                  0.00000000                  0.00000000                  0.00000000                  0.00000000 
                  0.00000000                  0.00000000                  0.00000000                  0.00000000                  0.00000000 
                  0.00000000                  0.00000000                  0.00000000                  0.00000000                  0.00000000 
                  0.00000000                  0.00000000                  0.00000000                  0.00000000                  0.00000000 
                  0.00000000                  0.00000000                  0.00000000                  0.00000000                  0.00000000 
                  0.00000000                  0.00000000                  0.00000000                  0.00000000                  0.00000000 
                  0.00000000                  0.00000000                  0.00000000                  0.00000000                  0.00000000 
                  0.00000000                  0.00000000                  0.00000000                  0.00000000                  0.00000000 
                  0.00000000                  0.00000000                  0.00000000                  0.00000000                  0.00000000 
                  0.00000000                  0.00000000                  0.00000000                  0.00000000                  0.00000000 
                  0.00000000                  0.00000000                  0.00000000                  0.00000000                  0.00000000 
                  0.00000000                  0.00000000                  0.00000000                  0.00000000                  0.00000000 
                  0.00000000                  0.00000000                  0.00000000                  0.00000000                  0.00000000 
                  0.00000000                  0.00000000                  0.00000000                  0.00000000                  0.00000000 
                  0.00000000                  0.00000000                  0.00000000                  0.00000000                  0.00000000 
                  0.00000000                  0.00000000                  0.00000000                  0.00000000                  0.00000000 
                  0.00000000                  0.00000000                  0.00000000                  0.00000000                  0.00000000 
                  0.00000000                  0.00000000                  0.00000000                  0.00000000                  0.00000000 
                  0.00000000                  0.00000000                  0.00000000                  0.00000000                  0.00000000 
                  0.00000000                  0.00000000                  0.00000000                  0.00000000                  0.00000000 
                  0.00000000                  0.00000000                  0.00000000                  0.00000000                  0.00000000 
                  0.00000000                  0.00000000                  0.00000000                  0.00000000                  0.00000000 
                  0.00000000                  0.00000000                  0.00000000                  0.00000000                  0.00000000 
                  0.00000000                  0.00000000                  0.00000000                  0.00000000                  0.00000000 
                  0.00000000                  0.00000000                  0.00000000                  0.00000000                  0.00000000 
                  0.00000000                  0.00000000                  0.00000000                  0.00000000                  0.00000000 
                  0.00000000                  0.00000000                  0.00000000                  0.00000000                  0.00000000 
                  0.00000000                  0.00000000                  0.00000000                  0.00000000                  0.00000000 
                  0.00000000                  0.00000000                  0.00000000                  0.00000000                  0.00000000 
                  0.00000000                  0.00000000                  0.00000000                  0.00000000                  0.00000000 
                  0.00000000                  0.00000000                  0.00000000                  0.00000000                  0.00000000 
                  0.00000000                  0.00000000                  0.00000000                  0.00000000                  0.00000000 
                  0.00000000                  0.00000000                  0.00000000                  0.00000000                  0.00000000 
                  0.00000000                  0.00000000                  0.00000000                  0.00000000                  0.00000000 
                  0.00000000                  0.00000000                  0.00000000                  0.00000000                  0.00000000 
                  0.00000000                  0.00000000                  0.00000000                  0.00000000                  0.00000000 
                  0.00000000                  0.00000000                  0.00000000                  0.00000000                  0.00000000 
                  0.00000000                  0.00000000                  0.00000000                  0.00000000                  0.00000000 
                  0.00000000                  0.00000000                  0.00000000                  0.00000000                  0.00000000 
                  0.00000000                  0.00000000                  0.00000000                  0.00000000                  0.00000000 
                  0.00000000                  0.00000000                  0.00000000                  0.00000000                  0.00000000 
                  0.00000000                  0.00000000                  0.00000000                  0.00000000                  0.00000000 
                  0.00000000                  0.00000000                  0.00000000                  0.00000000                  0.00000000 
                  0.00000000                  0.00000000                  0.00000000                  0.00000000                  0.00000000 
                  0.00000000                  0.00000000                  0.00000000                  0.00000000                  0.00000000 
                  0.00000000                  0.00000000                  0.00000000                  0.00000000                  0.00000000 
                  0.00000000                  0.00000000                  0.00000000                  0.00000000                  0.00000000 
                  0.00000000                  0.00000000                  0.00000000                  0.00000000                  0.00000000 
                  0.00000000                  0.00000000                  0.00000000                  0.00000000                  0.00000000 
                  0.00000000                  0.00000000                  0.00000000                  0.00000000                  0.00000000 
                  0.00000000                  0.00000000                  0.00000000                  0.00000000                  0.00000000 
                  0.00000000                  0.00000000                  0.00000000                  0.00000000                  0.00000000 
                  0.00000000                  0.00000000                  0.00000000                  0.00000000                  0.00000000 
                  0.00000000                  0.00000000                  0.00000000                  0.00000000                  0.00000000 
                  0.00000000                  0.00000000                  0.00000000                  0.00000000                  0.00000000 
                  0.00000000                  0.00000000                  0.00000000                  0.00000000                  0.00000000 
                  0.00000000                  0.00000000                  0.00000000                  0.00000000                  0.00000000 
                  0.00000000                  0.00000000                  0.00000000                  0.00000000                  0.00000000 
                  0.00000000                  0.00000000                  0.00000000                  0.00000000                  0.00000000 
                  0.00000000                  0.00000000                  0.00000000                  0.00000000                  0.00000000 
                  0.00000000                  0.00000000                  0.00000000                  0.00000000                  0.00000000 
                  0.00000000                  0.00000000                  0.00000000                  0.00000000                  0.00000000 
                  0.00000000                  0.00000000                  0.00000000                  0.00000000                  0.00000000 
                  0.00000000                  0.00000000                  0.00000000                  0.00000000                  0.00000000 
                  0.00000000                  0.00000000                  0.00000000                  0.00000000                  0.00000000 
                  0.00000000                  0.00000000                  0.00000000                  0.00000000                  0.00000000 
                  0.00000000                  0.00000000                  0.00000000                  0.00000000                  0.00000000 
                  0.00000000                  0.00000000                  0.00000000                  0.00000000                  0.00000000 
                  0.00000000                  0.00000000                  0.00000000                  0.00000000                  0.00000000 
                  0.00000000                  0.00000000                  0.00000000                  0.00000000                  0.00000000 
                  0.00000000                  0.00000000                  0.00000000                  0.00000000                  0.00000000 
                  0.00000000                  0.00000000                  0.00000000                  0.00000000                  0.00000000 
                  0.00000000                  0.00000000                  0.00000000                  0.00000000                  0.00000000 
                  0.00000000                  0.00000000                  0.00000000                  0.00000000                  0.00000000 
                  0.00000000                  0.00000000                  0.00000000                  0.00000000                  0.00000000 
                  0.00000000                  0.00000000                  0.00000000                  0.00000000                  0.00000000 
                  0.00000000                  0.00000000                  0.00000000                  0.00000000                  0.00000000 
                  0.00000000                  0.00000000                  0.00000000                  0.00000000                  0.00000000 
                  0.00000000                  0.00000000                  0.00000000                  0.00000000                  0.00000000 
                  0.00000000                  0.00000000                  0.00000000                  0.00000000                  0.00000000 
                  0.00000000                  0.00000000                  0.00000000                  0.00000000                  0.00000000 
                  0.00000000                  0.00000000                  0.00000000                  0.00000000                  0.00000000 
                  0.00000000                  0.00000000                  0.00000000                  0.00000000                  0.00000000 
                  0.00000000                  0.00000000                  0.00000000                  0.00000000                  0.00000000 
                  0.00000000                  0.00000000                  0.00000000                  0.00000000                  0.00000000 
                  0.00000000                  0.00000000                  0.00000000                  0.00000000                  0.00000000 
                  0.00000000                  0.00000000                  0.00000000                  0.00000000                  0.00000000 
                  0.00000000                  0.00000000                  0.00000000                  0.00000000                  0.00000000 
                  0.00000000                  0.00000000                  0.00000000                  0.00000000                  0.00000000 
                  0.00000000                  0.00000000                  0.00000000                  0.00000000                  0.00000000 
                  0.00000000                  0.00000000                  0.00000000                  0.00000000                  0.00000000 
                  0.00000000                  0.00000000                  0.00000000                  0.00000000                  0.00000000 
                  0.00000001                  0.00000001                  0.00000001                  0.00000001                  0.00000001 
                  0.00000001                  0.00000001                  0.00000001                  0.00000001                  0.00000001 
                  0.00000002                  0.00000002                  0.00000002                  0.00000002                  0.00000002 
                  0.00000003                  0.00000003                  0.00000003                  0.00000003                  0.00000003 
                  0.00000004                  0.00000004                  0.00000005                  0.00000004                  0.00000004 
                  0.00000007                  0.00000007                  0.00000007                  0.00000007                  0.00000007 
                  0.00000010                  0.00000010                  0.00000011                  0.00000011                  0.00000011 
                  0.00000016                  0.00000016                  0.00000018                  0.00000017                  0.00000017 
                  0.00000025                  0.00000025                  0.00000027                  0.00000026                  0.00000026 
                  0.00000038                  0.00000038                  0.00000042                  0.00000041                  0.00000040 
                  0.00000059                  0.00000058                  0.00000064                  0.00000062                  0.00000062 
                  0.00000089                  0.00000088                  0.00000096                  0.00000094                  0.00000094 
                  0.00000135                  0.00000132                  0.00000146                  0.00000142                  0.00000141 
                  0.00000203                  0.00000199                  0.00000218                  0.00000212                  0.00000212 
                  0.00000303                  0.00000297                  0.00000325                  0.00000317                  0.00000315 
                  0.00000449                  0.00000440                  0.00000482                  0.00000469                  0.00000467 
                  0.00000663                  0.00000650                  0.00000711                  0.00000690                  0.00000687 
                  0.00000973                  0.00000953                  0.00001042                  0.00001011                  0.00001006 
                  0.00001420                  0.00001389                  0.00001517                  0.00001471                  0.00001464 
                  0.00002059                  0.00002014                  0.00002196                  0.00002129                  0.00002118 
                  0.00002968                  0.00002902                  0.00003162                  0.00003062                  0.00003045 
                  0.00004254                  0.00004158                  0.00004525                  0.00004378                  0.00004354 
                  0.00006062                  0.00005923                  0.00006438                  0.00006224                  0.00006189 
                  0.00008589                  0.00008389                  0.00009106                  0.00008798                  0.00008745 
                  0.00012098                  0.00011812                  0.00012807                  0.00012362                  0.00012285 
                  0.00016942                  0.00016535                  0.00017907                  0.00017271                  0.00017159 
                  0.00023590                  0.00023013                  0.00024893                  0.00023988                  0.00023827 
                  0.00032657                  0.00031845                  0.00034407                  0.00033127                  0.00032894 
                  0.00044950                  0.00043814                  0.00047283                  0.00045483                  0.00045150 
                  0.00061516                  0.00059936                  0.00064607                  0.00062088                  0.00061615 
                  0.00083705                  0.00081520                  0.00087773                  0.00084270                  0.00083602 
                  0.00113249                  0.00110244                  0.00118566                  0.00113722                  0.00112784 
                  0.00152349                  0.00148240                  0.00159252                  0.00152592                  0.00151281 
                  0.00203785                  0.00198200                  0.00212687                  0.00203583                  0.00201762 
                  0.00271044                  0.00263495                  0.00282447                  0.00270072                  0.00267557 
                  0.00358466                  0.00348322                  0.00372975                  0.00356248                  0.00352796 
                  0.00471417                  0.00457863                  0.00489751                  0.00467272                  0.00462559 
                  0.00616480                  0.00598471                  0.00639491                  0.00609451                  0.00603053 
                  0.00801669                  0.00777879                  0.00830355                  0.00790438                  0.00781804 
                  0.01036674                  0.01005424                  0.01072194                  0.01019452                  0.01007864 
                  0.01333119                  0.01292302                  0.01376803                  0.01307507                  0.01292045 
                  0.01704838                  0.01651827                  0.01758203                  0.01667669                  0.01647155 
                  0.02168174                  0.02099713                  0.02232930                  0.02115313                  0.02088249 
                  0.02742275                  0.02654357                  0.02820335                  0.02668389                  0.02632886 
                  0.03449400                  0.03337130                  0.03542884                  0.03347684                  0.03301375 
                  0.04315209                  0.04172641                  0.04426448                  0.04177080                  0.04117015 
                  0.05369036                  0.05189005                  0.05500574                  0.05183779                  0.05106311 
                  0.06644130                  0.06418055                  0.06798728                  0.06398507                  0.06299156 
                  0.08177842                  0.07895520                  0.08358481                  0.07855667                  0.07728966 
                  0.10011753                  0.09661139                  0.10221652                  0.09593435                  0.09432760 
                  0.12191719                  0.11758692                  0.12434355                  0.11653783                  0.11451167 
                  0.14767811                  0.14235944                  0.15046969                  0.14082426                  0.13828345 
                  0.17794161                  0.17144465                  0.18113992                  0.16928650                  0.16611809 
                  0.21328649                  0.20539352                  0.21693777                  0.20245059                  0.19852151 
                  0.25432473                  0.24478793                  0.25848138                  0.24087177                  0.23602645 
                  0.30169553                  0.29023498                  0.30641818                  0.28512949                  0.27918738 
                  0.35605788                  0.34235981                  0.36141795                  0.33582097                  0.32857412 
                  0.41808137                  0.40179688                  0.42416474                  0.39355382                  0.38476440 
                  0.48843563                  0.46917996                  0.49534705                  0.45893705                  0.44833541 
                  0.56777841                  0.54513055                  0.57564682                  0.53257155                  0.51985407 
                  0.65674216                  0.63024575                  0.66572762                  0.61503923                  0.59986705 
                  0.75591993                  0.72508442                  0.76622117                  0.70689172                  0.68888986 
                  0.86585033                  0.83015341                  0.87771440                  0.80863893                  0.78739578 
                  0.98700255                  0.94589335                  1.00073469                  0.92073691                  0.89580476 
                  1.11976099                  1.07266414                  1.13573718                  1.04357684                  1.01447308 
                  1.26441097                  1.21073270                  1.28308964                  1.17747331                  1.14368308 
                  1.42112505                  1.36025906                  1.44306183                  1.32265508                  1.28363419 
                  1.58995152                  1.52128661                  1.61581302                  1.47925603                  1.43443561 
                  1.77080417                  1.69373238                  1.80138314                  1.64730835                  1.59610009 
                  1.96345472                  1.87738061                  1.99968553                  1.82673633                  1.76854026 
                  2.16752863                  2.07187915                  2.21050072                  2.01735449                  1.95156574 
                  2.38250279                  2.27673769                  2.43347526                  2.21886611                  2.14488435 
                  2.60770798                  2.49132991                  2.66812134                  2.43086362                  2.34810352 
                  2.84233308                  2.71489882                  2.91381955                  2.65283418                  2.56073523 
                  3.08543444                  2.94656372                  3.16982508                  2.88416433                  2.78220177 
                  3.33594656                  3.18533349                  3.43527675                  3.12414765                  3.01184535 
                  3.59269738                  3.43011904                  3.70920777                  3.37199473                  3.24893641 
                  3.85442591                  3.67974877                  3.99055886                  3.62684608                  3.49268556 
                  4.11979961                  3.93298841                  4.27819395                  3.88778281                  3.74225473 
                  4.38743830                  4.18855906                  4.57091618                  4.15384007                  3.99677157 
                  4.65593433                  4.44515848                  4.86748505                  4.42402267                  4.25533819 
                  4.92387581                  4.70148087                  5.16663694                  4.69731712                  4.51704788 
                  5.18986797                  4.95623922                  5.46710014                  4.97270393                  4.78099442 
                  5.45255661                  5.20818424                  5.76761341                  5.24917364                  5.04628372 
                  5.71064711                  5.45611954                  6.06694508                  5.52573729                  5.31204176 
                  5.96292257                  5.69892263                  6.36390591                  5.80143690                  5.57742500 
                  6.20826054                  5.93555832                  6.65736151                  6.07535505                  5.84162664 
                  6.44564581                  6.16508722                  6.94624853                  6.34662151                  6.10388231 
                  6.67418003                  6.38667822                  7.22958136                  6.61442184                  6.36347437 
                  6.89309216                  6.59961414                  7.50646114                  6.87799835                  6.61973381 
                  7.10173893                  6.80329609                  7.77608156                  7.13665628                  6.87204123 
                  7.29960966                  6.99724054                  8.03773022                  7.38976479                  7.11982727 
                  7.48632240                  7.18108368                  8.29079247                  7.63675737                  7.36257410 
                  7.66162062                  7.35457182                  8.53475094                  7.87713003                  7.59981108 
                  7.82536697                  7.51756048                  8.76917934                  8.11043930                  7.83111238 
                  7.97753525                  7.67000198                  8.99374199                  8.33630371                  8.05609989 
                  8.11820126                  7.81194067                  9.20818996                  8.55439568                  8.27443123 
                  8.24752998                  7.94350052                  9.41235256                  8.76444244                  8.48580837 
                  8.36576462                  8.06487465                  9.60613155                  8.96622086                  8.68996716 
                  8.47321510                  8.17631721                  9.78949451                  9.15955162                  8.88667679 
                  8.57024670                  8.27813053                  9.96246719                  9.34429932                  9.07574081 
                  8.65726662                  8.37065315                 10.12512779                  9.52036762                  9.25699043 
                  8.73471355                  8.45425415                 10.27759552                  9.68769646                  9.43028641 
                  8.80304718                  8.52932072                 10.42003059                  9.84625435                  9.59551907 
                  8.86273956                  8.59625340                 10.55262089                  9.99604702                  9.75260258 
                  8.91426373                  8.65545368                 10.67557716                 10.13709927                  9.90147972 
                  8.95809269                  8.70732021                 10.78913689                 10.26946449                 10.04211617 
                  8.99468613                  8.75224781                 10.89354324                 10.39322090                 10.17450047 
                  9.02448845                  8.79061699                 10.98905659                 10.50846386                 10.29864693 
                  9.04792881                  8.82279587                 11.07594109                 10.61530685                 10.41459274 
                  9.06541157                  8.84913158                 11.15446663                 10.71388054                 10.52239609 
                  9.07732105                  8.86995411                 11.22490597                 10.80432892                 10.62213516 
                  9.08401489                  8.88557434                 11.28752518                 10.88681316                 10.71390915 
                  9.08582401                  8.89628410                 11.34259510                 10.96150398                 10.79783440 
                  9.08305931                  8.90235424                 11.39037800                 11.02858448                 10.87404346 
                  9.07600403                  8.90403652                 11.43113518                 11.08824158                 10.94268513 
                  9.06492424                  8.90156651                 11.46512127                 11.14067554                 11.00392342 
                  9.05005932                  8.89515972                 11.49258614                 11.18608952                 11.05793285 
                  9.03163338                  8.88501835                 11.51377296                 11.22469234                 11.10489845 
                  9.00984955                  8.87133121                 11.52892017                 11.25669575                 11.14501476 
                  8.98489475                  8.85427284                 11.53825951                 11.28231239                 11.17848301 
                  8.95694542                  8.83400536                 11.54201508                 11.30176067                 11.20550919 
                  8.92616081                  8.81068230                 11.54040813                 11.31525707                 11.22630501 
                  8.89269161                  8.78444767                 11.53365135                 11.32301521                 11.24108315 
                  8.85667610                  8.75543880                 11.52195454                 11.32525158                 11.25005913 
                  8.81824589                  8.72378254                 11.50552082                 11.32217598                 11.25344658 
                  8.77752399                  8.68960381                 11.48454762                 11.31400108                 11.25145817 
                  8.73462772                  8.65301895                 11.45922565                 11.30093098                 11.24430656 
                  8.68966866                  8.61413956                 11.42974377                 11.28316879                 11.23220062 
                  8.64274979                  8.57307625                 11.39628410                 11.26091385                 11.21534634 
                  8.59397507                  8.52993202                 11.35902214                 11.23436069                 11.19394779 
                  8.54343987                  8.48480892                 11.31813145                 11.20369911                 11.16819954 
                  8.49123859                  8.43780422                 11.27377796                 11.16911411                 11.13829613 
                  8.43745995                  8.38901234                 11.22612762                 11.13078403                 11.10442924 
                  8.38219261                  8.33852482                 11.17533684                 11.08888817                 11.06677914 
                  8.32551861                  8.28643417                 11.12156105                 11.04359531                 11.02552509 
                  8.26752090                  8.23282528                 11.06494617                 10.99507236                 10.98084164 
                  8.20827770                  8.17778111                 11.00563908                 10.94347763                 10.93289757 
                  8.14786530                  8.12138557                 10.94377899                 10.88896751                 10.88185692 
                  8.08635807                  8.06371689                 10.87950420                 10.83169365                 10.82787609 
                  8.02382660                  8.00485420                 10.81294441                 10.77180386                 10.77111053 
                  7.96034002                  7.94487000                 10.74422932                 10.70943737                 10.71170807 
                  7.89596653                  7.88383770                 10.67347813                 10.64473248                 10.64981270 
                  7.83076954                  7.82182741                 10.60081482                 10.57782173                 10.58556175 
                  7.76481247                  7.75890684                 10.52635574                 10.50883198                 10.51909161 
                  7.69815540                  7.69514179                 10.45021057                 10.43788815                 10.45053005 
                  7.63085794                  7.63059711                 10.37248802                 10.36510754                 10.38000393 
                  7.56297541                  7.56533480                 10.29329300                 10.29060745                 10.30763340 
                  7.49456310                  7.49941254                 10.21272564                 10.21449852                 10.23353386 
                  7.42567348                  7.43288898                 10.13088417                 10.13688660                 10.15781975 
                  7.35635757                  7.36581898                 10.04786110                 10.05787659                 10.08059883 
                  7.28666353                  7.29825687                  9.96374798                  9.97756863                 10.00197411 
                  7.21663904                  7.23025370                  9.87863159                  9.89605808                  9.92204762 
                  7.14633036                  7.16185951                  9.79259682                  9.81343651                  9.84091663 
                  7.07578087                  7.09312201                  9.70572376                  9.72979450                  9.75867271 
                  7.00503302                  7.02408695                  9.61808968                  9.64521599                  9.67540550 
                  6.93412733                  6.95480061                  9.52977180                  9.55978584                  9.59120178 
                  6.86310291                  6.88530445                  9.44083977                  9.47357941                  9.50614548 
                  6.79199600                  6.81563997                  9.35136414                  9.38667488                  9.42031479 
                  6.72084379                  6.74584675                  9.26141167                  9.29914474                  9.33378601 
                  6.64968061                  6.67596245                  9.17104626                  9.21106052                  9.24663162 
                  6.57853937                  6.60602331                  9.08032894                  9.12248898                  9.15892410 
                  6.50745201                  6.53606415                  8.98931885                  9.03349304                  9.07073021 
                  6.43644905                  6.46611834                  8.89807129                  8.94413757                  8.98211479 
                  6.36555910                  6.39621830                  8.80664158                  8.85448074                  8.89313984 
                  6.29481077                  6.32639360                  8.71508026                  8.76457882                  8.80386353 
                  6.22422981                  6.25667524                  8.62343884                  8.67448711                  8.71434593 
                  6.15384150                  6.18708992                  8.53176403                  8.58425903                  8.62463951 
                  6.08367062                  6.11766481                  8.44010258                  8.49394226                  8.53479671 
                  6.01374006                  6.04842567                  8.34849644                  8.40358639                  8.44486809 
                  5.94407225                  5.97939634                  8.25698757                  8.31323528                  8.35490131 
                  5.87468767                  5.91060019                  8.16561699                  8.22293282                  8.26494217 
                  5.80560637                  5.84206009                  8.07441998                  8.13272190                  8.17503357 
                  5.73684740                  5.77379608                  7.98343372                  8.04264164                  8.08521748 
                  5.66842842                  5.70582867                  7.89269304                  7.95273018                  7.99553442 
                  5.60036707                  5.63817644                  7.80222988                  7.86302423                  7.90602255 
                  5.53267956                  5.57085705                  7.71207571                  7.77355766                  7.81671572 
                  5.46538067                  5.50388861                  7.62226105                  7.68436289                  7.72765017 
                  5.39848471                  5.43728638                  7.53281355                  7.59547043                  7.63885784 
                  5.33200598                  5.37106705                  7.44375944                  7.50691128                  7.55037022 
                  5.26595736                  5.30524397                  7.35512400                  7.41871262                  7.46221638 
                  5.20035076                  5.23983097                  7.26693201                  7.33090210                  7.37442398 
                  5.13519764                  5.17484140                  7.17920542                  7.24350405                  7.28702021 
                  5.07050848                  5.11028671                  7.09196663                  7.15654278                  7.20002937 
                  5.00629377                  5.04617882                  7.00523472                  7.07004070                  7.11347675 
                  4.94256353                  4.98252726                  6.91902924                  6.98401928                  7.02738380 
                  4.87932587                  4.91934299                  6.83336830                  6.89849854                  6.94177151 
                  4.81658840                  4.85663557                  6.74826908                  6.81349850                  6.85666037 
                  4.75435829                  4.79441357                  6.66374779                  6.72903538                  6.77206945 
                  4.69264412                  4.73268461                  6.57981777                  6.64512634                  6.68801594 
                  4.63145113                  4.67145729                  6.49649477                  6.56178808                  6.60451698 
                  4.57078505                  4.61073780                  6.41379070                  6.47903442                  6.52158785 
                  4.51065254                  4.55053186                  6.33171844                  6.39688015                  6.43924332 
                  4.45105791                  4.49084616                  6.25028801                  6.31533813                  6.35749722 
                  4.39200497                  4.43168640                  6.16951180                  6.23441982                  6.27636242 
                  4.33349848                  4.37305641                  6.08939838                  6.15413618                  6.19585133 
                  4.27554178                  4.31496143                  6.00995636                  6.07449865                  6.11597347 
                  4.21813774                  4.25740528                  5.93119383                  5.99551630                  6.03674078 
                  4.16128922                  4.20039082                  5.85311890                  5.91719723                  5.95816135 
                  4.10499907                  4.14392185                  5.77573776                  5.83955002                  5.88024521 
                  4.04926825                  4.08800125                  5.69905758                  5.76258230                  5.80299997 
                  3.99409914                  4.03263092                  5.62308311                  5.68630123                  5.72643232 
                  3.93949270                  3.97781181                  5.54781961                  5.61071157                  5.65054941 
                  3.88544989                  3.92354679                  5.47327185                  5.53582001                  5.57535744 
                  3.83197165                  3.86983681                  5.39944363                  5.46162987                  5.50086164 
                  3.77905822                  3.81668210                  5.32633781                  5.38814735                  5.42706680 
                  3.72670984                  3.76408315                  5.25395727                  5.31537533                  5.35397625 
                  3.67492580                  3.71204138                  5.18230391                  5.24331713                  5.28159571 
                  3.62370539                  3.66055679                  5.11138058                  5.17197561                  5.20992613 
                  3.57304835                  3.60962868                  5.04118729                  5.10135365                  5.13897133 
                  3.52295399                  3.55925608                  4.97172689                  5.03145218                  5.06873369 
                  3.47342062                  3.50943899                  4.90299940                  4.96227264                  4.99921513 
                  3.42444706                  3.46017599                  4.83500433                  4.89381695                  4.93041611 
                  3.37603140                  3.41146588                  4.76774168                  4.82608414                  4.86233807 
                  3.32817221                  3.36330724                  4.70121098                  4.75907564                  4.79498100 
                  3.28086710                  3.31569910                  4.63541174                  4.69279099                  4.72834587 
                  3.23411417                  3.26863909                  4.57034302                  4.62722969                  4.66243219 
                  3.18791056                  3.22212577                  4.50600290                  4.56239080                  4.59723902 
                  3.14225411                  3.17615604                  4.44238949                  4.49827337                  4.53276539 
                  3.09714222                  3.13072824                  4.37950182                  4.43487453                  4.46901083 
                  3.05257225                  3.08583975                  4.31733608                  4.37219429                  4.40597343 
                  3.00854135                  3.04148722                  4.25589132                  4.31023026                  4.34365177 
                  2.96504593                  2.99766874                  4.19516373                  4.24898005                  4.28204346 
                  2.92208290                  2.95438147                  4.13514996                  4.18844128                  4.22114563 
                  2.87964916                  2.91162181                  4.07584810                  4.12861013                  4.16095638 
                  2.83774114                  2.86938691                  4.01725435                  4.06948519                  4.10147238 
                  2.79635549                  2.82767320                  3.95936465                  4.01106262                  4.04269123 
                  2.75548863                  2.78647757                  3.90217566                  3.95333815                  3.98460960 
                  2.71513700                  2.74579644                  3.84568286                  3.89630890                  3.92722416 
                  2.67529655                  2.70562601                  3.78988314                  3.83997178                  3.87053108 
                  2.63596344                  2.66596293                  3.73477125                  3.78432226                  3.81452680 
                  2.59713411                  2.62680340                  3.68034315                  3.72935557                  3.75920701 
                  2.55880404                  2.58814359                  3.62659478                  3.67506886                  3.70456791 
                  2.52096963                  2.54997969                  3.57352090                  3.62145686                  3.65060496 
                  2.48362660                  2.51230764                  3.52111650                  3.56851578                  3.59731388 
                  2.44677091                  2.47512364                  3.46937728                  3.51624012                  3.54469037 
                  2.41039824                  2.43842316                  3.41829824                  3.46462584                  3.49272966 
                  2.37450409                  2.40220261                  3.36787391                  3.41366744                  3.44142699 
                  2.33908463                  2.36645770                  3.31809926                  3.36335993                  3.39077735 
                  2.30413556                  2.33118391                  3.26896930                  3.31369925                  3.34077597 
                  2.26965189                  2.29637742                  3.22047853                  3.26467943                  3.29141760 
                  2.23562980                  2.26203370                  3.17262197                  3.21629500                  3.24269748 
                  2.20206475                  2.22814846                  3.12539315                  3.16854143                  3.19460988 
                  2.16895223                  2.19471765                  3.07878733                  3.12141275                  3.14715004 
                  2.13628793                  2.16173649                  3.03279829                  3.07490420                  3.10031247 
                  2.10406756                  2.12920070                  2.98742104                  3.02900982                  3.05409145 
                  2.07228613                  2.09710646                  2.94264936                  2.98372436                  3.00848174 
                  2.04093957                  2.06544876                  2.89847827                  2.93904209                  2.96347761 
                  2.01002312                  2.03422332                  2.85490155                  2.89495730                  2.91907382 
                  1.97953248                  2.00342560                  2.81191349                  2.85146451                  2.87526441 
                  1.94946301                  1.97305143                  2.76950836                  2.80855799                  2.83204412 
                  1.91981030                  1.94309604                  2.72768021                  2.76623178                  2.78940701 
                  1.89056981                  1.91355503                  2.68642330                  2.72448039                  2.74734759 
                  1.86173701                  1.88442433                  2.64573169                  2.68329811                  2.70585990 
                  1.83330739                  1.85569906                  2.60559940                  2.64267945                  2.66493797 
                  1.80527651                  1.82737482                  2.56602097                  2.60261822                  2.62457633 
                  1.77763999                  1.79944754                  2.52699018                  2.56310868                  2.58476925 
                  1.75039327                  1.77191234                  2.48850155                  2.52414513                  2.54551077 
                  1.72353196                  1.74476504                  2.45054889                  2.48572159                  2.50679541 
                  1.69705164                  1.71800101                  2.41312671                  2.44783211                  2.46861744 
                  1.67094779                  1.69161630                  2.37622881                  2.41047096                  2.43097067 
                  1.64521599                  1.66560614                  2.33984923                  2.37363291                  2.39384937 
                  1.61985207                  1.63996625                  2.30398250                  2.33731151                  2.35724807 
                  1.59485149                  1.61469245                  2.26862240                  2.30150127                  2.32116055 
                  1.57020998                  1.58978033                  2.23376346                  2.26619625                  2.28558159 
                  1.54592311                  1.56522572                  2.19939971                  2.23139071                  2.25050521 
                  1.52198672                  1.54102421                  2.16552544                  2.19707918                  2.21592546 
                  1.49839640                  1.51717162                  2.13213491                  2.16325593                  2.18183708 
                  1.47514808                  1.49366355                  2.09922266                  2.12991524                  2.14823389 
                  1.45223749                  1.47049594                  2.06678295                  2.09705114                  2.11511040 
                  1.42966032                  1.44766450                  2.03480983                  2.06465816                  2.08246088 
                  1.40741253                  1.42516494                  2.00329781                  2.03273058                  2.05027986 
                  1.38548982                  1.40299356                  1.97224128                  2.00126290                  2.01856184 
                  1.36388826                  1.38114583                  1.94163465                  1.97024977                  1.98730099 
                  1.34260380                  1.35961795                  1.91147268                  1.93968534                  1.95649195 
                  1.32163239                  1.33840585                  1.88174951                  1.90956438                  1.92612898 
                  1.30096984                  1.31750560                  1.85245991                  1.87988114                  1.89620686 
                  1.28061223                  1.29691291                  1.82359827                  1.85063064                  1.86672008 
                  1.26055574                  1.27662396                  1.79515922                  1.82180715                  1.83766317 
                  1.24079657                  1.25663459                  1.76713765                  1.79340506                  1.80903089 
                  1.22133064                  1.23694134                  1.73952794                  1.76541960                  1.78081775 
                  1.20215416                  1.21754003                  1.71232498                  1.73784530                  1.75301862 
                  1.18326318                  1.19842720                  1.68552351                  1.71067679                  1.72562814 
                  1.16465414                  1.17959869                  1.65911829                  1.68390918                  1.69864106 
                  1.14632320                  1.16105092                  1.63310444                  1.65753698                  1.67205226 
                  1.12826657                  1.14278018                  1.60747659                  1.63155520                  1.64585650 
                  1.11048067                  1.12478292                  1.58222985                  1.60595870                  1.62004876 
                  1.09296179                  1.10705519                  1.55735898                  1.58074224                  1.59462416 
                  1.07570636                  1.08959353                  1.53285921                  1.55590117                  1.56957746 
                  1.05871081                  1.07239437                  1.50872564                  1.53143048                  1.54490364 
                  1.04197168                  1.05545402                  1.48495352                  1.50732529                  1.52059782 
                  1.02548540                  1.03876913                  1.46153748                  1.48358059                  1.49665534 
                  1.00924861                  1.02233613                  1.43847311                  1.46019161                  1.47307122 
                  0.99325776                  1.00615156                  1.41575587                  1.43715382                  1.44984078 
                  0.97750944                  0.99021208                  1.39338076                  1.41446221                  1.42695916 
                  0.96200037                  0.97451437                  1.37134314                  1.39211214                  1.40442169 
                  0.94672722                  0.95905501                  1.34963846                  1.37009919                  1.38222361 
                  0.93168664                  0.94383079                  1.32826209                  1.34841859                  1.36036038 
                  0.91687548                  0.92883825                  1.30720973                  1.32706571                  1.33882761 
                  0.90229046                  0.91407430                  1.28647673                  1.30603635                  1.31762064 
                  0.88792861                  0.89953566                  1.26605868                  1.28532600                  1.29673505 
                  0.87378651                  0.88521934                  1.24595141                  1.26493001                  1.27616620 
                  0.85986120                  0.87112212                  1.22615051                  1.24484420                  1.25590992 
                  0.84614962                  0.85724092                  1.20665157                  1.22506428                  1.23596191 
                  0.83264869                  0.84357262                  1.18745077                  1.20558584                  1.21631777 
                  0.81935549                  0.83011431                  1.16854358                  1.18640482                  1.19697332 
                  0.80626696                  0.81686288                  1.14992571                  1.16751719                  1.17792439 
                  0.79338020                  0.80381548                  1.13159335                  1.14891863                  1.15916681 
                  0.78069234                  0.79096913                  1.11354244                  1.13060510                  1.14069641 
                  0.76820046                  0.77832103                  1.09576893                  1.11257267                  1.12250924 
                  0.75590181                  0.76586837                  1.07826889                  1.09481716                  1.10460126 
                  0.74379367                  0.75360811                  1.06103849                  1.07733488                  1.08696854 
                  0.73187315                  0.74153775                  1.04407382                  1.06012177                  1.06960714 
                  0.72013760                  0.72965437                  1.02737105                  1.04317403                  1.05251324 
                  0.70858431                  0.71795535                  1.01092637                  1.02648783                  1.03568292 
                  0.69721067                  0.70643800                  0.99473625                  1.01005948                  1.01911247 
                  0.68601394                  0.69509971                  0.97879684                  0.99388516                  1.00279820 
                  0.67499161                  0.68393779                  0.96310461                  0.97796124                  0.98673642 
                  0.66414118                  0.67294961                  0.94765604                  0.96228421                  0.97092342 
                  0.65346003                  0.66213274                  0.93244737                  0.94685048                  0.95535564 
                  0.64294565                  0.65148455                  0.91747522                  0.93165642                  0.94002950 
                  0.63259578                  0.64100271                  0.90273613                  0.91669863                  0.92494154 
                  0.62240779                  0.63068467                  0.88822669                  0.90197355                  0.91008818 
                  0.61237937                  0.62052810                  0.87394357                  0.88747787                  0.89546609 
                  0.60250807                  0.61053061                  0.85988337                  0.87320811                  0.88107187 
                  0.59279168                  0.60068977                  0.84604299                  0.85916114                  0.86690223 
                  0.58322787                  0.59100318                  0.83241898                  0.84533358                  0.85295379 
                  0.57381433                  0.58146864                  0.81900823                  0.83172226                  0.83922338 
                  0.56454879                  0.57208389                  0.80580765                  0.81832397                  0.82570767 
                  0.55542916                  0.56284678                  0.79281408                  0.80513549                  0.81240356 
                  0.54645312                  0.55375499                  0.78002441                  0.79215384                  0.79930794 
                  0.53761858                  0.54480636                  0.76743555                  0.77937591                  0.78641772 
                  0.52892339                  0.53599876                  0.75504470                  0.76679856                  0.77372974 
                  0.52036548                  0.52733010                  0.74284875                  0.75441897                  0.76124108 
                  0.51194274                  0.51879835                  0.73084486                  0.74223405                  0.74894875 
                  0.50365317                  0.51040131                  0.71903002                  0.73024088                  0.73684984 
                  0.49549469                  0.50213701                  0.70740157                  0.71843672                  0.72494149 
                  0.48746541                  0.49400347                  0.69595665                  0.70681864                  0.71322083 
                  0.47956336                  0.48599869                  0.68469238                  0.69538391                  0.70168495 
                  0.47178656                  0.47812071                  0.67360622                  0.68412971                  0.69033122 
                  0.46413317                  0.47036758                  0.66269535                  0.67305344                  0.67915672 
                  0.45660129                  0.46273741                  0.65195721                  0.66215223                  0.66815889 
                  0.44918904                  0.45522836                  0.64138913                  0.65142357                  0.65733504 
                  0.44189462                  0.44783860                  0.63098860                  0.64086479                  0.64668256 
                  0.43471619                  0.44056633                  0.62075305                  0.63047338                  0.63619882 
                  0.42765203                  0.43340972                  0.61067986                  0.62024671                  0.62588125 
                  0.42070043                  0.42636696                  0.60076672                  0.61018223                  0.61572742 
                  0.41385955                  0.41943640                  0.59101105                  0.60027760                  0.60573471 
                  0.40712774                  0.41261625                  0.58141065                  0.59053034                  0.59590071 
                  0.40050334                  0.40590486                  0.57196295                  0.58093816                  0.58622301 
                  0.39398471                  0.39930055                  0.56266564                  0.57149863                  0.57669926 
                  0.38757017                  0.39280158                  0.55351645                  0.56220931                  0.56732708 
                  0.38125819                  0.38640645                  0.54451317                  0.55306786                  0.55810422 
                  0.37504712                  0.38011354                  0.53565347                  0.54407221                  0.54902828 
                  0.36893547                  0.37392122                  0.52693516                  0.53522009                  0.54009700 
                  0.36292160                  0.36782798                  0.51835608                  0.52650923                  0.53130823 
                  0.35700408                  0.36183226                  0.50991410                  0.51793742                  0.52265978 
                  0.35118139                  0.35593256                  0.50160712                  0.50950259                  0.51414949 
                  0.34545204                  0.35012740                  0.49343300                  0.50120258                  0.50577515 
                  0.33981463                  0.34441534                  0.48538977                  0.49303538                  0.49753475 
                  0.33426768                  0.33879489                  0.47747535                  0.48499891                  0.48942620 
                  0.32880977                  0.33326465                  0.46968770                  0.47709110                  0.48144743 
                  0.32343957                  0.32782319                  0.46202487                  0.46931002                  0.47359645 
                  0.31815568                  0.32246912                  0.45448500                  0.46165365                  0.46587130 
                  0.31295675                  0.31720114                  0.44706613                  0.45412010                  0.45827001 
                  0.30784151                  0.31201786                  0.43976635                  0.44670743                  0.45079064 
                  0.30280858                  0.30691800                  0.43258387                  0.43941373                  0.44343132 
                  0.29785669                  0.30190021                  0.42551684                  0.43223718                  0.43619019 
                  0.29298458                  0.29696324                  0.41856343                  0.42517599                  0.42906541 
                  0.28819102                  0.29210582                  0.41172186                  0.41822833                  0.42205513 
                  0.28347474                  0.28732663                  0.40499043                  0.41139242                  0.41515762 
                  0.27883452                  0.28262454                  0.39836740                  0.40466654                  0.40837106 
                  0.27426919                  0.27799830                  0.39185107                  0.39804897                  0.40169376 
                  0.26977760                  0.27344671                  0.38543975                  0.39153796                  0.39512402 
                  0.26535857                  0.26896861                  0.37913185                  0.38513187                  0.38866010 
                  0.26101094                  0.26456282                  0.37292564                  0.37882912                  0.38230038 
                  0.25673360                  0.26022822                  0.36681962                  0.37262800                  0.37604323 
                  0.25252539                  0.25596368                  0.36081219                  0.36652699                  0.36988699 
                  0.24838528                  0.25176808                  0.35490179                  0.36052442                  0.36383015 
                  0.24431220                  0.24764039                  0.34908688                  0.35461882                  0.35787112 
                  0.24030504                  0.24357951                  0.34336597                  0.34880862                  0.35200834 
                  0.23636280                  0.23958436                  0.33773759                  0.34309235                  0.34624031 
                  0.23248443                  0.23565391                  0.33220026                  0.33746853                  0.34056553 
                  0.22866893                  0.23178715                  0.32675251                  0.33193570                  0.33498254 
                  0.22491530                  0.22798306                  0.32139301                  0.32649240                  0.32948986 
                  0.22122253                  0.22424066                  0.31612033                  0.32113719                  0.32408607 
                  0.21758971                  0.22055897                  0.31093302                  0.31586874                  0.31876984 
                  0.21401584                  0.21693702                  0.30582982                  0.31068569                  0.31353968 
                  0.21050000                  0.21337385                  0.30080938                  0.30558661                  0.30839428 
                  0.20704126                  0.20986855                  0.29587039                  0.30057019                  0.30333233 
                  0.20363873                  0.20642018                  0.29101148                  0.29563516                  0.29835242 
                  0.20029150                  0.20302787                  0.28623146                  0.29078025                  0.29345331 
                  0.19699869                  0.19969070                  0.28152904                  0.28600407                  0.28863373 
                  0.19375944                  0.19640777                  0.27690303                  0.28130549                  0.28389236 
                  0.19057289                  0.19317824                  0.27235216                  0.27668318                  0.27922800 
                  0.18743820                  0.19000122                  0.26787528                  0.27213600                  0.27463943 
                  0.18435454                  0.18687592                  0.26347122                  0.26766270                  0.27012542 
                  0.18132108                  0.18380150                  0.25913879                  0.26326215                  0.26568478 
                  0.17833707                  0.18077713                  0.25487682                  0.25893319                  0.26131636 
                  0.17540166                  0.17780203                  0.25068423                  0.25467464                  0.25701901 
                  0.17251410                  0.17487542                  0.24655989                  0.25048542                  0.25279155 
                  0.16967362                  0.17199650                  0.24250272                  0.24636438                  0.24863291 
                  0.16687946                  0.16916455                  0.23851162                  0.24231046                  0.24454197 
                  0.16413088                  0.16637877                  0.23458555                  0.23832256                  0.24051769 
                  0.16142714                  0.16363843                  0.23072347                  0.23439965                  0.23655897 
                  0.15876755                  0.16094282                  0.22692437                  0.23054068                  0.23266476 
                  0.15615137                  0.15829121                  0.22318724                  0.22674462                  0.22883403 
                  0.15357792                  0.15568285                  0.21951108                  0.22301048                  0.22506577 
                  0.15104653                  0.15311709                  0.21589489                  0.21933725                  0.22135895 
                  0.14855649                  0.15059325                  0.21233773                  0.21572395                  0.21771263 
                  0.14610715                  0.14811066                  0.20883864                  0.21216962                  0.21412581 
                  0.14369784                  0.14566863                  0.20539671                  0.20867333                  0.21059754 
                  0.14132792                  0.14326653                  0.20201099                  0.20523414                  0.20712689 
                  0.13899675                  0.14090373                  0.19868059                  0.20185113                  0.20371293 
                  0.13670373                  0.13857956                  0.19540465                  0.19852339                  0.20035473 
                  0.13444823                  0.13629343                  0.19218226                  0.19525003                  0.19705141 
                  0.13222966                  0.13404468                  0.18901257                  0.19203019                  0.19380209 
                  0.13004740                  0.13183275                  0.18589474                  0.18886301                  0.19060591 
                  0.12790087                  0.12965703                  0.18282790                  0.18574764                  0.18746199 
                  0.12578949                  0.12751694                  0.17981127                  0.18268321                  0.18436950 
                  0.12371273                  0.12541190                  0.17684400                  0.17966895                  0.18132763 
                  0.12166998                  0.12334134                  0.17392530                  0.17670402                  0.17833552 
                  0.11966072                  0.12130470                  0.17105438                  0.17378764                  0.17539239 
                  0.11768439                  0.11930144                  0.16823052                  0.17091900                  0.17249744 
                  0.11574048                  0.11733104                  0.16545290                  0.16809738                  0.16964990 
                  0.11382844                  0.11539295                  0.16272078                  0.16532196                  0.16684903 
                  0.11194777                  0.11348664                  0.16003346                  0.16259202                  0.16409406 
                  0.11009797                  0.11161160                  0.15739021                  0.15990683                  0.16138424 
                  0.10827851                  0.10976732                  0.15479030                  0.15726566                  0.15871882 
                  0.10648891                  0.10795331                  0.15223303                  0.15466779                  0.15609713 
                  0.10472871                  0.10616907                  0.14971772                  0.15211254                  0.15351841 
                  0.10299740                  0.10441412                  0.14724368                  0.14959921                  0.15098199 
                  0.10129452                  0.10268799                  0.14481024                  0.14712712                  0.14848718 
                  0.09961963                  0.10099021                  0.14241673                  0.14469561                  0.14603332 
                  0.09797224                  0.09932032                  0.14006254                  0.14230399                  0.14361973 
                  0.09635193                  0.09767788                  0.13774700                  0.13995163                  0.14124577 
                  0.09475825                  0.09606241                  0.13546950                  0.13763790                  0.13891079 
                  0.09319076                  0.09447350                  0.13322939                  0.13536219                  0.13661416 
                  0.09164905                  0.09291071                  0.13102609                  0.13312387                  0.13435525 
                  0.09013270                  0.09137361                  0.12885901                  0.13092233                  0.13213344 
                  0.08864128                  0.08986180                  0.12672755                  0.12875697                  0.12994815 
                  0.08717439                  0.08837485                  0.12463111                  0.12662719                  0.12779878 
                  0.08573163                  0.08691236                  0.12256916                  0.12453242                  0.12568474 
                  0.08431262                  0.08547394                  0.12054112                  0.12247209                  0.12360544 
                  0.08291696                  0.08405918                  0.11854643                  0.12044565                  0.12156035 
                  0.08154429                  0.08266771                  0.11658457                  0.11845255                  0.11954888 
                  0.08019421                  0.08129914                  0.11465498                  0.11649223                  0.11757050 
                  0.07886636                  0.07995311                  0.11275715                  0.11456416                  0.11562468 
                  0.07756038                  0.07862924                  0.11089055                  0.11266783                  0.11371088 
                  0.07627591                  0.07732718                  0.10905468                  0.11080271                  0.11182858 
                  0.07501261                  0.07604656                  0.10724904                  0.10896829                  0.10997726 
                  0.07377012                  0.07478704                  0.10547315                  0.10716408                  0.10815641 
                  0.07254811                  0.07354827                  0.10372649                  0.10538959                  0.10636555 
                  0.07134625                  0.07232992                  0.10200860                  0.10364432                  0.10460419 
                  0.07016419                  0.07113165                  0.10031902                  0.10192779                  0.10287184 
                  0.06900162                  0.06995313                  0.09865728                  0.10023955                  0.10116802 
                  0.06785822                  0.06879404                  0.09702292                  0.09857912                  0.09949228 
                  0.06673367                  0.06765407                  0.09541551                  0.09694606                  0.09784416 
                  0.06562767                  0.06653289                  0.09383459                  0.09533992                  0.09622319 
                  0.06453992                  0.06543021                  0.09227974                  0.09376026                  0.09462894 
                  0.06347010                  0.06434572                  0.09075052                  0.09220665                  0.09306099 
                  0.06241795                  0.06327911                  0.08924653                  0.09067864                  0.09151889 
                  0.06138315                  0.06223011                  0.08776736                  0.08917584                  0.09000221 
                  0.06036544                  0.06119843                  0.08631256                  0.08769781                  0.08851056 
                  0.05936452                  0.06018377                  0.08488180                  0.08624417                  0.08704350 
                  0.05838012                  0.05918585                  0.08347462                  0.08481452                  0.08560066 
                  0.05741198                  0.05820441                  0.08209068                  0.08340845                  0.08418162 
                  0.05645983                  0.05723917                  0.08072958                  0.08202560                  0.08278599 
                  0.05552341                  0.05628988                  0.07939094                  0.08066557                  0.08141340 
                  0.05460244                  0.05535626                  0.07807442                  0.07932798                  0.08006347 
                  0.05369670                  0.05443807                  0.07677963                  0.07801248                  0.07873582 
                  0.05280592                  0.05353504                  0.07550623                  0.07671871                  0.07743010 
                  0.05192985                  0.05264693                  0.07425384                  0.07544631                  0.07614592 
                  0.05106826                  0.05177350                  0.07302216                  0.07419491                  0.07488297 
                  0.05022091                  0.05091449                  0.07181081                  0.07296418                  0.07364087 
                  0.04938757                  0.05006968                  0.07061949                  0.07175379                  0.07241929 
                  0.04856801                  0.04923884                  0.06944785                  0.07056340                  0.07121789 
