                  0.00000000                  0.00000000                  0.00000000                  0.00000000                  0.00000000                  0.00000000                  0.00000000                  0.00000000                  0.00000000                  0.00000000 
                  0.00000000                  0.00000000                  0.00000000                  0.00000000                  0.00000000 
                  0.00000000                  0.00000000                  0.00000000                  0.00000000                  0.00000000 
                  0.00000000                  0.00000000                  0.00000000                  0.00000000                  0.00000000 
                  0.00000000                  0.00000000                  0.00000000                  0.00000000                  0.00000000 
                  0.00000000                  0.00000000                  0.00000000                  0.00000000                  0.00000000 
                  0.00000000                  0.00000000                  0.00000000                  0.00000000                  0.00000000 
                  0.00000000                  0.00000000                  0.00000000                  0.00000000                  0.00000000 
                  0.00000000                  0.00000000                  0.00000000                  0.00000000                  0.00000000 
                  0.00000000                  0.00000000                  0.00000000                  0.00000000                  0.00000000 
                  0.00000000                  0.00000000                  0.00000000                  0.00000000                  0.00000000 
                  0.00000000                  0.00000000                  0.00000000                  0.00000000                  0.00000000 
                  0.00000000                  0.00000000                  0.00000000                  0.00000000                  0.00000000 
                  0.00000000                  0.00000000                  0.00000000                  0.00000000                  0.00000000 
                  0.00000000                  0.00000000                  0.00000000                  0.00000000                  0.00000000 
                  0.00000000                  0.00000000                  0.00000000                  0.00000000                  0.00000000 
                  0.00000000                  0.00000000                  0.00000000                  0.00000000                  0.00000000 
                  0.00000000                  0.00000000                  0.00000000                  0.00000000                  0.00000000 
                  0.00000000                  0.00000000                  0.00000000                  0.00000000                  0.00000000 
                  0.00000000                  0.00000000                  0.00000000                  0.00000000                  0.00000000 
                  0.00000000                  0.00000000                  0.00000000                  0.00000000                  0.00000000 
                  0.00000000                  0.00000000                  0.00000000                  0.00000000                  0.00000000 
                  0.00000000                  0.00000000                  0.00000000                  0.00000000                  0.00000000 
                  0.00000000                  0.00000000                  0.00000000                  0.00000000                  0.00000000 
                  0.00000000                  0.00000000                  0.00000000                  0.00000000                  0.00000000 
                  0.00000000                  0.00000000                  0.00000000                  0.00000000                  0.00000000 
                  0.00000000                  0.00000000                  0.00000000                  0.00000000                  0.00000000 
                  0.00000000                  0.00000000                  0.00000000                  0.00000000                  0.00000000 
                  0.00000000                  0.00000000                  0.00000000                  0.00000000                  0.00000000 
                  0.00000000                  0.00000000                  0.00000000                  0.00000000                  0.00000000 
                  0.00000000                  0.00000000                  0.00000000                  0.00000000                  0.00000000 
                  0.00000000                  0.00000000                  0.00000000                  0.00000000                  0.00000000 
                  0.00000000                  0.00000000                  0.00000000                  0.00000000                  0.00000000 
                  0.00000000                  0.00000000                  0.00000000                  0.00000000                  0.00000000 
                  0.00000000                  0.00000000                  0.00000000                  0.00000000                  0.00000000 
                  0.00000000                  0.00000000                  0.00000000                  0.00000000                  0.00000000 
                  0.00000000                  0.00000000                  0.00000000                  0.00000000                  0.00000000 
                  0.00000000                  0.00000000                  0.00000000                  0.00000000                  0.00000000 
                  0.00000000                  0.00000000                  0.00000000                  0.00000000                  0.00000000 
                  0.00000000                  0.00000000                  0.00000000                  0.00000000                  0.00000000 
                  0.00000000                  0.00000000                  0.00000000                  0.00000000                  0.00000000 
                  0.00000000                  0.00000000                  0.00000000                  0.00000000                  0.00000000 
                  0.00000000                  0.00000000                  0.00000000                  0.00000000                  0.00000000 
                  0.00000000                  0.00000000                  0.00000000                  0.00000000                  0.00000000 
                  0.00000000                  0.00000000                  0.00000000                  0.00000000                  0.00000000 
                  0.00000000                  0.00000000                  0.00000000                  0.00000000                  0.00000000 
                  0.00000000                  0.00000000                  0.00000000                  0.00000000                  0.00000000 
                  0.00000000                  0.00000000                  0.00000000                  0.00000000                  0.00000000 
                  0.00000000                  0.00000000                  0.00000000                  0.00000000                  0.00000000 
                  0.00000000                  0.00000000                  0.00000000                  0.00000000                  0.00000000 
                  0.00000000                  0.00000000                  0.00000000                  0.00000000                  0.00000000 
                  0.00000000                  0.00000000                  0.00000000                  0.00000000                  0.00000000 
                  0.00000000                  0.00000000                  0.00000000                  0.00000000                  0.00000000 
                  0.00000000                  0.00000000                  0.00000000                  0.00000000                  0.00000000 
                  0.00000000                  0.00000000                  0.00000000                  0.00000000                  0.00000000 
                  0.00000000                  0.00000000                  0.00000000                  0.00000000                  0.00000000 
                  0.00000000                  0.00000000                  0.00000000                  0.00000000                  0.00000000 
                  0.00000000                  0.00000000                  0.00000000                  0.00000000                  0.00000000 
                  0.00000000                  0.00000000                  0.00000000                  0.00000000                  0.00000000 
                  0.00000000                  0.00000000                  0.00000000                  0.00000000                  0.00000000 
                  0.00000000                  0.00000000                  0.00000000                  0.00000000                  0.00000000 
                  0.00000000                  0.00000000                  0.00000000                  0.00000000                  0.00000000 
                  0.00000000                  0.00000000                  0.00000000                  0.00000000                  0.00000000 
                  0.00000000                  0.00000000                  0.00000000                  0.00000000                  0.00000000 
                  0.00000000                  0.00000000                  0.00000000                  0.00000000                  0.00000000 
                  0.00000000                  0.00000000                  0.00000000                  0.00000000                  0.00000000 
                  0.00000000                  0.00000000                  0.00000000                  0.00000000                  0.00000000 
                  0.00000000                  0.00000000                  0.00000000                  0.00000000                  0.00000000 
                  0.00000000                  0.00000000                  0.00000000                  0.00000000                  0.00000000 
                  0.00000000                  0.00000000                  0.00000000                  0.00000000                  0.00000000 
                  0.00000000                  0.00000000                  0.00000000                  0.00000000                  0.00000000 
                  0.00000000                  0.00000000                  0.00000000                  0.00000000                  0.00000000 
                  0.00000000                  0.00000000                  0.00000000                  0.00000000                  0.00000000 
                  0.00000000                  0.00000000                  0.00000000                  0.00000000                  0.00000000 
                  0.00000000                  0.00000000                  0.00000000                  0.00000000                  0.00000000 
                  0.00000000                  0.00000000                  0.00000000                  0.00000000                  0.00000000 
                  0.00000000                  0.00000000                  0.00000000                  0.00000000                  0.00000000 
                  0.00000000                  0.00000000                  0.00000000                  0.00000000                  0.00000000 
                  0.00000000                  0.00000000                  0.00000000                  0.00000000                  0.00000000 
                  0.00000000                  0.00000000                  0.00000000                  0.00000000                  0.00000000 
                  0.00000000                  0.00000000                  0.00000000                  0.00000000                  0.00000000 
                  0.00000000                  0.00000000                  0.00000000                  0.00000000                  0.00000000 
                  0.00000000                  0.00000000                  0.00000000                  0.00000000                  0.00000000 
                  0.00000000                  0.00000000                  0.00000000                  0.00000000                  0.00000000 
                  0.00000000                  0.00000000                  0.00000000                  0.00000000                  0.00000000 
                  0.00000000                  0.00000000                  0.00000000                  0.00000000                  0.00000000 
                  0.00000000                  0.00000000                  0.00000000                  0.00000000                  0.00000000 
                  0.00000000                  0.00000000                  0.00000000                  0.00000000                  0.00000000 
                  0.00000000                  0.00000000                  0.00000000                  0.00000000                  0.00000000 
                  0.00000000                  0.00000000                  0.00000000                  0.00000000                  0.00000000 
                  0.00000000                  0.00000000                  0.00000000                  0.00000000                  0.00000000 
                  0.00000000                  0.00000000                  0.00000000                  0.00000000                  0.00000000 
                  0.00000000                  0.00000000                  0.00000000                  0.00000000                  0.00000000 
                  0.00000000                  0.00000000                  0.00000000                  0.00000000                  0.00000000 
                  0.00000000                  0.00000000                  0.00000000                  0.00000000                  0.00000000 
                  0.00000000                  0.00000000                  0.00000000                  0.00000000                  0.00000000 
                  0.00000000                  0.00000000                  0.00000000                  0.00000000                  0.00000000 
                  0.00000000                  0.00000000                  0.00000000                  0.00000000                  0.00000000 
                  0.00000000                  0.00000000                  0.00000000                  0.00000000                  0.00000000 
                  0.00000000                  0.00000000                  0.00000000                  0.00000000                  0.00000000 
                  0.00000000                  0.00000000                  0.00000000                  0.00000000                  0.00000000 
                  0.00000000                  0.00000000                  0.00000000                  0.00000000                  0.00000000 
                  0.00000000                  0.00000000                  0.00000000                  0.00000000                  0.00000000 
                  0.00000000                  0.00000000                  0.00000000                  0.00000000                  0.00000000 
                  0.00000000                  0.00000000                  0.00000000                  0.00000000                  0.00000000 
                  0.00000000                  0.00000000                  0.00000000                  0.00000000                  0.00000000 
                  0.00000000                  0.00000000                  0.00000000                  0.00000000                  0.00000000 
                  0.00000000                  0.00000000                  0.00000000                  0.00000000                  0.00000000 
                  0.00000000                  0.00000000                  0.00000000                  0.00000000                  0.00000000 
                  0.00000000                  0.00000000                  0.00000000                  0.00000000                  0.00000000 
                  0.00000000                  0.00000000                  0.00000000                  0.00000000                  0.00000000 
                  0.00000000                  0.00000000                  0.00000000                  0.00000000                  0.00000000 
                  0.00000000                  0.00000000                  0.00000000                  0.00000000                  0.00000000 
                  0.00000000                  0.00000000                  0.00000000                  0.00000000                  0.00000000 
                  0.00000000                  0.00000000                  0.00000000                  0.00000000                  0.00000000 
                  0.00000000                  0.00000000                  0.00000000                  0.00000000                  0.00000000 
                  0.00000000                  0.00000000                  0.00000000                  0.00000000                  0.00000000 
                  0.00000000                  0.00000000                  0.00000000                  0.00000000                  0.00000000 
                  0.00000000                  0.00000000                  0.00000000                  0.00000000                  0.00000000 
                  0.00000000                  0.00000000                  0.00000000                  0.00000000                  0.00000000 
                  0.00000000                  0.00000000                  0.00000000                  0.00000000                  0.00000000 
                  0.00000000                  0.00000000                  0.00000000                  0.00000000                  0.00000000 
                  0.00000000                  0.00000000                  0.00000000                  0.00000000                  0.00000000 
                  0.00000000                  0.00000000                  0.00000000                  0.00000000                  0.00000000 
                  0.00000000                  0.00000000                  0.00000000                  0.00000000                  0.00000000 
                  0.00000001                  0.00000001                  0.00000000                  0.00000000                  0.00000000 
                  0.00000001                  0.00000001                  0.00000001                  0.00000001                  0.00000001 
                  0.00000002                  0.00000002                  0.00000001                  0.00000001                  0.00000001 
                  0.00000003                  0.00000003                  0.00000002                  0.00000002                  0.00000002 
                  0.00000005                  0.00000005                  0.00000003                  0.00000003                  0.00000003 
                  0.00000008                  0.00000008                  0.00000005                  0.00000005                  0.00000005 
                  0.00000012                  0.00000012                  0.00000007                  0.00000007                  0.00000007 
                  0.00000018                  0.00000018                  0.00000011                  0.00000011                  0.00000011 
                  0.00000027                  0.00000027                  0.00000017                  0.00000016                  0.00000016 
                  0.00000041                  0.00000041                  0.00000025                  0.00000025                  0.00000025 
                  0.00000063                  0.00000062                  0.00000038                  0.00000037                  0.00000037 
                  0.00000094                  0.00000093                  0.00000057                  0.00000056                  0.00000056 
                  0.00000140                  0.00000139                  0.00000084                  0.00000083                  0.00000083 
                  0.00000207                  0.00000206                  0.00000125                  0.00000123                  0.00000122 
                  0.00000305                  0.00000303                  0.00000184                  0.00000181                  0.00000180 
                  0.00000447                  0.00000444                  0.00000269                  0.00000264                  0.00000263 
                  0.00000651                  0.00000646                  0.00000391                  0.00000384                  0.00000382 
                  0.00000942                  0.00000934                  0.00000565                  0.00000554                  0.00000551 
                  0.00001355                  0.00001344                  0.00000811                  0.00000796                  0.00000792 
                  0.00001938                  0.00001921                  0.00001159                  0.00001137                  0.00001131 
                  0.00002755                  0.00002731                  0.00001647                  0.00001615                  0.00001605 
                  0.00003895                  0.00003859                  0.00002325                  0.00002279                  0.00002264 
                  0.00005474                  0.00005421                  0.00003264                  0.00003197                  0.00003176 
                  0.00007648                  0.00007571                  0.00004556                  0.00004459                  0.00004428 
                  0.00010623                  0.00010511                  0.00006321                  0.00006183                  0.00006139 
                  0.00014669                  0.00014509                  0.00008719                  0.00008524                  0.00008461 
                  0.00020137                  0.00019910                  0.00011956                  0.00011682                  0.00011593 
                  0.00027484                  0.00027162                  0.00016301                  0.00015917                  0.00015792 
                  0.00037294                  0.00036840                  0.00022095                  0.00021561                  0.00021386 
                  0.00050311                  0.00049678                  0.00029775                  0.00029038                  0.00028795 
                  0.00067479                  0.00066601                  0.00039894                  0.00038881                  0.00038545 
                  0.00089983                  0.00088772                  0.00053143                  0.00051761                  0.00051299 
                  0.00119299                  0.00117641                  0.00070385                  0.00068510                  0.00067880 
                  0.00157255                  0.00155001                  0.00092685                  0.00090158                  0.00089302 
                  0.00206098                  0.00203050                  0.00121352                  0.00117964                  0.00116811 
                  0.00268561                  0.00264470                  0.00157976                  0.00153464                  0.00151919 
                  0.00347954                  0.00342496                  0.00204481                  0.00198508                  0.00196449 
                  0.00448243                  0.00441008                  0.00263169                  0.00255310                  0.00252584 
                  0.00574150                  0.00564620                  0.00336779                  0.00326500                  0.00322914 
                  0.00731244                  0.00718771                  0.00428539                  0.00415177                  0.00410487 
                  0.00926042                  0.00909820                  0.00542224                  0.00524956                  0.00518861 
                  0.01166105                  0.01145139                  0.00682205                  0.00660025                  0.00652151 
                  0.01460125                  0.01433196                  0.00853510                  0.00825189                  0.00815078 
                  0.01818002                  0.01783631                  0.01061860                  0.01025913                  0.01013009 
                  0.02250911                  0.02207312                  0.01313707                  0.01268353                  0.01251982 
                  0.02771339                  0.02716375                  0.01616261                  0.01559376                  0.01538731 
                  0.03393098                  0.03324233                  0.01977492                  0.01906568                  0.01880689 
                  0.04131303                  0.04045549                  0.02406125                  0.02318216                  0.02285969 
                  0.05002308                  0.04896174                  0.02911595                  0.02803276                  0.02763334 
                  0.06023593                  0.05893034                  0.03503998                  0.03371309                  0.03322129 
                  0.07213604                  0.07053971                  0.04193987                  0.04032398                  0.03972200 
                  0.08591530                  0.08397525                  0.04992658                  0.04797021                  0.04723772 
                  0.10177022                  0.09942661                  0.05911393                  0.05675910                  0.05587303 
                  0.11989856                  0.11708438                  0.06961664                  0.06679861                  0.06573305 
                  0.14049529                  0.13713619                  0.08154817                  0.07819527                  0.07692137 
                  0.16374801                  0.15976232                  0.09501815                  0.09105184                  0.08953769 
                  0.18983200                  0.18513079                  0.11012956                  0.10546449                  0.10367521 
                  0.21890470                  0.21339218                  0.12697567                  0.12152009                  0.11941791 
                  0.25110009                  0.24467409                  0.14563695                  0.13929321                  0.13683763 
                  0.28652278                  0.27907568                  0.16617770                  0.15884300                  0.15599109 
                  0.32524228                  0.31666213                  0.18864292                  0.18021026                  0.17691696 
                  0.36728770                  0.35745925                  0.21305509                  0.20341462                  0.19963324 
                  0.41264239                  0.40144876                  0.23941141                  0.22845176                  0.22413456 
                  0.46123967                  0.44856441                  0.26768130                  0.25529125                  0.25039011 
                  0.51295954                  0.49868828                  0.29780427                  0.28387478                  0.27834177 
                  0.56762600                  0.55164891                  0.32968855                  0.31411445                  0.30790308 
                  0.62500590                  0.60721976                  0.36321017                  0.34589267                  0.33895847 
                  0.68480903                  0.66511995                  0.39821303                  0.37906179                  0.37136325 
                  0.74668974                  0.72501570                  0.43450952                  0.41344482                  0.40494460 
                  0.81025028                  0.78652298                  0.47188205                  0.44883704                  0.43950289 
                  0.87504512                  0.84921253                  0.51008540                  0.48500827                  0.47481385 
                  0.94058692                  0.91261560                  0.54884994                  0.52170587                  0.51063168 
                  1.00635409                  0.97623068                  0.58788526                  0.55865812                  0.54669225 
                  1.07179928                  1.03953218                  0.62688500                  0.59557855                  0.58271760 
                  1.13635862                  1.10197866                  0.66553152                  0.63217062                  0.61842006 
                  1.19946170                  1.16302371                  0.70350158                  0.66813278                  0.65350735 
                  1.26054239                  1.22212398                  0.74047166                  0.70316350                  0.68768758 
                  1.31904888                  1.27875113                  0.77612436                  0.73696673                  0.72067392 
                  1.37445426                  1.33240044                  0.81015301                  0.76925695                  0.75219035 
                  1.42626619                  1.38260043                  0.84226817                  0.79976416                  0.78197587 
                  1.47403610                  1.42892134                  0.87220168                  0.82823867                  0.80978888 
                  1.51736593                  1.47098219                  0.89971215                  0.85445458                  0.83541125 
                  1.55591619                  1.50845706                  0.92458785                  0.87821412                  0.85865164 
                  1.58940983                  1.54108012                  0.94665015                  0.89934993                  0.87934804 
                  1.61763620                  1.56864870                  0.96575618                  0.91772711                  0.89736986 
                  1.64045286                  1.59102488                  0.98179936                  0.93324471                  0.91261911 
                  1.65778589                  1.60813606                  0.99471122                  0.94583613                  0.92503077 
                  1.66962862                  1.61997306                  1.00446010                  0.95546901                  0.93457299 
                  1.67603886                  1.62658834                  1.01105094                  0.96214437                  0.94124579 
                  1.67713475                  1.62809193                  1.01452267                  0.96589512                  0.94507951 
                  1.67308962                  1.62464643                  1.01494694                  0.96678334                  0.94613326 
                  1.66412640                  1.61646140                  1.01242423                  0.96489865                  0.94449216 
                  1.65051055                  1.60378706                  1.00708115                  0.96035469                  0.94026434 
                  1.63254309                  1.58690810                  0.99906683                  0.95328599                  0.93357837 
                  1.61055303                  1.56613541                  0.98854911                  0.94384456                  0.92457950 
                  1.58489060                  1.54180098                  0.97571045                  0.93219638                  0.91342676 
                  1.55591965                  1.51424992                  0.96074444                  0.91851860                  0.90028960 
                  1.52401102                  1.48383462                  0.94385237                  0.90299511                  0.88534480 
                  1.48953652                  1.45090866                  0.92523921                  0.88581419                  0.86877346 
                  1.45286322                  1.41582203                  0.90511060                  0.86716563                  0.85075808 
                  1.41434836                  1.37891579                  0.88367027                  0.84723783                  0.83147991 
                  1.37433541                  1.34051812                  0.86111701                  0.82621545                  0.81111723 
                  1.33315039                  1.30094206                  0.83764261                  0.80427718                  0.78984308 
                  1.29109967                  1.26048136                  0.81343073                  0.78159463                  0.76782346 
                  1.24846733                  1.21941006                  0.78865445                  0.75833070                  0.74521637 
                  1.20551443                  1.17798030                  0.76347572                  0.73463821                  0.72217035 
                  1.16247785                  1.13642180                  0.73804474                  0.71065950                  0.69882429 
                  1.11957073                  1.09494185                  0.71249914                  0.68652570                  0.67530632 
                  1.07698250                  1.05372524                  0.68696386                  0.66235697                  0.65173393 
                  1.03487921                  1.01293504                  0.66155142                  0.63826162                  0.62821382 
                  0.99340510                  0.97271341                  0.63636196                  0.61433709                  0.60484183 
                  0.95268369                  0.93318272                  0.61148369                  0.59066969                  0.58170336 
                  0.91281867                  0.89444673                  0.58699363                  0.56733513                  0.55887359 
                  0.87389600                  0.85659212                  0.56295776                  0.54439926                  0.53641808 
                  0.83598542                  0.81968951                  0.53943205                  0.52191842                  0.51439339 
                  0.79914159                  0.78379554                  0.51646322                  0.49994025                  0.49284726 
                  0.76340592                  0.74895370                  0.49408934                  0.47850406                  0.47181976 
                  0.72880799                  0.71519601                  0.47234079                  0.45764172                  0.45134336 
                  0.69536710                  0.68254423                  0.45124069                  0.43737835                  0.43144405 
                  0.66309333                  0.65101117                  0.43080598                  0.41773289                  0.41214156 
                  0.63198900                  0.62060201                  0.41104788                  0.39871874                  0.39345032 
                  0.60204959                  0.59131485                  0.39197263                  0.38034433                  0.37537980 
                  0.57326502                  0.56314218                  0.37358215                  0.36261383                  0.35793516 
                  0.54562014                  0.53607142                  0.35587445                  0.34552753                  0.34111762 
                  0.51909596                  0.51008624                  0.33884436                  0.32908243                  0.32492518 
                  0.49367005                  0.48516643                  0.32248390                  0.31327263                  0.30935296 
                  0.46931738                  0.46128929                  0.30678266                  0.29808980                  0.29439354 
                  0.44601077                  0.43842971                  0.29172826                  0.28352353                  0.28003734 
                  0.42372146                  0.41656080                  0.27730671                  0.26956168                  0.26627305 
                  0.40241942                  0.39565435                  0.26350269                  0.25619060                  0.25308788 
                  0.38207367                  0.37568113                  0.25029978                  0.24339563                  0.24046782 
                  0.36265275                  0.35661122                  0.23768082                  0.23116107                  0.22839789 
                  0.34412491                  0.33841425                  0.22562794                  0.21947059                  0.21686244 
                  0.32645825                  0.32105964                  0.21412298                  0.20830731                  0.20584516 
                  0.30962101                  0.30451685                  0.20314741                  0.19765396                  0.19532941 
                  0.29358163                  0.28875545                  0.19268262                  0.18749316                  0.18529828 
                  0.27830911                  0.27374539                  0.18271002                  0.17780738                  0.17573474 
                  0.26377273                  0.25945696                  0.17321107                  0.16857912                  0.16662177 
                  0.24994242                  0.24586110                  0.16416740                  0.15979101                  0.15794241 
                  0.23678885                  0.23292914                  0.15556096                  0.15142585                  0.14967988 
                  0.22428338                  0.22063319                  0.14737394                  0.14346671                  0.14181758 
                  0.21239811                  0.20894608                  0.13958897                  0.13589697                  0.13433924 
                  0.20110591                  0.19784136                  0.13218899                  0.12870032                  0.12722890 
                  0.19038051                  0.18729335                  0.12515746                  0.12186089                  0.12047097 
                  0.18019649                  0.17727715                  0.11847822                  0.11536320                  0.11405022 
                  0.17052925                  0.16776872                  0.11213568                  0.10919221                  0.10795191 
                  0.16135502                  0.15874481                  0.10611466                  0.10333332                  0.10216168 
                  0.15265095                  0.15018299                  0.10040051                  0.09777241                  0.09666564 
                  0.14439502                  0.14206168                  0.09497909                  0.09249583                  0.09145036 
                  0.13656598                  0.13436007                  0.08983673                  0.08749041                  0.08650286 
                  0.12914351                  0.12705822                  0.08496033                  0.08274344                  0.08181061 
                  0.12210802                  0.12013690                  0.08033723                  0.07824269                  0.07736158 
                  0.11544076                  0.11357769                  0.07595526                  0.07397640                  0.07314418 
                  0.10912377                  0.10736294                  0.07180280                  0.06993330                  0.06914725 
                  0.10313980                  0.10147574                  0.06786866                  0.06610255                  0.06536013 
                  0.09747239                  0.09589990                  0.06414209                  0.06247373                  0.06177256 
                  0.09210578                  0.09061993                  0.06061287                  0.05903691                  0.05837471 
                  0.08702490                  0.08562102                  0.05727116                  0.05578255                  0.05515719 
                  0.08221535                  0.08088903                  0.05410757                  0.05270154                  0.05211099 
                  0.07766341                  0.07641045                  0.05111314                  0.04978517                  0.04922752 
                  0.07335597                  0.07217239                  0.04827929                  0.04702511                  0.04649857 
                  0.06928051                  0.06816257                  0.04559786                  0.04441343                  0.04391627 
                  0.06542511                  0.06436925                  0.04306104                  0.04194256                  0.04147315 
                  0.06177843                  0.06078129                  0.04066140                  0.03960524                  0.03916207 
                  0.05832965                  0.05738802                  0.03839185                  0.03739459                  0.03697622 
                  0.05506846                  0.05417932                  0.03624565                  0.03530405                  0.03490911 
                  0.05198508                  0.05114556                  0.03421636                  0.03332739                  0.03295457 
                  0.04907017                  0.04827757                  0.03229788                  0.03145863                  0.03110672 
                  0.04631488                  0.04556663                  0.03048439                  0.02969212                  0.02935997 
                  0.04371078                  0.04300445                  0.02877035                  0.02802247                  0.02770899 
                  0.04124985                  0.04058314                  0.02715051                  0.02644458                  0.02614873 
                  0.03892450                  0.03829522                  0.02561987                  0.02495356                  0.02467437 
                  0.03672748                  0.03613358                  0.02417367                  0.02354481                  0.02328135 
                  0.03465195                  0.03409148                  0.02280743                  0.02221394                  0.02196533 
                  0.03269138                  0.03216249                  0.02151683                  0.02095676                  0.02072218 
                  0.03083960                  0.03034054                  0.02029784                  0.01976933                  0.01954801 
                  0.02909074                  0.02861987                  0.01914659                  0.01864789                  0.01843908 
                  0.02743925                  0.02699499                  0.01805942                  0.01758888                  0.01739188 
                  0.02587983                  0.02546071                  0.01703287                  0.01658892                  0.01640308 
                  0.02440750                  0.02401212                  0.01606364                  0.01564480                  0.01546950 
                  0.02301752                  0.02264455                  0.01514862                  0.01475349                  0.01458813 
                  0.02170538                  0.02135358                  0.01428485                  0.01391210                  0.01375614 
                  0.02046684                  0.02013502                  0.01346952                  0.01311792                  0.01297082 
                  0.01929787                  0.01898491                  0.01270000                  0.01236835                  0.01222962 
                  0.01819463                  0.01789949                  0.01197375                  0.01166095                  0.01153011 
                  0.01715352                  0.01687519                  0.01128841                  0.01099339                  0.01087001 
                  0.01617111                  0.01590866                  0.01064171                  0.01036348                  0.01024714 
                  0.01524417                  0.01499669                  0.01003153                  0.00976915                  0.00965945 
                  0.01436962                  0.01413627                  0.00945585                  0.00920843                  0.00910499 
                  0.01354456                  0.01332455                  0.00891275                  0.00867944                  0.00858191 
                  0.01276624                  0.01255882                  0.00840043                  0.00818044                  0.00808849 
                  0.01203206                  0.01183652                  0.00791716                  0.00770975                  0.00762306 
                  0.01133957                  0.01115523                  0.00746135                  0.00726580                  0.00718408 
                  0.01068644                  0.01051267                  0.00703145                  0.00684709                  0.00677005 
                  0.01007047                  0.00990668                  0.00662602                  0.00645222                  0.00637960 
                  0.00948959                  0.00933520                  0.00624369                  0.00607985                  0.00601140 
                  0.00894182                  0.00879631                  0.00588316                  0.00572871                  0.00566420 
                  0.00842531                  0.00828817                  0.00554321                  0.00539763                  0.00533683 
                  0.00793831                  0.00780906                  0.00522269                  0.00508547                  0.00502816 
                  0.00747915                  0.00735734                  0.00492050                  0.00479117                  0.00473716 
                  0.00704626                  0.00693148                  0.00463560                  0.00451371                  0.00446281 
                  0.00663817                  0.00653001                  0.00436703                  0.00425216                  0.00420420 
                  0.00625347                  0.00615155                  0.00411387                  0.00400561                  0.00396041 
                  0.00589085                  0.00579481                  0.00387523                  0.00377321                  0.00373062 
                  0.00554904                  0.00545856                  0.00365030                  0.00355416                  0.00351403 
                  0.00522688                  0.00514163                  0.00343830                  0.00334771                  0.00330990 
                  0.00492325                  0.00484293                  0.00323850                  0.00315314                  0.00311752 
                  0.00463709                  0.00456143                  0.00305020                  0.00296977                  0.00293621 
                  0.00436742                  0.00429614                  0.00287275                  0.00279698                  0.00276536 
                  0.00411329                  0.00404614                  0.00270553                  0.00263415                  0.00260436 
                  0.00387382                  0.00381056                  0.00254797                  0.00248071                  0.00245265 
                  0.00364817                  0.00358859                  0.00239950                  0.00233614                  0.00230971 
                  0.00343556                  0.00337943                  0.00225961                  0.00219993                  0.00217503 
                  0.00323523                  0.00318237                  0.00212782                  0.00207159                  0.00204813 
                  0.00304650                  0.00299671                  0.00200364                  0.00195068                  0.00192859 
                  0.00286869                  0.00282179                  0.00188666                  0.00183677                  0.00181596 
                  0.00270117                  0.00265701                  0.00177646                  0.00172947                  0.00170987 
                  0.00254337                  0.00250178                  0.00167264                  0.00162838                  0.00160992 
                  0.00239472                  0.00235555                  0.00157485                  0.00153316                  0.00151578 
                  0.00225469                  0.00221780                  0.00148273                  0.00144347                  0.00142710 
                  0.00212279                  0.00208805                  0.00139597                  0.00135899                  0.00134357 
                  0.00199855                  0.00196584                  0.00131424                  0.00127942                  0.00126490 
                  0.00188154                  0.00185074                  0.00123727                  0.00120448                  0.00119081 
                  0.00177133                  0.00174233                  0.00116478                  0.00113389                  0.00112102 
                  0.00166753                  0.00164022                  0.00109651                  0.00106742                  0.00105530 
                  0.00156978                  0.00154407                  0.00103221                  0.00100482                  0.00099341 
                  0.00147772                  0.00145351                  0.00097166                  0.00094587                  0.00093512 
                  0.00139102                  0.00136823                  0.00091464                  0.00089035                  0.00088024 
                  0.00130938                  0.00128793                  0.00086094                  0.00083808                  0.00082855 
                  0.00123251                  0.00121231                  0.00081038                  0.00078885                  0.00077988 
                  0.00116012                  0.00114110                  0.00076277                  0.00074250                  0.00073406 
                  0.00109195                  0.00107405                  0.00071794                  0.00069886                  0.00069091 
                  0.00102777                  0.00101092                  0.00067573                  0.00065777                  0.00065028 
                  0.00096735                  0.00095148                  0.00063599                  0.00061908                  0.00061203 
                  0.00091045                  0.00089552                  0.00059858                  0.00058265                  0.00057602 
                  0.00085688                  0.00084282                  0.00056335                  0.00054836                  0.00054212 
                  0.00080645                  0.00079322                  0.00053019                  0.00051607                  0.00051020 
                  0.00075897                  0.00074652                  0.00049897                  0.00048568                  0.00048015 
                  0.00071427                  0.00070255                  0.00046957                  0.00045707                  0.00045186 
                  0.00067219                  0.00066116                  0.00044190                  0.00043013                  0.00042523 
                  0.00063258                  0.00062220                  0.00041586                  0.00040478                  0.00040016 
                  0.00059529                  0.00058552                  0.00039134                  0.00038091                  0.00037656 
                  0.00056019                  0.00055099                  0.00036826                  0.00035844                  0.00035435 
                  0.00052715                  0.00051849                  0.00034653                  0.00033729                  0.00033344 
                  0.00049605                  0.00048790                  0.00032608                  0.00031739                  0.00031376 
                  0.00046678                  0.00045911                  0.00030683                  0.00029865                  0.00029524 
                  0.00043922                  0.00043200                  0.00028872                  0.00028101                  0.00027781 
                  0.00041329                  0.00040649                  0.00027167                  0.00026442                  0.00026140 
                  0.00038888                  0.00038248                  0.00025562                  0.00024879                  0.00024595 
                  0.00036590                  0.00035989                  0.00024051                  0.00023409                  0.00023142 
                  0.00034428                  0.00033862                  0.00022630                  0.00022025                  0.00021774 
                  0.00032393                  0.00031860                  0.00021292                  0.00020723                  0.00020486 
                  0.00030478                  0.00029977                  0.00020033                  0.00019497                  0.00019275 
                  0.00028675                  0.00028204                  0.00018848                  0.00018344                  0.00018134 
                  0.00026979                  0.00026535                  0.00017733                  0.00017259                  0.00017061 
                  0.00025383                  0.00024965                  0.00016683                  0.00016237                  0.00016052 
                  0.00023881                  0.00023488                  0.00015696                  0.00015276                  0.00015101 
                  0.00022467                  0.00022097                  0.00014767                  0.00014372                  0.00014207 
                  0.00021137                  0.00020789                  0.00013892                  0.00013520                  0.00013366 
                  0.00019885                  0.00019558                  0.00013069                  0.00012720                  0.00012574 
                  0.00018707                  0.00018399                  0.00012295                  0.00011966                  0.00011829 
                  0.00017599                  0.00017309                  0.00011566                  0.00011257                  0.00011128 
                  0.00016556                  0.00016283                  0.00010881                  0.00010590                  0.00010468 
                  0.00015575                  0.00015318                  0.00010236                  0.00009962                  0.00009848 
                  0.00014651                  0.00014410                  0.00009629                  0.00009371                  0.00009264 
                  0.00013783                  0.00013556                  0.00009058                  0.00008815                  0.00008714 
                  0.00012965                  0.00012752                  0.00008521                  0.00008292                  0.00008197 
                  0.00012196                  0.00011995                  0.00008015                  0.00007800                  0.00007711 
                  0.00011473                  0.00011284                  0.00007540                  0.00007338                  0.00007253 
                  0.00010792                  0.00010614                  0.00007092                  0.00006902                  0.00006823 
                  0.00010151                  0.00009984                  0.00006671                  0.00006492                  0.00006418 
                  0.00009549                  0.00009391                  0.00006275                  0.00006107                  0.00006037 
                  0.00008982                  0.00008834                  0.00005902                  0.00005744                  0.00005678 
                  0.00008448                  0.00008309                  0.00005552                  0.00005403                  0.00005341 
                  0.00007947                  0.00007816                  0.00005222                  0.00005082                  0.00005024 
                  0.00007475                  0.00007351                  0.00004912                  0.00004780                  0.00004725 
                  0.00007031                  0.00006915                  0.00004620                  0.00004496                  0.00004444 
                  0.00006613                  0.00006504                  0.00004345                  0.00004229                  0.00004180 
                  0.00006220                  0.00006117                  0.00004087                  0.00003977                  0.00003932 
                  0.00005850                  0.00005754                  0.00003844                  0.00003741                  0.00003698 
                  0.00005502                  0.00005412                  0.00003616                  0.00003519                  0.00003478 
                  0.00005175                  0.00005090                  0.00003401                  0.00003309                  0.00003271 
                  0.00004867                  0.00004787                  0.00003198                  0.00003112                  0.00003077 
                  0.00004578                  0.00004502                  0.00003008                  0.00002927                  0.00002894 
                  0.00004306                  0.00004234                  0.00002829                  0.00002753                  0.00002722 
                  0.00004049                  0.00003983                  0.00002661                  0.00002589                  0.00002560 
                  0.00003808                  0.00003746                  0.00002502                  0.00002435                  0.00002407 
                  0.00003582                  0.00003523                  0.00002353                  0.00002290                  0.00002264 
                  0.00003369                  0.00003313                  0.00002213                  0.00002154                  0.00002129 
                  0.00003168                  0.00003116                  0.00002082                  0.00002026                  0.00002002 
                  0.00002979                  0.00002930                  0.00001958                  0.00001905                  0.00001883 
                  0.00002802                  0.00002756                  0.00001841                  0.00001792                  0.00001771 
                  0.00002635                  0.00002592                  0.00001731                  0.00001685                  0.00001666 
                  0.00002478                  0.00002437                  0.00001628                  0.00001585                  0.00001566 
                  0.00002331                  0.00002292                  0.00001531                  0.00001490                  0.00001473 
                  0.00002192                  0.00002156                  0.00001440                  0.00001401                  0.00001385 
                  0.00002061                  0.00002027                  0.00001354                  0.00001318                  0.00001303 
                  0.00001938                  0.00001906                  0.00001274                  0.00001239                  0.00001225 
                  0.00001823                  0.00001793                  0.00001198                  0.00001165                  0.00001152 
                  0.00001714                  0.00001686                  0.00001126                  0.00001096                  0.00001083 
                  0.00001612                  0.00001585                  0.00001059                  0.00001031                  0.00001019 
                  0.00001516                  0.00001491                  0.00000996                  0.00000969                  0.00000958 
                  0.00001426                  0.00001402                  0.00000937                  0.00000911                  0.00000901 
                  0.00001341                  0.00001318                  0.00000881                  0.00000857                  0.00000847 
                  0.00001261                  0.00001240                  0.00000828                  0.00000806                  0.00000797 
                  0.00001185                  0.00001166                  0.00000779                  0.00000758                  0.00000749 
                  0.00001115                  0.00001096                  0.00000732                  0.00000713                  0.00000704 
                  0.00001048                  0.00001031                  0.00000689                  0.00000670                  0.00000662 
                  0.00000986                  0.00000969                  0.00000648                  0.00000630                  0.00000623 
                  0.00000927                  0.00000912                  0.00000609                  0.00000593                  0.00000586 
                  0.00000872                  0.00000857                  0.00000573                  0.00000557                  0.00000551 
                  0.00000820                  0.00000806                  0.00000538                  0.00000524                  0.00000518 
                  0.00000771                  0.00000758                  0.00000506                  0.00000493                  0.00000487 
                  0.00000725                  0.00000713                  0.00000476                  0.00000463                  0.00000458 
                  0.00000681                  0.00000670                  0.00000448                  0.00000436                  0.00000431 
                  0.00000641                  0.00000630                  0.00000421                  0.00000410                  0.00000405 
                  0.00000602                  0.00000592                  0.00000396                  0.00000385                  0.00000381 
                  0.00000566                  0.00000557                  0.00000372                  0.00000362                  0.00000358 
                  0.00000533                  0.00000524                  0.00000350                  0.00000341                  0.00000337 
                  0.00000501                  0.00000493                  0.00000329                  0.00000320                  0.00000316 
                  0.00000471                  0.00000463                  0.00000309                  0.00000301                  0.00000298 
                  0.00000443                  0.00000435                  0.00000291                  0.00000283                  0.00000280 
                  0.00000416                  0.00000409                  0.00000274                  0.00000266                  0.00000263 
                  0.00000391                  0.00000385                  0.00000257                  0.00000250                  0.00000247 
                  0.00000368                  0.00000362                  0.00000242                  0.00000235                  0.00000233 
                  0.00000346                  0.00000340                  0.00000227                  0.00000221                  0.00000219 
                  0.00000325                  0.00000320                  0.00000214                  0.00000208                  0.00000206 
                  0.00000306                  0.00000301                  0.00000201                  0.00000196                  0.00000193 
                  0.00000288                  0.00000283                  0.00000189                  0.00000184                  0.00000182 
                  0.00000270                  0.00000266                  0.00000178                  0.00000173                  0.00000171 
                  0.00000254                  0.00000250                  0.00000167                  0.00000163                  0.00000161 
                  0.00000239                  0.00000235                  0.00000157                  0.00000153                  0.00000151 
                  0.00000225                  0.00000221                  0.00000148                  0.00000144                  0.00000142 
                  0.00000211                  0.00000208                  0.00000139                  0.00000135                  0.00000134 
                  0.00000199                  0.00000195                  0.00000131                  0.00000127                  0.00000126 
                  0.00000187                  0.00000184                  0.00000123                  0.00000119                  0.00000118 
                  0.00000176                  0.00000173                  0.00000115                  0.00000112                  0.00000111 
                  0.00000165                  0.00000162                  0.00000109                  0.00000106                  0.00000104 
                  0.00000155                  0.00000153                  0.00000102                  0.00000099                  0.00000098 
                  0.00000146                  0.00000144                  0.00000096                  0.00000093                  0.00000092 
                  0.00000137                  0.00000135                  0.00000090                  0.00000088                  0.00000087 
                  0.00000129                  0.00000127                  0.00000085                  0.00000083                  0.00000082 
                  0.00000121                  0.00000119                  0.00000080                  0.00000078                  0.00000077 
                  0.00000114                  0.00000112                  0.00000075                  0.00000073                  0.00000072 
                  0.00000107                  0.00000106                  0.00000070                  0.00000069                  0.00000068 
                  0.00000101                  0.00000099                  0.00000066                  0.00000064                  0.00000064 
                  0.00000095                  0.00000093                  0.00000062                  0.00000061                  0.00000060 
                  0.00000089                  0.00000088                  0.00000059                  0.00000057                  0.00000056 
                  0.00000084                  0.00000082                  0.00000055                  0.00000054                  0.00000053 
                  0.00000079                  0.00000077                  0.00000052                  0.00000050                  0.00000050 
                  0.00000074                  0.00000073                  0.00000049                  0.00000047                  0.00000047 
                  0.00000070                  0.00000069                  0.00000046                  0.00000045                  0.00000044 
                  0.00000065                  0.00000064                  0.00000043                  0.00000042                  0.00000041 
                  0.00000062                  0.00000061                  0.00000040                  0.00000039                  0.00000039 
                  0.00000058                  0.00000057                  0.00000038                  0.00000037                  0.00000037 
                  0.00000054                  0.00000054                  0.00000036                  0.00000035                  0.00000034 
                  0.00000051                  0.00000050                  0.00000034                  0.00000033                  0.00000032 
                  0.00000048                  0.00000047                  0.00000032                  0.00000031                  0.00000030 
                  0.00000045                  0.00000044                  0.00000030                  0.00000029                  0.00000029 
                  0.00000043                  0.00000042                  0.00000028                  0.00000027                  0.00000027 
                  0.00000040                  0.00000039                  0.00000026                  0.00000026                  0.00000025 
                  0.00000038                  0.00000037                  0.00000025                  0.00000024                  0.00000024 
                  0.00000035                  0.00000035                  0.00000023                  0.00000023                  0.00000022 
                  0.00000033                  0.00000033                  0.00000022                  0.00000021                  0.00000021 
                  0.00000031                  0.00000031                  0.00000021                  0.00000020                  0.00000020 
                  0.00000029                  0.00000029                  0.00000019                  0.00000019                  0.00000019 
                  0.00000028                  0.00000027                  0.00000018                  0.00000018                  0.00000017 
                  0.00000026                  0.00000026                  0.00000017                  0.00000017                  0.00000016 
                  0.00000024                  0.00000024                  0.00000016                  0.00000016                  0.00000015 
                  0.00000023                  0.00000023                  0.00000015                  0.00000015                  0.00000014 
                  0.00000022                  0.00000021                  0.00000014                  0.00000014                  0.00000014 
                  0.00000020                  0.00000020                  0.00000013                  0.00000013                  0.00000013 
                  0.00000019                  0.00000019                  0.00000013                  0.00000012                  0.00000012 
                  0.00000018                  0.00000018                  0.00000012                  0.00000011                  0.00000011 
                  0.00000017                  0.00000017                  0.00000011                  0.00000011                  0.00000011 
                  0.00000016                  0.00000016                  0.00000010                  0.00000010                  0.00000010 
                  0.00000015                  0.00000015                  0.00000010                  0.00000010                  0.00000009 
                  0.00000014                  0.00000014                  0.00000009                  0.00000009                  0.00000009 
                  0.00000013                  0.00000013                  0.00000009                  0.00000008                  0.00000008 
                  0.00000012                  0.00000012                  0.00000008                  0.00000008                  0.00000008 
                  0.00000012                  0.00000011                  0.00000008                  0.00000007                  0.00000007 
                  0.00000011                  0.00000011                  0.00000007                  0.00000007                  0.00000007 
                  0.00000010                  0.00000010                  0.00000007                  0.00000007                  0.00000006 
                  0.00000010                  0.00000009                  0.00000006                  0.00000006                  0.00000006 
                  0.00000009                  0.00000009                  0.00000006                  0.00000006                  0.00000006 
                  0.00000009                  0.00000008                  0.00000006                  0.00000005                  0.00000005 
                  0.00000008                  0.00000008                  0.00000005                  0.00000005                  0.00000005 
                  0.00000008                  0.00000007                  0.00000005                  0.00000005                  0.00000005 
                  0.00000007                  0.00000007                  0.00000005                  0.00000005                  0.00000004 
                  0.00000007                  0.00000007                  0.00000004                  0.00000004                  0.00000004 
                  0.00000006                  0.00000006                  0.00000004                  0.00000004                  0.00000004 
                  0.00000006                  0.00000006                  0.00000004                  0.00000004                  0.00000004 
                  0.00000006                  0.00000005                  0.00000004                  0.00000004                  0.00000003 
                  0.00000005                  0.00000005                  0.00000003                  0.00000003                  0.00000003 
                  0.00000005                  0.00000005                  0.00000003                  0.00000003                  0.00000003 
                  0.00000005                  0.00000005                  0.00000003                  0.00000003                  0.00000003 
                  0.00000004                  0.00000004                  0.00000003                  0.00000003                  0.00000003 
                  0.00000004                  0.00000004                  0.00000003                  0.00000003                  0.00000003 
                  0.00000004                  0.00000004                  0.00000003                  0.00000002                  0.00000002 
                  0.00000004                  0.00000004                  0.00000002                  0.00000002                  0.00000002 
                  0.00000003                  0.00000003                  0.00000002                  0.00000002                  0.00000002 
                  0.00000003                  0.00000003                  0.00000002                  0.00000002                  0.00000002 
                  0.00000003                  0.00000003                  0.00000002                  0.00000002                  0.00000002 
                  0.00000003                  0.00000003                  0.00000002                  0.00000002                  0.00000002 
                  0.00000003                  0.00000003                  0.00000002                  0.00000002                  0.00000002 
                  0.00000002                  0.00000002                  0.00000002                  0.00000002                  0.00000002 
                  0.00000002                  0.00000002                  0.00000002                  0.00000001                  0.00000001 
                  0.00000002                  0.00000002                  0.00000001                  0.00000001                  0.00000001 
                  0.00000002                  0.00000002                  0.00000001                  0.00000001                  0.00000001 
                  0.00000002                  0.00000002                  0.00000001                  0.00000001                  0.00000001 
                  0.00000002                  0.00000002                  0.00000001                  0.00000001                  0.00000001 
                  0.00000002                  0.00000002                  0.00000001                  0.00000001                  0.00000001 
                  0.00000002                  0.00000002                  0.00000001                  0.00000001                  0.00000001 
                  0.00000002                  0.00000001                  0.00000001                  0.00000001                  0.00000001 
                  0.00000001                  0.00000001                  0.00000001                  0.00000001                  0.00000001 
                  0.00000001                  0.00000001                  0.00000001                  0.00000001                  0.00000001 
                  0.00000001                  0.00000001                  0.00000001                  0.00000001                  0.00000001 
                  0.00000001                  0.00000001                  0.00000001                  0.00000001                  0.00000001 
                  0.00000001                  0.00000001                  0.00000001                  0.00000001                  0.00000001 
                  0.00000001                  0.00000001                  0.00000001                  0.00000001                  0.00000001 
                  0.00000001                  0.00000001                  0.00000001                  0.00000001                  0.00000001 
                  0.00000001                  0.00000001                  0.00000001                  0.00000001                  0.00000001 
                  0.00000001                  0.00000001                  0.00000001                  0.00000001                  0.00000001 
                  0.00000001                  0.00000001                  0.00000001                  0.00000001                  0.00000001 
                  0.00000001                  0.00000001                  0.00000001                  0.00000000                  0.00000000 
                  0.00000001                  0.00000001                  0.00000000                  0.00000000                  0.00000000 
                  0.00000001                  0.00000001                  0.00000000                  0.00000000                  0.00000000 
                  0.00000001                  0.00000001                  0.00000000                  0.00000000                  0.00000000 
                  0.00000001                  0.00000001                  0.00000000                  0.00000000                  0.00000000 
                  0.00000001                  0.00000001                  0.00000000                  0.00000000                  0.00000000 
                  0.00000001                  0.00000001                  0.00000000                  0.00000000                  0.00000000 
                  0.00000000                  0.00000000                  0.00000000                  0.00000000                  0.00000000 
                  0.00000000                  0.00000000                  0.00000000                  0.00000000                  0.00000000 
                  0.00000000                  0.00000000                  0.00000000                  0.00000000                  0.00000000 
                  0.00000000                  0.00000000                  0.00000000                  0.00000000                  0.00000000 
                  0.00000000                  0.00000000                  0.00000000                  0.00000000                  0.00000000 
                  0.00000000                  0.00000000                  0.00000000                  0.00000000                  0.00000000 
                  0.00000000                  0.00000000                  0.00000000                  0.00000000                  0.00000000 
                  0.00000000                  0.00000000                  0.00000000                  0.00000000                  0.00000000 
                  0.00000000                  0.00000000                  0.00000000                  0.00000000                  0.00000000 
                  0.00000000                  0.00000000                  0.00000000                  0.00000000                  0.00000000 
                  0.00000000                  0.00000000                  0.00000000                  0.00000000                  0.00000000 
                  0.00000000                  0.00000000                  0.00000000                  0.00000000                  0.00000000 
                  0.00000000                  0.00000000                  0.00000000                  0.00000000                  0.00000000 
                  0.00000000                  0.00000000                  0.00000000                  0.00000000                  0.00000000 
                  0.00000000                  0.00000000                  0.00000000                  0.00000000                  0.00000000 
                  0.00000000                  0.00000000                  0.00000000                  0.00000000                  0.00000000 
                  0.00000000                  0.00000000                  0.00000000                  0.00000000                  0.00000000 
                  0.00000000                  0.00000000                  0.00000000                  0.00000000                  0.00000000 
                  0.00000000                  0.00000000                  0.00000000                  0.00000000                  0.00000000 
                  0.00000000                  0.00000000                  0.00000000                  0.00000000                  0.00000000 
                  0.00000000                  0.00000000                  0.00000000                  0.00000000                  0.00000000 
                  0.00000000                  0.00000000                  0.00000000                  0.00000000                  0.00000000 
                  0.00000000                  0.00000000                  0.00000000                  0.00000000                  0.00000000 
                  0.00000000                  0.00000000                  0.00000000                  0.00000000                  0.00000000 
                  0.00000000                  0.00000000                  0.00000000                  0.00000000                  0.00000000 
                  0.00000000                  0.00000000                  0.00000000                  0.00000000                  0.00000000 
                  0.00000000                  0.00000000                  0.00000000                  0.00000000                  0.00000000 
                  0.00000000                  0.00000000                  0.00000000                  0.00000000                  0.00000000 
                  0.00000000                  0.00000000                  0.00000000                  0.00000000                  0.00000000 
                  0.00000000                  0.00000000                  0.00000000                  0.00000000                  0.00000000 
                  0.00000000                  0.00000000                  0.00000000                  0.00000000                  0.00000000 
                  0.00000000                  0.00000000                  0.00000000                  0.00000000                  0.00000000 
                  0.00000000                  0.00000000                  0.00000000                  0.00000000                  0.00000000 
                  0.00000000                  0.00000000                  0.00000000                  0.00000000                  0.00000000 
                  0.00000000                  0.00000000                  0.00000000                  0.00000000                  0.00000000 
                  0.00000000                  0.00000000                  0.00000000                  0.00000000                  0.00000000 
                  0.00000000                  0.00000000                  0.00000000                  0.00000000                  0.00000000 
                  0.00000000                  0.00000000                  0.00000000                  0.00000000                  0.00000000 
                  0.00000000                  0.00000000                  0.00000000                  0.00000000                  0.00000000 
                  0.00000000                  0.00000000                  0.00000000                  0.00000000                  0.00000000 
                  0.00000000                  0.00000000                  0.00000000                  0.00000000                  0.00000000 
                  0.00000000                  0.00000000                  0.00000000                  0.00000000                  0.00000000 
                  0.00000000                  0.00000000                  0.00000000                  0.00000000                  0.00000000 
                  0.00000000                  0.00000000                  0.00000000                  0.00000000                  0.00000000 
