        0.00000000        0.00000000        0.00000000        0.00000000        0.00000000 
        0.00000000        0.00000000        0.00000000        0.00000000        0.00000000 
        0.00000000       -0.00000014        0.00000014        0.00000000        0.00000000 
        0.00000004       -0.00000006        0.00000000        0.00000002        0.00000000 
       -0.00000002       -0.00000010        0.00000015       -0.00000002       -0.00000002 
       -0.00000011       -0.00000029        0.00000033        0.00000008       -0.00000002 
       -0.00000014       -0.00000055        0.00000053        0.00000013        0.00000002 
       -0.00000025       -0.00000072        0.00000075        0.00000018        0.00000003 
       -0.00000041       -0.00000088        0.00000097        0.00000022        0.00000008 
       -0.00000055       -0.00000125        0.00000126        0.00000038        0.00000014 
       -0.00000074       -0.00000157        0.00000157        0.00000050        0.00000021 
       -0.00000097       -0.00000195        0.00000190        0.00000069        0.00000031 
       -0.00000126       -0.00000227        0.00000225        0.00000083        0.00000042 
       -0.00000148       -0.00000278        0.00000261        0.00000104        0.00000057 
       -0.00000180       -0.00000325        0.00000302        0.00000130        0.00000070 
       -0.00000218       -0.00000378        0.00000346        0.00000155        0.00000090 
       -0.00000255       -0.00000436        0.00000396        0.00000183        0.00000107 
       -0.00000296       -0.00000502        0.00000448        0.00000214        0.00000130 
       -0.00000343       -0.00000573        0.00000504        0.00000249        0.00000156 
       -0.00000397       -0.00000652        0.00000568        0.00000288        0.00000185 
       -0.00000454       -0.00000737        0.00000638        0.00000327        0.00000218 
       -0.00000517       -0.00000833        0.00000715        0.00000375        0.00000252 
       -0.00000587       -0.00000938        0.00000798        0.00000426        0.00000290 
       -0.00000664       -0.00001052        0.00000891        0.00000482        0.00000334 
       -0.00000750       -0.00001179        0.00000991        0.00000544        0.00000382 
       -0.00000844       -0.00001318        0.00001105        0.00000610        0.00000434 
       -0.00000946       -0.00001471        0.00001227        0.00000686        0.00000491 
       -0.00001060       -0.00001639        0.00001363        0.00000768        0.00000554 
       -0.00001186       -0.00001824        0.00001512        0.00000859        0.00000624 
       -0.00001323       -0.00002026        0.00001673        0.00000959        0.00000700 
       -0.00001474       -0.00002250        0.00001853        0.00001067        0.00000785 
       -0.00001641       -0.00002494        0.00002050        0.00001188        0.00000876 
       -0.00001824       -0.00002762        0.00002265        0.00001320        0.00000978 
       -0.00002024       -0.00003057        0.00002502        0.00001465        0.00001090 
       -0.00002244       -0.00003379        0.00002760        0.00001624        0.00001212 
       -0.00002486       -0.00003732        0.00003044        0.00001798        0.00001347 
       -0.00002751       -0.00004119        0.00003355        0.00001990        0.00001495 
       -0.00003042       -0.00004544        0.00003694        0.00002200        0.00001657 
       -0.00003360       -0.00005007        0.00004066        0.00002429        0.00001835 
       -0.00003709       -0.00005514        0.00004471        0.00002681        0.00002030 
       -0.00004091       -0.00006069        0.00004915        0.00002957        0.00002243 
       -0.00004509       -0.00006675        0.00005399        0.00003258        0.00002477 
       -0.00004966       -0.00007336        0.00005927        0.00003588        0.00002734 
       -0.00005466       -0.00008059        0.00006503        0.00003948        0.00003014 
       -0.00006011       -0.00008847        0.00007130        0.00004342        0.00003322 
       -0.00006607       -0.00009706        0.00007814        0.00004772        0.00003657 
       -0.00007257       -0.00010642        0.00008558        0.00005241        0.00004024 
       -0.00007966       -0.00011663        0.00009368        0.00005753        0.00004425 
       -0.00008740       -0.00012773        0.00010249        0.00006312        0.00004863 
       -0.00009582       -0.00013981        0.00011206        0.00006920        0.00005340 
       -0.00010500       -0.00015295        0.00012245        0.00007582        0.00005861 
       -0.00011499       -0.00016723        0.00013374        0.00008303        0.00006429 
       -0.00012585       -0.00018273        0.00014598        0.00009087        0.00007048 
       -0.00013767       -0.00019957        0.00015926        0.00009940        0.00007722 
       -0.00015050       -0.00021783        0.00017365        0.00010866        0.00008455 
       -0.00016444       -0.00023764        0.00018923        0.00011872        0.00009253 
       -0.00017957       -0.00025911        0.00020610        0.00012965        0.00010120 
       -0.00019599       -0.00028236        0.00022436        0.00014149        0.00011063 
       -0.00021379       -0.00030753        0.00024409        0.00015434        0.00012086 
       -0.00023307       -0.00033476        0.00026542        0.00016826        0.00013197 
       -0.00025396       -0.00036421        0.00028845        0.00018333        0.00014402 
       -0.00027657       -0.00039603        0.00031332        0.00019965        0.00015708 
       -0.00030103       -0.00043040        0.00034014        0.00021730        0.00017123 
       -0.00032747       -0.00046749        0.00036905        0.00023639        0.00018656 
       -0.00035605       -0.00050752        0.00040021        0.00025701        0.00020315 
       -0.00038691       -0.00055067        0.00043376        0.00027928        0.00022109 
       -0.00042022       -0.00059717        0.00046987        0.00030331        0.00024049 
       -0.00045615       -0.00064725        0.00050871        0.00032924        0.00026145 
       -0.00049489       -0.00070115        0.00055047        0.00035719        0.00028408 
       -0.00053663       -0.00075913        0.00059533        0.00038731        0.00030851 
       -0.00058159       -0.00082147        0.00064350        0.00041973        0.00033486 
       -0.00062997       -0.00088845        0.00069519        0.00045464        0.00036326 
       -0.00068201       -0.00096037        0.00075063        0.00049218        0.00039387 
       -0.00073795       -0.00103756        0.00081005        0.00053253        0.00042682 
       -0.00079806       -0.00112036        0.00087370        0.00057589        0.00046228 
       -0.00086261       -0.00120912        0.00094185        0.00062244        0.00050042 
       -0.00093188       -0.00130420        0.00101476        0.00067239        0.00054142 
       -0.00100618       -0.00140602        0.00109273        0.00072597        0.00058546 
       -0.00108582       -0.00151497        0.00117606        0.00078340        0.00063275 
       -0.00117115       -0.00163150        0.00126506        0.00084492        0.00068350 
       -0.00126251       -0.00175604        0.00136006        0.00091079        0.00073792 
       -0.00136027       -0.00188909        0.00146141        0.00098126        0.00079625 
       -0.00146482       -0.00203113        0.00156946        0.00105663        0.00085874 
       -0.00157658       -0.00218268        0.00168460        0.00113718        0.00092563 
       -0.00169596       -0.00234429        0.00180722        0.00122322        0.00099721 
       -0.00182341       -0.00251652        0.00193771        0.00131506        0.00107375 
       -0.00195940       -0.00269996        0.00207651        0.00141305        0.00115555 
       -0.00210443       -0.00289523        0.00222405        0.00151753        0.00124292 
       -0.00225898       -0.00310296        0.00238080        0.00162888        0.00133619 
       -0.00242360       -0.00332383        0.00254723        0.00174746        0.00143569 
       -0.00259884       -0.00355852        0.00272382        0.00187368        0.00154178 
       -0.00278528       -0.00380775        0.00291109        0.00200794        0.00165483 
       -0.00298350       -0.00407226        0.00310956        0.00215068        0.00177523 
       -0.00319416       -0.00435283        0.00331979        0.00230235        0.00190337 
       -0.00341787       -0.00465025        0.00354232        0.00246340        0.00203969 
       -0.00365531       -0.00496534        0.00377774        0.00263432        0.00218460 
       -0.00390719       -0.00529897        0.00402664        0.00281560        0.00233858 
       -0.00417421       -0.00565199        0.00428964        0.00300775        0.00250207 
       -0.00445713       -0.00602533        0.00456736        0.00321132        0.00267558 
       -0.00475671       -0.00641991        0.00486045        0.00342684        0.00285960 
       -0.00506224       -0.00681805        0.00515955        0.00364512        0.00304343 
       -0.00538676       -0.00723896        0.00547605        0.00387630        0.00323862 
       -0.00573963       -0.00770033        0.00581757        0.00413010        0.00345572 
       -0.00611254       -0.00818724        0.00617764        0.00439800        0.00368568 
       -0.00650621       -0.00870045        0.00655660        0.00468079        0.00392886 
       -0.00692152       -0.00924117        0.00695526        0.00497913        0.00418587 
       -0.00735942       -0.00981042        0.00737433        0.00529367        0.00445733 
       -0.00782091       -0.01040927        0.00781451        0.00562510        0.00474389 
       -0.00830695       -0.01103884        0.00827653        0.00597416        0.00504620 
       -0.00881858       -0.01170024        0.00876108        0.00634161        0.00536494 
       -0.00935685       -0.01239465        0.00926898        0.00672818        0.00570079 
       -0.00992280       -0.01312326        0.00980103        0.00713459        0.00605448 
       -0.01051748       -0.01388727        0.01035799        0.00756156        0.00642673 
       -0.01114195       -0.01468792        0.01094068        0.00800986        0.00681830 
       -0.01179733       -0.01552641        0.01154990        0.00848020        0.00722997 
       -0.01248475       -0.01640401        0.01218649        0.00897339        0.00766249 
       -0.01320531       -0.01732190        0.01285120        0.00949023        0.00811663 
       -0.01396014       -0.01828142        0.01354491        0.01003151        0.00859317 
       -0.01475039       -0.01928379        0.01426838        0.01059801        0.00909293 
       -0.01557721       -0.02033028        0.01502241        0.01119058        0.00961667 
       -0.01644174       -0.02142213        0.01580781        0.01181000        0.01016523 
       -0.01734515       -0.02256062        0.01662539        0.01245710        0.01073940 
       -0.01828859       -0.02374698        0.01747590        0.01313272        0.01133998 
       -0.01927324       -0.02498244        0.01836006        0.01383769        0.01196779 
       -0.02030022       -0.02626824        0.01927864        0.01457280        0.01262367 
       -0.02137071       -0.02760556        0.02023237        0.01533886        0.01330843 
       -0.02248584       -0.02899553        0.02122195        0.01613665        0.01402291 
       -0.02364674       -0.03043930        0.02224801        0.01696699        0.01476789 
       -0.02485455       -0.03193807        0.02331126        0.01783058        0.01554424 
       -0.02611031       -0.03349281        0.02441226        0.01872826        0.01635273 
       -0.02741517       -0.03510461        0.02555165        0.01966070        0.01719419 
       -0.02877014       -0.03677446        0.02672990        0.02062868        0.01806938 
       -0.03017624       -0.03850333        0.02794752        0.02163287        0.01897909 
       -0.03163449       -0.04029212        0.02920508        0.02267397        0.01992408 
       -0.03314584       -0.04214163        0.03050290        0.02375264        0.02090505 
       -0.03471117       -0.04405271        0.03184137        0.02486951        0.02192276 
       -0.03633143       -0.04602607        0.03322093        0.02602512        0.02297789 
       -0.03800740       -0.04806240        0.03464167        0.02722016        0.02407106 
       -0.03973981       -0.05016232        0.03610395        0.02845500        0.02520295 
       -0.04152951       -0.05232619        0.03760788        0.02973020        0.02637416 
       -0.04337711       -0.05455461        0.03915356        0.03104621        0.02758526 
       -0.04528320       -0.05684774        0.04074106        0.03240339        0.02883674 
       -0.04724834       -0.05920613        0.04237039        0.03380204        0.03012913 
       -0.04927300       -0.06162961        0.04404133        0.03524255        0.03146287 
       -0.05135756       -0.06411846        0.04575373        0.03672515        0.03283833 
       -0.05350237       -0.06667259        0.04750741        0.03824998        0.03425588 
       -0.05570760       -0.06929176        0.04930202        0.03981708        0.03571586 
       -0.05797352       -0.07197575        0.05113716        0.04142665        0.03721847 
       -0.06030008       -0.07472418        0.05301227        0.04307863        0.03876383 
       -0.06268731       -0.07753663        0.05492695        0.04477289        0.04035214 
       -0.06513499       -0.08041238        0.05688040        0.04650932        0.04198349 
       -0.06764300       -0.08335071        0.05887198        0.04828772        0.04365778 
       -0.07021097       -0.08635076        0.06090080        0.05010768        0.04537501 
       -0.07283835       -0.08941163        0.06296587        0.05196907        0.04713492 
       -0.07552470       -0.09253195        0.06506647        0.05387112        0.04893740 
       -0.07826935       -0.09571071        0.06720122        0.05581357        0.05078207 
       -0.08107151       -0.09894612        0.06936896        0.05779561        0.05266857 
       -0.08393002       -0.10223708        0.07156841        0.05981655        0.05459645 
       -0.08684426       -0.10558134        0.07379829        0.06187566        0.05656520 
       -0.08981277       -0.10897768        0.07605700        0.06397210        0.05857398 
       -0.09283435       -0.11242371        0.07834302        0.06610466        0.06062233 
       -0.09590768       -0.11591716        0.08065461        0.06827252        0.06270932 
       -0.09903106       -0.11945625        0.08299033        0.07047432        0.06483395 
       -0.10220285       -0.12303805        0.08534799        0.07270886        0.06699549 
       -0.10542137       -0.12666011        0.08772570        0.07497488        0.06919262 
       -0.10868447       -0.13031992        0.09012148        0.07727084        0.07142419 
       -0.11199032       -0.13401452        0.09253322        0.07959524        0.07368894 
       -0.11533653       -0.13774066        0.09495877        0.08194643        0.07598551 
       -0.11872079       -0.14149557        0.09739581        0.08432265        0.07831240 
       -0.12214074       -0.14527562        0.09984189        0.08672202        0.08066810 
       -0.12559368       -0.14907761        0.10229467        0.08914283        0.08305090 
       -0.12907676       -0.15289792        0.10475121        0.09158297        0.08545899 
       -0.13258736       -0.15673304        0.10720976        0.09404015        0.08789062 
       -0.13612247       -0.16057873        0.10966672        0.09651256        0.09034385 
       -0.13967885       -0.16443133        0.11211986        0.09899770        0.09281646 
       -0.14325328       -0.16828696        0.11456642        0.10149324        0.09530652 
       -0.14684257       -0.17214081        0.11700346        0.10399648        0.09781179 
       -0.15044309       -0.17598969        0.11942805        0.10650553        0.10032987 
       -0.15405118       -0.17982884        0.12183712        0.10901728        0.10285845 
       -0.15766363       -0.18365322        0.12422764        0.11152942        0.10539501 
       -0.16127625       -0.18745887        0.12659711        0.11403883        0.10793693 
       -0.16488531       -0.19124097        0.12894173        0.11654320        0.11048181 
       -0.16848686       -0.19499536        0.13125877        0.11903953        0.11302660 
       -0.17207694       -0.19871633        0.13354520        0.12152462        0.11556876 
       -0.17565136       -0.20240012        0.13579784        0.12399577        0.11810564 
       -0.17920579       -0.20604129        0.13801309        0.12644988        0.12063406 
       -0.18273632       -0.20963538        0.14018878        0.12888405        0.12315099 
       -0.18623814       -0.21317746        0.14232077        0.13129503        0.12565376 
       -0.18970734       -0.21666224        0.14440666        0.13368002        0.12813896 
       -0.19313955       -0.22008495        0.14644262        0.13603556        0.13060388 
       -0.19653019       -0.22344083        0.14842643        0.13835874        0.13304490 
       -0.19987452       -0.22672518        0.15035404        0.14064604        0.13545963 
       -0.20316873       -0.22993267        0.15222330        0.14289458        0.13784409 
       -0.20640761       -0.23305897        0.15403074        0.14510131        0.14019538 
       -0.20958720       -0.23609881        0.15577358        0.14726281        0.14251043 
       -0.21270287       -0.23904751        0.15744886        0.14937599        0.14478588 
       -0.21574983       -0.24190092        0.15905364        0.15143791        0.14701846 
       -0.21872450       -0.24465379        0.16058567        0.15344495        0.14920512 
       -0.22162153       -0.24730201        0.16204175        0.15539454        0.15134262 
       -0.22443734       -0.24984069        0.16341928        0.15728354        0.15342748 
       -0.22716700       -0.25226596        0.16471624        0.15910855        0.15545693 
       -0.22980684       -0.25457335        0.16592966        0.16086726        0.15742764 
       -0.23235196       -0.25675923        0.16705735        0.16255635        0.15933670 
       -0.23479916       -0.25881854        0.16809697        0.16417333        0.16118062 
       -0.23714361       -0.26074913        0.16904689        0.16571485        0.16295680 
       -0.23938206       -0.26254582        0.16990469        0.16717851        0.16466242 
       -0.24151057       -0.26420552        0.17066871        0.16856214        0.16629429 
       -0.24352485       -0.26572561        0.17133699        0.16986290        0.16784982 
       -0.24542208       -0.26710203        0.17190751        0.17107770        0.16932628 
       -0.24719879       -0.26833156        0.17237961        0.17220551        0.17072070 
       -0.24885133       -0.26941231        0.17275086        0.17324336        0.17203084 
       -0.25037676       -0.27034110        0.17302105        0.17418918        0.17325401 
       -0.25177190       -0.27111626        0.17318904        0.17504087        0.17438798 
       -0.25303441       -0.27173340        0.17325246        0.17579684        0.17543097 
       -0.25416094       -0.27219307        0.17321277        0.17645483        0.17638023 
       -0.25514960       -0.27249238        0.17306666        0.17701361        0.17723411 
       -0.25599727       -0.27262983        0.17281584        0.17747185        0.17799003 
       -0.25670290       -0.27260375        0.17245844        0.17782809        0.17864689 
       -0.25726366       -0.27241406        0.17199482        0.17808111        0.17920278 
       -0.25767824       -0.27205881        0.17142491        0.17822926        0.17965659 
       -0.25794497       -0.27153730        0.17074856        0.17827201        0.18000622 
       -0.25806233       -0.27085042        0.16996628        0.17820908        0.18025073 
       -0.25802946       -0.26999599        0.16907808        0.17803878        0.18038976 
       -0.25784510       -0.26897550        0.16808486        0.17776102        0.18042147 
       -0.25750887       -0.26778927        0.16698715        0.17737606        0.18034482 
       -0.25702003       -0.26643661        0.16578525        0.17688261        0.18016012 
       -0.25637800       -0.26491943        0.16448046        0.17628139        0.17986652 
       -0.25558355       -0.26323745        0.16307487        0.17557245        0.17946270 
       -0.25463527       -0.26139396        0.16156723        0.17475578        0.17895029 
       -0.25353459       -0.25938854        0.15996175        0.17383106        0.17832786 
       -0.25228187       -0.25722370        0.15825813        0.17280069        0.17759570 
       -0.25087771       -0.25490060        0.15645741        0.17166407        0.17675443 
       -0.24932276       -0.25242242        0.15456331        0.17042167        0.17580466 
       -0.24761891       -0.24979001        0.15257689        0.16907492        0.17474666 
       -0.24576661       -0.24700649        0.15049975        0.16762528        0.17358094 
       -0.24376845       -0.24407479        0.14833355        0.16607380        0.17230846 
       -0.24162453       -0.24099790        0.14608215        0.16442202        0.17093012 
       -0.23933786       -0.23777857        0.14374520        0.16267122        0.16944768 
       -0.23691137       -0.23441988        0.14132768        0.16082253        0.16786218 
       -0.23434521       -0.23092550        0.13883062        0.15887855        0.16617455 
       -0.23164365       -0.22729881        0.13625653        0.15684128        0.16438709 
       -0.22880875       -0.22354290        0.13360910        0.15471216        0.16250037 
       -0.22584274       -0.21966362        0.13089015        0.15249357        0.16051780 
       -0.22274946       -0.21566284        0.12810281        0.15018718        0.15844001 
       -0.21953142       -0.21154588        0.12524967        0.14779612        0.15627007 
       -0.21619195       -0.20731580        0.12233406        0.14532222        0.15400949 
       -0.21273459       -0.20297863        0.11935848        0.14276835        0.15166074 
       -0.20916253       -0.19853786        0.11632609        0.14013752        0.14922570 
       -0.20547974       -0.19399765        0.11323979        0.13743167        0.14670764 
       -0.20169012       -0.18936376        0.11010237        0.13465390        0.14410922 
       -0.19779681       -0.18463933        0.10691793        0.13180651        0.14143258 
       -0.19380480       -0.17983027        0.10368858        0.12889366        0.13868035 
       -0.18971656       -0.17494063        0.10041757        0.12591593        0.13585657 
       -0.18553843       -0.16997583        0.09710869        0.12287939        0.13296212 
       -0.18127175       -0.16494240        0.09376448        0.11978497        0.13000149 
       -0.17692339       -0.15984187        0.09038811        0.11663642        0.12697734 
       -0.17249633       -0.15468122        0.08698256        0.11343696        0.12389266 
       -0.16799521       -0.14946482        0.08355100        0.11018962        0.12075005 
       -0.16342404       -0.14419816        0.08009815        0.10689641        0.11755351 
       -0.15878829       -0.13888511        0.07662334        0.10356249        0.11430643 
       -0.15409184       -0.13353121        0.07313389        0.10018896        0.11101097 
       -0.14933847       -0.12814263        0.06962979        0.09678094        0.10767090 
       -0.14453331       -0.12272169        0.06611512        0.09334083        0.10428942 
       -0.13968046       -0.11727519        0.06259230        0.08987188        0.10086951 
       -0.13478556       -0.11180669        0.05906577        0.08637702        0.09741458 
       -0.12985143       -0.10632184        0.05553620        0.08285969        0.09392804 
       -0.12488380       -0.10082352        0.05200745        0.07932337        0.09041225 
       -0.11988554       -0.09531926        0.04848158        0.07576907        0.08687281 
       -0.11486269       -0.08981047        0.04496282        0.07220168        0.08331060 
       -0.10981888       -0.08430292        0.04145145        0.06862491        0.07972903 
       -0.10475735       -0.07880156        0.03795221        0.06504005        0.07613240 
       -0.09968410       -0.07330936        0.03446584        0.06145073        0.07252273 
       -0.09460183       -0.06783045        0.03099599        0.05785921        0.06890415 
       -0.08951532       -0.06237042        0.02754336        0.05427040        0.06527764 
       -0.08442843       -0.05693077        0.02411197        0.05068452        0.06164835 
       -0.07934476       -0.05151727        0.02070221        0.04710541        0.05801837 
       -0.07426872       -0.04613267        0.01731857        0.04353476        0.05439094 
       -0.06920350       -0.04078099        0.01396128        0.03997715        0.05076725 
       -0.06415351       -0.03546387        0.01063182        0.03643365        0.04715199 
       -0.05912108       -0.03018670        0.00733311        0.03290630        0.04354730 
       -0.05411012       -0.02495250        0.00406593        0.02939878        0.03995508 
       -0.04912467       -0.01976345        0.00083347        0.02591221        0.03637821 
       -0.04416739       -0.01462185       -0.00236397        0.02244866        0.03281934 
       -0.03924108       -0.00953238       -0.00552449        0.01901167        0.02928055 
       -0.03434940       -0.00449672       -0.00864622        0.01560109        0.02576514 
       -0.02949525        0.00048308       -0.01172969        0.01222106        0.02227386 
       -0.02468010        0.00540342       -0.01477079        0.00887201        0.01880911 
       -0.01990875        0.01026517       -0.01777176        0.00555644        0.01537394 
       -0.01518240        0.01506236       -0.02072771        0.00227572        0.01196873 
       -0.01050375        0.01979526       -0.02364004       -0.00096863        0.00859658 
       -0.00587486        0.02446142       -0.02650896       -0.00417418        0.00525885 
       -0.00129802        0.02905897       -0.02933121       -0.00734098        0.00195729 
        0.00322414        0.03358719       -0.03210591       -0.01046743       -0.00130650 
        0.00769085        0.03804304       -0.03483424       -0.01355116       -0.00453090 
        0.01209884        0.04242708       -0.03751499       -0.01659168       -0.00771495 
        0.01644699        0.04673618       -0.04014676       -0.01958842       -0.01085607 
        0.02073364        0.05097219       -0.04272952       -0.02253966       -0.01395487 
        0.02495822        0.05513041       -0.04526333       -0.02544454       -0.01700887 
        0.02911796        0.05921277       -0.04774715       -0.02830230       -0.02001749 
        0.03321243        0.06321755       -0.05018232       -0.03111176       -0.02297969 
        0.03724014        0.06714407       -0.05256533       -0.03387329       -0.02589443 
        0.04120006        0.07099168       -0.05489907       -0.03658597       -0.02876054 
        0.04509147        0.07475974       -0.05718150       -0.03924837       -0.03157833 
        0.04891350        0.07844937       -0.05941483       -0.04186048       -0.03434610 
        0.05266507        0.08205878       -0.06159732       -0.04442202       -0.03706363 
        0.05634621        0.08558904       -0.06372875       -0.04693332       -0.03973027 
        0.05995594        0.08903878       -0.06581083       -0.04939317       -0.04234568 
        0.06349352        0.09241024       -0.06784279       -0.05180085       -0.04491010 
        0.06695925        0.09570096       -0.06982433       -0.05415787       -0.04742170 
        0.07035199        0.09891314       -0.07175650       -0.05646230       -0.04988205 
        0.07367246        0.10204579       -0.07363968       -0.05871576       -0.05228926 
        0.07692041        0.10510044       -0.07547442       -0.06091765       -0.05464456 
        0.08009562        0.10807600       -0.07725927       -0.06306750       -0.05694758 
        0.08319774        0.11097515       -0.07899650       -0.06516583       -0.05919762 
        0.08622763        0.11379640       -0.08068553       -0.06721397       -0.06139546 
        0.08918517        0.11654107       -0.08232720       -0.06921159       -0.06354051 
        0.09207060        0.11921071       -0.08392240       -0.07115683       -0.06563440 
        0.09488430        0.12180361       -0.08547120       -0.07305247       -0.06767591 
        0.09762689        0.12432314       -0.08697448       -0.07489810       -0.06966592 
        0.10029845        0.12676997       -0.08843249       -0.07669339       -0.07160459 
        0.10289925        0.12914298       -0.08984583       -0.07844023       -0.07349212 
        0.10543039        0.13144475       -0.09121497       -0.08013754       -0.07532936 
        0.10789298        0.13367519       -0.09254067       -0.08178831       -0.07711535 
        0.11028588        0.13583733       -0.09382363       -0.08338966       -0.07885310 
        0.11261217        0.13792877       -0.09506472       -0.08494452       -0.08054125 
        0.11487049        0.13995357       -0.09626443       -0.08645386       -0.08217961 
        0.11706254        0.14191107       -0.09742440       -0.08791465       -0.08377101 
        0.11918897        0.14380318       -0.09854193       -0.08933231       -0.08531438 
        0.12125121        0.14563039       -0.09962148       -0.09070355       -0.08681140 
        0.12324922        0.14739457       -0.10066283       -0.09203250       -0.08826083 
        0.12518401        0.14909625       -0.10166507       -0.09331573       -0.08966593 
        0.12705758        0.15073599       -0.10263017       -0.09455793       -0.09102504 
        0.12886910        0.15231580       -0.10355891       -0.09575736       -0.09234069 
        0.13062108        0.15383686       -0.10445115       -0.09691630       -0.09361178 
        0.13231356        0.15529983       -0.10530869       -0.09803300       -0.09484056 
        0.13394782        0.15670654       -0.10613173       -0.09911132       -0.09602632 
        0.13552469        0.15805773       -0.10692090       -0.10014955       -0.09717170 
        0.13704550        0.15935403       -0.10767776       -0.10114931       -0.09827579 
        0.13851103        0.16059788       -0.10840087       -0.10211165       -0.09933978 
        0.13992263        0.16178870       -0.10909355       -0.10303680       -0.10036423 
        0.14128049        0.16292945       -0.10975515       -0.10392584       -0.10135037 
        0.14258659        0.16401967       -0.11038525       -0.10477908       -0.10229929 
        0.14384180        0.16506077       -0.11098701       -0.10559744       -0.10321082 
        0.14504625        0.16605531       -0.11156048       -0.10638232       -0.10408533 
        0.14620189        0.16700268       -0.11210366       -0.10713322       -0.10492558 
        0.14730960        0.16790518       -0.11262053       -0.10785177       -0.10573001 
        0.14837052        0.16876313       -0.11310957       -0.10853875       -0.10650110 
        0.14938532        0.16957699       -0.11357268       -0.10919441       -0.10723869 
        0.15035506        0.17034911       -0.11401127       -0.10981889       -0.10794338 
        0.15128058        0.17108034       -0.11442257       -0.11041377       -0.10861698 
        0.15216334        0.17177147       -0.11481141       -0.11098019       -0.10925906 
        0.15300390        0.17242365       -0.11517557       -0.11151823       -0.10987063 
        0.15380390        0.17303638       -0.11551657       -0.11202815       -0.11045272 
        0.15456320        0.17361325       -0.11583452       -0.11251166       -0.11100596 
        0.15528387        0.17415269       -0.11613072       -0.11296767       -0.11153150 
        0.15596597        0.17465809       -0.11640609       -0.11339852       -0.11202879 
        0.15661091        0.17512865       -0.11665998       -0.11380411       -0.11249931 
        0.15721969        0.17556515       -0.11689331       -0.11418520       -0.11294406 
        0.15779296        0.17597000       -0.11710584       -0.11454330       -0.11336278 
        0.15833156        0.17634265       -0.11730075       -0.11487722       -0.11375647 
        0.15883605        0.17668524       -0.11747552       -0.11518950       -0.11412577 
        0.15930839        0.17699690       -0.11763200       -0.11547895       -0.11447175 
        0.15974830        0.17728011       -0.11777201       -0.11574665       -0.11479480 
        0.16015720        0.17753385       -0.11789342       -0.11599419       -0.11509471 
        0.16053566        0.17776088       -0.11799798       -0.11622141       -0.11537337 
        0.16088483        0.17796086       -0.11808674       -0.11642782       -0.11563132 
        0.16120452        0.17813468       -0.11815872       -0.11661607       -0.11586773 
        0.16149679        0.17828338       -0.11821552       -0.11678469       -0.11608448 
        0.16176182        0.17840727       -0.11825697       -0.11693549       -0.11628161 
        0.16199967        0.17850742       -0.11828335       -0.11706882       -0.11645921 
        0.16221248        0.17858361       -0.11829700       -0.11718426       -0.11661841 
        0.16239987        0.17863731       -0.11829483       -0.11728318       -0.11676010 
        0.16256334        0.17866813       -0.11828057       -0.11736566       -0.11688346 
        0.16270198        0.17867923       -0.11825251       -0.11743228       -0.11699052 
        0.16281827        0.17866857       -0.11821125       -0.11748370       -0.11708060 
        0.16291212        0.17863780       -0.11815798       -0.11751974       -0.11715462 
        0.16298367        0.17858811       -0.11809281       -0.11754184       -0.11721256 
        0.16303441        0.17851855       -0.11801600       -0.11754885       -0.11725590 
        0.16306423        0.17843112       -0.11792754       -0.11754285       -0.11728372 
        0.16307397        0.17832573       -0.11782798       -0.11752287       -0.11729801 
        0.16306451        0.17820224       -0.11771754       -0.11749028       -0.11729773 
        0.16303556        0.17806272       -0.11759666       -0.11744529       -0.11728371 
        0.16298863        0.17790590       -0.11746586       -0.11738762       -0.11725698 
        0.16292383        0.17773366       -0.11732560       -0.11731730       -0.11721773 
        0.16284142        0.17754552       -0.11717508       -0.11723603       -0.11716564 
        0.16274229        0.17734268       -0.11701582       -0.11714479       -0.11710077 
        0.16262676        0.17712496       -0.11684687       -0.11704094       -0.11702491 
        0.16249529        0.17689380       -0.11667065       -0.11692668       -0.11693741 
        0.16234888        0.17664817       -0.11648429       -0.11680338       -0.11683855 
        0.16218691        0.17638902       -0.11628959       -0.11666929       -0.11672924 
        0.16201036        0.17611732       -0.11608820       -0.11652490       -0.11660939 
        0.16181982        0.17583357       -0.11587836       -0.11637136       -0.11647960 
        0.16161542        0.17553647       -0.11566115       -0.11620858       -0.11633992 
        0.16139810        0.17522776       -0.11543632       -0.11603750       -0.11619055 
        0.16116743        0.17490794       -0.11520443       -0.11585735       -0.11603207 
        0.16092443        0.17457718       -0.11496605       -0.11566860       -0.11586459 
        0.16066912        0.17423534       -0.11472125       -0.11547192       -0.11568826 
        0.16040225        0.17388295       -0.11446980       -0.11526697       -0.11550350 
        0.16012438        0.17352046       -0.11421145       -0.11505539       -0.11531015 
        0.15983410        0.17314839       -0.11394759       -0.11483575       -0.11510917 
        0.15953416        0.17276613       -0.11367768       -0.11460878       -0.11490041 
        0.15922323        0.17237495       -0.11340233       -0.11437518       -0.11468405 
        0.15890236        0.17197494       -0.11312128       -0.11413389       -0.11446092 
        0.15857168        0.17156579       -0.11283498       -0.11388726       -0.11422978 
        0.15823148        0.17114900       -0.11254255       -0.11363410       -0.11399212 
        0.15788224        0.17072310       -0.11224621       -0.11337455       -0.11374798 
        0.15752363        0.17028964       -0.11194488       -0.11310882       -0.11349712 
        0.15715671        0.16984868       -0.11163788       -0.11283792       -0.11324006 
        0.15678117        0.16940019       -0.11132706       -0.11256091       -0.11297688 
        0.15639777        0.16894433       -0.11101218       -0.11227809       -0.11270798 
        0.15600616        0.16848116       -0.11069215       -0.11199033       -0.11243349 
        0.15560764        0.16801126       -0.11036864       -0.11169709       -0.11215347 
        0.15520085        0.16753529       -0.11004107       -0.11139899       -0.11186819 
        0.15478763        0.16705263       -0.10970964       -0.11109659       -0.11157721 
        0.15436727        0.16656397       -0.10937425       -0.11078931       -0.11128128 
        0.15394017        0.16606942       -0.10903571       -0.11047742       -0.11098079 
        0.15350652        0.16556919       -0.10869331       -0.11016120       -0.11067549 
        0.15306622        0.16506363       -0.10834710       -0.10984115       -0.11036567 
        0.15262060        0.16455203       -0.10799792       -0.10951687       -0.11005139 
        0.15216884        0.16403560       -0.10764591       -0.10918846       -0.10973285 
        0.15171134        0.16351469       -0.10729105       -0.10885602       -0.10941029 
        0.15124831        0.16298893       -0.10693339       -0.10851997       -0.10908382 
        0.15078011        0.16245802       -0.10657313       -0.10817990       -0.10875358 
        0.15030710        0.16192260       -0.10620939       -0.10783775       -0.10841900 
        0.14982876        0.16138330       -0.10584332       -0.10749128       -0.10808121 
        0.14934610        0.16083916       -0.10547505       -0.10714239       -0.10773962 
        0.14885823        0.16029188       -0.10510412       -0.10678948       -0.10739528 
        0.14836636        0.15974016       -0.10473067       -0.10643420       -0.10704699 
        0.14787000        0.15918446       -0.10435484       -0.10607614       -0.10669625 
        0.14737011        0.15862557       -0.10397701       -0.10571492       -0.10634253 
        0.14686581        0.15806319       -0.10359747       -0.10535167       -0.10598511 
        0.14635804        0.15749758       -0.10321573       -0.10498526       -0.10562541 
        0.14584655        0.15692861       -0.10283270       -0.10461664       -0.10526264 
        0.14533162        0.15635625       -0.10244787       -0.10424531       -0.10489776 
        0.14481336        0.15578125       -0.10206084       -0.10387214       -0.10453010 
        0.14429139        0.15520450       -0.10167223       -0.10349645       -0.10416017 
        0.14376678        0.15462381       -0.10128158       -0.10311918       -0.10378796 
        0.14323941        0.15404096       -0.10089073       -0.10273939       -0.10341343 
        0.14270879        0.15345547       -0.10049755       -0.10235834       -0.10303645 
        0.14217581        0.15286724       -0.10010301       -0.10197503       -0.10265809 
        0.14163984        0.15227750       -0.09970783       -0.10158973       -0.10227740 
        0.14110196        0.15168557       -0.09931125       -0.10120259       -0.10189492 
        0.14056125        0.15109155       -0.09891372       -0.10081438       -0.10151085 
        0.14001809        0.15049590       -0.09851429       -0.10042497       -0.10112435 
        0.13947320        0.14989789       -0.09811468       -0.10003357       -0.10073692 
        0.13892594        0.14929864       -0.09771428       -0.09964032       -0.10034790 
        0.13837716        0.14869806       -0.09731198       -0.09924706       -0.09995692 
        0.13782656        0.14809495       -0.09690990       -0.09885141       -0.09956528 
        0.13727397        0.14749128       -0.09650648       -0.09845497       -0.09917174 
        0.13671993        0.14688589       -0.09610214       -0.09805768       -0.09877727 
        0.13616434        0.14627901       -0.09569801       -0.09765860       -0.09838155 
        0.13560735        0.14567122       -0.09529229       -0.09725961       -0.09798431 
        0.13504897        0.14506230       -0.09488685       -0.09685876       -0.09758662 
        0.13448916        0.14445268       -0.09448039       -0.09645817       -0.09718712 
        0.13392828        0.14384203       -0.09407386       -0.09605572       -0.09678750 
        0.13336626        0.14323029       -0.09366690       -0.09565274       -0.09638661 
        0.13280326        0.14261769       -0.09325943       -0.09524940       -0.09598504 
        0.13223924        0.14200526       -0.09285157       -0.09484541       -0.09558266 
        0.13167442        0.14139141       -0.09244353       -0.09444082       -0.09517929 
        0.13110910        0.14077720       -0.09203553       -0.09403556       -0.09477542 
        0.13054278        0.14016254       -0.09162747       -0.09363013       -0.09437095 
        0.12997593        0.13954747       -0.09121854       -0.09322389       -0.09396644 
        0.12940851        0.13893226       -0.09081019       -0.09281687       -0.09356124 
        0.12884033        0.13831680       -0.09040183       -0.09241055       -0.09315516 
        0.12827221        0.13770038       -0.08999331       -0.09200312       -0.09274915 
        0.12770356        0.13708465       -0.08958438       -0.09159596       -0.09234268 
        0.12713453        0.13646874       -0.08917610       -0.09118879       -0.09193534 
        0.12656541        0.13585232       -0.08876774       -0.09078126       -0.09152836 
        0.12599587        0.13523632       -0.08835930       -0.09037369       -0.09112106 
        0.12542649        0.13462040       -0.08795147       -0.08996592       -0.09071364 
        0.12485675        0.13400477       -0.08754355       -0.08955811       -0.09030607 
        0.12428743        0.13338923       -0.08713614       -0.08915026       -0.08989839 
        0.12371814        0.13277344       -0.08672902       -0.08874277       -0.08949071 
        0.12314881        0.13215843       -0.08632223       -0.08833493       -0.08908319 
        0.12257940        0.13154411       -0.08591554       -0.08792759       -0.08867557 
        0.12201089        0.13092951       -0.08550944       -0.08751998       -0.08826818 
        0.12144210        0.13031566       -0.08510397       -0.08711305       -0.08786082 
        0.12087385        0.12970236       -0.08469836       -0.08670639       -0.08745360 
        0.12030577        0.12908980       -0.08429394       -0.08629960       -0.08704643 
        0.11973821        0.12847771       -0.08388960       -0.08589339       -0.08663972 
        0.11917148        0.12786612       -0.08348566       -0.08548790       -0.08623294 
        0.11860490        0.12725542       -0.08308269       -0.08508213       -0.08582679 
        0.11803881        0.12664548       -0.08267988       -0.08467690       -0.08542109 
        0.11747365        0.12603591       -0.08227792       -0.08427246       -0.08501545 
        0.11690895        0.12542771       -0.08187640       -0.08386826       -0.08461044 
        0.11634477        0.12482010       -0.08147598       -0.08346422       -0.08420579 
        0.11578163        0.12421325       -0.08107576       -0.08306089       -0.08380166 
        0.11521906        0.12360773       -0.08067651       -0.08265847       -0.08339781 
        0.11465734        0.12300292       -0.08027801       -0.08225647       -0.08299452 
        0.11409640        0.12239914       -0.07988018       -0.08185504       -0.08259158 
        0.11353657        0.12179622       -0.07948308       -0.08145416       -0.08218969 
        0.11297723        0.12119493       -0.07908700       -0.08105383       -0.08178820 
        0.11241931        0.12059385       -0.07869135       -0.08065431       -0.08138719 
        0.11186215        0.11999467       -0.07829648       -0.08025573       -0.08098696 
        0.11130589        0.11939640       -0.07790288       -0.07985762       -0.08058721 
        0.11075093        0.11879927       -0.07750986       -0.07946050       -0.08018821 
        0.11019690        0.11820364       -0.07711788       -0.07906348       -0.07979026 
        0.10964397        0.11760903       -0.07672674       -0.07866774       -0.07939282 
        0.10909215        0.11701589       -0.07633637       -0.07827274       -0.07899618 
        0.10854141        0.11642413       -0.07594748       -0.07787880       -0.07860007 
        0.10799208        0.11583332       -0.07555883       -0.07748559       -0.07820502 
        0.10744386        0.11524414       -0.07517161       -0.07709312       -0.07781088 
        0.10689692        0.11465653       -0.07478501       -0.07670143       -0.07741760 
        0.10635114        0.11407018       -0.07439943       -0.07631111       -0.07702471 
        0.10580698        0.11348482       -0.07401530       -0.07592104       -0.07663332 
        0.10526389        0.11290146       -0.07363182       -0.07553244       -0.07624248 
        0.10472223        0.11231930       -0.07324935       -0.07514452       -0.07585271 
        0.10418192        0.11173891       -0.07286850       -0.07475754       -0.07546368 
        0.10364299        0.11115989       -0.07248839       -0.07437158       -0.07507570 
        0.10310529        0.11058255       -0.07210907       -0.07398655       -0.07468911 
        0.10256950        0.11000644       -0.07173132       -0.07360276       -0.07430277 
        0.10203484        0.10943232       -0.07135404       -0.07321990       -0.07391811 
        0.10150152        0.10885970       -0.07097877       -0.07283790       -0.07353391 
        0.10097004        0.10828888       -0.07060427       -0.07245731       -0.07315081 
        0.10043989        0.10771953       -0.07023046       -0.07207794       -0.07276898 
        0.09991113        0.10715199       -0.06985825       -0.07169929       -0.07238812 
        0.09938398        0.10658602       -0.06948691       -0.07132178       -0.07200830 
        0.09885830        0.10602206       -0.06911701       -0.07094567       -0.07162953 
        0.09833439        0.10545947       -0.06874828       -0.07057040       -0.07125190 
        0.09781209        0.10489886       -0.06838053       -0.07019630       -0.07087547 
        0.09729134        0.10433979       -0.06801423       -0.06982309       -0.07050028 
        0.09677213        0.10378304       -0.06764872       -0.06945183       -0.07012575 
        0.09625477        0.10322746       -0.06728479       -0.06908066       -0.06975316 
        0.09573885        0.10267371       -0.06692241       -0.06871142       -0.06938088 
        0.09522467        0.10212213       -0.06656066       -0.06834299       -0.06901032 
        0.09471218        0.10157221       -0.06620041       -0.06797615       -0.06864052 
        0.09420135        0.10102420       -0.06584144       -0.06760997       -0.06827241 
        0.09369221        0.10047787       -0.06548370       -0.06724562       -0.06790493 
        0.09318490        0.09993359       -0.06512701       -0.06688233       -0.06753910 
        0.09267919        0.09939101       -0.06477181       -0.06652023       -0.06717428 
        0.09217534        0.09885080       -0.06441774       -0.06615911       -0.06681079 
        0.09167331        0.09831189       -0.06406520       -0.06579933       -0.06644852 
        0.09117287        0.09777499       -0.06371364       -0.06544101       -0.06608741 
        0.09067436        0.09724016       -0.06336333       -0.06508374       -0.06572776 
        0.09017746        0.09670727       -0.06301484       -0.06472793       -0.06536888 
        0.08968245        0.09617636       -0.06266712       -0.06437308       -0.06501199 
        0.08918919        0.09564732       -0.06232110       -0.06402002       -0.06465564 
        0.08869778        0.09512028       -0.06197629       -0.06366777       -0.06430115 
        0.08820818        0.09459528       -0.06163246       -0.06331701       -0.06394773 
        0.08772056        0.09407197       -0.06129032       -0.06296762       -0.06359532 
        0.08723455        0.09355090       -0.06094959       -0.06261939       -0.06324452 
        0.08675054        0.09303170       -0.06060997       -0.06227257       -0.06289507 
        0.08626825        0.09251449       -0.06027189       -0.06192705       -0.06254665 
        0.08578798        0.09199934       -0.05993471       -0.06158277       -0.06219994 
        0.08530953        0.09148600       -0.05959938       -0.06123996       -0.06185415 
        0.08483287        0.09097494       -0.05926479       -0.06089846       -0.06150977 
        0.08435817        0.09046578       -0.05893220       -0.06055812       -0.06116683 
        0.08388531        0.08995862       -0.05860075       -0.06021906       -0.06082530 
        0.08341425        0.08945358       -0.05827036       -0.05988167       -0.06048492 
        0.08294512        0.08895048       -0.05794164       -0.05954540       -0.06014603 
        0.08247799        0.08844949       -0.05761398       -0.05921062       -0.05980846 
        0.08201272        0.08795042       -0.05728807       -0.05887712       -0.05947218 
        0.08154929        0.08745355       -0.05696334       -0.05854489       -0.05913723 
        0.08108766        0.08695884       -0.05664000       -0.05821413       -0.05880364 
        0.08062797        0.08646597       -0.05631796       -0.05788479       -0.05847150 
        0.08017035        0.08597507       -0.05599732       -0.05755678       -0.05814062 
        0.07971455        0.08548646       -0.05567799       -0.05722989       -0.05781125 
        0.07926080        0.08499971       -0.05536041       -0.05690442       -0.05748307 
        0.07880876        0.08451539       -0.05504370       -0.05658062       -0.05715640 
        0.07835870        0.08403279       -0.05472854       -0.05625809       -0.05683086 
        0.07791086        0.08355196       -0.05441476       -0.05593693       -0.05650683 
        0.07746449        0.08307379       -0.05410202       -0.05561731       -0.05618421 
        0.07702021        0.08259762       -0.05379106       -0.05529864       -0.05586299 
        0.07657796        0.08212316       -0.05348162       -0.05498145       -0.05554309 
        0.07613758        0.08165103       -0.05317320       -0.05466575       -0.05522470 
        0.07569922        0.08118088       -0.05286621       -0.05435134       -0.05490759 
        0.07526276        0.08071263       -0.05256045       -0.05403858       -0.05459179 
        0.07482804        0.08024690       -0.05225642       -0.05372689       -0.05427736 
        0.07439543        0.07978307       -0.05195361       -0.05341665       -0.05396434 
        0.07396476        0.07932099       -0.05165198       -0.05310792       -0.05365283 
        0.07353590        0.07886126       -0.05135215       -0.05280038       -0.05334251 
        0.07310905        0.07840362       -0.05105320       -0.05249432       -0.05303370 
        0.07268409        0.07794808       -0.05075615       -0.05218956       -0.05272617 
        0.07226121        0.07749435       -0.05046000       -0.05188625       -0.05242015 
        0.07184009        0.07704301       -0.05016566       -0.05158422       -0.05211548 
        0.07142084        0.07659380       -0.04987213       -0.05128366       -0.05181218 
        0.07100362        0.07614646       -0.04958054       -0.05098436       -0.05151026 
        0.07058834        0.07570114       -0.04928967       -0.05068665       -0.05120973 
        0.07017504        0.07525796       -0.04900089       -0.05039011       -0.05091057 
        0.06976362        0.07481686       -0.04871293       -0.05009516       -0.05061269 
        0.06935403        0.07437809       -0.04842671       -0.04980133       -0.05031634 
        0.06894654        0.07394076       -0.04814151       -0.04950906       -0.05002136 
        0.06854084        0.07350594       -0.04785775       -0.04921813       -0.04972763 
        0.06813711        0.07307299       -0.04757560       -0.04892851       -0.04943527 
        0.06773530        0.07264227       -0.04729438       -0.04864055       -0.04914438 
        0.06733534        0.07221341       -0.04701506       -0.04835351       -0.04885487 
        0.06693736        0.07178676       -0.04673652       -0.04806809       -0.04856664 
        0.06654125        0.07136208       -0.04645960       -0.04778398       -0.04827986 
        0.06614709        0.07093953       -0.04618394       -0.04750120       -0.04799443 
        0.06575472        0.07051896       -0.04590956       -0.04721993       -0.04771034 
        0.06536447        0.07010041       -0.04563684       -0.04693992       -0.04742763 
        0.06497594        0.06968388       -0.04536498       -0.04666131       -0.04714624 
        0.06458939        0.06926923       -0.04509486       -0.04638390       -0.04686639 
        0.06420472        0.06885664       -0.04482593       -0.04610815       -0.04658761 
        0.06382193        0.06844629       -0.04455830       -0.04583338       -0.04631045 
        0.06344096        0.06803782       -0.04429222       -0.04556017       -0.04603446 
        0.06306190        0.06763154       -0.04402712       -0.04528818       -0.04576004 
        0.06268483        0.06722715       -0.04376361       -0.04501756       -0.04548674 
        0.06230952        0.06682473       -0.04350139       -0.04474828       -0.04521491 
        0.06193605        0.06642441       -0.04324055       -0.04448038       -0.04494439 
