                  0.00000040                  0.00000040                  0.00000040                  0.00000040                  0.00000067                  0.00000067                  0.00000067                  0.00000067                  0.00000067                  0.00000067 
                  0.00000107                  0.00000107                  0.00000145                  0.00000145                  0.00000145 
                  0.00000203                  0.00000203                  0.00000235                  0.00000235                  0.00000235 
                  0.00000331                  0.00000349                  0.00000322                  0.00000340                  0.00000340 
                  0.00000492                  0.00000536                  0.00000415                  0.00000459                  0.00000459 
                  0.00000689                  0.00000768                  0.00000518                  0.00000594                  0.00000595 
                  0.00000927                  0.00001050                  0.00000637                  0.00000739                  0.00000749 
                  0.00001208                  0.00001385                  0.00000774                  0.00000898                  0.00000923 
                  0.00001536                  0.00001777                  0.00000929                  0.00001077                  0.00001115 
                  0.00001916                  0.00002232                  0.00001105                  0.00001277                  0.00001328 
                  0.00002353                  0.00002753                  0.00001303                  0.00001501                  0.00001565 
                  0.00002854                  0.00003347                  0.00001525                  0.00001752                  0.00001827 
                  0.00003424                  0.00004019                  0.00001775                  0.00002032                  0.00002118 
                  0.00004072                  0.00004777                  0.00002055                  0.00002345                  0.00002441 
                  0.00004804                  0.00005630                  0.00002368                  0.00002693                  0.00002800 
                  0.00005628                  0.00006585                  0.00002718                  0.00003079                  0.00003199 
                  0.00006554                  0.00007652                  0.00003109                  0.00003507                  0.00003642 
                  0.00007591                  0.00008844                  0.00003543                  0.00003983                  0.00004133 
                  0.00008751                  0.00010172                  0.00004025                  0.00004512                  0.00004677 
                  0.00010046                  0.00011648                  0.00004559                  0.00005098                  0.00005280 
                  0.00011489                  0.00013288                  0.00005152                  0.00005748                  0.00005949 
                  0.00013093                  0.00015106                  0.00005808                  0.00006467                  0.00006689 
                  0.00014876                  0.00017122                  0.00006534                  0.00007263                  0.00007508 
                  0.00016855                  0.00019353                  0.00007337                  0.00008142                  0.00008413 
                  0.00019047                  0.00021822                  0.00008224                  0.00009113                  0.00009412 
                  0.00021475                  0.00024550                  0.00009203                  0.00010185                  0.00010515 
                  0.00024161                  0.00027564                  0.00010284                  0.00011368                  0.00011732 
                  0.00027129                  0.00030890                  0.00011475                  0.00012671                  0.00013073 
                  0.00030405                  0.00034560                  0.00012788                  0.00014107                  0.00014550 
                  0.00034021                  0.00038606                  0.00014233                  0.00015687                  0.00016176 
                  0.00038007                  0.00043063                  0.00015823                  0.00017426                  0.00017965 
                  0.00042398                  0.00047971                  0.00017571                  0.00019337                  0.00019931 
                  0.00047232                  0.00053372                  0.00019493                  0.00021436                  0.00022090 
                  0.00052552                  0.00059311                  0.00021603                  0.00023741                  0.00024462 
                  0.00058400                  0.00065839                  0.00023919                  0.00026271                  0.00027063 
                  0.00064828                  0.00073011                  0.00026460                  0.00029045                  0.00029916 
                  0.00071886                  0.00080884                  0.00029246                  0.00032085                  0.00033043 
                  0.00079634                  0.00089522                  0.00032298                  0.00035415                  0.00036468 
                  0.00088132                  0.00098996                  0.00035640                  0.00039061                  0.00040216 
                  0.00097450                  0.00109378                  0.00039298                  0.00043050                  0.00044318 
                  0.00107659                  0.00120751                  0.00043299                  0.00047411                  0.00048802 
                  0.00118840                  0.00133202                  0.00047674                  0.00052178                  0.00053702 
                  0.00131077                  0.00146825                  0.00052453                  0.00057384                  0.00059054 
                  0.00144463                  0.00161723                  0.00057671                  0.00063067                  0.00064896 
                  0.00159099                  0.00178005                  0.00063366                  0.00069267                  0.00071269 
                  0.00175091                  0.00195791                  0.00069579                  0.00076029                  0.00078218 
                  0.00192557                  0.00215208                  0.00076351                  0.00083397                  0.00085790 
                  0.00211621                  0.00236396                  0.00083730                  0.00091422                  0.00094037 
                  0.00232420                  0.00259502                  0.00091765                  0.00100159                  0.00103014 
                  0.00255097                  0.00284686                  0.00100510                  0.00109664                  0.00112780 
                  0.00279809                  0.00312121                  0.00110023                  0.00120001                  0.00123399 
                  0.00306725                  0.00341990                  0.00120365                  0.00131234                  0.00134939 
                  0.00336026                  0.00374493                  0.00131602                  0.00143436                  0.00147473 
                  0.00367904                  0.00409843                  0.00143806                  0.00156682                  0.00161078 
                  0.00402568                  0.00448267                  0.00157051                  0.00171055                  0.00175839 
                  0.00440242                  0.00490010                  0.00171420                  0.00186641                  0.00191844 
                  0.00481164                  0.00535335                  0.00186998                  0.00203534                  0.00209190 
                  0.00525590                  0.00584521                  0.00203880                  0.00221832                  0.00227978 
                  0.00573794                  0.00637868                  0.00222162                  0.00241643                  0.00248316 
                  0.00626070                  0.00695697                  0.00241952                  0.00263079                  0.00270322 
                  0.00682730                  0.00758351                  0.00263361                  0.00286262                  0.00294117 
                  0.00744108                  0.00826194                  0.00286511                  0.00311319                  0.00319835 
                  0.00810563                  0.00899616                  0.00311527                  0.00338388                  0.00347614 
                  0.00882474                  0.00979033                  0.00338547                  0.00367614                  0.00377604 
                  0.00960247                  0.01064888                  0.00367715                  0.00399151                  0.00409964 
                  0.01044314                  0.01157651                  0.00399184                  0.00433165                  0.00444860 
                  0.01135136                  0.01257823                  0.00433119                  0.00469829                  0.00482471 
                  0.01233202                  0.01365938                  0.00469691                  0.00509328                  0.00522988 
                  0.01339033                  0.01482561                  0.00509084                  0.00551859                  0.00566609 
                  0.01453180                  0.01608293                  0.00551494                  0.00597629                  0.00613548 
                  0.01576231                  0.01743771                  0.00597126                  0.00646858                  0.00664028 
                  0.01708808                  0.01889672                  0.00646198                  0.00699778                  0.00718288 
                  0.01851570                  0.02046710                  0.00698942                  0.00756636                  0.00776580 
                  0.02005218                  0.02215644                  0.00755600                  0.00817691                  0.00839167 
                  0.02170491                  0.02397275                  0.00816431                  0.00883217                  0.00906330 
                  0.02348171                  0.02592451                  0.00881707                  0.00953502                  0.00978364 
                  0.02539086                  0.02802067                  0.00951713                  0.01028853                  0.01055580 
                  0.02744111                  0.03027068                  0.01026752                  0.01109590                  0.01138306 
                  0.02964169                  0.03268450                  0.01107143                  0.01196050                  0.01226887 
                  0.03200233                  0.03527267                  0.01193220                  0.01288588                  0.01321685 
                  0.03453329                  0.03804624                  0.01285335                  0.01387579                  0.01423081 
                  0.03724539                  0.04101687                  0.01383859                  0.01493415                  0.01531476 
                  0.04015001                  0.04419681                  0.01489179                  0.01606507                  0.01647288 
                  0.04325911                  0.04759894                  0.01601704                  0.01727286                  0.01770958 
                  0.04658529                  0.05123680                  0.01721862                  0.01856206                  0.01902948 
                  0.05014176                  0.05512460                  0.01850099                  0.01993739                  0.02043740 
                  0.05394238                  0.05927723                  0.01986887                  0.02140382                  0.02193839 
                  0.05800172                  0.06371029                  0.02132714                  0.02296652                  0.02353773 
                  0.06233501                  0.06844013                  0.02288095                  0.02463092                  0.02524094 
                  0.06695822                  0.07348385                  0.02453565                  0.02640265                  0.02705376 
                  0.07188806                  0.07885932                  0.02629684                  0.02828763                  0.02898221 
                  0.07714201                  0.08458523                  0.02817034                  0.03029199                  0.03103254 
                  0.08273830                  0.09068108                  0.03016226                  0.03242214                  0.03321127 
                  0.08869601                  0.09716722                  0.03227891                  0.03468474                  0.03552517 
                  0.09503500                  0.10406484                  0.03452690                  0.03708670                  0.03798128 
                  0.10177600                  0.11139601                  0.03691306                  0.03963524                  0.04058694 
                  0.10894060                  0.11918372                  0.03944452                  0.04233783                  0.04334973 
                  0.11655125                  0.12745187                  0.04212867                  0.04520221                  0.04627754 
                  0.12463130                  0.13622524                  0.04497318                  0.04823644                  0.04937853 
                  0.13320503                  0.14552963                  0.04798598                  0.05144881                  0.05266115 
                  0.14229764                  0.15539177                  0.05117529                  0.05484792                  0.05613413 
                  0.15193528                  0.16583934                  0.05454962                  0.05844267                  0.05980651 
                  0.16214500                  0.17690098                  0.05811777                  0.06224228                  0.06368764 
                  0.17295486                  0.18860638                  0.06188885                  0.06625623                  0.06778716 
                  0.18439384                  0.20098615                  0.06587222                  0.07049431                  0.07211499 
                  0.19649196                  0.21407194                  0.07007756                  0.07496660                  0.07668136 
                  0.20928021                  0.22789644                  0.07451483                  0.07968349                  0.08149679 
                  0.22279051                  0.24249329                  0.07919426                  0.08465564                  0.08657210 
                  0.23705587                  0.25789714                  0.08412642                  0.08989401                  0.09191839 
                  0.25211021                  0.27414370                  0.08932211                  0.09540986                  0.09754708 
                  0.26798847                  0.29126960                  0.09479246                  0.10121472                  0.10346986 
                  0.28472656                  0.30931252                  0.10054885                  0.10732043                  0.10969868 
                  0.30236134                  0.32831112                  0.10660294                  0.11373906                  0.11624579 
                  0.32093072                  0.34830499                  0.11296668                  0.12048301                  0.12312374 
                  0.34047347                  0.36933458                  0.11965226                  0.12756491                  0.13034526 
                  0.36102936                  0.39144138                  0.12667218                  0.13499762                  0.13792340 
                  0.38263902                  0.41466773                  0.13403912                  0.14279427                  0.14587148 
                  0.40534395                  0.43905690                  0.14176604                  0.15096825                  0.15420297 
                  0.42918661                  0.46465296                  0.14986615                  0.15953317                  0.16293162 
                  0.45421022                  0.49150082                  0.15835287                  0.16850287                  0.17207138 
                  0.48045883                  0.51964617                  0.16723979                  0.17789131                  0.18163642 
                  0.50797725                  0.54913533                  0.17654073                  0.18771273                  0.19164105 
                  0.53681105                  0.58001524                  0.18626969                  0.19798149                  0.20209977 
                  0.56700647                  0.61233383                  0.19644082                  0.20871213                  0.21302724 
                  0.59861034                  0.64613932                  0.20706844                  0.21991935                  0.22443825 
                  0.63167012                  0.68148059                  0.21816702                  0.23161788                  0.23634771 
                  0.66623378                  0.71840680                  0.22975111                  0.24382265                  0.24877062 
                  0.70234978                  0.75696772                  0.24183534                  0.25654861                  0.26172203 
                  0.74006712                  0.79721338                  0.25443447                  0.26981086                  0.27521709 
                  0.77943498                  0.83919400                  0.26756331                  0.28362438                  0.28927091 
                  0.82050276                  0.88296020                  0.28123668                  0.29800427                  0.30389866 
                  0.86332017                  0.92856240                  0.29546934                  0.31296557                  0.31911552 
                  0.90793711                  0.97605115                  0.31027618                  0.32852337                  0.33493650 
                  0.95440334                  1.02547717                  0.32567185                  0.34469256                  0.35137668 
                  1.00276875                  1.07689095                  0.34167111                  0.36148801                  0.36845091 
                  1.05308282                  1.13034225                  0.35828850                  0.37892452                  0.38617396 
                  1.10539508                  1.18588078                  0.37553856                  0.39701658                  0.40456045 
                  1.15975463                  1.24355614                  0.39343554                  0.41577867                  0.42362478 
                  1.21621025                  1.30341697                  0.41199353                  0.43522495                  0.44338113 
                  1.27481008                  1.36551118                  0.43122646                  0.45536932                  0.46384344 
                  1.33560145                  1.42988634                  0.45114797                  0.47622550                  0.48502535 
                  1.39863110                  1.49658859                  0.47177142                  0.49780673                  0.50694013 
                  1.46394503                  1.56566334                  0.49310976                  0.52012599                  0.52960074 
                  1.53158808                  1.63715506                  0.51517576                  0.54319590                  0.55301970 
                  1.60160398                  1.71110642                  0.53798169                  0.56702876                  0.57720917 
                  1.67403555                  1.78755915                  0.56153941                  0.59163612                  0.60218072 
                  1.74892378                  1.86655331                  0.58586031                  0.61702931                  0.62794554 
                  1.82630849                  1.94812739                  0.61095548                  0.64321905                  0.65451413 
                  1.90622783                  2.03231788                  0.63683510                  0.67021543                  0.68189669 
                  1.98871851                  2.11915970                  0.66350901                  0.69802797                  0.71010244 
                  2.07381487                  2.20868564                  0.69098651                  0.72666562                  0.73914027 
                  2.16154981                  2.30092621                  0.71927607                  0.75613648                  0.76901823 
                  2.25195360                  2.39591002                  0.74838567                  0.78644830                  0.79974359 
                  2.34505510                  2.49366260                  0.77832258                  0.81760764                  0.83132309 
                  2.44087982                  2.59420776                  0.80909318                  0.84962058                  0.86376238 
                  2.53945112                  2.69756579                  0.84070307                  0.88249236                  0.89706653 
                  2.64079046                  2.80375504                  0.87315720                  0.91622728                  0.93123966 
                  2.74491549                  2.91279078                  0.90645951                  0.95082879                  0.96628487 
                  2.85184169                  3.02468467                  0.94061321                  0.98629951                  1.00220466 
                  2.96158123                  3.13944554                  0.97562051                  1.02264094                  1.03900027 
                  3.07414341                  3.25707960                  1.01148272                  1.05985379                  1.07667208 
                  3.18953443                  3.37758875                  1.04820025                  1.09793782                  1.11521959 
                  3.30775690                  3.50097179                  1.08577240                  1.13689137                  1.15464103 
                  3.42881012                  3.62722492                  1.12419724                  1.17671227                  1.19493365 
                  3.55268979                  3.75633883                  1.16347241                  1.21739674                  1.23609364 
                  3.67938805                  3.88830161                  1.20359361                  1.25894034                  1.27811623 
                  3.80889368                  4.02309752                  1.24455595                  1.30133736                  1.32099533 
                  3.94119120                  4.16070700                  1.28635371                  1.34458089                  1.36472368 
                  4.07626200                  4.30110550                  1.32897961                  1.38866282                  1.40929282 
                  4.21408176                  4.44426537                  1.37242532                  1.43357420                  1.45469344 
                  4.35462427                  4.59015560                  1.41668141                  1.47930443                  1.50091457 
                  4.49785805                  4.73873949                  1.46173692                  1.52584207                  1.54794455 
                  4.64374781                  4.88997650                  1.50758040                  1.57317424                  1.59577012 
                  4.79225397                  5.04382229                  1.55419850                  1.62128711                  1.64437687 
                  4.94333267                  5.20022774                  1.60157704                  1.67016530                  1.69374943 
                  5.09693670                  5.35914040                  1.64970064                  1.71979260                  1.74387097 
                  5.25301266                  5.52050352                  1.69855273                  1.77015114                  1.79472363 
                  5.41150570                  5.68425465                  1.74811506                  1.82122231                  1.84628820 
                  5.57235432                  5.85032892                  1.79836893                  1.87298584                  1.89854443 
                  5.73549366                  6.01865530                  1.84929371                  1.92542076                  1.95147049 
                  5.90085411                  6.18916035                  1.90086830                  1.97850430                  2.00504398 
                  6.06836319                  6.36176586                  1.95306969                  2.03221345                  2.05924034 
                  6.23794317                  6.53638887                  2.00587463                  2.08652306                  2.11403513 
                  6.40951157                  6.71294260                  2.05925775                  2.14140725                  2.16940188 
                  6.58298349                  6.89133596                  2.11319304                  2.19683957                  2.22531319 
                  6.75826883                  7.07147598                  2.16765308                  2.25279117                  2.28174114 
                  6.93527365                  7.25326443                  2.22261024                  2.30923319                  2.33865595 
                  7.11390066                  7.43659782                  2.27803493                  2.36613560                  2.39602733 
                  7.29404926                  7.62137032                  2.33389688                  2.42346740                  2.45382357 
                  7.47561312                  7.80747414                  2.39016461                  2.48119593                  2.51201224 
                  7.65848398                  7.99479675                  2.44680619                  2.53928828                  2.57056046 
                  7.84255123                  8.18322086                  2.50378847                  2.59771109                  2.62943363 
                  8.02769852                  8.37262821                  2.56107712                  2.65642858                  2.68859673 
                  8.21380711                  8.56289864                  2.61863732                  2.71540570                  2.74801397 
                  8.40075684                  8.75390434                  2.67643332                  2.77460575                  2.80764866 
                  8.58842278                  8.94552135                  2.73442888                  2.83399177                  2.86746359 
                  8.77667713                  9.13761711                  2.79258657                  2.89352584                  2.92742085 
                  8.96539211                  9.33006191                  2.85086918                  2.95316911                  2.98748183 
                  9.15443420                  9.52271938                  2.90923762                  3.01288366                  3.04760718 
                  9.34367180                  9.71545410                  2.96765351                  3.07262897                  3.10775781 
                  9.53296852                  9.90812874                  3.02607703                  3.13236570                  3.16789317 
                  9.72218513                 10.10060501                  3.08446860                  3.19205332                  3.22797275 
                  9.91118336                 10.29273987                  3.14278793                  3.25165081                  3.28795576 
                 10.09982204                 10.48439217                  3.20099401                  3.31111741                  3.34780121 
                 10.28796101                 10.67542171                  3.25904679                  3.37041187                  3.40746784 
                 10.47545719                 10.86568260                  3.31690454                  3.42949295                  3.46691370 
                 10.66216660                 11.05503368                  3.37452650                  3.48831892                  3.52609777 
                 10.84794617                 11.24333000                  3.43187094                  3.54684830                  3.58497810 
                 11.03265285                 11.43042660                  3.48889732                  3.60503912                  3.64351344 
                 11.21614075                 11.61618233                  3.54556370                  3.66285014                  3.70166230 
                 11.39826679                 11.80045223                  3.60182881                  3.72023940                  3.75938320 
                 11.57888889                 11.98309231                  3.65765190                  3.77716637                  3.81663465 
                 11.75786209                 12.16396618                  3.71299267                  3.83359027                  3.87337589 
                 11.93504620                 12.34292984                  3.76780987                  3.88946986                  3.92956710 
                 12.11030006                 12.51984596                  3.82206392                  3.94476509                  3.98516726 
                 12.28348637                 12.69457531                  3.87571383                  3.99943614                  4.04013681 
                 12.45446587                 12.86698437                  3.92872167                  4.05344391                  4.09443665 
                 12.62310219                 13.03693962                  3.98104787                  4.10674858                  4.14802790 
                 12.78926182                 13.20430851                  4.03265476                  4.15931320                  4.20087290 
                 12.95281315                 13.36896324                  4.08350468                  4.21109962                  4.25293350 
                 13.11362743                 13.53077888                  4.13356066                  4.26207161                  4.30417299 
                 13.27157974                 13.68962955                  4.18278694                  4.31219196                  4.35455608 
                 13.42654419                 13.84539700                  4.23114729                  4.36142588                  4.40404797 
                 13.57840157                 13.99796391                  4.27860832                  4.40973949                  4.45261335 
                 13.72703457                 14.14721394                  4.32513571                  4.45709848                  4.50021887 
                 13.87232780                 14.29304028                  4.37069607                  4.50347042                  4.54683256 
                 14.01417255                 14.43533421                  4.41525793                  4.54882479                  4.59242296 
                 14.15246105                 14.57399464                  4.45879126                  4.59312963                  4.63696003 
                 14.28709126                 14.70892239                  4.50126648                  4.63635588                  4.68041372 
                 14.41796494                 14.84002209                  4.54265451                  4.67847586                  4.72275591 
                 14.54498577                 14.96720600                  4.58292818                  4.71946144                  4.76395988 
                 14.66806507                 15.09038544                  4.62206173                  4.75928736                  4.80399942 
                 14.78711700                 15.20948029                  4.66002989                  4.79792738                  4.84285021 
                 14.90206051                 15.32441521                  4.69680834                  4.83535957                  4.88048840 
                 15.01281738                 15.43511581                  4.73237467                  4.87156057                  4.91689205 
                 15.11931705                 15.54151535                  4.76670790                  4.90650940                  4.95203924 
                 15.22149372                 15.64354992                  4.79978752                  4.94018650                  4.98591137 
                 15.31928539                 15.74116230                  4.83159542                  4.97257328                  5.01848984 
                 15.41263199                 15.83430004                  4.86211443                  5.00365257                  5.04975748 
                 15.50148392                 15.92291451                  4.89132833                  5.03340816                  5.07969856 
                 15.58579350                 16.00696373                  4.91922331                  5.06182528                  5.10829878 
                 15.66551876                 16.08641052                  4.94578505                  5.08889198                  5.13554525 
                 15.74062252                 16.16121674                  4.97100163                  5.11459541                  5.16142559 
                 15.81107330                 16.23135948                  4.99486303                  5.13892555                  5.18592930 
                 15.87684250                 16.29681396                  5.01736069                  5.16187334                  5.20904875 
                 15.93791103                 16.35756302                  5.03848505                  5.18343163                  5.23077488 
                 15.99425983                 16.41359138                  5.05823088                  5.20359325                  5.25110245 
                 16.04587936                 16.46489143                  5.07659340                  5.22235346                  5.27002573 
                 16.09276199                 16.51145935                  5.09356785                  5.23970890                  5.28754139 
                 16.13490486                 16.55329704                  5.10915184                  5.25565720                  5.30364656 
                 16.17231369                 16.59041023                  5.12334538                  5.27019691                  5.31834078 
                 16.20499611                 16.62280846                  5.13614845                  5.28332758                  5.33162451 
                 16.23296356                 16.65050888                  5.14756155                  5.29505253                  5.34349871 
                 16.25623322                 16.67352676                  5.15758801                  5.30537367                  5.35396624 
                 16.27482796                 16.69188690                  5.16623259                  5.31429482                  5.36303139 
                 16.28877640                 16.70561981                  5.17349958                  5.32182121                  5.37069893 
                 16.29810524                 16.71475601                  5.17939663                  5.32795954                  5.37697506 
                 16.30285263                 16.71933365                  5.18393087                  5.33271742                  5.38186741 
                 16.30305672                 16.71939087                  5.18711090                  5.33610344                  5.38538456 
                 16.29875946                 16.71497536                  5.18894577                  5.33812809                  5.38753653 
                 16.29001045                 16.70613098                  5.18944883                  5.33880043                  5.38833427 
                 16.27685738                 16.69291115                  5.18863010                  5.33813286                  5.38778925 
                 16.25935555                 16.67536926                  5.18650246                  5.33613968                  5.38591433 
                 16.23756409                 16.65356445                  5.18308115                  5.33283377                  5.38272285 
                 16.21154404                 16.62755585                  5.17838097                  5.32823086                  5.37823009 
                 16.18135834                 16.59740829                  5.17241716                  5.32234621                  5.37245131 
                 16.14707375                 16.56318665                  5.16520786                  5.31519604                  5.36540318 
                 16.10876465                 16.52496338                  5.15676928                  5.30679798                  5.35710287 
                 16.06649971                 16.48281097                  5.14712048                  5.29717064                  5.34756851 
                 16.02035713                 16.43680191                  5.13627958                  5.28633261                  5.33681917 
                 15.97041321                 16.38701439                  5.12426758                  5.27430391                  5.32487440 
                 15.91674900                 16.33352470                  5.11110497                  5.26110506                  5.31175375 
                 15.85944653                 16.27641678                  5.09681273                  5.24675703                  5.29747820 
                 15.79858971                 16.21577263                  5.08141327                  5.23128128                  5.28207016 
                 15.73426533                 16.15167618                  5.06492853                  5.21469975                  5.26555157 
                 15.66656017                 16.08421135                  5.04738045                  5.19703627                  5.24794436 
                 15.59556293                 16.01346207                  5.02879333                  5.17831326                  5.22927189 
                 15.52136517                 15.93952179                  5.00919104                  5.15855455                  5.20955706 
                 15.44405651                 15.86247921                  4.98859692                  5.13778496                  5.18882513 
                 15.36373138                 15.78242397                  4.96703720                  5.11602831                  5.16709948 
                 15.28048134                 15.69944572                  4.94453573                  5.09330893                  5.14440489 
                 15.19440079                 15.61363697                  4.92111826                  5.06965256                  5.12076664 
                 15.10558510                 15.52508831                  4.89680958                  5.04508448                  5.09621000 
                 15.01412868                 15.43389320                  4.87163591                  5.01963043                  5.07076025 
                 14.92012691                 15.34014511                  4.84562349                  4.99331570                  5.04444313 
                 14.82367516                 15.24393368                  4.81879807                  4.96616745                  5.01728392 
                 14.72486782                 15.14535522                  4.79118490                  4.93821049                  4.98930979 
                 14.62380028                 15.04449940                  4.76281118                  4.90947199                  4.96054602 
                 14.52056885                 14.94145870                  4.73370314                  4.87997818                  4.93101883 
                 14.41526699                 14.83632660                  4.70388746                  4.84975481                  4.90075493 
                 14.30799007                 14.72919464                  4.67338896                  4.81882954                  4.86977959 
                 14.19883060                 14.62015343                  4.64223528                  4.78722715                  4.83811998 
                 14.08788109                 14.50929260                  4.61045218                  4.75497389                  4.80580235 
                 13.97523499                 14.39670277                  4.57806587                  4.72209644                  4.77285194 
                 13.86098289                 14.28247261                  4.54510069                  4.68862152                  4.73929501 
                 13.74521542                 14.16668892                  4.51158476                  4.65457392                  4.70515776 
                 13.62802124                 14.04944038                  4.47754240                  4.61997986                  4.67046595 
                 13.50949001                 13.93081188                  4.44299936                  4.58486509                  4.63524532 
                 13.38970852                 13.81088829                  4.40798140                  4.54925442                  4.59952068 
                 13.26876163                 13.68975258                  4.37251282                  4.51317310                  4.56331778 
                 13.14673328                 13.56748962                  4.33661842                  4.47664738                  4.52666092 
                 13.02370739                 13.44417763                  4.30032253                  4.43970060                  4.48957539 
                 12.89976597                 13.31989765                  4.26364899                  4.40235710                  4.45208454 
                 12.77498817                 13.19472790                  4.22662258                  4.36464167                  4.41421318 
                 12.64945316                 13.06874371                  4.18926573                  4.32657766                  4.37598515 
                 12.52323723                 12.94202328                  4.15160179                  4.28818798                  4.33742380 
                 12.39641476                 12.81463909                  4.11365414                  4.24949646                  4.29855204 
                 12.26906109                 12.68666267                  4.07544470                  4.21052599                  4.25939322 
                 12.14124680                 12.55816650                  4.03699541                  4.17129803                  4.21996927 
                 12.01304340                 12.42921734                  3.99832773                  4.13183546                  4.18030262 
                 11.88451862                 12.29988384                  3.95946312                  4.09215832                  4.14041471 
                 11.75573921                 12.17023373                  3.92042255                  4.05228996                  4.10032654 
                 11.62677097                 12.04032803                  3.88122559                  4.01224947                  4.06005859 
                 11.49767494                 11.91023064                  3.84189272                  3.97205758                  4.01963234 
                 11.36851501                 11.78000164                  3.80244327                  3.93173456                  3.97906709 
                 11.23934841                 11.64970112                  3.76289630                  3.89129949                  3.93838310 
                 11.11023331                 11.51938629                  3.72327042                  3.85077143                  3.89759922 
                 10.98122692                 11.38911152                  3.68358374                  3.81016946                  3.85673404 
                 10.85238171                 11.25893307                  3.64385414                  3.76951098                  3.81580544 
                 10.72375107                 11.12890053                  3.60409832                  3.72881389                  3.77483153 
                 10.59538460                 10.99906731                  3.56433344                  3.68809557                  3.73383021 
                 10.46733189                 10.86948109                  3.52457571                  3.64737225                  3.69281816 
                 10.33963966                 10.74018860                  3.48484087                  3.60666108                  3.65181184 
                 10.21235180                 10.61123657                  3.44514441                  3.56597757                  3.61082721 
                 10.08551216                 10.48266792                  3.40550089                  3.52533698                  3.56987977 
                  9.95916462                 10.35452652                  3.36592531                  3.48475432                  3.52898479 
                  9.83334637                 10.22685146                  3.32643080                  3.44424415                  3.48815703 
                  9.70809841                 10.09968281                  3.28703165                  3.40382028                  3.44741082 
                  9.58345604                  9.97305870                  3.24774075                  3.36349630                  3.40675950 
                  9.45945263                  9.84701538                  3.20857048                  3.32328558                  3.36621666 
                  9.33612442                  9.72158623                  3.16953301                  3.28320074                  3.32579470 
                  9.21350193                  9.59680557                  3.13064027                  3.24325418                  3.28550673 
                  9.09161758                  9.47270489                  3.09190345                  3.20345736                  3.24536419 
                  8.97049904                  9.34931469                  3.05333376                  3.16382170                  3.20537901 
                  8.85017300                  9.22666168                  3.01494122                  3.12435842                  3.16556239 
                  8.73066616                  9.10477543                  2.97673655                  3.08507729                  3.12592459 
                  8.61200333                  8.98367977                  2.93872833                  3.04598927                  3.08647633 
                  8.49420738                  8.86340141                  2.90092635                  3.00710368                  3.04722762 
                  8.37729931                  8.74396420                  2.86333942                  2.96842957                  3.00818777 
                  8.26130104                  8.62539101                  2.82597566                  2.92997646                  2.96936560 
                  8.14623165                  8.50769997                  2.78884315                  2.89175224                  2.93076992 
                  8.03210831                  8.39091110                  2.75194979                  2.85376501                  2.89240909 
                  7.91894865                  8.27504444                  2.71530247                  2.81602263                  2.85429096 
                  7.80676842                  8.16011620                  2.67890835                  2.77853227                  2.81642342 
                  7.69558144                  8.04614258                  2.64277434                  2.74130130                  2.77881336 
                  7.58540249                  7.93313980                  2.60690618                  2.70433593                  2.74146748 
                  7.47624302                  7.82112169                  2.57131004                  2.66764235                  2.70439243 
                  7.36811399                  7.71010113                  2.53599048                  2.63122725                  2.66759419 
                  7.26102686                  7.60009003                  2.50095344                  2.59509587                  2.63107824 
                  7.15499020                  7.49109936                  2.46620345                  2.55925322                  2.59485030 
                  7.05001259                  7.38313961                  2.43174553                  2.52370429                  2.55891562 
                  6.94610071                  7.27622032                  2.39758372                  2.48845363                  2.52327871 
                  6.84326220                  7.17034960                  2.36372185                  2.45350575                  2.48794436 
                  6.74150229                  7.06553411                  2.33016396                  2.41886449                  2.45291662 
                  6.64082623                  6.96178150                  2.29691267                  2.38453364                  2.41819930 
                  6.54123831                  6.85909653                  2.26397181                  2.35051656                  2.38379598 
                  6.44274139                  6.75748587                  2.23134398                  2.31681633                  2.34970975 
                  6.34533882                  6.65695333                  2.19903159                  2.28343606                  2.31594419 
                  6.24903202                  6.55750179                  2.16703749                  2.25037837                  2.28250170 
                  6.15382290                  6.45913553                  2.13536310                  2.21764541                  2.24938488 
                  6.05971146                  6.36185551                  2.10401058                  2.18523932                  2.21659613 
                  5.96669769                  6.26566410                  2.07298160                  2.15316224                  2.18413711 
                  5.87478161                  6.17056179                  2.04227781                  2.12141585                  2.15200996 
                  5.78396177                  6.07654953                  2.01189995                  2.09000158                  2.12021613 
                  5.69423723                  5.98362684                  1.98184896                  2.05892038                  2.08875704 
                  5.60560513                  5.89179325                  1.95212591                  2.02817345                  2.05763364 
                  5.51806355                  5.80104733                  1.92273140                  1.99776185                  2.02684712 
                  5.43160868                  5.71138763                  1.89366603                  1.96768606                  1.99639809 
                  5.34623718                  5.62281179                  1.86492968                  1.93794620                  1.96628702 
                  5.26194525                  5.53531742                  1.83652246                  1.90854323                  1.93651450 
                  5.17872810                  5.44890165                  1.80844450                  1.87947655                  1.90708041 
                  5.09658146                  5.36355972                  1.78069544                  1.85074627                  1.87798512 
                  5.01549959                  5.27928925                  1.75327468                  1.82235241                  1.84922814 
                  4.93547678                  5.19608498                  1.72618222                  1.79429412                  1.82080936 
                  4.85650826                  5.11394310                  1.69941700                  1.76657116                  1.79272819 
                  4.77858734                  5.03285789                  1.67297804                  1.73918283                  1.76498401 
                  4.70170736                  4.95282459                  1.64686489                  1.71212804                  1.73757625 
                  4.62586212                  4.87383699                  1.62107587                  1.68540621                  1.71050382 
                  4.55104446                  4.79589033                  1.59561026                  1.65901601                  1.68376577 
                  4.47724771                  4.71897697                  1.57046664                  1.63295650                  1.65736079 
                  4.40446424                  4.64309072                  1.54564357                  1.60722601                  1.63128805 
                  4.33268642                  4.56822538                  1.52113950                  1.58182335                  1.60554588 
                  4.26190615                  4.49437332                  1.49695301                  1.55674672                  1.58013272 
                  4.19211578                  4.42152786                  1.47308230                  1.53199494                  1.55504715 
                  4.12330627                  4.34968185                  1.44952524                  1.50756609                  1.53028750 
                  4.05547047                  4.27882767                  1.42628026                  1.48345828                  1.50585175 
                  3.98859954                  4.20895672                  1.40334547                  1.45966971                  1.48173833 
                  3.92268491                  4.14006186                  1.38071895                  1.43619823                  1.45794511 
                  3.85771775                  4.07213449                  1.35839832                  1.41304207                  1.43447030 
                  3.79368925                  4.00516653                  1.33638179                  1.39019883                  1.41131163 
                  3.73059058                  3.93915009                  1.31466699                  1.36766648                  1.38846684 
                  3.66841245                  3.87407637                  1.29325140                  1.34544265                  1.36593401 
                  3.60714579                  3.80993652                  1.27213299                  1.32352507                  1.34371054 
                  3.54678130                  3.74672270                  1.25130904                  1.30191147                  1.32179427 
                  3.48730993                  3.68442535                  1.23077726                  1.28059924                  1.30018282 
                  3.42872238                  3.62303543                  1.21053529                  1.25958622                  1.27887356 
                  3.37100935                  3.56254435                  1.19058084                  1.23886943                  1.25786400 
                  3.31416130                  3.50294304                  1.17091107                  1.21844661                  1.23715162 
                  3.25816894                  3.44422221                  1.15152335                  1.19831514                  1.21673381 
                  3.20302248                  3.38637257                  1.13241529                  1.17847228                  1.19660783 
                  3.14871287                  3.32938528                  1.11358404                  1.15891552                  1.17677128 
                  3.09523034                  3.27325106                  1.09502697                  1.13964200                  1.15722132 
                  3.04256511                  3.21796083                  1.07674146                  1.12064898                  1.13795531 
                  2.99070835                  3.16350484                  1.05872464                  1.10193384                  1.11897027 
                  2.93965006                  3.10987377                  1.04097390                  1.08349383                  1.10026348 
                  2.88938069                  3.05705857                  1.02348650                  1.06532598                  1.08183241 
                  2.83989096                  3.00504994                  1.00625956                  1.04742765                  1.06367397 
                  2.79117131                  2.95383811                  0.98929024                  1.02979589                  1.04578543 
                  2.74321222                  2.90341401                  0.97257590                  1.01242793                  1.02816391 
                  2.69600439                  2.85376859                  0.95611382                  0.99532080                  1.01080656 
                  2.64953804                  2.80489182                  0.93990111                  0.97847182                  0.99371046 
                  2.60380435                  2.75677490                  0.92393482                  0.96187794                  0.97687268 
                  2.55879354                  2.70940876                  0.90821224                  0.94553649                  0.96029043 
                  2.51449656                  2.66278362                  0.89273071                  0.92944431                  0.94396079 
                  2.47090387                  2.61689043                  0.87748718                  0.91359878                  0.92788088 
                  2.42800665                  2.57171965                  0.86247891                  0.89799690                  0.91204774 
                  2.38579559                  2.52726245                  0.84770298                  0.88263577                  0.89645845 
                  2.34426165                  2.48350954                  0.83315676                  0.86751258                  0.88111025 
                  2.30339575                  2.44045210                  0.81883746                  0.85262442                  0.86600024 
                  2.26318884                  2.39808130                  0.80474216                  0.83796835                  0.85112536 
                  2.22363210                  2.35638738                  0.79086810                  0.82354170                  0.83648288 
                  2.18471670                  2.31536222                  0.77721250                  0.80934155                  0.82206988 
                  2.14643359                  2.27499628                  0.76377261                  0.79536498                  0.80788350 
                  2.10877419                  2.23528075                  0.75054574                  0.78160924                  0.79392087 
                  2.07172990                  2.19620705                  0.73752904                  0.76807141                  0.78017914 
                  2.03529191                  2.15776634                  0.72471970                  0.75474882                  0.76665550 
                  1.99945199                  2.11995006                  0.71211523                  0.74163854                  0.75334716 
                  1.96420157                  2.08274984                  0.69971281                  0.72873783                  0.74025130 
                  1.92953217                  2.04615688                  0.68750978                  0.71604395                  0.72736502 
                  1.89543557                  2.01016259                  0.67550343                  0.70355421                  0.71468562 
                  1.86190343                  1.97475874                  0.66369110                  0.69126582                  0.70221037 
                  1.82892787                  1.93993711                  0.65207028                  0.67917603                  0.68993652 
                  1.79650056                  1.90568924                  0.64063829                  0.66728216                  0.67786133 
                  1.76461363                  1.87200713                  0.62939245                  0.65558165                  0.66598207 
                  1.73325920                  1.83888257                  0.61833018                  0.64407164                  0.65429610 
                  1.70242941                  1.80630755                  0.60744900                  0.63274974                  0.64280069 
                  1.67211628                  1.77427423                  0.59674633                  0.62161309                  0.63149333 
                  1.64231241                  1.74277449                  0.58621979                  0.61065912                  0.62037134 
                  1.61300993                  1.71180081                  0.57586658                  0.59988540                  0.60943210 
                  1.58420146                  1.68134522                  0.56568456                  0.58928925                  0.59867299 
                  1.55587983                  1.65140009                  0.55567104                  0.57886827                  0.58809143 
                  1.52803755                  1.62195766                  0.54582369                  0.56861985                  0.57768494 
                  1.50066721                  1.59301078                  0.53614014                  0.55854154                  0.56745100 
                  1.47376168                  1.56455207                  0.52661800                  0.54863089                  0.55738711 
                  1.44731379                  1.53657401                  0.51725483                  0.53888535                  0.54749078 
                  1.42131662                  1.50906944                  0.50804842                  0.52930260                  0.53775966 
                  1.39576316                  1.48203111                  0.49899638                  0.51988024                  0.52819121 
                  1.37064660                  1.45545185                  0.49009642                  0.51061594                  0.51878309 
                  1.34596014                  1.42932487                  0.48134631                  0.50150728                  0.50953299 
                  1.32169735                  1.40364301                  0.47274381                  0.49255195                  0.50043845 
                  1.29785132                  1.37839961                  0.46428663                  0.48374775                  0.49149722 
                  1.27441561                  1.35358799                  0.45597267                  0.47509232                  0.48270693 
                  1.25138366                  1.32920134                  0.44779968                  0.46658349                  0.47406536 
                  1.22874928                  1.30523312                  0.43976551                  0.45821899                  0.46557021 
                  1.20650613                  1.28167677                  0.43186811                  0.44999662                  0.45721933 
                  1.18464792                  1.25852573                  0.42410535                  0.44191423                  0.44901049 
                  1.16316867                  1.23577368                  0.41647518                  0.43396962                  0.44094154 
                  1.14206243                  1.21341431                  0.40897551                  0.42616069                  0.43301031 
                  1.12132287                  1.19144154                  0.40160432                  0.41848543                  0.42521465 
                  1.10094440                  1.16984928                  0.39435968                  0.41094172                  0.41755253 
                  1.08092105                  1.14863133                  0.38723958                  0.40352753                  0.41002181 
                  1.06124723                  1.12778175                  0.38024205                  0.39624080                  0.40262049 
                  1.04191720                  1.10729480                  0.37336519                  0.38907954                  0.39534655 
                  1.02292550                  1.08716452                  0.36660710                  0.38204181                  0.38819796 
                  1.00426650                  1.06738508                  0.35996589                  0.37512562                  0.38117278 
                  0.98593491                  1.04795122                  0.35343969                  0.36832905                  0.37426907 
                  0.96792537                  1.02885687                  0.34702671                  0.36165023                  0.36748484 
                  0.95023251                  1.01009679                  0.34072512                  0.35508734                  0.36081827 
                  0.93285120                  0.99166554                  0.33453318                  0.34863842                  0.35426742 
                  0.91577631                  0.97355777                  0.32844907                  0.34230173                  0.34783047 
                  0.89900279                  0.95576811                  0.32247108                  0.33607545                  0.34150562 
                  0.88252568                  0.93829143                  0.31659755                  0.32995778                  0.33529106 
                  0.86633998                  0.92112261                  0.31082675                  0.32394701                  0.32918498 
                  0.85044092                  0.90425664                  0.30515701                  0.31804135                  0.32318565 
                  0.83482385                  0.88768834                  0.29958665                  0.31223917                  0.31729138 
                  0.81948388                  0.87141293                  0.29411408                  0.30653876                  0.31150043 
                  0.80441648                  0.85542560                  0.28873777                  0.30093840                  0.30581111 
                  0.78961706                  0.83972144                  0.28345606                  0.29543653                  0.30022177 
                  0.77508116                  0.82429588                  0.27826741                  0.29003152                  0.29473075 
                  0.76080436                  0.80914414                  0.27317035                  0.28472179                  0.28933647 
                  0.74678224                  0.79426169                  0.26816326                  0.27950570                  0.28403735 
                  0.73301053                  0.77964401                  0.26324475                  0.27438185                  0.27883181 
                  0.71948510                  0.76528674                  0.25841331                  0.26934859                  0.27371827 
                  0.70620167                  0.75118548                  0.25366750                  0.26440451                  0.26869527 
                  0.69315618                  0.73733586                  0.24900588                  0.25954801                  0.26376125 
                  0.68034458                  0.72373366                  0.24442711                  0.25477773                  0.25891477 
                  0.66776282                  0.71037477                  0.23992974                  0.25009218                  0.25415435 
                  0.65540707                  0.69725502                  0.23551245                  0.24548998                  0.24947858 
                  0.64327353                  0.68437034                  0.23117384                  0.24096970                  0.24488601 
                  0.63135827                  0.67171675                  0.22691265                  0.23652999                  0.24037524 
                  0.61965764                  0.65929031                  0.22272755                  0.23216948                  0.23594490 
                  0.60816795                  0.64708716                  0.21861726                  0.22788687                  0.23159365 
                  0.59688550                  0.63510346                  0.21458052                  0.22368084                  0.22732018 
                  0.58580679                  0.62333560                  0.21061607                  0.21955007                  0.22312316 
                  0.57492834                  0.61177969                  0.20672268                  0.21549329                  0.21900128 
                  0.56424665                  0.60043222                  0.20289917                  0.21150923                  0.21495327 
                  0.55375832                  0.58928955                  0.19914433                  0.20759667                  0.21097790 
                  0.54346001                  0.57834810                  0.19545698                  0.20375441                  0.20707390 
                  0.53334838                  0.56760454                  0.19183597                  0.19998123                  0.20324005 
                  0.52342021                  0.55705535                  0.18828018                  0.19627598                  0.19947518 
                  0.51367235                  0.54669720                  0.18478850                  0.19263744                  0.19577810 
                  0.50410169                  0.53652674                  0.18135983                  0.18906450                  0.19214766 
                  0.49470505                  0.52654088                  0.17799306                  0.18555602                  0.18858269 
                  0.48547944                  0.51673627                  0.17468710                  0.18211094                  0.18508211 
                  0.47642186                  0.50710970                  0.17144096                  0.17872810                  0.18164478 
                  0.46752939                  0.49765813                  0.16825360                  0.17540647                  0.17826961 
                  0.45879912                  0.48837855                  0.16512397                  0.17214498                  0.17495552 
                  0.45022821                  0.47926793                  0.16205110                  0.16894259                  0.17170146 
                  0.44181389                  0.47032332                  0.15903397                  0.16579828                  0.16850640 
                  0.43355334                  0.46154183                  0.15607165                  0.16271102                  0.16536932 
                  0.42544389                  0.45292062                  0.15316316                  0.15967984                  0.16228919 
                  0.41748288                  0.44445685                  0.15030760                  0.15670379                  0.15926501 
                  0.40966770                  0.43614769                  0.14750396                  0.15378185                  0.15629585 
                  0.40199572                  0.42799050                  0.14475143                  0.15091312                  0.15338072 
                  0.39446446                  0.41998255                  0.14204907                  0.14809667                  0.15051869 
                  0.38707146                  0.41212127                  0.13939601                  0.14533158                  0.14770882 
                  0.37981418                  0.40440404                  0.13679138                  0.14261691                  0.14495021 
                  0.37269026                  0.39682829                  0.13423432                  0.13995181                  0.14224194 
                  0.36569732                  0.38939157                  0.13172403                  0.13733540                  0.13958316 
                  0.35883304                  0.38209137                  0.12925968                  0.13476686                  0.13697298 
                  0.35209513                  0.37492529                  0.12684043                  0.13224529                  0.13441055 
                  0.34548131                  0.36789092                  0.12446549                  0.12976989                  0.13189501 
                  0.33898938                  0.36098593                  0.12213410                  0.12733984                  0.12942556 
                  0.33261716                  0.35420805                  0.11984545                  0.12495434                  0.12700136 
                  0.32636255                  0.34755501                  0.11759882                  0.12261263                  0.12462162 
                  0.32022345                  0.34102452                  0.11539347                  0.12031388                  0.12228557 
                  0.31419772                  0.33461449                  0.11322864                  0.11805736                  0.11999241 
                  0.30828339                  0.32832268                  0.11110362                  0.11584231                  0.11774139 
                  0.30247843                  0.32214701                  0.10901770                  0.11366801                  0.11553176 
                  0.29678085                  0.31608543                  0.10697020                  0.11153373                  0.11336278 
                  0.29118878                  0.31013584                  0.10496041                  0.10943875                  0.11123374 
                  0.28570029                  0.30429623                  0.10298767                  0.10738237                  0.10914393 
                  0.28031349                  0.29856467                  0.10105132                  0.10536391                  0.10709263 
                  0.27502659                  0.29293922                  0.09915069                  0.10338268                  0.10507917 
                  0.26983774                  0.28741795                  0.09728518                  0.10143803                  0.10310286 
                  0.26474521                  0.28199896                  0.09545412                  0.09952928                  0.10116304 
                  0.25974727                  0.27668047                  0.09365692                  0.09765581                  0.09925907 
                  0.25484219                  0.27146062                  0.09189296                  0.09581698                  0.09739029 
                  0.25002828                  0.26633763                  0.09016164                  0.09401217                  0.09555607 
                  0.24530388                  0.26130980                  0.08846239                  0.09224077                  0.09375580 
                  0.24066740                  0.25637537                  0.08679461                  0.09050217                  0.09198886 
                  0.23611723                  0.25153261                  0.08515775                  0.08879578                  0.09025465 
                  0.23165180                  0.24677992                  0.08355126                  0.08712104                  0.08855258 
                  0.22726957                  0.24211566                  0.08197457                  0.08547736                  0.08688208 
                  0.22296903                  0.23753822                  0.08042715                  0.08386417                  0.08524258 
                  0.21874869                  0.23304601                  0.07890848                  0.08228094                  0.08363351 
                  0.21460707                  0.22863750                  0.07741802                  0.08072713                  0.08205434 
                  0.21054277                  0.22431117                  0.07595527                  0.07920219                  0.08050451 
                  0.20655435                  0.22006549                  0.07451974                  0.07770561                  0.07898349 
                  0.20264046                  0.21589902                  0.07311092                  0.07623687                  0.07749076 
                  0.19879971                  0.21181031                  0.07172833                  0.07479547                  0.07602581 
                  0.19503076                  0.20779796                  0.07037149                  0.07338090                  0.07458814 
                  0.19133231                  0.20386057                  0.06903994                  0.07199270                  0.07317724 
                  0.18770306                  0.19999674                  0.06773322                  0.07063036                  0.07179264 
                  0.18414176                  0.19620514                  0.06645089                  0.06929344                  0.07043386 
                  0.18064715                  0.19248447                  0.06519248                  0.06798145                  0.06910041 
                  0.17721801                  0.18883342                  0.06395756                  0.06669395                  0.06779185 
                  0.17385314                  0.18525071                  0.06274571                  0.06543050                  0.06650772 
                  0.17055137                  0.18173507                  0.06155651                  0.06419064                  0.06524757 
                  0.16731152                  0.17828532                  0.06038954                  0.06297395                  0.06401098 
                  0.16413246                  0.17490020                  0.05924439                  0.06178001                  0.06279749 
                  0.16101307                  0.17157856                  0.05812066                  0.06060840                  0.06160669 
                  0.15795223                  0.16831921                  0.05701797                  0.05945871                  0.06043818 
                  0.15494892                  0.16512100                  0.05593593                  0.05833054                  0.05929153 
                  0.15200205                  0.16198282                  0.05487415                  0.05722351                  0.05816635 
                  0.14911057                  0.15890357                  0.05383227                  0.05613721                  0.05706225 
                  0.14627346                  0.15588215                  0.05280993                  0.05507127                  0.05597885 
                  0.14348972                  0.15291750                  0.05180676                  0.05402531                  0.05491574 
                  0.14075837                  0.15000859                  0.05082240                  0.05299897                  0.05387258 
                  0.13807841                  0.14715439                  0.04985652                  0.05199189                  0.05284899 
                  0.13544893                  0.14435387                  0.04890878                  0.05100372                  0.05184460 
                  0.13286898                  0.14160605                  0.04797883                  0.05003410                  0.05085908 
                  0.13033764                  0.13890994                  0.04706636                  0.04908269                  0.04989206 
                  0.12785402                  0.13626461                  0.04617104                  0.04814916                  0.04894321 
                  0.12541722                  0.13366908                  0.04529256                  0.04723317                  0.04801220 
                  0.12302638                  0.13112247                  0.04443060                  0.04633441                  0.04709870 
                  0.12068065                  0.12862386                  0.04358485                  0.04545256                  0.04620237 
                  0.11837918                  0.12617235                  0.04275503                  0.04458731                  0.04532291 
                  0.11612116                  0.12376709                  0.04194083                  0.04373834                  0.04446000 
                  0.11390578                  0.12140720                  0.04114196                  0.04290535                  0.04361334 
                  0.11173224                  0.11909185                  0.04035814                  0.04208806                  0.04278262 
                  0.10959978                  0.11682020                  0.03958910                  0.04128616                  0.04196755 
                  0.10750763                  0.11459146                  0.03883456                  0.04049939                  0.04116785 
                  0.10545503                  0.11240482                  0.03809424                  0.03972745                  0.04038322 
                  0.10344125                  0.11025950                  0.03736790                  0.03897007                  0.03961339 
                  0.10146556                  0.10815472                  0.03665526                  0.03822698                  0.03885808 
                  0.09952725                  0.10608973                  0.03595607                  0.03749791                  0.03811703 
                  0.09762564                  0.10406379                  0.03527009                  0.03678261                  0.03738996 
                  0.09576003                  0.10207619                  0.03459706                  0.03608081                  0.03667662 
                  0.09392975                  0.10012619                  0.03393675                  0.03539228                  0.03597676 
                  0.09213414                  0.09821311                  0.03328892                  0.03471675                  0.03529012 
                  0.09037255                  0.09633625                  0.03265334                  0.03405399                  0.03461646 
                  0.08864436                  0.09449492                  0.03202978                  0.03340376                  0.03395554 
                  0.08694894                  0.09268849                  0.03141801                  0.03276583                  0.03330712 
                  0.08528566                  0.09091628                  0.03081782                  0.03213997                  0.03267096 
                  0.08365393                  0.08917766                  0.03022899                  0.03152595                  0.03204683 
                  0.08205317                  0.08747201                  0.02965131                  0.03092355                  0.03143452 
                  0.08048277                  0.08579870                  0.02908457                  0.03033257                  0.03083381 
                  0.07894219                  0.08415712                  0.02852857                  0.02975277                  0.03024446 
                  0.07743087                  0.08254670                  0.02798310                  0.02918396                  0.02966629 
