                  0.00000237                  0.00000237                  0.00000237                  0.00000237                  0.00000018                  0.00000018                  0.00000018                  0.00000018                  0.00000018                  0.00000018 
                  0.00000464                  0.00000464                  0.00000035                  0.00000035                  0.00000035 
                  0.00000685                  0.00000691                  0.00000047                  0.00000052                  0.00000052 
                  0.00000905                  0.00000920                  0.00000058                  0.00000067                  0.00000070 
                  0.00001128                  0.00001155                  0.00000070                  0.00000082                  0.00000087 
                  0.00001357                  0.00001398                  0.00000082                  0.00000097                  0.00000102 
                  0.00001596                  0.00001652                  0.00000095                  0.00000111                  0.00000117 
                  0.00001849                  0.00001922                  0.00000108                  0.00000127                  0.00000134 
                  0.00002118                  0.00002205                  0.00000126                  0.00000143                  0.00000151 
                  0.00002406                  0.00002507                  0.00000144                  0.00000164                  0.00000170 
                  0.00002719                  0.00002834                  0.00000162                  0.00000186                  0.00000193 
                  0.00003058                  0.00003188                  0.00000183                  0.00000208                  0.00000219 
                  0.00003427                  0.00003575                  0.00000205                  0.00000234                  0.00000245 
                  0.00003832                  0.00003997                  0.00000230                  0.00000262                  0.00000275 
                  0.00004275                  0.00004460                  0.00000256                  0.00000293                  0.00000307 
                  0.00004760                  0.00004967                  0.00000286                  0.00000327                  0.00000342 
                  0.00005294                  0.00005525                  0.00000318                  0.00000363                  0.00000380 
                  0.00005880                  0.00006137                  0.00000353                  0.00000404                  0.00000422 
                  0.00006524                  0.00006810                  0.00000392                  0.00000448                  0.00000468 
                  0.00007232                  0.00007550                  0.00000435                  0.00000497                  0.00000519 
                  0.00008010                  0.00008363                  0.00000482                  0.00000551                  0.00000575 
                  0.00008865                  0.00009257                  0.00000533                  0.00000609                  0.00000637 
                  0.00009804                  0.00010238                  0.00000590                  0.00000674                  0.00000704 
                  0.00010836                  0.00011316                  0.00000652                  0.00000745                  0.00000778 
                  0.00011968                  0.00012499                  0.00000720                  0.00000823                  0.00000860 
                  0.00013210                  0.00013798                  0.00000795                  0.00000908                  0.00000949 
                  0.00014572                  0.00015222                  0.00000877                  0.00001002                  0.00001047 
                  0.00016066                  0.00016782                  0.00000967                  0.00001105                  0.00001154 
                  0.00017702                  0.00018493                  0.00001066                  0.00001217                  0.00001271 
                  0.00019493                  0.00020365                  0.00001174                  0.00001340                  0.00001400 
                  0.00021454                  0.00022415                  0.00001292                  0.00001475                  0.00001541 
                  0.00023598                  0.00024657                  0.00001421                  0.00001622                  0.00001695 
                  0.00025942                  0.00027108                  0.00001562                  0.00001783                  0.00001863 
                  0.00028503                  0.00029786                  0.00001717                  0.00001959                  0.00002047 
                  0.00031300                  0.00032710                  0.00001885                  0.00002152                  0.00002247 
                  0.00034352                  0.00035901                  0.00002069                  0.00002361                  0.00002466 
                  0.00037680                  0.00039382                  0.00002269                  0.00002590                  0.00002705 
                  0.00041308                  0.00043176                  0.00002488                  0.00002839                  0.00002965 
                  0.00045261                  0.00047310                  0.00002726                  0.00003111                  0.00003249 
                  0.00049564                  0.00051811                  0.00002986                  0.00003407                  0.00003558 
                  0.00054247                  0.00056709                  0.00003268                  0.00003728                  0.00003894 
                  0.00059339                  0.00062036                  0.00003575                  0.00004078                  0.00004259 
                  0.00064874                  0.00067826                  0.00003908                  0.00004458                  0.00004656 
                  0.00070886                  0.00074115                  0.00004271                  0.00004871                  0.00005087 
                  0.00077412                  0.00080943                  0.00004664                  0.00005319                  0.00005555 
                  0.00084493                  0.00088351                  0.00005091                  0.00005806                  0.00006063 
                  0.00092170                  0.00096384                  0.00005554                  0.00006333                  0.00006614 
                  0.00100490                  0.00105090                  0.00006055                  0.00006904                  0.00007210 
                  0.00109501                  0.00114519                  0.00006599                  0.00007523                  0.00007856 
                  0.00119253                  0.00124726                  0.00007187                  0.00008193                  0.00008556 
                  0.00129804                  0.00135767                  0.00007823                  0.00008918                  0.00009312 
                  0.00141209                  0.00147705                  0.00008511                  0.00009701                  0.00010130 
                  0.00153533                  0.00160604                  0.00009254                  0.00010547                  0.00011013 
                  0.00166840                  0.00174534                  0.00010057                  0.00011461                  0.00011967 
                  0.00181201                  0.00189567                  0.00010923                  0.00012447                  0.00012997 
                  0.00196689                  0.00205782                  0.00011857                  0.00013510                  0.00014107 
                  0.00213385                  0.00223261                  0.00012864                  0.00014657                  0.00015304 
                  0.00231370                  0.00242092                  0.00013949                  0.00015891                  0.00016593 
                  0.00250733                  0.00262367                  0.00015118                  0.00017221                  0.00017981 
                  0.00271567                  0.00284183                  0.00016375                  0.00018651                  0.00019474 
                  0.00293970                  0.00307645                  0.00017727                  0.00020189                  0.00021080 
                  0.00318047                  0.00332860                  0.00019180                  0.00021842                  0.00022805 
                  0.00343907                  0.00359944                  0.00020741                  0.00023617                  0.00024659 
                  0.00371665                  0.00389017                  0.00022416                  0.00025523                  0.00026648 
                  0.00401443                  0.00420208                  0.00024214                  0.00027567                  0.00028782 
                  0.00433368                  0.00453651                  0.00026141                  0.00029759                  0.00031069 
                  0.00467575                  0.00489486                  0.00028206                  0.00032107                  0.00033520 
                  0.00504205                  0.00527861                  0.00030418                  0.00034621                  0.00036145 
                  0.00543405                  0.00568932                  0.00032785                  0.00037312                  0.00038954 
                  0.00585331                  0.00612862                  0.00035317                  0.00040190                  0.00041957 
                  0.00630146                  0.00659821                  0.00038024                  0.00043266                  0.00045168 
                  0.00678019                  0.00709988                  0.00040916                  0.00046552                  0.00048598 
                  0.00729129                  0.00763550                  0.00044003                  0.00050060                  0.00052259 
                  0.00783660                  0.00820701                  0.00047298                  0.00053803                  0.00056166 
                  0.00841807                  0.00881645                  0.00050811                  0.00057794                  0.00060331 
                  0.00903771                  0.00946595                  0.00054555                  0.00062046                  0.00064770 
                  0.00969763                  0.01015771                  0.00058543                  0.00066576                  0.00069496 
                  0.01040003                  0.01089404                  0.00062789                  0.00071397                  0.00074528 
                  0.01114717                  0.01167733                  0.00067305                  0.00076524                  0.00079879 
                  0.01194142                  0.01251006                  0.00072106                  0.00081976                  0.00085568 
                  0.01278524                  0.01339482                  0.00077208                  0.00087767                  0.00091611 
                  0.01368116                  0.01433427                  0.00082625                  0.00093916                  0.00098028 
                  0.01463183                  0.01533119                  0.00088374                  0.00100440                  0.00104836 
                  0.01563996                  0.01638843                  0.00094471                  0.00107359                  0.00112056 
                  0.01670837                  0.01750897                  0.00100934                  0.00114692                  0.00119707 
                  0.01783997                  0.01869585                  0.00107779                  0.00122458                  0.00127811 
                  0.01903774                  0.01995222                  0.00115026                  0.00130678                  0.00136388 
                  0.02030478                  0.02128133                  0.00122693                  0.00139374                  0.00145461 
                  0.02164425                  0.02268652                  0.00130799                  0.00148567                  0.00155053 
                  0.02305941                  0.02417121                  0.00139364                  0.00158279                  0.00165186 
                  0.02455362                  0.02573892                  0.00148408                  0.00168534                  0.00175886 
                  0.02613029                  0.02739328                  0.00157953                  0.00179355                  0.00187175 
                  0.02779294                  0.02913796                  0.00168020                  0.00190766                  0.00199080 
                  0.02954515                  0.03097675                  0.00178630                  0.00202791                  0.00211626 
                  0.03139059                  0.03291351                  0.00189807                  0.00215457                  0.00224839 
                  0.03333299                  0.03495215                  0.00201572                  0.00228788                  0.00238747 
                  0.03537616                  0.03709671                  0.00213950                  0.00242811                  0.00253375 
                  0.03752395                  0.03935124                  0.00226963                  0.00257553                  0.00268753 
                  0.03978030                  0.04171988                  0.00240635                  0.00273039                  0.00284907 
                  0.04214918                  0.04420682                  0.00254992                  0.00289299                  0.00301867 
                  0.04463461                  0.04681632                  0.00270057                  0.00306358                  0.00319662 
                  0.04724067                  0.04955263                  0.00285856                  0.00324246                  0.00338319 
                  0.04997145                  0.05242012                  0.00302414                  0.00342990                  0.00357870 
                  0.05283108                  0.05542310                  0.00319755                  0.00362618                  0.00378343 
                  0.05582370                  0.05856597                  0.00337906                  0.00383160                  0.00399768 
                  0.05895347                  0.06185312                  0.00356891                  0.00404645                  0.00422174 
                  0.06222456                  0.06528892                  0.00376737                  0.00427099                  0.00445592 
                  0.06564111                  0.06887779                  0.00397469                  0.00450553                  0.00470052 
                  0.06920727                  0.07262408                  0.00419113                  0.00475034                  0.00495583 
                  0.07292715                  0.07653213                  0.00441693                  0.00500572                  0.00522214 
                  0.07680481                  0.08060624                  0.00465235                  0.00527193                  0.00549974 
                  0.08084429                  0.08485068                  0.00489763                  0.00554926                  0.00578894 
                  0.08504954                  0.08926963                  0.00515303                  0.00583799                  0.00609000 
                  0.08942447                  0.09386721                  0.00541878                  0.00613837                  0.00640321 
                  0.09397288                  0.09864747                  0.00569512                  0.00645067                  0.00672884 
                  0.09869849                  0.10361432                  0.00598228                  0.00677516                  0.00706716 
                  0.10360489                  0.10877158                  0.00628047                  0.00711207                  0.00741843 
                  0.10869555                  0.11412294                  0.00658993                  0.00746164                  0.00778289 
                  0.11397381                  0.11967193                  0.00691085                  0.00782412                  0.00816079 
                  0.11944287                  0.12542193                  0.00724344                  0.00819971                  0.00855235 
                  0.12510572                  0.13137618                  0.00758788                  0.00858863                  0.00895780 
                  0.13096523                  0.13753764                  0.00794436                  0.00899108                  0.00937732 
                  0.13702402                  0.14390916                  0.00831303                  0.00940723                  0.00981113 
                  0.14328451                  0.15049332                  0.00869406                  0.00983726                  0.01025939 
                  0.14974892                  0.15729249                  0.00908758                  0.01028132                  0.01072225 
                  0.15641920                  0.16430873                  0.00949373                  0.01073955                  0.01119986 
                  0.16329704                  0.17154391                  0.00991260                  0.01121206                  0.01169235 
                  0.17038387                  0.17899956                  0.01034430                  0.01169896                  0.01219982 
                  0.17768084                  0.18667687                  0.01078890                  0.01220033                  0.01272235 
                  0.18518877                  0.19457684                  0.01124646                  0.01271623                  0.01326000 
                  0.19290820                  0.20270000                  0.01171701                  0.01324669                  0.01381281 
                  0.20083928                  0.21104661                  0.01220059                  0.01379174                  0.01438079 
                  0.20898189                  0.21961656                  0.01269718                  0.01435136                  0.01496395 
                  0.21733549                  0.22840932                  0.01320677                  0.01492553                  0.01556223 
                  0.22589920                  0.23742399                  0.01372931                  0.01551418                  0.01617559 
                  0.23467174                  0.24665931                  0.01426472                  0.01611723                  0.01680393 
                  0.24365139                  0.25611353                  0.01481292                  0.01673456                  0.01744713 
                  0.25283608                  0.26578450                  0.01537379                  0.01736605                  0.01810504 
                  0.26222333                  0.27566963                  0.01594718                  0.01801152                  0.01877750 
                  0.27181020                  0.28576583                  0.01653292                  0.01867077                  0.01946429 
                  0.28159323                  0.29606965                  0.01713082                  0.01934358                  0.02016516 
                  0.29156864                  0.30657706                  0.01774065                  0.02002968                  0.02087986 
                  0.30173212                  0.31728357                  0.01836216                  0.02072878                  0.02160807 
                  0.31207889                  0.32818428                  0.01899507                  0.02144057                  0.02234945 
                  0.32260379                  0.33927366                  0.01963907                  0.02216468                  0.02310365 
                  0.33330110                  0.35054576                  0.02029382                  0.02290073                  0.02387024 
                  0.34416458                  0.36199418                  0.02095896                  0.02364831                  0.02464880 
                  0.35518759                  0.37361196                  0.02163408                  0.02440695                  0.02543884 
                  0.36636305                  0.38539153                  0.02231877                  0.02517617                  0.02623986 
                  0.37768328                  0.39732504                  0.02301256                  0.02595545                  0.02705133 
                  0.38914028                  0.40940392                  0.02371497                  0.02674425                  0.02787266 
                  0.40072542                  0.42161921                  0.02442549                  0.02754197                  0.02870325 
                  0.41242963                  0.43396145                  0.02514358                  0.02834801                  0.02954244 
                  0.42424345                  0.44642061                  0.02586866                  0.02916170                  0.03038957 
                  0.43615690                  0.45898637                  0.02660014                  0.02998238                  0.03124392 
                  0.44815961                  0.47164768                  0.02733739                  0.03080933                  0.03210475 
                  0.46024075                  0.48439321                  0.02807974                  0.03164181                  0.03297129 
                  0.47238901                  0.49721110                  0.02882653                  0.03247906                  0.03384274 
                  0.48459271                  0.51008910                  0.02957705                  0.03332027                  0.03471826 
                  0.49683982                  0.52301455                  0.03033057                  0.03416461                  0.03559700 
                  0.50911790                  0.53597432                  0.03108633                  0.03501125                  0.03647805 
                  0.52141410                  0.54895496                  0.03184356                  0.03585929                  0.03736053 
                  0.53371519                  0.56194264                  0.03260145                  0.03670783                  0.03824347 
                  0.54600787                  0.57492310                  0.03335919                  0.03755597                  0.03912592 
                  0.55827826                  0.58788192                  0.03411595                  0.03840275                  0.04000691 
                  0.57051235                  0.60080433                  0.03487086                  0.03924722                  0.04088541 
                  0.58269590                  0.61367518                  0.03562307                  0.04008838                  0.04176042 
                  0.59481430                  0.62647927                  0.03637168                  0.04092525                  0.04263089 
                  0.60685283                  0.63920110                  0.03711579                  0.04175682                  0.04349579 
                  0.61879671                  0.65182501                  0.03785449                  0.04258206                  0.04435403 
                  0.63063079                  0.66433501                  0.03858688                  0.04339995                  0.04520455 
                  0.64234012                  0.67671525                  0.03931202                  0.04420944                  0.04604626 
                  0.65390939                  0.68894970                  0.04002897                  0.04500949                  0.04687808 
                  0.66532332                  0.70102221                  0.04073682                  0.04579905                  0.04769892 
                  0.67656666                  0.71291679                  0.04143462                  0.04657708                  0.04850769 
                  0.68762428                  0.72461724                  0.04212142                  0.04734251                  0.04930329 
                  0.69848084                  0.73610759                  0.04279631                  0.04809432                  0.05008463 
                  0.70912135                  0.74737179                  0.04345834                  0.04883146                  0.05085064 
                  0.71953076                  0.75839412                  0.04410660                  0.04955288                  0.05160024 
                  0.72969425                  0.76915896                  0.04474017                  0.05025759                  0.05233237 
                  0.73959732                  0.77965081                  0.04535817                  0.05094457                  0.05304599 
                  0.74922550                  0.78985435                  0.04595968                  0.05161284                  0.05374005 
                  0.75856471                  0.79975480                  0.04654384                  0.05226140                  0.05441356 
                  0.76760107                  0.80933744                  0.04710979                  0.05288932                  0.05506551 
                  0.77632111                  0.81858802                  0.04765670                  0.05349565                  0.05569493 
                  0.78471172                  0.82749259                  0.04818374                  0.05407948                  0.05630089 
                  0.79276013                  0.83603770                  0.04869013                  0.05463996                  0.05688246 
                  0.80045408                  0.84421027                  0.04917510                  0.05517620                  0.05743877 
                  0.80778170                  0.85199779                  0.04963790                  0.05568739                  0.05796896 
                  0.81473166                  0.85938817                  0.05007783                  0.05617275                  0.05847222 
                  0.82129318                  0.86637002                  0.05049419                  0.05663152                  0.05894776 
                  0.82745588                  0.87293226                  0.05088636                  0.05706300                  0.05939484 
                  0.83321017                  0.87906462                  0.05125370                  0.05746650                  0.05981276 
                  0.83854687                  0.88475746                  0.05159565                  0.05784140                  0.06020086 
                  0.84345758                  0.89000165                  0.05191167                  0.05818710                  0.06055854 
                  0.84793442                  0.89478910                  0.05220127                  0.05850304                  0.06088522 
                  0.85197031                  0.89911193                  0.05246397                  0.05878873                  0.06118039 
                  0.85555869                  0.90296328                  0.05269938                  0.05904371                  0.06144357 
                  0.85869384                  0.90633714                  0.05290710                  0.05926758                  0.06167434 
                  0.86137074                  0.90922791                  0.05308681                  0.05945999                  0.06187234 
                  0.86358517                  0.91163087                  0.05323821                  0.05962061                  0.06203726 
                  0.86533344                  0.91354233                  0.05336107                  0.05974920                  0.06216881 
                  0.86661273                  0.91495919                  0.05345519                  0.05984555                  0.06226680 
                  0.86742115                  0.91587919                  0.05352041                  0.05990950                  0.06233108 
                  0.86775726                  0.91630077                  0.05355665                  0.05994096                  0.06236154 
                  0.86762065                  0.91622353                  0.05356384                  0.05993989                  0.06235813 
                  0.86701161                  0.91564739                  0.05354197                  0.05990629                  0.06232087 
                  0.86593109                  0.91457361                  0.05349109                  0.05984021                  0.06224982 
                  0.86438096                  0.91300386                  0.05341128                  0.05974177                  0.06214509 
                  0.86236387                  0.91094077                  0.05330269                  0.05961112                  0.06200688 
                  0.85988307                  0.90838754                  0.05316547                  0.05944851                  0.06183540 
                  0.85694277                  0.90534866                  0.05299988                  0.05925417                  0.06163094 
                  0.85354763                  0.90182900                  0.05280616                  0.05902844                  0.06139383 
                  0.84970325                  0.89783436                  0.05258465                  0.05877167                  0.06112446 
                  0.84541583                  0.89337134                  0.05233569                  0.05848431                  0.06082326 
                  0.84069246                  0.88844693                  0.05205970                  0.05816680                  0.06049073 
                  0.83554059                  0.88306916                  0.05175710                  0.05781966                  0.06012739 
                  0.82996851                  0.87724680                  0.05142841                  0.05744344                  0.05973384 
                  0.82398528                  0.87098897                  0.05107413                  0.05703874                  0.05931070 
                  0.81760019                  0.86430579                  0.05069483                  0.05660621                  0.05885864 
                  0.81082344                  0.85720772                  0.05029111                  0.05614653                  0.05837837 
                  0.80366570                  0.84970576                  0.04986360                  0.05566041                  0.05787066 
                  0.79613811                  0.84181178                  0.04941297                  0.05514863                  0.05733628 
                  0.78825229                  0.83353812                  0.04893992                  0.05461196                  0.05677607 
                  0.78002036                  0.82489735                  0.04844517                  0.05405124                  0.05619089 
                  0.77145499                  0.81590277                  0.04792949                  0.05346731                  0.05558162 
                  0.76256907                  0.80656803                  0.04739365                  0.05286107                  0.05494920 
                  0.75337601                  0.79690701                  0.04683846                  0.05223343                  0.05429457 
                  0.74388933                  0.78693420                  0.04626475                  0.05158531                  0.05361870 
                  0.73412323                  0.77666426                  0.04567336                  0.05091767                  0.05292260 
                  0.72409183                  0.76611233                  0.04506516                  0.05023149                  0.05220726 
                  0.71380967                  0.75529361                  0.04444104                  0.04952775                  0.05147374 
                  0.70329148                  0.74422365                  0.04380187                  0.04880748                  0.05072308 
                  0.69255209                  0.73291802                  0.04314858                  0.04807168                  0.04995634 
                  0.68160653                  0.72139257                  0.04248206                  0.04732137                  0.04917458 
                  0.67046982                  0.70966327                  0.04180326                  0.04655761                  0.04837889 
                  0.65915722                  0.69774598                  0.04111309                  0.04578142                  0.04757034 
                  0.64768386                  0.68565685                  0.04041249                  0.04499385                  0.04675004 
                  0.63606501                  0.67341179                  0.03970238                  0.04419594                  0.04591906 
                  0.62431574                  0.66102690                  0.03898371                  0.04338874                  0.04507848 
                  0.61245126                  0.64851797                  0.03825739                  0.04257328                  0.04422938 
                  0.60048634                  0.63590109                  0.03752435                  0.04175060                  0.04337285 
                  0.58843601                  0.62319183                  0.03678550                  0.04092171                  0.04250994 
                  0.57631493                  0.61040562                  0.03604175                  0.04008763                  0.04164171 
                  0.56413752                  0.59755790                  0.03529399                  0.03924936                  0.04076920 
                  0.55191815                  0.58466387                  0.03454311                  0.03840789                  0.03989342 
                  0.53967094                  0.57173818                  0.03378999                  0.03756419                  0.03901539 
                  0.52740961                  0.55879557                  0.03303548                  0.03671921                  0.03813611 
                  0.51514763                  0.54585034                  0.03228042                  0.03587389                  0.03725655 
                  0.50289822                  0.53291631                  0.03152561                  0.03502914                  0.03637764 
                  0.49067423                  0.52000737                  0.03077188                  0.03418583                  0.03550031 
                  0.47848821                  0.50713652                  0.03001999                  0.03334486                  0.03462548 
                  0.46635219                  0.49431667                  0.02927071                  0.03250705                  0.03375400 
                  0.45427799                  0.48156029                  0.02852476                  0.03167322                  0.03288672 
                  0.44227695                  0.46887937                  0.02778287                  0.03084416                  0.03202447 
                  0.43035996                  0.45628560                  0.02704571                  0.03002063                  0.03116803 
                  0.41853756                  0.44379002                  0.02631394                  0.02920336                  0.03031816 
                  0.40681973                  0.43140337                  0.02558821                  0.02839305                  0.02947560 
                  0.39521614                  0.41913581                  0.02486911                  0.02759037                  0.02864102 
                  0.38373590                  0.40699703                  0.02415723                  0.02679596                  0.02781509 
                  0.37238777                  0.39499637                  0.02345311                  0.02601042                  0.02699845 
                  0.36117989                  0.38314250                  0.02275727                  0.02523433                  0.02619169 
                  0.35012004                  0.37144366                  0.02207022                  0.02446824                  0.02539537 
                  0.33921549                  0.35990766                  0.02139241                  0.02371266                  0.02461003 
                  0.32847300                  0.34854168                  0.02072429                  0.02296805                  0.02383615 
                  0.31789893                  0.33735254                  0.02006624                  0.02223488                  0.02307420 
                  0.30749911                  0.32634640                  0.01941866                  0.02151355                  0.02232460 
                  0.29727894                  0.31552902                  0.01878190                  0.02080444                  0.02158776 
                  0.28724334                  0.30490565                  0.01815627                  0.02010791                  0.02086402 
                  0.27739671                  0.29448110                  0.01754207                  0.01942426                  0.02015372 
                  0.26774311                  0.28425962                  0.01693955                  0.01875378                  0.01945715 
                  0.25828603                  0.27424505                  0.01634895                  0.01809673                  0.01877458 
                  0.24902861                  0.26444075                  0.01577049                  0.01745334                  0.01810623 
                  0.23997352                  0.25484952                  0.01520434                  0.01682379                  0.01745231 
                  0.23112299                  0.24547388                  0.01465066                  0.01620826                  0.01681298 
                  0.22247888                  0.23631583                  0.01410959                  0.01560688                  0.01618839 
                  0.21404268                  0.22737692                  0.01358121                  0.01501976                  0.01557865 
                  0.20581542                  0.21865839                  0.01306563                  0.01444698                  0.01498384 
                  0.19779779                  0.21016099                  0.01256289                  0.01388860                  0.01440402 
                  0.18999010                  0.20188512                  0.01207303                  0.01334466                  0.01383922 
                  0.18239236                  0.19383085                  0.01159606                  0.01281515                  0.01328945 
                  0.17500418                  0.18599781                  0.01113198                  0.01230007                  0.01275468 
                  0.16782491                  0.17838536                  0.01068076                  0.01179938                  0.01223489 
                  0.16085353                  0.17099249                  0.01024235                  0.01131301                  0.01173000 
                  0.15408884                  0.16381790                  0.00981668                  0.01084089                  0.01123993 
                  0.14752923                  0.15686004                  0.00940368                  0.01038291                  0.01076457 
                  0.14117292                  0.15011702                  0.00900325                  0.00993898                  0.01030381 
                  0.13501784                  0.14358672                  0.00861526                  0.00950893                  0.00985749 
                  0.12906174                  0.13726676                  0.00823959                  0.00909264                  0.00942548 
                  0.12330209                  0.13115451                  0.00787609                  0.00868993                  0.00900758 
                  0.11773618                  0.12524721                  0.00752462                  0.00830062                  0.00860361 
                  0.11236115                  0.11954182                  0.00718499                  0.00792452                  0.00821337 
                  0.10717393                  0.11403514                  0.00685704                  0.00756143                  0.00783665 
                  0.10217130                  0.10872379                  0.00654056                  0.00721112                  0.00747322 
                  0.09734992                  0.10360426                  0.00623537                  0.00687338                  0.00712284 
                  0.09270629                  0.09867288                  0.00594125                  0.00654796                  0.00678527 
                  0.08823682                  0.09392589                  0.00565799                  0.00623463                  0.00646026 
                  0.08393779                  0.08935937                  0.00538537                  0.00593312                  0.00614753 
                  0.07980540                  0.08496935                  0.00512315                  0.00564319                  0.00584683 
                  0.07583579                  0.08075175                  0.00487111                  0.00536457                  0.00555787 
                  0.07202502                  0.07670244                  0.00462900                  0.00509700                  0.00528038 
                  0.06836911                  0.07281721                  0.00439659                  0.00484019                  0.00501408 
                  0.06486402                  0.06909180                  0.00417362                  0.00459388                  0.00475868 
                  0.06150569                  0.06552193                  0.00395986                  0.00435778                  0.00451388 
                  0.05829001                  0.06210331                  0.00375505                  0.00413162                  0.00427940 
                  0.05521290                  0.05883160                  0.00355894                  0.00391512                  0.00405494 
                  0.05227026                  0.05570248                  0.00337129                  0.00370799                  0.00384021 
                  0.04945799                  0.05271163                  0.00319183                  0.00350995                  0.00363493 
                  0.04677201                  0.04985474                  0.00302032                  0.00332073                  0.00343879 
                  0.04420826                  0.04712753                  0.00285652                  0.00314004                  0.00325151 
                  0.04176272                  0.04452574                  0.00270016                  0.00296761                  0.00307280 
                  0.03943140                  0.04204516                  0.00255101                  0.00280316                  0.00290237 
                  0.03721035                  0.03968160                  0.00240882                  0.00264642                  0.00273994 
                  0.03509565                  0.03743095                  0.00227336                  0.00249712                  0.00258522 
                  0.03308348                  0.03528914                  0.00214437                  0.00235500                  0.00243796 
                  0.03117003                  0.03325218                  0.00202163                  0.00221979                  0.00229786 
                  0.02935160                  0.03131610                  0.00190491                  0.00209123                  0.00216467 
                  0.02762452                  0.02947706                  0.00179398                  0.00196908                  0.00203812 
                  0.02598521                  0.02773125                  0.00168862                  0.00185308                  0.00191795 
                  0.02443016                  0.02607497                  0.00158861                  0.00174300                  0.00180392 
                  0.02295594                  0.02450457                  0.00149373                  0.00163858                  0.00169577 
                  0.02155920                  0.02301652                  0.00140377                  0.00153961                  0.00159326 
                  0.02023668                  0.02160734                  0.00131854                  0.00144585                  0.00149615 
                  0.01898517                  0.02027368                  0.00123782                  0.00135709                  0.00140422 
                  0.01780160                  0.01901223                  0.00116144                  0.00127310                  0.00131725 
                  0.01668294                  0.01781981                  0.00108919                  0.00119369                  0.00123501 
                  0.01562627                  0.01669332                  0.00102090                  0.00111863                  0.00115730 
                  0.01462875                  0.01562975                  0.00095639                  0.00104774                  0.00108390 
                  0.01368764                  0.01462619                  0.00089549                  0.00098083                  0.00101463 
                  0.01280028                  0.01367981                  0.00083802                  0.00091771                  0.00094928 
                  0.01196410                  0.01278790                  0.00078382                  0.00085820                  0.00088767 
                  0.01117661                  0.01194781                  0.00073275                  0.00080212                  0.00082963 
                  0.01043542                  0.01115700                  0.00068464                  0.00074932                  0.00077497 
                  0.00973822                  0.01041302                  0.00063936                  0.00069962                  0.00072353 
                  0.00908279                  0.00971352                  0.00059676                  0.00065288                  0.00067515 
                  0.00846699                  0.00905622                  0.00055670                  0.00060894                  0.00062968 
                  0.00788876                  0.00843895                  0.00051906                  0.00056766                  0.00058696 
                  0.00734613                  0.00785959                  0.00048371                  0.00052890                  0.00054686 
                  0.00683722                  0.00731615                  0.00045054                  0.00049253                  0.00050922 
                  0.00636019                  0.00680669                  0.00041942                  0.00045842                  0.00047393 
                  0.00591332                  0.00632937                  0.00039024                  0.00042645                  0.00044085 
                  0.00549495                  0.00588242                  0.00036290                  0.00039650                  0.00040987 
                  0.00510348                  0.00546415                  0.00033731                  0.00036846                  0.00038086 
                  0.00473740                  0.00507295                  0.00031335                  0.00034223                  0.00035373 
                  0.00439526                  0.00470728                  0.00029094                  0.00031769                  0.00032835 
                  0.00407568                  0.00436568                  0.00027000                  0.00029476                  0.00030464 
                  0.00377735                  0.00404673                  0.00025043                  0.00027335                  0.00028249 
                  0.00349901                  0.00374912                  0.00023216                  0.00025336                  0.00026181 
                  0.00323947                  0.00347157                  0.00021511                  0.00023470                  0.00024252 
                  0.00299761                  0.00321288                  0.00019921                  0.00021731                  0.00022454 
                  0.00277235                  0.00297191                  0.00018438                  0.00020110                  0.00020778 
                  0.00256267                  0.00274757                  0.00017057                  0.00018601                  0.00019217 
                  0.00236761                  0.00253884                  0.00015772                  0.00017195                  0.00017764 
                  0.00218624                  0.00234473                  0.00014576                  0.00015888                  0.00016413 
                  0.00201771                  0.00216433                  0.00013463                  0.00014672                  0.00015156 
                  0.00186119                  0.00199677                  0.00012429                  0.00013543                  0.00013988 
                  0.00171592                  0.00184122                  0.00011468                  0.00012494                  0.00012904 
                  0.00158116                  0.00169690                  0.00010576                  0.00011520                  0.00011898 
                  0.00145621                  0.00156307                  0.00009749                  0.00010616                  0.00010964 
                  0.00134044                  0.00143905                  0.00008981                  0.00009779                  0.00010098 
                  0.00123323                  0.00132418                  0.00008270                  0.00009003                  0.00009296 
                  0.00113400                  0.00121784                  0.00007611                  0.00008284                  0.00008553 
                  0.00104221                  0.00111946                  0.00007001                  0.00007618                  0.00007866 
                  0.00095735                  0.00102849                  0.00006437                  0.00007003                  0.00007230 
                  0.00087894                  0.00094442                  0.00005915                  0.00006433                  0.00006642 
                  0.00080654                  0.00086677                  0.00005432                  0.00005908                  0.00006099 
                  0.00073971                  0.00079510                  0.00004987                  0.00005422                  0.00005597 
                  0.00067806                  0.00072897                  0.00004575                  0.00004973                  0.00005134 
                  0.00062123                  0.00066800                  0.00004195                  0.00004560                  0.00004706 
                  0.00056887                  0.00061180                  0.00003845                  0.00004178                  0.00004313 
                  0.00052065                  0.00056005                  0.00003522                  0.00003827                  0.00003950 
                  0.00047627                  0.00051241                  0.00003225                  0.00003503                  0.00003615 
                  0.00043545                  0.00046858                  0.00002951                  0.00003205                  0.00003308 
                  0.00039792                  0.00042827                  0.00002700                  0.00002931                  0.00003025 
                  0.00036344                  0.00039123                  0.00002468                  0.00002679                  0.00002764 
                  0.00033177                  0.00035721                  0.00002255                  0.00002448                  0.00002525 
                  0.00030270                  0.00032599                  0.00002059                  0.00002235                  0.00002306 
                  0.00027604                  0.00029733                  0.00001880                  0.00002039                  0.00002104 
                  0.00025160                  0.00027106                  0.00001715                  0.00001860                  0.00001919 
                  0.00022920                  0.00024698                  0.00001564                  0.00001696                  0.00001749 
                  0.00020869                  0.00022492                  0.00001425                  0.00001545                  0.00001594 
                  0.00018992                  0.00020473                  0.00001298                  0.00001408                  0.00001452 
                  0.00017275                  0.00018626                  0.00001182                  0.00001281                  0.00001321 
                  0.00015705                  0.00016936                  0.00001076                  0.00001166                  0.00001202 
                  0.00014270                  0.00015392                  0.00000978                  0.00001060                  0.00001093 
                  0.00012959                  0.00013982                  0.00000889                  0.00000963                  0.00000993 
                  0.00011763                  0.00012694                  0.00000808                  0.00000875                  0.00000902 
                  0.00010672                  0.00011519                  0.00000734                  0.00000795                  0.00000819 
                  0.00009677                  0.00010448                  0.00000666                  0.00000721                  0.00000744 
                  0.00008771                  0.00009471                  0.00000604                  0.00000654                  0.00000674 
                  0.00007945                  0.00008581                  0.00000548                  0.00000593                  0.00000611 
                  0.00007193                  0.00007771                  0.00000497                  0.00000537                  0.00000554 
                  0.00006509                  0.00007034                  0.00000450                  0.00000487                  0.00000502 
                  0.00005888                  0.00006363                  0.00000407                  0.00000441                  0.00000454 
                  0.00005322                  0.00005754                  0.00000369                  0.00000399                  0.00000411 
                  0.00004809                  0.00005200                  0.00000333                  0.00000361                  0.00000372 
                  0.00004343                  0.00004697                  0.00000301                  0.00000326                  0.00000336 
                  0.00003920                  0.00004241                  0.00000272                  0.00000294                  0.00000303 
                  0.00003537                  0.00003827                  0.00000246                  0.00000266                  0.00000274 
                  0.00003189                  0.00003452                  0.00000222                  0.00000240                  0.00000247 
                  0.00002874                  0.00003112                  0.00000200                  0.00000216                  0.00000223 
                  0.00002589                  0.00002804                  0.00000181                  0.00000195                  0.00000201 
                  0.00002331                  0.00002525                  0.00000163                  0.00000176                  0.00000181 
                  0.00002098                  0.00002273                  0.00000147                  0.00000158                  0.00000163 
                  0.00001887                  0.00002045                  0.00000132                  0.00000143                  0.00000147 
                  0.00001696                  0.00001839                  0.00000119                  0.00000128                  0.00000132 
                  0.00001524                  0.00001653                  0.00000107                  0.00000115                  0.00000119 
                  0.00001369                  0.00001485                  0.00000096                  0.00000104                  0.00000107 
                  0.00001229                  0.00001333                  0.00000086                  0.00000093                  0.00000096 
                  0.00001102                  0.00001196                  0.00000078                  0.00000084                  0.00000086 
                  0.00000988                  0.00001073                  0.00000070                  0.00000075                  0.00000077 
                  0.00000886                  0.00000962                  0.00000063                  0.00000067                  0.00000069 
                  0.00000794                  0.00000862                  0.00000056                  0.00000060                  0.00000062 
                  0.00000711                  0.00000772                  0.00000050                  0.00000054                  0.00000056 
                  0.00000636                  0.00000691                  0.00000045                  0.00000049                  0.00000050 
                  0.00000569                  0.00000618                  0.00000040                  0.00000043                  0.00000045 
                  0.00000509                  0.00000553                  0.00000036                  0.00000039                  0.00000040 
                  0.00000455                  0.00000494                  0.00000032                  0.00000035                  0.00000036 
                  0.00000406                  0.00000442                  0.00000029                  0.00000031                  0.00000032 
                  0.00000362                  0.00000394                  0.00000026                  0.00000028                  0.00000029 
                  0.00000323                  0.00000352                  0.00000023                  0.00000025                  0.00000026 
                  0.00000288                  0.00000314                  0.00000021                  0.00000022                  0.00000023 
                  0.00000257                  0.00000280                  0.00000018                  0.00000020                  0.00000020 
                  0.00000229                  0.00000250                  0.00000016                  0.00000018                  0.00000018 
                  0.00000204                  0.00000222                  0.00000015                  0.00000016                  0.00000016 
                  0.00000182                  0.00000198                  0.00000013                  0.00000014                  0.00000014 
                  0.00000162                  0.00000176                  0.00000012                  0.00000012                  0.00000013 
                  0.00000144                  0.00000157                  0.00000010                  0.00000011                  0.00000011 
                  0.00000128                  0.00000139                  0.00000009                  0.00000010                  0.00000010 
                  0.00000113                  0.00000124                  0.00000008                  0.00000009                  0.00000009 
                  0.00000101                  0.00000110                  0.00000007                  0.00000008                  0.00000008 
                  0.00000089                  0.00000098                  0.00000006                  0.00000007                  0.00000007 
                  0.00000079                  0.00000087                  0.00000006                  0.00000006                  0.00000006 
                  0.00000070                  0.00000077                  0.00000005                  0.00000005                  0.00000006 
                  0.00000062                  0.00000068                  0.00000005                  0.00000005                  0.00000005 
                  0.00000055                  0.00000060                  0.00000004                  0.00000004                  0.00000004 
                  0.00000049                  0.00000053                  0.00000004                  0.00000004                  0.00000004 
                  0.00000043                  0.00000047                  0.00000003                  0.00000003                  0.00000003 
                  0.00000038                  0.00000042                  0.00000003                  0.00000003                  0.00000003 
                  0.00000034                  0.00000037                  0.00000002                  0.00000003                  0.00000003 
                  0.00000030                  0.00000033                  0.00000002                  0.00000002                  0.00000002 
                  0.00000026                  0.00000029                  0.00000002                  0.00000002                  0.00000002 
                  0.00000023                  0.00000026                  0.00000002                  0.00000002                  0.00000002 
                  0.00000021                  0.00000023                  0.00000002                  0.00000002                  0.00000002 
                  0.00000018                  0.00000020                  0.00000001                  0.00000001                  0.00000001 
                  0.00000016                  0.00000018                  0.00000001                  0.00000001                  0.00000001 
                  0.00000014                  0.00000015                  0.00000001                  0.00000001                  0.00000001 
                  0.00000012                  0.00000014                  0.00000001                  0.00000001                  0.00000001 
                  0.00000011                  0.00000012                  0.00000001                  0.00000001                  0.00000001 
                  0.00000010                  0.00000011                  0.00000001                  0.00000001                  0.00000001 
                  0.00000008                  0.00000009                  0.00000001                  0.00000001                  0.00000001 
                  0.00000007                  0.00000008                  0.00000001                  0.00000001                  0.00000001 
                  0.00000007                  0.00000007                  0.00000000                  0.00000001                  0.00000001 
                  0.00000006                  0.00000006                  0.00000000                  0.00000000                  0.00000000 
                  0.00000005                  0.00000006                  0.00000000                  0.00000000                  0.00000000 
                  0.00000004                  0.00000005                  0.00000000                  0.00000000                  0.00000000 
                  0.00000004                  0.00000004                  0.00000000                  0.00000000                  0.00000000 
                  0.00000003                  0.00000004                  0.00000000                  0.00000000                  0.00000000 
                  0.00000003                  0.00000003                  0.00000000                  0.00000000                  0.00000000 
                  0.00000003                  0.00000003                  0.00000000                  0.00000000                  0.00000000 
                  0.00000002                  0.00000003                  0.00000000                  0.00000000                  0.00000000 
                  0.00000002                  0.00000002                  0.00000000                  0.00000000                  0.00000000 
                  0.00000002                  0.00000002                  0.00000000                  0.00000000                  0.00000000 
                  0.00000002                  0.00000002                  0.00000000                  0.00000000                  0.00000000 
                  0.00000001                  0.00000001                  0.00000000                  0.00000000                  0.00000000 
                  0.00000001                  0.00000001                  0.00000000                  0.00000000                  0.00000000 
                  0.00000001                  0.00000001                  0.00000000                  0.00000000                  0.00000000 
                  0.00000001                  0.00000001                  0.00000000                  0.00000000                  0.00000000 
                  0.00000001                  0.00000001                  0.00000000                  0.00000000                  0.00000000 
                  0.00000001                  0.00000001                  0.00000000                  0.00000000                  0.00000000 
                  0.00000001                  0.00000001                  0.00000000                  0.00000000                  0.00000000 
                  0.00000001                  0.00000001                  0.00000000                  0.00000000                  0.00000000 
                  0.00000000                  0.00000000                  0.00000000                  0.00000000                  0.00000000 
                  0.00000000                  0.00000000                  0.00000000                  0.00000000                  0.00000000 
                  0.00000000                  0.00000000                  0.00000000                  0.00000000                  0.00000000 
                  0.00000000                  0.00000000                  0.00000000                  0.00000000                  0.00000000 
                  0.00000000                  0.00000000                  0.00000000                  0.00000000                  0.00000000 
                  0.00000000                  0.00000000                  0.00000000                  0.00000000                  0.00000000 
                  0.00000000                  0.00000000                  0.00000000                  0.00000000                  0.00000000 
                  0.00000000                  0.00000000                  0.00000000                  0.00000000                  0.00000000 
                  0.00000000                  0.00000000                  0.00000000                  0.00000000                  0.00000000 
                  0.00000000                  0.00000000                  0.00000000                  0.00000000                  0.00000000 
                  0.00000000                  0.00000000                  0.00000000                  0.00000000                  0.00000000 
                  0.00000000                  0.00000000                  0.00000000                  0.00000000                  0.00000000 
                  0.00000000                  0.00000000                  0.00000000                  0.00000000                  0.00000000 
                  0.00000000                  0.00000000                  0.00000000                  0.00000000                  0.00000000 
                  0.00000000                  0.00000000                  0.00000000                  0.00000000                  0.00000000 
                  0.00000000                  0.00000000                  0.00000000                  0.00000000                  0.00000000 
                  0.00000000                  0.00000000                  0.00000000                  0.00000000                  0.00000000 
                  0.00000000                  0.00000000                  0.00000000                  0.00000000                  0.00000000 
                  0.00000000                  0.00000000                  0.00000000                  0.00000000                  0.00000000 
                  0.00000000                  0.00000000                  0.00000000                  0.00000000                  0.00000000 
                  0.00000000                  0.00000000                  0.00000000                  0.00000000                  0.00000000 
                  0.00000000                  0.00000000                  0.00000000                  0.00000000                  0.00000000 
                  0.00000000                  0.00000000                  0.00000000                  0.00000000                  0.00000000 
                  0.00000000                  0.00000000                  0.00000000                  0.00000000                  0.00000000 
                  0.00000000                  0.00000000                  0.00000000                  0.00000000                  0.00000000 
                  0.00000000                  0.00000000                  0.00000000                  0.00000000                  0.00000000 
                  0.00000000                  0.00000000                  0.00000000                  0.00000000                  0.00000000 
                  0.00000000                  0.00000000                  0.00000000                  0.00000000                  0.00000000 
                  0.00000000                  0.00000000                  0.00000000                  0.00000000                  0.00000000 
                  0.00000000                  0.00000000                  0.00000000                  0.00000000                  0.00000000 
                  0.00000000                  0.00000000                  0.00000000                  0.00000000                  0.00000000 
                  0.00000000                  0.00000000                  0.00000000                  0.00000000                  0.00000000 
                  0.00000000                  0.00000000                  0.00000000                  0.00000000                  0.00000000 
                  0.00000000                  0.00000000                  0.00000000                  0.00000000                  0.00000000 
                  0.00000000                  0.00000000                  0.00000000                  0.00000000                  0.00000000 
                  0.00000000                  0.00000000                  0.00000000                  0.00000000                  0.00000000 
                  0.00000000                  0.00000000                  0.00000000                  0.00000000                  0.00000000 
                  0.00000000                  0.00000000                  0.00000000                  0.00000000                  0.00000000 
                  0.00000000                  0.00000000                  0.00000000                  0.00000000                  0.00000000 
                  0.00000000                  0.00000000                  0.00000000                  0.00000000                  0.00000000 
                  0.00000000                  0.00000000                  0.00000000                  0.00000000                  0.00000000 
                  0.00000000                  0.00000000                  0.00000000                  0.00000000                  0.00000000 
                  0.00000000                  0.00000000                  0.00000000                  0.00000000                  0.00000000 
                  0.00000000                  0.00000000                  0.00000000                  0.00000000                  0.00000000 
                  0.00000000                  0.00000000                  0.00000000                  0.00000000                  0.00000000 
                  0.00000000                  0.00000000                  0.00000000                  0.00000000                  0.00000000 
                  0.00000000                  0.00000000                  0.00000000                  0.00000000                  0.00000000 
                  0.00000000                  0.00000000                  0.00000000                  0.00000000                  0.00000000 
                  0.00000000                  0.00000000                  0.00000000                  0.00000000                  0.00000000 
                  0.00000000                  0.00000000                  0.00000000                  0.00000000                  0.00000000 
                  0.00000000                  0.00000000                  0.00000000                  0.00000000                  0.00000000 
                  0.00000000                  0.00000000                  0.00000000                  0.00000000                  0.00000000 
                  0.00000000                  0.00000000                  0.00000000                  0.00000000                  0.00000000 
                  0.00000000                  0.00000000                  0.00000000                  0.00000000                  0.00000000 
                  0.00000000                  0.00000000                  0.00000000                  0.00000000                  0.00000000 
                  0.00000000                  0.00000000                  0.00000000                  0.00000000                  0.00000000 
                  0.00000000                  0.00000000                  0.00000000                  0.00000000                  0.00000000 
                  0.00000000                  0.00000000                  0.00000000                  0.00000000                  0.00000000 
                  0.00000000                  0.00000000                  0.00000000                  0.00000000                  0.00000000 
                  0.00000000                  0.00000000                  0.00000000                  0.00000000                  0.00000000 
                  0.00000000                  0.00000000                  0.00000000                  0.00000000                  0.00000000 
                  0.00000000                  0.00000000                  0.00000000                  0.00000000                  0.00000000 
                  0.00000000                  0.00000000                  0.00000000                  0.00000000                  0.00000000 
                  0.00000000                  0.00000000                  0.00000000                  0.00000000                  0.00000000 
                  0.00000000                  0.00000000                  0.00000000                  0.00000000                  0.00000000 
                  0.00000000                  0.00000000                  0.00000000                  0.00000000                  0.00000000 
                  0.00000000                  0.00000000                  0.00000000                  0.00000000                  0.00000000 
                  0.00000000                  0.00000000                  0.00000000                  0.00000000                  0.00000000 
                  0.00000000                  0.00000000                  0.00000000                  0.00000000                  0.00000000 
                  0.00000000                  0.00000000                  0.00000000                  0.00000000                  0.00000000 
                  0.00000000                  0.00000000                  0.00000000                  0.00000000                  0.00000000 
                  0.00000000                  0.00000000                  0.00000000                  0.00000000                  0.00000000 
                  0.00000000                  0.00000000                  0.00000000                  0.00000000                  0.00000000 
                  0.00000000                  0.00000000                  0.00000000                  0.00000000                  0.00000000 
                  0.00000000                  0.00000000                  0.00000000                  0.00000000                  0.00000000 
                  0.00000000                  0.00000000                  0.00000000                  0.00000000                  0.00000000 
                  0.00000000                  0.00000000                  0.00000000                  0.00000000                  0.00000000 
                  0.00000000                  0.00000000                  0.00000000                  0.00000000                  0.00000000 
                  0.00000000                  0.00000000                  0.00000000                  0.00000000                  0.00000000 
                  0.00000000                  0.00000000                  0.00000000                  0.00000000                  0.00000000 
                  0.00000000                  0.00000000                  0.00000000                  0.00000000                  0.00000000 
                  0.00000000                  0.00000000                  0.00000000                  0.00000000                  0.00000000 
                  0.00000000                  0.00000000                  0.00000000                  0.00000000                  0.00000000 
                  0.00000000                  0.00000000                  0.00000000                  0.00000000                  0.00000000 
                  0.00000000                  0.00000000                  0.00000000                  0.00000000                  0.00000000 
                  0.00000000                  0.00000000                  0.00000000                  0.00000000                  0.00000000 
                  0.00000000                  0.00000000                  0.00000000                  0.00000000                  0.00000000 
                  0.00000000                  0.00000000                  0.00000000                  0.00000000                  0.00000000 
                  0.00000000                  0.00000000                  0.00000000                  0.00000000                  0.00000000 
                  0.00000000                  0.00000000                  0.00000000                  0.00000000                  0.00000000 
                  0.00000000                  0.00000000                  0.00000000                  0.00000000                  0.00000000 
                  0.00000000                  0.00000000                  0.00000000                  0.00000000                  0.00000000 
                  0.00000000                  0.00000000                  0.00000000                  0.00000000                  0.00000000 
                  0.00000000                  0.00000000                  0.00000000                  0.00000000                  0.00000000 
                  0.00000000                  0.00000000                  0.00000000                  0.00000000                  0.00000000 
                  0.00000000                  0.00000000                  0.00000000                  0.00000000                  0.00000000 
                  0.00000000                  0.00000000                  0.00000000                  0.00000000                  0.00000000 
                  0.00000000                  0.00000000                  0.00000000                  0.00000000                  0.00000000 
                  0.00000000                  0.00000000                  0.00000000                  0.00000000                  0.00000000 
                  0.00000000                  0.00000000                  0.00000000                  0.00000000                  0.00000000 
                  0.00000000                  0.00000000                  0.00000000                  0.00000000                  0.00000000 
                  0.00000000                  0.00000000                  0.00000000                  0.00000000                  0.00000000 
                  0.00000000                  0.00000000                  0.00000000                  0.00000000                  0.00000000 
                  0.00000000                  0.00000000                  0.00000000                  0.00000000                  0.00000000 
                  0.00000000                  0.00000000                  0.00000000                  0.00000000                  0.00000000 
                  0.00000000                  0.00000000                  0.00000000                  0.00000000                  0.00000000 
                  0.00000000                  0.00000000                  0.00000000                  0.00000000                  0.00000000 
                  0.00000000                  0.00000000                  0.00000000                  0.00000000                  0.00000000 
                  0.00000000                  0.00000000                  0.00000000                  0.00000000                  0.00000000 
                  0.00000000                  0.00000000                  0.00000000                  0.00000000                  0.00000000 
                  0.00000000                  0.00000000                  0.00000000                  0.00000000                  0.00000000 
                  0.00000000                  0.00000000                  0.00000000                  0.00000000                  0.00000000 
                  0.00000000                  0.00000000                  0.00000000                  0.00000000                  0.00000000 
                  0.00000000                  0.00000000                  0.00000000                  0.00000000                  0.00000000 
                  0.00000000                  0.00000000                  0.00000000                  0.00000000                  0.00000000 
                  0.00000000                  0.00000000                  0.00000000                  0.00000000                  0.00000000 
                  0.00000000                  0.00000000                  0.00000000                  0.00000000                  0.00000000 
                  0.00000000                  0.00000000                  0.00000000                  0.00000000                  0.00000000 
                  0.00000000                  0.00000000                  0.00000000                  0.00000000                  0.00000000 
                  0.00000000                  0.00000000                  0.00000000                  0.00000000                  0.00000000 
                  0.00000000                  0.00000000                  0.00000000                  0.00000000                  0.00000000 
                  0.00000000                  0.00000000                  0.00000000                  0.00000000                  0.00000000 
                  0.00000000                  0.00000000                  0.00000000                  0.00000000                  0.00000000 
                  0.00000000                  0.00000000                  0.00000000                  0.00000000                  0.00000000 
                  0.00000000                  0.00000000                  0.00000000                  0.00000000                  0.00000000 
                  0.00000000                  0.00000000                  0.00000000                  0.00000000                  0.00000000 
                  0.00000000                  0.00000000                  0.00000000                  0.00000000                  0.00000000 
                  0.00000000                  0.00000000                  0.00000000                  0.00000000                  0.00000000 
