                  0.00000027                  0.00000027                  0.00000027                  0.00000027                  0.00000022                  0.00000022                  0.00000022                  0.00000022                  0.00000022                  0.00000022 
                  0.00000063                  0.00000063                  0.00000047                  0.00000047                  0.00000047 
                  0.00000109                  0.00000110                  0.00000076                  0.00000076                  0.00000076 
                  0.00000166                  0.00000168                  0.00000108                  0.00000110                  0.00000110 
                  0.00000233                  0.00000235                  0.00000148                  0.00000148                  0.00000146 
                  0.00000312                  0.00000311                  0.00000191                  0.00000191                  0.00000189 
                  0.00000402                  0.00000398                  0.00000243                  0.00000238                  0.00000238 
                  0.00000503                  0.00000495                  0.00000301                  0.00000293                  0.00000291 
                  0.00000617                  0.00000605                  0.00000367                  0.00000354                  0.00000352 
                  0.00000742                  0.00000728                  0.00000440                  0.00000423                  0.00000419 
                  0.00000882                  0.00000864                  0.00000523                  0.00000501                  0.00000495 
                  0.00001037                  0.00001014                  0.00000614                  0.00000587                  0.00000581 
                  0.00001208                  0.00001180                  0.00000716                  0.00000684                  0.00000676 
                  0.00001398                  0.00001365                  0.00000830                  0.00000791                  0.00000782 
                  0.00001606                  0.00001568                  0.00000955                  0.00000910                  0.00000899 
                  0.00001837                  0.00001793                  0.00001094                  0.00001042                  0.00001030 
                  0.00002091                  0.00002041                  0.00001247                  0.00001188                  0.00001174 
                  0.00002372                  0.00002315                  0.00001417                  0.00001350                  0.00001333 
                  0.00002681                  0.00002617                  0.00001604                  0.00001528                  0.00001509 
                  0.00003022                  0.00002950                  0.00001810                  0.00001724                  0.00001703 
                  0.00003398                  0.00003317                  0.00002037                  0.00001941                  0.00001917 
                  0.00003812                  0.00003721                  0.00002288                  0.00002180                  0.00002153 
                  0.00004268                  0.00004166                  0.00002564                  0.00002443                  0.00002413 
                  0.00004770                  0.00004656                  0.00002868                  0.00002732                  0.00002699 
                  0.00005321                  0.00005195                  0.00003202                  0.00003051                  0.00003013 
                  0.00005928                  0.00005787                  0.00003570                  0.00003402                  0.00003360 
                  0.00006596                  0.00006439                  0.00003974                  0.00003787                  0.00003740 
                  0.00007329                  0.00007154                  0.00004418                  0.00004210                  0.00004159 
                  0.00008134                  0.00007940                  0.00004906                  0.00004676                  0.00004618 
                  0.00009018                  0.00008803                  0.00005442                  0.00005186                  0.00005122 
                  0.00009989                  0.00009751                  0.00006030                  0.00005747                  0.00005676 
                  0.00011053                  0.00010789                  0.00006675                  0.00006362                  0.00006283 
                  0.00012220                  0.00011928                  0.00007382                  0.00007036                  0.00006949 
                  0.00013498                  0.00013176                  0.00008157                  0.00007775                  0.00007678 
                  0.00014899                  0.00014543                  0.00009006                  0.00008584                  0.00008477 
                  0.00016432                  0.00016040                  0.00009936                  0.00009470                  0.00009352 
                  0.00018110                  0.00017677                  0.00010953                  0.00010439                  0.00010309 
                  0.00019944                  0.00019468                  0.00012066                  0.00011499                  0.00011356 
                  0.00021950                  0.00021425                  0.00013282                  0.00012659                  0.00012500 
                  0.00024141                  0.00023563                  0.00014611                  0.00013925                  0.00013751 
                  0.00026534                  0.00025898                  0.00016062                  0.00015308                  0.00015116 
                  0.00029146                  0.00028447                  0.00017646                  0.00016817                  0.00016606 
                  0.00031994                  0.00031226                  0.00019374                  0.00018464                  0.00018232 
                  0.00035100                  0.00034257                  0.00021258                  0.00020259                  0.00020004 
                  0.00038484                  0.00037559                  0.00023311                  0.00022215                  0.00021935 
                  0.00042169                  0.00041154                  0.00025547                  0.00024346                  0.00024039 
                  0.00046180                  0.00045068                  0.00027981                  0.00026665                  0.00026328 
                  0.00050544                  0.00049325                  0.00030630                  0.00029189                  0.00028819 
                  0.00055288                  0.00053954                  0.00033510                  0.00031932                  0.00031527 
                  0.00060443                  0.00058983                  0.00036639                  0.00034914                  0.00034470 
                  0.00066042                  0.00064445                  0.00040039                  0.00038152                  0.00037667 
                  0.00072119                  0.00070374                  0.00043729                  0.00041668                  0.00041137 
                  0.00078711                  0.00076805                  0.00047733                  0.00045482                  0.00044901 
                  0.00085859                  0.00083778                  0.00052075                  0.00049618                  0.00048983 
                  0.00093605                  0.00091334                  0.00056780                  0.00054101                  0.00053407 
                  0.00101993                  0.00099517                  0.00061877                  0.00058956                  0.00058199 
                  0.00111073                  0.00108373                  0.00067394                  0.00064212                  0.00063386 
                  0.00120895                  0.00117954                  0.00073364                  0.00069898                  0.00068998 
                  0.00131515                  0.00128313                  0.00079819                  0.00076047                  0.00075066 
                  0.00142990                  0.00139505                  0.00086796                  0.00082692                  0.00081623 
                  0.00155382                  0.00151592                  0.00094331                  0.00089869                  0.00088706 
                  0.00168758                  0.00164638                  0.00102466                  0.00097618                  0.00096352 
                  0.00183187                  0.00178711                  0.00111242                  0.00105977                  0.00104601 
                  0.00198742                  0.00193883                  0.00120706                  0.00114991                  0.00113495 
                  0.00215504                  0.00210230                  0.00130904                  0.00124704                  0.00123080 
                  0.00233554                  0.00227834                  0.00141889                  0.00135167                  0.00133403 
                  0.00252981                  0.00246780                  0.00153714                  0.00146429                  0.00144516 
                  0.00273877                  0.00267160                  0.00166436                  0.00158545                  0.00156471 
                  0.00296342                  0.00289068                  0.00180114                  0.00171573                  0.00169325 
                  0.00320479                  0.00312607                  0.00194814                  0.00185573                  0.00183138 
                  0.00346398                  0.00337882                  0.00210602                  0.00200609                  0.00197973 
                  0.00374214                  0.00365008                  0.00227548                  0.00216749                  0.00213896 
                  0.00404049                  0.00394102                  0.00245728                  0.00234064                  0.00230979 
                  0.00436031                  0.00425289                  0.00265220                  0.00252628                  0.00249294 
                  0.00470295                  0.00458702                  0.00286108                  0.00272520                  0.00268919 
                  0.00506983                  0.00494477                  0.00308477                  0.00293825                  0.00289936 
                  0.00546244                  0.00532761                  0.00332420                  0.00316627                  0.00312432 
                  0.00588234                  0.00573705                  0.00358032                  0.00341020                  0.00336495 
                  0.00633116                  0.00617470                  0.00385415                  0.00367098                  0.00362222 
                  0.00681063                  0.00664221                  0.00414673                  0.00394963                  0.00389710 
                  0.00732254                  0.00714136                  0.00445918                  0.00424720                  0.00419064 
                  0.00786877                  0.00767396                  0.00479264                  0.00456479                  0.00450392 
                  0.00845129                  0.00824194                  0.00514834                  0.00490355                  0.00483809 
                  0.00907214                  0.00884729                  0.00552753                  0.00526468                  0.00519432 
                  0.00973346                  0.00949210                  0.00593153                  0.00564945                  0.00557386 
                  0.01043749                  0.01017854                  0.00636171                  0.00605916                  0.00597799 
                  0.01118654                  0.01090887                  0.00681952                  0.00649518                  0.00640807 
                  0.01198305                  0.01168546                  0.00730643                  0.00695893                  0.00686550 
                  0.01282950                  0.01251075                  0.00782401                  0.00745188                  0.00735173 
                  0.01372853                  0.01338729                  0.00837387                  0.00797559                  0.00786828 
                  0.01468283                  0.01431771                  0.00895767                  0.00853163                  0.00841673 
                  0.01569521                  0.01530477                  0.00957716                  0.00912167                  0.00899870 
                  0.01676858                  0.01635128                  0.01023413                  0.00974743                  0.00961589 
                  0.01790596                  0.01746018                  0.01093046                  0.01041067                  0.01027005 
                  0.01911045                  0.01863451                  0.01166806                  0.01111324                  0.01096299 
                  0.02038526                  0.01987739                  0.01244893                  0.01185703                  0.01169658 
                  0.02173371                  0.02119207                  0.01327512                  0.01264401                  0.01247276 
                  0.02315922                  0.02258188                  0.01414876                  0.01347620                  0.01329351 
                  0.02466529                  0.02405023                  0.01507202                  0.01435568                  0.01416091 
                  0.02625556                  0.02560066                  0.01604716                  0.01528460                  0.01507705 
                  0.02793373                  0.02723679                  0.01707649                  0.01626515                  0.01604411 
                  0.02970362                  0.02896235                  0.01816238                  0.01729961                  0.01706433 
                  0.03156915                  0.03078114                  0.01930727                  0.01839031                  0.01814000 
                  0.03353430                  0.03269707                  0.02051364                  0.01953961                  0.01927347 
                  0.03560318                  0.03471413                  0.02178406                  0.02074996                  0.02046713 
                  0.03777996                  0.03683641                  0.02312114                  0.02202384                  0.02172345 
                  0.04006892                  0.03906805                  0.02452754                  0.02336381                  0.02304493 
                  0.04247440                  0.04141330                  0.02600597                  0.02477246                  0.02443414 
                  0.04500083                  0.04387648                  0.02755921                  0.02625243                  0.02589368 
                  0.04765269                  0.04646197                  0.02919007                  0.02780642                  0.02742621 
                  0.05043456                  0.04917422                  0.03090142                  0.02943715                  0.02903441 
                  0.05335104                  0.05201775                  0.03269615                  0.03114739                  0.03072103 
                  0.05640683                  0.05499712                  0.03457721                  0.03293997                  0.03248884 
                  0.05960665                  0.05811694                  0.03654757                  0.03481771                  0.03434063 
                  0.06295528                  0.06138185                  0.03861022                  0.03678350                  0.03627925 
                  0.06645750                  0.06479657                  0.04076821                  0.03884022                  0.03830753 
                  0.07011814                  0.06836578                  0.04302457                  0.04099079                  0.04042838 
                  0.07394205                  0.07209422                  0.04538238                  0.04323814                  0.04264466 
                  0.07793408                  0.07598664                  0.04784469                  0.04558522                  0.04495929 
                  0.08209909                  0.08004776                  0.05041460                  0.04803496                  0.04737518 
                  0.08644193                  0.08428232                  0.05309517                  0.05059032                  0.04989521 
                  0.09096740                  0.08869501                  0.05588946                  0.05325423                  0.05252230 
                  0.09568030                  0.09329052                  0.05880054                  0.05602960                  0.05525932 
                  0.10058536                  0.09807350                  0.06183143                  0.05891935                  0.05810915 
                  0.10568727                  0.10304850                  0.06498513                  0.06192634                  0.06107462 
                  0.11099064                  0.10822006                  0.06826459                  0.06505343                  0.06415854 
                  0.11650003                  0.11359259                  0.07167274                  0.06830341                  0.06736366 
                  0.12221987                  0.11917044                  0.07521243                  0.07167904                  0.07069272 
                  0.12815450                  0.12495787                  0.07888649                  0.07518300                  0.07414835 
                  0.13430813                  0.13095897                  0.08269763                  0.07881792                  0.07773316 
                  0.14068483                  0.13717775                  0.08664852                  0.08258636                  0.08144968 
                  0.14728853                  0.14361806                  0.09074172                  0.08649078                  0.08530033 
                  0.15412301                  0.15028358                  0.09497967                  0.09053359                  0.08928748 
                  0.16119182                  0.15717782                  0.09936479                  0.09471703                  0.09341338 
                  0.16849837                  0.16430409                  0.10389929                  0.09904329                  0.09768018 
                  0.17604584                  0.17166552                  0.10858528                  0.10351443                  0.10208990 
                  0.18383716                  0.17926498                  0.11342479                  0.10813238                  0.10664445 
                  0.19187506                  0.18710515                  0.11841962                  0.11289891                  0.11134560 
                  0.20016193                  0.19518843                  0.12357149                  0.11781564                  0.11619499 
                  0.20870002                  0.20351698                  0.12888192                  0.12288411                  0.12119407 
                  0.21749118                  0.21209262                  0.13435224                  0.12810561                  0.12634416 
                  0.22653700                  0.22091699                  0.13998364                  0.13348131                  0.13164641 
                  0.23583874                  0.22999127                  0.14577708                  0.13901216                  0.13710177 
                  0.24539730                  0.23931645                  0.15173331                  0.14469892                  0.14271098 
                  0.25521326                  0.24889311                  0.15785290                  0.15054215                  0.14847466 
                  0.26528689                  0.25872144                  0.16413620                  0.15654224                  0.15439317 
                  0.27561802                  0.26880136                  0.17058328                  0.16269931                  0.16046661 
                  0.28620601                  0.27913234                  0.17719400                  0.16901331                  0.16669492 
                  0.29704994                  0.28971347                  0.18396801                  0.17548384                  0.17307782 
                  0.30814844                  0.30054346                  0.19090463                  0.18211040                  0.17961472 
                  0.31949973                  0.31162050                  0.19800296                  0.18889211                  0.18630485 
                  0.33110151                  0.32294250                  0.20526180                  0.19582792                  0.19314717 
                  0.34295109                  0.33450687                  0.21267971                  0.20291647                  0.20014030 
                  0.35504532                  0.34631053                  0.22025499                  0.21015617                  0.20728269 
                  0.36738053                  0.35834989                  0.22798549                  0.21754509                  0.21457250 
                  0.37995264                  0.37062109                  0.23586893                  0.22508106                  0.22200757 
                  0.39275697                  0.38311964                  0.24390267                  0.23276159                  0.22958550 
                  0.40578848                  0.39584056                  0.25208378                  0.24058391                  0.23730354 
                  0.41904157                  0.40877852                  0.26040894                  0.24854499                  0.24515870 
                  0.43251023                  0.42192751                  0.26887462                  0.25664148                  0.25314769 
                  0.44618773                  0.43528122                  0.27747688                  0.26486969                  0.26126689 
                  0.46006703                  0.44883266                  0.28621152                  0.27322564                  0.26951244 
                  0.47414052                  0.46257460                  0.29507405                  0.28170505                  0.27788010 
                  0.48840007                  0.47649902                  0.30405959                  0.29030341                  0.28636536 
                  0.50283706                  0.49059761                  0.31316301                  0.29901576                  0.29496345 
                  0.51744235                  0.50486147                  0.32237875                  0.30783692                  0.30366930 
                  0.53220624                  0.51928127                  0.33170110                  0.31676140                  0.31247747 
                  0.54711878                  0.53384727                  0.34112385                  0.32578346                  0.32138222 
                  0.56216931                  0.54854906                  0.35064059                  0.33489698                  0.33037761 
                  0.57734668                  0.56337601                  0.36024466                  0.34409559                  0.33945733 
                  0.59263945                  0.57831669                  0.36992896                  0.35337260                  0.34861487 
                  0.60803556                  0.59335959                  0.37968618                  0.36272112                  0.35784337 
                  0.62352276                  0.60849261                  0.38950872                  0.37213382                  0.36713570 
                  0.63908809                  0.62370324                  0.39938873                  0.38160327                  0.37648454 
                  0.65471822                  0.63897866                  0.40931797                  0.39112180                  0.38588220 
                  0.67039967                  0.65430546                  0.41928813                  0.40068132                  0.39532089 
                  0.68611836                  0.66967005                  0.42929050                  0.41027367                  0.40479249 
                  0.70185983                  0.68505836                  0.43931621                  0.41989034                  0.41428858 
                  0.71760941                  0.70045626                  0.44935614                  0.42952263                  0.42380071 
                  0.73335207                  0.71584904                  0.45940101                  0.43916169                  0.43332013 
                  0.74907255                  0.73122174                  0.46944124                  0.44879848                  0.44283795 
                  0.76475537                  0.74655914                  0.47946709                  0.45842373                  0.45234498 
                  0.78038460                  0.76184595                  0.48946881                  0.46802813                  0.46183199 
                  0.79594427                  0.77706647                  0.49943638                  0.47760206                  0.47128952 
                  0.81141824                  0.79220498                  0.50935966                  0.48713586                  0.48070809 
                  0.82679003                  0.80724561                  0.51922834                  0.49661967                  0.49007797 
                  0.84204328                  0.82217222                  0.52903205                  0.50604367                  0.49938953 
                  0.85716140                  0.83696866                  0.53876036                  0.51539785                  0.50863290 
                  0.87212777                  0.85161871                  0.54840291                  0.52467221                  0.51779819 
                  0.88692570                  0.86610609                  0.55794901                  0.53385669                  0.52687538 
                  0.90153855                  0.88041449                  0.56738812                  0.54294121                  0.53585470 
                  0.91594982                  0.89452779                  0.57670981                  0.55191571                  0.54472601 
                  0.93014276                  0.90842974                  0.58590341                  0.56076998                  0.55347949 
                  0.94410098                  0.92210436                  0.59495860                  0.56949401                  0.56210518 
                  0.95780814                  0.93553555                  0.60386479                  0.57807791                  0.57059324 
                  0.97124821                  0.94870764                  0.61261171                  0.58651173                  0.57893389 
                  0.98440504                  0.96160507                  0.62118918                  0.59478563                  0.58711737 
                  0.99726301                  0.97421223                  0.62958705                  0.60288990                  0.59513414 
                  1.00980663                  0.98651427                  0.63779533                  0.61081499                  0.60297471 
                  1.02202070                  0.99849612                  0.64580423                  0.61855137                  0.61062974 
                  1.03389049                  1.01014340                  0.65360415                  0.62608987                  0.61809027 
                  1.04540133                  1.02144194                  0.66118550                  0.63342136                  0.62534726 
                  1.05653930                  1.03237784                  0.66853940                  0.64053708                  0.63239187 
                  1.06729054                  1.04293764                  0.67565680                  0.64742839                  0.63921565 
                  1.07764208                  1.05310845                  0.68252897                  0.65408701                  0.64581031 
                  1.08758104                  1.06287789                  0.68914753                  0.66050470                  0.65216792 
                  1.09709525                  1.07223403                  0.69550437                  0.66667372                  0.65828067 
                  1.10617280                  1.08116519                  0.70159173                  0.67258656                  0.66414106 
                  1.11480284                  1.08966029                  0.70740223                  0.67823589                  0.66974211 
                  1.12297451                  1.09770918                  0.71292865                  0.68361509                  0.67507690 
                  1.13067806                  1.10530198                  0.71816450                  0.68871748                  0.68013906 
                  1.13790393                  1.11242962                  0.72310328                  0.69353682                  0.68492240 
                  1.14464366                  1.11908329                  0.72773910                  0.69806731                  0.68942112 
                  1.15088904                  1.12525511                  0.73206627                  0.70230365                  0.69362998 
                  1.15663278                  1.13093793                  0.73607981                  0.70624077                  0.69754386 
                  1.16186845                  1.13612497                  0.73977506                  0.70987397                  0.70115823 
                  1.16658974                  1.14081061                  0.74314761                  0.71319914                  0.70446897 
                  1.17079139                  1.14498937                  0.74619377                  0.71621251                  0.70747226 
                  1.17446911                  1.14865685                  0.74891001                  0.71891069                  0.71016479 
                  1.17761910                  1.15180922                  0.75129354                  0.72129071                  0.71254361 
                  1.18023825                  1.15444326                  0.75334191                  0.72335029                  0.71460629 
                  1.18232429                  1.15655708                  0.75505310                  0.72508729                  0.71635067 
                  1.18387556                  1.15814877                  0.75642574                  0.72650015                  0.71777523 
                  1.18489146                  1.15921748                  0.75745857                  0.72758782                  0.71887887 
                  1.18537176                  1.15976298                  0.75815117                  0.72834951                  0.71966088 
                  1.18531716                  1.15978611                  0.75850326                  0.72878510                  0.72012103 
                  1.18472934                  1.15928793                  0.75851542                  0.72889459                  0.72025943 
                  1.18361044                  1.15827060                  0.75818849                  0.72867894                  0.72007674 
                  1.18196321                  1.15673685                  0.75752383                  0.72813916                  0.71957397 
                  1.17979145                  1.15469003                  0.75652295                  0.72727686                  0.71875268 
                  1.17709947                  1.15213418                  0.75518835                  0.72609401                  0.71761489 
                  1.17389226                  1.14907432                  0.75352263                  0.72459304                  0.71616280 
                  1.17017555                  1.14551592                  0.75152898                  0.72277683                  0.71439928 
                  1.16595554                  1.14146507                  0.74921077                  0.72064853                  0.71232748 
                  1.16123939                  1.13692868                  0.74657214                  0.71821189                  0.70995092 
                  1.15603483                  1.13191390                  0.74361730                  0.71547103                  0.70727360 
                  1.15035009                  1.12642860                  0.74035108                  0.71243024                  0.70430005 
                  1.14419377                  1.12048185                  0.73677874                  0.70909452                  0.70103484 
                  1.13757575                  1.11408222                  0.73290592                  0.70546901                  0.69748306 
                  1.13050556                  1.10723948                  0.72873819                  0.70155919                  0.69365025 
                  1.12299395                  1.09996390                  0.72428191                  0.69737095                  0.68954200 
                  1.11505175                  1.09226608                  0.71954370                  0.69291055                  0.68516433 
                  1.10669053                  1.08415699                  0.71453047                  0.68818450                  0.68052387 
                  1.09792197                  1.07564843                  0.70924938                  0.68319947                  0.67562705 
                  1.08875859                  1.06675196                  0.70370787                  0.67796248                  0.67048091 
                  1.07921290                  1.05748010                  0.69791371                  0.67248088                  0.66509253 
                  1.06929803                  1.04784536                  0.69187486                  0.66676229                  0.65946943 
                  1.05902719                  1.03786087                  0.68559951                  0.66081440                  0.65361929 
                  1.04841399                  1.02753997                  0.67909610                  0.65464526                  0.64754987 
                  1.03747249                  1.01689589                  0.67237312                  0.64826304                  0.64126921 
                  1.02621686                  1.00594270                  0.66543937                  0.64167613                  0.63478559 
                  1.01466131                  0.99469423                  0.65830386                  0.63489300                  0.62810731 
                  1.00282049                  0.98316467                  0.65097558                  0.62792218                  0.62124288 
                  0.99070913                  0.97136831                  0.64346379                  0.62077242                  0.61420089 
                  0.97834194                  0.95931959                  0.63577771                  0.61345255                  0.60699016 
                  0.96573389                  0.94703305                  0.62792677                  0.60597163                  0.59961945 
                  0.95289993                  0.93452322                  0.61992031                  0.59833860                  0.59209758 
                  0.93985492                  0.92180490                  0.61176789                  0.59056246                  0.58443344 
                  0.92661405                  0.90889251                  0.60347885                  0.58265233                  0.57663608 
                  0.91319215                  0.89580083                  0.59506285                  0.57461727                  0.56871438 
                  0.89960420                  0.88254434                  0.58652925                  0.56646645                  0.56067735 
                  0.88586509                  0.86913770                  0.57788759                  0.55820882                  0.55253392 
                  0.87198955                  0.85559523                  0.56914729                  0.54985344                  0.54429299 
                  0.85799223                  0.84193116                  0.56031758                  0.54140937                  0.53596342 
                  0.84388757                  0.82815969                  0.55140799                  0.53288549                  0.52755404 
                  0.82968992                  0.81429487                  0.54242760                  0.52429056                  0.51907349 
                  0.81541336                  0.80035055                  0.53338557                  0.51563334                  0.51053053 
                  0.80107188                  0.78634024                  0.52429074                  0.50692260                  0.50193363 
                  0.78667915                  0.77227741                  0.51515204                  0.49816668                  0.49329126 
                  0.77224851                  0.75817531                  0.50597823                  0.48937410                  0.48461160 
                  0.75779325                  0.74404669                  0.49677777                  0.48055303                  0.47590292 
                  0.74332613                  0.72990417                  0.48755914                  0.47171158                  0.46717313 
                  0.72885972                  0.71576017                  0.47833043                  0.46285763                  0.45843011 
                  0.71440637                  0.70162660                  0.46909982                  0.45399901                  0.44968149 
                  0.69997799                  0.68751520                  0.45987508                  0.44514325                  0.44093475 
                  0.68558615                  0.67343748                  0.45066386                  0.43629771                  0.43219721 
                  0.67124218                  0.65940428                  0.44147348                  0.42746955                  0.42347598 
                  0.65695685                  0.64542639                  0.43231127                  0.41866577                  0.41477793 
                  0.64274067                  0.63151407                  0.42318413                  0.40989310                  0.40610978 
                  0.62860388                  0.61767727                  0.41409880                  0.40115812                  0.39747795 
                  0.61455607                  0.60392576                  0.40506172                  0.39246711                  0.38888875 
                  0.60060674                  0.59026867                  0.39607924                  0.38382617                  0.38034815 
                  0.58676481                  0.57671475                  0.38715741                  0.37524104                  0.37186199 
                  0.57303876                  0.56327248                  0.37830189                  0.36671743                  0.36343583 
                  0.55943698                  0.54994982                  0.36951834                  0.35826075                  0.35507500 
                  0.54596704                  0.53675455                  0.36081189                  0.34987605                  0.34678459 
                  0.53263628                  0.52369386                  0.35218757                  0.34156823                  0.33856946 
                  0.51945174                  0.51077473                  0.34365022                  0.33334199                  0.33043420 
                  0.50642002                  0.49800357                  0.33520424                  0.32520169                  0.32238322 
                  0.49354717                  0.48538640                  0.32685399                  0.31715146                  0.31442067 
                  0.48083901                  0.47292897                  0.31860337                  0.30919534                  0.30655044 
                  0.46830091                  0.46063665                  0.31045619                  0.30133688                  0.29877618 
                  0.45593786                  0.44851425                  0.30241594                  0.29357958                  0.29110128 
                  0.44375443                  0.43656644                  0.29448578                  0.28592664                  0.28352901 
                  0.43175483                  0.42479742                  0.28666884                  0.27838105                  0.27606231 
                  0.41994286                  0.41321096                  0.27896783                  0.27094552                  0.26870388 
                  0.40832207                  0.40181053                  0.27138531                  0.26362255                  0.26145625 
                  0.39689553                  0.39059922                  0.26392356                  0.25641444                  0.25432172 
                  0.38566604                  0.37957987                  0.25658455                  0.24932334                  0.24730232 
                  0.37463605                  0.36875489                  0.24937026                  0.24235101                  0.24039997 
                  0.36380762                  0.35812637                  0.24228226                  0.23549913                  0.23361628 
                  0.35318249                  0.34769613                  0.23532198                  0.22876915                  0.22695267 
                  0.34276217                  0.33746573                  0.22849065                  0.22216226                  0.22041047 
                  0.33254781                  0.32743624                  0.22178924                  0.21567953                  0.21399066 
                  0.32254025                  0.31760862                  0.21521857                  0.20932183                  0.20769414 
                  0.31274003                  0.30798352                  0.20877925                  0.20308983                  0.20152161 
                  0.30314749                  0.29856122                  0.20247173                  0.19698399                  0.19547358 
                  0.29376268                  0.28934184                  0.19629630                  0.19100465                  0.18955040 
                  0.28458536                  0.28032523                  0.19025302                  0.18515199                  0.18375224 
                  0.27561504                  0.27151096                  0.18434183                  0.17942600                  0.17807910 
                  0.26685107                  0.26289842                  0.17856252                  0.17382650                  0.17253087 
                  0.25829253                  0.25448674                  0.17291474                  0.16835321                  0.16710730 
                  0.24993825                  0.24627495                  0.16739792                  0.16300575                  0.16180794 
                  0.24178694                  0.23826176                  0.16201144                  0.15778348                  0.15663226 
                  0.23383708                  0.23044573                  0.15675452                  0.15268572                  0.15157960 
                  0.22608702                  0.22282523                  0.15162624                  0.14771166                  0.14664918 
                  0.21853486                  0.21539852                  0.14662561                  0.14286040                  0.14184010 
                  0.21117860                  0.20816365                  0.14175147                  0.13813087                  0.13715136 
                  0.20401610                  0.20111856                  0.13700260                  0.13352193                  0.13258184 
                  0.19704506                  0.19426103                  0.13237768                  0.12903237                  0.12813035 
                  0.19026305                  0.18758874                  0.12787530                  0.12466087                  0.12379561 
                  0.18366753                  0.18109922                  0.12349392                  0.12040604                  0.11957623 
                  0.17725584                  0.17478992                  0.11923201                  0.11626639                  0.11547079 
                  0.17102526                  0.16865815                  0.11508791                  0.11224038                  0.11147776 
                  0.16497293                  0.16270122                  0.11105993                  0.10832638                  0.10759556 
                  0.15909594                  0.15691626                  0.10714624                  0.10452274                  0.10382256 
                  0.15339130                  0.15130039                  0.10334507                  0.10082773                  0.10015704 
                  0.14785598                  0.14585058                  0.09965453                  0.09723956                  0.09659729 
                  0.14248686                  0.14056389                  0.09607269                  0.09375644                  0.09314151 
                  0.13728076                  0.13543721                  0.09259760                  0.09037652                  0.08978788 
                  0.13223450                  0.13046744                  0.08922729                  0.08709787                  0.08653453 
                  0.12734485                  0.12565145                  0.08595972                  0.08391860                  0.08337958 
                  0.12260856                  0.12098603                  0.08279286                  0.08083677                  0.08032111 
                  0.11802232                  0.11646799                  0.07972465                  0.07785039                  0.07735719 
                  0.11358283                  0.11209411                  0.07675301                  0.07495750                  0.07448586 
                  0.10928681                  0.10786118                  0.07387585                  0.07215610                  0.07170517 
                  0.10513094                  0.10376595                  0.07109107                  0.06944418                  0.06901313 
                  0.10111192                  0.09980519                  0.06839658                  0.06681973                  0.06640776 
                  0.09722643                  0.09597570                  0.06579027                  0.06428074                  0.06388707 
                  0.09347118                  0.09227426                  0.06327005                  0.06182521                  0.06144909 
                  0.08984292                  0.08869765                  0.06083382                  0.05945113                  0.05909183 
                  0.08633838                  0.08524270                  0.05847950                  0.05715650                  0.05681331 
                  0.08295433                  0.08190624                  0.05620503                  0.05493933                  0.05461158 
                  0.07968757                  0.07868514                  0.05400833                  0.05279763                  0.05248468 
                  0.07653492                  0.07557632                  0.05188736                  0.05072945                  0.05043066 
                  0.07349325                  0.07257669                  0.04984010                  0.04873282                  0.04844761 
                  0.07055947                  0.06968321                  0.04786455                  0.04680584                  0.04653362 
                  0.06773052                  0.06689288                  0.04595873                  0.04494659                  0.04468680 
                  0.06500337                  0.06420275                  0.04412068                  0.04315318                  0.04290529 
                  0.06237505                  0.06160991                  0.04234846                  0.04142376                  0.04118725 
                  0.05984265                  0.05911150                  0.04064017                  0.03975649                  0.03953085 
                  0.05740327                  0.05670468                  0.03899393                  0.03814955                  0.03793432 
                  0.05505408                  0.05438668                  0.03740791                  0.03660117                  0.03639589 
                  0.05279231                  0.05215476                  0.03588029                  0.03510961                  0.03491382 
                  0.05061524                  0.05000628                  0.03440927                  0.03367312                  0.03348640 
                  0.04852020                  0.04793859                  0.03299313                  0.03229001                  0.03211198 
                  0.04650456                  0.04594912                  0.03163012                  0.03095865                  0.03078889 
                  0.04456576                  0.04403537                  0.03031858                  0.02967738                  0.02951554 
                  0.04270129                  0.04219487                  0.02905686                  0.02844462                  0.02829034 
                  0.04090871                  0.04042522                  0.02784333                  0.02725881                  0.02711175 
                  0.03918563                  0.03872406                  0.02667643                  0.02611842                  0.02597825 
                  0.03752970                  0.03708909                  0.02555462                  0.02502196                  0.02488836 
                  0.03593864                  0.03551809                  0.02447638                  0.02396796                  0.02384064 
                  0.03441024                  0.03400885                  0.02344025                  0.02295502                  0.02283368 
                  0.03294232                  0.03255924                  0.02244479                  0.02198172                  0.02186609 
                  0.03153278                  0.03116720                  0.02148861                  0.02104672                  0.02093654 
                  0.03017955                  0.02983071                  0.02057035                  0.02014869                  0.02004372 
                  0.02888065                  0.02854780                  0.01968868                  0.01928636                  0.01918634 
                  0.02763413                  0.02731654                  0.01884230                  0.01845846                  0.01836317 
                  0.02643809                  0.02613510                  0.01802996                  0.01766378                  0.01757299 
                  0.02529071                  0.02500166                  0.01725044                  0.01690112                  0.01681464 
                  0.02419021                  0.02391446                  0.01650255                  0.01616935                  0.01608696 
                  0.02313485                  0.02287181                  0.01578515                  0.01546733                  0.01538884 
                  0.02212296                  0.02187207                  0.01509711                  0.01479398                  0.01471922 
                  0.02115292                  0.02091361                  0.01443735                  0.01414825                  0.01407704 
                  0.02022314                  0.01999490                  0.01380482                  0.01352911                  0.01346128 
                  0.01933211                  0.01911444                  0.01319849                  0.01293557                  0.01287096 
                  0.01847835                  0.01827076                  0.01261738                  0.01236666                  0.01230512 
                  0.01766043                  0.01746246                  0.01206053                  0.01182146                  0.01176284 
                  0.01687696                  0.01668818                  0.01152701                  0.01129906                  0.01124323 
                  0.01612660                  0.01594659                  0.01101593                  0.01079859                  0.01074541 
                  0.01540807                  0.01523643                  0.01052642                  0.01031920                  0.01026855 
                  0.01472012                  0.01455646                  0.01005763                  0.00986008                  0.00981184 
                  0.01406153                  0.01390549                  0.00960877                  0.00942043                  0.00937449 
                  0.01343115                  0.01328238                  0.00917903                  0.00899949                  0.00895574 
                  0.01282784                  0.01268600                  0.00876768                  0.00859653                  0.00855486 
                  0.01225053                  0.01211531                  0.00837398                  0.00821083                  0.00817114 
                  0.01169816                  0.01156925                  0.00799721                  0.00784170                  0.00780390 
                  0.01116973                  0.01104684                  0.00763671                  0.00748848                  0.00745248 
                  0.01066426                  0.01054712                  0.00729181                  0.00715052                  0.00711625 
                  0.01018082                  0.01006915                  0.00696189                  0.00682722                  0.00679458 
                  0.00971850                  0.00961205                  0.00664633                  0.00651798                  0.00648689 
                  0.00927643                  0.00917497                  0.00634454                  0.00622222                  0.00619261 
                  0.00885377                  0.00875706                  0.00605596                  0.00593939                  0.00591118 
                  0.00844972                  0.00835755                  0.00578004                  0.00566895                  0.00564209 
                  0.00806351                  0.00797565                  0.00551627                  0.00541040                  0.00538482 
                  0.00769437                  0.00761064                  0.00526412                  0.00516323                  0.00513887 
                  0.00734161                  0.00726180                  0.00502313                  0.00492698                  0.00490379 
                  0.00700452                  0.00692846                  0.00479281                  0.00470120                  0.00467910 
                  0.00668244                  0.00660996                  0.00457273                  0.00448542                  0.00446438 
                  0.00637474                  0.00630566                  0.00436244                  0.00427925                  0.00425921 
                  0.00608080                  0.00601497                  0.00416153                  0.00408227                  0.00406318 
                  0.00580004                  0.00573731                  0.00396961                  0.00389408                  0.00387591 
                  0.00553189                  0.00547210                  0.00378628                  0.00371432                  0.00369702 
                  0.00527580                  0.00521883                  0.00361119                  0.00354263                  0.00352615 
                  0.00503126                  0.00497698                  0.00344398                  0.00337865                  0.00336295 
                  0.00479776                  0.00474604                  0.00328430                  0.00322206                  0.00320711 
                  0.00457483                  0.00452555                  0.00313183                  0.00307254                  0.00305830 
                  0.00436201                  0.00431505                  0.00298626                  0.00292978                  0.00291621 
                  0.00415885                  0.00411411                  0.00284730                  0.00279348                  0.00278056 
                  0.00396494                  0.00392231                  0.00271464                  0.00266337                  0.00265107 
                  0.00377986                  0.00373924                  0.00258802                  0.00253918                  0.00252746 
                  0.00360322                  0.00356453                  0.00246716                  0.00242064                  0.00240948 
                  0.00343467                  0.00339780                  0.00235183                  0.00230751                  0.00229688 
                  0.00327383                  0.00323870                  0.00224176                  0.00219954                  0.00218942 
                  0.00312036                  0.00308690                  0.00213674                  0.00209652                  0.00208688 
                  0.00297394                  0.00294207                  0.00203653                  0.00199822                  0.00198904 
                  0.00283426                  0.00280389                  0.00194093                  0.00190444                  0.00189570 
                  0.00270101                  0.00267208                  0.00184972                  0.00181497                  0.00180664 
                  0.00257391                  0.00254635                  0.00176272                  0.00172961                  0.00172168 
                  0.00245267                  0.00242642                  0.00167973                  0.00164819                  0.00164064 
                  0.00233704                  0.00231204                  0.00160057                  0.00157054                  0.00156335 
                  0.00222677                  0.00220295                  0.00152508                  0.00149647                  0.00148962 
                  0.00212161                  0.00209892                  0.00145308                  0.00142583                  0.00141931 
                  0.00202133                  0.00199971                  0.00138442                  0.00135847                  0.00135226 
                  0.00192571                  0.00190512                  0.00131895                  0.00129423                  0.00128832 
                  0.00183454                  0.00181493                  0.00125652                  0.00123299                  0.00122735 
                  0.00174761                  0.00172894                  0.00119700                  0.00117459                  0.00116922 
                  0.00166475                  0.00164696                  0.00114026                  0.00111891                  0.00111380 
                  0.00158575                  0.00156881                  0.00108616                  0.00106583                  0.00106096 
                  0.00151044                  0.00149431                  0.00103459                  0.00101522                  0.00101059 
                  0.00143866                  0.00142329                  0.00098542                  0.00096699                  0.00096258 
                  0.00137023                  0.00135560                  0.00093857                  0.00092101                  0.00091681 
                  0.00130502                  0.00129109                  0.00089390                  0.00087718                  0.00087318 
                  0.00124287                  0.00122960                  0.00085134                  0.00083542                  0.00083161 
                  0.00118364                  0.00117100                  0.00081077                  0.00079561                  0.00079198 
                  0.00112719                  0.00111515                  0.00077211                  0.00075767                  0.00075422 
                  0.00107340                  0.00106194                  0.00073526                  0.00072152                  0.00071823 
                  0.00102214                  0.00101123                  0.00070015                  0.00068707                  0.00068394 
                  0.00097330                  0.00096291                  0.00066670                  0.00065424                  0.00065126 
                  0.00092677                  0.00091687                  0.00063483                  0.00062296                  0.00062012 
                  0.00088243                  0.00087301                  0.00060446                  0.00059316                  0.00059046 
                  0.00084019                  0.00083122                  0.00057552                  0.00056477                  0.00056219 
                  0.00079995                  0.00079141                  0.00054796                  0.00053772                  0.00053527 
                  0.00076161                  0.00075348                  0.00052170                  0.00051195                  0.00050962 
                  0.00072510                  0.00071735                  0.00049668                  0.00048740                  0.00048518 
                  0.00069031                  0.00068294                  0.00047285                  0.00046402                  0.00046190 
                  0.00065717                  0.00065015                  0.00045015                  0.00044174                  0.00043973 
                  0.00062561                  0.00061893                  0.00042853                  0.00042052                  0.00041861 
                  0.00059555                  0.00058919                  0.00040794                  0.00040032                  0.00039849 
                  0.00056691                  0.00056086                  0.00038833                  0.00038107                  0.00037933 
                  0.00053965                  0.00053388                  0.00036964                  0.00036274                  0.00036108 
                  0.00051367                  0.00050819                  0.00035185                  0.00034528                  0.00034370 
                  0.00048894                  0.00048372                  0.00033491                  0.00032865                  0.00032715 
                  0.00046539                  0.00046042                  0.00031878                  0.00031282                  0.00031139 
                  0.00044296                  0.00043823                  0.00030341                  0.00029774                  0.00029638 
                  0.00042160                  0.00041710                  0.00028878                  0.00028338                  0.00028209 
                  0.00040126                  0.00039698                  0.00027485                  0.00026971                  0.00026848 
                  0.00038190                  0.00037782                  0.00026158                  0.00025669                  0.00025552 
                  0.00036346                  0.00035958                  0.00024895                  0.00024430                  0.00024318 
                  0.00034591                  0.00034221                  0.00023693                  0.00023249                  0.00023143 
                  0.00032919                  0.00032567                  0.00022548                  0.00022126                  0.00022025 
                  0.00031328                  0.00030993                  0.00021458                  0.00021056                  0.00020960 
                  0.00029813                  0.00029494                  0.00020420                  0.00020038                  0.00019946 
                  0.00028370                  0.00028067                  0.00019432                  0.00019068                  0.00018981 
                  0.00026997                  0.00026708                  0.00018491                  0.00018145                  0.00018062 
                  0.00025690                  0.00025415                  0.00017596                  0.00017266                  0.00017187 
                  0.00024446                  0.00024184                  0.00016743                  0.00016430                  0.00016354 
                  0.00023261                  0.00023012                  0.00015932                  0.00015633                  0.00015562 
                  0.00022134                  0.00021897                  0.00015159                  0.00014875                  0.00014807 
                  0.00021060                  0.00020835                  0.00014424                  0.00014154                  0.00014089 
                  0.00020039                  0.00019824                  0.00013724                  0.00013467                  0.00013406 
                  0.00019066                  0.00018862                  0.00013058                  0.00012814                  0.00012755 
                  0.00018141                  0.00017947                  0.00012424                  0.00012192                  0.00012136 
                  0.00017260                  0.00017075                  0.00011821                  0.00011599                  0.00011546 
                  0.00016422                  0.00016246                  0.00011247                  0.00011036                  0.00010985 
                  0.00015624                  0.00015456                  0.00010700                  0.00010500                  0.00010451 
                  0.00014864                  0.00014705                  0.00010180                  0.00009989                  0.00009943 
                  0.00014142                  0.00013990                  0.00009685                  0.00009503                  0.00009460 
                  0.00013454                  0.00013310                  0.00009214                  0.00009041                  0.00008999 
                  0.00012799                  0.00012662                  0.00008765                  0.00008601                  0.00008561 
                  0.00012176                  0.00012046                  0.00008339                  0.00008182                  0.00008145 
                  0.00011584                  0.00011459                  0.00007933                  0.00007784                  0.00007748 
                  0.00011020                  0.00010901                  0.00007546                  0.00007405                  0.00007371 
                  0.00010483                  0.00010370                  0.00007179                  0.00007044                  0.00007012 
                  0.00009972                  0.00009865                  0.00006829                  0.00006701                  0.00006670 
                  0.00009486                  0.00009384                  0.00006496                  0.00006374                  0.00006345 
                  0.00009024                  0.00008927                  0.00006179                  0.00006063                  0.00006035 
                  0.00008584                  0.00008491                  0.00005878                  0.00005768                  0.00005741 
                  0.00008165                  0.00008077                  0.00005591                  0.00005486                  0.00005461 
                  0.00007767                  0.00007683                  0.00005318                  0.00005218                  0.00005194 
                  0.00007387                  0.00007308                  0.00005059                  0.00004964                  0.00004941 
                  0.00007027                  0.00006951                  0.00004812                  0.00004721                  0.00004700 
                  0.00006684                  0.00006612                  0.00004577                  0.00004491                  0.00004470 
                  0.00006357                  0.00006289                  0.00004353                  0.00004271                  0.00004252 
                  0.00006047                  0.00005982                  0.00004140                  0.00004063                  0.00004044 
                  0.00005751                  0.00005689                  0.00003938                  0.00003864                  0.00003846 
                  0.00005470                  0.00005411                  0.00003746                  0.00003675                  0.00003658 
                  0.00005203                  0.00005147                  0.00003562                  0.00003495                  0.00003479 
                  0.00004948                  0.00004895                  0.00003388                  0.00003324                  0.00003309 
                  0.00004706                  0.00004656                  0.00003223                  0.00003162                  0.00003147 
                  0.00004476                  0.00004428                  0.00003065                  0.00003007                  0.00002993 
                  0.00004257                  0.00004211                  0.00002915                  0.00002860                  0.00002847 
                  0.00004049                  0.00004005                  0.00002772                  0.00002720                  0.00002707 
                  0.00003851                  0.00003809                  0.00002636                  0.00002587                  0.00002575 
                  0.00003662                  0.00003623                  0.00002507                  0.00002460                  0.00002449 
                  0.00003483                  0.00003445                  0.00002385                  0.00002340                  0.00002329 
                  0.00003312                  0.00003276                  0.00002268                  0.00002225                  0.00002215 
                  0.00003150                  0.00003116                  0.00002157                  0.00002116                  0.00002106 
                  0.00002995                  0.00002963                  0.00002051                  0.00002012                  0.00002003 
                  0.00002849                  0.00002818                  0.00001950                  0.00001914                  0.00001905 
                  0.00002709                  0.00002680                  0.00001855                  0.00001820                  0.00001811 
                  0.00002576                  0.00002548                  0.00001764                  0.00001730                  0.00001722 
                  0.00002450                  0.00002423                  0.00001677                  0.00001646                  0.00001638 
                  0.00002330                  0.00002305                  0.00001595                  0.00001565                  0.00001558 
                  0.00002215                  0.00002191                  0.00001517                  0.00001488                  0.00001481 
                  0.00002107                  0.00002084                  0.00001442                  0.00001415                  0.00001408 
                  0.00002003                  0.00001982                  0.00001371                  0.00001346                  0.00001339 
                  0.00001905                  0.00001884                  0.00001304                  0.00001280                  0.00001274 
                  0.00001811                  0.00001792                  0.00001240                  0.00001217                  0.00001211 
                  0.00001722                  0.00001704                  0.00001179                  0.00001157                  0.00001152 
                  0.00001638                  0.00001620                  0.00001121                  0.00001100                  0.00001095 
                  0.00001557                  0.00001541                  0.00001066                  0.00001046                  0.00001041 
                  0.00001481                  0.00001465                  0.00001014                  0.00000995                  0.00000990 
                  0.00001408                  0.00001393                  0.00000964                  0.00000946                  0.00000941 
                  0.00001339                  0.00001324                  0.00000917                  0.00000899                  0.00000895 
                  0.00001273                  0.00001259                  0.00000872                  0.00000855                  0.00000851 
                  0.00001211                  0.00001197                  0.00000829                  0.00000813                  0.00000809 
                  0.00001151                  0.00001139                  0.00000788                  0.00000773                  0.00000769 
                  0.00001094                  0.00001083                  0.00000749                  0.00000735                  0.00000732 
                  0.00001041                  0.00001029                  0.00000712                  0.00000699                  0.00000696 
                  0.00000989                  0.00000979                  0.00000677                  0.00000664                  0.00000661 
                  0.00000941                  0.00000931                  0.00000644                  0.00000632                  0.00000629 
                  0.00000894                  0.00000885                  0.00000612                  0.00000601                  0.00000598 
                  0.00000850                  0.00000841                  0.00000582                  0.00000571                  0.00000568 
                  0.00000809                  0.00000800                  0.00000553                  0.00000543                  0.00000540 
                  0.00000769                  0.00000760                  0.00000526                  0.00000516                  0.00000514 
                  0.00000731                  0.00000723                  0.00000500                  0.00000491                  0.00000489 
                  0.00000695                  0.00000687                  0.00000476                  0.00000467                  0.00000465 
                  0.00000661                  0.00000654                  0.00000452                  0.00000444                  0.00000442 
                  0.00000628                  0.00000621                  0.00000430                  0.00000422                  0.00000420 
                  0.00000597                  0.00000591                  0.00000409                  0.00000401                  0.00000399 
                  0.00000568                  0.00000562                  0.00000389                  0.00000381                  0.00000380 
                  0.00000540                  0.00000534                  0.00000370                  0.00000363                  0.00000361 
                  0.00000513                  0.00000508                  0.00000351                  0.00000345                  0.00000343 
                  0.00000488                  0.00000483                  0.00000334                  0.00000328                  0.00000326 
                  0.00000464                  0.00000459                  0.00000318                  0.00000311                  0.00000310 
                  0.00000441                  0.00000436                  0.00000302                  0.00000296                  0.00000295 
                  0.00000419                  0.00000415                  0.00000287                  0.00000282                  0.00000280 
                  0.00000399                  0.00000394                  0.00000273                  0.00000268                  0.00000266 
                  0.00000379                  0.00000375                  0.00000259                  0.00000254                  0.00000253 
                  0.00000360                  0.00000356                  0.00000247                  0.00000242                  0.00000241 
                  0.00000342                  0.00000339                  0.00000234                  0.00000230                  0.00000229 
                  0.00000326                  0.00000322                  0.00000223                  0.00000219                  0.00000218 
                  0.00000310                  0.00000306                  0.00000212                  0.00000208                  0.00000207 
                  0.00000294                  0.00000291                  0.00000201                  0.00000198                  0.00000197 
                  0.00000280                  0.00000277                  0.00000191                  0.00000188                  0.00000187 
                  0.00000266                  0.00000263                  0.00000182                  0.00000179                  0.00000178 
                  0.00000253                  0.00000250                  0.00000173                  0.00000170                  0.00000169 
                  0.00000240                  0.00000238                  0.00000164                  0.00000161                  0.00000161 
                  0.00000228                  0.00000226                  0.00000156                  0.00000153                  0.00000153 
                  0.00000217                  0.00000215                  0.00000149                  0.00000146                  0.00000145 
                  0.00000206                  0.00000204                  0.00000141                  0.00000139                  0.00000138 
                  0.00000196                  0.00000194                  0.00000134                  0.00000132                  0.00000131 
                  0.00000187                  0.00000185                  0.00000128                  0.00000125                  0.00000125 
                  0.00000177                  0.00000175                  0.00000121                  0.00000119                  0.00000119 
                  0.00000169                  0.00000167                  0.00000115                  0.00000113                  0.00000113 
                  0.00000160                  0.00000159                  0.00000110                  0.00000108                  0.00000107 
                  0.00000152                  0.00000151                  0.00000104                  0.00000102                  0.00000102 
                  0.00000145                  0.00000143                  0.00000099                  0.00000097                  0.00000097 
                  0.00000138                  0.00000136                  0.00000094                  0.00000092                  0.00000092 
                  0.00000131                  0.00000129                  0.00000090                  0.00000088                  0.00000087 
                  0.00000124                  0.00000123                  0.00000085                  0.00000084                  0.00000083 
                  0.00000118                  0.00000117                  0.00000081                  0.00000079                  0.00000079 
                  0.00000112                  0.00000111                  0.00000077                  0.00000075                  0.00000075 
                  0.00000107                  0.00000106                  0.00000073                  0.00000072                  0.00000071 
                  0.00000102                  0.00000100                  0.00000070                  0.00000068                  0.00000068 
                  0.00000097                  0.00000095                  0.00000066                  0.00000065                  0.00000065 
                  0.00000092                  0.00000091                  0.00000063                  0.00000062                  0.00000061 
                  0.00000087                  0.00000086                  0.00000060                  0.00000059                  0.00000058 
                  0.00000083                  0.00000082                  0.00000057                  0.00000056                  0.00000055 
                  0.00000079                  0.00000078                  0.00000054                  0.00000053                  0.00000053 
                  0.00000075                  0.00000074                  0.00000051                  0.00000050                  0.00000050 
                  0.00000071                  0.00000070                  0.00000049                  0.00000048                  0.00000048 
                  0.00000068                  0.00000067                  0.00000046                  0.00000045                  0.00000045 
                  0.00000064                  0.00000064                  0.00000044                  0.00000043                  0.00000043 
                  0.00000061                  0.00000060                  0.00000042                  0.00000041                  0.00000041 
                  0.00000058                  0.00000057                  0.00000040                  0.00000039                  0.00000039 
                  0.00000055                  0.00000055                  0.00000038                  0.00000037                  0.00000037 
                  0.00000053                  0.00000052                  0.00000036                  0.00000035                  0.00000035 
                  0.00000050                  0.00000049                  0.00000034                  0.00000034                  0.00000033 
                  0.00000047                  0.00000047                  0.00000032                  0.00000032                  0.00000032 
                  0.00000045                  0.00000045                  0.00000031                  0.00000030                  0.00000030 
                  0.00000043                  0.00000042                  0.00000029                  0.00000029                  0.00000029 
                  0.00000041                  0.00000040                  0.00000028                  0.00000027                  0.00000027 
                  0.00000039                  0.00000038                  0.00000026                  0.00000026                  0.00000026 
                  0.00000037                  0.00000036                  0.00000025                  0.00000025                  0.00000025 
                  0.00000035                  0.00000035                  0.00000024                  0.00000023                  0.00000023 
                  0.00000033                  0.00000033                  0.00000023                  0.00000022                  0.00000022 
                  0.00000032                  0.00000031                  0.00000022                  0.00000021                  0.00000021 
