        0.00000000        0.00000000        0.00000000        0.00000000        0.00000000        0.00000000        0.00000000 
        0.00000000        0.00000000        0.00000000        0.00000000        0.00000000        0.00000000        0.00000000 
        0.00000000        0.00000000        0.00000000       -0.00000000        0.00000000        0.00000000        0.00000000 
        0.00000000        0.00000000        0.00000000       -0.00000000       -0.00000000       -0.00000000        0.00000000 
        0.00000000        0.00000000        0.00000000       -0.00000000       -0.00000000       -0.00000000        0.00000000 
        0.00000000        0.00000000        0.00000000       -0.00000000       -0.00000000       -0.00000000       -0.00000000 
        0.00000000        0.00000000        0.00000000       -0.00000000       -0.00000000       -0.00000000       -0.00000000 
        0.00000000        0.00000000        0.00000000       -0.00000000       -0.00000000       -0.00000000       -0.00000000 
        0.00000000        0.00000000        0.00000000       -0.00000000       -0.00000000       -0.00000000       -0.00000000 
        0.00000000        0.00000000        0.00000000       -0.00000000       -0.00000000       -0.00000000       -0.00000000 
        0.00000000        0.00000000        0.00000000       -0.00000000       -0.00000000       -0.00000000       -0.00000000 
        0.00000000        0.00000000        0.00000000       -0.00000000       -0.00000000       -0.00000000       -0.00000000 
        0.00000000        0.00000000        0.00000000       -0.00000000       -0.00000000       -0.00000000       -0.00000000 
       -0.00000000        0.00000000        0.00000000       -0.00000000       -0.00000000       -0.00000000       -0.00000000 
       -0.00000000        0.00000000        0.00000000       -0.00000000       -0.00000000       -0.00000000       -0.00000000 
       -0.00000000        0.00000000        0.00000000       -0.00000000       -0.00000000       -0.00000000       -0.00000000 
       -0.00000000        0.00000000        0.00000000       -0.00000000       -0.00000000       -0.00000000       -0.00000000 
       -0.00000000        0.00000000        0.00000000       -0.00000000       -0.00000000       -0.00000000       -0.00000000 
        0.00000000        0.00000000        0.00000000       -0.00000000       -0.00000000       -0.00000000       -0.00000000 
        0.00000000        0.00000000        0.00000000       -0.00000000       -0.00000000       -0.00000000       -0.00000000 
        0.00000000        0.00000000        0.00000000       -0.00000000       -0.00000000       -0.00000000       -0.00000000 
        0.00000000        0.00000000        0.00000000       -0.00000000       -0.00000000       -0.00000000       -0.00000000 
        0.00000000        0.00000000        0.00000000       -0.00000000       -0.00000000       -0.00000000       -0.00000000 
        0.00000000        0.00000000        0.00000000       -0.00000000       -0.00000000       -0.00000000       -0.00000000 
        0.00000000        0.00000000        0.00000000       -0.00000000       -0.00000000       -0.00000000       -0.00000000 
        0.00000000        0.00000000        0.00000000       -0.00000000       -0.00000000       -0.00000000       -0.00000000 
        0.00000000        0.00000000        0.00000000       -0.00000000       -0.00000000       -0.00000000       -0.00000000 
        0.00000000        0.00000000        0.00000000       -0.00000000       -0.00000000       -0.00000000       -0.00000000 
        0.00000000        0.00000000        0.00000000       -0.00000000       -0.00000000       -0.00000000       -0.00000000 
        0.00000000        0.00000000        0.00000000       -0.00000000       -0.00000000       -0.00000000       -0.00000000 
        0.00000000        0.00000000        0.00000000       -0.00000000       -0.00000000       -0.00000000       -0.00000000 
        0.00000000        0.00000000        0.00000000       -0.00000000       -0.00000000       -0.00000000       -0.00000000 
        0.00000000        0.00000000        0.00000000       -0.00000000       -0.00000000       -0.00000000       -0.00000000 
        0.00000000        0.00000000        0.00000000       -0.00000000       -0.00000000       -0.00000000       -0.00000000 
        0.00000000        0.00000000        0.00000000       -0.00000000       -0.00000000       -0.00000000       -0.00000000 
        0.00000000        0.00000000        0.00000000       -0.00000000       -0.00000000       -0.00000000       -0.00000000 
        0.00000000        0.00000000        0.00000000       -0.00000000       -0.00000000       -0.00000000       -0.00000000 
        0.00000000        0.00000000        0.00000000       -0.00000000       -0.00000000       -0.00000000       -0.00000000 
        0.00000000        0.00000000        0.00000000       -0.00000000       -0.00000000       -0.00000000       -0.00000000 
        0.00000000        0.00000000        0.00000000       -0.00000000       -0.00000000       -0.00000000       -0.00000000 
        0.00000000        0.00000000        0.00000000       -0.00000000       -0.00000000       -0.00000000       -0.00000000 
        0.00000000        0.00000000        0.00000000       -0.00000000       -0.00000000       -0.00000000       -0.00000000 
        0.00000000        0.00000000        0.00000000       -0.00000000       -0.00000000       -0.00000000       -0.00000000 
        0.00000000        0.00000000        0.00000000       -0.00000000       -0.00000000       -0.00000000       -0.00000000 
        0.00000000        0.00000000        0.00000000       -0.00000000       -0.00000000       -0.00000000       -0.00000000 
        0.00000000        0.00000000        0.00000000       -0.00000000       -0.00000000       -0.00000000       -0.00000000 
        0.00000000        0.00000000        0.00000000       -0.00000000       -0.00000000       -0.00000000       -0.00000000 
        0.00000000        0.00000000        0.00000000       -0.00000000       -0.00000000       -0.00000000       -0.00000000 
        0.00000000        0.00000000        0.00000000       -0.00000000       -0.00000000       -0.00000000       -0.00000000 
        0.00000000        0.00000000        0.00000000       -0.00000000       -0.00000000       -0.00000000       -0.00000000 
        0.00000000        0.00000000        0.00000000       -0.00000000       -0.00000000       -0.00000000       -0.00000000 
        0.00000000        0.00000000        0.00000001       -0.00000000       -0.00000000       -0.00000000       -0.00000000 
        0.00000000        0.00000000        0.00000001       -0.00000000       -0.00000000       -0.00000000       -0.00000000 
        0.00000000        0.00000000        0.00000001       -0.00000001       -0.00000000       -0.00000000       -0.00000000 
        0.00000000        0.00000000        0.00000001       -0.00000001       -0.00000000       -0.00000000       -0.00000000 
        0.00000000        0.00000000        0.00000001       -0.00000001       -0.00000000       -0.00000000       -0.00000000 
        0.00000000        0.00000000        0.00000002       -0.00000001       -0.00000000       -0.00000000       -0.00000000 
        0.00000000        0.00000000        0.00000002       -0.00000001       -0.00000001       -0.00000000       -0.00000000 
        0.00000000        0.00000000        0.00000003       -0.00000002       -0.00000001       -0.00000000       -0.00000000 
        0.00000000        0.00000000        0.00000004       -0.00000002       -0.00000001       -0.00000000       -0.00000000 
        0.00000000        0.00000000        0.00000004       -0.00000003       -0.00000001       -0.00000000       -0.00000000 
        0.00000000        0.00000000        0.00000006       -0.00000003       -0.00000001       -0.00000001       -0.00000000 
        0.00000000        0.00000000        0.00000007       -0.00000004       -0.00000002       -0.00000001       -0.00000000 
        0.00000000        0.00000000        0.00000009       -0.00000005       -0.00000002       -0.00000001       -0.00000001 
        0.00000000        0.00000000        0.00000011       -0.00000007       -0.00000002       -0.00000001       -0.00000001 
        0.00000000        0.00000000        0.00000013       -0.00000008       -0.00000003       -0.00000001       -0.00000001 
        0.00000000        0.00000001        0.00000016       -0.00000010       -0.00000004       -0.00000002       -0.00000001 
        0.00000000        0.00000001        0.00000020       -0.00000012       -0.00000005       -0.00000002       -0.00000001 
        0.00000000        0.00000001        0.00000025       -0.00000015       -0.00000006       -0.00000003       -0.00000002 
        0.00000000        0.00000001        0.00000030       -0.00000019       -0.00000007       -0.00000003       -0.00000002 
        0.00000000        0.00000001        0.00000037       -0.00000023       -0.00000009       -0.00000004       -0.00000003 
        0.00000000        0.00000002        0.00000045       -0.00000028       -0.00000011       -0.00000005       -0.00000003 
        0.00000000        0.00000002        0.00000055       -0.00000034       -0.00000013       -0.00000006       -0.00000004 
        0.00000000        0.00000003        0.00000067       -0.00000041       -0.00000016       -0.00000008       -0.00000005 
        0.00000000        0.00000003        0.00000082       -0.00000050       -0.00000019       -0.00000010       -0.00000006 
        0.00000000        0.00000004        0.00000100       -0.00000061       -0.00000024       -0.00000012       -0.00000008 
        0.00000000        0.00000005        0.00000122       -0.00000074       -0.00000029       -0.00000014       -0.00000010 
        0.00000000        0.00000006        0.00000147       -0.00000090       -0.00000035       -0.00000018       -0.00000012 
        0.00000000        0.00000008        0.00000179       -0.00000109       -0.00000043       -0.00000021       -0.00000014 
        0.00000001        0.00000009        0.00000216       -0.00000131       -0.00000052       -0.00000026       -0.00000017 
        0.00000001        0.00000011        0.00000261       -0.00000158       -0.00000062       -0.00000031       -0.00000021 
        0.00000001        0.00000014        0.00000314       -0.00000190       -0.00000075       -0.00000038       -0.00000026 
        0.00000001        0.00000017        0.00000378       -0.00000229       -0.00000091       -0.00000046       -0.00000031 
        0.00000001        0.00000021        0.00000455       -0.00000275       -0.00000110       -0.00000056       -0.00000038 
        0.00000002        0.00000026        0.00000546       -0.00000329       -0.00000132       -0.00000067       -0.00000046 
        0.00000002        0.00000031        0.00000654       -0.00000393       -0.00000159       -0.00000081       -0.00000055 
        0.00000002        0.00000038        0.00000783       -0.00000470       -0.00000190       -0.00000098       -0.00000066 
        0.00000003        0.00000046        0.00000935       -0.00000560       -0.00000228       -0.00000117       -0.00000080 
        0.00000004        0.00000056        0.00001115       -0.00000667       -0.00000272       -0.00000141       -0.00000096 
        0.00000004        0.00000068        0.00001328       -0.00000793       -0.00000325       -0.00000169       -0.00000115 
        0.00000006        0.00000082        0.00001579       -0.00000942       -0.00000387       -0.00000202       -0.00000138 
        0.00000007        0.00000099        0.00001875       -0.00001116       -0.00000461       -0.00000241       -0.00000166 
        0.00000008        0.00000119        0.00002223       -0.00001320       -0.00000548       -0.00000287       -0.00000198 
        0.00000010        0.00000143        0.00002631       -0.00001560       -0.00000650       -0.00000342       -0.00000236 
        0.00000012        0.00000172        0.00003109       -0.00001840       -0.00000771       -0.00000407       -0.00000281 
        0.00000015        0.00000207        0.00003668       -0.00002167       -0.00000912       -0.00000483       -0.00000335 
        0.00000018        0.00000248        0.00004321       -0.00002549       -0.00001077       -0.00000572       -0.00000397 
        0.00000022        0.00000296        0.00005083       -0.00002993       -0.00001270       -0.00000677       -0.00000471 
        0.00000027        0.00000354        0.00005970       -0.00003508       -0.00001495       -0.00000800       -0.00000558 
        0.00000033        0.00000422        0.00007000       -0.00004106       -0.00001758       -0.00000944       -0.00000660 
        0.00000041        0.00000505        0.00008210       -0.00004804       -0.00002069       -0.00001118       -0.00000784 
        0.00000052        0.00000604        0.00009612       -0.00005610       -0.00002430       -0.00001319       -0.00000929 
        0.00000062        0.00000717        0.00011220       -0.00006536       -0.00002844       -0.00001550       -0.00001094 
        0.00000075        0.00000849        0.00013075       -0.00007603       -0.00003323       -0.00001817       -0.00001286 
        0.00000090        0.00001005        0.00015215       -0.00008830       -0.00003877       -0.00002128       -0.00001509 
        0.00000108        0.00001187        0.00017676       -0.00010240       -0.00004517       -0.00002488       -0.00001768 
        0.00000129        0.00001400        0.00020505       -0.00011856       -0.00005254       -0.00002904       -0.00002068 
        0.00000154        0.00001650        0.00023749       -0.00013706       -0.00006102       -0.00003385       -0.00002417 
        0.00000183        0.00001940        0.00027463       -0.00015819       -0.00007076       -0.00003940       -0.00002819 
        0.00000218        0.00002278        0.00031709       -0.00018230       -0.00008193       -0.00004578       -0.00003284 
        0.00000259        0.00002671        0.00036555       -0.00020976       -0.00009472       -0.00005313       -0.00003819 
        0.00000308        0.00003128        0.00042075       -0.00024098       -0.00010933       -0.00006155       -0.00004435 
        0.00000365        0.00003656        0.00048355       -0.00027641       -0.00012601       -0.00007121       -0.00005143 
        0.00000433        0.00004268        0.00055485       -0.00031655       -0.00014501       -0.00008225       -0.00005955 
        0.00000511        0.00004974        0.00063569       -0.00036197       -0.00016661       -0.00009487       -0.00006885 
        0.00000604        0.00005788        0.00072716       -0.00041325       -0.00019114       -0.00010926       -0.00007949 
        0.00000712        0.00006726        0.00083051       -0.00047107       -0.00021894       -0.00012564       -0.00009162 
        0.00000838        0.00007803        0.00094707       -0.00053614       -0.00025040       -0.00014425       -0.00010546 
        0.00000985        0.00009039        0.00107831       -0.00060924       -0.00028595       -0.00016538       -0.00012120 
        0.00001157        0.00010455        0.00122582       -0.00069122       -0.00032604       -0.00018931       -0.00013909 
        0.00001356        0.00012074        0.00139135       -0.00078302       -0.00037118       -0.00021638       -0.00015938 
        0.00001587        0.00013923        0.00157677       -0.00088562       -0.00042192       -0.00024695       -0.00018236 
        0.00001855        0.00016031        0.00178411       -0.00100010       -0.00047886       -0.00028141       -0.00020834 
        0.00002165        0.00018430        0.00201557       -0.00112760       -0.00054265       -0.00032020       -0.00023766 
        0.00002523        0.00021156        0.00227350       -0.00126938       -0.00061400       -0.00036378       -0.00027072 
        0.00002937        0.00024249        0.00256044       -0.00142674       -0.00069365       -0.00041268       -0.00030790 
        0.00003412        0.00027751        0.00287908       -0.00160110       -0.00078244       -0.00046744       -0.00034968 
        0.00003960        0.00031712        0.00323230       -0.00179395       -0.00088123       -0.00052867       -0.00039653 
        0.00004588        0.00036182        0.00362319       -0.00200688       -0.00099097       -0.00059702       -0.00044900 
        0.00005309        0.00041220        0.00405498       -0.00224156       -0.00111266       -0.00067320       -0.00050764 
        0.00006134        0.00046889        0.00453112       -0.00249975       -0.00124738       -0.00075794       -0.00057310 
        0.00007076        0.00053256        0.00505522       -0.00278331       -0.00139625       -0.00085207       -0.00064603 
        0.00008152        0.00060396        0.00563108       -0.00309416       -0.00156048       -0.00095645       -0.00072716 
        0.00009378        0.00068389        0.00626269       -0.00343433       -0.00174134       -0.00107199       -0.00081726 
        0.00010772        0.00077323        0.00695418       -0.00380589       -0.00194017       -0.00119968       -0.00091715 
        0.00012356        0.00087291        0.00770985       -0.00421102       -0.00215837       -0.00134055       -0.00102772 
        0.00014152        0.00098395        0.00853416       -0.00465194       -0.00239741       -0.00149571       -0.00114991 
        0.00016185        0.00110743        0.00943170       -0.00513092       -0.00265882       -0.00166630       -0.00128472 
        0.00018484        0.00124451        0.01040717       -0.00565030       -0.00294418       -0.00185356       -0.00143318 
        0.00021079        0.00139644        0.01146536       -0.00621244       -0.00325514       -0.00205874       -0.00159643 
        0.00024003        0.00156453        0.01261114       -0.00681972       -0.00359338       -0.00228319       -0.00177561 
        0.00027293        0.00175020        0.01384942       -0.00747454       -0.00396063       -0.00252827       -0.00197197 
        0.00030989        0.00195492        0.01518516       -0.00817928       -0.00435868       -0.00279544       -0.00218677 
        0.00035134        0.00218027        0.01662324       -0.00893631       -0.00478932       -0.00308617       -0.00242135 
        0.00039776        0.00242790        0.01816855       -0.00974796       -0.00525436       -0.00340198       -0.00267710 
        0.00044966        0.00269955        0.01982586       -0.01061647       -0.00575564       -0.00374444       -0.00295544 
        0.00050760        0.00299701        0.02159979       -0.01154402       -0.00629498       -0.00411513       -0.00325785 
        0.00057216        0.00332219        0.02349482       -0.01253270       -0.00687417       -0.00451569       -0.00358583 
        0.00064401        0.00367704        0.02551514       -0.01358444       -0.00749503       -0.00494773       -0.00394093 
        0.00072382        0.00406359        0.02766475       -0.01470105       -0.00815929       -0.00541289       -0.00432471 
        0.00081234        0.00448393        0.02994723       -0.01588413       -0.00886864       -0.00591280       -0.00473877 
        0.00091036        0.00494020        0.03236580       -0.01713509       -0.00962468       -0.00644909       -0.00518468 
        0.00101872        0.00543459        0.03492324       -0.01845510       -0.01042895       -0.00702336       -0.00566406 
        0.00113834        0.00596932        0.03762184       -0.01984508       -0.01128285       -0.00763712       -0.00617846 
        0.00127013        0.00654667        0.04046324       -0.02130571       -0.01218767       -0.00829190       -0.00672949 
        0.00141513        0.00716887        0.04344855       -0.02283721       -0.01314452       -0.00898916       -0.00731862 
        0.00157439        0.00783819        0.04657814       -0.02443968       -0.01415444       -0.00973020       -0.00794735 
        0.00174903        0.00855690        0.04985163       -0.02611269       -0.01521813       -0.01051628       -0.00861714 
        0.00194021        0.00932718        0.05326785       -0.02785547       -0.01633624       -0.01134856       -0.00932924 
        0.00214917        0.01015121        0.05682477       -0.02966687       -0.01750905       -0.01222800       -0.01008499 
        0.00237715        0.01103112        0.06051942       -0.03154530       -0.01873671       -0.01315550       -0.01088546 
        0.00262550        0.01196887        0.06434784       -0.03348867       -0.02001908       -0.01413167       -0.01173171 
        0.00289558        0.01296638        0.06830519       -0.03549444       -0.02135566       -0.01515707       -0.01262459 
        0.00318877        0.01402543        0.07238540       -0.03755966       -0.02274578       -0.01623196       -0.01356479 
        0.00350655        0.01514762        0.07658141       -0.03968092       -0.02418828       -0.01735637       -0.01455291 
        0.00385039        0.01633438        0.08088512       -0.04185415       -0.02568180       -0.01853020       -0.01558923 
        0.00422179        0.01758694        0.08528717       -0.04407491       -0.02722459       -0.01975296       -0.01667390 
        0.00462223        0.01890633        0.08977706       -0.04633819       -0.02881457       -0.02102393       -0.01780685 
        0.00505334        0.02029324        0.09434324       -0.04863867       -0.03044919       -0.02234221       -0.01898763 
        0.00551660        0.02174816        0.09897300       -0.05097029       -0.03212569       -0.02370648       -0.02021567 
        0.00601349        0.02327131        0.10365250       -0.05332662       -0.03384090       -0.02511501       -0.02149008 
        0.00654563        0.02486243        0.10836679       -0.05570089       -0.03559103       -0.02656598       -0.02280971 
        0.00711443        0.02652108        0.11309985       -0.05808586       -0.03737221       -0.02805711       -0.02417297 
        0.00772145        0.02824631        0.11783469       -0.06047381       -0.03918003       -0.02958585       -0.02557806 
        0.00836795        0.03003689        0.12255345       -0.06285680       -0.04100989       -0.03114909       -0.02702286 
        0.00905535        0.03189110        0.12723720       -0.06522633       -0.04285653       -0.03274360       -0.02850493 
        0.00978490        0.03380682        0.13186653       -0.06757411       -0.04471467       -0.03436581       -0.03002132 
        0.01055785        0.03578135        0.13642101       -0.06989099       -0.04657858       -0.03601159       -0.03156893 
        0.01137512        0.03781182        0.14087981       -0.07216810       -0.04844205       -0.03767674       -0.03314424 
        0.01223773        0.03989470        0.14522165       -0.07439624       -0.05029904       -0.03935656       -0.03474325 
        0.01314651        0.04202588        0.14942491       -0.07656620       -0.05214273       -0.04104603       -0.03636192 
        0.01410205        0.04420099        0.15346761       -0.07866876       -0.05396657       -0.04273979       -0.03799562 
        0.01510496        0.04641494        0.15732786       -0.08069492       -0.05576350       -0.04443247       -0.03963943 
        0.01615548        0.04866242        0.16098382       -0.08263544       -0.05752648       -0.04611808       -0.04128821 
        0.01725369        0.05093747        0.16441390       -0.08448178       -0.05924814       -0.04779067       -0.04293648 
        0.01839946        0.05323387        0.16759685       -0.08622500       -0.06092145       -0.04944392       -0.04457837 
        0.01959240        0.05554480        0.17051196       -0.08785692       -0.06253930       -0.05107117       -0.04620803 
        0.02083225        0.05786276        0.17313972       -0.08937011       -0.06409403       -0.05266616       -0.04781906 
        0.02211782        0.06018044        0.17546050       -0.09075677       -0.06557886       -0.05422203       -0.04940508 
        0.02344809        0.06248979        0.17745665       -0.09200995       -0.06698671       -0.05573184       -0.05095954 
        0.02482184        0.06478240        0.17911163       -0.09312402       -0.06831035       -0.05718894       -0.05247564 
        0.02623701        0.06705006        0.18040928       -0.09409247       -0.06954394       -0.05858645       -0.05394648 
        0.02769208        0.06928347        0.18133694       -0.09491071       -0.07068105       -0.05991749       -0.05536525 
        0.02918454        0.07147375        0.18188158       -0.09557442       -0.07171521       -0.06117556       -0.05672508 
        0.03071179        0.07361186        0.18203314       -0.09608032       -0.07264121       -0.06235423       -0.05801881 
        0.03227093        0.07568841        0.18178308       -0.09642577       -0.07345375       -0.06344693       -0.05924005 
        0.03385892        0.07769391        0.18112496       -0.09660888       -0.07414824       -0.06444751       -0.06038196 
        0.03547226        0.07961918        0.18005440       -0.09662864       -0.07472038       -0.06535047       -0.06143800 
        0.03710714        0.08145474        0.17856953       -0.09648547       -0.07516679       -0.06615010       -0.06240168 
        0.03875896        0.08319226        0.17667006       -0.09617946       -0.07548432       -0.06684123       -0.06326739 
        0.04042387        0.08482202        0.17435916       -0.09571299       -0.07567029       -0.06741911       -0.06402925 
        0.04209711        0.08633559        0.17164165       -0.09508865       -0.07572359       -0.06787983       -0.06468160 
        0.04377353        0.08772509        0.16852407       -0.09430967       -0.07564203       -0.06821948       -0.06522001 
        0.04544850        0.08898166        0.16501626       -0.09338114       -0.07542625       -0.06843469       -0.06563945 
        0.04711616        0.09009866        0.16113086       -0.09230788       -0.07507551       -0.06852272       -0.06593660 
        0.04877082        0.09106921        0.15688126       -0.09109624       -0.07459159       -0.06848206       -0.06610711 
        0.05040682        0.09188668        0.15228406       -0.08975204       -0.07397622       -0.06831032       -0.06614855 
        0.05201838        0.09254548        0.14735815       -0.08828481       -0.07323048       -0.06800780       -0.06605858 
        0.05359950        0.09304041        0.14212340       -0.08670071       -0.07235882       -0.06757346       -0.06583523 
        0.05514401        0.09336731        0.13660283       -0.08500927       -0.07136442       -0.06700826       -0.06547785 
        0.05664564        0.09352273        0.13082068       -0.08322077       -0.07025153       -0.06631283       -0.06498589 
        0.05809833        0.09350377        0.12480378       -0.08134446       -0.06902474       -0.06548998       -0.06435956 
        0.05949571        0.09330894        0.11857805       -0.07938949       -0.06769107       -0.06454106       -0.06360007 
        0.06083171        0.09293694        0.11217354       -0.07736818       -0.06625502       -0.06347021       -0.06270888 
        0.06210068        0.09238803        0.10561924       -0.07528994       -0.06472413       -0.06228106       -0.06168857 
        0.06329621        0.09166261        0.09894768       -0.07316704       -0.06310564       -0.06097774       -0.06054216 
        0.06441269        0.09076279        0.09218849       -0.07101035       -0.06140672       -0.05956624       -0.05927316 
        0.06544496        0.08969121        0.08537513       -0.06883072       -0.05963580       -0.05805121       -0.05788684 
        0.06638747        0.08845135        0.07853982       -0.06663997       -0.05780109       -0.05643931       -0.05638779 
        0.06723549        0.08704753        0.07171503       -0.06444749       -0.05591164       -0.05473791       -0.05478157 
        0.06798396        0.08548575        0.06493352       -0.06226509       -0.05397588       -0.05295318       -0.05307570 
        0.06862910        0.08377161        0.05822728       -0.06010452       -0.05200350       -0.05109410       -0.05127560 
        0.06916656        0.08191275        0.05162831       -0.05797420       -0.05000292       -0.04916812       -0.04938997 
        0.06959326        0.07991627        0.04516879       -0.05588540       -0.04798372       -0.04718385       -0.04742616 
        0.06990583        0.07779207        0.03887647       -0.05384658       -0.04595577       -0.04515032       -0.04539264 
        0.07010242        0.07554793        0.03278248       -0.05186787       -0.04392825       -0.04307589       -0.04329911 
        0.07018037        0.07319458        0.02691437       -0.04995595       -0.04190981       -0.04097123       -0.04115368 
        0.07013816        0.07074276        0.02129869       -0.04812074       -0.03990972       -0.03884436       -0.03896652 
        0.06997577        0.06820253        0.01596097       -0.04636891       -0.03793725       -0.03670622       -0.03674685 
        0.06969187        0.06558620        0.01092336       -0.04470596       -0.03600075       -0.03456520       -0.03450523 
        0.06928665        0.06290577        0.00620901       -0.04313957       -0.03410885       -0.03243136       -0.03225115 
        0.06876168        0.06017215        0.00183745       -0.04167327       -0.03227014       -0.03031365       -0.02999531 
        0.06811725        0.05739981       -0.00217533       -0.04031388       -0.03049133       -0.02822222       -0.02774720 
        0.06735632        0.05459955       -0.00581203       -0.03906413       -0.02877975       -0.02616639       -0.02551701 
        0.06648085        0.05178433       -0.00905837       -0.03792727       -0.02714315       -0.02415444       -0.02331532 
        0.06549400        0.04896714       -0.01190473       -0.03690639       -0.02558791       -0.02219582       -0.02115084 
        0.06439874        0.04616103       -0.01434001       -0.03600355       -0.02411910       -0.02029797       -0.01903431 
        0.06320090        0.04337649       -0.01635714       -0.03521974       -0.02274305       -0.01847028       -0.01697406 
        0.06190381        0.04062792       -0.01795130       -0.03455614       -0.02146417       -0.01671993       -0.01497964 
        0.06051241        0.03792673       -0.01912064       -0.03401281       -0.02028803       -0.01505332       -0.01305953 
        0.05903243        0.03528455       -0.01986253       -0.03358898       -0.01921653       -0.01347863       -0.01122226 
        0.05747115        0.03271154       -0.02017904       -0.03328418       -0.01825532       -0.01200062       -0.00947531 
        0.05583374        0.03021958       -0.02007241       -0.03309630       -0.01740561       -0.01062728       -0.00782563 
        0.05412710        0.02781929       -0.01954791       -0.03302424       -0.01667129       -0.00936099       -0.00628112 
        0.05235956        0.02551801       -0.01861158       -0.03306518       -0.01605230       -0.00820903       -0.00484737 
        0.05053701        0.02332800       -0.01727362       -0.03321663       -0.01555088       -0.00717539       -0.00352921 
        0.04866801        0.02125533       -0.01554178       -0.03347590       -0.01516897       -0.00626164       -0.00233313 
        0.04676012        0.01930936       -0.01342947       -0.03383895       -0.01490532       -0.00547307       -0.00126249 
        0.04482204        0.01749534       -0.01094830       -0.03430171       -0.01475986       -0.00481096       -0.00032230 
        0.04286049        0.01582214       -0.00811202       -0.03486133       -0.01473327       -0.00427755        0.00048503 
        0.04088540        0.01429301       -0.00493775       -0.03551259       -0.01482312       -0.00387397        0.00115624 
        0.03890348        0.01291435       -0.00143903       -0.03625270       -0.01502899       -0.00360165        0.00168985 
        0.03692374        0.01169037        0.00236440       -0.03707586       -0.01534813       -0.00346113        0.00208462 
        0.03495465        0.01062316        0.00645758       -0.03797778       -0.01577979       -0.00345099        0.00233936 
        0.03300356        0.00971677        0.01081985       -0.03895537       -0.01631979       -0.00357146        0.00245340 
        0.03107878        0.00897282        0.01543321       -0.04000295       -0.01696609       -0.00382059        0.00242744 
        0.02918823        0.00839163        0.02027795       -0.04111443       -0.01771620       -0.00419731        0.00226263 
        0.02733815        0.00797582        0.02533491       -0.04228830       -0.01856626       -0.00469929        0.00196014 
        0.02553793        0.00772226        0.03058501       -0.04351718       -0.01951165       -0.00532431        0.00152162 
        0.02379314        0.00763259        0.03600774       -0.04479820       -0.02055069       -0.00606851        0.00094967 
        0.02211149        0.00770295        0.04158425       -0.04612653       -0.02167825       -0.00692980        0.00024760 
        0.02049723        0.00793523        0.04729288       -0.04749918       -0.02289012       -0.00790369       -0.00058216 
        0.01895913        0.00832217        0.05311796       -0.04891026       -0.02418254       -0.00898758       -0.00153484 
        0.01750076        0.00886391        0.05903780       -0.05035580       -0.02555086       -0.01017579       -0.00260760 
        0.01612702        0.00955594        0.06503565       -0.05183240       -0.02699140       -0.01146323       -0.00379666 
        0.01484590        0.01039195        0.07109221       -0.05333630       -0.02849861       -0.01284833       -0.00509515 
        0.01365690        0.01137216        0.07719103       -0.05486476       -0.03006850       -0.01432406       -0.00649996 
        0.01256732        0.01248712        0.08331683       -0.05641308       -0.03169718       -0.01588570       -0.00800566 
        0.01157978        0.01373416        0.08944968       -0.05797900       -0.03337931       -0.01752882       -0.00960606 
        0.01069626        0.01510641        0.09557748       -0.05955717       -0.03511088       -0.01924765       -0.01129757 
        0.00992023        0.01659952        0.10168353       -0.06114708       -0.03688770       -0.02103854       -0.01307264 
        0.00925292        0.01820661        0.10775642       -0.06274490       -0.03870422       -0.02289393       -0.01492744 
        0.00869618        0.01992192        0.11378043       -0.06434672       -0.04055806       -0.02480963       -0.01685545 
        0.00825296        0.02173748        0.11974438       -0.06595232       -0.04244369       -0.02678086       -0.01885020 
        0.00792047        0.02364969        0.12563628       -0.06755800       -0.04435709       -0.02880166       -0.02090725 
        0.00770052        0.02565080        0.13144581       -0.06916137       -0.04629413       -0.03086778       -0.02302011 
        0.00759420        0.02773343        0.13716348       -0.07076143       -0.04825105       -0.03297354       -0.02518302 
        0.00759951        0.02989189        0.14277928       -0.07235458       -0.05022434       -0.03511350       -0.02739083 
        0.00771599        0.03211924        0.14828683       -0.07394008       -0.05221013       -0.03728307       -0.02963815 
        0.00794191        0.03440975        0.15367624       -0.07551589       -0.05420475       -0.03947812       -0.03191869 
        0.00827568        0.03675648        0.15894218       -0.07707981       -0.05620495       -0.04169289       -0.03422814 
        0.00871507        0.03915400        0.16407850       -0.07863165       -0.05820642       -0.04392446       -0.03656038 
        0.00925867        0.04159463        0.16908069       -0.08016903       -0.06020729       -0.04616614       -0.03891173 
        0.00990335        0.04407328        0.17394204       -0.08169084       -0.06220412       -0.04841516       -0.04127679 
        0.01064586        0.04658441        0.17866035       -0.08319490       -0.06419440       -0.05066753       -0.04365034 
        0.01148320        0.04912185        0.18323341       -0.08468129       -0.06617504       -0.05291989       -0.04602784 
        0.01241217        0.05168038        0.18765619       -0.08615017       -0.06814306       -0.05516632       -0.04840624 
        0.01343011        0.05425389        0.19192836       -0.08759822       -0.07009621       -0.05740573       -0.05078072 
        0.01453108        0.05683896        0.19604936       -0.08902445       -0.07203260       -0.05963402       -0.05314665 
        0.01571465        0.05942801        0.20001632       -0.09042932       -0.07394979       -0.06184752       -0.05550194 
        0.01697320        0.06201915        0.20382990       -0.09181222       -0.07584611       -0.06404387       -0.05784133 
        0.01830510        0.06460609        0.20749085       -0.09317211       -0.07771908       -0.06621916       -0.06016346 
        0.01970554        0.06718491        0.21099837       -0.09450725       -0.07956779       -0.06837250       -0.06246362 
        0.02117008        0.06975265        0.21435359       -0.09581854       -0.08138933       -0.07050023       -0.06474044 
        0.02269499        0.07230354        0.21755977       -0.09710366       -0.08318295       -0.07260120       -0.06699020 
        0.02427493        0.07483652        0.22061515       -0.09836389       -0.08494795       -0.07467180       -0.06921067 
        0.02590708        0.07734613        0.22352499       -0.09959932       -0.08668181       -0.07671131       -0.07140011 
        0.02758582        0.07983041        0.22628932       -0.10080723       -0.08838491       -0.07871804       -0.07355534 
        0.02930815        0.08228584        0.22891137       -0.10198933       -0.09005461       -0.08068914       -0.07567590 
        0.03106846        0.08471110        0.23139280       -0.10314287       -0.09169015       -0.08262591       -0.07775906 
        0.03286378        0.08710252        0.23373808       -0.10426943       -0.09329212       -0.08452354       -0.07980422 
        0.03468979        0.08945722        0.23594944       -0.10536866       -0.09485920       -0.08638333       -0.08180904 
        0.03654274        0.09177428        0.23802936       -0.10644037       -0.09638941       -0.08820388       -0.08377287 
        0.03841794        0.09405208        0.23998244       -0.10748298       -0.09788506       -0.08998334       -0.08569474 
        0.04031163        0.09628781        0.24181142       -0.10849933       -0.09934290       -0.09172215       -0.08757354 
        0.04222115        0.09848062        0.24351944       -0.10948595       -0.10076351       -0.09341937       -0.08940908 
        0.04414158        0.10062968        0.24511039       -0.11044513       -0.10214776       -0.09507465       -0.09119896 
        0.04607075        0.10273263        0.24658790       -0.11137551       -0.10349315       -0.09668678       -0.09294550 
        0.04800406        0.10478967        0.24795601       -0.11227744       -0.10480236       -0.09825656       -0.09464566 
        0.04993926        0.10679950        0.24921736       -0.11315122       -0.10607316       -0.09978361       -0.09630025 
        0.05187319        0.10876024        0.25037578       -0.11399748       -0.10730551       -0.10126737       -0.09790954 
        0.05380285        0.11067328        0.25143433       -0.11481439       -0.10850169       -0.10270699       -0.09947349 
        0.05572470        0.11253758        0.25239748       -0.11560383       -0.10965914       -0.10410461       -0.10099076 
        0.05763708        0.11435233        0.25326884       -0.11636539       -0.11077939       -0.10545864       -0.10246328 
        0.05953680        0.11611709        0.25405189       -0.11709992       -0.11186181       -0.10677035       -0.10388975 
        0.06142233        0.11783178        0.25474951       -0.11780410       -0.11290853       -0.10803942       -0.10527086 
        0.06329080        0.11949661        0.25536472       -0.11848436       -0.11391739       -0.10926605       -0.10660731 
        0.06514048        0.12111130        0.25590181       -0.11913402       -0.11489150       -0.11045036       -0.10789926 
        0.06696874        0.12267726        0.25636297       -0.11975863       -0.11582799       -0.11159358       -0.10914655 
        0.06877446        0.12419366        0.25675130       -0.12035544       -0.11672996       -0.11269616       -0.11034987 
        0.07055611        0.12565985        0.25707248       -0.12092727       -0.11759555       -0.11375735       -0.11151076 
        0.07231104        0.12707806        0.25732496       -0.12147205       -0.11842674       -0.11477871       -0.11262893 
        0.07403970        0.12844668        0.25751466       -0.12199022       -0.11922348       -0.11576109       -0.11370400 
        0.07573874        0.12976791        0.25764516       -0.12248295       -0.11998665       -0.11670379       -0.11473834 
        0.07740805        0.13104196        0.25771549       -0.12295123       -0.12071655       -0.11760795       -0.11573174 
        0.07904618        0.13226901        0.25773108       -0.12339292       -0.12141337       -0.11847414       -0.11668498 
        0.08065294        0.13344905        0.25769451       -0.12381099       -0.12207700       -0.11930427       -0.11759812 
        0.08222655        0.13458334        0.25760731       -0.12420490       -0.12270954       -0.12009764       -0.11847230 
        0.08376648        0.13567249        0.25747207       -0.12457426       -0.12331066       -0.12085374       -0.11930911 
        0.08527277        0.13671690        0.25729072       -0.12492011       -0.12388102       -0.12157562       -0.12010794 
        0.08674362        0.13771795        0.25706530       -0.12524186       -0.12442153       -0.12226304       -0.12087000 
        0.08817957        0.13867544        0.25679934       -0.12554206       -0.12493235       -0.12291602       -0.12159548 
        0.08957978        0.13959059        0.25649303       -0.12581895       -0.12541319       -0.12353616       -0.12228633 
        0.09094410        0.14046420        0.25614810       -0.12607430       -0.12586612       -0.12412360       -0.12294193 
        0.09227180        0.14129691        0.25576791       -0.12630704       -0.12629108       -0.12467856       -0.12356435 
        0.09356400        0.14208890        0.25535303       -0.12651868       -0.12668906       -0.12520258       -0.12415300 
        0.09481890        0.14284192        0.25490642       -0.12671074       -0.12705883       -0.12569647       -0.12470916 
        0.09603805        0.14355591        0.25442725       -0.12688087       -0.12740348       -0.12615985       -0.12523355 
        0.09722003        0.14423235        0.25391942       -0.12703106       -0.12772202       -0.12659353       -0.12572733 
        0.09836525        0.14487235        0.25338355       -0.12716189       -0.12801470       -0.12700009       -0.12619020 
        0.09947474        0.14547484        0.25282052       -0.12727323       -0.12828384       -0.12737694       -0.12662429 
        0.10054772        0.14604236        0.25223243       -0.12736493       -0.12852816       -0.12772822       -0.12702808 
        0.10158547        0.14657457        0.25161937       -0.12743889       -0.12874907       -0.12805110       -0.12740465 
        0.10258710        0.14707302        0.25098413       -0.12749398       -0.12894720       -0.12834886       -0.12775335 
        0.10355303        0.14753844        0.25032640       -0.12753236       -0.12912257       -0.12862091       -0.12807441 
        0.10448440        0.14797060        0.24964772       -0.12755236       -0.12927571       -0.12886830       -0.12836993 
        0.10538051        0.14837140        0.24894951       -0.12755562       -0.12940790       -0.12909076       -0.12863959 
        0.10624255        0.14874116        0.24823233       -0.12754224       -0.12951976       -0.12928979       -0.12888415 
        0.10706994        0.14908057        0.24749750       -0.12751257       -0.12961011       -0.12946638       -0.12910396 
        0.10786452        0.14939050        0.24674504       -0.12746701       -0.12968069       -0.12961964       -0.12930073 
        0.10862549        0.14967158        0.24597594       -0.12740611       -0.12973231       -0.12975135       -0.12947327 
        0.10935408        0.14992413        0.24519213       -0.12733082       -0.12976454       -0.12986183       -0.12962328 
        0.11005036        0.15014945        0.24439326       -0.12723964       -0.12977795       -0.12995127       -0.12975210 
        0.11071460        0.15034777        0.24358107       -0.12713438       -0.12977386       -0.13001956       -0.12985915 
        0.11134786        0.15052000        0.24275473       -0.12701498       -0.12975250       -0.13006914       -0.12994474 
        0.11195053        0.15066656        0.24191605       -0.12688231       -0.12971339       -0.13009888       -0.13001016 
        0.11252379        0.15078758        0.24106546       -0.12673560       -0.12965769       -0.13010955       -0.13005629 
        0.11306619        0.15088549        0.24020301       -0.12657695       -0.12958556       -0.13010326       -0.13008183 
        0.11358011        0.15095906        0.23933047       -0.12640397       -0.12949815       -0.13007738       -0.13008960 
        0.11406483        0.15101041        0.23844746       -0.12622030       -0.12939499       -0.13003500       -0.13007849 
        0.11452258        0.15103808        0.23755424       -0.12602432       -0.12927660       -0.12997515       -0.13005011 
        0.11495172        0.15104502        0.23665193       -0.12581623       -0.12914401       -0.12989981       -0.13000374 
        0.11535450        0.15103026        0.23574136       -0.12559685       -0.12899692       -0.12980829       -0.12994045 
        0.11573120        0.15099420        0.23482193       -0.12536594       -0.12883669       -0.12970048       -0.12986113 
        0.11608150        0.15093873        0.23389426       -0.12512507       -0.12866230       -0.12957805       -0.12976547 
        0.11640708        0.15086293        0.23295987       -0.12487321       -0.12847514       -0.12944101       -0.12965456 
        0.11670738        0.15076859        0.23201801       -0.12461213       -0.12827447       -0.12928940       -0.12952867 
        0.11698304        0.15065610        0.23106943       -0.12434025       -0.12806222       -0.12912440       -0.12938726 
        0.11723553        0.15052532        0.23011415       -0.12405918       -0.12783796       -0.12894498       -0.12923254 
        0.11746495        0.15037629        0.22915383       -0.12376861       -0.12760228       -0.12875298       -0.12906355 
        0.11767185        0.15021041        0.22818753       -0.12346920       -0.12735502       -0.12854803       -0.12888104 
        0.11785589        0.15002860        0.22721580       -0.12316089       -0.12709737       -0.12833022       -0.12868558 
        0.11801939        0.14982979        0.22623904       -0.12284468       -0.12682803       -0.12810117       -0.12847741 
        0.11816097        0.14961575        0.22525789       -0.12251951       -0.12654883       -0.12785992       -0.12825714 
        0.11828227        0.14938645        0.22427195       -0.12218627       -0.12625951       -0.12760742       -0.12802471 
        0.11838360        0.14914219        0.22328196       -0.12184641       -0.12596048       -0.12734418       -0.12778042 
        0.11846490        0.14888403        0.22228858       -0.12149824       -0.12565194       -0.12707056       -0.12752479 
        0.11852719        0.14861150        0.22129105       -0.12114251       -0.12533462       -0.12678617       -0.12725827 
        0.11857075        0.14832592        0.22029071       -0.12078072       -0.12500718       -0.12649211       -0.12698136 
        0.11859653        0.14802672        0.21928693       -0.12041076       -0.12467280       -0.12618795       -0.12669422 
        0.11860447        0.14771481        0.21828039       -0.12003510       -0.12432948       -0.12587404       -0.12639719 
        0.11859486        0.14739113        0.21727136       -0.11965362       -0.12397838       -0.12555131       -0.12608981 
        0.11856838        0.14705518        0.21625957       -0.11926526       -0.12361927       -0.12522064       -0.12577315 
        0.11852578        0.14670752        0.21524563       -0.11887079       -0.12325280       -0.12488019       -0.12544811 
        0.11846741        0.14634809        0.21423037       -0.11847071       -0.12287898       -0.12453225       -0.12511364 
        0.11839329        0.14597824        0.21321274       -0.11806621       -0.12249755       -0.12417552       -0.12477157 
        0.11830398        0.14559828        0.21219306       -0.11765486       -0.12210999       -0.12381159       -0.12442035 
        0.11820019        0.14520733        0.21117352       -0.11723980       -0.12171549       -0.12343995       -0.12406158 
        0.11808196        0.14480717        0.21015123       -0.11681874       -0.12131509       -0.12306146       -0.12369471 
        0.11794991        0.14439699        0.20912859       -0.11639368       -0.12090800       -0.12267555       -0.12332083 
        0.11780430        0.14397767        0.20810480       -0.11596411       -0.12049555       -0.12228268       -0.12293983 
        0.11764597        0.14354914        0.20708010       -0.11552914       -0.12007733       -0.12188350       -0.12255172 
        0.11747439        0.14311233        0.20605460       -0.11509101       -0.11965372       -0.12147807       -0.12215652 
        0.11729041        0.14266713        0.20502974       -0.11464847       -0.11922434       -0.12106642       -0.12175541 
        0.11709422        0.14221400        0.20400350       -0.11420163       -0.11879021       -0.12064944       -0.12134796 
        0.11688660        0.14175302        0.20297773       -0.11375113       -0.11835118       -0.12022593       -0.12093449 
        0.11666819        0.14128369        0.20195241       -0.11329794       -0.11790752       -0.11979795       -0.12051459 
        0.11643770        0.14080857        0.20092574       -0.11284004       -0.11745962       -0.11936452       -0.12008967 
        0.11619790        0.14032495        0.19990020       -0.11238045       -0.11700649       -0.11892514       -0.11965980 
        0.11594661        0.13983554        0.19887480       -0.11191673       -0.11655002       -0.11848161       -0.11922389 
        0.11568598        0.13933922        0.19785045       -0.11144999       -0.11608925       -0.11803405       -0.11878310 
        0.11541475        0.13883740        0.19682604       -0.11098056       -0.11562468       -0.11758122       -0.11833797 
        0.11513510        0.13832852        0.19580251       -0.11050849       -0.11515658       -0.11712417       -0.11788800 
        0.11484600        0.13781427        0.19478013       -0.11003388       -0.11468485       -0.11666304       -0.11743367 
        0.11454781        0.13729468        0.19375825       -0.10955650       -0.11420991       -0.11619842       -0.11697508 
        0.11424107        0.13676985        0.19273753       -0.10907787       -0.11373135       -0.11572930       -0.11651250 
        0.11392638        0.13623969        0.19171794       -0.10859568       -0.11324999       -0.11525730       -0.11604583 
        0.11360397        0.13570404        0.19069964       -0.10811246       -0.11276595       -0.11478128       -0.11557565 
        0.11327323        0.13516426        0.18968286       -0.10762671       -0.11227912       -0.11430195       -0.11510193 
        0.11293525        0.13462009        0.18866692       -0.10713887       -0.11178987       -0.11382000       -0.11462449 
        0.11259027        0.13407102        0.18765324       -0.10665010       -0.11129737       -0.11333456       -0.11414447 
        0.11223788        0.13351856        0.18664061       -0.10615928       -0.11080325       -0.11284616       -0.11366101 
        0.11187930        0.13296139        0.18562986       -0.10566679       -0.11030664       -0.11235584       -0.11317439 
        0.11151393        0.13240096        0.18462080       -0.10517298       -0.10980848       -0.11186223       -0.11268493 
        0.11114202        0.13183723        0.18361364       -0.10467816       -0.10930812       -0.11136629       -0.11219296 
        0.11076451        0.13126956        0.18260813       -0.10418181       -0.10880510       -0.11086856       -0.11169865 
        0.11038124        0.13069881        0.18160452       -0.10368460       -0.10830089       -0.11036864       -0.11120152 
        0.10999163        0.13012552        0.18060328       -0.10318650       -0.10779519       -0.10986578       -0.11070263 
        0.10959741        0.12954861        0.17960401       -0.10268687       -0.10728864       -0.10936127       -0.11020127 
        0.10919788        0.12896916        0.17860714       -0.10218669       -0.10677973       -0.10885578       -0.10969778 
        0.10879291        0.12838744        0.17761225       -0.10168643       -0.10626923       -0.10834779       -0.10919295 
        0.10838333        0.12780304        0.17661986       -0.10118450       -0.10575820       -0.10783856       -0.10868609 
        0.10796978        0.12721601        0.17562979       -0.10068234       -0.10524572       -0.10732815       -0.10817721 
        0.10755114        0.12662727        0.17464209       -0.10018001       -0.10473280       -0.10681588       -0.10766706 
        0.10712861        0.12603629        0.17365694       -0.09967675       -0.10421845       -0.10630251       -0.10715577 
        0.10670223        0.12544309        0.17267427       -0.09917396       -0.10370351       -0.10578807       -0.10664275 
        0.10627144        0.12484854        0.17169455       -0.09867053       -0.10318779       -0.10527262       -0.10612850 
        0.10583734        0.12425240        0.17071673       -0.09816653       -0.10267144       -0.10475621       -0.10561344 
        0.10539970        0.12365455        0.16974226       -0.09766206       -0.10215493       -0.10423871       -0.10509720 
        0.10495854        0.12305535        0.16877030       -0.09715845       -0.10163745       -0.10372053       -0.10458007 
        0.10451419        0.12245516        0.16780083       -0.09665447       -0.10111977       -0.10320185       -0.10406234 
        0.10406660        0.12185357        0.16683486       -0.09615061       -0.10060154       -0.10268224       -0.10354384 
        0.10361651        0.12125085        0.16587141       -0.09564737       -0.10008343       -0.10216258       -0.10302413 
        0.10316318        0.12064763        0.16491108       -0.09514391       -0.09956502       -0.10164218       -0.10250438 
        0.10270773        0.12004308        0.16395313       -0.09464048       -0.09904667       -0.10112166       -0.10198388 
        0.10224941        0.11943807        0.16299871       -0.09413759       -0.09852835       -0.10060073       -0.10146325 
        0.10178883        0.11883241        0.16204751       -0.09363458       -0.09800995       -0.10007975       -0.10094222 
        0.10132609        0.11822622        0.16109906       -0.09313270       -0.09749148       -0.09955879       -0.10042070 
        0.10086119        0.11761976        0.16015321       -0.09263103       -0.09697357       -0.09903737       -0.09989932 
        0.10039448        0.11701266        0.15921147       -0.09212993       -0.09645603       -0.09851613       -0.09937781 
        0.09992566        0.11640565        0.15827240       -0.09162955       -0.09593824       -0.09799541       -0.09885613 
        0.09945539        0.11579825        0.15733674       -0.09113002       -0.09542147       -0.09747404       -0.09833480 
        0.09898311        0.11519122        0.15640415       -0.09063046       -0.09490466       -0.09695345       -0.09781358 
        0.09850976        0.11458374        0.15547512       -0.09013232       -0.09438839       -0.09643342       -0.09729240 
        0.09803467        0.11397664        0.15454917       -0.08963422       -0.09387299       -0.09591325       -0.09677142 
        0.09755874        0.11336955        0.15362611       -0.08913716       -0.09335826       -0.09539359       -0.09625089 
        0.09708093        0.11276319        0.15270732       -0.08864156       -0.09284388       -0.09487429       -0.09573081 
        0.09660265        0.11215667        0.15179181       -0.08814657       -0.09233053       -0.09435630       -0.09521057 
        0.09612332        0.11155061        0.15087897       -0.08765215       -0.09181771       -0.09383804       -0.09469181 
        0.09564297        0.11094504        0.14997023       -0.08715915       -0.09130575       -0.09332090       -0.09417289 
        0.09516170        0.11034022        0.14906491       -0.08666726       -0.09079454       -0.09280442       -0.09365480 
        0.09467970        0.10973621        0.14816283       -0.08617632       -0.09028408       -0.09228840       -0.09313747 
        0.09419749        0.10913255        0.14726396       -0.08568632       -0.08977494       -0.09177306       -0.09262094 
        0.09371428        0.10852971        0.14636940       -0.08519715       -0.08926684       -0.09125938       -0.09210479 
        0.09323077        0.10792781        0.14547798       -0.08471009       -0.08875953       -0.09074572       -0.09158972 
        0.09274723        0.10732636        0.14459008       -0.08422367       -0.08825329       -0.09023352       -0.09107551 
        0.09226322        0.10672611        0.14370604       -0.08373880       -0.08774843       -0.08972163       -0.09056221 
        0.09177882        0.10612699        0.14282531       -0.08325455       -0.08724434       -0.08921169       -0.09004989 
        0.09129451        0.10552860        0.14194861       -0.08277224       -0.08674145       -0.08870235       -0.08953866 
        0.09080989        0.10493166        0.14107497       -0.08229060       -0.08624012       -0.08819418       -0.08902819 
        0.09032533        0.10433588        0.14020494       -0.08181099       -0.08573987       -0.08768700       -0.08851901 
        0.08984086        0.10374129        0.13933928       -0.08133236       -0.08524100       -0.08718115       -0.08801091 
        0.08935685        0.10314758        0.13847651       -0.08085515       -0.08474331       -0.08667666       -0.08750381 
        0.08887272        0.10255545        0.13761772       -0.08037989       -0.08424701       -0.08617304       -0.08699826 
        0.08838896        0.10196470        0.13676265       -0.07990520       -0.08375232       -0.08567116       -0.08649345 
        0.08790567        0.10137500        0.13591160       -0.07943245       -0.08325875       -0.08517046       -0.08599032 
        0.08742260        0.10078707        0.13506375       -0.07896146       -0.08276656       -0.08467099       -0.08548833 
        0.08694012        0.10020029        0.13422026       -0.07849193       -0.08227599       -0.08417276       -0.08498780 
        0.08645801        0.09961526        0.13338025       -0.07802349       -0.08178724       -0.08367599       -0.08448865 
        0.08597656        0.09903181        0.13254379       -0.07755705       -0.08129972       -0.08318091       -0.08399067 
        0.08549567        0.09844992        0.13171113       -0.07709181       -0.08081354       -0.08268703       -0.08349442 
        0.08501557        0.09786947        0.13088247       -0.07662866       -0.08032931       -0.08219492       -0.08299923 
        0.08453605        0.09729090        0.13005738       -0.07616679       -0.07984639       -0.08170434       -0.08250593 
        0.08405749        0.09671386        0.12923594       -0.07570683       -0.07936519       -0.08121508       -0.08201385 
        0.08357970        0.09613849        0.12841862       -0.07524824       -0.07888552       -0.08072742       -0.08152354 
        0.08310282        0.09556487        0.12760501       -0.07479149       -0.07840773       -0.08024156       -0.08103451 
        0.08262661        0.09499317        0.12679526       -0.07433641       -0.07793158       -0.07975724       -0.08054717 
        0.08215126        0.09442361        0.12598905       -0.07388271       -0.07745709       -0.07927459       -0.08006150 
        0.08167732        0.09385538        0.12518653       -0.07343151       -0.07698406       -0.07879339       -0.07957763 
        0.08120432        0.09328921        0.12438821       -0.07298122       -0.07651295       -0.07831420       -0.07909518 
        0.08073226        0.09272480        0.12359361       -0.07253295       -0.07604389       -0.07783660       -0.07861435 
        0.08026117        0.09216274        0.12280266       -0.07208662       -0.07557614       -0.07736059       -0.07813539 
        0.07979138        0.09160226        0.12201568       -0.07164205       -0.07511040       -0.07688663       -0.07765792 
        0.07932276        0.09104392        0.12123246       -0.07119899       -0.07464648       -0.07641417       -0.07718236 
        0.07885537        0.09048750        0.12045314       -0.07075820       -0.07418431       -0.07594346       -0.07670859 
        0.07838923        0.08993305        0.11967763       -0.07031866       -0.07372394       -0.07547437       -0.07623688 
        0.07792412        0.08938082        0.11890600       -0.06988133       -0.07326538       -0.07500771       -0.07576638 
        0.07746065        0.08883059        0.11813790       -0.06944569       -0.07280903       -0.07454214       -0.07529802 
        0.07699839        0.08828243        0.11737373       -0.06901208       -0.07235412       -0.07407907       -0.07483121 
        0.07653747        0.08773636        0.11661346       -0.06858001       -0.07190114       -0.07361749       -0.07436641 
        0.07607803        0.08719242        0.11585701       -0.06814989       -0.07145029       -0.07315777       -0.07390347 
        0.07562009        0.08665048        0.11510392       -0.06772178       -0.07100093       -0.07270012       -0.07344245 
        0.07516330        0.08611102        0.11435553       -0.06729532       -0.07055378       -0.07224428       -0.07298320 
        0.07470824        0.08557345        0.11361028       -0.06687101       -0.07010865       -0.07179011       -0.07252593 
        0.07425468        0.08503809        0.11286912       -0.06644870       -0.06966532       -0.07133794       -0.07207038 
        0.07380258        0.08450499        0.11213168       -0.06602750       -0.06922408       -0.07088792       -0.07161684 
        0.07335199        0.08397412        0.11139771       -0.06560870       -0.06878467       -0.07043973       -0.07116528 
        0.07290290        0.08344555        0.11066775       -0.06519198       -0.06834681       -0.06999359       -0.07071545 
        0.07245542        0.08291927        0.10994168       -0.06477701       -0.06791160       -0.06954907       -0.07026780 
        0.07200969        0.08239505        0.10921937       -0.06436396       -0.06747790       -0.06910680       -0.06982182 
        0.07156552        0.08187319        0.10850096       -0.06395281       -0.06704640       -0.06866625       -0.06937810 
        0.07112266        0.08135384        0.10778601       -0.06354360       -0.06661649       -0.06822801       -0.06893630 
        0.07068196        0.08083636        0.10707506       -0.06313642       -0.06618882       -0.06779158       -0.06849632 
        0.07024253        0.08032165        0.10636788       -0.06273119       -0.06576330       -0.06735701       -0.06805836 
        0.06980520        0.07980865        0.10566451       -0.06232778       -0.06533965       -0.06692433       -0.06762259 
        0.06936947        0.07929819        0.10496482       -0.06192591       -0.06491800       -0.06649413       -0.06718859 
        0.06893521        0.07879036        0.10426883       -0.06152664       -0.06449829       -0.06606573       -0.06675658 
        0.06850298        0.07828441        0.10357662       -0.06112888       -0.06408083       -0.06563929       -0.06632654 
        0.06807225        0.07778113        0.10288827       -0.06073341       -0.06366520       -0.06521466       -0.06589875 
        0.06764363        0.07727994        0.10220332       -0.06033956       -0.06325141       -0.06479239       -0.06547292 
        0.06721651        0.07678116        0.10152245       -0.05994784       -0.06283969       -0.06437200       -0.06504893 
        0.06679133        0.07628482        0.10084498       -0.05955761       -0.06243034       -0.06395376       -0.06462700 
        0.06636786        0.07579073        0.10017153       -0.05917005       -0.06202257       -0.06353726       -0.06420734 
        0.06594604        0.07529934        0.09950162       -0.05878405       -0.06161717       -0.06312324       -0.06378929 
        0.06552627        0.07481003        0.09883524       -0.05839998       -0.06121356       -0.06271098       -0.06337356 
        0.06510846        0.07432293        0.09817269       -0.05801786       -0.06081220       -0.06230073       -0.06295982 
        0.06469218        0.07383853        0.09751389       -0.05763789       -0.06041303       -0.06189228       -0.06254815 
        0.06427781        0.07335652        0.09685872       -0.05725970       -0.06001535       -0.06148638       -0.06213832 
        0.06386552        0.07287662        0.09620693       -0.05688337       -0.05962003       -0.06108245       -0.06173063 
        0.06345502        0.07239907        0.09555917       -0.05650896       -0.05922687       -0.06068021       -0.06132514 
        0.06304625        0.07192419        0.09491500       -0.05613674       -0.05883523       -0.06028027       -0.06092168 
        0.06263945        0.07145165        0.09427424       -0.05576649       -0.05844591       -0.05988228       -0.06052018 
        0.06223442        0.07098146        0.09363742       -0.05539801       -0.05805868       -0.05948627       -0.06012075 
        0.06183150        0.07051354        0.09300392       -0.05503144       -0.05767360       -0.05909223       -0.05972348 
        0.06143034        0.07004815        0.09237412       -0.05466681       -0.05729023       -0.05870063       -0.05932804 
        0.06103107        0.06958510        0.09174773       -0.05430426       -0.05690904       -0.05831068       -0.05893477 
        0.06063376        0.06912458        0.09112476       -0.05394363       -0.05652997       -0.05792298       -0.05854348 
        0.06023827        0.06866629        0.09050602       -0.05358493       -0.05615267       -0.05753749       -0.05815420 
        0.05984485        0.06821040        0.08989038       -0.05322779       -0.05577758       -0.05715360       -0.05776718 
        0.05945313        0.06775703        0.08927826       -0.05287322       -0.05540426       -0.05677209       -0.05738204 
        0.05906352        0.06730591        0.08866998       -0.05252008       -0.05503329       -0.05639238       -0.05699899 
        0.05867586        0.06685723        0.08806501       -0.05216878       -0.05466432       -0.05601465       -0.05661817 
        0.05828997        0.06641099        0.08746356       -0.05181953       -0.05429712       -0.05563927       -0.05623904 
        0.05790615        0.06596702        0.08686551       -0.05147236       -0.05393205       -0.05526568       -0.05586216 
        0.05752423        0.06552543        0.08627117       -0.05112728       -0.05356878       -0.05489454       -0.05548706 
        0.05714424        0.06508623        0.08568017       -0.05078385       -0.05320781       -0.05452484       -0.05511438 
        0.05676616        0.06464952        0.08509249       -0.05044229       -0.05284863       -0.05415751       -0.05474346 
        0.05639004        0.06421503        0.08450853       -0.05010242       -0.05249177       -0.05379187       -0.05437475 
        0.05601576        0.06378303        0.08392794       -0.04976486       -0.05213653       -0.05342873       -0.05400777 
        0.05564353        0.06335340        0.08335061       -0.04942899       -0.05178333       -0.05306739       -0.05364306 
        0.05527319        0.06292605        0.08277697       -0.04909498       -0.05143211       -0.05270820       -0.05328016 
        0.05490482        0.06250110        0.08220665       -0.04876298       -0.05108306       -0.05235072       -0.05291947 
        0.05453838        0.06207846        0.08163982       -0.04843264       -0.05073576       -0.05199538       -0.05256084 
        0.05417396        0.06165815        0.08107613       -0.04810436       -0.05039058       -0.05164207       -0.05220397 
        0.05381120        0.06124036        0.08051594       -0.04777793       -0.05004735       -0.05129064       -0.05184933 
        0.05345073        0.06082478        0.07995900       -0.04745332       -0.04970600       -0.05094144       -0.05149647 
        0.05309193        0.06041158        0.07940562       -0.04713052       -0.04936662       -0.05059406       -0.05114571 
        0.05273528        0.06000061        0.07885538       -0.04680979       -0.04902914       -0.05024844       -0.05079707 
        0.05238027        0.05959218        0.07830836       -0.04649076       -0.04869372       -0.04990519       -0.05045019 
        0.05202746        0.05918583        0.07776492       -0.04617347       -0.04836008       -0.04956379       -0.05010541 
        0.05167646        0.05878190        0.07722461       -0.04585819       -0.04802858       -0.04922410       -0.04976265 
        0.05132729        0.05838047        0.07668745       -0.04554460       -0.04769892       -0.04888648       -0.04942189 
        0.05098031        0.05798103        0.07615361       -0.04523288       -0.04737118       -0.04855100       -0.04908293 
        0.05063498        0.05758406        0.07562332       -0.04492298       -0.04704511       -0.04821756       -0.04874594 
        0.05029178        0.05718931        0.07509596       -0.04461492       -0.04672138       -0.04788567       -0.04841100 
        0.04995030        0.05679695        0.07457191       -0.04430878       -0.04639922       -0.04755590       -0.04807806 
        0.04961086        0.05640676        0.07405117       -0.04400408       -0.04607912       -0.04722811       -0.04774700 
        0.04927320        0.05601895        0.07353336       -0.04370137       -0.04576081       -0.04690233       -0.04741779 
        0.04893765        0.05563317        0.07301907       -0.04340035       -0.04544454       -0.04657815       -0.04709079 
        0.04860384        0.05524985        0.07250783       -0.04310126       -0.04513014       -0.04625626       -0.04676536 
        0.04827191        0.05486879        0.07199972       -0.04280393       -0.04481755       -0.04593619       -0.04644190 
        0.04794187        0.05448997        0.07149490       -0.04250856       -0.04450668       -0.04561790       -0.04612052 
        0.04761386        0.05411329        0.07099303       -0.04221465       -0.04419787       -0.04530150       -0.04580098 
        0.04728762        0.05373894        0.07049433       -0.04192263       -0.04389083       -0.04498710       -0.04548331 
        0.04696324        0.05336678        0.06999855       -0.04163245       -0.04358575       -0.04467430       -0.04516770 
        0.04664076        0.05299691        0.06950609       -0.04134380       -0.04328232       -0.04436367       -0.04485384 
        0.04632019        0.05262913        0.06901670       -0.04105718       -0.04298072       -0.04405493       -0.04454183 
        0.04600148        0.05226354        0.06853032       -0.04077204       -0.04268109       -0.04374798       -0.04423176 
        0.04568453        0.05190034        0.06804702       -0.04048881       -0.04238322       -0.04344303       -0.04392340 
        0.04536942        0.05153926        0.06756667       -0.04020708       -0.04208730       -0.04313947       -0.04361721 
        0.04505631        0.05118023        0.06708942       -0.03992701       -0.04179296       -0.04283821       -0.04331266 
        0.04474496        0.05082339        0.06661518       -0.03964889       -0.04150048       -0.04253871       -0.04300992 
        0.04443554        0.05046871        0.06614388       -0.03937268       -0.04120984       -0.04224071       -0.04270927 
        0.04412781        0.05011633        0.06567565       -0.03909766       -0.04092106       -0.04194492       -0.04241018 
        0.04382211        0.04976587        0.06521035       -0.03882445       -0.04063404       -0.04165076       -0.04211300 
        0.04351796        0.04941781        0.06474790       -0.03855290       -0.04034876       -0.04135837       -0.04181780 
        0.04321579        0.04907170        0.06428854       -0.03828329       -0.04006497       -0.04106802       -0.04152420 
        0.04291534        0.04872784        0.06383184       -0.03801524       -0.03978333       -0.04077927       -0.04123248 
        0.04261681        0.04838600        0.06337833       -0.03774872       -0.03950331       -0.04049229       -0.04094262 
        0.04231992        0.04804631        0.06292769       -0.03748397       -0.03922496       -0.04020721       -0.04065446 
        0.04202489        0.04770877        0.06247972       -0.03722077       -0.03894852       -0.03992369       -0.04036818 
        0.04173166        0.04737327        0.06203485       -0.03695934       -0.03867355       -0.03964207       -0.04008370 
        0.04144023        0.04703982        0.06159267       -0.03669940       -0.03840039       -0.03936233       -0.03980090 
        0.04115056        0.04670841        0.06115356       -0.03644103       -0.03812909       -0.03908418       -0.03951988 
        0.04086267        0.04637911        0.06071712       -0.03618445       -0.03785925       -0.03880782       -0.03924066 
        0.04057663        0.04605180        0.06028339       -0.03592942       -0.03759132       -0.03853314       -0.03896308 
        0.04029210        0.04572669        0.05985252       -0.03567610       -0.03732498       -0.03826009       -0.03868744 
        0.04000958        0.04540341        0.05942463       -0.03542404       -0.03706041       -0.03798914       -0.03841330 
        0.03972856        0.04508238        0.05899930       -0.03517385       -0.03679747       -0.03771958       -0.03814106 
        0.03944935        0.04476333        0.05857660       -0.03492527       -0.03653602       -0.03745188       -0.03787044 
        0.03917189        0.04444623        0.05815688       -0.03467823       -0.03627665       -0.03718559       -0.03760162 
        0.03889618        0.04413105        0.05773995       -0.03443262       -0.03601853       -0.03692142       -0.03733434 
        0.03862206        0.04381810        0.05732556       -0.03418855       -0.03576225       -0.03665852       -0.03706898 
        0.03834970        0.04350702        0.05691384       -0.03394615       -0.03550755       -0.03639760       -0.03680513 
        0.03807911        0.04319786        0.05650490       -0.03370529       -0.03525458       -0.03613822       -0.03654299 
        0.03781023        0.04289060        0.05609869       -0.03346576       -0.03500310       -0.03588055       -0.03628256 
        0.03754294        0.04258539        0.05569516       -0.03322808       -0.03475328       -0.03562456       -0.03602375 
        0.03727736        0.04228211        0.05529430       -0.03299186       -0.03450510       -0.03536995       -0.03576670 
        0.03701343        0.04198083        0.05489593       -0.03275699       -0.03425848       -0.03511725       -0.03551122 
        0.03675114        0.04168146        0.05450017       -0.03252383       -0.03401338       -0.03486609       -0.03525738 
