        0.00000000        0.00000000        0.00000000        0.00000000        0.00000000 
        0.00000000        0.00000000        0.00000000        0.00000000        0.00000000 
       -0.00000000       -0.00000000        0.00000000        0.00000000        0.00000000 
        0.00000000       -0.00000000        0.00000000        0.00000000        0.00000000 
        0.00000000       -0.00000000        0.00000000        0.00000000        0.00000000 
       -0.00000000       -0.00000000        0.00000000        0.00000000        0.00000000 
       -0.00000000       -0.00000000        0.00000000        0.00000000        0.00000000 
       -0.00000000       -0.00000000        0.00000000        0.00000000        0.00000000 
       -0.00000000       -0.00000000        0.00000000        0.00000000        0.00000000 
       -0.00000000       -0.00000000        0.00000000        0.00000000        0.00000000 
       -0.00000000       -0.00000000        0.00000000        0.00000000        0.00000000 
       -0.00000000       -0.00000000        0.00000000        0.00000000        0.00000000 
       -0.00000000       -0.00000000        0.00000000        0.00000000        0.00000000 
       -0.00000000       -0.00000000        0.00000000        0.00000000        0.00000000 
       -0.00000000       -0.00000000        0.00000000        0.00000000        0.00000000 
       -0.00000000       -0.00000000        0.00000000        0.00000000        0.00000000 
       -0.00000000       -0.00000000        0.00000000        0.00000000        0.00000000 
       -0.00000000       -0.00000000        0.00000000        0.00000000        0.00000000 
       -0.00000000       -0.00000000        0.00000000        0.00000000        0.00000000 
       -0.00000000       -0.00000000        0.00000000        0.00000000        0.00000000 
       -0.00000000       -0.00000000        0.00000000        0.00000000        0.00000000 
       -0.00000000       -0.00000000        0.00000000        0.00000000        0.00000000 
       -0.00000000       -0.00000000        0.00000000        0.00000000        0.00000000 
       -0.00000000       -0.00000000        0.00000000        0.00000000        0.00000000 
       -0.00000000       -0.00000000        0.00000000        0.00000000        0.00000000 
       -0.00000000       -0.00000000        0.00000000        0.00000000        0.00000000 
       -0.00000000       -0.00000000        0.00000000        0.00000000        0.00000000 
       -0.00000000       -0.00000000        0.00000000        0.00000000        0.00000000 
       -0.00000000       -0.00000000        0.00000000        0.00000000        0.00000000 
       -0.00000000       -0.00000000        0.00000000        0.00000000        0.00000000 
       -0.00000000       -0.00000000        0.00000000        0.00000000        0.00000000 
       -0.00000000       -0.00000000        0.00000000        0.00000000        0.00000000 
       -0.00000000       -0.00000000        0.00000000        0.00000000        0.00000000 
       -0.00000000       -0.00000000        0.00000000        0.00000000        0.00000000 
       -0.00000000       -0.00000000        0.00000000        0.00000000        0.00000000 
       -0.00000000       -0.00000000        0.00000000        0.00000000        0.00000000 
       -0.00000000       -0.00000000        0.00000000        0.00000000        0.00000000 
       -0.00000000       -0.00000000        0.00000000        0.00000000        0.00000000 
       -0.00000000       -0.00000000        0.00000000        0.00000000        0.00000000 
       -0.00000000       -0.00000000        0.00000000        0.00000000        0.00000000 
       -0.00000000       -0.00000000        0.00000000        0.00000000        0.00000000 
       -0.00000000       -0.00000000        0.00000000        0.00000000        0.00000000 
       -0.00000000       -0.00000000        0.00000000        0.00000000        0.00000000 
       -0.00000000       -0.00000000        0.00000000        0.00000000        0.00000000 
       -0.00000000       -0.00000001        0.00000000        0.00000000        0.00000000 
       -0.00000000       -0.00000001        0.00000001        0.00000000        0.00000000 
       -0.00000000       -0.00000001        0.00000001        0.00000000        0.00000000 
       -0.00000000       -0.00000001        0.00000001        0.00000000        0.00000000 
       -0.00000000       -0.00000002        0.00000001        0.00000000        0.00000000 
       -0.00000000       -0.00000002        0.00000001        0.00000001        0.00000000 
       -0.00000000       -0.00000003        0.00000002        0.00000001        0.00000000 
       -0.00000000       -0.00000003        0.00000002        0.00000001        0.00000000 
       -0.00000000       -0.00000004        0.00000003        0.00000001        0.00000001 
       -0.00000001       -0.00000005        0.00000004        0.00000001        0.00000001 
       -0.00000001       -0.00000007        0.00000005        0.00000002        0.00000001 
       -0.00000001       -0.00000009        0.00000006        0.00000002        0.00000001 
       -0.00000001       -0.00000011        0.00000008        0.00000003        0.00000002 
       -0.00000002       -0.00000014        0.00000010        0.00000004        0.00000002 
       -0.00000002       -0.00000017        0.00000012        0.00000005        0.00000003 
       -0.00000003       -0.00000022        0.00000015        0.00000006        0.00000003 
       -0.00000003       -0.00000027        0.00000019        0.00000007        0.00000004 
       -0.00000004       -0.00000034        0.00000024        0.00000009        0.00000005 
       -0.00000005       -0.00000043        0.00000030        0.00000011        0.00000006 
       -0.00000007       -0.00000053        0.00000038        0.00000014        0.00000008 
       -0.00000009       -0.00000067        0.00000047        0.00000018        0.00000010 
       -0.00000011       -0.00000083        0.00000058        0.00000022        0.00000013 
       -0.00000013       -0.00000103        0.00000073        0.00000028        0.00000016 
       -0.00000017       -0.00000128        0.00000090        0.00000035        0.00000020 
       -0.00000021       -0.00000159        0.00000111        0.00000043        0.00000025 
       -0.00000026       -0.00000196        0.00000138        0.00000054        0.00000031 
       -0.00000033       -0.00000243        0.00000170        0.00000066        0.00000038 
       -0.00000041       -0.00000300        0.00000210        0.00000082        0.00000048 
       -0.00000051       -0.00000369        0.00000259        0.00000102        0.00000059 
       -0.00000064       -0.00000454        0.00000318        0.00000126        0.00000073 
       -0.00000079       -0.00000558        0.00000390        0.00000155        0.00000091 
       -0.00000098       -0.00000685        0.00000479        0.00000191        0.00000112 
       -0.00000121       -0.00000839        0.00000586        0.00000234        0.00000138 
       -0.00000150       -0.00001026        0.00000716        0.00000288        0.00000170 
       -0.00000185       -0.00001253        0.00000874        0.00000353        0.00000209 
       -0.00000228       -0.00001528        0.00001065        0.00000432        0.00000256 
       -0.00000280       -0.00001861        0.00001297        0.00000527        0.00000314 
       -0.00000344       -0.00002263        0.00001576        0.00000644        0.00000384 
       -0.00000422       -0.00002748        0.00001912        0.00000784        0.00000469 
       -0.00000518       -0.00003332        0.00002316        0.00000955        0.00000572 
       -0.00000633       -0.00004034        0.00002803        0.00001160        0.00000697 
       -0.00000774       -0.00004877        0.00003386        0.00001407        0.00000848 
       -0.00000944       -0.00005887        0.00004085        0.00001705        0.00001031 
       -0.00001150       -0.00007096        0.00004920        0.00002063        0.00001250 
       -0.00001399       -0.00008541        0.00005918        0.00002492        0.00001515 
       -0.00001699       -0.00010265        0.00007108        0.00003006        0.00001832 
       -0.00002060       -0.00012320        0.00008524        0.00003621        0.00002214 
       -0.00002496       -0.00014764        0.00010209        0.00004356        0.00002670 
       -0.00003018       -0.00017667        0.00012208        0.00005232        0.00003217 
       -0.00003645       -0.00021111        0.00014577        0.00006275        0.00003869 
       -0.00004396       -0.00025188        0.00017381        0.00007515        0.00004647 
       -0.00005295       -0.00030010        0.00020694        0.00008988        0.00005574 
       -0.00006367       -0.00035703        0.00024603        0.00010734        0.00006676 
       -0.00007646       -0.00042414        0.00029208        0.00012801        0.00007985 
       -0.00009169       -0.00050314        0.00034625        0.00015244        0.00009537 
       -0.00010980       -0.00059599        0.00040986        0.00018127        0.00011374 
       -0.00013124       -0.00070491        0.00048444        0.00021521        0.00013542 
       -0.00015663       -0.00083251        0.00057175        0.00025513        0.00016099 
       -0.00018667       -0.00098179        0.00067383        0.00030204        0.00019113 
       -0.00022219       -0.00115618        0.00079300        0.00035707        0.00022660 
       -0.00026410       -0.00135960        0.00093190        0.00042153        0.00026828 
       -0.00031349       -0.00159653        0.00109358        0.00049694        0.00031720 
       -0.00037161       -0.00187206        0.00128147        0.00058501        0.00037452 
       -0.00043990       -0.00219200        0.00149950        0.00068773        0.00044160 
       -0.00052001       -0.00256295        0.00175212        0.00080735        0.00051997 
       -0.00061387       -0.00299239        0.00204437        0.00094644        0.00061140 
       -0.00072367       -0.00348879        0.00238197        0.00110794        0.00071790 
       -0.00085193       -0.00406172        0.00277135        0.00129518        0.00084180 
       -0.00100153       -0.00472198        0.00321980        0.00151193        0.00098571 
       -0.00117575       -0.00548175        0.00373548        0.00176249        0.00115261 
       -0.00137838       -0.00635468        0.00432759        0.00205168        0.00134592 
       -0.00161366       -0.00735612        0.00500643        0.00238499        0.00156946 
       -0.00188651       -0.00850328        0.00578354        0.00276856        0.00182760 
       -0.00220239       -0.00981535        0.00667179        0.00320933        0.00212524 
       -0.00256760       -0.01131380        0.00768557        0.00371507        0.00246794 
       -0.00298923       -0.01302248        0.00884086        0.00429451        0.00286195 
       -0.00347525       -0.01496804        0.01015548        0.00495741        0.00331426 
       -0.00403471       -0.01717989        0.01164911        0.00571468        0.00383279 
       -0.00467774       -0.01969072        0.01334360        0.00657846        0.00442631 
       -0.00541574       -0.02253668        0.01526308        0.00756229        0.00510470 
       -0.00626150       -0.02575763        0.01743416        0.00868122        0.00587899 
       -0.00722936       -0.02939753        0.01988614        0.00995191        0.00676142 
       -0.00833528       -0.03350462        0.02265121        0.01139283        0.00776562 
       -0.00959711       -0.03813200        0.02576471        0.01302440        0.00890677 
       -0.01103479       -0.04333761        0.02926526        0.01486913        0.01020164 
       -0.01267040       -0.04918504        0.03319513        0.01695176        0.01166879 
       -0.01452845       -0.05574346        0.03760036        0.01929961        0.01332875 
       -0.01663619       -0.06308839        0.04253110        0.02194252        0.01520412 
       -0.01902366       -0.07130167        0.04804172        0.02491321        0.01731978 
       -0.02172390       -0.08047241        0.05419134        0.02824752        0.01970309 
       -0.02477372       -0.09069657        0.06104371        0.03198442        0.02238399 
       -0.02821308       -0.10207832        0.06866783        0.03616638        0.02539521 
       -0.03208619       -0.11472958        0.07713798        0.04083964        0.02877279 
       -0.03644162       -0.12877107        0.08653401        0.04605427        0.03255555 
       -0.04133201       -0.14433217        0.09694162        0.05186459        0.03678614 
       -0.04681534       -0.16155148        0.10845262        0.05832911        0.04151079 
       -0.05295432       -0.18057716        0.12116504        0.06551105        0.04677939 
       -0.05981767       -0.20156741        0.13518345        0.07347837        0.05264622 
       -0.06747961       -0.22469044        0.15061894        0.08230436        0.05916977 
       -0.07602096       -0.25012517        0.16758969        0.09206706        0.06641313 
       -0.08552825       -0.27806067        0.18622088        0.10285047        0.07444417 
       -0.09609604       -0.30869699        0.20664442        0.11474383        0.08333582 
       -0.10782504       -0.34224582        0.22899997        0.12784266        0.09316611 
       -0.12082481       -0.37892842        0.25343364        0.14224809        0.10401851 
       -0.13521171       -0.41897774        0.28009945        0.15806794        0.11598200 
       -0.15111041       -0.46263957        0.30915838        0.17541522        0.12915164 
       -0.16865563       -0.51016617        0.34077853        0.19441074        0.14362812 
       -0.18798923       -0.56182504        0.37513489        0.21518064        0.15951842 
       -0.20926213       -0.61789155        0.41240942        0.23785830        0.17693591 
       -0.23263693       -0.67865038        0.45279014        0.26258349        0.19599974 
       -0.25828290       -0.74439669        0.49647164        0.28950191        0.21683562 
       -0.28638077       -0.81543589        0.54365492        0.31876659        0.23957670 
       -0.31712055       -0.89208078        0.59454608        0.35053575        0.26436043 
       -0.35070372       -0.97464848        0.64935505        0.38497484        0.29133332 
       -0.38733912       -1.06346750        0.70829737        0.42225492        0.32064605 
       -0.42724752       -1.15886927        0.77159297        0.46255219        0.35245693 
       -0.47065830       -1.26119089        0.83946371        0.50604963        0.38692927 
       -0.51781321       -1.37077188        0.91213417        0.55293417        0.42423320 
       -0.56896067       -1.48795366        0.98983002        0.60339737        0.46454406 
       -0.62435913       -1.61308002        1.07277822        0.65763497        0.50804257 
       -0.68427658       -1.74649334        1.16120553        0.71584606        0.55491376 
       -0.74899101       -1.88853550        1.25533700        0.77823544        0.60535002 
       -0.81878281       -2.03954029        1.35539556        0.84500623        0.65954280 
       -0.89394474       -2.19983578        1.46159887        0.91636658        0.71769214 
       -0.97478008       -2.36974907        1.57416153        0.99252105        0.77999902 
       -1.06158829       -2.54959011        1.69329429        1.07368231        0.84666443 
       -1.15467834       -2.73966312        1.81919813        1.16005373        0.91789722 
       -1.25436497       -2.94025612        1.95206785        1.25184250        0.99389982 
       -1.36096191       -3.15164185        2.09208488        1.34925032        1.07487917 
       -1.47479057       -3.37407875        2.23942375        1.45247936        1.16104126 
       -1.59616661       -3.60780716        2.39424181        1.56171942        1.25258827 
       -1.72540855       -3.85303879        2.55669165        1.67716312        1.34972191 
       -1.86282921       -4.10997009        2.72690392        1.79899168        1.45264006 
       -2.00874519       -4.37876892        2.90499640        1.92737770        1.56153536 
       -2.16345787       -4.65958214        3.09106970        2.06248999        1.67659187 
       -2.32726860       -4.95251465        3.28520203        2.20447731        1.79799175 
       -2.50047684       -5.25765800        3.48746014        2.35349035        1.92590714 
       -2.68334198       -5.57506561        3.69788456        2.50965357        2.06050110 
       -2.87615395       -5.90475655        3.91649818        2.67308903        2.20192623 
       -3.07916260       -6.24671364        4.14329624        2.84390163        2.35032558 
       -3.29260063       -6.60089302        4.37825775        3.02217102        2.50582790 
       -3.51669693       -6.96720123        4.62133789        3.20797729        2.66854382 
       -3.75164413       -7.34551430        4.87246418        3.40137100        2.83858013 
       -3.99763489       -7.73569107        5.13153839        3.60238361        3.01602364 
       -4.25482559       -8.13751602        5.39844990        3.81103325        3.20093727 
       -4.52334976       -8.55077362        5.67304707        4.02731705        3.39337826 
       -4.80331421       -8.97517395        5.95516300        4.25120640        3.59337234 
       -5.09481049       -9.41040802        6.24460983        4.48265934        3.80094337 
       -5.39787674       -9.85615158        6.54116631        4.72161198        4.01608276 
       -5.71254730      -10.31200790        6.84458923        4.96796513        4.23875427 
       -6.03878021      -10.77756119        7.15461636        5.22161102        4.46891880 
       -6.37659073      -11.25236893        7.47096062        5.48242092        4.70650196 
       -6.72585678      -11.73593521        7.79331684        5.75023460        4.95141506 
       -7.08649063      -12.22777557        8.12134743        6.02487946        5.20354843 
       -7.45833588      -12.72732162        8.45472050        6.30614090        5.46276855 
       -7.84121704      -13.23402786        8.79304504        6.59382439        5.72889900 
       -8.23491669      -13.74729919        9.13595200        6.88766479        6.00177765 
       -8.63919449      -14.26652145        9.48304367        7.18740654        6.28119659 
       -9.05374146      -14.79106140        9.83390236        7.49276352        6.56693840 
       -9.47825623      -15.32028198       10.18810272        7.80344200        6.85875320 
       -9.91236877      -15.85348511       10.54520226        8.11911774        7.15636826 
      -10.35565567      -16.39006042       10.90476036        8.43945885        7.45951843 
      -10.80776978      -16.92928314       11.26632309        8.76411247        7.76788330 
      -11.26820374      -17.47047043       11.62943268        9.09271622        8.08114815 
      -11.73645782      -18.01293945       11.99364090        9.42487717        8.39897537 
      -12.21205139      -18.55604553       12.35845184        9.76021957        8.72100830 
      -12.69441223      -19.09902954       12.72343254       10.09834480        9.04689217 
      -13.18299866      -19.64127350       13.08811188       10.43884087        9.37622643 
      -13.67717743      -20.18210602       13.45203400       10.78129196        9.70863914 
      -14.17637634      -20.72084808       13.81475067       11.12525940       10.04370880 
      -14.67991638      -21.25687408       14.17581940       11.47035789       10.38104630 
      -15.18717957      -21.78957367       14.53479385       11.81611824       10.72021103 
      -15.69751740      -22.31831360       14.89126205       12.16214371       11.06080055 
      -16.21021271      -22.84255981       15.24481773       12.50800514       11.40238190 
      -16.72459412      -23.36174774       15.59505653       12.85326576       11.74452972 
      -17.23998260      -23.87530518       15.94159698       13.19752693       12.08680725 
      -17.75566864      -24.38278961       16.28408241       13.54034996       12.42879868 
      -18.27096558      -24.88365936       16.62214470       13.88136673       12.77008629 
      -18.78517151      -25.37757874       16.95547867       14.22015190       13.11024857 
      -19.29759979      -25.86405182       17.28376579       14.55633163       13.44886208 
      -19.80757141      -26.34273529       17.60670280       14.88954735       13.78554153 
      -20.31445312      -26.81328583       17.92404747       15.21942139       14.11987686 
      -20.81751251      -27.27539825       18.23552513       15.54562378       14.45149612 
      -21.31616974      -27.72875977       18.54091263       15.86782455       14.78003311 
      -21.80976105      -28.17317200       18.84002304       16.18570709       15.10513687 
      -22.29771423      -28.60842133       19.13266754       16.49898148       15.42643738 
      -22.77943420      -29.03434753       19.41867065       16.80735397       15.74364090 
      -23.25436401      -29.45075226       19.69791412       17.11059952       16.05643082 
      -23.72198486      -29.85757446       19.97028351       17.40844345       16.36450195 
      -24.18179321      -30.25472260       20.23566055       17.70068359       16.66761017 
      -24.63330841      -30.64214325       20.49398422       17.98713303       16.96548462 
      -25.07606506      -31.01985168       20.74519348       18.26757812       17.25788498 
      -25.50971985      -31.38779449       20.98926544       18.54190063       17.54460526 
      -25.93380737      -31.74607086       21.22617340       18.80991364       17.82545853 
      -26.34806824      -32.09468842       21.45594406       19.07155228       18.10027695 
      -26.75213623      -32.43376160       21.67855835       19.32668304       18.36889267 
      -27.14576721      -32.76336670       21.89406586       19.57524109       18.63118362 
      -27.52867889      -33.08369446       22.10253525       19.81714630       18.88703918 
      -27.90071106      -33.39482117       22.30401611       20.05238342       19.13636398 
      -28.26168060      -33.69692993       22.49860001       20.28090286       19.37908554 
      -28.61145782      -33.99021912       22.68637085       20.50271606       19.61515045 
      -28.94993591      -34.27484131       22.86745453       20.71783447       19.84453201 
      -29.27701569      -34.55102539       23.04195023       20.92627335       20.06722641 
      -29.59268188      -34.81898499       23.20999908       21.12808609       20.28322220 
      -29.89694214      -35.07894897       23.37173080       21.32331848       20.49253845 
      -30.18978882      -35.33112335       23.52728653       21.51206970       20.69521332 
      -30.47129059      -35.57574463       23.67679977       21.69437408       20.89130402 
      -30.74153137      -35.81303406       23.82046127       21.87036133       21.08087540 
      -31.00058746      -36.04330444       23.95840073       22.04013443       21.26398849 
      -31.24864197      -36.26670837       24.09081650       22.20380020       21.44076920 
      -31.48577881      -36.48354340       24.21786118       22.36148071       21.61129379 
      -31.71222687      -36.69405365       24.33969879       22.51330948       21.77568054 
      -31.92816925      -36.89845276       24.45653152       22.65944672       21.93404388 
      -32.13380432      -37.09699249       24.56849670       22.80002213       22.08654404 
      -32.32937622      -37.28993225       24.67579651       22.93517303       22.23331070 
      -32.51513672      -37.47748566       24.77860641       23.06509018       22.37446976 
      -32.69129944      -37.65983582       24.87709427       23.18989563       22.51016998 
      -32.85819244      -37.83729553       24.97142029       23.30978394       22.64061356 
      -33.01607513      -38.00997925       25.06177521       23.42490005       22.76594543 
      -33.16520691      -38.17816162       25.14830780       23.53544617       22.88629532 
      -33.30594635      -38.34204102       25.23118591       23.64154816       23.00186920 
      -33.43852234      -38.50176239       25.31061554       23.74339294       23.11284256 
      -33.56328583      -38.65760040       25.38668442       23.84112930       23.21934891 
      -33.68051147      -38.80966949       25.45962143       23.93494415       23.32157135 
      -33.79054260      -38.95812988       25.52952576       24.02500916       23.41968918 
      -33.89366913      -39.10320282       25.59654999       24.11145020       23.51388931 
      -33.99023438      -39.24499512       25.66085434       24.19446182       23.60429764 
      -34.08047485      -39.38369751       25.72257614       24.27417755       23.69110870 
      -34.16474915      -39.51944733       25.78182983       24.35078430       23.77447128 
      -34.24333954      -39.65233612       25.83875656       24.42438889       23.85455322 
      -34.31652069      -39.78254700       25.89348602       24.49514008       23.93151474 
      -34.38463593      -39.91017151       25.94612503       24.56320572       24.00548172 
      -34.44793701      -40.03530884       25.99679184       24.62874222       24.07662582 
      -34.50665283      -40.15811920       26.04561234       24.69184494       24.14511108 
      -34.56109619      -40.27867889       26.09265137       24.75260925       24.21104813 
      -34.61152649      -40.39706421       26.13804245       24.81124496       24.27455902 
      -34.65818024      -40.51335144       26.18185806       24.86780548       24.33582306 
      -34.70134735      -40.62764740       26.22422028       24.92244720       24.39490891 
      -34.74118042      -40.74005890       26.26514816       24.97525787       24.45197296 
      -34.77793884      -40.85063171       26.30478668       25.02630997       24.50713348 
      -34.81185913      -40.95942688       26.34320450       25.07576752       24.56048203 
      -34.84314728      -41.06652832       26.38043976       25.12364197       24.61209869 
      -34.87194061      -41.17192841       26.41659164       25.17012787       24.66212845 
      -34.89849854      -41.27577972       26.45171356       25.21520233       24.71066284 
      -34.92294312      -41.37809753       26.48585892       25.25902176       24.75778198 
      -34.94545746      -41.47887421       26.51910400       25.30162430       24.80356979 
      -34.96619415      -41.57826996       26.55147552       25.34310532       24.84811020 
      -34.98530579      -41.67620850       26.58304214       25.38351822       24.89144516 
      -35.00296021      -41.77278900       26.61386108       25.42292023       24.93369293 
      -35.01926422      -41.86801147       26.64395142       25.46139908       24.97488403 
      -35.03431702      -41.96195221       26.67335129       25.49897385       25.01511765 
      -35.04827118      -42.05462646       26.70211792       25.53570175       25.05443954 
      -35.06123352      -42.14602661       26.73025513       25.57165527       25.09286880 
      -35.07326508      -42.23623657       26.75784302       25.60684586       25.13051224 
      -35.08449554      -42.32524109       26.78485870       25.64132690       25.16736221 
      -35.09500122      -42.41305542       26.81135941       25.67514420       25.20349121 
      -35.10484314      -42.49976349       26.83736801       25.70834351       25.23895264 
      -35.11411285      -42.58534241       26.86293030       25.74094391       25.27375793 
      -35.12286377      -42.66980743       26.88801575       25.77297211       25.30794144 
      -35.13116455      -42.75315857       26.91268921       25.80443573       25.34154510 
      -35.13903809      -42.83542633       26.93692780       25.83541489       25.37461472 
      -35.14658356      -42.91668701       26.96079254       25.86589432       25.40713882 
      -35.15383148      -42.99686432       26.98426819       25.89590454       25.43915939 
      -35.16078186      -43.07603455       27.00738525       25.92544174       25.47070694 
      -35.16750336      -43.15417480       27.03013611       25.95457077       25.50180435 
      -35.17405701      -43.23130798       27.05254364       25.98325729       25.53244781 
      -35.18041992      -43.30744934       27.07461166       26.01153564       25.56266022 
      -35.18663788      -43.38261414       27.09636688       26.03944397       25.59245300 
      -35.19273376      -43.45678711       27.11780548       26.06695175       25.62186050 
      -35.19873047      -43.53003693       27.13893127       26.09408569       25.65087128 
      -35.20462799      -43.60230255       27.15974808       26.12087631       25.67951965 
      -35.21044922      -43.67363739       27.18026733       26.14730072       25.70779037 
      -35.21622467      -43.74401474       27.20050430       26.17338181       25.73568726 
      -35.22191620      -43.81351471       27.22044754       26.19910431       25.76324081 
      -35.22753906      -43.88207245       27.24010086       26.22449875       25.79043961 
      -35.23314667      -43.94970703       27.25946808       26.24957657       25.81731415 
      -35.23870468      -44.01647568       27.27854919       26.27430344       25.84383011 
      -35.24420929      -44.08234024       27.29736710       26.29871750       25.87003326 
      -35.24968338      -44.14730453       27.31591034       26.32280731       25.89589310 
      -35.25512695      -44.21140671       27.33417511       26.34657669       25.92144012 
      -35.26049423      -44.27462769       27.35216141       26.37002563       25.94664001 
      -35.26586533      -44.33698654       27.36987305       26.39317322       25.97153473 
      -35.27116776      -44.39848328       27.38731003       26.41599655       25.99610138 
      -35.27638626      -44.45914841       27.40449905       26.43850327       26.02034760 
      -35.28158951      -44.51895905       27.42139435       26.46068954       26.04426956 
      -35.28671646      -44.57793808       27.43803406       26.48258591       26.06788635 
      -35.29179382      -44.63606262       27.45439529       26.50415421       26.09117126 
      -35.29678726      -44.69340515       27.47048569       26.52544022       26.11413574 
      -35.30171204      -44.74988937       27.48631287       26.54638290       26.13679504 
      -35.30654144      -44.80559540       27.50186157       26.56703568       26.15913010 
      -35.31127548      -44.86047745       27.51714706       26.58735657       26.18115234 
      -35.31595230      -44.91455460       27.53214264       26.60737991       26.20285416 
      -35.32049179      -44.96784592       27.54687881       26.62709045       26.22422409 
      -35.32496262      -45.02033234       27.56136703       26.64649200       26.24529266 
      -35.32929611      -45.07202530       27.57556534       26.66556549       26.26602936 
      -35.33350372      -45.12296677       27.58951569       26.68435669       26.28645706 
      -35.33760452      -45.17313004       27.60318375       26.70280457       26.30655670 
      -35.34155273      -45.22253799       27.61656952       26.72096252       26.32634735 
      -35.34539032      -45.27118301       27.62968063       26.73881149       26.34580994 
      -35.34905624      -45.31905746       27.64254379       26.75631714       26.36496353 
      -35.35256958      -45.36620331       27.65512848       26.77354431       26.38379669 
      -35.35592651      -45.41258240       27.66742706       26.79044724       26.40228653 
      -35.35915756      -45.45824814       27.67947006       26.80706024       26.42049026 
      -35.36219025      -45.50318146       27.69124603       26.82333755       26.43835068 
      -35.36507416      -45.54737091       27.70272446       26.83929825       26.45590210 
      -35.36778641      -45.59085464       27.71395111       26.85496140       26.47311783 
      -35.37030411      -45.63361359       27.72490311       26.87031555       26.49002457 
      -35.37264252      -45.67568588       27.73559189       26.88534927       26.50662231 
      -35.37480164      -45.71704483       27.74600220       26.90007401       26.52288055 
      -35.37675476      -45.75769043       27.75614929       26.91450500       26.53882980 
      -35.37852478      -45.79764938       27.76603699       26.92862320       26.55445099 
      -35.38008118      -45.83694077       27.77566147       26.94244385       26.56977844 
      -35.38144302      -45.87554169       27.78501892       26.95594406       26.58475876 
      -35.38260651      -45.91349030       27.79409790       26.96913528       26.59943771 
      -35.38356018      -45.95073318       27.80292130       26.98202133       26.61381149 
      -35.38429260      -45.98732376       27.81147003       26.99460983       26.62786865 
      -35.38482285      -46.02326965       27.81975937       27.00689316       26.64160538 
      -35.38512039      -46.05853271       27.82778931       27.01887131       26.65502930 
      -35.38521194      -46.09316254       27.83555222       27.03056335       26.66814804 
      -35.38508606      -46.12716675       27.84307098       27.04194260       26.68096161 
      -35.38474655      -46.16053009       27.85033035       27.05303955       26.69345474 
      -35.38418579      -46.19326019       27.85731125       27.06383133       26.70565796 
      -35.38339233      -46.22533798       27.86406708       27.07432938       26.71755600 
      -35.38237000      -46.25682068       27.87055016       27.08452606       26.72913361 
      -35.38111496      -46.28769684       27.87679482       27.09444427       26.74042892 
      -35.37964630      -46.31797791       27.88278008       27.10405731       26.75141144 
      -35.37796021      -46.34762192       27.88851166       27.11339951       26.76209641 
      -35.37602997      -46.37665939       27.89400291       27.12244034       26.77247620 
      -35.37384796      -46.40513611       27.89923668       27.13121033       26.78257370 
      -35.37147141      -46.43304062       27.90425110       27.13969421       26.79237366 
      -35.36885834      -46.46034241       27.90899467       27.14789200       26.80187225 
      -35.36602020      -46.48706055       27.91350365       27.15580750       26.81109238 
      -35.36295319      -46.51321030       27.91777992       27.16345215       26.82003021 
      -35.35965347      -46.53881454       27.92180634       27.17082214       26.82867432 
      -35.35612106      -46.56384277       27.92560577       27.17791748       26.83702850 
      -35.35236359      -46.58831406       27.92917061       27.18474770       26.84511185 
      -35.34837723      -46.61223984       27.93251038       27.19129944       26.85290527 
      -35.34416962      -46.63563919       27.93560410       27.19758606       26.86043358 
      -35.33971786      -46.65847778       27.93847847       27.20362091       26.86767960 
      -35.33506012      -46.68080139       27.94112015       27.20938492       26.87465477 
      -35.33016968      -46.70258713       27.94353867       27.21488762       26.88134766 
      -35.32504654      -46.72385406       27.94573784       27.22013474       26.88777924 
      -35.31969070      -46.74460983       27.94771385       27.22511864       26.89394188 
      -35.31414795      -46.76485825       27.94946289       27.22986031       26.89983749 
      -35.30836105      -46.78459549       27.95099831       27.23434258       26.90547752 
      -35.30236435      -46.80384445       27.95231628       27.23856926       26.91086006 
      -35.29613113      -46.82258224       27.95341682       27.24256516       26.91597939 
      -35.28969955      -46.84082794       27.95431709       27.24631119       26.92084694 
      -35.28303528      -46.85861206       27.95500565       27.24981880       26.92545319 
      -35.27616882      -46.87588501       27.95549202       27.25307846       26.92981720 
      -35.26908112      -46.89270020       27.95576859       27.25611115       26.93392372 
      -35.26178360      -46.90903473       27.95583534       27.25889778       26.93779182 
      -35.25427246      -46.92490387       27.95570183       27.26144409       26.94141579 
      -35.24657059      -46.94032669       27.95536613       27.26376343       26.94479942 
      -35.23864365      -46.95529175       27.95484352       27.26586151       26.94793701 
      -35.23051453      -46.96979523       27.95411682       27.26771927       26.95083809 
      -35.22219467      -46.98387146       27.95319557       27.26936722       26.95351028 
      -35.21366119      -46.99750519       27.95208740       27.27078438       26.95595360 
      -35.20493698      -47.01069260       27.95079994       27.27199173       26.95816422 
      -35.19599915      -47.02344513       27.94931984       27.27298164       26.96015549 
      -35.18688202      -47.03578186       27.94765282       27.27375221       26.96191597 
      -35.17756653      -47.04770279       27.94580078       27.27431107       26.96344948 
      -35.16804504      -47.05921173       27.94376183       27.27465057       26.96475792 
      -35.15833282      -47.07030487       27.94155502       27.27478981       26.96584892 
      -35.14844513      -47.08098602       27.93916321       27.27472305       26.96672821 
      -35.13835144      -47.09127426       27.93659019       27.27445793       26.96739769 
      -35.12808228      -47.10115051       27.93385506       27.27398491       26.96785927 
      -35.11761475      -47.11064911       27.93094444       27.27331924       26.96810532 
      -35.10700607      -47.11973572       27.92786789       27.27245331       26.96814537 
      -35.09618378      -47.12847137       27.92462158       27.27140045       26.96798325 
      -35.08518219      -47.13681030       27.92120743       27.27015305       26.96761513 
      -35.07401657      -47.14477539       27.91763306       27.26871681       26.96704674 
      -35.06267166      -47.15236664       27.91389275       27.26708603       26.96628571 
      -35.05116653      -47.15959930       27.90999794       27.26527023       26.96534157 
      -35.03948212      -47.16648483       27.90594864       27.26327515       26.96419334 
      -35.02762604      -47.17298126       27.90173721       27.26109695       26.96286774 
      -35.01560211      -47.17914581       27.89737511       27.25873184       26.96132851 
      -35.00341797      -47.18496704       27.89286232       27.25621033       26.95962715 
      -34.99106979      -47.19042206       27.88820267       27.25350189       26.95772934 
      -34.97856522      -47.19554520       27.88339043       27.25061607       26.95565796 
      -34.96590424      -47.20034409       27.87843132       27.24755859       26.95339966 
      -34.95308685      -47.20480347       27.87333298       27.24434853       26.95097923 
      -34.94011688      -47.20894623       27.86809540       27.24095535       26.94837189 
      -34.92698288      -47.21275711       27.86271477       27.23742104       26.94560242 
      -34.91370392      -47.21624374       27.85719872       27.23371315       26.94265556 
      -34.90028381      -47.21942139       27.85154343       27.22983551       26.93953323 
      -34.88671112      -47.22228622       27.84575653       27.22582054       26.93625450 
      -34.87299347      -47.22484207       27.83983612       27.22163391       26.93281555 
      -34.85913849      -47.22710037       27.83378601       27.21730042       26.92920303 
      -34.84514236      -47.22905350       27.82760048       27.21281815       26.92543793 
      -34.83100891      -47.23070145       27.82129669       27.20819092       26.92152023 
      -34.81673813      -47.23207092       27.81485939       27.20340729       26.91745186 
      -34.80233765      -47.23315048       27.80830193       27.19847870       26.91321373 
      -34.78780365      -47.23394012       27.80162621       27.19340897       26.90883255 
      -34.77313614      -47.23445892       27.79482460       27.18820572       26.90430832 
      -34.75835419      -47.23469543       27.78791046       27.18285561       26.89962769 
      -34.74343491      -47.23464966       27.78087616       27.17736626       26.89481735 
      -34.72839355      -47.23434830       27.77372742       27.17174721       26.88983727 
      -34.71323013      -47.23376846       27.76647186       27.16599274       26.88474655 
      -34.69795227      -47.23294067       27.75910759       27.16011047       26.87949753 
      -34.68255615      -47.23183823       27.75162315       27.15409279       26.87411499 
      -34.66703796      -47.23049164       27.74403763       27.14796257       26.86861610 
      -34.65141296      -47.22888565       27.73634338       27.14168739       26.86296082 
      -34.63567352      -47.22702789       27.72855186       27.13530540       26.85719299 
      -34.61981201      -47.22493362       27.72065353       27.12879372       26.85128021 
      -34.60385132      -47.22258759       27.71264458       27.12215614       26.84524727 
      -34.58779144      -47.22000885       27.70455360       27.11541176       26.83908844 
      -34.57163239      -47.21719742       27.69635201       27.10854340       26.83279991 
      -34.55535889      -47.21414948       27.68805695       27.10156059       26.82640457 
      -34.53898621      -47.21088409       27.67966270       27.09446335       26.81987762 
      -34.52251434      -47.20738602       27.67118454       27.08725929       26.81323433 
      -34.50595093      -47.20367050       27.66260910       27.07994843       26.80648232 
      -34.48929214      -47.19972610       27.65394783       27.07252502       26.79961205 
      -34.47254181      -47.19557571       27.64520073       27.06499863       26.79263878 
      -34.45569611      -47.19121552       27.63636208       27.05736351       26.78554344 
      -34.43875885      -47.18663025       27.62743568       27.04963112       26.77834129 
      -34.42173767      -47.18184662       27.61842918       27.04179573       26.77103806 
      -34.40463257      -47.17686462       27.60933876       27.03387260       26.76361656 
      -34.38745117      -47.17168045       27.60016823       27.02584267       26.75609970 
      -34.37017822      -47.16630173       27.59091759       27.01772118       26.74847984 
      -34.35282135      -47.16071320       27.58159447       27.00950432       26.74075890 
      -34.33539581      -47.15493774       27.57218361       27.00119209       26.73294067 
      -34.31789017      -47.14898682       27.56270790       26.99279022       26.72502327 
      -34.30030823      -47.14284515       27.55315208       26.98429871       26.71701622 
      -34.28265381      -47.13651276       27.54353142       26.97572136       26.70890999 
      -34.26493073      -47.13000488       27.53383446       26.96705627       26.70071411 
      -34.24713135      -47.12332153       27.52407074       26.95830727       26.69243431 
      -34.22926712      -47.11646271       27.51423264       26.94948196       26.68405914 
      -34.21134186      -47.10942841       27.50433540       26.94056892       26.67560577 
      -34.19334412      -47.10222626       27.49437523       26.93157196       26.66705513 
      -34.17528152      -47.09485626       27.48435211       26.92250252       26.65843201 
      -34.15716934      -47.08732224       27.47426224       26.91336060       26.64972115 
      -34.13899231      -47.07963562       27.46410561       26.90414238       26.64092445 
      -34.12075043      -47.07177734       27.45389557       26.89484215       26.63205338 
      -34.10246277      -47.06378174       27.44362259       26.88547897       26.62310600 
      -34.08410645      -47.05561447       27.43329620       26.87603951       26.61408043 
      -34.06570435      -47.04730606       27.42290878       26.86652946       26.60498428 
      -34.04725266      -47.03884888       27.41247559       26.85695076       26.59580994 
      -34.02875519      -47.03025055       27.40198517       26.84730911       26.58656693 
      -34.01020050      -47.02149200       27.39142990       26.83759880       26.57724953 
      -33.99159622      -47.01260376       27.38083649       26.82782936       26.56786919 
      -33.97294998      -47.00357819       27.37019348       26.81798935       26.55842209 
      -33.95426559      -46.99441147       27.35949707       26.80810165       26.54890060 
      -33.93552780      -46.98511505       27.34875488       26.79814148       26.53931808 
      -33.91675568      -46.97568512       27.33796883       26.78813171       26.52967262 
      -33.89793396      -46.96612549       27.32713509       26.77805328       26.51995850 
      -33.87908936      -46.95644379       27.31624985       26.76792908       26.51018906 
      -33.86019135      -46.94663239       27.30533600       26.75774193       26.50036240 
      -33.84127045      -46.93669510       27.29436493       26.74750519       26.49048233 
      -33.82230759      -46.92664337       27.28336906       26.73721313       26.48053169 
      -33.80331421      -46.91646957       27.27232742       26.72687912       26.47052765 
      -33.78428650      -46.90618515       27.26124191       26.71649170       26.46047592 
      -33.76523590      -46.89579010       27.25012779       26.70605087       26.45037079 
      -33.74615097      -46.88526917       27.23896980       26.69556808       26.44020844 
      -33.72704315      -46.87464142       27.22778130       26.68503571       26.42999458 
      -33.70790863      -46.86392212       27.21656036       26.67445946       26.41973877 
      -33.68874359      -46.85307693       27.20530319       26.66384506       26.40943146 
      -33.66955185      -46.84214401       27.19401169       26.65317535       26.39907455 
      -33.65034485      -46.83110046       27.18268585       26.64247131       26.38866806 
      -33.63111877      -46.81996536       27.17133141       26.63173485       26.37823105 
      -33.61186218      -46.80873108       27.15995216       26.62094879       26.36773300 
      -33.59259415      -46.79739761       27.14854431       26.61012840       26.35720825 
      -33.57331085      -46.78598022       27.13710022       26.59926987       26.34663773 
      -33.55400848      -46.77446365       27.12563705       26.58837509       26.33602142 
      -33.53468323      -46.76285934       27.11415100       26.57744408       26.32537079 
      -33.51535034      -46.75117493       27.10263443       26.56647873       26.31467819 
      -33.49600601      -46.73939514       27.09109497       26.55547523       26.30395126 
      -33.47664642      -46.72753906       27.07953453       26.54445267       26.29319000 
      -33.45729065      -46.71558762       27.06795311       26.53339577       26.28239441 
      -33.43791199      -46.70355988       27.05635452       26.52230453       26.27155876 
      -33.41852570      -46.69145584       27.04473114       26.51118088       26.26069641 
      -33.39913177      -46.67927551       27.03309250       26.50004005       26.24979782 
      -33.37973785      -46.66702271       27.02143097       26.48886871       26.23887062 
      -33.36033630      -46.65469742       27.00975037       26.47766876       26.22792053 
      -33.34093475      -46.64228821       26.99805832       26.46644211       26.21693993 
      -33.32152557      -46.62982941       26.98635101       26.45519257       26.20592690 
      -33.30211639      -46.61727905       26.97462463       26.44391632       26.19488525 
      -33.28270721      -46.60467529       26.96289062       26.43262482       26.18383026 
      -33.26329041      -46.59200287       26.95113373       26.42131424       26.17274094 
      -33.24388504      -46.57926941       26.93937302       26.40997696       26.16162491 
      -33.22447205      -46.56647491       26.92759323       26.39862442       26.15048981 
      -33.20506668      -46.55361176       26.91580963       26.38724899       26.13933945 
      -33.18566132      -46.54069901       26.90401840       26.37585258       26.12815475 
      -33.16626740      -46.52772522       26.89221573       26.36444473       26.11695480 
      -33.14687729      -46.51469421       26.88040543       26.35301781       26.10573769 
      -33.12749863      -46.50160980       26.86858177       26.34158325       26.09450531 
      -33.10811615      -46.48847198       26.85675049       26.33012390       26.08324432 
      -33.08874512      -46.47528076       26.84490967       26.31865311       26.07197571 
      -33.06938934      -46.46203995       26.83306694       26.30717468       26.06069374 
      -33.05004501      -46.44874573       26.82122231       26.29567909       26.04938698 
      -33.03071213      -46.43541336       26.80937767       26.28417587       26.03807640 
      -33.01138687      -46.42202759       26.79752731       26.27265739       26.02674294 
      -32.99207687      -46.40860367       26.78566933       26.26112747       26.01540375 
      -32.97277832      -46.39513397       26.77381134       26.24959564       26.00404358 
      -32.95349121      -46.38161850       26.76194763       26.23804855       25.99267769 
      -32.93422699      -46.36806488       26.75008202       26.22649765       25.98129845 
      -32.91497803      -46.35446930       26.73822021       26.21493912       25.96991348 
      -32.89574432      -46.34084702       26.72635269       26.20337677       25.95851517 
      -32.87652588      -46.32717896       26.71449471       26.19180679       25.94710922 
      -32.85732651      -46.31347656       26.70263290       26.18023300       25.93569183 
      -32.83814621      -46.29974365       26.69077682       26.16865540       25.92427826 
      -32.81898499      -46.28597260       26.67891693       26.15707397       25.91285133 
      -32.79984283      -46.27217865       26.66706467       26.14548492       25.90142059 
      -32.78072357      -46.25834656       26.65521240       26.13390160       25.88998413 
      -32.76162720      -46.24448776       26.64336777       26.12231636       25.87854767 
      -32.74255371      -46.23059845       26.63152504       26.11072731       25.86710167 
      -32.72350311      -46.21668243       26.61968422       26.09914017       25.85565567 
      -32.70447540      -46.20274353       26.60786057       26.08755112       25.84420967 
      -32.68547821      -46.18878174       26.59603500       26.07595825       25.83276176 
      -32.66650391      -46.17478943       26.58421898       26.06437874       25.82131958 
      -32.64754868      -46.16078186       26.57241440       26.05279922       25.80986786 
      -32.62862396      -46.14675140       26.56061172       26.04121590       25.79841995 
      -32.60972977      -46.13269806       26.54882622       26.02964020       25.78696823 
      -32.59086227      -46.11862183       26.53704071       26.01806259       25.77552223 
      -32.57202148      -46.10452652       26.52526855       26.00649643       25.76408005 
      -32.55321121      -46.09041977       26.51350403       25.99493408       25.75263977 
      -32.53443146      -46.07629395       26.50175095       25.98337555       25.74119949 
      -32.51567841      -46.06215286       26.49000549       25.97182655       25.72976685 
      -32.49696350      -46.04799652       26.47827530       25.96027374       25.71833801 
      -32.47827148      -46.03383636       26.46655655       25.94874382       25.70691681 
      -32.45961761      -46.01964951       26.45484924       25.93720818       25.69549370 
      -32.44099045      -46.00545502       26.44315720       25.92568970       25.68408394 
      -32.42240143      -45.99125671       26.43147659       25.91417313       25.67267990 
      -32.40384674      -45.97703552       26.41980743       25.90266800       25.66128159 
      -32.38532257      -45.96281433       26.40815735       25.89117432       25.64988327 
      -32.36682892      -45.94859314       26.39652252       25.87968826       25.63850784 
      -32.34837341      -45.93435669       26.38490105       25.86821365       25.62713242 
      -32.32995605      -45.92011261       26.37329674       25.85674858       25.61576843 
      -32.31157684      -45.90586853       26.36170578       25.84529686       25.60441208 
      -32.29322815      -45.89161301       26.35013390       25.83386040       25.59306717 
      -32.27492523      -45.87734985       26.33858109       25.82243347       25.58172989 
      -32.25664902      -45.86309814       26.32704163       25.81101990       25.57040024 
      -32.23841476      -45.84883881       26.31551743       25.79961777       25.55909348 
      -32.22021866      -45.83457947       26.30401611       25.78823471       25.54779625 
      -32.20206070      -45.82030869       26.29253197       25.77686310       25.53650665 
      -32.18394470      -45.80604935       26.28106308       25.76550484       25.52523041 
      -32.16586304      -45.79179001       26.26960945       25.75416374       25.51396751 
      -32.14782333      -45.77753448       26.25817680       25.74283791       25.50272369 
      -32.12982559      -45.76327896       26.24676704       25.73152351       25.49148750 
      -32.11186981      -45.74902344       26.23537827       25.72023010       25.48026657 
      -32.09395218      -45.73477936       26.22400665       25.70895195       25.46906281 
      -32.07607651      -45.72053528       26.21265602       25.69768906       25.45787430 
      -32.05824280      -45.70629883       26.20132637       25.68644333       25.44670486 
      -32.04045486      -45.69206619       26.19001770       25.67521667       25.43554688 
      -32.02270508      -45.67784500       26.17872810       25.66401100       25.42440605 
      -32.00499725      -45.66362381       26.16746330       25.65282249       25.41328049 
      -31.98733521      -45.64942169       26.15621758       25.64165115       25.40217590 
      -31.96971512      -45.63521957       26.14499474       25.63050461       25.39108276 
      -31.95213890      -45.62103271       26.13379669       25.61936951       25.38001060 
      -31.93460655      -45.60685349       26.12261963       25.60825920       25.36895943 
      -31.91711998      -45.59268188       26.11146355       25.59716797       25.35791969 
      -31.89967918      -45.57852936       26.10033226       25.58609009       25.34691238 
      -31.88227844      -45.56438446       26.08922958       25.57504082       25.33591270 
      -31.86492920      -45.55024338       26.07814789       25.56400871       25.32493973 
      -31.84762383      -45.53613281       26.06709290       25.55299950       25.31398201 
      -31.83036423      -45.52202606       26.05605698       25.54201126       25.30304527 
