        0.00000000        0.00000000        0.00000000        0.00000000        0.00000000 
        0.00000000        0.00000000        0.00000000        0.00000000        0.00000000 
        0.00000000        0.00000000        0.00000000        0.00000000        0.00000000 
        0.00000000        0.00000000        0.00000000        0.00000000        0.00000000 
        0.00000000        0.00000000        0.00000000        0.00000000        0.00000000 
        0.00000000        0.00000000        0.00000000        0.00000000        0.00000000 
        0.00000000        0.00000000        0.00000000        0.00000000        0.00000000 
        0.00000000        0.00000000        0.00000000        0.00000000        0.00000000 
        0.00000000        0.00000000        0.00000000        0.00000000        0.00000000 
        0.00000000        0.00000000        0.00000000        0.00000000        0.00000000 
        0.00000000        0.00000000        0.00000000        0.00000000        0.00000000 
        0.00000000        0.00000000        0.00000000        0.00000000        0.00000000 
        0.00000000        0.00000000        0.00000000        0.00000000        0.00000000 
        0.00000000        0.00000000        0.00000000        0.00000000        0.00000000 
        0.00000000        0.00000000        0.00000000        0.00000000        0.00000000 
        0.00000000        0.00000000        0.00000000        0.00000000        0.00000000 
        0.00000000        0.00000000        0.00000000        0.00000000        0.00000000 
        0.00000000        0.00000000        0.00000000        0.00000000        0.00000000 
        0.00000000        0.00000000        0.00000000        0.00000000        0.00000000 
        0.00000000        0.00000000        0.00000000        0.00000000        0.00000000 
        0.00000000        0.00000000        0.00000000        0.00000000        0.00000000 
        0.00000000        0.00000000        0.00000000        0.00000000        0.00000000 
        0.00000000        0.00000000        0.00000000        0.00000000        0.00000000 
        0.00000000        0.00000000        0.00000000        0.00000000        0.00000000 
        0.00000000        0.00000000        0.00000000        0.00000000        0.00000000 
        0.00000000        0.00000000        0.00000000        0.00000000        0.00000000 
        0.00000000        0.00000000        0.00000000        0.00000000        0.00000000 
        0.00000000        0.00000000        0.00000000        0.00000000        0.00000000 
        0.00000000        0.00000000        0.00000000        0.00000000        0.00000000 
        0.00000000        0.00000000        0.00000000        0.00000000        0.00000000 
        0.00000000        0.00000000        0.00000000        0.00000000        0.00000000 
        0.00000000        0.00000000        0.00000000        0.00000000        0.00000000 
        0.00000000        0.00000000        0.00000000        0.00000000        0.00000000 
        0.00000000        0.00000000        0.00000000        0.00000000        0.00000000 
        0.00000000        0.00000000        0.00000000        0.00000000        0.00000000 
        0.00000000        0.00000000        0.00000000        0.00000000        0.00000000 
        0.00000000        0.00000000        0.00000000        0.00000000        0.00000000 
        0.00000000        0.00000000        0.00000000        0.00000000        0.00000000 
        0.00000000        0.00000000        0.00000000        0.00000000        0.00000000 
        0.00000000        0.00000000        0.00000000        0.00000000        0.00000000 
        0.00000000        0.00000000        0.00000000        0.00000000        0.00000000 
        0.00000000        0.00000000        0.00000000        0.00000000        0.00000000 
        0.00000000        0.00000000        0.00000000        0.00000000        0.00000000 
        0.00000000        0.00000000        0.00000000        0.00000000        0.00000000 
        0.00000000        0.00000000        0.00000000        0.00000000        0.00000000 
        0.00000000        0.00000000        0.00000000        0.00000000        0.00000000 
        0.00000000        0.00000000        0.00000000        0.00000000        0.00000000 
        0.00000000        0.00000000        0.00000000        0.00000000        0.00000000 
        0.00000000        0.00000001        0.00000000        0.00000000        0.00000000 
        0.00000000        0.00000001        0.00000001        0.00000001        0.00000000 
        0.00000000        0.00000001        0.00000001        0.00000001        0.00000000 
        0.00000001        0.00000001        0.00000001        0.00000001        0.00000000 
        0.00000001        0.00000001        0.00000001        0.00000001        0.00000001 
        0.00000001        0.00000002        0.00000002        0.00000001        0.00000001 
        0.00000001        0.00000002        0.00000002        0.00000002        0.00000001 
        0.00000001        0.00000003        0.00000003        0.00000002        0.00000001 
        0.00000002        0.00000003        0.00000003        0.00000003        0.00000001 
        0.00000002        0.00000004        0.00000004        0.00000004        0.00000002 
        0.00000003        0.00000005        0.00000005        0.00000005        0.00000002 
        0.00000003        0.00000007        0.00000006        0.00000006        0.00000003 
        0.00000004        0.00000009        0.00000008        0.00000007        0.00000004 
        0.00000005        0.00000011        0.00000010        0.00000009        0.00000004 
        0.00000007        0.00000013        0.00000012        0.00000011        0.00000006 
        0.00000008        0.00000017        0.00000016        0.00000014        0.00000007 
        0.00000010        0.00000021        0.00000019        0.00000018        0.00000009 
        0.00000013        0.00000026        0.00000024        0.00000022        0.00000011 
        0.00000016        0.00000032        0.00000030        0.00000027        0.00000013 
        0.00000020        0.00000039        0.00000037        0.00000033        0.00000016 
        0.00000024        0.00000049        0.00000046        0.00000041        0.00000020 
        0.00000030        0.00000060        0.00000056        0.00000051        0.00000025 
        0.00000037        0.00000074        0.00000069        0.00000063        0.00000031 
        0.00000045        0.00000091        0.00000085        0.00000077        0.00000038 
        0.00000056        0.00000112        0.00000105        0.00000095        0.00000046 
        0.00000068        0.00000137        0.00000129        0.00000117        0.00000057 
        0.00000084        0.00000168        0.00000158        0.00000143        0.00000069 
        0.00000102        0.00000206        0.00000193        0.00000175        0.00000085 
        0.00000125        0.00000251        0.00000235        0.00000213        0.00000104 
        0.00000152        0.00000306        0.00000287        0.00000260        0.00000126 
        0.00000185        0.00000373        0.00000350        0.00000317        0.00000154 
        0.00000225        0.00000454        0.00000425        0.00000385        0.00000187 
        0.00000274        0.00000551        0.00000517        0.00000468        0.00000227 
        0.00000332        0.00000669        0.00000626        0.00000567        0.00000275 
        0.00000402        0.00000810        0.00000758        0.00000686        0.00000333 
        0.00000486        0.00000979        0.00000917        0.00000829        0.00000403 
        0.00000587        0.00001182        0.00001107        0.00001001        0.00000486 
        0.00000707        0.00001424        0.00001334        0.00001206        0.00000585 
        0.00000851        0.00001714        0.00001606        0.00001451        0.00000704 
        0.00001023        0.00002061        0.00001930        0.00001744        0.00000846 
        0.00001228        0.00002473        0.00002317        0.00002092        0.00001015 
        0.00001471        0.00002964        0.00002777        0.00002507        0.00001216 
        0.00001760        0.00003547        0.00003323        0.00002999        0.00001454 
        0.00002103        0.00004238        0.00003970        0.00003582        0.00001737 
        0.00002509        0.00005056        0.00004737        0.00004273        0.00002071 
        0.00002989        0.00006023        0.00005643        0.00005090        0.00002466 
        0.00003556        0.00007166        0.00006713        0.00006053        0.00002933 
        0.00004223        0.00008512        0.00007975        0.00007189        0.00003482 
        0.00005009        0.00010096        0.00009459        0.00008525        0.00004129 
        0.00005932        0.00011958        0.00011204        0.00010095        0.00004888 
        0.00007015        0.00014142        0.00013251        0.00011936        0.00005779 
        0.00008284        0.00016701        0.00015649        0.00014093        0.00006821 
        0.00009774        0.00019705        0.00018465        0.00016627        0.00008047 
        0.00011515        0.00023213        0.00021754        0.00019587        0.00009478 
        0.00013538        0.00027293        0.00025578        0.00023025        0.00011140 
        0.00015893        0.00032044        0.00030032        0.00027027        0.00013074 
        0.00018631        0.00037567        0.00035209        0.00031680        0.00015322 
        0.00021809        0.00043977        0.00041219        0.00037079        0.00017930 
        0.00025491        0.00051407        0.00048186        0.00043335        0.00020951 
        0.00029752        0.00060004        0.00056248        0.00050575        0.00024446 
        0.00034676        0.00069938        0.00065564        0.00058938        0.00028484 
        0.00040355        0.00081398        0.00076312        0.00068586        0.00033140 
        0.00046896        0.00094599        0.00088694        0.00079697        0.00038501 
        0.00054419        0.00109781        0.00102937        0.00092476        0.00044666 
        0.00063058        0.00127216        0.00119294        0.00107149        0.00051744 
        0.00072962        0.00147207        0.00138052        0.00123973        0.00059857 
        0.00084299        0.00170094        0.00159529        0.00143232        0.00069143 
        0.00097259        0.00196256        0.00184083        0.00165246        0.00079755 
        0.00112049        0.00226116        0.00212110        0.00190371        0.00091864 
        0.00128902        0.00260144        0.00244055        0.00219003        0.00105660 
        0.00148077        0.00298863        0.00280409        0.00251582        0.00121356 
        0.00169860        0.00342852        0.00321717        0.00288595        0.00139184 
        0.00194569        0.00392752        0.00368584        0.00330582        0.00159405 
        0.00222553        0.00449271        0.00421674        0.00378140        0.00182303 
        0.00254197        0.00513189        0.00481725        0.00431925        0.00208196 
        0.00289927        0.00585363        0.00549544        0.00492662        0.00237429 
        0.00330207        0.00666736        0.00626020        0.00561144        0.00270385 
        0.00375547        0.00758338        0.00712127        0.00638241        0.00307479 
        0.00426505        0.00861299        0.00808929        0.00724907        0.00349170 
        0.00483690        0.00976849        0.00917589        0.00822182        0.00395955 
        0.00547764        0.01106330        0.01039374        0.00931197        0.00448379 
        0.00619447        0.01251199        0.01175661        0.01053187        0.00507030 
        0.00699519        0.01413037        0.01327946        0.01189487        0.00572551 
        0.00788827        0.01593554        0.01497845        0.01341545        0.00645635 
        0.00888282        0.01794598        0.01687109        0.01510929        0.00727032 
        0.00998868        0.02018161        0.01897622        0.01699325        0.00817550 
        0.01121642        0.02266384        0.02131416        0.01908551        0.00918060 
        0.01257740        0.02541566        0.02390668        0.02140559        0.01029496 
        0.01408375        0.02846168        0.02677713        0.02397439        0.01152860 
        0.01574847        0.03182817        0.02995047        0.02681431        0.01289222 
        0.01758536        0.03554318        0.03345331        0.02994919        0.01439725 
        0.01960916        0.03963649        0.03731399        0.03340445        0.01605586 
        0.02183544        0.04413972        0.04156258        0.03720710        0.01788095 
        0.02428073        0.04908635        0.04623094        0.04138573        0.01988621 
        0.02696246        0.05451170        0.05135274        0.04597059        0.02208613 
        0.02989898        0.06045301        0.05696348        0.05099358        0.02449596 
        0.03310958        0.06694936        0.06310046        0.05648829        0.02713176 
        0.03661445        0.07404170        0.06980284        0.06248995        0.03001040 
        0.04043473        0.08177289        0.07711157        0.06903546        0.03314954 
        0.04459239        0.09018755        0.08506937        0.07616334        0.03656759 
        0.04911031        0.09933204        0.09372075        0.08391374        0.04028376 
        0.05401221        0.10925445        0.10311176        0.09232835        0.04431799 
        0.05932253        0.12000449        0.11329017        0.10145031        0.04869096 
        0.06506651        0.13163327        0.12430523        0.11132423        0.05342401 
        0.07127002        0.14419340        0.13620755        0.12199603        0.05853909 
        0.07795958        0.15773860        0.14904906        0.13351288        0.06405880 
        0.08516221        0.17232378        0.16288280        0.14592299        0.07000621 
        0.09290535        0.18800464        0.17776270        0.15927556        0.07640496 
        0.10121680        0.20483766        0.19374365        0.17362064        0.08327892 
        0.11012459        0.22287978        0.21088088        0.18900889        0.09065243 
        0.11965688        0.24218811        0.22923014        0.20549136        0.09854998 
        0.12984174        0.26281983        0.24884728        0.22311945        0.10699619 
        0.14070722        0.28483176        0.26978800        0.24194448        0.11601575 
        0.15228096        0.30828011        0.29210761        0.26201770        0.12563324 
        0.16459017        0.33322024        0.31586054        0.28338972        0.13587305 
        0.17766155        0.35970628        0.34110066        0.30611053        0.14675920 
        0.19152084        0.38779089        0.36787996        0.33022913        0.15831536 
        0.20619307        0.41752452        0.39624918        0.35579333        0.17056449 
        0.22170195        0.44895566        0.42625701        0.38284919        0.18352894 
        0.23807004        0.48213002        0.45794970        0.41144097        0.19723012 
        0.25531831        0.51709032        0.49137089        0.44161081        0.21168843 
        0.27346608        0.55387574        0.52656120        0.47339818        0.22692318 
        0.29253092        0.59252226        0.56355757        0.50683981        0.24295230 
        0.31252825        0.63306105        0.60239369        0.54196948        0.25979230 
        0.33347124        0.67551887        0.64309877        0.57881725        0.27745807 
        0.35537094        0.71991843        0.68569785        0.61740947        0.29596269 
        0.37823552        0.76627630        0.73021084        0.65776867        0.31531751 
        0.40207070        0.81460375        0.77665269        0.69991285        0.33553174 
        0.42687926        0.86490673        0.82503313        0.74385530        0.35661244 
        0.45266095        0.91718447        0.87535602        0.78960496        0.37856448 
        0.47941244        0.97143048        0.92761910        0.83716488        0.40139025 
        0.50712717        1.02763104        0.98181474        0.88653314        0.42508960 
        0.53579515        1.08576632        1.03792763        0.93770266        0.44965988 
        0.56540328        1.14580882        1.09593725        0.99065995        0.47509590 
        0.59593481        1.20772469        1.15581524        1.04538667        0.50138938 
        0.62736923        1.27147222        1.21752727        1.10185671        0.52852964 
        0.65968293        1.33700335        1.28103161        1.16004050        0.55650282 
        0.69284868        1.40426242        1.34628022        1.21989989        0.58529222 
        0.72683561        1.47318590        1.41321754        1.28139234        0.61487865 
        0.76160944        1.54370487        1.48178136        1.34446812        0.64523971 
        0.79713261        1.61574125        1.55190289        1.40907180        0.67635018 
        0.83336395        1.68921268        1.62350690        1.47514319        0.70818216 
        0.87025958        1.76402819        1.69651139        1.54261410        0.74070495 
        0.90777230        1.84009206        1.77082777        1.61141253        0.77388495 
        0.94585180        1.91730165        1.84636343        1.68146002        0.80768645 
        0.98444527        1.99554920        1.92301798        1.75267315        0.84207082 
        1.02349770        2.07472110        2.00068665        1.82496440        0.87699729 
        1.06295085        2.15470099        2.07925963        1.89823937        0.91242301 
        1.10274541        2.23536515        2.15862298        1.97240222        0.94830292 
        1.14281929        2.31658840        2.23865914        2.04735112        0.98458964 
        1.18310964        2.39824152        2.31924653        2.12298226        1.02123487 
        1.22355187        2.48019218        2.40025973        2.19918680        1.05818844 
        1.26407993        2.56230760        2.48157120        2.27585483        1.09539843 
        1.30462813        2.64445066        2.56305385        2.35287428        1.13281238 
        1.34512949        2.72648597        2.64457583        2.43012905        1.17037666 
        1.38551664        2.80827618        2.72600579        2.50750494        1.20803726 
        1.42572343        2.88968635        2.80721307        2.58488441        1.24573898 
        1.46568298        2.97057796        2.88806629        2.66215134        1.28342700 
        1.50532985        3.05081892        2.96843433        2.73918796        1.32104659 
        1.54459941        3.13027692        3.04818964        2.81587958        1.35854268 
        1.58342850        3.20882249        3.12720609        2.89211106        1.39586103 
        1.62175477        3.28632927        3.20535755        2.96776891        1.43294811 
        1.65951931        3.36267567        3.28252554        3.04274178        1.46975064 
        1.69666374        3.43774414        3.35859060        3.11692023        1.50621760 
        1.73313284        3.51142001        3.43344045        3.19020152        1.54229772 
        1.76887357        3.58359599        3.50696731        3.26248145        1.57794261 
        1.80383599        3.65416932        3.57906604        3.33366036        1.61310446 
        1.83797240        3.72304440        3.64963937        3.40364599        1.64773810 
        1.87123978        3.79013133        3.71859312        3.47234654        1.68179989 
        1.90359616        3.85534573        3.78584266        3.53967834        1.71524787 
        1.93500388        3.91861272        3.85130525        3.60556102        1.74804354 
        1.96542978        3.97986054        3.91490793        3.66991878        1.78014958 
        1.99484253        4.03902912        3.97658348        3.73268199        1.81153166 
        2.02321458        4.09606218        4.03627157        3.79378653        1.84215724 
        2.05052376        4.15091324        4.09391785        3.85317421        1.87199771 
        2.07674932        4.20354176        4.14947510        3.91079235        1.90102589 
        2.10187531        4.25391293        4.20290422        3.96659374        1.92921758 
        2.12588811        4.30200624        4.25417328        4.02053881        1.95655131 
        2.14877987        4.34779644        4.30325174        4.07259083        1.98300874 
        2.17054343        4.39127779        4.35012579        4.12272167        2.00857306 
        2.19117737        4.43244553        4.39477968        4.17090559        2.03323174 
        2.21068048        4.47129774        4.43720627        4.21712780        2.05697346 
        2.22905874        4.50784636        4.47740841        4.26137447        2.07978964 
        2.24631810        4.54210377        4.51538801        4.30363655        2.10167432 
        2.26246667        4.57409143        4.55116081        4.34391594        2.12262511 
        2.27751875        4.60383701        4.58473969        4.38221264        2.14263988 
        2.29148769        4.63136578        4.61614799        4.41853380        2.16172028 
        2.30439091        4.65671968        4.64541388        4.45289469        2.17986941 
        2.31624722        4.67993546        4.67257071        4.48531103        2.19709229 
        2.32707763        4.70105791        4.69764948        4.51580286        2.21339631 
        2.33690524        4.72013378        4.72069168        4.54439354        2.22879195 
        2.34575462        4.73721552        4.74174070        4.57111263        2.24328780 
        2.35365129        4.75235558        4.76084232        4.59598970        2.25689769 
        2.36062169        4.76561069        4.77804518        4.61905956        2.26963401 
        2.36669493        4.77704048        4.79340076        4.64035797        2.28151298 
        2.37189937        4.78670263        4.80696201        4.65992546        2.29255009 
        2.37626433        4.79466009        4.81878471        4.67780113        2.30276346 
        2.37982059        4.80097485        4.82892466        4.69402790        2.31217003 
        2.38259816        4.80571127        4.83743954        4.70865107        2.32079053 
        2.38462758        4.80893326        4.84438896        4.72171831        2.32864285 
        2.38594055        4.81070232        4.84982824        4.73327017        2.33574867 
        2.38656664        4.81108284        4.85382032        4.74335909        2.34212852 
        2.38653612        4.81014061        4.85642481        4.75203276        2.34780312 
        2.38588071        4.80793571        4.85769844        4.75933743        2.35279489 
        2.38462853        4.80453157        4.85769796        4.76532173        2.35712457 
        2.38280988        4.79998684        4.85648346        4.77003574        2.36081409 
        2.38045430        4.79436255        4.85411358        4.77352667        2.36388636 
        2.37758803        4.78771591        4.85064030        4.77584076        2.36636114 
        2.37423873        4.78010511        4.84612083        4.77702904        2.36826134 
        2.37043405        4.77158070        4.84060955        4.77713585        2.36960793 
        2.36619830        4.76220131        4.83415413        4.77620554        2.37042260 
        2.36155725        4.75201416        4.82680893        4.77428675        2.37072492 
        2.35653496        4.74107122        4.81862068        4.77141809        2.37053657 
        2.35115385        4.72941732        4.80963755        4.76764774        2.36987662 
        2.34543538        4.71710014        4.79990482        4.76301432        2.36876488 
        2.33940244        4.70415974        4.78946352        4.75755739        2.36722112 
        2.33307290        4.69064093        4.77836084        4.75132036        2.36526299 
        2.32646656        4.67658281        4.76663208        4.74433661        2.36290884 
        2.31960320        4.66201973        4.75431919        4.73664618        2.36017704 
        2.31249881        4.64698887        4.74145317        4.72828102        2.35708380 
        2.30516911        4.63152742        4.72807360        4.71927738        2.35364485 
        2.29763079        4.61565971        4.71421099        4.70966816        2.34987736 
        2.28989744        4.59942055        4.69989777        4.69948292        2.34579563 
        2.28198314        4.58283520        4.68516111        4.68875122        2.34141517 
        2.27390027        4.56592989        4.67003202        4.67750216        2.33674955 
        2.26566219        4.54873180        4.65453434        4.66576433        2.33181167 
        2.25727868        4.53126144        4.63869524        4.65356207        2.32661653 
        2.24875998        4.51354074        4.62253428        4.64092064        2.32117462 
        2.24011803        4.49558973        4.60607672        4.62786388        2.31549883 
        2.23136044        4.47742701        4.58933878        4.61441231        2.30960035 
        2.22249675        4.45906782        4.57234669        4.60059261        2.30348897 
        2.21353364        4.44053078        4.55511141        4.58641720        2.29717708 
        2.20447922        4.42183208        4.53765154        4.57190895        2.29067302 
        2.19534111        4.40298033        4.51998520        4.55708790        2.28398728 
        2.18612480        4.38399172        4.50212431        4.54196835        2.27712774 
        2.17683649        4.36487770        4.48408270        4.52656746        2.27010393 
        2.16748142        4.34564877        4.46587324        4.51089954        2.26292348 
        2.15806508        4.32631397        4.44750929        4.49498034        2.25559449 
        2.14859247        4.30688477        4.42900038        4.47882462        2.24812412 
        2.13906693        4.28736782        4.41035748        4.46244240        2.24051905 
        2.12949419        4.26777077        4.39158821        4.44584703        2.23278689 
        2.11987615        4.24810314        4.37270594        4.42905235        2.22493339 
        2.11021733        4.22836924        4.35371399        4.41206646        2.21696496 
        2.10052180        4.20857716        4.33462191        4.39490175        2.20888662 
        2.09079146        4.18873072        4.31543827        4.37756824        2.20070481 
        2.08102989        4.16883516        4.29616928        4.36007309        2.19242430 
        2.07123971        4.14889908        4.27681971        4.34242678        2.18404961 
        2.06142235        4.12892342        4.25739670        4.32463741        2.17558742 
        2.05158138        4.10891485        4.23790598        4.30671358        2.16703939 
        2.04171872        4.08887434        4.21835184        4.28866005        2.15841198 
        2.03183627        4.06880999        4.19874191        4.27049017        2.14970899 
        2.02193570        4.04872084        4.17907715        4.25220537        2.14093399 
        2.01201940        4.02861166        4.15936279        4.23381281        2.13209081 
        2.00208974        4.00848770        4.13960552        4.21532106        2.12318325 
        1.99214697        3.98835111        4.11980724        4.19673443        2.11421514 
        1.98219407        3.96820331        4.09997129        4.17805815        2.10518932 
        1.97223163        3.94804811        4.08010340        4.15930033        2.09610868 
        1.96226168        3.92788720        4.06020498        4.14046431        2.08697748 
        1.95228565        3.90772486        4.04028130        4.12155628        2.07779789 
        1.94230449        3.88756275        4.02033281        4.10257912        2.06857252 
        1.93232012        3.86740160        4.00036478        4.08353806        2.05930448 
        1.92233372        3.84724522        3.98038006        4.06444073        2.04999685 
        1.91234589        3.82709551        3.96038079        4.04528856        2.04065156 
        1.90235865        3.80695462        3.94036937        4.02608442        2.03127170 
        1.89237320        3.78682470        3.92034912        4.00683594        2.02185893 
        1.88239002        3.76670742        3.90032363        3.98754549        2.01241660 
        1.87241101        3.74660516        3.88029218        3.96821547        2.00294518 
        1.86243677        3.72651911        3.86026073        3.94885254        1.99344814 
        1.85246861        3.70645213        3.84023023        3.92945790        1.98392761 
        1.84250724        3.68640590        3.82020378        3.91003513        1.97438550 
        1.83255434        3.66638136        3.80018187        3.89058995        1.96482289 
        1.82261062        3.64638042        3.78016901        3.87112331        1.95524347 
        1.81267667        3.62640524        3.76016474        3.85163808        1.94564772 
        1.80275428        3.60645795        3.74017382        3.83213878        1.93603730 
        1.79284382        3.58653975        3.72019720        3.81262803        1.92641461 
        1.78294623        3.56665230        3.70023727        3.79310846        1.91678119 
        1.77306271        3.54679704        3.68029594        3.77358413        1.90713882 
        1.76319385        3.52697587        3.66037416        3.75405550        1.89748836 
        1.75334096        3.50719047        3.64047432        3.73452592        1.88783216 
        1.74350429        3.48744082        3.62059855        3.71499968        1.87817180 
        1.73368526        3.46773100        3.60074925        3.69547725        1.86850762 
        1.72388422        3.44806075        3.58092761        3.67596316        1.85884237 
        1.71410227        3.42843175        3.56113553        3.65645814        1.84917629 
        1.70434022        3.40884519        3.54137421        3.63696551        1.83951187 
        1.69459867        3.38930368        3.52164578        3.61748576        1.82984960 
        1.68487835        3.36980653        3.50195312        3.59802389        1.82019079 
        1.67518008        3.35035658        3.48229504        3.57857966        1.81053650 
        1.66550434        3.33095503        3.46267462        3.55915618        1.80088842 
        1.65585232        3.31160188        3.44309425        3.53975606        1.79124773 
        1.64622402        3.29230046        3.42355299        3.52037954        1.78161478 
        1.63662040        3.27305031        3.40405536        3.50102997        1.77199161 
        1.62704217        3.25385237        3.38460135        3.48170877        1.76237869 
        1.61749029        3.23470902        3.36519122        3.46241808        1.75277674 
        1.60796452        3.21561933        3.34582734        3.44315863        1.74318767 
        1.59846592        3.19658685        3.32651186        3.42393422        1.73361170 
        1.58899510        3.17761230        3.30724406        3.40474463        1.72405016 
        1.57955217        3.15869498        3.28802705        3.38559079        1.71450353 
        1.57013845        3.13983583        3.26886058        3.36647654        1.70497274 
        1.56075358        3.12103748        3.24974656        3.34740233        1.69545949 
        1.55139863        3.10229993        3.23068643        3.32836914        1.68596375 
        1.54207397        3.08362508        3.21168065        3.30937910        1.67648637 
        1.53277969        3.06501198        3.19273067        3.29043341        1.66702795 
        1.52351630        3.04646230        3.17383671        3.27153301        1.65758991 
        1.51428485        3.02797818        3.15500188        3.25268006        1.64817262 
        1.50508535        3.00955749        3.13622475        3.23387504        1.63877702 
        1.49591839        2.99120402        3.11750650        3.21511865        1.62940323 
        1.48678410        2.97291589        3.09884977        3.19641376        1.62005222 
        1.47768235        2.95469522        3.08025336        3.17776060        1.61072469 
        1.46861458        2.93654346        3.06172085        3.15916038        1.60142148 
        1.45958066        2.91845870        3.04325032        3.14061427        1.59214258 
        1.45058060        2.90044475        3.02484393        3.12212229        1.58288932 
        1.44161510        2.88249946        3.00650239        3.10368729        1.57366145 
        1.43268430        2.86462545        2.98822594        3.08530855        1.56446040 
        1.42378879        2.84682178        2.97001553        3.06698847        1.55528581 
        1.41492867        2.82909012        2.95187211        3.04872680        1.54613888 
        1.40610373        2.81142998        2.93379617        3.03052449        1.53701961 
        1.39731503        2.79384160        2.91578841        3.01238370        1.52792883 
        1.38856280        2.77632761        2.89784956        2.99430323        1.51886690 
        1.37984622        2.75888586        2.87998009        2.97628522        1.50983465 
        1.37116659        2.74151778        2.86217976        2.95832968        1.50083148 
        1.36252379        2.72422433        2.84445071        2.94043970        1.49185884 
        1.35391808        2.70700645        2.82679248        2.92261243        1.48291683 
        1.34534967        2.68986320        2.80920577        2.90485120        1.47400546 
        1.33681822        2.67279410        2.79169178        2.88715601        1.46512544 
        1.32832468        2.65580153        2.77424836        2.86952543        1.45627725 
        1.31986892        2.63888550        2.75688028        2.85196376        1.44746065 
        1.31145096        2.62204504        2.73958445        2.83446932        1.43867683 
        1.30307102        2.60528135        2.72236252        2.81704307        1.42992568 
        1.29472935        2.58859396        2.70521498        2.79968572        1.42120755 
        1.28642607        2.57198477        2.68814182        2.78239727        1.41252244 
        1.27816117        2.55545282        2.67114377        2.76517892        1.40387118 
        1.26993477        2.53899789        2.65422034        2.74803114        1.39525366 
        1.26174736        2.52262139        2.63737369        2.73095369        1.38667023 
        1.25359869        2.50632238        2.62060213        2.71394730        1.37812150 
        1.24548876        2.49010134        2.60390687        2.69701266        1.36960697 
        1.23741794        2.47395897        2.58728790        2.68015003        1.36112773 
        1.22938621        2.45789504        2.57074571        2.66335988        1.35268331 
        1.22139382        2.44190955        2.55428028        2.64664268        1.34427440 
        1.21344066        2.42600274        2.53789234        2.62999821        1.33590078 
        1.20552635        2.41017509        2.52158189        2.61342740        1.32756305 
        1.19765162        2.39442635        2.50534821        2.59693050        1.31926119 
        1.18981636        2.37875724        2.48919344        2.58050776        1.31099534 
        1.18202043        2.36316705        2.47311640        2.56415963        1.30276561 
        1.17426360        2.34765482        2.45711708        2.54788566        1.29457259 
        1.16654682        2.33222318        2.44119501        2.53168654        1.28641593 
        1.15886962        2.31686950        2.42535281        2.51556301        1.27829611 
        1.15123141        2.30159640        2.40958834        2.49951434        1.27021313 
        1.14363313        2.28640246        2.39390326        2.48354149        1.26216710 
        1.13607454        2.27128792        2.37829590        2.46764421        1.25415838 
        1.12855542        2.25625229        2.36276722        2.45182323        1.24618638 
        1.12107599        2.24129629        2.34731841        2.43607831        1.23825192 
        1.11363602        2.22641969        2.33194733        2.42040920        1.23035479 
        1.10623538        2.21162224        2.31665564        2.40481663        1.22249532 
        1.09887457        2.19690442        2.30144310        2.38930058        1.21467340 
        1.09155297        2.18226528        2.28630924        2.37386131        1.20688927 
        1.08427119        2.16770530        2.27125335        2.35849786        1.19914269 
        1.07702875        2.15322447        2.25627756        2.34321213        1.19143403 
        1.06982589        2.13882303        2.24137998        2.32800245        1.18376303 
        1.06266212        2.12450027        2.22656202        2.31287003        1.17613006 
        1.05553830        2.11025620        2.21182251        2.29781461        1.16853499 
        1.04845321        2.09609175        2.19716191        2.28283644        1.16097784 
        1.04140770        2.08200502        2.18257976        2.26793528        1.15345883 
        1.03440118        2.06799698        2.16807747        2.25311160        1.14597809 
        1.02743411        2.05406809        2.15365338        2.23836470        1.13853478 
        1.02050567        2.04021668        2.13930726        2.22369432        1.13112998 
        1.01361668        2.02644396        2.12504005        2.20910096        1.12376320 
        1.00676668        2.01274848        2.11085105        2.19458485        1.11643481 
        0.99995548        1.99913180        2.09674144        2.18014669        1.10914433 
        0.99318302        1.98559260        2.08270860        2.16578364        1.10189188 
        0.98644942        1.97213101        2.06875443        2.15149856        1.09467745 
        0.97975457        1.95874679        2.05487919        2.13729072        1.08750165 
        0.97309816        1.94544005        2.04108024        2.12315893        1.08036327 
        0.96648037        1.93221021        2.02736044        2.10910439        1.07326317 
        0.95990074        1.91905713        2.01371765        2.09512663        1.06620121 
        0.95335966        1.90598094        2.00015235        2.08122492        1.05917680 
        0.94685686        1.89298105        1.98666394        2.06739974        1.05219078 
        0.94039196        1.88005769        1.97325325        2.05365109        1.04524255 
        0.93396533        1.86721039        1.95991898        2.03997850        1.03833234 
        0.92757654        1.85443914        1.94666219        2.02638173        1.03145969 
        0.92122567        1.84174371        1.93348193        2.01286149        1.02462506 
        0.91491264        1.82912385        1.92037821        1.99941683        1.01782811 
        0.90863681        1.81657875        1.90735006        1.98604774        1.01106870 
        0.90239877        1.80410898        1.89439881        1.97275472        1.00434709 
        0.89619827        1.79171419        1.88152277        1.95953667        0.99766278 
        0.89003491        1.77939379        1.86872268        1.94639432        0.99101627 
        0.88390875        1.76714790        1.85599828        1.93332672        0.98440683 
        0.87781948        1.75497615        1.84334898        1.92033422        0.97783494 
        0.87176728        1.74287808        1.83077478        1.90741658        0.97130030 
        0.86575186        1.73085392        1.81827521        1.89457345        0.96480280 
        0.85977322        1.71890295        1.80585039        1.88180447        0.95834249 
        0.85383105        1.70702493        1.79349959        1.86910987        0.95191908 
        0.84792531        1.69521999        1.78122354        1.85648978        0.94553262 
        0.84205592        1.68348789        1.76902103        1.84394264        0.93918300 
        0.83622259        1.67182744        1.75689232        1.83146954        0.93287009 
        0.83042526        1.66023958        1.74483705        1.81906986        0.92659390 
        0.82466406        1.64872348        1.73285460        1.80674350        0.92035425 
        0.81893849        1.63727927        1.72094572        1.79448998        0.91415095 
        0.81324857        1.62590575        1.70910907        1.78230917        0.90798420 
        0.80759424        1.61460388        1.69734478        1.77020097        0.90185350 
        0.80197513        1.60337222        1.68565273        1.75816536        0.89575893 
        0.79639119        1.59221101        1.67403269        1.74620152        0.88970047 
        0.79084253        1.58112025        1.66248405        1.73430932        0.88367808 
        0.78532875        1.57009888        1.65100694        1.72248924        0.87769139 
        0.77984971        1.55914748        1.63960099        1.71074021        0.87174034 
        0.77440530        1.54826522        1.62826538        1.69906199        0.86582506 
        0.76899552        1.53745186        1.61700106        1.68745553        0.85994494 
        0.76362008        1.52670741        1.60580647        1.67591870        0.85410047 
        0.75827873        1.51603150        1.59468210        1.66445279        0.84829098 
        0.75297147        1.50542319        1.58362675        1.65305674        0.84251666 
        0.74769825        1.49488282        1.57264137        1.64173043        0.83677733 
        0.74245864        1.48441029        1.56172538        1.63047433        0.83107287 
        0.73725271        1.47400463        1.55087781        1.61928678        0.82540327 
        0.73208040        1.46366620        1.54009891        1.60816884        0.81976807 
        0.72694123        1.45339429        1.52938819        1.59711921        0.81416744 
        0.72183532        1.44318879        1.51874518        1.58613837        0.80860120 
        0.71676230        1.43304873        1.50817001        1.57522583        0.80306911 
        0.71172214        1.42297459        1.49766207        1.56438100        0.79757100 
        0.70671481        1.41296613        1.48722148        1.55360436        0.79210687 
        0.70173991        1.40302241        1.47684753        1.54289448        0.78667665 
        0.69679743        1.39314377        1.46653998        1.53225195        0.78127998 
        0.69188720        1.38332915        1.45629871        1.52167618        0.77591693 
        0.68700898        1.37357903        1.44612336        1.51116729        0.77058721 
        0.68216270        1.36389267        1.43601310        1.50072408        0.76529074 
        0.67734849        1.35426962        1.42596841        1.49034715        0.76002747 
        0.67256558        1.34471023        1.41598833        1.48003566        0.75479716 
        0.66781414        1.33521330        1.40607309        1.46978986        0.74959952 
        0.66309410        1.32577872        1.39622247        1.45960915        0.74443471 
        0.65840524        1.31640697        1.38643575        1.44949293        0.73930246 
        0.65374720        1.30709684        1.37671232        1.43944180        0.73420268 
        0.64912009        1.29784822        1.36705267        1.42945445        0.72913510 
        0.64452362        1.28866100        1.35745609        1.41953087        0.72409946 
        0.63995779        1.27953517        1.34792173        1.40967119        0.71909606 
        0.63542211        1.27046931        1.33845031        1.39987481        0.71412444 
        0.63091689        1.26146448        1.32904100        1.39014137        0.70918441 
        0.62644142        1.25251913        1.31969321        1.38047040        0.70427591 
        0.62199587        1.24363363        1.31040716        1.37086189        0.69939888 
        0.61758018        1.23480761        1.30118239        1.36131597        0.69455302 
        0.61319399        1.22604084        1.29201829        1.35183144        0.68973821 
        0.60883731        1.21733248        1.28291488        1.34240854        0.68495446 
        0.60450971        1.20868289        1.27387154        1.33304703        0.68020135 
        0.60021132        1.20009124        1.26488817        1.32374573        0.67547899 
        0.59594184        1.19155729        1.25596428        1.31450582        0.67078716 
        0.59170103        1.18308115        1.24709988        1.30532563        0.66612566 
        0.58748889        1.17466199        1.23829448        1.29620588        0.66149426 
        0.58330518        1.16629982        1.22954798        1.28714550        0.65689301 
        0.57914984        1.15799403        1.22085965        1.27814460        0.65232164 
        0.57502264        1.14974487        1.21222913        1.26920235        0.64777994 
        0.57092345        1.14155102        1.20365655        1.26031959        0.64326787 
        0.56685203        1.13341308        1.19514167        1.25149488        0.63878518 
        0.56280816        1.12533069        1.18668318        1.24272835        0.63433176 
        0.55879200        1.11730301        1.17828226        1.23401976        0.62990767 
        0.55480307        1.10932994        1.16993749        1.22536874        0.62551254 
        0.55084133        1.10141122        1.16164887        1.21677482        0.62114608 
        0.54690671        1.09354687        1.15341592        1.20823777        0.61680835 
        0.54299897        1.08573616        1.14523876        1.19975734        0.61249924 
        0.53911793        1.07797873        1.13711655        1.19133341        0.60821843 
        0.53526342        1.07027423        1.12904978        1.18296564        0.60396600 
        0.53143549        1.06262290        1.12103713        1.17465305        0.59974140 
        0.52763367        1.05502403        1.11307907        1.16639638        0.59554499 
        0.52385801        1.04747736        1.10517466        1.15819442        0.59137648 
        0.52010834        1.03998196        1.09732413        1.15004718        0.58723533 
        0.51638442        1.03253889        1.08952713        1.14195502        0.58312166 
        0.51268631        1.02514660        1.08178294        1.13391662        0.57903534 
        0.50901353        1.01780546        1.07409167        1.12593210        0.57497638 
        0.50536627        1.01051509        1.06645262        1.11800110        0.57094431 
        0.50174403        1.00327504        1.05886602        1.11012375        0.56693912 
        0.49814695        0.99608481        1.05133092        1.10229921        0.56296080 
        0.49457467        0.98894465        1.04384732        1.09452701        0.55900902 
        0.49102724        0.98185390        1.03641570        1.08680773        0.55508345 
        0.48750433        0.97481209        1.02903426        1.07914031        0.55118442 
        0.48400590        0.96781915        1.02170348        1.07152414        0.54731143 
        0.48053181        0.96087492        1.01442301        1.06395996        0.54346442 
        0.47708178        0.95397884        1.00719297        1.05644727        0.53964335 
        0.47365579        0.94713068        1.00001228        1.04898489        0.53584796 
        0.47025365        0.94033021        0.99288130        1.04157352        0.53207803 
        0.46687520        0.93357718        0.98579925        1.03421211        0.52833354 
        0.46352047        0.92687136        0.97876608        1.02690113        0.52461439 
        0.46018893        0.92021209        0.97178119        1.01963937        0.52092016 
        0.45688072        0.91359931        0.96484488        1.01242721        0.51725107 
        0.45359576        0.90703285        0.95795637        1.00526440        0.51360673 
        0.45033365        0.90051252        0.95111549        0.99815011        0.50998712 
        0.44709444        0.89403749        0.94432205        0.99108440        0.50639200 
        0.44387782        0.88760787        0.93757582        0.98406714        0.50282127 
        0.44068387        0.88122344        0.93087608        0.97709781        0.49927482 
        0.43751228        0.87488353        0.92422295        0.97017592        0.49575233 
        0.43436295        0.86858827        0.91761601        0.96330160        0.49225399 
        0.43123576        0.86233729        0.91105497        0.95647436        0.48877928 
        0.42813057        0.85613018        0.90453959        0.94969392        0.48532838 
        0.42504719        0.84996670        0.89806956        0.94296014        0.48190093 
        0.42198554        0.84384662        0.89164442        0.93627238        0.47849688 
        0.41894549        0.83776975        0.88526452        0.92963076        0.47511604 
        0.41592684        0.83173555        0.87892866        0.92303479        0.47175846 
        0.41292945        0.82574391        0.87263715        0.91648412        0.46842369 
        0.40995315        0.81979448        0.86638963        0.90997881        0.46511185 
        0.40699807        0.81388724        0.86018568        0.90351796        0.46182257 
        0.40406376        0.80802166        0.85402519        0.89710206        0.45855594 
        0.40115020        0.80219746        0.84790772        0.89073032        0.45531175 
        0.39825720        0.79641443        0.84183317        0.88440251        0.45208964 
        0.39538479        0.79067242        0.83580136        0.87811869        0.44888982 
        0.39253265        0.78497106        0.82981151        0.87187815        0.44571206 
        0.38970071        0.77930999        0.82386386        0.86568093        0.44255614 
        0.38688886        0.77368921        0.81795794        0.85952657        0.43942180 
        0.38409701        0.76810813        0.81209356        0.85341495        0.43630913 
        0.38132492        0.76256675        0.80627030        0.84734571        0.43321800 
        0.37857252        0.75706470        0.80048800        0.84131849        0.43014815 
        0.37583971        0.75160176        0.79474640        0.83533317        0.42709953 
        0.37312636        0.74617755        0.78904527        0.82938963        0.42407194 
        0.37043226        0.74079198        0.78338438        0.82348740        0.42106521 
        0.36775735        0.73544472        0.77776295        0.81762594        0.41807938 
        0.36510143        0.73013538        0.77218157        0.81180549        0.41511416 
        0.36246452        0.72486407        0.76663953        0.80602562        0.41216955 
        0.35984641        0.71963018        0.76113641        0.80028594        0.40924528 
        0.35724688        0.71443361        0.75567234        0.79458642        0.40634128 
        0.35466596        0.70927417        0.75024688        0.78892666        0.40345746 
        0.35210350        0.70415151        0.74485964        0.78330624        0.40059367 
        0.34955922        0.69906527        0.73951060        0.77772516        0.39774978 
        0.34703320        0.69401550        0.73419923        0.77218312        0.39492562 
        0.34452519        0.68900168        0.72892559        0.76667982        0.39212114 
        0.34203511        0.68402374        0.72368944        0.76121527        0.38933614 
        0.33956289        0.67908150        0.71849024        0.75578880        0.38657054 
        0.33710837        0.67417449        0.71332788        0.75040013        0.38382417 
        0.33467135        0.66930264        0.70820218        0.74504948        0.38109702 
        0.33225182        0.66446579        0.70311284        0.73973626        0.37838876 
        0.32984963        0.65966344        0.69805986        0.73446047        0.37569955 
        0.32746461        0.65489548        0.69304252        0.72922152        0.37302905 
        0.32509667        0.65016168        0.68806082        0.72401929        0.37037712 
        0.32274580        0.64546192        0.68311465        0.71885383        0.36774379 
        0.32041180        0.64079577        0.67820352        0.71372449        0.36512887 
        0.31809455        0.63616312        0.67332745        0.70863158        0.36253226 
        0.31579390        0.63156390        0.66848594        0.70357406        0.35995367 
        0.31350973        0.62699753        0.66367906        0.69855231        0.35739326 
        0.31124201        0.62246376        0.65890634        0.69356591        0.35485080 
        0.30899069        0.61796296        0.65416753        0.68861461        0.35232610 
        0.30675548        0.61349428        0.64946276        0.68369824        0.34981909 
        0.30453634        0.60905772        0.64479125        0.67881638        0.34732971 
        0.30233318        0.60465324        0.64015317        0.67396915        0.34485775 
        0.30014583        0.60028017        0.63554806        0.66915596        0.34240320 
        0.29797432        0.59593892        0.63097608        0.66437697        0.33996582 
        0.29581842        0.59162861        0.62643659        0.65963161        0.33754560 
        0.29367799        0.58734959        0.62192947        0.65491968        0.33514240 
        0.29155305        0.58310127        0.61745477        0.65024114        0.33275604 
        0.28944337        0.57888347        0.61301190        0.64559561        0.33038649 
        0.28734893        0.57469618        0.60860074        0.64098305        0.32803369 
        0.28526962        0.57053906        0.60422111        0.63640296        0.32569733 
        0.28320530        0.56641191        0.59987295        0.63185543        0.32337746 
        0.28115582        0.56231463        0.59555584        0.62734002        0.32107389 
        0.27912119        0.55824673        0.59126967        0.62285662        0.31878668 
        0.27710128        0.55420828        0.58701420        0.61840492        0.31651551 
        0.27509594        0.55019897        0.58278906        0.61398476        0.31426036 
        0.27310508        0.54621863        0.57859439        0.60959607        0.31202111 
        0.27112857        0.54226702        0.57442969        0.60523826        0.30979773 
        0.26916638        0.53834397        0.57029480        0.60091162        0.30758995 
