                  0.00000000                  0.00000000                  0.00000000                  0.00000000                  0.00000000                  0.00000000                  0.00000000                  0.00000000                  0.00000000                  0.00000000 
                  0.00000000                  0.00000000                  0.00000000                  0.00000000                  0.00000000 
                  0.00000000                  0.00000000                  0.00000000                  0.00000000                  0.00000000 
                  0.00000000                  0.00000000                  0.00000000                  0.00000000                  0.00000000 
                  0.00000000                  0.00000000                  0.00000000                  0.00000000                  0.00000000 
                  0.00000000                  0.00000000                  0.00000000                  0.00000000                  0.00000000 
                  0.00000000                  0.00000000                  0.00000000                  0.00000000                  0.00000000 
                  0.00000000                  0.00000000                  0.00000000                  0.00000000                  0.00000000 
                  0.00000000                  0.00000000                  0.00000000                  0.00000000                  0.00000000 
                  0.00000000                  0.00000000                  0.00000000                  0.00000000                  0.00000000 
                  0.00000000                  0.00000000                  0.00000000                  0.00000000                  0.00000000 
                  0.00000000                  0.00000000                  0.00000000                  0.00000000                  0.00000000 
                  0.00000000                  0.00000000                  0.00000000                  0.00000000                  0.00000000 
                  0.00000000                  0.00000000                  0.00000000                  0.00000000                  0.00000000 
                  0.00000000                  0.00000000                  0.00000000                  0.00000000                  0.00000000 
                  0.00000000                  0.00000000                  0.00000000                  0.00000000                  0.00000000 
                  0.00000000                  0.00000000                  0.00000000                  0.00000000                  0.00000000 
                  0.00000000                  0.00000000                  0.00000000                  0.00000000                  0.00000000 
                  0.00000000                  0.00000000                  0.00000000                  0.00000000                  0.00000000 
                  0.00000000                  0.00000000                  0.00000000                  0.00000000                  0.00000000 
                  0.00000000                  0.00000000                  0.00000000                  0.00000000                  0.00000000 
                  0.00000000                  0.00000000                  0.00000000                  0.00000000                  0.00000000 
                  0.00000000                  0.00000000                  0.00000000                  0.00000000                  0.00000000 
                  0.00000000                  0.00000000                  0.00000000                  0.00000000                  0.00000000 
                  0.00000000                  0.00000000                  0.00000000                  0.00000000                  0.00000000 
                  0.00000000                  0.00000000                  0.00000000                  0.00000000                  0.00000000 
                  0.00000000                  0.00000000                  0.00000000                  0.00000000                  0.00000000 
                  0.00000000                  0.00000000                  0.00000000                  0.00000000                  0.00000000 
                  0.00000000                  0.00000000                  0.00000000                  0.00000000                  0.00000000 
                  0.00000000                  0.00000000                  0.00000000                  0.00000000                  0.00000000 
                  0.00000000                  0.00000000                  0.00000000                  0.00000000                  0.00000000 
                  0.00000000                  0.00000000                  0.00000000                  0.00000000                  0.00000000 
                  0.00000000                  0.00000000                  0.00000000                  0.00000000                  0.00000000 
                  0.00000000                  0.00000000                  0.00000000                  0.00000000                  0.00000000 
                  0.00000000                  0.00000000                  0.00000000                  0.00000000                  0.00000000 
                  0.00000000                  0.00000000                  0.00000000                  0.00000000                  0.00000000 
                  0.00000000                  0.00000000                  0.00000000                  0.00000000                  0.00000000 
                  0.00000000                  0.00000000                  0.00000000                  0.00000000                  0.00000000 
                  0.00000000                  0.00000000                  0.00000000                  0.00000000                  0.00000000 
                  0.00000000                  0.00000000                  0.00000000                  0.00000000                  0.00000000 
                  0.00000000                  0.00000000                  0.00000000                  0.00000000                  0.00000000 
                  0.00000000                  0.00000000                  0.00000000                  0.00000000                  0.00000000 
                  0.00000000                  0.00000000                  0.00000000                  0.00000000                  0.00000000 
                  0.00000000                  0.00000001                  0.00000000                  0.00000000                  0.00000000 
                  0.00000001                  0.00000001                  0.00000000                  0.00000000                  0.00000000 
                  0.00000001                  0.00000001                  0.00000000                  0.00000000                  0.00000000 
                  0.00000001                  0.00000001                  0.00000000                  0.00000000                  0.00000000 
                  0.00000001                  0.00000001                  0.00000000                  0.00000000                  0.00000000 
                  0.00000002                  0.00000002                  0.00000000                  0.00000000                  0.00000000 
                  0.00000002                  0.00000002                  0.00000000                  0.00000000                  0.00000000 
                  0.00000003                  0.00000003                  0.00000000                  0.00000000                  0.00000000 
                  0.00000003                  0.00000003                  0.00000000                  0.00000000                  0.00000000 
                  0.00000004                  0.00000004                  0.00000000                  0.00000000                  0.00000000 
                  0.00000005                  0.00000005                  0.00000000                  0.00000000                  0.00000000 
                  0.00000007                  0.00000007                  0.00000000                  0.00000000                  0.00000001 
                  0.00000008                  0.00000009                  0.00000001                  0.00000001                  0.00000001 
                  0.00000010                  0.00000011                  0.00000001                  0.00000001                  0.00000001 
                  0.00000013                  0.00000013                  0.00000001                  0.00000001                  0.00000001 
                  0.00000016                  0.00000017                  0.00000001                  0.00000001                  0.00000001 
                  0.00000020                  0.00000021                  0.00000001                  0.00000002                  0.00000002 
                  0.00000025                  0.00000026                  0.00000002                  0.00000002                  0.00000002 
                  0.00000031                  0.00000032                  0.00000002                  0.00000002                  0.00000002 
                  0.00000039                  0.00000040                  0.00000003                  0.00000003                  0.00000003 
                  0.00000048                  0.00000050                  0.00000003                  0.00000004                  0.00000004 
                  0.00000059                  0.00000061                  0.00000004                  0.00000004                  0.00000005 
                  0.00000073                  0.00000076                  0.00000005                  0.00000005                  0.00000006 
                  0.00000090                  0.00000094                  0.00000006                  0.00000007                  0.00000007 
                  0.00000111                  0.00000115                  0.00000007                  0.00000008                  0.00000009 
                  0.00000137                  0.00000142                  0.00000009                  0.00000010                  0.00000011 
                  0.00000168                  0.00000174                  0.00000011                  0.00000013                  0.00000013 
                  0.00000206                  0.00000213                  0.00000014                  0.00000015                  0.00000016 
                  0.00000252                  0.00000261                  0.00000017                  0.00000019                  0.00000020 
                  0.00000308                  0.00000319                  0.00000020                  0.00000023                  0.00000024 
                  0.00000376                  0.00000389                  0.00000025                  0.00000028                  0.00000029 
                  0.00000458                  0.00000474                  0.00000030                  0.00000034                  0.00000036 
                  0.00000557                  0.00000576                  0.00000037                  0.00000042                  0.00000043 
                  0.00000676                  0.00000700                  0.00000044                  0.00000050                  0.00000052 
                  0.00000820                  0.00000849                  0.00000054                  0.00000061                  0.00000064 
                  0.00000993                  0.00001028                  0.00000065                  0.00000074                  0.00000077 
                  0.00001201                  0.00001244                  0.00000079                  0.00000089                  0.00000093 
                  0.00001449                  0.00001501                  0.00000095                  0.00000108                  0.00000112 
                  0.00001747                  0.00001810                  0.00000115                  0.00000130                  0.00000135 
                  0.00002103                  0.00002179                  0.00000138                  0.00000157                  0.00000163 
                  0.00002527                  0.00002618                  0.00000166                  0.00000188                  0.00000195 
                  0.00003032                  0.00003142                  0.00000199                  0.00000226                  0.00000234 
                  0.00003633                  0.00003765                  0.00000238                  0.00000270                  0.00000281 
                  0.00004346                  0.00004504                  0.00000285                  0.00000323                  0.00000336 
                  0.00005192                  0.00005381                  0.00000340                  0.00000386                  0.00000401 
                  0.00006192                  0.00006418                  0.00000406                  0.00000460                  0.00000478 
                  0.00007374                  0.00007644                  0.00000483                  0.00000547                  0.00000569 
                  0.00008768                  0.00009090                  0.00000574                  0.00000651                  0.00000676 
                  0.00010410                  0.00010793                  0.00000681                  0.00000772                  0.00000802 
                  0.00012341                  0.00012796                  0.00000808                  0.00000915                  0.00000951 
                  0.00014608                  0.00015148                  0.00000956                  0.00001083                  0.00001125 
                  0.00017266                  0.00017904                  0.00001130                  0.00001280                  0.00001329 
                  0.00020376                  0.00021131                  0.00001333                  0.00001509                  0.00001568 
                  0.00024009                  0.00024901                  0.00001570                  0.00001778                  0.00001847 
                  0.00028248                  0.00029300                  0.00001847                  0.00002091                  0.00002172 
                  0.00033185                  0.00034423                  0.00002170                  0.00002456                  0.00002551 
                  0.00038926                  0.00040381                  0.00002544                  0.00002879                  0.00002991 
                  0.00045592                  0.00047299                  0.00002980                  0.00003371                  0.00003501 
                  0.00053318                  0.00055319                  0.00003484                  0.00003941                  0.00004093 
                  0.00062259                  0.00064600                  0.00004068                  0.00004600                  0.00004778 
                  0.00072590                  0.00075324                  0.00004742                  0.00005361                  0.00005568 
                  0.00084507                  0.00087697                  0.00005520                  0.00006239                  0.00006480 
                  0.00098232                  0.00101948                  0.00006415                  0.00007250                  0.00007529 
                  0.00114014                  0.00118335                  0.00007445                  0.00008411                  0.00008735 
                  0.00132132                  0.00137150                  0.00008627                  0.00009744                  0.00010119 
                  0.00152899                  0.00158716                  0.00009982                  0.00011272                  0.00011705 
                  0.00176662                  0.00183396                  0.00011532                  0.00013019                  0.00013518 
                  0.00203811                  0.00211595                  0.00013303                  0.00015014                  0.00015589 
                  0.00234778                  0.00243761                  0.00015322                  0.00017289                  0.00017951 
                  0.00270042                  0.00280394                  0.00017622                  0.00019879                  0.00020638 
                  0.00310135                  0.00322046                  0.00020236                  0.00022822                  0.00023693 
                  0.00355644                  0.00369328                  0.00023204                  0.00026161                  0.00027159 
                  0.00407217                  0.00422914                  0.00026566                  0.00029945                  0.00031085 
                  0.00465567                  0.00483546                  0.00030370                  0.00034223                  0.00035524 
                  0.00531477                  0.00552037                  0.00034667                  0.00039055                  0.00040537 
                  0.00605805                  0.00629282                  0.00039513                  0.00044501                  0.00046188 
                  0.00689489                  0.00716257                  0.00044968                  0.00050630                  0.00052547 
                  0.00783553                  0.00814025                  0.00051099                  0.00057518                  0.00059692 
                  0.00889111                  0.00923748                  0.00057980                  0.00065244                  0.00067707 
                  0.01007373                  0.01046684                  0.00065689                  0.00073897                  0.00076682 
                  0.01139650                  0.01184197                  0.00074311                  0.00083572                  0.00086716 
                  0.01287359                  0.01337765                  0.00083939                  0.00094372                  0.00097917 
                  0.01452029                  0.01508976                  0.00094672                  0.00106408                  0.00110398 
                  0.01635304                  0.01699543                  0.00106619                  0.00119799                  0.00124284 
                  0.01838947                  0.01911302                  0.00119893                  0.00134673                  0.00139706 
                  0.02064846                  0.02146219                  0.00134619                  0.00151167                  0.00156806 
                  0.02315017                  0.02406393                  0.00150927                  0.00169427                  0.00175736 
                  0.02591606                  0.02694059                  0.00168959                  0.00189609                  0.00196656 
                  0.02896892                  0.03011589                  0.00188862                  0.00211877                  0.00219736 
                  0.03233286                  0.03361496                  0.00210795                  0.00236406                  0.00245158 
                  0.03603336                  0.03746435                  0.00234923                  0.00263380                  0.00273112 
                  0.04009724                  0.04169197                  0.00261424                  0.00292994                  0.00303798 
                  0.04455265                  0.04632715                  0.00290479                  0.00325450                  0.00337426 
                  0.04942902                  0.05140057                  0.00322284                  0.00360962                  0.00374216 
                  0.05475707                  0.05694422                  0.00357037                  0.00399750                  0.00414398 
                  0.06056871                  0.06299136                  0.00394950                  0.00442047                  0.00458208 
                  0.06689699                  0.06957643                  0.00436238                  0.00488089                  0.00505894 
                  0.07377602                  0.07673497                  0.00481125                  0.00538123                  0.00557709 
                  0.08124086                  0.08450352                  0.00529842                  0.00592402                  0.00613914 
                  0.08932738                  0.09291947                  0.00582624                  0.00651184                  0.00674775 
                  0.09807219                  0.10202097                  0.00639713                  0.00714733                  0.00740564 
                  0.10751238                  0.11184669                  0.00701352                  0.00783316                  0.00811557 
                  0.11768541                  0.12243570                  0.00767789                  0.00857203                  0.00888030 
                  0.12862894                  0.13382722                  0.00839271                  0.00936664                  0.00970264 
                  0.14038053                  0.14606045                  0.00916049                  0.01021969                  0.01058535 
                  0.15297747                  0.15917425                  0.00998367                  0.01113387                  0.01153119 
                  0.16645646                  0.17320691                  0.01086471                  0.01211181                  0.01254287 
                  0.18085347                  0.18819590                  0.01180599                  0.01315608                  0.01362304 
                  0.19620328                  0.20417751                  0.01280983                  0.01426919                  0.01477427 
                  0.21253926                  0.22118655                  0.01387845                  0.01545353                  0.01599899 
                  0.22989307                  0.23925604                  0.01501398                  0.01671137                  0.01729954 
                  0.24829426                  0.25841683                  0.01621842                  0.01804482                  0.01867808 
                  0.26776996                  0.27869719                  0.01749360                  0.01945582                  0.02013658 
                  0.28834453                  0.30012253                  0.01884118                  0.02094611                  0.02167682 
                  0.31003919                  0.32271504                  0.02026263                  0.02251720                  0.02330033 
                  0.33287168                  0.34649315                  0.02175918                  0.02417036                  0.02500839 
                  0.35685578                  0.37147132                  0.02333182                  0.02590657                  0.02680197 
                  0.38200104                  0.39765960                  0.02498128                  0.02772650                  0.02868174 
                  0.40831256                  0.42506319                  0.02670796                  0.02963050                  0.03064802 
                  0.43579033                  0.45368212                  0.02851197                  0.03161855                  0.03270077 
                  0.46442914                  0.48351097                  0.03039309                  0.03369028                  0.03483955 
                  0.49421817                  0.51453847                  0.03235071                  0.03584489                  0.03706350 
                  0.52514076                  0.54674727                  0.03438386                  0.03808116                  0.03937133 
                  0.55717397                  0.58011353                  0.03649115                  0.04039745                  0.04176131 
                  0.59028858                  0.61460668                  0.03867079                  0.04279165                  0.04423120 
                  0.62444884                  0.65018934                  0.04092056                  0.04526117                  0.04677829 
                  0.65961200                  0.68681723                  0.04323781                  0.04780295                  0.04939940 
                  0.69572866                  0.72443873                  0.04561941                  0.05041342                  0.05209079 
                  0.73274243                  0.76299483                  0.04806181                  0.05308853                  0.05484824 
                  0.77058977                  0.80241948                  0.05056097                  0.05582372                  0.05766701 
                  0.80920041                  0.84263915                  0.05311240                  0.05861393                  0.06054184 
                  0.84849685                  0.88357329                  0.05571118                  0.06145362                  0.06346697 
                  0.88839519                  0.92513412                  0.05835191                  0.06433673                  0.06643612 
                  0.92880464                  0.96722710                  0.06102877                  0.06725679                  0.06944256 
                  0.96962821                  1.00975108                  0.06373550                  0.07020682                  0.07247908 
                  1.01076281                  1.05259824                  0.06646548                  0.07317943                  0.07553803 
                  1.05209982                  1.09565544                  0.06921165                  0.07616683                  0.07861134 
                  1.09352493                  1.13880372                  0.07196663                  0.07916083                  0.08169056 
                  1.13491952                  1.18191910                  0.07472271                  0.08215295                  0.08476688 
                  1.17616045                  1.22487307                  0.07747188                  0.08513433                  0.08783120 
                  1.21712101                  1.26753342                  0.08020587                  0.08809590                  0.09087413 
                  1.25767112                  1.30976462                  0.08291619                  0.09102833                  0.09388608 
                  1.29767859                  1.35142863                  0.08559420                  0.09392218                  0.09685725 
                  1.33700943                  1.39238572                  0.08823110                  0.09676783                  0.09977777 
                  1.37552869                  1.43249524                  0.09081803                  0.09955559                  0.10263767 
                  1.41310096                  1.47161603                  0.09334606                  0.10227578                  0.10542697 
                  1.44959176                  1.50960779                  0.09580635                  0.10491876                  0.10813577 
                  1.48486793                  1.54633152                  0.09819005                  0.10747498                  0.11075423 
                  1.51879847                  1.58165097                  0.10048848                  0.10993500                  0.11327271 
                  1.55125546                  1.61543238                  0.10269313                  0.11228969                  0.11568179 
                  1.58211458                  1.64754641                  0.10479569                  0.11453012                  0.11797232 
                  1.61125636                  1.67786849                  0.10678817                  0.11664771                  0.12013552 
                  1.63856685                  1.70627975                  0.10866289                  0.11863427                  0.12216300 
                  1.66393816                  1.73266768                  0.11041258                  0.12048204                  0.12404681 
                  1.68726909                  1.75692713                  0.11203036                  0.12218374                  0.12577955 
                  1.70846617                  1.77896059                  0.11350987                  0.12373264                  0.12735435 
                  1.72744405                  1.79867959                  0.11484523                  0.12512256                  0.12876494 
                  1.74412656                  1.81600416                  0.11603114                  0.12634802                  0.13000569 
                  1.75844634                  1.83086467                  0.11706290                  0.12740409                  0.13107170 
                  1.77034581                  1.84320140                  0.11793641                  0.12828667                  0.13195874 
                  1.77977777                  1.85296500                  0.11864825                  0.12899226                  0.13266334 
                  1.78670537                  1.86011755                  0.11919565                  0.12951814                  0.13318279 
                  1.79110265                  1.86463201                  0.11957654                  0.12986237                  0.13351519 
                  1.79295409                  1.86649275                  0.11978959                  0.13002379                  0.13365942 
                  1.79225552                  1.86569548                  0.11983413                  0.13000199                  0.13361517 
                  1.78901362                  1.86224735                  0.11971025                  0.12979735                  0.13338292 
                  1.78324580                  1.85616708                  0.11941874                  0.12941106                  0.13296397 
                  1.77498043                  1.84748411                  0.11896109                  0.12884498                  0.13236040 
                  1.76425636                  1.83623958                  0.11833949                  0.12810184                  0.13157506 
                  1.75112247                  1.82248485                  0.11755682                  0.12718506                  0.13061154 
                  1.73563778                  1.80628157                  0.11661659                  0.12609874                  0.12947416 
                  1.71787059                  1.78770125                  0.11552298                  0.12484766                  0.12816793 
                  1.69789791                  1.76682472                  0.11428075                  0.12343725                  0.12669849 
                  1.67580545                  1.74374151                  0.11289519                  0.12187352                  0.12507212 
                  1.65168631                  1.71854889                  0.11137219                  0.12016305                  0.12329567 
                  1.62564099                  1.69135213                  0.10971806                  0.11831295                  0.12137650 
                  1.59777629                  1.66226256                  0.10793961                  0.11633078                  0.11932243 
                  1.56820464                  1.63139784                  0.10604396                  0.11422449                  0.11714172 
                  1.53704333                  1.59888053                  0.10403870                  0.11200241                  0.11484296 
                  1.50441396                  1.56483757                  0.10193164                  0.10967316                  0.11243509 
                  1.47044146                  1.52939951                  0.09973083                  0.10724562                  0.10992725 
                  1.43525338                  1.49269927                  0.09744458                  0.10472889                  0.10732882 
                  1.39897919                  1.45487165                  0.09508128                  0.10213216                  0.10464928 
                  1.36174893                  1.41605306                  0.09264947                  0.09946470                  0.10189819 
                  1.32369328                  1.37637949                  0.09015772                  0.09673585                  0.09908514 
                  1.28494239                  1.33598673                  0.08761457                  0.09395491                  0.09621970 
                  1.24562526                  1.29500914                  0.08502854                  0.09113109                  0.09331135 
                  1.20586896                  1.25357914                  0.08240807                  0.08827351                  0.09036943 
                  1.16579807                  1.21182668                  0.07976142                  0.08539109                  0.08740310 
                  1.12553406                  1.16987836                  0.07709670                  0.08249253                  0.08442132 
                  1.08519459                  1.12785673                  0.07442181                  0.07958633                  0.08143275 
                  1.04489326                  1.08588016                  0.07174435                  0.07668065                  0.07844576 
                  1.00473893                  1.04406226                  0.06907170                  0.07378335                  0.07546840 
                  0.96483570                  1.00251079                  0.06641087                  0.07090192                  0.07250832 
                  0.92528200                  0.96132827                  0.06376857                  0.06804350                  0.06957281 
                  0.88617045                  0.92061132                  0.06115115                  0.06521480                  0.06666873 
                  0.84758782                  0.88044995                  0.05856455                  0.06242212                  0.06380250 
                  0.80961472                  0.84092796                  0.05601434                  0.05967132                  0.06098010 
                  0.77232534                  0.80212247                  0.05350569                  0.05696783                  0.05820706 
                  0.73578757                  0.76410389                  0.05104332                  0.05431663                  0.05548841 
                  0.70006269                  0.72693574                  0.04863157                  0.05172221                  0.05282874 
                  0.66520554                  0.69067496                  0.04627433                  0.04918864                  0.05023216 
                  0.63126457                  0.65537167                  0.04397509                  0.04671948                  0.04770229 
                  0.59828192                  0.62106955                  0.04173691                  0.04431791                  0.04524231 
                  0.56629342                  0.58780557                  0.03956246                  0.04198661                  0.04285493 
                  0.53532887                  0.55561054                  0.03745397                  0.03972786                  0.04054244 
                  0.50541234                  0.52450907                  0.03541331                  0.03754348                  0.03830667 
                  0.47656199                  0.49452001                  0.03344197                  0.03543495                  0.03614905 
                  0.44879085                  0.46565640                  0.03154105                  0.03340329                  0.03407063 
                  0.42210659                  0.43792611                  0.02971134                  0.03144921                  0.03207205 
                  0.39651221                  0.41133186                  0.02795326                  0.02957304                  0.03015361 
                  0.37200606                  0.38587165                  0.02626697                  0.02777478                  0.02831528 
                  0.34858224                  0.36153910                  0.02465228                  0.02605413                  0.02655670 
                  0.32623097                  0.33832377                  0.02310879                  0.02441050                  0.02487723 
                  0.30493891                  0.31621146                  0.02163579                  0.02284305                  0.02327596 
                  0.28468931                  0.29518455                  0.02023238                  0.02135068                  0.02175173 
                  0.26546255                  0.27522236                  0.01889743                  0.01993208                  0.02030318 
                  0.24723634                  0.25630146                  0.01762963                  0.01858575                  0.01892872 
                  0.22998610                  0.23839608                  0.01642750                  0.01731001                  0.01762661 
                  0.21368520                  0.22147827                  0.01528943                  0.01610303                  0.01639495 
                  0.19830528                  0.20551838                  0.01421364                  0.01496286                  0.01523170 
                  0.18381652                  0.19048524                  0.01319829                  0.01388741                  0.01413473 
                  0.17018799                  0.17634647                  0.01224141                  0.01287454                  0.01310179 
                  0.15738781                  0.16306871                  0.01134096                  0.01192201                  0.01213059 
                  0.14538339                  0.15061799                  0.01049487                  0.01102752                  0.01121875 
                  0.13414171                  0.13895984                  0.00970101                  0.01018875                  0.01036388 
                  0.12362953                  0.12805958                  0.00895721                  0.00940335                  0.00956357 
                  0.11381353                  0.11788246                  0.00826131                  0.00866895                  0.00881537 
                  0.10466057                  0.10839391                  0.00761113                  0.00798321                  0.00811687 
                  0.09613775                  0.09955969                  0.00700450                  0.00734376                  0.00746565 
                  0.08821265                  0.09134597                  0.00643929                  0.00674831                  0.00685935 
                  0.08085340                  0.08371959                  0.00591337                  0.00619455                  0.00629561 
                  0.07402878                  0.07664806                  0.00542467                  0.00568027                  0.00577215 
                  0.06770839                  0.07009970                  0.00497115                  0.00520326                  0.00528672 
                  0.06186267                  0.06404380                  0.00455082                  0.00476140                  0.00483713 
                  0.05646300                  0.05845058                  0.00416176                  0.00435262                  0.00442128 
                  0.05148174                  0.05329129                  0.00380210                  0.00397493                  0.00403711 
                  0.04689229                  0.04853829                  0.00347003                  0.00362639                  0.00368266 
                  0.04266914                  0.04416505                  0.00316382                  0.00330514                  0.00335602 
                  0.03878785                  0.04014619                  0.00288180                  0.00300942                  0.00305538 
                  0.03522509                  0.03645747                  0.00262238                  0.00273752                  0.00277900 
                  0.03195867                  0.03307585                  0.00238402                  0.00248782                  0.00252522 
                  0.02896748                  0.02997942                  0.00216527                  0.00225877                  0.00229247 
                  0.02623155                  0.02714744                  0.00196476                  0.00204891                  0.00207924 
                  0.02373199                  0.02456031                  0.00178118                  0.00185685                  0.00188413 
                  0.02145098                  0.02219954                  0.00161328                  0.00168127                  0.00170580 
                  0.01937174                  0.02004772                  0.00145989                  0.00152094                  0.00154297 
                  0.01747853                  0.01808853                  0.00131993                  0.00137470                  0.00139447 
                  0.01575657                  0.01630665                  0.00119234                  0.00124144                  0.00125917 
                  0.01419206                  0.01468777                  0.00107616                  0.00112015                  0.00113604 
                  0.01277210                  0.01321852                  0.00097049                  0.00100987                  0.00102410 
                  0.01148467                  0.01188644                  0.00087446                  0.00090969                  0.00092243 
                  0.01031860                  0.01067996                  0.00078729                  0.00081879                  0.00083018 
                  0.00926350                  0.00958832                  0.00070825                  0.00073639                  0.00074657 
                  0.00830977                  0.00860156                  0.00063663                  0.00066176                  0.00067086 
                  0.00744849                  0.00771047                  0.00057182                  0.00059424                  0.00060236 
                  0.00667144                  0.00690652                  0.00051321                  0.00053321                  0.00054045 
                  0.00597105                  0.00618187                  0.00046027                  0.00047809                  0.00048455 
                  0.00534032                  0.00552929                  0.00041249                  0.00042836                  0.00043412 
                  0.00477284                  0.00494213                  0.00036940                  0.00038353                  0.00038866 
                  0.00426271                  0.00441430                  0.00033058                  0.00034316                  0.00034772 
                  0.00380454                  0.00394021                  0.00029564                  0.00030682                  0.00031089 
                  0.00339337                  0.00351474                  0.00026421                  0.00027416                  0.00027777 
                  0.00302470                  0.00313322                  0.00023597                  0.00024481                  0.00024802 
                  0.00269439                  0.00279137                  0.00021061                  0.00021846                  0.00022132 
                  0.00239868                  0.00248533                  0.00018786                  0.00019483                  0.00019736 
                  0.00213416                  0.00221153                  0.00016747                  0.00017365                  0.00017590 
                  0.00189772                  0.00196677                  0.00014920                  0.00015468                  0.00015668 
                  0.00168652                  0.00174813                  0.00013285                  0.00013771                  0.00013948 
                  0.00149801                  0.00155296                  0.00011822                  0.00012252                  0.00012409 
                  0.00132986                  0.00137885                  0.00010514                  0.00010896                  0.00011035 
                  0.00117998                  0.00122364                  0.00009346                  0.00009684                  0.00009807 
                  0.00104647                  0.00108536                  0.00008304                  0.00008603                  0.00008712 
                  0.00092763                  0.00096226                  0.00007374                  0.00007638                  0.00007735 
                  0.00082189                  0.00085272                  0.00006545                  0.00006779                  0.00006864 
                  0.00072788                  0.00075531                  0.00005806                  0.00006013                  0.00006089 
                  0.00064434                  0.00066874                  0.00005148                  0.00005332                  0.00005399 
                  0.00057015                  0.00059185                  0.00004563                  0.00004725                  0.00004784 
                  0.00050430                  0.00052359                  0.00004043                  0.00004186                  0.00004238 
                  0.00044588                  0.00046302                  0.00003580                  0.00003707                  0.00003753 
                  0.00039408                  0.00040930                  0.00003169                  0.00003281                  0.00003322 
                  0.00034817                  0.00036169                  0.00002804                  0.00002903                  0.00002939 
                  0.00030751                  0.00031951                  0.00002481                  0.00002568                  0.00002599 
                  0.00027150                  0.00028215                  0.00002193                  0.00002270                  0.00002298 
                  0.00023963                  0.00024908                  0.00001939                  0.00002006                  0.00002031 
                  0.00021144                  0.00021982                  0.00001713                  0.00001773                  0.00001795 
                  0.00018651                  0.00019394                  0.00001513                  0.00001566                  0.00001585 
                  0.00016447                  0.00017105                  0.00001336                  0.00001383                  0.00001400 
                  0.00014500                  0.00015083                  0.00001180                  0.00001220                  0.00001236 
                  0.00012780                  0.00013296                  0.00001041                  0.00001077                  0.00001090 
                  0.00011261                  0.00011719                  0.00000918                  0.00000950                  0.00000962 
                  0.00009921                  0.00010326                  0.00000810                  0.00000838                  0.00000848 
                  0.00008738                  0.00009096                  0.00000714                  0.00000739                  0.00000748 
                  0.00007694                  0.00008011                  0.00000630                  0.00000651                  0.00000659 
                  0.00006774                  0.00007054                  0.00000555                  0.00000574                  0.00000581 
                  0.00005962                  0.00006210                  0.00000489                  0.00000506                  0.00000512 
                  0.00005247                  0.00005467                  0.00000431                  0.00000446                  0.00000451 
                  0.00004617                  0.00004811                  0.00000379                  0.00000393                  0.00000397 
                  0.00004062                  0.00004233                  0.00000334                  0.00000346                  0.00000350 
                  0.00003573                  0.00003724                  0.00000294                  0.00000304                  0.00000308 
                  0.00003142                  0.00003276                  0.00000259                  0.00000268                  0.00000271 
                  0.00002763                  0.00002881                  0.00000228                  0.00000236                  0.00000239 
                  0.00002430                  0.00002534                  0.00000201                  0.00000207                  0.00000210 
                  0.00002136                  0.00002228                  0.00000176                  0.00000183                  0.00000185 
                  0.00001878                  0.00001958                  0.00000155                  0.00000161                  0.00000163 
                  0.00001650                  0.00001722                  0.00000137                  0.00000141                  0.00000143 
                  0.00001450                  0.00001513                  0.00000120                  0.00000124                  0.00000126 
                  0.00001274                  0.00001330                  0.00000106                  0.00000109                  0.00000111 
                  0.00001120                  0.00001169                  0.00000093                  0.00000096                  0.00000097 
                  0.00000984                  0.00001027                  0.00000082                  0.00000084                  0.00000085 
                  0.00000864                  0.00000902                  0.00000072                  0.00000074                  0.00000075 
                  0.00000759                  0.00000793                  0.00000063                  0.00000065                  0.00000066 
                  0.00000667                  0.00000696                  0.00000055                  0.00000057                  0.00000058 
                  0.00000586                  0.00000612                  0.00000049                  0.00000050                  0.00000051 
                  0.00000514                  0.00000537                  0.00000043                  0.00000044                  0.00000045 
                  0.00000452                  0.00000472                  0.00000038                  0.00000039                  0.00000039 
                  0.00000397                  0.00000414                  0.00000033                  0.00000034                  0.00000035 
                  0.00000348                  0.00000364                  0.00000029                  0.00000030                  0.00000030 
                  0.00000306                  0.00000319                  0.00000025                  0.00000026                  0.00000027 
                  0.00000268                  0.00000280                  0.00000022                  0.00000023                  0.00000023 
                  0.00000236                  0.00000246                  0.00000020                  0.00000020                  0.00000021 
                  0.00000207                  0.00000216                  0.00000017                  0.00000018                  0.00000018 
                  0.00000182                  0.00000190                  0.00000015                  0.00000016                  0.00000016 
                  0.00000159                  0.00000167                  0.00000013                  0.00000014                  0.00000014 
                  0.00000140                  0.00000146                  0.00000012                  0.00000012                  0.00000012 
                  0.00000123                  0.00000128                  0.00000010                  0.00000011                  0.00000011 
                  0.00000108                  0.00000113                  0.00000009                  0.00000009                  0.00000009 
                  0.00000095                  0.00000099                  0.00000008                  0.00000008                  0.00000008 
                  0.00000083                  0.00000087                  0.00000007                  0.00000007                  0.00000007 
                  0.00000073                  0.00000076                  0.00000006                  0.00000006                  0.00000006 
                  0.00000064                  0.00000067                  0.00000005                  0.00000006                  0.00000006 
                  0.00000056                  0.00000059                  0.00000005                  0.00000005                  0.00000005 
                  0.00000049                  0.00000051                  0.00000004                  0.00000004                  0.00000004 
                  0.00000043                  0.00000045                  0.00000004                  0.00000004                  0.00000004 
                  0.00000038                  0.00000040                  0.00000003                  0.00000003                  0.00000003 
                  0.00000033                  0.00000035                  0.00000003                  0.00000003                  0.00000003 
                  0.00000029                  0.00000031                  0.00000002                  0.00000003                  0.00000003 
                  0.00000026                  0.00000027                  0.00000002                  0.00000002                  0.00000002 
                  0.00000022                  0.00000023                  0.00000002                  0.00000002                  0.00000002 
                  0.00000020                  0.00000021                  0.00000002                  0.00000002                  0.00000002 
                  0.00000017                  0.00000018                  0.00000001                  0.00000001                  0.00000002 
                  0.00000015                  0.00000016                  0.00000001                  0.00000001                  0.00000001 
                  0.00000013                  0.00000014                  0.00000001                  0.00000001                  0.00000001 
                  0.00000012                  0.00000012                  0.00000001                  0.00000001                  0.00000001 
                  0.00000010                  0.00000011                  0.00000001                  0.00000001                  0.00000001 
                  0.00000009                  0.00000009                  0.00000001                  0.00000001                  0.00000001 
                  0.00000008                  0.00000008                  0.00000001                  0.00000001                  0.00000001 
                  0.00000007                  0.00000007                  0.00000001                  0.00000001                  0.00000001 
                  0.00000006                  0.00000006                  0.00000001                  0.00000001                  0.00000001 
                  0.00000005                  0.00000006                  0.00000000                  0.00000000                  0.00000000 
                  0.00000005                  0.00000005                  0.00000000                  0.00000000                  0.00000000 
                  0.00000004                  0.00000004                  0.00000000                  0.00000000                  0.00000000 
                  0.00000004                  0.00000004                  0.00000000                  0.00000000                  0.00000000 
                  0.00000003                  0.00000003                  0.00000000                  0.00000000                  0.00000000 
                  0.00000003                  0.00000003                  0.00000000                  0.00000000                  0.00000000 
                  0.00000002                  0.00000003                  0.00000000                  0.00000000                  0.00000000 
                  0.00000002                  0.00000002                  0.00000000                  0.00000000                  0.00000000 
                  0.00000002                  0.00000002                  0.00000000                  0.00000000                  0.00000000 
                  0.00000002                  0.00000002                  0.00000000                  0.00000000                  0.00000000 
                  0.00000001                  0.00000001                  0.00000000                  0.00000000                  0.00000000 
                  0.00000001                  0.00000001                  0.00000000                  0.00000000                  0.00000000 
                  0.00000001                  0.00000001                  0.00000000                  0.00000000                  0.00000000 
                  0.00000001                  0.00000001                  0.00000000                  0.00000000                  0.00000000 
                  0.00000001                  0.00000001                  0.00000000                  0.00000000                  0.00000000 
                  0.00000001                  0.00000001                  0.00000000                  0.00000000                  0.00000000 
                  0.00000001                  0.00000001                  0.00000000                  0.00000000                  0.00000000 
                  0.00000001                  0.00000001                  0.00000000                  0.00000000                  0.00000000 
                  0.00000001                  0.00000001                  0.00000000                  0.00000000                  0.00000000 
                  0.00000000                  0.00000000                  0.00000000                  0.00000000                  0.00000000 
                  0.00000000                  0.00000000                  0.00000000                  0.00000000                  0.00000000 
                  0.00000000                  0.00000000                  0.00000000                  0.00000000                  0.00000000 
                  0.00000000                  0.00000000                  0.00000000                  0.00000000                  0.00000000 
                  0.00000000                  0.00000000                  0.00000000                  0.00000000                  0.00000000 
                  0.00000000                  0.00000000                  0.00000000                  0.00000000                  0.00000000 
                  0.00000000                  0.00000000                  0.00000000                  0.00000000                  0.00000000 
                  0.00000000                  0.00000000                  0.00000000                  0.00000000                  0.00000000 
                  0.00000000                  0.00000000                  0.00000000                  0.00000000                  0.00000000 
                  0.00000000                  0.00000000                  0.00000000                  0.00000000                  0.00000000 
                  0.00000000                  0.00000000                  0.00000000                  0.00000000                  0.00000000 
                  0.00000000                  0.00000000                  0.00000000                  0.00000000                  0.00000000 
                  0.00000000                  0.00000000                  0.00000000                  0.00000000                  0.00000000 
                  0.00000000                  0.00000000                  0.00000000                  0.00000000                  0.00000000 
                  0.00000000                  0.00000000                  0.00000000                  0.00000000                  0.00000000 
                  0.00000000                  0.00000000                  0.00000000                  0.00000000                  0.00000000 
                  0.00000000                  0.00000000                  0.00000000                  0.00000000                  0.00000000 
                  0.00000000                  0.00000000                  0.00000000                  0.00000000                  0.00000000 
                  0.00000000                  0.00000000                  0.00000000                  0.00000000                  0.00000000 
                  0.00000000                  0.00000000                  0.00000000                  0.00000000                  0.00000000 
                  0.00000000                  0.00000000                  0.00000000                  0.00000000                  0.00000000 
                  0.00000000                  0.00000000                  0.00000000                  0.00000000                  0.00000000 
                  0.00000000                  0.00000000                  0.00000000                  0.00000000                  0.00000000 
                  0.00000000                  0.00000000                  0.00000000                  0.00000000                  0.00000000 
                  0.00000000                  0.00000000                  0.00000000                  0.00000000                  0.00000000 
                  0.00000000                  0.00000000                  0.00000000                  0.00000000                  0.00000000 
                  0.00000000                  0.00000000                  0.00000000                  0.00000000                  0.00000000 
                  0.00000000                  0.00000000                  0.00000000                  0.00000000                  0.00000000 
                  0.00000000                  0.00000000                  0.00000000                  0.00000000                  0.00000000 
                  0.00000000                  0.00000000                  0.00000000                  0.00000000                  0.00000000 
                  0.00000000                  0.00000000                  0.00000000                  0.00000000                  0.00000000 
                  0.00000000                  0.00000000                  0.00000000                  0.00000000                  0.00000000 
                  0.00000000                  0.00000000                  0.00000000                  0.00000000                  0.00000000 
                  0.00000000                  0.00000000                  0.00000000                  0.00000000                  0.00000000 
                  0.00000000                  0.00000000                  0.00000000                  0.00000000                  0.00000000 
                  0.00000000                  0.00000000                  0.00000000                  0.00000000                  0.00000000 
                  0.00000000                  0.00000000                  0.00000000                  0.00000000                  0.00000000 
                  0.00000000                  0.00000000                  0.00000000                  0.00000000                  0.00000000 
                  0.00000000                  0.00000000                  0.00000000                  0.00000000                  0.00000000 
                  0.00000000                  0.00000000                  0.00000000                  0.00000000                  0.00000000 
                  0.00000000                  0.00000000                  0.00000000                  0.00000000                  0.00000000 
                  0.00000000                  0.00000000                  0.00000000                  0.00000000                  0.00000000 
                  0.00000000                  0.00000000                  0.00000000                  0.00000000                  0.00000000 
                  0.00000000                  0.00000000                  0.00000000                  0.00000000                  0.00000000 
                  0.00000000                  0.00000000                  0.00000000                  0.00000000                  0.00000000 
                  0.00000000                  0.00000000                  0.00000000                  0.00000000                  0.00000000 
                  0.00000000                  0.00000000                  0.00000000                  0.00000000                  0.00000000 
                  0.00000000                  0.00000000                  0.00000000                  0.00000000                  0.00000000 
                  0.00000000                  0.00000000                  0.00000000                  0.00000000                  0.00000000 
                  0.00000000                  0.00000000                  0.00000000                  0.00000000                  0.00000000 
                  0.00000000                  0.00000000                  0.00000000                  0.00000000                  0.00000000 
                  0.00000000                  0.00000000                  0.00000000                  0.00000000                  0.00000000 
                  0.00000000                  0.00000000                  0.00000000                  0.00000000                  0.00000000 
                  0.00000000                  0.00000000                  0.00000000                  0.00000000                  0.00000000 
                  0.00000000                  0.00000000                  0.00000000                  0.00000000                  0.00000000 
                  0.00000000                  0.00000000                  0.00000000                  0.00000000                  0.00000000 
                  0.00000000                  0.00000000                  0.00000000                  0.00000000                  0.00000000 
                  0.00000000                  0.00000000                  0.00000000                  0.00000000                  0.00000000 
                  0.00000000                  0.00000000                  0.00000000                  0.00000000                  0.00000000 
                  0.00000000                  0.00000000                  0.00000000                  0.00000000                  0.00000000 
                  0.00000000                  0.00000000                  0.00000000                  0.00000000                  0.00000000 
                  0.00000000                  0.00000000                  0.00000000                  0.00000000                  0.00000000 
                  0.00000000                  0.00000000                  0.00000000                  0.00000000                  0.00000000 
                  0.00000000                  0.00000000                  0.00000000                  0.00000000                  0.00000000 
                  0.00000000                  0.00000000                  0.00000000                  0.00000000                  0.00000000 
                  0.00000000                  0.00000000                  0.00000000                  0.00000000                  0.00000000 
                  0.00000000                  0.00000000                  0.00000000                  0.00000000                  0.00000000 
                  0.00000000                  0.00000000                  0.00000000                  0.00000000                  0.00000000 
                  0.00000000                  0.00000000                  0.00000000                  0.00000000                  0.00000000 
                  0.00000000                  0.00000000                  0.00000000                  0.00000000                  0.00000000 
                  0.00000000                  0.00000000                  0.00000000                  0.00000000                  0.00000000 
                  0.00000000                  0.00000000                  0.00000000                  0.00000000                  0.00000000 
                  0.00000000                  0.00000000                  0.00000000                  0.00000000                  0.00000000 
                  0.00000000                  0.00000000                  0.00000000                  0.00000000                  0.00000000 
                  0.00000000                  0.00000000                  0.00000000                  0.00000000                  0.00000000 
                  0.00000000                  0.00000000                  0.00000000                  0.00000000                  0.00000000 
                  0.00000000                  0.00000000                  0.00000000                  0.00000000                  0.00000000 
                  0.00000000                  0.00000000                  0.00000000                  0.00000000                  0.00000000 
                  0.00000000                  0.00000000                  0.00000000                  0.00000000                  0.00000000 
                  0.00000000                  0.00000000                  0.00000000                  0.00000000                  0.00000000 
                  0.00000000                  0.00000000                  0.00000000                  0.00000000                  0.00000000 
                  0.00000000                  0.00000000                  0.00000000                  0.00000000                  0.00000000 
                  0.00000000                  0.00000000                  0.00000000                  0.00000000                  0.00000000 
                  0.00000000                  0.00000000                  0.00000000                  0.00000000                  0.00000000 
                  0.00000000                  0.00000000                  0.00000000                  0.00000000                  0.00000000 
                  0.00000000                  0.00000000                  0.00000000                  0.00000000                  0.00000000 
                  0.00000000                  0.00000000                  0.00000000                  0.00000000                  0.00000000 
                  0.00000000                  0.00000000                  0.00000000                  0.00000000                  0.00000000 
                  0.00000000                  0.00000000                  0.00000000                  0.00000000                  0.00000000 
                  0.00000000                  0.00000000                  0.00000000                  0.00000000                  0.00000000 
                  0.00000000                  0.00000000                  0.00000000                  0.00000000                  0.00000000 
                  0.00000000                  0.00000000                  0.00000000                  0.00000000                  0.00000000 
                  0.00000000                  0.00000000                  0.00000000                  0.00000000                  0.00000000 
                  0.00000000                  0.00000000                  0.00000000                  0.00000000                  0.00000000 
                  0.00000000                  0.00000000                  0.00000000                  0.00000000                  0.00000000 
                  0.00000000                  0.00000000                  0.00000000                  0.00000000                  0.00000000 
                  0.00000000                  0.00000000                  0.00000000                  0.00000000                  0.00000000 
                  0.00000000                  0.00000000                  0.00000000                  0.00000000                  0.00000000 
                  0.00000000                  0.00000000                  0.00000000                  0.00000000                  0.00000000 
                  0.00000000                  0.00000000                  0.00000000                  0.00000000                  0.00000000 
                  0.00000000                  0.00000000                  0.00000000                  0.00000000                  0.00000000 
                  0.00000000                  0.00000000                  0.00000000                  0.00000000                  0.00000000 
                  0.00000000                  0.00000000                  0.00000000                  0.00000000                  0.00000000 
                  0.00000000                  0.00000000                  0.00000000                  0.00000000                  0.00000000 
                  0.00000000                  0.00000000                  0.00000000                  0.00000000                  0.00000000 
                  0.00000000                  0.00000000                  0.00000000                  0.00000000                  0.00000000 
                  0.00000000                  0.00000000                  0.00000000                  0.00000000                  0.00000000 
                  0.00000000                  0.00000000                  0.00000000                  0.00000000                  0.00000000 
                  0.00000000                  0.00000000                  0.00000000                  0.00000000                  0.00000000 
                  0.00000000                  0.00000000                  0.00000000                  0.00000000                  0.00000000 
                  0.00000000                  0.00000000                  0.00000000                  0.00000000                  0.00000000 
                  0.00000000                  0.00000000                  0.00000000                  0.00000000                  0.00000000 
                  0.00000000                  0.00000000                  0.00000000                  0.00000000                  0.00000000 
                  0.00000000                  0.00000000                  0.00000000                  0.00000000                  0.00000000 
                  0.00000000                  0.00000000                  0.00000000                  0.00000000                  0.00000000 
                  0.00000000                  0.00000000                  0.00000000                  0.00000000                  0.00000000 
                  0.00000000                  0.00000000                  0.00000000                  0.00000000                  0.00000000 
                  0.00000000                  0.00000000                  0.00000000                  0.00000000                  0.00000000 
                  0.00000000                  0.00000000                  0.00000000                  0.00000000                  0.00000000 
                  0.00000000                  0.00000000                  0.00000000                  0.00000000                  0.00000000 
                  0.00000000                  0.00000000                  0.00000000                  0.00000000                  0.00000000 
                  0.00000000                  0.00000000                  0.00000000                  0.00000000                  0.00000000 
                  0.00000000                  0.00000000                  0.00000000                  0.00000000                  0.00000000 
                  0.00000000                  0.00000000                  0.00000000                  0.00000000                  0.00000000 
                  0.00000000                  0.00000000                  0.00000000                  0.00000000                  0.00000000 
                  0.00000000                  0.00000000                  0.00000000                  0.00000000                  0.00000000 
                  0.00000000                  0.00000000                  0.00000000                  0.00000000                  0.00000000 
                  0.00000000                  0.00000000                  0.00000000                  0.00000000                  0.00000000 
                  0.00000000                  0.00000000                  0.00000000                  0.00000000                  0.00000000 
                  0.00000000                  0.00000000                  0.00000000                  0.00000000                  0.00000000 
                  0.00000000                  0.00000000                  0.00000000                  0.00000000                  0.00000000 
                  0.00000000                  0.00000000                  0.00000000                  0.00000000                  0.00000000 
                  0.00000000                  0.00000000                  0.00000000                  0.00000000                  0.00000000 
                  0.00000000                  0.00000000                  0.00000000                  0.00000000                  0.00000000 
                  0.00000000                  0.00000000                  0.00000000                  0.00000000                  0.00000000 
                  0.00000000                  0.00000000                  0.00000000                  0.00000000                  0.00000000 
                  0.00000000                  0.00000000                  0.00000000                  0.00000000                  0.00000000 
                  0.00000000                  0.00000000                  0.00000000                  0.00000000                  0.00000000 
                  0.00000000                  0.00000000                  0.00000000                  0.00000000                  0.00000000 
                  0.00000000                  0.00000000                  0.00000000                  0.00000000                  0.00000000 
                  0.00000000                  0.00000000                  0.00000000                  0.00000000                  0.00000000 
                  0.00000000                  0.00000000                  0.00000000                  0.00000000                  0.00000000 
                  0.00000000                  0.00000000                  0.00000000                  0.00000000                  0.00000000 
                  0.00000000                  0.00000000                  0.00000000                  0.00000000                  0.00000000 
                  0.00000000                  0.00000000                  0.00000000                  0.00000000                  0.00000000 
                  0.00000000                  0.00000000                  0.00000000                  0.00000000                  0.00000000 
                  0.00000000                  0.00000000                  0.00000000                  0.00000000                  0.00000000 
                  0.00000000                  0.00000000                  0.00000000                  0.00000000                  0.00000000 
                  0.00000000                  0.00000000                  0.00000000                  0.00000000                  0.00000000 
                  0.00000000                  0.00000000                  0.00000000                  0.00000000                  0.00000000 
                  0.00000000                  0.00000000                  0.00000000                  0.00000000                  0.00000000 
                  0.00000000                  0.00000000                  0.00000000                  0.00000000                  0.00000000 
                  0.00000000                  0.00000000                  0.00000000                  0.00000000                  0.00000000 
                  0.00000000                  0.00000000                  0.00000000                  0.00000000                  0.00000000 
                  0.00000000                  0.00000000                  0.00000000                  0.00000000                  0.00000000 
                  0.00000000                  0.00000000                  0.00000000                  0.00000000                  0.00000000 
                  0.00000000                  0.00000000                  0.00000000                  0.00000000                  0.00000000 
                  0.00000000                  0.00000000                  0.00000000                  0.00000000                  0.00000000 
                  0.00000000                  0.00000000                  0.00000000                  0.00000000                  0.00000000 
                  0.00000000                  0.00000000                  0.00000000                  0.00000000                  0.00000000 
                  0.00000000                  0.00000000                  0.00000000                  0.00000000                  0.00000000 
                  0.00000000                  0.00000000                  0.00000000                  0.00000000                  0.00000000 
                  0.00000000                  0.00000000                  0.00000000                  0.00000000                  0.00000000 
                  0.00000000                  0.00000000                  0.00000000                  0.00000000                  0.00000000 
                  0.00000000                  0.00000000                  0.00000000                  0.00000000                  0.00000000 
                  0.00000000                  0.00000000                  0.00000000                  0.00000000                  0.00000000 
                  0.00000000                  0.00000000                  0.00000000                  0.00000000                  0.00000000 
                  0.00000000                  0.00000000                  0.00000000                  0.00000000                  0.00000000 
                  0.00000000                  0.00000000                  0.00000000                  0.00000000                  0.00000000 
                  0.00000000                  0.00000000                  0.00000000                  0.00000000                  0.00000000 
                  0.00000000                  0.00000000                  0.00000000                  0.00000000                  0.00000000 
                  0.00000000                  0.00000000                  0.00000000                  0.00000000                  0.00000000 
                  0.00000000                  0.00000000                  0.00000000                  0.00000000                  0.00000000 
                  0.00000000                  0.00000000                  0.00000000                  0.00000000                  0.00000000 
                  0.00000000                  0.00000000                  0.00000000                  0.00000000                  0.00000000 
                  0.00000000                  0.00000000                  0.00000000                  0.00000000                  0.00000000 
                  0.00000000                  0.00000000                  0.00000000                  0.00000000                  0.00000000 
                  0.00000000                  0.00000000                  0.00000000                  0.00000000                  0.00000000 
                  0.00000000                  0.00000000                  0.00000000                  0.00000000                  0.00000000 
                  0.00000000                  0.00000000                  0.00000000                  0.00000000                  0.00000000 
                  0.00000000                  0.00000000                  0.00000000                  0.00000000                  0.00000000 
                  0.00000000                  0.00000000                  0.00000000                  0.00000000                  0.00000000 
                  0.00000000                  0.00000000                  0.00000000                  0.00000000                  0.00000000 
                  0.00000000                  0.00000000                  0.00000000                  0.00000000                  0.00000000 
                  0.00000000                  0.00000000                  0.00000000                  0.00000000                  0.00000000 
                  0.00000000                  0.00000000                  0.00000000                  0.00000000                  0.00000000 
                  0.00000000                  0.00000000                  0.00000000                  0.00000000                  0.00000000 
                  0.00000000                  0.00000000                  0.00000000                  0.00000000                  0.00000000 
                  0.00000000                  0.00000000                  0.00000000                  0.00000000                  0.00000000 
