                  0.00000000                  0.00000000                  0.00000000                  0.00000000                  0.00000000                  0.00000000                  0.00000000                  0.00000000                  0.00000000                  0.00000000 
                  0.00000000                  0.00000000                  0.00000000                  0.00000000                  0.00000000 
                  0.00000000                  0.00000000                  0.00000000                  0.00000000                  0.00000000 
                  0.00000000                  0.00000000                  0.00000000                  0.00000000                  0.00000000 
                  0.00000000                  0.00000000                  0.00000000                  0.00000000                  0.00000000 
                  0.00000000                  0.00000000                  0.00000000                  0.00000000                  0.00000000 
                  0.00000000                  0.00000000                  0.00000000                  0.00000000                  0.00000000 
                  0.00000000                  0.00000000                  0.00000000                  0.00000000                  0.00000000 
                  0.00000000                  0.00000000                  0.00000000                  0.00000000                  0.00000000 
                  0.00000000                  0.00000000                  0.00000000                  0.00000000                  0.00000000 
                  0.00000000                  0.00000000                  0.00000000                  0.00000000                  0.00000000 
                  0.00000000                  0.00000000                  0.00000000                  0.00000000                  0.00000000 
                  0.00000000                  0.00000000                  0.00000000                  0.00000000                  0.00000000 
                  0.00000000                  0.00000000                  0.00000000                  0.00000000                  0.00000000 
                  0.00000000                  0.00000000                  0.00000000                  0.00000000                  0.00000000 
                  0.00000000                  0.00000000                  0.00000000                  0.00000000                  0.00000000 
                  0.00000000                  0.00000000                  0.00000000                  0.00000000                  0.00000000 
                  0.00000000                  0.00000000                  0.00000000                  0.00000000                  0.00000000 
                  0.00000000                  0.00000000                  0.00000000                  0.00000000                  0.00000000 
                  0.00000000                  0.00000000                  0.00000000                  0.00000000                  0.00000000 
                  0.00000000                  0.00000000                  0.00000000                  0.00000000                  0.00000000 
                  0.00000000                  0.00000000                  0.00000000                  0.00000000                  0.00000000 
                  0.00000000                  0.00000000                  0.00000000                  0.00000000                  0.00000000 
                  0.00000000                  0.00000000                  0.00000000                  0.00000000                  0.00000000 
                  0.00000000                  0.00000000                  0.00000000                  0.00000000                  0.00000000 
                  0.00000000                  0.00000000                  0.00000000                  0.00000000                  0.00000000 
                  0.00000000                  0.00000000                  0.00000000                  0.00000000                  0.00000000 
                  0.00000000                  0.00000000                  0.00000000                  0.00000000                  0.00000000 
                  0.00000000                  0.00000000                  0.00000000                  0.00000000                  0.00000000 
                  0.00000000                  0.00000000                  0.00000000                  0.00000000                  0.00000000 
                  0.00000000                  0.00000000                  0.00000000                  0.00000000                  0.00000000 
                  0.00000000                  0.00000000                  0.00000000                  0.00000000                  0.00000000 
                  0.00000000                  0.00000000                  0.00000000                  0.00000000                  0.00000000 
                  0.00000000                  0.00000000                  0.00000000                  0.00000000                  0.00000000 
                  0.00000000                  0.00000000                  0.00000000                  0.00000000                  0.00000000 
                  0.00000000                  0.00000000                  0.00000000                  0.00000000                  0.00000000 
                  0.00000000                  0.00000000                  0.00000000                  0.00000000                  0.00000000 
                  0.00000000                  0.00000000                  0.00000000                  0.00000000                  0.00000000 
                  0.00000000                  0.00000000                  0.00000000                  0.00000000                  0.00000000 
                  0.00000000                  0.00000000                  0.00000000                  0.00000000                  0.00000000 
                  0.00000000                  0.00000000                  0.00000000                  0.00000000                  0.00000000 
                  0.00000000                  0.00000000                  0.00000000                  0.00000000                  0.00000000 
                  0.00000000                  0.00000000                  0.00000000                  0.00000000                  0.00000000 
                  0.00000000                  0.00000000                  0.00000000                  0.00000000                  0.00000000 
                  0.00000000                  0.00000000                  0.00000000                  0.00000000                  0.00000000 
                  0.00000000                  0.00000000                  0.00000000                  0.00000000                  0.00000000 
                  0.00000000                  0.00000000                  0.00000000                  0.00000000                  0.00000000 
                  0.00000000                  0.00000000                  0.00000000                  0.00000000                  0.00000000 
                  0.00000000                  0.00000000                  0.00000000                  0.00000000                  0.00000000 
                  0.00000001                  0.00000001                  0.00000000                  0.00000000                  0.00000000 
                  0.00000001                  0.00000001                  0.00000000                  0.00000000                  0.00000000 
                  0.00000001                  0.00000001                  0.00000001                  0.00000001                  0.00000001 
                  0.00000001                  0.00000001                  0.00000001                  0.00000001                  0.00000001 
                  0.00000001                  0.00000001                  0.00000001                  0.00000001                  0.00000001 
                  0.00000002                  0.00000002                  0.00000001                  0.00000001                  0.00000001 
                  0.00000002                  0.00000002                  0.00000001                  0.00000001                  0.00000001 
                  0.00000003                  0.00000003                  0.00000002                  0.00000002                  0.00000002 
                  0.00000004                  0.00000004                  0.00000002                  0.00000002                  0.00000002 
                  0.00000005                  0.00000004                  0.00000003                  0.00000003                  0.00000003 
                  0.00000006                  0.00000006                  0.00000003                  0.00000003                  0.00000003 
                  0.00000007                  0.00000007                  0.00000004                  0.00000004                  0.00000004 
                  0.00000009                  0.00000009                  0.00000005                  0.00000005                  0.00000005 
                  0.00000011                  0.00000011                  0.00000007                  0.00000007                  0.00000006 
                  0.00000014                  0.00000014                  0.00000008                  0.00000008                  0.00000008 
                  0.00000017                  0.00000017                  0.00000010                  0.00000010                  0.00000010 
                  0.00000021                  0.00000021                  0.00000013                  0.00000012                  0.00000012 
                  0.00000026                  0.00000026                  0.00000016                  0.00000015                  0.00000015 
                  0.00000032                  0.00000032                  0.00000020                  0.00000019                  0.00000019 
                  0.00000040                  0.00000039                  0.00000024                  0.00000023                  0.00000023 
                  0.00000049                  0.00000048                  0.00000030                  0.00000029                  0.00000029 
                  0.00000060                  0.00000059                  0.00000037                  0.00000035                  0.00000035 
                  0.00000074                  0.00000073                  0.00000045                  0.00000044                  0.00000043 
                  0.00000091                  0.00000089                  0.00000055                  0.00000053                  0.00000053 
                  0.00000111                  0.00000109                  0.00000068                  0.00000065                  0.00000065 
                  0.00000136                  0.00000134                  0.00000083                  0.00000080                  0.00000079 
                  0.00000166                  0.00000163                  0.00000101                  0.00000097                  0.00000097 
                  0.00000202                  0.00000199                  0.00000123                  0.00000119                  0.00000118 
                  0.00000246                  0.00000243                  0.00000150                  0.00000144                  0.00000143 
                  0.00000300                  0.00000295                  0.00000182                  0.00000175                  0.00000174 
                  0.00000364                  0.00000358                  0.00000221                  0.00000213                  0.00000211 
                  0.00000441                  0.00000434                  0.00000268                  0.00000258                  0.00000256 
                  0.00000533                  0.00000525                  0.00000324                  0.00000312                  0.00000310 
                  0.00000645                  0.00000634                  0.00000391                  0.00000377                  0.00000374 
                  0.00000778                  0.00000765                  0.00000472                  0.00000454                  0.00000451 
                  0.00000937                  0.00000922                  0.00000568                  0.00000547                  0.00000543 
                  0.00001128                  0.00001109                  0.00000683                  0.00000658                  0.00000653 
                  0.00001355                  0.00001332                  0.00000821                  0.00000790                  0.00000785 
                  0.00001625                  0.00001597                  0.00000984                  0.00000947                  0.00000941 
                  0.00001946                  0.00001912                  0.00001179                  0.00001134                  0.00001126 
                  0.00002327                  0.00002287                  0.00001409                  0.00001356                  0.00001346 
                  0.00002779                  0.00002731                  0.00001683                  0.00001619                  0.00001606 
                  0.00003314                  0.00003256                  0.00002006                  0.00001929                  0.00001915 
                  0.00003946                  0.00003876                  0.00002388                  0.00002296                  0.00002278 
                  0.00004692                  0.00004608                  0.00002839                  0.00002729                  0.00002707 
                  0.00005570                  0.00005469                  0.00003369                  0.00003238                  0.00003213 
                  0.00006603                  0.00006483                  0.00003993                  0.00003837                  0.00003806 
                  0.00007816                  0.00007672                  0.00004726                  0.00004540                  0.00004503 
                  0.00009238                  0.00009067                  0.00005585                  0.00005364                  0.00005320 
                  0.00010902                  0.00010699                  0.00006590                  0.00006328                  0.00006275 
                  0.00012848                  0.00012607                  0.00007764                  0.00007454                  0.00007391 
                  0.00015119                  0.00014833                  0.00009135                  0.00008768                  0.00008693 
                  0.00017764                  0.00017426                  0.00010731                  0.00010298                  0.00010210 
                  0.00020842                  0.00020443                  0.00012589                  0.00012078                  0.00011973 
                  0.00024418                  0.00023946                  0.00014746                  0.00014145                  0.00014021 
                  0.00028565                  0.00028009                  0.00017248                  0.00016541                  0.00016395 
                  0.00033367                  0.00032714                  0.00020144                  0.00019315                  0.00019142 
                  0.00038919                  0.00038152                  0.00023493                  0.00022522                  0.00022318 
                  0.00045329                  0.00044430                  0.00027358                  0.00026222                  0.00025982 
                  0.00052717                  0.00051664                  0.00031813                  0.00030486                  0.00030204 
                  0.00061220                  0.00059989                  0.00036940                  0.00035392                  0.00035061 
                  0.00070990                  0.00069554                  0.00042830                  0.00041028                  0.00040640 
                  0.00082200                  0.00080526                  0.00049587                  0.00047492                  0.00047039 
                  0.00095040                  0.00093093                  0.00057327                  0.00054895                  0.00054365 
                  0.00109726                  0.00107465                  0.00066179                  0.00063359                  0.00062742 
                  0.00126497                  0.00123874                  0.00076287                  0.00073023                  0.00072305 
                  0.00145619                  0.00142581                  0.00087812                  0.00084038                  0.00083205 
                  0.00167388                  0.00163874                  0.00100931                  0.00096576                  0.00095609 
                  0.00192130                  0.00188074                  0.00115843                  0.00110824                  0.00109704 
                  0.00220211                  0.00215535                  0.00132765                  0.00126990                  0.00125695 
                  0.00252028                  0.00246646                  0.00151940                  0.00145305                  0.00143809 
                  0.00288025                  0.00281839                  0.00173633                  0.00166022                  0.00164297 
                  0.00328685                  0.00321587                  0.00198137                  0.00189419                  0.00187433 
                  0.00374543                  0.00366410                  0.00225774                  0.00215803                  0.00213520 
                  0.00426182                  0.00416877                  0.00256896                  0.00245508                  0.00242889 
                  0.00484239                  0.00473610                  0.00291887                  0.00278902                  0.00275901 
                  0.00549410                  0.00537288                  0.00331169                  0.00316384                  0.00312951 
                  0.00622453                  0.00608648                  0.00375198                  0.00358388                  0.00354467 
                  0.00704191                  0.00688493                  0.00424472                  0.00405389                  0.00400917 
                  0.00795515                  0.00777693                  0.00479530                  0.00457899                  0.00452807 
                  0.00897389                  0.00877186                  0.00540954                  0.00516471                  0.00510682 
                  0.01010855                  0.00987986                  0.00609375                  0.00581706                  0.00575134 
                  0.01137033                  0.01111187                  0.00685471                  0.00654247                  0.00646798 
                  0.01277126                  0.01247959                  0.00769970                  0.00734788                  0.00726358 
                  0.01432425                  0.01399561                  0.00863655                  0.00824071                  0.00814546 
                  0.01604309                  0.01567335                  0.00967360                  0.00922891                  0.00912144 
                  0.01794250                  0.01752715                  0.01081981                  0.01032097                  0.01019991 
                  0.02003814                  0.01957225                  0.01208466                  0.01152591                  0.01138975 
                  0.02234662                  0.02182483                  0.01347825                  0.01285333                  0.01270041 
                  0.02488555                  0.02430204                  0.01501129                  0.01431339                  0.01414192 
                  0.02767351                  0.02702196                  0.01669507                  0.01591683                  0.01572486 
                  0.03073007                  0.03000364                  0.01854152                  0.01767498                  0.01746037 
                  0.03407580                  0.03326711                  0.02056317                  0.01959974                  0.01936019 
                  0.03773224                  0.03683332                  0.02277316                  0.02170358                  0.02143660 
                  0.04172187                  0.04072417                  0.02518523                  0.02399957                  0.02370246 
                  0.04606814                  0.04496243                  0.02781369                  0.02650128                  0.02617118 
                  0.05079535                  0.04957179                  0.03067344                  0.02922288                  0.02885666 
                  0.05592868                  0.05457673                  0.03377990                  0.03217901                  0.03177334 
                  0.06149407                  0.06000252                  0.03714901                  0.03538481                  0.03493611 
                  0.06751823                  0.06587511                  0.04079717                  0.03885586                  0.03836033 
                  0.07402848                  0.07222109                  0.04474121                  0.04260816                  0.04206173 
                  0.08105271                  0.07906759                  0.04899834                  0.04665804                  0.04605639 
                  0.08861926                  0.08644219                  0.05358605                  0.05102215                  0.05036071 
                  0.09675682                  0.09437278                  0.05852213                  0.05571737                  0.05499130 
                  0.10549428                  0.10288747                  0.06382450                  0.06076077                  0.05996493 
                  0.11486059                  0.11201446                  0.06951121                  0.06616947                  0.06529847 
                  0.12488466                  0.12178183                  0.07560028                  0.07196062                  0.07100882 
                  0.13559514                  0.13221747                  0.08210965                  0.07815131                  0.07711276 
                  0.14702025                  0.14334884                  0.08905706                  0.08475842                  0.08362690 
                  0.15918764                  0.15520287                  0.09645995                  0.09179855                  0.09056761 
                  0.17212419                  0.16780564                  0.10433537                  0.09928794                  0.09795083 
                  0.18585569                  0.18118238                  0.11269975                  0.10724228                  0.10579201 
                  0.20040679                  0.19535702                  0.12156889                  0.11567665                  0.11410599 
                  0.21580070                  0.21035218                  0.13095781                  0.12460539                  0.12290689 
                  0.23205896                  0.22618884                  0.14088057                  0.13404194                  0.13220793 
                  0.24920121                  0.24288614                  0.15135014                  0.14399871                  0.14202134 
                  0.26724499                  0.26046124                  0.16237827                  0.15448701                  0.15235822 
                  0.28620547                  0.27892888                  0.17397535                  0.16551685                  0.16322842 
                  0.30609527                  0.29830143                  0.18615025                  0.17709680                  0.17464043 
                  0.32692409                  0.31858844                  0.19891018                  0.18923390                  0.18660113 
                  0.34869865                  0.33979660                  0.21226063                  0.20193350                  0.19911581 
                  0.37142241                  0.36192933                  0.22620508                  0.21519911                  0.21218801 
                  0.39509535                  0.38498670                  0.24074498                  0.22903237                  0.22581926 
                  0.41971377                  0.40896526                  0.25587958                  0.24343276                  0.24000917 
                  0.44527009                  0.43385774                  0.27160582                  0.25839764                  0.25475517 
                  0.47175276                  0.45965308                  0.28791827                  0.27392215                  0.27005243 
                  0.49914595                  0.48633608                  0.30480894                  0.28999898                  0.28589386 
                  0.52742952                  0.51388741                  0.32226726                  0.30661839                  0.30226991 
                  0.55657905                  0.54228348                  0.34028000                  0.32376811                  0.31916857 
                  0.58656543                  0.57149613                  0.35883108                  0.34143329                  0.33657527 
                  0.61735517                  0.60149300                  0.37790182                  0.35959640                  0.35447285 
                  0.64890999                  0.63223714                  0.39747050                  0.37823731                  0.37284154 
                  0.68118709                  0.66368729                  0.41751271                  0.39733320                  0.39165890 
                  0.71413922                  0.69579744                  0.43800122                  0.41685849                  0.41090000 
                  0.74771440                  0.72851759                  0.45890594                  0.43678504                  0.43053710 
                  0.78185630                  0.76179320                  0.48019400                  0.45708203                  0.45054007 
                  0.81650424                  0.79556549                  0.50182992                  0.47771609                  0.47087604 
                  0.85159361                  0.82977182                  0.52377546                  0.49865133                  0.49150985 
                  0.88705564                  0.86434561                  0.54598987                  0.51984948                  0.51240402 
                  0.92281783                  0.89921659                  0.56843001                  0.54126996                  0.53351861 
                  0.95880413                  0.93431127                  0.59105057                  0.56286997                  0.55481160 
                  0.99493539                  0.96955281                  0.61380398                  0.58460474                  0.57623911 
                  1.03112960                  1.00486159                  0.63664079                  0.60642767                  0.59775543 
                  1.06730187                  1.04015565                  0.65950984                  0.62829030                  0.61931300 
                  1.10336554                  1.07535052                  0.68235826                  0.65014291                  0.64086294 
                  1.13923180                  1.11036026                  0.70513201                  0.67193431                  0.66235501 
                  1.17481041                  1.14509726                  0.72777593                  0.69361252                  0.68373781 
                  1.21001029                  1.17947292                  0.75023413                  0.71512425                  0.70495951 
                  1.24473953                  1.21339834                  0.77244973                  0.73641604                  0.72596723 
                  1.27890635                  1.24678409                  0.79436600                  0.75743383                  0.74670798 
                  1.31241953                  1.27954137                  0.81592607                  0.77812356                  0.76712853 
                  1.34518766                  1.31158185                  0.83707309                  0.79843128                  0.78717589 
                  1.37712169                  1.34281814                  0.85775089                  0.81830347                  0.80679762 
                  1.40813375                  1.37316537                  0.87790382                  0.83768749                  0.82594156 
                  1.43813789                  1.40253961                  0.89747763                  0.85653144                  0.84455687 
                  1.46705091                  1.43086016                  0.91641933                  0.87478453                  0.86259365 
                  1.49479318                  1.45804870                  0.93467736                  0.89239788                  0.88000345 
                  1.52128780                  1.48403060                  0.95220220                  0.90932381                  0.89673948 
                  1.54646182                  1.50873458                  0.96894628                  0.92551684                  0.91275692 
                  1.57024670                  1.53209352                  0.98486447                  0.94093359                  0.92801309 
                  1.59257817                  1.55404484                  0.99991429                  0.95553315                  0.94246745 
                  1.61339712                  1.57453036                  1.01405597                  0.96927696                  0.95608217 
                  1.63264942                  1.59349704                  1.02725255                  0.98212951                  0.96882206 
                  1.65028620                  1.61089683                  1.03947043                  0.99405825                  0.98065472 
                  1.66626453                  1.62668729                  1.05067945                  1.00503337                  0.99155080 
                  1.68054688                  1.64083147                  1.06085253                  1.01502860                  1.00148427 
                  1.69310212                  1.65329814                  1.06996608                  1.02402091                  1.01043200 
                  1.70390451                  1.66406226                  1.07800090                  1.03199041                  1.01837456 
                  1.71293509                  1.67310429                  1.08494067                  1.03892112                  1.02529597 
                  1.72018111                  1.68041062                  1.09077311                  1.04480052                  1.03118324 
                  1.72563529                  1.68597412                  1.09548962                  1.04961944                  1.03602719 
                  1.72929704                  1.68979311                  1.09908545                  1.05337226                  1.03982222 
                  1.73117161                  1.69187200                  1.10156000                  1.05605698                  1.04256606 
                  1.73127031                  1.69222081                  1.10291576                  1.05767536                  1.04426014 
                  1.72961020                  1.69085550                  1.10315907                  1.05823255                  1.04490876 
                  1.72621381                  1.68779707                  1.10230005                  1.05773664                  1.04452002 
                  1.72110939                  1.68307221                  1.10035205                  1.05619955                  1.04310513 
                  1.71433020                  1.67671227                  1.09733176                  1.05363595                  1.04067838 
                  1.70591402                  1.66875374                  1.09325898                  1.05006397                  1.03725708 
                  1.69590390                  1.65923727                  1.08815682                  1.04550445                  1.03286147 
                  1.68434691                  1.64820814                  1.08205104                  1.03998089                  1.02751446 
                  1.67129421                  1.63571537                  1.07497036                  1.03351974                  1.02124178 
                  1.65680087                  1.62181163                  1.06694591                  1.02614939                  1.01407111 
                  1.64092469                  1.60655260                  1.05801082                  1.01790071                  1.00603271 
                  1.62372684                  1.58999741                  1.04820049                  1.00880706                  0.99715853 
                  1.60527134                  1.57220745                  1.03755248                  0.99890304                  0.98748267 
                  1.58562398                  1.55324638                  1.02610564                  0.98822498                  0.97704059 
                  1.56485283                  1.53317976                  1.01390052                  0.97681075                  0.96586949 
                  1.54302740                  1.51207483                  1.00097871                  0.96469963                  0.95400763 
                  1.52021825                  1.49000001                  0.98738295                  0.95193160                  0.94149435 
                  1.49649692                  1.46702456                  0.97315681                  0.93854767                  0.92836982 
                  1.47193527                  1.44321799                  0.95834416                  0.92458940                  0.91467476 
                  1.44660556                  1.41865063                  0.94298965                  0.91009879                  0.90045059 
                  1.42057967                  1.39339232                  0.92713779                  0.89511818                  0.88573861 
                  1.39392924                  1.36751211                  0.91083324                  0.87969005                  0.87058043 
                  1.36672497                  1.34107924                  0.89412040                  0.86385632                  0.85501754 
                  1.33903658                  1.31416178                  0.87704325                  0.84765893                  0.83909112 
                  1.31093264                  1.28682601                  0.85964537                  0.83113950                  0.82284206 
                  1.28248024                  1.25913787                  0.84196937                  0.81433868                  0.80631042 
                  1.25374448                  1.23116064                  0.82405740                  0.79729652                  0.78953582 
                  1.22478890                  1.20295632                  0.80595022                  0.78005236                  0.77255690 
                  1.19567478                  1.17458498                  0.78768766                  0.76264447                  0.75541133 
                  1.16646123                  1.14610434                  0.76930827                  0.74510980                  0.73813570 
                  1.13720512                  1.11756992                  0.75084955                  0.72748446                  0.72076547 
                  1.10796070                  1.08903515                  0.73234731                  0.70980293                  0.70333499 
                  1.07877970                  1.06055069                  0.71383595                  0.69209856                  0.68587714 
                  1.04971111                  1.03216481                  0.69534838                  0.67440307                  0.66842341 
                  1.02080142                  1.00392318                  0.67691588                  0.65674704                  0.65100378 
                  0.99209446                  0.97586888                  0.65856814                  0.63915920                  0.63364697 
                  0.96363097                  0.94804221                  0.64033318                  0.62166691                  0.61638010 
                  0.93544912                  0.92048085                  0.62223738                  0.60429585                  0.59922862 
                  0.90758455                  0.89321983                  0.60430539                  0.58707023                  0.58221656 
                  0.88006985                  0.86629164                  0.58656013                  0.57001269                  0.56536633 
                  0.85293496                  0.83972609                  0.56902301                  0.55314410                  0.54869890 
                  0.82620734                  0.81355035                  0.55171365                  0.53648388                  0.53223366 
                  0.79991174                  0.78778923                  0.53465003                  0.52004987                  0.51598823 
                  0.77407050                  0.76246494                  0.51784861                  0.50385845                  0.49997902 
                  0.74870342                  0.73759741                  0.50132412                  0.48792440                  0.48422086 
                  0.72382790                  0.71320415                  0.48508996                  0.47226116                  0.46872714 
                  0.69945925                  0.68930048                  0.46915796                  0.45688057                  0.45350987 
                  0.67561048                  0.66589975                  0.45353848                  0.44179320                  0.43857956 
                  0.65229243                  0.64301294                  0.43824056                  0.42700833                  0.42394564 
                  0.62951404                  0.62064940                  0.42327186                  0.41253382                  0.40961608 
                  0.60728246                  0.59881639                  0.40863883                  0.39837646                  0.39559776 
                  0.58560282                  0.57751948                  0.39434662                  0.38454181                  0.38189632 
                  0.56447870                  0.55676258                  0.38039941                  0.37103423                  0.36851636 
                  0.54391217                  0.53654826                  0.36680007                  0.35785717                  0.35546139 
                  0.52390367                  0.51687735                  0.35355058                  0.34501293                  0.34273395 
                  0.50445235                  0.49774942                  0.34065202                  0.33250302                  0.33033568 
                  0.48555619                  0.47916278                  0.32810450                  0.32032806                  0.31826723 
                  0.46721178                  0.46111453                  0.31590730                  0.30848777                  0.30652854 
                  0.44941485                  0.44360077                  0.30405891                  0.29698113                  0.29511884 
                  0.43216002                  0.42661667                  0.29255712                  0.28580642                  0.28403652 
                  0.41544110                  0.41015634                  0.28139907                  0.27496129                  0.27327943 
                  0.39925098                  0.39421326                  0.27058136                  0.26444277                  0.26284471 
                  0.38358191                  0.37877998                  0.26010004                  0.25424740                  0.25272903 
                  0.36842552                  0.36384863                  0.24995057                  0.24437112                  0.24292858 
                  0.35377276                  0.34941062                  0.24012804                  0.23480950                  0.23343906 
                  0.33961421                  0.33545691                  0.23062715                  0.22555770                  0.22425579 
                  0.32593992                  0.32197800                  0.22144219                  0.21661052                  0.21537372 
                  0.31273967                  0.30896398                  0.21256727                  0.20796248                  0.20678753 
                  0.30000287                  0.29640466                  0.20399609                  0.19960776                  0.19849156 
                  0.28771868                  0.28428966                  0.19572225                  0.19154033                  0.19047993 
                  0.27587605                  0.27260828                  0.18773909                  0.18375400                  0.18274657 
                  0.26446387                  0.26134974                  0.18003981                  0.17624235                  0.17528528 
                  0.25347081                  0.25050306                  0.17261750                  0.16899891                  0.16808961 
                  0.24288556                  0.24005729                  0.16546516                  0.16201709                  0.16115309 
                  0.23269673                  0.23000133                  0.15857571                  0.15529017                  0.15446915 
                  0.22289295                  0.22032411                  0.15194207                  0.14881137                  0.14803115 
                  0.21346295                  0.21101469                  0.14555711                  0.14257395                  0.14183241 
                  0.20439544                  0.20206204                  0.13941370                  0.13657111                  0.13586628 
                  0.19567926                  0.19345528                  0.13350472                  0.13079607                  0.13012609 
                  0.18730341                  0.18518361                  0.12782317                  0.12524211                  0.12460518 
                  0.17925698                  0.17723641                  0.12236202                  0.11990251                  0.11929695 
                  0.17152920                  0.16960317                  0.11711436                  0.11477064                  0.11419486 
                  0.16410950                  0.16227354                  0.11207338                  0.10983993                  0.10929240 
                  0.15698749                  0.15523735                  0.10723230                  0.10510392                  0.10458321 
                  0.15015298                  0.14848462                  0.10258453                  0.10055624                  0.10006097 
                  0.14359602                  0.14200553                  0.09812353                  0.09619058                  0.09571946 
                  0.13730682                  0.13579056                  0.09384290                  0.09200080                  0.09155260 
                  0.13127585                  0.12983029                  0.08973640                  0.08798082                  0.08755440 
                  0.12549378                  0.12411560                  0.08579791                  0.08412474                  0.08371900 
                  0.11995153                  0.11863759                  0.08202139                  0.08042678                  0.08004066 
                  0.11464028                  0.11338754                  0.07840104                  0.07688126                  0.07651379 
                  0.10955141                  0.10835700                  0.07493113                  0.07348268                  0.07313291 
                  0.10467657                  0.10353774                  0.07160614                  0.07022563                  0.06989268 
                  0.10000762                  0.09892178                  0.06842066                  0.06710487                  0.06678792 
                  0.09553668                  0.09450136                  0.06536944                  0.06411532                  0.06381357 
                  0.09125611                  0.09026894                  0.06244737                  0.06125201                  0.06096473 
                  0.08715850                  0.08621723                  0.05964950                  0.05851015                  0.05823659 
                  0.08323666                  0.08233918                  0.05697101                  0.05588504                  0.05562455 
                  0.07948367                  0.07862792                  0.05440727                  0.05337217                  0.05312410 
                  0.07589281                  0.07507686                  0.05195376                  0.05096715                  0.05073089 
                  0.07245758                  0.07167958                  0.04960613                  0.04866571                  0.04844070 
                  0.06917173                  0.06842990                  0.04736015                  0.04646377                  0.04624946 
                  0.06602919                  0.06532186                  0.04521175                  0.04435735                  0.04415320 
                  0.06302413                  0.06234971                  0.04315699                  0.04234260                  0.04214813 
                  0.06015090                  0.05950785                  0.04119207                  0.04041581                  0.04023055 
                  0.05740407                  0.05679096                  0.03931331                  0.03857340                  0.03839691 
                  0.05477842                  0.05419385                  0.03751718                  0.03681193                  0.03664378 
                  0.05226891                  0.05171155                  0.03580026                  0.03512805                  0.03496784 
                  0.04987066                  0.04933927                  0.03415927                  0.03351854                  0.03336591 
                  0.04757902                  0.04707239                  0.03259103                  0.03198033                  0.03183491 
                  0.04538948                  0.04490647                  0.03109251                  0.03051042                  0.03037186 
                  0.04329773                  0.04283724                  0.02966075                  0.02910596                  0.02897393 
                  0.04129960                  0.04086059                  0.02829295                  0.02776417                  0.02763837 
                  0.03939111                  0.03897257                  0.02698639                  0.02648240                  0.02636253 
                  0.03756840                  0.03716940                  0.02573844                  0.02525810                  0.02514387 
                  0.03582779                  0.03544742                  0.02454662                  0.02408881                  0.02397997 
                  0.03416573                  0.03380314                  0.02340849                  0.02297217                  0.02286846 
                  0.03257884                  0.03223320                  0.02232176                  0.02190592                  0.02180709 
                  0.03106384                  0.03073436                  0.02128419                  0.02088788                  0.02079371 
                  0.02961760                  0.02930354                  0.02029365                  0.01991596                  0.01982622 
                  0.02823711                  0.02793776                  0.01934810                  0.01898816                  0.01890264 
                  0.02691950                  0.02663418                  0.01844556                  0.01810255                  0.01802105 
                  0.02566201                  0.02539005                  0.01758415                  0.01725728                  0.01717962 
                  0.02446198                  0.02420277                  0.01676207                  0.01645058                  0.01637658 
                  0.02331687                  0.02306983                  0.01597759                  0.01568076                  0.01561024 
                  0.02222426                  0.02198881                  0.01522903                  0.01494618                  0.01487899 
                  0.02118181                  0.02095742                  0.01451482                  0.01424529                  0.01418127 
                  0.02018729                  0.01997345                  0.01383342                  0.01357660                  0.01351559 
                  0.01923856                  0.01903477                  0.01318337                  0.01293867                  0.01288053 
                  0.01833357                  0.01813938                  0.01256328                  0.01233013                  0.01227473 
                  0.01747037                  0.01728532                  0.01197181                  0.01174966                  0.01169687 
                  0.01664707                  0.01647075                  0.01140766                  0.01119600                  0.01114571 
                  0.01586189                  0.01569388                  0.01086962                  0.01066796                  0.01062004 
                  0.01511311                  0.01495302                  0.01035651                  0.01016439                  0.01011872 
                  0.01439907                  0.01424654                  0.00986720                  0.00968417                  0.00964065 
                  0.01371821                  0.01357288                  0.00940062                  0.00922625                  0.00918479 
                  0.01306903                  0.01293056                  0.00895574                  0.00878962                  0.00875012 
                  0.01245008                  0.01231816                  0.00853158                  0.00837332                  0.00833569 
                  0.01185999                  0.01173430                  0.00812719                  0.00797643                  0.00794057 
                  0.01129744                  0.01117770                  0.00774166                  0.00759806                  0.00756389 
                  0.01076117                  0.01064711                  0.00737415                  0.00723736                  0.00720481 
                  0.01025000                  0.01014134                  0.00702383                  0.00689353                  0.00686252 
                  0.00976275                  0.00965925                  0.00668991                  0.00656579                  0.00653625 
                  0.00929835                  0.00919975                  0.00637164                  0.00625342                  0.00622527 
                  0.00885573                  0.00876181                  0.00606830                  0.00595570                  0.00592889 
                  0.00843391                  0.00834444                  0.00577920                  0.00567196                  0.00564642 
                  0.00803190                  0.00794669                  0.00550370                  0.00540155                  0.00537722 
                  0.00764882                  0.00756766                  0.00524116                  0.00514387                  0.00512069 
                  0.00728377                  0.00720647                  0.00499098                  0.00489832                  0.00487625 
                  0.00693593                  0.00686231                  0.00475259                  0.00466435                  0.00464332 
                  0.00660450                  0.00653438                  0.00452545                  0.00444141                  0.00442138 
                  0.00628872                  0.00622194                  0.00430903                  0.00422901                  0.00420993 
                  0.00598785                  0.00592426                  0.00410285                  0.00402664                  0.00400846 
                  0.00570122                  0.00564066                  0.00390641                  0.00383384                  0.00381653 
                  0.00542815                  0.00537048                  0.00371927                  0.00365016                  0.00363368 
                  0.00516802                  0.00511310                  0.00354100                  0.00347519                  0.00345949 
                  0.00492022                  0.00486792                  0.00337118                  0.00330851                  0.00329356 
                  0.00468417                  0.00463437                  0.00320941                  0.00314974                  0.00313550 
                  0.00445933                  0.00441191                  0.00305533                  0.00299851                  0.00298495 
                  0.00424517                  0.00420002                  0.00290856                  0.00285447                  0.00284155 
                  0.00404120                  0.00399820                  0.00276878                  0.00271728                  0.00270497 
                  0.00384692                  0.00380599                  0.00263564                  0.00258661                  0.00257489 
                  0.00366190                  0.00362292                  0.00250885                  0.00246216                  0.00245101 
                  0.00348568                  0.00344858                  0.00238810                  0.00234365                  0.00233302 
                  0.00331787                  0.00328254                  0.00227310                  0.00223078                  0.00222067 
                  0.00315807                  0.00312443                  0.00216359                  0.00212330                  0.00211367 
                  0.00300589                  0.00297386                  0.00205931                  0.00202096                  0.00201178 
                  0.00286097                  0.00283049                  0.00196001                  0.00192350                  0.00191476 
                  0.00272299                  0.00269397                  0.00186545                  0.00183070                  0.00182238 
                  0.00259160                  0.00256397                  0.00177542                  0.00174233                  0.00173442 
                  0.00246649                  0.00244019                  0.00168970                  0.00165820                  0.00165066 
                  0.00234738                  0.00232234                  0.00160808                  0.00157810                  0.00157092 
                  0.00223397                  0.00221014                  0.00153037                  0.00150183                  0.00149500 
                  0.00212600                  0.00210331                  0.00145638                  0.00142922                  0.00142271 
                  0.00202320                  0.00200161                  0.00138595                  0.00136009                  0.00135390 
                  0.00192534                  0.00190478                  0.00131889                  0.00129428                  0.00128839 
                  0.00183217                  0.00181261                  0.00125506                  0.00123163                  0.00122602 
                  0.00174348                  0.00172486                  0.00119429                  0.00117199                  0.00116665 
                  0.00165904                  0.00164132                  0.00113644                  0.00111522                  0.00111013 
                  0.00157867                  0.00156181                  0.00108137                  0.00106118                  0.00105633 
                  0.00150217                  0.00148611                  0.00102895                  0.00100973                  0.00100512 
                  0.00142934                  0.00141406                  0.00097906                  0.00096077                  0.00095638 
                  0.00136002                  0.00134548                  0.00093157                  0.00091416                  0.00090998 
                  0.00129404                  0.00128020                  0.00088636                  0.00086979                  0.00086582 
                  0.00123124                  0.00121807                  0.00084334                  0.00082757                  0.00082378 
                  0.00117147                  0.00115894                  0.00080239                  0.00078738                  0.00078378 
                  0.00111458                  0.00110265                  0.00076341                  0.00074913                  0.00074570 
                  0.00106043                  0.00104909                  0.00072632                  0.00071273                  0.00070947 
                  0.00100890                  0.00099810                  0.00069101                  0.00067808                  0.00067498 
                  0.00095986                  0.00094958                  0.00065742                  0.00064511                  0.00064216 
                  0.00091319                  0.00090341                  0.00062544                  0.00061373                  0.00061092 
                  0.00086877                  0.00085946                  0.00059502                  0.00058387                  0.00058120 
                  0.00082650                  0.00081765                  0.00056606                  0.00055546                  0.00055291 
                  0.00078628                  0.00077785                  0.00053850                  0.00052842                  0.00052599 
                  0.00074800                  0.00073998                  0.00051228                  0.00050268                  0.00050037 
                  0.00071157                  0.00070394                  0.00048733                  0.00047820                  0.00047600 
                  0.00067691                  0.00066965                  0.00046359                  0.00045490                  0.00045281 
                  0.00064393                  0.00063702                  0.00044099                  0.00043272                  0.00043074 
                  0.00061254                  0.00060597                  0.00041949                  0.00041163                  0.00040973 
                  0.00058268                  0.00057643                  0.00039904                  0.00039155                  0.00038975 
                  0.00055427                  0.00054832                  0.00037958                  0.00037246                  0.00037074 
                  0.00052723                  0.00052157                  0.00036106                  0.00035428                  0.00035265 
                  0.00050151                  0.00049612                  0.00034344                  0.00033699                  0.00033544 
                  0.00047703                  0.00047191                  0.00032667                  0.00032054                  0.00031906 
                  0.00045374                  0.00044887                  0.00031072                  0.00030489                  0.00030348 
                  0.00043159                  0.00042695                  0.00029555                  0.00029000                  0.00028866 
                  0.00041051                  0.00040610                  0.00028111                  0.00027583                  0.00027456 
                  0.00039046                  0.00038626                  0.00026738                  0.00026235                  0.00026114 
                  0.00037138                  0.00036739                  0.00025431                  0.00024953                  0.00024838 
                  0.00035323                  0.00034943                  0.00024188                  0.00023733                  0.00023623 
                  0.00033596                  0.00033235                  0.00023005                  0.00022573                  0.00022468 
                  0.00031953                  0.00031609                  0.00021880                  0.00021468                  0.00021369 
                  0.00030390                  0.00030063                  0.00020810                  0.00020418                  0.00020324 
                  0.00028904                  0.00028593                  0.00019791                  0.00019419                  0.00019329 
                  0.00027489                  0.00027194                  0.00018823                  0.00018469                  0.00018383 
                  0.00026144                  0.00025863                  0.00017901                  0.00017565                  0.00017483 
                  0.00024864                  0.00024597                  0.00017025                  0.00016705                  0.00016627 
                  0.00023647                  0.00023392                  0.00016191                  0.00015886                  0.00015813 
                  0.00022489                  0.00022247                  0.00015398                  0.00015108                  0.00015038 
                  0.00021387                  0.00021157                  0.00014644                  0.00014368                  0.00014301 
                  0.00020339                  0.00020120                  0.00013926                  0.00013664                  0.00013601 
                  0.00019343                  0.00019134                  0.00013244                  0.00012994                  0.00012934 
                  0.00018395                  0.00018196                  0.00012594                  0.00012357                  0.00012300 
                  0.00017493                  0.00017304                  0.00011977                  0.00011751                  0.00011697 
                  0.00016635                  0.00016456                  0.00011390                  0.00011175                  0.00011123 
                  0.00015819                  0.00015649                  0.00010831                  0.00010627                  0.00010578 
                  0.00015044                  0.00014881                  0.00010300                  0.00010105                  0.00010059 
                  0.00014306                  0.00014151                  0.00009794                  0.00009610                  0.00009565 
                  0.00013604                  0.00013457                  0.00009314                  0.00009138                  0.00009096 
                  0.00012936                  0.00012796                  0.00008856                  0.00008689                  0.00008649 
                  0.00012301                  0.00012168                  0.00008422                  0.00008263                  0.00008224 
                  0.00011697                  0.00011571                  0.00008008                  0.00007857                  0.00007821 
                  0.00011123                  0.00011003                  0.00007615                  0.00007471                  0.00007436 
                  0.00010577                  0.00010462                  0.00007241                  0.00007104                  0.00007071 
                  0.00010057                  0.00009948                  0.00006885                  0.00006755                  0.00006724 
                  0.00009563                  0.00009460                  0.00006547                  0.00006423                  0.00006393 
                  0.00009093                  0.00008995                  0.00006225                  0.00006108                  0.00006079 
                  0.00008646                  0.00008553                  0.00005919                  0.00005807                  0.00005780 
                  0.00008221                  0.00008132                  0.00005628                  0.00005522                  0.00005496 
                  0.00007817                  0.00007733                  0.00005352                  0.00005250                  0.00005226 
                  0.00007433                  0.00007353                  0.00005088                  0.00004992                  0.00004969 
                  0.00007067                  0.00006991                  0.00004838                  0.00004747                  0.00004725 
                  0.00006720                  0.00006647                  0.00004600                  0.00004513                  0.00004492 
                  0.00006389                  0.00006320                  0.00004374                  0.00004291                  0.00004271 
                  0.00006075                  0.00006009                  0.00004159                  0.00004080                  0.00004061 
                  0.00005776                  0.00005714                  0.00003954                  0.00003879                  0.00003861 
                  0.00005492                  0.00005432                  0.00003759                  0.00003688                  0.00003671 
                  0.00005221                  0.00005165                  0.00003574                  0.00003507                  0.00003490 
                  0.00004964                  0.00004911                  0.00003398                  0.00003334                  0.00003319 
                  0.00004720                  0.00004669                  0.00003231                  0.00003170                  0.00003155 
                  0.00004488                  0.00004439                  0.00003072                  0.00003014                  0.00003000 
                  0.00004267                  0.00004221                  0.00002921                  0.00002865                  0.00002852 
                  0.00004057                  0.00004013                  0.00002777                  0.00002724                  0.00002712 
                  0.00003857                  0.00003815                  0.00002640                  0.00002590                  0.00002578 
                  0.00003667                  0.00003627                  0.00002510                  0.00002462                  0.00002451 
                  0.00003486                  0.00003448                  0.00002386                  0.00002341                  0.00002330 
                  0.00003314                  0.00003278                  0.00002269                  0.00002226                  0.00002215 
                  0.00003151                  0.00003117                  0.00002157                  0.00002116                  0.00002106 
                  0.00002996                  0.00002963                  0.00002051                  0.00002012                  0.00002002 
                  0.00002848                  0.00002817                  0.00001949                  0.00001913                  0.00001904 
                  0.00002708                  0.00002678                  0.00001853                  0.00001818                  0.00001810 
                  0.00002574                  0.00002546                  0.00001762                  0.00001729                  0.00001720 
                  0.00002447                  0.00002421                  0.00001675                  0.00001643                  0.00001636 
                  0.00002326                  0.00002301                  0.00001592                  0.00001562                  0.00001555 
                  0.00002212                  0.00002188                  0.00001514                  0.00001485                  0.00001478 
                  0.00002103                  0.00002080                  0.00001439                  0.00001412                  0.00001405 
                  0.00001999                  0.00001977                  0.00001368                  0.00001342                  0.00001336 
                  0.00001900                  0.00001880                  0.00001301                  0.00001276                  0.00001270 
                  0.00001807                  0.00001787                  0.00001236                  0.00001213                  0.00001207 
                  0.00001717                  0.00001699                  0.00001175                  0.00001153                  0.00001148 
                  0.00001633                  0.00001615                  0.00001117                  0.00001096                  0.00001091 
                  0.00001552                  0.00001535                  0.00001062                  0.00001042                  0.00001037 
                  0.00001475                  0.00001459                  0.00001010                  0.00000991                  0.00000986 
                  0.00001403                  0.00001387                  0.00000960                  0.00000942                  0.00000937 
                  0.00001333                  0.00001319                  0.00000913                  0.00000895                  0.00000891 
                  0.00001267                  0.00001254                  0.00000867                  0.00000851                  0.00000847 
                  0.00001205                  0.00001192                  0.00000825                  0.00000809                  0.00000805 
                  0.00001145                  0.00001133                  0.00000784                  0.00000769                  0.00000765 
                  0.00001089                  0.00001077                  0.00000745                  0.00000731                  0.00000728 
                  0.00001035                  0.00001024                  0.00000708                  0.00000695                  0.00000692 
                  0.00000984                  0.00000973                  0.00000673                  0.00000661                  0.00000657 
                  0.00000935                  0.00000925                  0.00000640                  0.00000628                  0.00000625 
                  0.00000889                  0.00000879                  0.00000608                  0.00000597                  0.00000594 
                  0.00000845                  0.00000836                  0.00000578                  0.00000567                  0.00000565 
                  0.00000803                  0.00000795                  0.00000550                  0.00000539                  0.00000537 
                  0.00000764                  0.00000755                  0.00000523                  0.00000513                  0.00000510 
                  0.00000726                  0.00000718                  0.00000497                  0.00000487                  0.00000485 
                  0.00000690                  0.00000683                  0.00000472                  0.00000463                  0.00000461 
                  0.00000656                  0.00000649                  0.00000449                  0.00000440                  0.00000438 
                  0.00000623                  0.00000617                  0.00000427                  0.00000419                  0.00000417 
                  0.00000593                  0.00000586                  0.00000406                  0.00000398                  0.00000396 
                  0.00000563                  0.00000557                  0.00000386                  0.00000378                  0.00000376 
                  0.00000535                  0.00000530                  0.00000366                  0.00000359                  0.00000358 
                  0.00000509                  0.00000503                  0.00000348                  0.00000342                  0.00000340 
                  0.00000484                  0.00000479                  0.00000331                  0.00000325                  0.00000323 
                  0.00000460                  0.00000455                  0.00000315                  0.00000309                  0.00000307 
                  0.00000437                  0.00000432                  0.00000299                  0.00000293                  0.00000292 
                  0.00000415                  0.00000411                  0.00000284                  0.00000279                  0.00000278 
                  0.00000395                  0.00000391                  0.00000270                  0.00000265                  0.00000264 
                  0.00000375                  0.00000371                  0.00000257                  0.00000252                  0.00000251 
                  0.00000357                  0.00000353                  0.00000244                  0.00000240                  0.00000238 
                  0.00000339                  0.00000335                  0.00000232                  0.00000228                  0.00000227 
                  0.00000322                  0.00000319                  0.00000221                  0.00000216                  0.00000215 
                  0.00000306                  0.00000303                  0.00000210                  0.00000206                  0.00000205 
                  0.00000291                  0.00000288                  0.00000199                  0.00000196                  0.00000195 
                  0.00000277                  0.00000274                  0.00000189                  0.00000186                  0.00000185 
                  0.00000263                  0.00000260                  0.00000180                  0.00000177                  0.00000176 
                  0.00000250                  0.00000247                  0.00000171                  0.00000168                  0.00000167 
                  0.00000238                  0.00000235                  0.00000163                  0.00000160                  0.00000159 
                  0.00000226                  0.00000223                  0.00000155                  0.00000152                  0.00000151 
                  0.00000215                  0.00000212                  0.00000147                  0.00000144                  0.00000143 
                  0.00000204                  0.00000202                  0.00000140                  0.00000137                  0.00000136 
                  0.00000194                  0.00000192                  0.00000133                  0.00000130                  0.00000130 
                  0.00000184                  0.00000182                  0.00000126                  0.00000124                  0.00000123 
                  0.00000175                  0.00000173                  0.00000120                  0.00000118                  0.00000117 
                  0.00000167                  0.00000165                  0.00000114                  0.00000112                  0.00000111 
                  0.00000158                  0.00000157                  0.00000108                  0.00000106                  0.00000106 
                  0.00000150                  0.00000149                  0.00000103                  0.00000101                  0.00000101 
                  0.00000143                  0.00000141                  0.00000098                  0.00000096                  0.00000096 
                  0.00000136                  0.00000134                  0.00000093                  0.00000091                  0.00000091 
                  0.00000129                  0.00000128                  0.00000088                  0.00000087                  0.00000086 
                  0.00000123                  0.00000121                  0.00000084                  0.00000082                  0.00000082 
                  0.00000117                  0.00000115                  0.00000080                  0.00000078                  0.00000078 
                  0.00000111                  0.00000110                  0.00000076                  0.00000074                  0.00000074 
                  0.00000105                  0.00000104                  0.00000072                  0.00000071                  0.00000070 
                  0.00000100                  0.00000099                  0.00000069                  0.00000067                  0.00000067 
                  0.00000095                  0.00000094                  0.00000065                  0.00000064                  0.00000064 
                  0.00000091                  0.00000090                  0.00000062                  0.00000061                  0.00000060 
                  0.00000086                  0.00000085                  0.00000059                  0.00000058                  0.00000057 
                  0.00000082                  0.00000081                  0.00000056                  0.00000055                  0.00000055 
                  0.00000078                  0.00000077                  0.00000053                  0.00000052                  0.00000052 
                  0.00000074                  0.00000073                  0.00000051                  0.00000050                  0.00000049 
                  0.00000070                  0.00000069                  0.00000048                  0.00000047                  0.00000047 
                  0.00000067                  0.00000066                  0.00000046                  0.00000045                  0.00000045 
                  0.00000063                  0.00000063                  0.00000043                  0.00000043                  0.00000042 
                  0.00000060                  0.00000060                  0.00000041                  0.00000040                  0.00000040 
                  0.00000057                  0.00000057                  0.00000039                  0.00000038                  0.00000038 
                  0.00000054                  0.00000054                  0.00000037                  0.00000037                  0.00000036 
                  0.00000052                  0.00000051                  0.00000035                  0.00000035                  0.00000035 
                  0.00000049                  0.00000049                  0.00000034                  0.00000033                  0.00000033 
                  0.00000047                  0.00000046                  0.00000032                  0.00000031                  0.00000031 
                  0.00000044                  0.00000044                  0.00000030                  0.00000030                  0.00000030 
                  0.00000042                  0.00000042                  0.00000029                  0.00000028                  0.00000028 
                  0.00000040                  0.00000040                  0.00000027                  0.00000027                  0.00000027 
                  0.00000038                  0.00000038                  0.00000026                  0.00000026                  0.00000025 
                  0.00000036                  0.00000036                  0.00000025                  0.00000024                  0.00000024 
                  0.00000034                  0.00000034                  0.00000024                  0.00000023                  0.00000023 
                  0.00000033                  0.00000032                  0.00000022                  0.00000022                  0.00000022 
                  0.00000031                  0.00000031                  0.00000021                  0.00000021                  0.00000021 
                  0.00000030                  0.00000029                  0.00000020                  0.00000020                  0.00000020 
                  0.00000028                  0.00000028                  0.00000019                  0.00000019                  0.00000019 
                  0.00000027                  0.00000026                  0.00000018                  0.00000018                  0.00000018 
                  0.00000025                  0.00000025                  0.00000017                  0.00000017                  0.00000017 
                  0.00000024                  0.00000024                  0.00000017                  0.00000016                  0.00000016 
                  0.00000023                  0.00000023                  0.00000016                  0.00000015                  0.00000015 
                  0.00000022                  0.00000022                  0.00000015                  0.00000015                  0.00000015 
                  0.00000021                  0.00000020                  0.00000014                  0.00000014                  0.00000014 
                  0.00000020                  0.00000019                  0.00000013                  0.00000013                  0.00000013 
                  0.00000019                  0.00000018                  0.00000013                  0.00000013                  0.00000012 
                  0.00000018                  0.00000018                  0.00000012                  0.00000012                  0.00000012 
                  0.00000017                  0.00000017                  0.00000012                  0.00000011                  0.00000011 
                  0.00000016                  0.00000016                  0.00000011                  0.00000011                  0.00000011 
                  0.00000015                  0.00000015                  0.00000010                  0.00000010                  0.00000010 
                  0.00000014                  0.00000014                  0.00000010                  0.00000010                  0.00000010 
                  0.00000014                  0.00000014                  0.00000009                  0.00000009                  0.00000009 
                  0.00000013                  0.00000013                  0.00000009                  0.00000009                  0.00000009 
                  0.00000012                  0.00000012                  0.00000009                  0.00000008                  0.00000008 
                  0.00000012                  0.00000012                  0.00000008                  0.00000008                  0.00000008 
                  0.00000011                  0.00000011                  0.00000008                  0.00000008                  0.00000008 
                  0.00000011                  0.00000011                  0.00000007                  0.00000007                  0.00000007 
                  0.00000010                  0.00000010                  0.00000007                  0.00000007                  0.00000007 
                  0.00000010                  0.00000010                  0.00000007                  0.00000006                  0.00000006 
                  0.00000009                  0.00000009                  0.00000006                  0.00000006                  0.00000006 
                  0.00000009                  0.00000009                  0.00000006                  0.00000006                  0.00000006 
                  0.00000008                  0.00000008                  0.00000006                  0.00000006                  0.00000006 
                  0.00000008                  0.00000008                  0.00000005                  0.00000005                  0.00000005 
                  0.00000007                  0.00000007                  0.00000005                  0.00000005                  0.00000005 
                  0.00000007                  0.00000007                  0.00000005                  0.00000005                  0.00000005 
