                  0.00000000                  0.00000000                  0.00000000                  0.00000000                  0.00000000                  0.00000000                  0.00000000                  0.00000000                  0.00000000                  0.00000000 
                  0.00000000                  0.00000000                  0.00000000                  0.00000000                  0.00000000 
                  0.00000000                  0.00000000                  0.00000000                  0.00000000                  0.00000000 
                  0.00000000                  0.00000000                  0.00000000                  0.00000000                  0.00000000 
                  0.00000000                  0.00000000                  0.00000000                  0.00000000                  0.00000000 
                  0.00000000                  0.00000000                  0.00000000                  0.00000000                  0.00000000 
                  0.00000000                  0.00000000                  0.00000000                  0.00000000                  0.00000000 
                  0.00000000                  0.00000000                  0.00000000                  0.00000000                  0.00000000 
                  0.00000000                  0.00000000                  0.00000000                  0.00000000                  0.00000000 
                  0.00000000                  0.00000000                  0.00000000                  0.00000000                  0.00000000 
                  0.00000000                  0.00000000                  0.00000000                  0.00000000                  0.00000000 
                  0.00000000                  0.00000000                  0.00000000                  0.00000000                  0.00000000 
                  0.00000000                  0.00000000                  0.00000000                  0.00000000                  0.00000000 
                  0.00000000                  0.00000000                  0.00000000                  0.00000000                  0.00000000 
                  0.00000000                  0.00000000                  0.00000000                  0.00000000                  0.00000000 
                  0.00000000                  0.00000000                  0.00000000                  0.00000000                  0.00000000 
                  0.00000000                  0.00000000                  0.00000000                  0.00000000                  0.00000000 
                  0.00000000                  0.00000000                  0.00000000                  0.00000000                  0.00000000 
                  0.00000000                  0.00000000                  0.00000000                  0.00000000                  0.00000000 
                  0.00000000                  0.00000000                  0.00000000                  0.00000000                  0.00000000 
                  0.00000000                  0.00000000                  0.00000000                  0.00000000                  0.00000000 
                  0.00000000                  0.00000000                  0.00000000                  0.00000000                  0.00000000 
                  0.00000000                  0.00000000                  0.00000000                  0.00000000                  0.00000000 
                  0.00000000                  0.00000000                  0.00000000                  0.00000000                  0.00000000 
                  0.00000000                  0.00000000                  0.00000000                  0.00000000                  0.00000000 
                  0.00000000                  0.00000000                  0.00000000                  0.00000000                  0.00000000 
                  0.00000000                  0.00000000                  0.00000000                  0.00000000                  0.00000000 
                  0.00000000                  0.00000000                  0.00000000                  0.00000000                  0.00000000 
                  0.00000000                  0.00000000                  0.00000000                  0.00000000                  0.00000000 
                  0.00000000                  0.00000000                  0.00000000                  0.00000000                  0.00000000 
                  0.00000000                  0.00000000                  0.00000000                  0.00000000                  0.00000000 
                  0.00000000                  0.00000000                  0.00000000                  0.00000000                  0.00000000 
                  0.00000000                  0.00000000                  0.00000000                  0.00000000                  0.00000000 
                  0.00000000                  0.00000000                  0.00000000                  0.00000000                  0.00000000 
                  0.00000000                  0.00000000                  0.00000000                  0.00000000                  0.00000000 
                  0.00000000                  0.00000000                  0.00000000                  0.00000000                  0.00000000 
                  0.00000000                  0.00000000                  0.00000000                  0.00000000                  0.00000000 
                  0.00000000                  0.00000000                  0.00000000                  0.00000000                  0.00000000 
                  0.00000000                  0.00000000                  0.00000000                  0.00000000                  0.00000000 
                  0.00000000                  0.00000000                  0.00000000                  0.00000000                  0.00000000 
                  0.00000000                  0.00000000                  0.00000000                  0.00000000                  0.00000000 
                  0.00000000                  0.00000000                  0.00000000                  0.00000000                  0.00000000 
                  0.00000000                  0.00000000                  0.00000000                  0.00000000                  0.00000000 
                  0.00000000                  0.00000000                  0.00000000                  0.00000000                  0.00000000 
                  0.00000000                  0.00000000                  0.00000000                  0.00000000                  0.00000000 
                  0.00000000                  0.00000000                  0.00000000                  0.00000000                  0.00000000 
                  0.00000000                  0.00000000                  0.00000000                  0.00000000                  0.00000000 
                  0.00000000                  0.00000000                  0.00000000                  0.00000000                  0.00000000 
                  0.00000000                  0.00000000                  0.00000000                  0.00000000                  0.00000000 
                  0.00000000                  0.00000000                  0.00000000                  0.00000000                  0.00000000 
                  0.00000000                  0.00000000                  0.00000000                  0.00000000                  0.00000000 
                  0.00000000                  0.00000000                  0.00000000                  0.00000000                  0.00000000 
                  0.00000000                  0.00000000                  0.00000000                  0.00000000                  0.00000000 
                  0.00000001                  0.00000001                  0.00000000                  0.00000000                  0.00000000 
                  0.00000001                  0.00000001                  0.00000001                  0.00000001                  0.00000001 
                  0.00000001                  0.00000001                  0.00000001                  0.00000001                  0.00000001 
                  0.00000001                  0.00000001                  0.00000001                  0.00000001                  0.00000001 
                  0.00000002                  0.00000001                  0.00000001                  0.00000001                  0.00000001 
                  0.00000002                  0.00000002                  0.00000001                  0.00000001                  0.00000001 
                  0.00000002                  0.00000002                  0.00000002                  0.00000002                  0.00000002 
                  0.00000003                  0.00000003                  0.00000002                  0.00000002                  0.00000002 
                  0.00000004                  0.00000004                  0.00000003                  0.00000002                  0.00000002 
                  0.00000004                  0.00000004                  0.00000003                  0.00000003                  0.00000003 
                  0.00000006                  0.00000005                  0.00000004                  0.00000004                  0.00000004 
                  0.00000007                  0.00000007                  0.00000005                  0.00000005                  0.00000005 
                  0.00000008                  0.00000008                  0.00000006                  0.00000006                  0.00000006 
                  0.00000010                  0.00000010                  0.00000007                  0.00000007                  0.00000007 
                  0.00000013                  0.00000013                  0.00000009                  0.00000009                  0.00000009 
                  0.00000016                  0.00000016                  0.00000011                  0.00000011                  0.00000011 
                  0.00000019                  0.00000019                  0.00000013                  0.00000013                  0.00000013 
                  0.00000024                  0.00000024                  0.00000016                  0.00000016                  0.00000016 
                  0.00000029                  0.00000029                  0.00000020                  0.00000020                  0.00000020 
                  0.00000036                  0.00000035                  0.00000025                  0.00000025                  0.00000024 
                  0.00000044                  0.00000043                  0.00000030                  0.00000030                  0.00000030 
                  0.00000053                  0.00000052                  0.00000037                  0.00000036                  0.00000036 
                  0.00000064                  0.00000064                  0.00000045                  0.00000044                  0.00000044 
                  0.00000078                  0.00000077                  0.00000054                  0.00000054                  0.00000054 
                  0.00000095                  0.00000094                  0.00000066                  0.00000065                  0.00000065 
                  0.00000115                  0.00000114                  0.00000079                  0.00000079                  0.00000079 
                  0.00000139                  0.00000137                  0.00000096                  0.00000096                  0.00000095 
                  0.00000168                  0.00000166                  0.00000116                  0.00000115                  0.00000115 
                  0.00000202                  0.00000200                  0.00000140                  0.00000139                  0.00000139 
                  0.00000244                  0.00000240                  0.00000168                  0.00000167                  0.00000167 
                  0.00000293                  0.00000289                  0.00000202                  0.00000201                  0.00000200 
                  0.00000351                  0.00000347                  0.00000243                  0.00000241                  0.00000241 
                  0.00000421                  0.00000415                  0.00000291                  0.00000289                  0.00000288 
                  0.00000503                  0.00000497                  0.00000348                  0.00000345                  0.00000345 
                  0.00000601                  0.00000593                  0.00000415                  0.00000413                  0.00000412 
                  0.00000717                  0.00000708                  0.00000495                  0.00000492                  0.00000491 
                  0.00000854                  0.00000843                  0.00000589                  0.00000586                  0.00000584 
                  0.00001015                  0.00001002                  0.00000701                  0.00000696                  0.00000695 
                  0.00001205                  0.00001189                  0.00000832                  0.00000827                  0.00000825 
                  0.00001428                  0.00001410                  0.00000986                  0.00000980                  0.00000977 
                  0.00001691                  0.00001669                  0.00001167                  0.00001160                  0.00001157 
                  0.00001998                  0.00001972                  0.00001379                  0.00001370                  0.00001367 
                  0.00002358                  0.00002327                  0.00001628                  0.00001617                  0.00001612 
                  0.00002778                  0.00002741                  0.00001918                  0.00001905                  0.00001900 
                  0.00003269                  0.00003225                  0.00002256                  0.00002241                  0.00002235 
                  0.00003840                  0.00003788                  0.00002650                  0.00002632                  0.00002624 
                  0.00004504                  0.00004443                  0.00003108                  0.00003087                  0.00003078 
                  0.00005275                  0.00005204                  0.00003639                  0.00003614                  0.00003604 
                  0.00006168                  0.00006085                  0.00004255                  0.00004226                  0.00004214 
                  0.00007202                  0.00007104                  0.00004968                  0.00004934                  0.00004920 
                  0.00008397                  0.00008282                  0.00005792                  0.00005751                  0.00005735 
                  0.00009775                  0.00009641                  0.00006742                  0.00006694                  0.00006675 
                  0.00011361                  0.00011206                  0.00007836                  0.00007780                  0.00007757 
                  0.00013186                  0.00013004                  0.00009093                  0.00009028                  0.00009001 
                  0.00015280                  0.00015069                  0.00010537                  0.00010460                  0.00010429 
                  0.00017680                  0.00017436                  0.00012191                  0.00012102                  0.00012065 
                  0.00020427                  0.00020143                  0.00014084                  0.00013980                  0.00013937 
                  0.00023565                  0.00023236                  0.00016246                  0.00016125                  0.00016076 
                  0.00027143                  0.00026763                  0.00018711                  0.00018571                  0.00018514 
                  0.00031218                  0.00030780                  0.00021519                  0.00021356                  0.00021290 
                  0.00035850                  0.00035345                  0.00024710                  0.00024521                  0.00024445 
                  0.00041108                  0.00040527                  0.00028332                  0.00028113                  0.00028025 
                  0.00047066                  0.00046398                  0.00032435                  0.00032183                  0.00032082 
                  0.00053806                  0.00053040                  0.00037077                  0.00036787                  0.00036670 
                  0.00061418                  0.00060542                  0.00042320                  0.00041986                  0.00041851 
                  0.00070002                  0.00069000                  0.00048231                  0.00047847                  0.00047693 
                  0.00079666                  0.00078522                  0.00054885                  0.00054445                  0.00054268 
                  0.00090528                  0.00089223                  0.00062363                  0.00061859                  0.00061656 
                  0.00102715                  0.00101230                  0.00070753                  0.00070177                  0.00069945 
                  0.00116368                  0.00114680                  0.00080151                  0.00079493                  0.00079229 
                  0.00131638                  0.00129721                  0.00090661                  0.00089911                  0.00089611 
                  0.00148688                  0.00146515                  0.00102396                  0.00101542                  0.00101200 
                  0.00167693                  0.00165235                  0.00115475                  0.00114505                  0.00114116 
                  0.00188843                  0.00186066                  0.00130029                  0.00128928                  0.00128487 
                  0.00212342                  0.00209209                  0.00146198                  0.00144950                  0.00144451 
                  0.00238406                  0.00234877                  0.00164130                  0.00162719                  0.00162155 
                  0.00267268                  0.00263298                  0.00183985                  0.00182391                  0.00181755 
                  0.00299174                  0.00294716                  0.00205933                  0.00204136                  0.00203418 
                  0.00334386                  0.00329388                  0.00230152                  0.00228129                  0.00227321 
                  0.00373183                  0.00367586                  0.00256835                  0.00254560                  0.00253652 
                  0.00415856                  0.00409599                  0.00286182                  0.00283628                  0.00282609 
                  0.00462714                  0.00455729                  0.00318403                  0.00315541                  0.00314399 
                  0.00514081                  0.00506296                  0.00353722                  0.00350518                  0.00349241 
                  0.00570295                  0.00561630                  0.00392370                  0.00388790                  0.00387363 
                  0.00631709                  0.00622080                  0.00434589                  0.00430594                  0.00429003 
                  0.00698688                  0.00688004                  0.00480630                  0.00476179                  0.00474408 
                  0.00771613                  0.00759776                  0.00530754                  0.00525803                  0.00523833 
                  0.00850875                  0.00837780                  0.00585228                  0.00579729                  0.00577542 
                  0.00936876                  0.00922410                  0.00644328                  0.00638229                  0.00635805 
                  0.01030027                  0.01014073                  0.00708336                  0.00701583                  0.00698900 
                  0.01130748                  0.01113178                  0.00777539                  0.00770073                  0.00767107 
                  0.01239464                  0.01220143                  0.00852229                  0.00843986                  0.00840713 
                  0.01356604                  0.01335389                  0.00932698                  0.00923612                  0.00920006 
                  0.01482599                  0.01459340                  0.01019243                  0.01009242                  0.01005274 
                  0.01617878                  0.01592417                  0.01112156                  0.01101166                  0.01096806 
                  0.01762868                  0.01735037                  0.01211729                  0.01199670                  0.01194887 
                  0.01917989                  0.01887613                  0.01318249                  0.01305036                  0.01299798 
                  0.02083649                  0.02050546                  0.01431996                  0.01417542                  0.01411813 
                  0.02260247                  0.02224225                  0.01553241                  0.01537453                  0.01531197 
                  0.02448162                  0.02409023                  0.01682244                  0.01665024                  0.01658203 
                  0.02647755                  0.02605291                  0.01819250                  0.01800498                  0.01793071 
                  0.02859360                  0.02813360                  0.01964488                  0.01944097                  0.01936023 
                  0.03083286                  0.03033528                  0.02118167                  0.02096027                  0.02087264 
                  0.03319808                  0.03266067                  0.02280474                  0.02256473                  0.02246975 
                  0.03569164                  0.03511207                  0.02451573                  0.02425591                  0.02415313 
                  0.03831554                  0.03769143                  0.02631595                  0.02603513                  0.02592407 
                  0.04107130                  0.04040024                  0.02820645                  0.02790339                  0.02778356 
                  0.04395996                  0.04323950                  0.03018793                  0.02986136                  0.02973225 
                  0.04698206                  0.04620969                  0.03226072                  0.03190934                  0.03177045 
                  0.05013753                  0.04931075                  0.03442476                  0.03404725                  0.03389806 
                  0.05342570                  0.05254200                  0.03667957                  0.03627460                  0.03611459 
                  0.05684528                  0.05590215                  0.03902424                  0.03859046                  0.03841910 
                  0.06039426                  0.05938920                  0.04145738                  0.04099344                  0.04081020 
                  0.06406998                  0.06300050                  0.04397712                  0.04348168                  0.04328602 
                  0.06786900                  0.06673266                  0.04658110                  0.04605279                  0.04584419 
                  0.07178713                  0.07058155                  0.04926642                  0.04870391                  0.04848185 
                  0.07581941                  0.07454228                  0.05202966                  0.05143164                  0.05119559 
                  0.07996011                  0.07860916                  0.05486687                  0.05423204                  0.05398150 
                  0.08420266                  0.08277576                  0.05777351                  0.05710064                  0.05683511 
                  0.08853973                  0.08703484                  0.06074456                  0.06003242                  0.05975141 
                  0.09296318                  0.09137838                  0.06377441                  0.06302181                  0.06272488 
                  0.09746407                  0.09579761                  0.06685692                  0.06606275                  0.06574945 
                  0.10203269                  0.10028294                  0.06998541                  0.06914863                  0.06881855 
                  0.10665859                  0.10482408                  0.07315270                  0.07227234                  0.07192510 
                  0.11133057                  0.10941008                  0.07635111                  0.07542627                  0.07506153 
                  0.11603678                  0.11402921                  0.07957252                  0.07860238                  0.07821982 
                  0.12076471                  0.11866919                  0.08280832                  0.08179220                  0.08139153 
                  0.12550123                  0.12331715                  0.08604952                  0.08498681                  0.08456780 
                  0.13023269                  0.12795967                  0.08928676                  0.08817696                  0.08773943 
                  0.13494496                  0.13258283                  0.09251036                  0.09135310                  0.09089690 
                  0.13962349                  0.13717237                  0.09571034                  0.09450538                  0.09403040 
                  0.14425337                  0.14171365                  0.09887648                  0.09762372                  0.09712993 
                  0.14881943                  0.14619178                  0.10199843                  0.10069788                  0.10018527 
                  0.15330634                  0.15059169                  0.10506564                  0.10371749                  0.10318613 
                  0.15769863                  0.15489818                  0.10806757                  0.10667212                  0.10612214 
                  0.16198084                  0.15909612                  0.11099364                  0.10955136                  0.10898293 
                  0.16613759                  0.16317043                  0.11383330                  0.11234482                  0.11175819 
                  0.17015368                  0.16710617                  0.11657616                  0.11504227                  0.11443773 
                  0.17401414                  0.17088866                  0.11921202                  0.11763363                  0.11701156 
                  0.17770436                  0.17450362                  0.12173089                  0.12010909                  0.11946993 
                  0.18121023                  0.17793719                  0.12412309                  0.12245914                  0.12180339 
                  0.18451816                  0.18117602                  0.12637937                  0.12467469                  0.12400286 
                  0.18761514                  0.18420744                  0.12849087                  0.12674700                  0.12605971 
                  0.19048895                  0.18701944                  0.13044924                  0.12866785                  0.12796581 
                  0.19312811                  0.18960081                  0.13224664                  0.13042963                  0.12971354 
                  0.19552206                  0.19194120                  0.13387592                  0.13202526                  0.13129586 
                  0.19766113                  0.19403119                  0.13533048                  0.13344827                  0.13270642 
                  0.19953674                  0.19586235                  0.13660447                  0.13469295                  0.13393955 
                  0.20114136                  0.19742736                  0.13769278                  0.13575433                  0.13499027 
                  0.20246853                  0.19871990                  0.13859101                  0.13662812                  0.13585441 
                  0.20351300                  0.19973490                  0.13929564                  0.13731088                  0.13652851 
                  0.20427071                  0.20046833                  0.13980396                  0.13779995                  0.13700995 
                  0.20473883                  0.20091754                  0.14011405                  0.13809353                  0.13729699 
                  0.20491579                  0.20108101                  0.14022487                  0.13819066                  0.13738865 
                  0.20480125                  0.20095845                  0.14013624                  0.13809119                  0.13728485 
                  0.20439613                  0.20055079                  0.13984883                  0.13779587                  0.13698632 
                  0.20370263                  0.19986024                  0.13936418                  0.13730621                  0.13649461 
                  0.20272411                  0.19889018                  0.13868465                  0.13662460                  0.13581212 
                  0.20146517                  0.19764514                  0.13781342                  0.13575426                  0.13494207 
                  0.19993159                  0.19613080                  0.13675451                  0.13469914                  0.13388841 
                  0.19813021                  0.19435397                  0.13551262                  0.13346398                  0.13265586 
                  0.19606900                  0.19232249                  0.13409324                  0.13205419                  0.13124985 
                  0.19375694                  0.19004518                  0.13250256                  0.13047594                  0.12967645 
                  0.19120389                  0.18753175                  0.13074735                  0.12873596                  0.12794240 
                  0.18842068                  0.18479288                  0.12883505                  0.12684157                  0.12605503 
                  0.18541889                  0.18183991                  0.12677357                  0.12480067                  0.12402219 
                  0.18221079                  0.17868496                  0.12457137                  0.12262161                  0.12185219 
                  0.17880937                  0.17534074                  0.12223737                  0.12031317                  0.11955374 
                  0.17522807                  0.17182054                  0.11978075                  0.11788446                  0.11713596 
                  0.17148086                  0.16813806                  0.11721113                  0.11534494                  0.11460824 
                  0.16758208                  0.16430733                  0.11453827                  0.11270432                  0.11198024 
                  0.16354632                  0.16034272                  0.11177223                  0.10997245                  0.10926178 
                  0.15938842                  0.15625876                  0.10892311                  0.10715931                  0.10646277 
                  0.15512326                  0.15207008                  0.10600112                  0.10427499                  0.10359325 
                  0.15076578                  0.14779131                  0.10301648                  0.10132955                  0.10066321 
                  0.14633080                  0.14343706                  0.09997936                  0.09833300                  0.09768264 
                  0.14183310                  0.13902172                  0.09689981                  0.09529527                  0.09466136 
                  0.13728711                  0.13455953                  0.09378773                  0.09222611                  0.09160907 
                  0.13270704                  0.13006440                  0.09065281                  0.08913505                  0.08853526 
                  0.12810673                  0.12554988                  0.08750451                  0.08603140                  0.08544918 
                  0.12349956                  0.12102909                  0.08435198                  0.08292414                  0.08235975 
                  0.11889846                  0.11651468                  0.08120404                  0.07982195                  0.07927558 
                  0.11431577                  0.11201876                  0.07806912                  0.07673313                  0.07620493 
                  0.10976328                  0.10755286                  0.07495524                  0.07366558                  0.07315563 
                  0.10525215                  0.10312793                  0.07187004                  0.07062678                  0.07013510 
                  0.10079288                  0.09875423                  0.06882068                  0.06762375                  0.06715032 
                  0.09639527                  0.09444135                  0.06581383                  0.06466305                  0.06420782 
                  0.09206843                  0.09019822                  0.06285569                  0.06175076                  0.06131362 
                  0.08782072                  0.08603302                  0.05995198                  0.05889248                  0.05847326 
                  0.08365978                  0.08195321                  0.05710790                  0.05609331                  0.05569179 
                  0.07959251                  0.07796554                  0.05432813                  0.05335783                  0.05297378 
                  0.07562508                  0.07407603                  0.05161687                  0.05069014                  0.05032329 
                  0.07176289                  0.07028998                  0.04897780                  0.04809385                  0.04774387 
                  0.06801067                  0.06661196                  0.04641410                  0.04557206                  0.04523862 
                  0.06437239                  0.06304588                  0.04392850                  0.04312741                  0.04281016 
                  0.06085137                  0.05959496                  0.04152324                  0.04076210                  0.04046062 
                  0.05745025                  0.05626176                  0.03920009                  0.03847782                  0.03819171 
                  0.05417101                  0.05304822                  0.03696040                  0.03627590                  0.03600473 
                  0.05101506                  0.04995568                  0.03480510                  0.03415723                  0.03390053 
                  0.04798319                  0.04698490                  0.03273471                  0.03212230                  0.03187960 
                  0.04507566                  0.04413614                  0.03074940                  0.03017122                  0.02994207 
                  0.04229221                  0.04140910                  0.02884897                  0.02830380                  0.02808770 
                  0.03963211                  0.03880306                  0.02703291                  0.02651951                  0.02631596 
                  0.03709416                  0.03631684                  0.02530038                  0.02481750                  0.02462603 
                  0.03467679                  0.03394886                  0.02365030                  0.02319668                  0.02301678 
                  0.03237805                  0.03169722                  0.02208131                  0.02165570                  0.02148689 
                  0.03019565                  0.02955964                  0.02059184                  0.02019300                  0.02003479 
                  0.02812700                  0.02753359                  0.01918012                  0.01880681                  0.01865871 
                  0.02616928                  0.02561627                  0.01784418                  0.01749520                  0.01735673 
                  0.02431940                  0.02380466                  0.01658194                  0.01625608                  0.01612677 
                  0.02257412                  0.02209557                  0.01539115                  0.01508725                  0.01496664 
                  0.02093002                  0.02048564                  0.01426947                  0.01398638                  0.01387401 
                  0.01938355                  0.01897137                  0.01321446                  0.01295107                  0.01284651 
                  0.01793105                  0.01754920                  0.01222364                  0.01197886                  0.01188168 
                  0.01656882                  0.01621547                  0.01129446                  0.01106723                  0.01097701 
                  0.01529309                  0.01496648                  0.01042433                  0.01021364                  0.01012997 
                  0.01410006                  0.01379851                  0.00961066                  0.00941553                  0.00933803 
                  0.01298594                  0.01270785                  0.00885086                  0.00867034                  0.00859863 
                  0.01194696                  0.01169078                  0.00814235                  0.00797552                  0.00790926 
                  0.01097938                  0.01074364                  0.00748256                  0.00732857                  0.00726739 
                  0.01007951                  0.00986282                  0.00686899                  0.00672700                  0.00667058 
                  0.00924374                  0.00904477                  0.00629915                  0.00616836                  0.00611639 
                  0.00846851                  0.00828601                  0.00577062                  0.00565029                  0.00560247 
                  0.00775039                  0.00758317                  0.00528105                  0.00517045                  0.00512650 
                  0.00708602                  0.00693297                  0.00482816                  0.00472661                  0.00468624 
                  0.00647215                  0.00633221                  0.00440971                  0.00431657                  0.00427954 
                  0.00590566                  0.00577783                  0.00402358                  0.00393824                  0.00390431 
                  0.00538354                  0.00526689                  0.00366771                  0.00358959                  0.00355853 
                  0.00490289                  0.00479655                  0.00334012                  0.00326869                  0.00324028 
                  0.00446095                  0.00436411                  0.00303893                  0.00297368                  0.00294773 
                  0.00405508                  0.00396697                  0.00276234                  0.00270279                  0.00267910 
                  0.00368278                  0.00360269                  0.00250864                  0.00245434                  0.00243274 
                  0.00334166                  0.00326892                  0.00227619                  0.00222673                  0.00220705 
                  0.00302945                  0.00296346                  0.00206346                  0.00201844                  0.00200054 
                  0.00274403                  0.00268421                  0.00186899                  0.00182806                  0.00181178 
                  0.00248338                  0.00242921                  0.00169140                  0.00165422                  0.00163943 
                  0.00224561                  0.00219659                  0.00152941                  0.00149566                  0.00148224 
                  0.00202894                  0.00198462                  0.00138180                  0.00135120                  0.00133902 
                  0.00183169                  0.00179166                  0.00124743                  0.00121970                  0.00120867 
                  0.00165232                  0.00161619                  0.00112524                  0.00110014                  0.00109015 
                  0.00148936                  0.00145677                  0.00101423                  0.00099153                  0.00098250 
                  0.00134146                  0.00131209                  0.00091349                  0.00089297                  0.00088481 
                  0.00120736                  0.00118091                  0.00082215                  0.00080362                  0.00079624 
                  0.00108587                  0.00106208                  0.00073940                  0.00072268                  0.00071603 
                  0.00097593                  0.00095453                  0.00066452                  0.00064944                  0.00064344 
                  0.00087651                  0.00085729                  0.00059681                  0.00058322                  0.00057782 
                  0.00078669                  0.00076943                  0.00053564                  0.00052341                  0.00051854 
                  0.00070562                  0.00069013                  0.00048043                  0.00046942                  0.00046504 
                  0.00063250                  0.00061861                  0.00043063                  0.00042074                  0.00041680 
                  0.00056660                  0.00055416                  0.00038576                  0.00037687                  0.00037333 
                  0.00050727                  0.00049613                  0.00034536                  0.00033738                  0.00033420 
                  0.00045389                  0.00044392                  0.00030901                  0.00030185                  0.00029900 
                  0.00040590                  0.00039698                  0.00027633                  0.00026991                  0.00026735 
                  0.00036278                  0.00035481                  0.00024697                  0.00024122                  0.00023893 
                  0.00032407                  0.00031695                  0.00022062                  0.00021546                  0.00021341 
                  0.00028935                  0.00028299                  0.00019697                  0.00019236                  0.00019052 
                  0.00025822                  0.00025254                  0.00017578                  0.00017165                  0.00017001 
                  0.00023032                  0.00022526                  0.00015679                  0.00015310                  0.00015163 
                  0.00020535                  0.00020084                  0.00013979                  0.00013649                  0.00013518 
                  0.00018301                  0.00017899                  0.00012457                  0.00012163                  0.00012045 
                  0.00016302                  0.00015944                  0.00011097                  0.00010834                  0.00010729 
                  0.00014516                  0.00014198                  0.00009881                  0.00009646                  0.00009553 
                  0.00012921                  0.00012637                  0.00008795                  0.00008586                  0.00008502 
                  0.00011497                  0.00011244                  0.00007826                  0.00007639                  0.00007565 
                  0.00010226                  0.00010001                  0.00006960                  0.00006794                  0.00006728 
                  0.00009092                  0.00008893                  0.00006189                  0.00006041                  0.00005982 
                  0.00008082                  0.00007905                  0.00005501                  0.00005369                  0.00005316 
                  0.00007182                  0.00007024                  0.00004888                  0.00004771                  0.00004724 
                  0.00006380                  0.00006240                  0.00004342                  0.00004238                  0.00004196 
                  0.00005666                  0.00005541                  0.00003856                  0.00003763                  0.00003726 
                  0.00005030                  0.00004920                  0.00003424                  0.00003341                  0.00003308 
                  0.00004465                  0.00004367                  0.00003039                  0.00002965                  0.00002936 
                  0.00003962                  0.00003875                  0.00002697                  0.00002631                  0.00002605 
                  0.00003515                  0.00003438                  0.00002393                  0.00002334                  0.00002311 
                  0.00003118                  0.00003050                  0.00002122                  0.00002071                  0.00002050 
                  0.00002765                  0.00002705                  0.00001882                  0.00001836                  0.00001818 
                  0.00002452                  0.00002398                  0.00001669                  0.00001628                  0.00001612 
                  0.00002174                  0.00002126                  0.00001479                  0.00001443                  0.00001429 
                  0.00001927                  0.00001885                  0.00001311                  0.00001279                  0.00001267 
                  0.00001708                  0.00001670                  0.00001162                  0.00001134                  0.00001122 
                  0.00001513                  0.00001480                  0.00001030                  0.00001005                  0.00000995 
                  0.00001341                  0.00001311                  0.00000912                  0.00000890                  0.00000881 
                  0.00001188                  0.00001162                  0.00000808                  0.00000788                  0.00000781 
                  0.00001052                  0.00001029                  0.00000716                  0.00000698                  0.00000691 
                  0.00000932                  0.00000911                  0.00000634                  0.00000619                  0.00000612 
                  0.00000825                  0.00000807                  0.00000562                  0.00000548                  0.00000542 
                  0.00000731                  0.00000715                  0.00000497                  0.00000485                  0.00000480 
                  0.00000647                  0.00000633                  0.00000440                  0.00000429                  0.00000425 
                  0.00000573                  0.00000560                  0.00000390                  0.00000380                  0.00000376 
                  0.00000507                  0.00000496                  0.00000345                  0.00000337                  0.00000333 
                  0.00000449                  0.00000439                  0.00000306                  0.00000298                  0.00000295 
                  0.00000397                  0.00000389                  0.00000270                  0.00000264                  0.00000261 
                  0.00000352                  0.00000344                  0.00000239                  0.00000233                  0.00000231 
                  0.00000311                  0.00000305                  0.00000212                  0.00000207                  0.00000205 
                  0.00000276                  0.00000270                  0.00000188                  0.00000183                  0.00000181 
                  0.00000244                  0.00000239                  0.00000166                  0.00000162                  0.00000160 
                  0.00000216                  0.00000211                  0.00000147                  0.00000143                  0.00000142 
                  0.00000191                  0.00000187                  0.00000130                  0.00000127                  0.00000125 
                  0.00000169                  0.00000165                  0.00000115                  0.00000112                  0.00000111 
                  0.00000150                  0.00000146                  0.00000102                  0.00000099                  0.00000098 
                  0.00000132                  0.00000129                  0.00000090                  0.00000088                  0.00000087 
                  0.00000117                  0.00000115                  0.00000080                  0.00000078                  0.00000077 
                  0.00000104                  0.00000101                  0.00000071                  0.00000069                  0.00000068 
                  0.00000092                  0.00000090                  0.00000062                  0.00000061                  0.00000060 
                  0.00000081                  0.00000079                  0.00000055                  0.00000054                  0.00000053 
                  0.00000072                  0.00000070                  0.00000049                  0.00000048                  0.00000047 
                  0.00000064                  0.00000062                  0.00000043                  0.00000042                  0.00000042 
                  0.00000056                  0.00000055                  0.00000038                  0.00000037                  0.00000037 
                  0.00000050                  0.00000049                  0.00000034                  0.00000033                  0.00000033 
                  0.00000044                  0.00000043                  0.00000030                  0.00000029                  0.00000029 
                  0.00000039                  0.00000038                  0.00000026                  0.00000026                  0.00000026 
                  0.00000034                  0.00000034                  0.00000023                  0.00000023                  0.00000023 
                  0.00000030                  0.00000030                  0.00000021                  0.00000020                  0.00000020 
                  0.00000027                  0.00000026                  0.00000018                  0.00000018                  0.00000018 
                  0.00000024                  0.00000023                  0.00000016                  0.00000016                  0.00000016 
                  0.00000021                  0.00000021                  0.00000014                  0.00000014                  0.00000014 
                  0.00000019                  0.00000018                  0.00000013                  0.00000012                  0.00000012 
                  0.00000017                  0.00000016                  0.00000011                  0.00000011                  0.00000011 
                  0.00000015                  0.00000014                  0.00000010                  0.00000010                  0.00000010 
                  0.00000013                  0.00000013                  0.00000009                  0.00000009                  0.00000008 
                  0.00000011                  0.00000011                  0.00000008                  0.00000008                  0.00000008 
                  0.00000010                  0.00000010                  0.00000007                  0.00000007                  0.00000007 
                  0.00000009                  0.00000009                  0.00000006                  0.00000006                  0.00000006 
                  0.00000008                  0.00000008                  0.00000005                  0.00000005                  0.00000005 
                  0.00000007                  0.00000007                  0.00000005                  0.00000005                  0.00000005 
                  0.00000006                  0.00000006                  0.00000004                  0.00000004                  0.00000004 
                  0.00000005                  0.00000005                  0.00000004                  0.00000004                  0.00000004 
                  0.00000005                  0.00000005                  0.00000003                  0.00000003                  0.00000003 
                  0.00000004                  0.00000004                  0.00000003                  0.00000003                  0.00000003 
                  0.00000004                  0.00000004                  0.00000003                  0.00000003                  0.00000002 
                  0.00000003                  0.00000003                  0.00000002                  0.00000002                  0.00000002 
                  0.00000003                  0.00000003                  0.00000002                  0.00000002                  0.00000002 
                  0.00000003                  0.00000003                  0.00000002                  0.00000002                  0.00000002 
                  0.00000002                  0.00000002                  0.00000002                  0.00000002                  0.00000002 
                  0.00000002                  0.00000002                  0.00000001                  0.00000001                  0.00000001 
                  0.00000002                  0.00000002                  0.00000001                  0.00000001                  0.00000001 
                  0.00000002                  0.00000002                  0.00000001                  0.00000001                  0.00000001 
                  0.00000001                  0.00000001                  0.00000001                  0.00000001                  0.00000001 
                  0.00000001                  0.00000001                  0.00000001                  0.00000001                  0.00000001 
                  0.00000001                  0.00000001                  0.00000001                  0.00000001                  0.00000001 
                  0.00000001                  0.00000001                  0.00000001                  0.00000001                  0.00000001 
                  0.00000001                  0.00000001                  0.00000001                  0.00000001                  0.00000001 
                  0.00000001                  0.00000001                  0.00000001                  0.00000001                  0.00000001 
                  0.00000001                  0.00000001                  0.00000000                  0.00000000                  0.00000000 
                  0.00000001                  0.00000001                  0.00000000                  0.00000000                  0.00000000 
                  0.00000001                  0.00000001                  0.00000000                  0.00000000                  0.00000000 
                  0.00000000                  0.00000000                  0.00000000                  0.00000000                  0.00000000 
                  0.00000000                  0.00000000                  0.00000000                  0.00000000                  0.00000000 
                  0.00000000                  0.00000000                  0.00000000                  0.00000000                  0.00000000 
                  0.00000000                  0.00000000                  0.00000000                  0.00000000                  0.00000000 
                  0.00000000                  0.00000000                  0.00000000                  0.00000000                  0.00000000 
                  0.00000000                  0.00000000                  0.00000000                  0.00000000                  0.00000000 
                  0.00000000                  0.00000000                  0.00000000                  0.00000000                  0.00000000 
                  0.00000000                  0.00000000                  0.00000000                  0.00000000                  0.00000000 
                  0.00000000                  0.00000000                  0.00000000                  0.00000000                  0.00000000 
                  0.00000000                  0.00000000                  0.00000000                  0.00000000                  0.00000000 
                  0.00000000                  0.00000000                  0.00000000                  0.00000000                  0.00000000 
                  0.00000000                  0.00000000                  0.00000000                  0.00000000                  0.00000000 
                  0.00000000                  0.00000000                  0.00000000                  0.00000000                  0.00000000 
                  0.00000000                  0.00000000                  0.00000000                  0.00000000                  0.00000000 
                  0.00000000                  0.00000000                  0.00000000                  0.00000000                  0.00000000 
                  0.00000000                  0.00000000                  0.00000000                  0.00000000                  0.00000000 
                  0.00000000                  0.00000000                  0.00000000                  0.00000000                  0.00000000 
                  0.00000000                  0.00000000                  0.00000000                  0.00000000                  0.00000000 
                  0.00000000                  0.00000000                  0.00000000                  0.00000000                  0.00000000 
                  0.00000000                  0.00000000                  0.00000000                  0.00000000                  0.00000000 
                  0.00000000                  0.00000000                  0.00000000                  0.00000000                  0.00000000 
                  0.00000000                  0.00000000                  0.00000000                  0.00000000                  0.00000000 
                  0.00000000                  0.00000000                  0.00000000                  0.00000000                  0.00000000 
                  0.00000000                  0.00000000                  0.00000000                  0.00000000                  0.00000000 
                  0.00000000                  0.00000000                  0.00000000                  0.00000000                  0.00000000 
                  0.00000000                  0.00000000                  0.00000000                  0.00000000                  0.00000000 
                  0.00000000                  0.00000000                  0.00000000                  0.00000000                  0.00000000 
                  0.00000000                  0.00000000                  0.00000000                  0.00000000                  0.00000000 
                  0.00000000                  0.00000000                  0.00000000                  0.00000000                  0.00000000 
                  0.00000000                  0.00000000                  0.00000000                  0.00000000                  0.00000000 
                  0.00000000                  0.00000000                  0.00000000                  0.00000000                  0.00000000 
                  0.00000000                  0.00000000                  0.00000000                  0.00000000                  0.00000000 
                  0.00000000                  0.00000000                  0.00000000                  0.00000000                  0.00000000 
                  0.00000000                  0.00000000                  0.00000000                  0.00000000                  0.00000000 
                  0.00000000                  0.00000000                  0.00000000                  0.00000000                  0.00000000 
                  0.00000000                  0.00000000                  0.00000000                  0.00000000                  0.00000000 
                  0.00000000                  0.00000000                  0.00000000                  0.00000000                  0.00000000 
                  0.00000000                  0.00000000                  0.00000000                  0.00000000                  0.00000000 
                  0.00000000                  0.00000000                  0.00000000                  0.00000000                  0.00000000 
                  0.00000000                  0.00000000                  0.00000000                  0.00000000                  0.00000000 
                  0.00000000                  0.00000000                  0.00000000                  0.00000000                  0.00000000 
                  0.00000000                  0.00000000                  0.00000000                  0.00000000                  0.00000000 
                  0.00000000                  0.00000000                  0.00000000                  0.00000000                  0.00000000 
                  0.00000000                  0.00000000                  0.00000000                  0.00000000                  0.00000000 
                  0.00000000                  0.00000000                  0.00000000                  0.00000000                  0.00000000 
                  0.00000000                  0.00000000                  0.00000000                  0.00000000                  0.00000000 
                  0.00000000                  0.00000000                  0.00000000                  0.00000000                  0.00000000 
                  0.00000000                  0.00000000                  0.00000000                  0.00000000                  0.00000000 
                  0.00000000                  0.00000000                  0.00000000                  0.00000000                  0.00000000 
                  0.00000000                  0.00000000                  0.00000000                  0.00000000                  0.00000000 
                  0.00000000                  0.00000000                  0.00000000                  0.00000000                  0.00000000 
                  0.00000000                  0.00000000                  0.00000000                  0.00000000                  0.00000000 
                  0.00000000                  0.00000000                  0.00000000                  0.00000000                  0.00000000 
                  0.00000000                  0.00000000                  0.00000000                  0.00000000                  0.00000000 
                  0.00000000                  0.00000000                  0.00000000                  0.00000000                  0.00000000 
                  0.00000000                  0.00000000                  0.00000000                  0.00000000                  0.00000000 
                  0.00000000                  0.00000000                  0.00000000                  0.00000000                  0.00000000 
                  0.00000000                  0.00000000                  0.00000000                  0.00000000                  0.00000000 
                  0.00000000                  0.00000000                  0.00000000                  0.00000000                  0.00000000 
                  0.00000000                  0.00000000                  0.00000000                  0.00000000                  0.00000000 
                  0.00000000                  0.00000000                  0.00000000                  0.00000000                  0.00000000 
                  0.00000000                  0.00000000                  0.00000000                  0.00000000                  0.00000000 
                  0.00000000                  0.00000000                  0.00000000                  0.00000000                  0.00000000 
                  0.00000000                  0.00000000                  0.00000000                  0.00000000                  0.00000000 
                  0.00000000                  0.00000000                  0.00000000                  0.00000000                  0.00000000 
                  0.00000000                  0.00000000                  0.00000000                  0.00000000                  0.00000000 
                  0.00000000                  0.00000000                  0.00000000                  0.00000000                  0.00000000 
                  0.00000000                  0.00000000                  0.00000000                  0.00000000                  0.00000000 
                  0.00000000                  0.00000000                  0.00000000                  0.00000000                  0.00000000 
                  0.00000000                  0.00000000                  0.00000000                  0.00000000                  0.00000000 
                  0.00000000                  0.00000000                  0.00000000                  0.00000000                  0.00000000 
                  0.00000000                  0.00000000                  0.00000000                  0.00000000                  0.00000000 
                  0.00000000                  0.00000000                  0.00000000                  0.00000000                  0.00000000 
                  0.00000000                  0.00000000                  0.00000000                  0.00000000                  0.00000000 
                  0.00000000                  0.00000000                  0.00000000                  0.00000000                  0.00000000 
                  0.00000000                  0.00000000                  0.00000000                  0.00000000                  0.00000000 
                  0.00000000                  0.00000000                  0.00000000                  0.00000000                  0.00000000 
                  0.00000000                  0.00000000                  0.00000000                  0.00000000                  0.00000000 
                  0.00000000                  0.00000000                  0.00000000                  0.00000000                  0.00000000 
                  0.00000000                  0.00000000                  0.00000000                  0.00000000                  0.00000000 
                  0.00000000                  0.00000000                  0.00000000                  0.00000000                  0.00000000 
                  0.00000000                  0.00000000                  0.00000000                  0.00000000                  0.00000000 
                  0.00000000                  0.00000000                  0.00000000                  0.00000000                  0.00000000 
                  0.00000000                  0.00000000                  0.00000000                  0.00000000                  0.00000000 
                  0.00000000                  0.00000000                  0.00000000                  0.00000000                  0.00000000 
                  0.00000000                  0.00000000                  0.00000000                  0.00000000                  0.00000000 
                  0.00000000                  0.00000000                  0.00000000                  0.00000000                  0.00000000 
                  0.00000000                  0.00000000                  0.00000000                  0.00000000                  0.00000000 
                  0.00000000                  0.00000000                  0.00000000                  0.00000000                  0.00000000 
                  0.00000000                  0.00000000                  0.00000000                  0.00000000                  0.00000000 
                  0.00000000                  0.00000000                  0.00000000                  0.00000000                  0.00000000 
                  0.00000000                  0.00000000                  0.00000000                  0.00000000                  0.00000000 
                  0.00000000                  0.00000000                  0.00000000                  0.00000000                  0.00000000 
                  0.00000000                  0.00000000                  0.00000000                  0.00000000                  0.00000000 
                  0.00000000                  0.00000000                  0.00000000                  0.00000000                  0.00000000 
                  0.00000000                  0.00000000                  0.00000000                  0.00000000                  0.00000000 
                  0.00000000                  0.00000000                  0.00000000                  0.00000000                  0.00000000 
                  0.00000000                  0.00000000                  0.00000000                  0.00000000                  0.00000000 
                  0.00000000                  0.00000000                  0.00000000                  0.00000000                  0.00000000 
                  0.00000000                  0.00000000                  0.00000000                  0.00000000                  0.00000000 
                  0.00000000                  0.00000000                  0.00000000                  0.00000000                  0.00000000 
                  0.00000000                  0.00000000                  0.00000000                  0.00000000                  0.00000000 
                  0.00000000                  0.00000000                  0.00000000                  0.00000000                  0.00000000 
                  0.00000000                  0.00000000                  0.00000000                  0.00000000                  0.00000000 
                  0.00000000                  0.00000000                  0.00000000                  0.00000000                  0.00000000 
                  0.00000000                  0.00000000                  0.00000000                  0.00000000                  0.00000000 
                  0.00000000                  0.00000000                  0.00000000                  0.00000000                  0.00000000 
                  0.00000000                  0.00000000                  0.00000000                  0.00000000                  0.00000000 
                  0.00000000                  0.00000000                  0.00000000                  0.00000000                  0.00000000 
                  0.00000000                  0.00000000                  0.00000000                  0.00000000                  0.00000000 
                  0.00000000                  0.00000000                  0.00000000                  0.00000000                  0.00000000 
                  0.00000000                  0.00000000                  0.00000000                  0.00000000                  0.00000000 
                  0.00000000                  0.00000000                  0.00000000                  0.00000000                  0.00000000 
                  0.00000000                  0.00000000                  0.00000000                  0.00000000                  0.00000000 
                  0.00000000                  0.00000000                  0.00000000                  0.00000000                  0.00000000 
                  0.00000000                  0.00000000                  0.00000000                  0.00000000                  0.00000000 
                  0.00000000                  0.00000000                  0.00000000                  0.00000000                  0.00000000 
                  0.00000000                  0.00000000                  0.00000000                  0.00000000                  0.00000000 
                  0.00000000                  0.00000000                  0.00000000                  0.00000000                  0.00000000 
                  0.00000000                  0.00000000                  0.00000000                  0.00000000                  0.00000000 
                  0.00000000                  0.00000000                  0.00000000                  0.00000000                  0.00000000 
                  0.00000000                  0.00000000                  0.00000000                  0.00000000                  0.00000000 
                  0.00000000                  0.00000000                  0.00000000                  0.00000000                  0.00000000 
                  0.00000000                  0.00000000                  0.00000000                  0.00000000                  0.00000000 
                  0.00000000                  0.00000000                  0.00000000                  0.00000000                  0.00000000 
                  0.00000000                  0.00000000                  0.00000000                  0.00000000                  0.00000000 
                  0.00000000                  0.00000000                  0.00000000                  0.00000000                  0.00000000 
                  0.00000000                  0.00000000                  0.00000000                  0.00000000                  0.00000000 
                  0.00000000                  0.00000000                  0.00000000                  0.00000000                  0.00000000 
                  0.00000000                  0.00000000                  0.00000000                  0.00000000                  0.00000000 
                  0.00000000                  0.00000000                  0.00000000                  0.00000000                  0.00000000 
                  0.00000000                  0.00000000                  0.00000000                  0.00000000                  0.00000000 
                  0.00000000                  0.00000000                  0.00000000                  0.00000000                  0.00000000 
                  0.00000000                  0.00000000                  0.00000000                  0.00000000                  0.00000000 
                  0.00000000                  0.00000000                  0.00000000                  0.00000000                  0.00000000 
                  0.00000000                  0.00000000                  0.00000000                  0.00000000                  0.00000000 
                  0.00000000                  0.00000000                  0.00000000                  0.00000000                  0.00000000 
                  0.00000000                  0.00000000                  0.00000000                  0.00000000                  0.00000000 
                  0.00000000                  0.00000000                  0.00000000                  0.00000000                  0.00000000 
                  0.00000000                  0.00000000                  0.00000000                  0.00000000                  0.00000000 
                  0.00000000                  0.00000000                  0.00000000                  0.00000000                  0.00000000 
                  0.00000000                  0.00000000                  0.00000000                  0.00000000                  0.00000000 
                  0.00000000                  0.00000000                  0.00000000                  0.00000000                  0.00000000 
                  0.00000000                  0.00000000                  0.00000000                  0.00000000                  0.00000000 
                  0.00000000                  0.00000000                  0.00000000                  0.00000000                  0.00000000 
                  0.00000000                  0.00000000                  0.00000000                  0.00000000                  0.00000000 
                  0.00000000                  0.00000000                  0.00000000                  0.00000000                  0.00000000 
                  0.00000000                  0.00000000                  0.00000000                  0.00000000                  0.00000000 
                  0.00000000                  0.00000000                  0.00000000                  0.00000000                  0.00000000 
                  0.00000000                  0.00000000                  0.00000000                  0.00000000                  0.00000000 
                  0.00000000                  0.00000000                  0.00000000                  0.00000000                  0.00000000 
                  0.00000000                  0.00000000                  0.00000000                  0.00000000                  0.00000000 
                  0.00000000                  0.00000000                  0.00000000                  0.00000000                  0.00000000 
                  0.00000000                  0.00000000                  0.00000000                  0.00000000                  0.00000000 
                  0.00000000                  0.00000000                  0.00000000                  0.00000000                  0.00000000 
                  0.00000000                  0.00000000                  0.00000000                  0.00000000                  0.00000000 
                  0.00000000                  0.00000000                  0.00000000                  0.00000000                  0.00000000 
                  0.00000000                  0.00000000                  0.00000000                  0.00000000                  0.00000000 
                  0.00000000                  0.00000000                  0.00000000                  0.00000000                  0.00000000 
                  0.00000000                  0.00000000                  0.00000000                  0.00000000                  0.00000000 
                  0.00000000                  0.00000000                  0.00000000                  0.00000000                  0.00000000 
                  0.00000000                  0.00000000                  0.00000000                  0.00000000                  0.00000000 
                  0.00000000                  0.00000000                  0.00000000                  0.00000000                  0.00000000 
                  0.00000000                  0.00000000                  0.00000000                  0.00000000                  0.00000000 
                  0.00000000                  0.00000000                  0.00000000                  0.00000000                  0.00000000 
                  0.00000000                  0.00000000                  0.00000000                  0.00000000                  0.00000000 
                  0.00000000                  0.00000000                  0.00000000                  0.00000000                  0.00000000 
                  0.00000000                  0.00000000                  0.00000000                  0.00000000                  0.00000000 
                  0.00000000                  0.00000000                  0.00000000                  0.00000000                  0.00000000 
                  0.00000000                  0.00000000                  0.00000000                  0.00000000                  0.00000000 
                  0.00000000                  0.00000000                  0.00000000                  0.00000000                  0.00000000 
                  0.00000000                  0.00000000                  0.00000000                  0.00000000                  0.00000000 
                  0.00000000                  0.00000000                  0.00000000                  0.00000000                  0.00000000 
                  0.00000000                  0.00000000                  0.00000000                  0.00000000                  0.00000000 
                  0.00000000                  0.00000000                  0.00000000                  0.00000000                  0.00000000 
                  0.00000000                  0.00000000                  0.00000000                  0.00000000                  0.00000000 
                  0.00000000                  0.00000000                  0.00000000                  0.00000000                  0.00000000 
                  0.00000000                  0.00000000                  0.00000000                  0.00000000                  0.00000000 
                  0.00000000                  0.00000000                  0.00000000                  0.00000000                  0.00000000 
                  0.00000000                  0.00000000                  0.00000000                  0.00000000                  0.00000000 
                  0.00000000                  0.00000000                  0.00000000                  0.00000000                  0.00000000 
                  0.00000000                  0.00000000                  0.00000000                  0.00000000                  0.00000000 
                  0.00000000                  0.00000000                  0.00000000                  0.00000000                  0.00000000 
                  0.00000000                  0.00000000                  0.00000000                  0.00000000                  0.00000000 
                  0.00000000                  0.00000000                  0.00000000                  0.00000000                  0.00000000 
                  0.00000000                  0.00000000                  0.00000000                  0.00000000                  0.00000000 
                  0.00000000                  0.00000000                  0.00000000                  0.00000000                  0.00000000 
                  0.00000000                  0.00000000                  0.00000000                  0.00000000                  0.00000000 
                  0.00000000                  0.00000000                  0.00000000                  0.00000000                  0.00000000 
                  0.00000000                  0.00000000                  0.00000000                  0.00000000                  0.00000000 
                  0.00000000                  0.00000000                  0.00000000                  0.00000000                  0.00000000 
                  0.00000000                  0.00000000                  0.00000000                  0.00000000                  0.00000000 
                  0.00000000                  0.00000000                  0.00000000                  0.00000000                  0.00000000 
                  0.00000000                  0.00000000                  0.00000000                  0.00000000                  0.00000000 
                  0.00000000                  0.00000000                  0.00000000                  0.00000000                  0.00000000 
                  0.00000000                  0.00000000                  0.00000000                  0.00000000                  0.00000000 
                  0.00000000                  0.00000000                  0.00000000                  0.00000000                  0.00000000 
                  0.00000000                  0.00000000                  0.00000000                  0.00000000                  0.00000000 
                  0.00000000                  0.00000000                  0.00000000                  0.00000000                  0.00000000 
                  0.00000000                  0.00000000                  0.00000000                  0.00000000                  0.00000000 
                  0.00000000                  0.00000000                  0.00000000                  0.00000000                  0.00000000 
