                  0.00000000                  0.00000000                  0.00000000                  0.00000000                  0.00000000                  0.00000000                  0.00000000                  0.00000000                  0.00000000                  0.00000000 
                  0.00000000                  0.00000000                  0.00000000                  0.00000000                  0.00000000 
                  0.00000000                  0.00000000                  0.00000000                  0.00000000                  0.00000000 
                  0.00000000                  0.00000000                  0.00000000                  0.00000000                  0.00000000 
                  0.00000000                  0.00000000                  0.00000000                  0.00000000                  0.00000000 
                  0.00000000                  0.00000000                  0.00000000                  0.00000000                  0.00000000 
                  0.00000000                  0.00000000                  0.00000000                  0.00000000                  0.00000000 
                  0.00000000                  0.00000000                  0.00000000                  0.00000000                  0.00000000 
                  0.00000000                  0.00000000                  0.00000000                  0.00000000                  0.00000000 
                  0.00000000                  0.00000000                  0.00000000                  0.00000000                  0.00000000 
                  0.00000000                  0.00000000                  0.00000000                  0.00000000                  0.00000000 
                  0.00000000                  0.00000000                  0.00000000                  0.00000000                  0.00000000 
                  0.00000000                  0.00000000                  0.00000000                  0.00000000                  0.00000000 
                  0.00000000                  0.00000000                  0.00000000                  0.00000000                  0.00000000 
                  0.00000000                  0.00000000                  0.00000000                  0.00000000                  0.00000000 
                  0.00000000                  0.00000000                  0.00000000                  0.00000000                  0.00000000 
                  0.00000000                  0.00000000                  0.00000000                  0.00000000                  0.00000000 
                  0.00000000                  0.00000000                  0.00000000                  0.00000000                  0.00000000 
                  0.00000000                  0.00000000                  0.00000000                  0.00000000                  0.00000000 
                  0.00000000                  0.00000000                  0.00000000                  0.00000000                  0.00000000 
                  0.00000000                  0.00000000                  0.00000000                  0.00000000                  0.00000000 
                  0.00000000                  0.00000000                  0.00000000                  0.00000000                  0.00000000 
                  0.00000000                  0.00000000                  0.00000000                  0.00000000                  0.00000000 
                  0.00000000                  0.00000000                  0.00000000                  0.00000000                  0.00000000 
                  0.00000000                  0.00000000                  0.00000000                  0.00000000                  0.00000000 
                  0.00000000                  0.00000000                  0.00000000                  0.00000000                  0.00000000 
                  0.00000000                  0.00000000                  0.00000000                  0.00000000                  0.00000000 
                  0.00000000                  0.00000000                  0.00000000                  0.00000000                  0.00000000 
                  0.00000000                  0.00000000                  0.00000000                  0.00000000                  0.00000000 
                  0.00000000                  0.00000000                  0.00000000                  0.00000000                  0.00000000 
                  0.00000000                  0.00000000                  0.00000000                  0.00000000                  0.00000000 
                  0.00000000                  0.00000000                  0.00000000                  0.00000000                  0.00000000 
                  0.00000000                  0.00000000                  0.00000000                  0.00000000                  0.00000000 
                  0.00000000                  0.00000000                  0.00000000                  0.00000000                  0.00000000 
                  0.00000000                  0.00000000                  0.00000000                  0.00000000                  0.00000000 
                  0.00000000                  0.00000000                  0.00000000                  0.00000000                  0.00000000 
                  0.00000000                  0.00000000                  0.00000000                  0.00000000                  0.00000000 
                  0.00000000                  0.00000000                  0.00000000                  0.00000000                  0.00000000 
                  0.00000000                  0.00000000                  0.00000000                  0.00000000                  0.00000000 
                  0.00000000                  0.00000000                  0.00000000                  0.00000000                  0.00000000 
                  0.00000000                  0.00000000                  0.00000000                  0.00000000                  0.00000000 
                  0.00000000                  0.00000000                  0.00000000                  0.00000000                  0.00000000 
                  0.00000000                  0.00000000                  0.00000000                  0.00000000                  0.00000000 
                  0.00000000                  0.00000000                  0.00000000                  0.00000000                  0.00000000 
                  0.00000000                  0.00000000                  0.00000000                  0.00000000                  0.00000000 
                  0.00000000                  0.00000000                  0.00000000                  0.00000000                  0.00000000 
                  0.00000000                  0.00000000                  0.00000000                  0.00000000                  0.00000000 
                  0.00000000                  0.00000000                  0.00000000                  0.00000000                  0.00000000 
                  0.00000000                  0.00000000                  0.00000000                  0.00000000                  0.00000000 
                  0.00000000                  0.00000000                  0.00000000                  0.00000000                  0.00000000 
                  0.00000001                  0.00000001                  0.00000000                  0.00000000                  0.00000000 
                  0.00000001                  0.00000001                  0.00000000                  0.00000000                  0.00000000 
                  0.00000001                  0.00000001                  0.00000001                  0.00000001                  0.00000001 
                  0.00000001                  0.00000001                  0.00000001                  0.00000001                  0.00000001 
                  0.00000002                  0.00000002                  0.00000001                  0.00000001                  0.00000001 
                  0.00000002                  0.00000002                  0.00000001                  0.00000001                  0.00000001 
                  0.00000002                  0.00000002                  0.00000001                  0.00000001                  0.00000001 
                  0.00000003                  0.00000003                  0.00000002                  0.00000002                  0.00000002 
                  0.00000004                  0.00000004                  0.00000002                  0.00000002                  0.00000002 
                  0.00000005                  0.00000005                  0.00000003                  0.00000003                  0.00000003 
                  0.00000006                  0.00000006                  0.00000003                  0.00000003                  0.00000003 
                  0.00000007                  0.00000007                  0.00000004                  0.00000004                  0.00000004 
                  0.00000009                  0.00000009                  0.00000005                  0.00000005                  0.00000005 
                  0.00000011                  0.00000011                  0.00000007                  0.00000006                  0.00000006 
                  0.00000014                  0.00000014                  0.00000008                  0.00000008                  0.00000008 
                  0.00000018                  0.00000017                  0.00000010                  0.00000010                  0.00000010 
                  0.00000022                  0.00000021                  0.00000013                  0.00000012                  0.00000012 
                  0.00000027                  0.00000026                  0.00000016                  0.00000015                  0.00000015 
                  0.00000033                  0.00000032                  0.00000019                  0.00000019                  0.00000018 
                  0.00000041                  0.00000040                  0.00000024                  0.00000023                  0.00000023 
                  0.00000050                  0.00000049                  0.00000029                  0.00000028                  0.00000028 
                  0.00000061                  0.00000060                  0.00000036                  0.00000035                  0.00000034 
                  0.00000075                  0.00000074                  0.00000044                  0.00000042                  0.00000042 
                  0.00000092                  0.00000090                  0.00000054                  0.00000052                  0.00000051 
                  0.00000112                  0.00000110                  0.00000066                  0.00000063                  0.00000062 
                  0.00000137                  0.00000134                  0.00000080                  0.00000077                  0.00000076 
                  0.00000167                  0.00000164                  0.00000098                  0.00000094                  0.00000093 
                  0.00000203                  0.00000199                  0.00000119                  0.00000114                  0.00000113 
                  0.00000247                  0.00000242                  0.00000144                  0.00000139                  0.00000137 
                  0.00000300                  0.00000293                  0.00000175                  0.00000168                  0.00000166 
                  0.00000363                  0.00000355                  0.00000212                  0.00000204                  0.00000201 
                  0.00000439                  0.00000429                  0.00000256                  0.00000247                  0.00000243 
                  0.00000530                  0.00000518                  0.00000309                  0.00000298                  0.00000293 
                  0.00000639                  0.00000625                  0.00000373                  0.00000359                  0.00000354 
                  0.00000769                  0.00000752                  0.00000449                  0.00000432                  0.00000425 
                  0.00000924                  0.00000904                  0.00000539                  0.00000519                  0.00000511 
                  0.00001109                  0.00001085                  0.00000647                  0.00000623                  0.00000613 
                  0.00001329                  0.00001300                  0.00000775                  0.00000746                  0.00000735 
                  0.00001591                  0.00001556                  0.00000928                  0.00000893                  0.00000879 
                  0.00001901                  0.00001859                  0.00001109                  0.00001066                  0.00001050 
                  0.00002268                  0.00002218                  0.00001323                  0.00001272                  0.00001253 
                  0.00002702                  0.00002642                  0.00001576                  0.00001515                  0.00001492 
                  0.00003215                  0.00003143                  0.00001874                  0.00001802                  0.00001774 
                  0.00003819                  0.00003733                  0.00002226                  0.00002140                  0.00002107 
                  0.00004529                  0.00004427                  0.00002641                  0.00002537                  0.00002498 
                  0.00005364                  0.00005243                  0.00003127                  0.00003004                  0.00002958 
                  0.00006344                  0.00006199                  0.00003698                  0.00003552                  0.00003497 
                  0.00007491                  0.00007319                  0.00004366                  0.00004194                  0.00004128 
                  0.00008832                  0.00008629                  0.00005148                  0.00004943                  0.00004866 
                  0.00010399                  0.00010158                  0.00006061                  0.00005819                  0.00005727 
                  0.00012225                  0.00011941                  0.00007125                  0.00006839                  0.00006731 
                  0.00014350                  0.00014015                  0.00008363                  0.00008027                  0.00007898 
                  0.00016820                  0.00016426                  0.00009802                  0.00009407                  0.00009255 
                  0.00019686                  0.00019223                  0.00011472                  0.00011007                  0.00010830 
                  0.00023007                  0.00022463                  0.00013407                  0.00012862                  0.00012653 
                  0.00026848                  0.00026210                  0.00015645                  0.00015006                  0.00014761 
                  0.00031284                  0.00030538                  0.00018229                  0.00017482                  0.00017196 
                  0.00036399                  0.00035527                  0.00021210                  0.00020337                  0.00020002 
                  0.00042288                  0.00041271                  0.00024641                  0.00023624                  0.00023233 
                  0.00049058                  0.00047873                  0.00028586                  0.00027402                  0.00026946 
                  0.00056828                  0.00055449                  0.00033114                  0.00031737                  0.00031206 
                  0.00065731                  0.00064130                  0.00038302                  0.00036704                  0.00036087 
                  0.00075918                  0.00074061                  0.00044239                  0.00042387                  0.00041670 
                  0.00087555                  0.00085404                  0.00051021                  0.00048877                  0.00048048 
                  0.00100828                  0.00098341                  0.00058757                  0.00056280                  0.00055320 
                  0.00115942                  0.00113070                  0.00067567                  0.00064709                  0.00063599 
                  0.00133127                  0.00129816                  0.00077584                  0.00074291                  0.00073012 
                  0.00152634                  0.00148824                  0.00088957                  0.00085169                  0.00083695 
                  0.00174744                  0.00170365                  0.00101848                  0.00097496                  0.00095802 
                  0.00199765                  0.00194738                  0.00116438                  0.00111446                  0.00109500 
                  0.00228033                  0.00222274                  0.00132923                  0.00127207                  0.00124976 
                  0.00259922                  0.00253333                  0.00151522                  0.00144985                  0.00142431 
                  0.00295839                  0.00288311                  0.00172472                  0.00165008                  0.00162088 
                  0.00336226                  0.00327639                  0.00196034                  0.00187524                  0.00184191 
                  0.00381571                  0.00371791                  0.00222491                  0.00212803                  0.00209005 
                  0.00432400                  0.00421277                  0.00252152                  0.00241140                  0.00236818 
                  0.00489288                  0.00476657                  0.00285355                  0.00272855                  0.00267944 
                  0.00552854                  0.00538533                  0.00322461                  0.00308295                  0.00302723 
                  0.00623771                  0.00607557                  0.00363866                  0.00347836                  0.00341523 
                  0.00702764                  0.00684435                  0.00409995                  0.00391880                  0.00384740 
                  0.00790611                  0.00769922                  0.00461304                  0.00440866                  0.00432800 
                  0.00888150                  0.00864833                  0.00518286                  0.00495260                  0.00486164 
                  0.00996279                  0.00970038                  0.00581467                  0.00555566                  0.00545321 
                  0.01115954                  0.01086468                  0.00651411                  0.00622318                  0.00610798 
                  0.01248199                  0.01215115                  0.00728720                  0.00696089                  0.00683155 
                  0.01394099                  0.01357035                  0.00814032                  0.00777488                  0.00762987 
                  0.01554807                  0.01513345                  0.00908027                  0.00867162                  0.00850929 
                  0.01731541                  0.01685230                  0.01011423                  0.00965793                  0.00947648 
                  0.01925588                  0.01873938                  0.01124980                  0.01074104                  0.01053852 
                  0.02138302                  0.02080781                  0.01249495                  0.01192856                  0.01170285 
                  0.02371100                  0.02307140                  0.01385810                  0.01322847                  0.01297729 
                  0.02625470                  0.02554454                  0.01534801                  0.01464912                  0.01437002 
                  0.02902960                  0.02824226                  0.01697387                  0.01619925                  0.01588959 
                  0.03205180                  0.03118022                  0.01874523                  0.01788794                  0.01754487 
                  0.03533801                  0.03437459                  0.02067200                  0.01972461                  0.01934509 
                  0.03890547                  0.03784213                  0.02276444                  0.02171902                  0.02129980 
                  0.04277193                  0.04160004                  0.02503309                  0.02388120                  0.02341883 
                  0.04695560                  0.04566601                  0.02748883                  0.02622150                  0.02571226 
                  0.05147509                  0.05005807                  0.03014275                  0.02875046                  0.02819044 
                  0.05634932                  0.05479460                  0.03300617                  0.03147886                  0.03086390 
                  0.06159747                  0.05989420                  0.03609058                  0.03441761                  0.03374332 
                  0.06723891                  0.06537564                  0.03940761                  0.03757777                  0.03683951 
                  0.07329305                  0.07125776                  0.04296893                  0.04097045                  0.04016335 
                  0.07977926                  0.07755936                  0.04678624                  0.04460677                  0.04372570 
                  0.08671679                  0.08429912                  0.05087119                  0.04849779                  0.04753739 
                  0.09412464                  0.09149545                  0.05523527                  0.05265449                  0.05160914 
                  0.10202137                  0.09916639                  0.05988982                  0.05708762                  0.05595150 
                  0.11042507                  0.10732947                  0.06484587                  0.06180771                  0.06057471 
                  0.11935313                  0.11600156                  0.07011411                  0.06682491                  0.06548876 
                  0.12882213                  0.12519878                  0.07570478                  0.07214900                  0.07070316 
                  0.13884769                  0.13493626                  0.08162759                  0.07778920                  0.07622696 
                  0.14944431                  0.14522807                  0.08789164                  0.08375419                  0.08206864 
                  0.16062517                  0.15608704                  0.09450525                  0.09005191                  0.08823600 
                  0.17240207                  0.16752459                  0.10147600                  0.09668961                  0.09473605 
                  0.18478508                  0.17955056                  0.10881048                  0.10367358                  0.10157502 
                  0.19778261                  0.19217309                  0.11651433                  0.11100923                  0.10875818 
                  0.21140100                  0.20539843                  0.12459204                  0.11870086                  0.11628973 
                  0.22564459                  0.21923074                  0.13304688                  0.12675165                  0.12417279 
                  0.24051541                  0.23367210                  0.14188084                  0.13516352                  0.13240929 
                  0.25601310                  0.24872217                  0.15109453                  0.14393713                  0.14099982 
                  0.27213472                  0.26437813                  0.16068701                  0.15307169                  0.14994366 
                  0.28887466                  0.28063458                  0.17065591                  0.16256493                  0.15923861 
                  0.30622444                  0.29748350                  0.18099704                  0.17241307                  0.16888095 
                  0.32417277                  0.31491396                  0.19170465                  0.18261066                  0.17886540 
                  0.34270525                  0.33291200                  0.20277116                  0.19315062                  0.18918505 
                  0.36180446                  0.35146084                  0.21418715                  0.20402411                  0.19983131 
                  0.38144979                  0.37054056                  0.22594139                  0.21522054                  0.21079381 
                  0.40161741                  0.39012820                  0.23802070                  0.22672747                  0.22206047 
                  0.42228031                  0.41019759                  0.25041005                  0.23853074                  0.23361742 
                  0.44340822                  0.43071958                  0.26309243                  0.25061429                  0.24544901 
                  0.46496767                  0.45166180                  0.27604887                  0.26296028                  0.25753787 
                  0.48692206                  0.47298878                  0.28925860                  0.27554908                  0.26986474 
                  0.50923163                  0.49466214                  0.30269882                  0.28835917                  0.28240871 
                  0.53185368                  0.51664054                  0.31634504                  0.30136734                  0.29514712 
                  0.55474252                  0.53887981                  0.33017096                  0.31454879                  0.30805570 
                  0.57784975                  0.56133312                  0.34414852                  0.32787701                  0.32110861 
                  0.60112429                  0.58395112                  0.35824808                  0.34132388                  0.33427849 
                  0.62451273                  0.60668206                  0.37243855                  0.35485995                  0.34753650 
                  0.64795929                  0.62947202                  0.38668725                  0.36845440                  0.36085254 
                  0.67140645                  0.65226531                  0.40096045                  0.38207519                  0.37419534 
                  0.69479471                  0.67500424                  0.41522306                  0.39568910                  0.38753250 
                  0.71806306                  0.69762987                  0.42943910                  0.40926212                  0.40083072 
                  0.74114937                  0.72008204                  0.44357175                  0.42275921                  0.41405588 
                  0.76399070                  0.74229956                  0.45758352                  0.43614489                  0.42717326 
                  0.78652328                  0.76422083                  0.47143647                  0.44938314                  0.44014770 
                  0.80868304                  0.78578383                  0.48509216                  0.46243754                  0.45294359 
                  0.83040619                  0.80692655                  0.49851227                  0.47527167                  0.46552527 
                  0.85162908                  0.82758731                  0.51165837                  0.48784912                  0.47785717 
                  0.87228876                  0.84770525                  0.52449250                  0.50013357                  0.48990390 
                  0.89232349                  0.86722028                  0.53697699                  0.51208925                  0.50163054 
                  0.91167271                  0.88607371                  0.54907501                  0.52368116                  0.51300269 
                  0.93027771                  0.90420848                  0.56075042                  0.53487498                  0.52398676 
                  0.94808173                  0.92156953                  0.57196826                  0.54563719                  0.53455013 
                  0.96503025                  0.93810391                  0.58269471                  0.55593568                  0.54466128 
                  0.98107153                  0.95376122                  0.59289747                  0.56573957                  0.55429000 
                  0.99615669                  0.96849394                  0.60254598                  0.57501954                  0.56340754 
                  1.01023996                  0.98225766                  0.61161101                  0.58374798                  0.57198668 
                  1.02327919                  0.99501109                  0.62006581                  0.59189886                  0.58000219 
                  1.03523576                  1.00671661                  0.62788552                  0.59944838                  0.58743054 
                  1.04607499                  1.01734030                  0.63504732                  0.60637462                  0.59425020 
                  1.05576611                  1.02685213                  0.64153069                  0.61265796                  0.60044199 
                  1.06428266                  1.03522611                  0.64731783                  0.61828101                  0.60598874 
                  1.07160234                  1.04244053                  0.65239328                  0.62322867                  0.61087561 
                  1.07770753                  1.04847777                  0.65674400                  0.62748843                  0.61509019 
                  1.08258498                  1.05332470                  0.66035992                  0.63105017                  0.61862248 
                  1.08622587                  1.05697238                  0.66323340                  0.63390630                  0.62146491 
                  1.08862615                  1.05941629                  0.66535950                  0.63605183                  0.62361246 
                  1.08978593                  1.06065655                  0.66673613                  0.63748431                  0.62506258 
                  1.08971012                  1.06069720                  0.66736388                  0.63820386                  0.62581515 
                  1.08840787                  1.05954695                  0.66724575                  0.63821298                  0.62587261 
                  1.08589256                  1.05721843                  0.66638768                  0.63751680                  0.62523967 
                  1.08218205                  1.05372822                  0.66479790                  0.63612276                  0.62392360 
                  1.07729793                  1.04909706                  0.66248721                  0.63404077                  0.62193388 
                  1.07126558                  1.04334950                  0.65946877                  0.63128293                  0.61928207 
                  1.06411445                  1.03651309                  0.65575802                  0.62786371                  0.61598200 
                  1.05587697                  1.02861941                  0.65137267                  0.62379909                  0.61204958 
                  1.04658902                  1.01970279                  0.64633232                  0.61910760                  0.60750246 
                  1.03628957                  1.00980055                  0.64065856                  0.61380941                  0.60236031 
                  1.02502000                  0.99895269                  0.63437468                  0.60792631                  0.59664428 
                  1.01282442                  0.98720163                  0.62750578                  0.60148168                  0.59037709 
                  0.99974912                  0.97459173                  0.62007803                  0.59450030                  0.58358276 
                  0.98584205                  0.96116948                  0.61211920                  0.58700830                  0.57628673 
                  0.97115302                  0.94698280                  0.60365808                  0.57903266                  0.56851542 
                  0.95573312                  0.93208098                  0.59472466                  0.57060158                  0.56029612 
                  0.93963444                  0.91651469                  0.58534932                  0.56174397                  0.55165696 
                  0.92290998                  0.90033472                  0.57556337                  0.55248922                  0.54262680 
                  0.90561306                  0.88359296                  0.56539845                  0.54286724                  0.53323478 
                  0.88779736                  0.86634135                  0.55488658                  0.53290844                  0.52351046 
                  0.86951661                  0.84863186                  0.54405981                  0.52264333                  0.51348364 
                  0.85082418                  0.83051616                  0.53295034                  0.51210237                  0.50318420 
                  0.83177298                  0.81204569                  0.52159023                  0.50131589                  0.49264175 
                  0.81241524                  0.79327089                  0.51001126                  0.49031419                  0.48188573 
                  0.79280216                  0.77424169                  0.49824458                  0.47912693                  0.47094536 
                  0.77298379                  0.75500673                  0.48632097                  0.46778348                  0.45984927 
                  0.75300908                  0.73561347                  0.47427052                  0.45631248                  0.44862556 
                  0.73292530                  0.71610796                  0.46212262                  0.44474205                  0.43730167 
                  0.71277827                  0.69653469                  0.44990563                  0.43309933                  0.42590427 
                  0.69261193                  0.67693657                  0.43764725                  0.42141059                  0.41445920 
                  0.67246842                  0.65735459                  0.42537379                  0.40970132                  0.40299132 
                  0.65238798                  0.63782793                  0.41311073                  0.39799589                  0.39152455 
                  0.63240862                  0.61839384                  0.40088230                  0.38631761                  0.38008171 
                  0.61256641                  0.59908754                  0.38871157                  0.37468851                  0.36868465 
                  0.59289515                  0.57994217                  0.37662035                  0.36312968                  0.35735393 
                  0.57342666                  0.56098866                  0.36462918                  0.35166091                  0.34610909 
                  0.55419034                  0.54225594                  0.35275722                  0.34030080                  0.33496845 
                  0.53521353                  0.52377081                  0.34102231                  0.32906663                  0.32394898 
                  0.51652110                  0.50555778                  0.32944122                  0.31797451                  0.31306666 
                  0.49813610                  0.48763937                  0.31802922                  0.30703932                  0.30233610 
                  0.48007917                  0.47003597                  0.30680022                  0.29627463                  0.29177079 
                  0.46236879                  0.45276597                  0.29576695                  0.28569293                  0.28138295 
                  0.44502154                  0.43584564                  0.28494084                  0.27530539                  0.27118367 
                  0.42805183                  0.41928926                  0.27433208                  0.26512197                  0.26118287 
                  0.41147220                  0.40310937                  0.26394963                  0.25515157                  0.25138938 
                  0.39529330                  0.38731661                  0.25380135                  0.24540190                  0.24181090 
                  0.37952396                  0.37191975                  0.24389389                  0.23587963                  0.23245409 
                  0.36417127                  0.35692602                  0.23423286                  0.22659039                  0.22332454 
                  0.34924066                  0.34234098                  0.22482279                  0.21753882                  0.21442692 
                  0.33473605                  0.32816869                  0.21566725                  0.20872857                  0.20576495 
                  0.32065988                  0.31441179                  0.20676886                  0.20016241                  0.19734147 
                  0.30701318                  0.30107155                  0.19812933                  0.19184224                  0.18915842 
                  0.29379570                  0.28814799                  0.18974957                  0.18376917                  0.18121703 
                  0.28100607                  0.27563989                  0.18162969                  0.17594352                  0.17351770 
                  0.26864174                  0.26354504                  0.17376903                  0.16836494                  0.16606018 
                  0.25669914                  0.25186020                  0.16616635                  0.16103239                  0.15884358 
                  0.24517381                  0.24058121                  0.15881971                  0.15394428                  0.15186638 
                  0.23406041                  0.22970307                  0.15172659                  0.14709839                  0.14512654 
                  0.22335285                  0.21922004                  0.14488396                  0.14049202                  0.13862146 
                  0.21304438                  0.20912570                  0.13828838                  0.13412201                  0.13234815 
                  0.20312761                  0.19941300                  0.13193589                  0.12798478                  0.12630317 
                  0.19359463                  0.19007443                  0.12582226                  0.12207638                  0.12048269 
                  0.18443711                  0.18110196                  0.11994281                  0.11639249                  0.11488260 
                  0.17564629                  0.17248720                  0.11429263                  0.11092860                  0.10949846 
                  0.16721307                  0.16422141                  0.10886653                  0.10567982                  0.10432559 
                  0.15912810                  0.15629557                  0.10365917                  0.10064116                  0.09935910 
                  0.15138182                  0.14870048                  0.09866497                  0.09580737                  0.09459390 
                  0.14396450                  0.14142673                  0.09387822                  0.09117307                  0.09002478 
                  0.13686627                  0.13446477                  0.08929311                  0.08673278                  0.08564638 
                  0.13007721                  0.12780502                  0.08490373                  0.08248092                  0.08145328 
                  0.12358737                  0.12143785                  0.08070414                  0.07841185                  0.07743995 
                  0.11738681                  0.11535360                  0.07668833                  0.07451990                  0.07360087 
                  0.11146563                  0.10954268                  0.07285035                  0.07079935                  0.06993045 
                  0.10581399                  0.10399552                  0.06918417                  0.06724455                  0.06642316 
                  0.10042215                  0.09870268                  0.06568386                  0.06384984                  0.06307343 
                  0.09528051                  0.09365483                  0.06234354                  0.06060956                  0.05987578 
                  0.09037960                  0.08884271                  0.05915739                  0.05751817                  0.05682475 
                  0.08571013                  0.08425731                  0.05611964                  0.05457018                  0.05391497 
                  0.08126297                  0.07988973                  0.05322465                  0.05176017                  0.05114112 
                  0.07702920                  0.07573129                  0.05046686                  0.04908284                  0.04849800 
                  0.07300010                  0.07177348                  0.04784083                  0.04653295                  0.04598048 
                  0.06916720                  0.06800801                  0.04534124                  0.04410542                  0.04358357 
                  0.06552219                  0.06442682                  0.04296290                  0.04179525                  0.04130237 
                  0.06205706                  0.06102204                  0.04070076                  0.03959760                  0.03913209 
                  0.05876400                  0.05778607                  0.03854987                  0.03750772                  0.03706810 
                  0.05563545                  0.05471151                  0.03650548                  0.03552101                  0.03510586 
                  0.05266409                  0.05179121                  0.03456292                  0.03363300                  0.03324099 
                  0.04984284                  0.04901823                  0.03271772                  0.03183938                  0.03146923 
                  0.04716489                  0.04638592                  0.03096553                  0.03013595                  0.02978645 
                  0.04462362                  0.04388781                  0.02930213                  0.02851865                  0.02818866 
                  0.04221271                  0.04151769                  0.02772348                  0.02698357                  0.02667202 
                  0.03992603                  0.03926957                  0.02622566                  0.02552693                  0.02523281 
                  0.03775772                  0.03713771                  0.02480491                  0.02414509                  0.02386743 
                  0.03570212                  0.03511656                  0.02345759                  0.02283455                  0.02257244 
                  0.03375382                  0.03320082                  0.02218023                  0.02159194                  0.02134451 
                  0.03190761                  0.03138538                  0.02096947                  0.02041402                  0.02018046 
                  0.03015851                  0.02966537                  0.01982210                  0.01929768                  0.01907722 
                  0.02850175                  0.02803610                  0.01873504                  0.01823993                  0.01803185 
                  0.02693276                  0.02649309                  0.01770533                  0.01723791                  0.01704152 
                  0.02544717                  0.02503204                  0.01673015                  0.01628889                  0.01610354 
                  0.02404080                  0.02364886                  0.01580678                  0.01539024                  0.01521531 
                  0.02270966                  0.02233963                  0.01493265                  0.01453945                  0.01437435 
                  0.02144993                  0.02110061                  0.01410526                  0.01373412                  0.01357832 
                  0.02025799                  0.01992824                  0.01332227                  0.01297196                  0.01282493 
                  0.01913036                  0.01881909                  0.01258141                  0.01225077                  0.01211203 
                  0.01806374                  0.01776992                  0.01188054                  0.01156848                  0.01143756 
                  0.01705497                  0.01677765                  0.01121759                  0.01092307                  0.01079954 
                  0.01610105                  0.01583931                  0.01059061                  0.01031267                  0.01019611 
                  0.01519912                  0.01495210                  0.00999774                  0.00973545                  0.00962547 
                  0.01434647                  0.01411335                  0.00943720                  0.00918969                  0.00908593 
                  0.01354050                  0.01332051                  0.00890729                  0.00867374                  0.00857585 
                  0.01277876                  0.01257117                  0.00840643                  0.00818605                  0.00809370 
                  0.01205891                  0.01186303                  0.00793306                  0.00772513                  0.00763801 
                  0.01137871                  0.01119390                  0.00748574                  0.00728956                  0.00720738 
                  0.01073607                  0.01056170                  0.00706309                  0.00687800                  0.00680048 
                  0.01012897                  0.00996446                  0.00666379                  0.00648917                  0.00641605 
                  0.00955552                  0.00940032                  0.00628659                  0.00612187                  0.00605289 
                  0.00901389                  0.00886749                  0.00593032                  0.00577492                  0.00570987 
                  0.00850239                  0.00836429                  0.00559383                  0.00544725                  0.00538589 
                  0.00801937                  0.00788911                  0.00527608                  0.00513782                  0.00507995 
                  0.00756330                  0.00744043                  0.00497604                  0.00484563                  0.00479106 
                  0.00713272                  0.00701683                  0.00469276                  0.00456976                  0.00451829 
                  0.00672623                  0.00661693                  0.00442533                  0.00430932                  0.00426079 
                  0.00634252                  0.00623945                  0.00417287                  0.00406347                  0.00401770 
                  0.00598034                  0.00588315                  0.00393458                  0.00383141                  0.00378825 
                  0.00563853                  0.00554687                  0.00370968                  0.00361238                  0.00357169 
                  0.00531595                  0.00522952                  0.00349743                  0.00340568                  0.00336732 
                  0.00501154                  0.00493005                  0.00329714                  0.00321063                  0.00317445 
                  0.00472432                  0.00464749                  0.00310815                  0.00302658                  0.00299247 
                  0.00445332                  0.00438088                  0.00292983                  0.00285292                  0.00282077 
                  0.00419765                  0.00412936                  0.00276160                  0.00268909                  0.00265878 
                  0.00395646                  0.00389208                  0.00260290                  0.00253454                  0.00250597 
                  0.00372894                  0.00366826                  0.00245319                  0.00238875                  0.00236181 
                  0.00351434                  0.00345714                  0.00231198                  0.00225123                  0.00222584 
                  0.00331193                  0.00325801                  0.00217880                  0.00212153                  0.00209760 
                  0.00312104                  0.00307022                  0.00205319                  0.00199921                  0.00197666 
                  0.00294102                  0.00289312                  0.00193474                  0.00188385                  0.00186260 
                  0.00277126                  0.00272611                  0.00182304                  0.00177507                  0.00175504 
                  0.00261118                  0.00256863                  0.00171771                  0.00167250                  0.00165362 
                  0.00246025                  0.00242015                  0.00161840                  0.00157579                  0.00155800 
                  0.00231794                  0.00228016                  0.00152476                  0.00148461                  0.00146785 
                  0.00218378                  0.00214818                  0.00143649                  0.00139865                  0.00138285 
                  0.00205730                  0.00202375                  0.00135327                  0.00131761                  0.00130272 
                  0.00193807                  0.00190646                  0.00127482                  0.00124122                  0.00122719 
                  0.00182568                  0.00179590                  0.00120087                  0.00116921                  0.00115600 
                  0.00171975                  0.00169169                  0.00113118                  0.00110134                  0.00108889 
                  0.00161990                  0.00159346                  0.00106548                  0.00103737                  0.00102564 
                  0.00152579                  0.00150089                  0.00100357                  0.00097708                  0.00096603 
                  0.00143710                  0.00141364                  0.00094522                  0.00092026                  0.00090985 
                  0.00135352                  0.00133142                  0.00089023                  0.00086672                  0.00085691 
                  0.00127476                  0.00125394                  0.00083841                  0.00081626                  0.00080702 
                  0.00120054                  0.00118093                  0.00078959                  0.00076872                  0.00076002 
                  0.00113061                  0.00111213                  0.00074358                  0.00072392                  0.00071572 
                  0.00106471                  0.00104731                  0.00070023                  0.00068171                  0.00067399 
                  0.00100262                  0.00098623                  0.00065938                  0.00064194                  0.00063467 
                  0.00094413                  0.00092869                  0.00062090                  0.00060448                  0.00059762 
                  0.00088902                  0.00087448                  0.00058465                  0.00056918                  0.00056273 
                  0.00083710                  0.00082341                  0.00055050                  0.00053593                  0.00052985 
                  0.00078820                  0.00077530                  0.00051833                  0.00050460                  0.00049888 
                  0.00074212                  0.00072998                  0.00048802                  0.00047510                  0.00046971 
                  0.00069873                  0.00068729                  0.00045948                  0.00044730                  0.00044223 
                  0.00065785                  0.00064708                  0.00043259                  0.00042112                  0.00041634 
                  0.00061934                  0.00060921                  0.00040726                  0.00039646                  0.00039196 
                  0.00058308                  0.00057353                  0.00038341                  0.00037324                  0.00036900 
                  0.00054892                  0.00053993                  0.00036094                  0.00035137                  0.00034738 
                  0.00051676                  0.00050829                  0.00033979                  0.00033077                  0.00032701 
                  0.00048646                  0.00047849                  0.00031986                  0.00031137                  0.00030783 
                  0.00045793                  0.00045043                  0.00030110                  0.00029310                  0.00028977 
                  0.00043106                  0.00042400                  0.00028343                  0.00027590                  0.00027276 
                  0.00040576                  0.00039911                  0.00026679                  0.00025970                  0.00025675 
                  0.00038194                  0.00037567                  0.00025112                  0.00024444                  0.00024166 
                  0.00035950                  0.00035361                  0.00023636                  0.00023008                  0.00022746 
                  0.00033838                  0.00033283                  0.00022247                  0.00021656                  0.00021409 
                  0.00031849                  0.00031326                  0.00020939                  0.00020382                  0.00020150 
                  0.00029976                  0.00029484                  0.00019708                  0.00019183                  0.00018965 
                  0.00028213                  0.00027750                  0.00018548                  0.00018055                  0.00017849 
                  0.00026553                  0.00026117                  0.00017457                  0.00016992                  0.00016798 
                  0.00024990                  0.00024580                  0.00016429                  0.00015991                  0.00015809 
                  0.00023519                  0.00023133                  0.00015461                  0.00015050                  0.00014878 
                  0.00022133                  0.00021770                  0.00014551                  0.00014163                  0.00014002 
                  0.00020829                  0.00020487                  0.00013693                  0.00013328                  0.00013176 
                  0.00019602                  0.00019280                  0.00012886                  0.00012543                  0.00012400 
                  0.00018446                  0.00018143                  0.00012126                  0.00011803                  0.00011668 
                  0.00017359                  0.00017073                  0.00011411                  0.00011107                  0.00010980 
                  0.00016335                  0.00016066                  0.00010738                  0.00010451                  0.00010332 
                  0.00015371                  0.00015118                  0.00010104                  0.00009834                  0.00009722 
                  0.00014464                  0.00014226                  0.00009508                  0.00009254                  0.00009148 
                  0.00013610                  0.00013386                  0.00008946                  0.00008707                  0.00008608 
                  0.00012806                  0.00012596                  0.00008418                  0.00008193                  0.00008100 
                  0.00012050                  0.00011852                  0.00007921                  0.00007709                  0.00007621 
                  0.00011338                  0.00011151                  0.00007452                  0.00007253                  0.00007171 
                  0.00010668                  0.00010492                  0.00007012                  0.00006825                  0.00006747 
                  0.00010037                  0.00009872                  0.00006597                  0.00006421                  0.00006348 
                  0.00009444                  0.00009288                  0.00006207                  0.00006041                  0.00005972 
                  0.00008885                  0.00008739                  0.00005840                  0.00005684                  0.00005619 
                  0.00008360                  0.00008222                  0.00005495                  0.00005348                  0.00005286 
                  0.00007865                  0.00007736                  0.00005169                  0.00005031                  0.00004974 
                  0.00007399                  0.00007278                  0.00004863                  0.00004733                  0.00004679 
                  0.00006961                  0.00006847                  0.00004575                  0.00004453                  0.00004402 
                  0.00006549                  0.00006441                  0.00004304                  0.00004189                  0.00004141 
                  0.00006161                  0.00006060                  0.00004049                  0.00003941                  0.00003896 
                  0.00005796                  0.00005701                  0.00003810                  0.00003708                  0.00003665 
                  0.00005453                  0.00005363                  0.00003584                  0.00003488                  0.00003448 
                  0.00005130                  0.00005045                  0.00003371                  0.00003281                  0.00003244 
                  0.00004826                  0.00004746                  0.00003172                  0.00003087                  0.00003051 
                  0.00004540                  0.00004465                  0.00002983                  0.00002904                  0.00002870 
                  0.00004270                  0.00004200                  0.00002807                  0.00002731                  0.00002700 
                  0.00004017                  0.00003951                  0.00002640                  0.00002569                  0.00002540 
                  0.00003779                  0.00003717                  0.00002483                  0.00002417                  0.00002389 
                  0.00003555                  0.00003496                  0.00002336                  0.00002273                  0.00002247 
                  0.00003344                  0.00003289                  0.00002197                  0.00002139                  0.00002114 
                  0.00003145                  0.00003093                  0.00002067                  0.00002012                  0.00001989 
                  0.00002959                  0.00002910                  0.00001944                  0.00001892                  0.00001870 
                  0.00002783                  0.00002737                  0.00001829                  0.00001780                  0.00001759 
                  0.00002618                  0.00002575                  0.00001720                  0.00001674                  0.00001655 
                  0.00002462                  0.00002422                  0.00001618                  0.00001575                  0.00001557 
                  0.00002316                  0.00002278                  0.00001522                  0.00001481                  0.00001464 
                  0.00002178                  0.00002142                  0.00001431                  0.00001393                  0.00001377 
                  0.00002049                  0.00002015                  0.00001346                  0.00001310                  0.00001295 
                  0.00001927                  0.00001895                  0.00001266                  0.00001232                  0.00001218 
                  0.00001813                  0.00001783                  0.00001191                  0.00001159                  0.00001146 
                  0.00001705                  0.00001677                  0.00001120                  0.00001090                  0.00001078 
                  0.00001603                  0.00001577                  0.00001054                  0.00001025                  0.00001014 
                  0.00001508                  0.00001483                  0.00000991                  0.00000964                  0.00000953 
                  0.00001418                  0.00001395                  0.00000932                  0.00000907                  0.00000897 
                  0.00001334                  0.00001312                  0.00000877                  0.00000853                  0.00000843 
                  0.00001255                  0.00001234                  0.00000824                  0.00000802                  0.00000793 
                  0.00001180                  0.00001160                  0.00000775                  0.00000754                  0.00000746 
                  0.00001110                  0.00001091                  0.00000729                  0.00000710                  0.00000701 
                  0.00001044                  0.00001026                  0.00000686                  0.00000667                  0.00000660 
                  0.00000982                  0.00000965                  0.00000645                  0.00000628                  0.00000620 
                  0.00000923                  0.00000908                  0.00000607                  0.00000590                  0.00000583 
                  0.00000868                  0.00000854                  0.00000570                  0.00000555                  0.00000549 
                  0.00000816                  0.00000803                  0.00000536                  0.00000522                  0.00000516 
                  0.00000768                  0.00000755                  0.00000504                  0.00000491                  0.00000485 
                  0.00000722                  0.00000710                  0.00000474                  0.00000462                  0.00000456 
                  0.00000679                  0.00000668                  0.00000446                  0.00000434                  0.00000429 
                  0.00000639                  0.00000628                  0.00000420                  0.00000408                  0.00000404 
                  0.00000601                  0.00000591                  0.00000395                  0.00000384                  0.00000380 
                  0.00000565                  0.00000555                  0.00000371                  0.00000361                  0.00000357 
                  0.00000531                  0.00000522                  0.00000349                  0.00000340                  0.00000336 
                  0.00000499                  0.00000491                  0.00000328                  0.00000319                  0.00000316 
                  0.00000470                  0.00000462                  0.00000309                  0.00000300                  0.00000297 
                  0.00000442                  0.00000434                  0.00000290                  0.00000282                  0.00000279 
                  0.00000415                  0.00000408                  0.00000273                  0.00000266                  0.00000262 
                  0.00000391                  0.00000384                  0.00000257                  0.00000250                  0.00000247 
                  0.00000367                  0.00000361                  0.00000241                  0.00000235                  0.00000232 
                  0.00000345                  0.00000340                  0.00000227                  0.00000221                  0.00000218 
                  0.00000325                  0.00000319                  0.00000213                  0.00000208                  0.00000205 
                  0.00000305                  0.00000300                  0.00000201                  0.00000195                  0.00000193 
                  0.00000287                  0.00000282                  0.00000189                  0.00000184                  0.00000181 
                  0.00000270                  0.00000266                  0.00000177                  0.00000173                  0.00000171 
                  0.00000254                  0.00000250                  0.00000167                  0.00000162                  0.00000160 
                  0.00000239                  0.00000235                  0.00000157                  0.00000153                  0.00000151 
                  0.00000225                  0.00000221                  0.00000147                  0.00000144                  0.00000142 
                  0.00000211                  0.00000208                  0.00000139                  0.00000135                  0.00000133 
                  0.00000199                  0.00000195                  0.00000130                  0.00000127                  0.00000125 
                  0.00000187                  0.00000184                  0.00000123                  0.00000119                  0.00000118 
                  0.00000176                  0.00000173                  0.00000115                  0.00000112                  0.00000111 
                  0.00000165                  0.00000162                  0.00000108                  0.00000105                  0.00000104 
                  0.00000155                  0.00000153                  0.00000102                  0.00000099                  0.00000098 
                  0.00000146                  0.00000143                  0.00000096                  0.00000093                  0.00000092 
                  0.00000137                  0.00000135                  0.00000090                  0.00000088                  0.00000087 
                  0.00000129                  0.00000127                  0.00000085                  0.00000082                  0.00000082 
                  0.00000121                  0.00000119                  0.00000080                  0.00000078                  0.00000077 
                  0.00000114                  0.00000112                  0.00000075                  0.00000073                  0.00000072 
                  0.00000107                  0.00000105                  0.00000070                  0.00000069                  0.00000068 
                  0.00000101                  0.00000099                  0.00000066                  0.00000064                  0.00000064 
                  0.00000095                  0.00000093                  0.00000062                  0.00000061                  0.00000060 
                  0.00000089                  0.00000088                  0.00000059                  0.00000057                  0.00000056 
                  0.00000084                  0.00000082                  0.00000055                  0.00000054                  0.00000053 
                  0.00000079                  0.00000077                  0.00000052                  0.00000050                  0.00000050 
                  0.00000074                  0.00000073                  0.00000049                  0.00000047                  0.00000047 
                  0.00000070                  0.00000069                  0.00000046                  0.00000045                  0.00000044 
                  0.00000065                  0.00000064                  0.00000043                  0.00000042                  0.00000041 
                  0.00000062                  0.00000061                  0.00000040                  0.00000039                  0.00000039 
                  0.00000058                  0.00000057                  0.00000038                  0.00000037                  0.00000037 
                  0.00000054                  0.00000054                  0.00000036                  0.00000035                  0.00000034 
                  0.00000051                  0.00000050                  0.00000034                  0.00000033                  0.00000032 
                  0.00000048                  0.00000047                  0.00000032                  0.00000031                  0.00000030 
                  0.00000045                  0.00000044                  0.00000030                  0.00000029                  0.00000029 
                  0.00000043                  0.00000042                  0.00000028                  0.00000027                  0.00000027 
                  0.00000040                  0.00000039                  0.00000026                  0.00000026                  0.00000025 
                  0.00000038                  0.00000037                  0.00000025                  0.00000024                  0.00000024 
                  0.00000035                  0.00000035                  0.00000023                  0.00000023                  0.00000022 
                  0.00000033                  0.00000033                  0.00000022                  0.00000021                  0.00000021 
                  0.00000031                  0.00000031                  0.00000021                  0.00000020                  0.00000020 
                  0.00000029                  0.00000029                  0.00000019                  0.00000019                  0.00000019 
                  0.00000028                  0.00000027                  0.00000018                  0.00000018                  0.00000017 
                  0.00000026                  0.00000026                  0.00000017                  0.00000017                  0.00000016 
                  0.00000024                  0.00000024                  0.00000016                  0.00000016                  0.00000015 
                  0.00000023                  0.00000023                  0.00000015                  0.00000015                  0.00000015 
                  0.00000022                  0.00000021                  0.00000014                  0.00000014                  0.00000014 
                  0.00000020                  0.00000020                  0.00000013                  0.00000013                  0.00000013 
                  0.00000019                  0.00000019                  0.00000013                  0.00000012                  0.00000012 
                  0.00000018                  0.00000018                  0.00000012                  0.00000011                  0.00000011 
                  0.00000017                  0.00000017                  0.00000011                  0.00000011                  0.00000011 
                  0.00000016                  0.00000016                  0.00000010                  0.00000010                  0.00000010 
                  0.00000015                  0.00000015                  0.00000010                  0.00000010                  0.00000009 
                  0.00000014                  0.00000014                  0.00000009                  0.00000009                  0.00000009 
                  0.00000013                  0.00000013                  0.00000009                  0.00000008                  0.00000008 
                  0.00000012                  0.00000012                  0.00000008                  0.00000008                  0.00000008 
                  0.00000012                  0.00000011                  0.00000008                  0.00000007                  0.00000007 
                  0.00000011                  0.00000011                  0.00000007                  0.00000007                  0.00000007 
                  0.00000010                  0.00000010                  0.00000007                  0.00000007                  0.00000006 
                  0.00000010                  0.00000010                  0.00000006                  0.00000006                  0.00000006 
                  0.00000009                  0.00000009                  0.00000006                  0.00000006                  0.00000006 
                  0.00000009                  0.00000008                  0.00000006                  0.00000005                  0.00000005 
                  0.00000008                  0.00000008                  0.00000005                  0.00000005                  0.00000005 
                  0.00000008                  0.00000007                  0.00000005                  0.00000005                  0.00000005 
                  0.00000007                  0.00000007                  0.00000005                  0.00000005                  0.00000004 
                  0.00000007                  0.00000007                  0.00000004                  0.00000004                  0.00000004 
                  0.00000006                  0.00000006                  0.00000004                  0.00000004                  0.00000004 
                  0.00000006                  0.00000006                  0.00000004                  0.00000004                  0.00000004 
                  0.00000006                  0.00000005                  0.00000004                  0.00000004                  0.00000004 
                  0.00000005                  0.00000005                  0.00000003                  0.00000003                  0.00000003 
                  0.00000005                  0.00000005                  0.00000003                  0.00000003                  0.00000003 
                  0.00000005                  0.00000005                  0.00000003                  0.00000003                  0.00000003 
                  0.00000004                  0.00000004                  0.00000003                  0.00000003                  0.00000003 
                  0.00000004                  0.00000004                  0.00000003                  0.00000003                  0.00000003 
                  0.00000004                  0.00000004                  0.00000003                  0.00000002                  0.00000002 
                  0.00000004                  0.00000004                  0.00000002                  0.00000002                  0.00000002 
                  0.00000003                  0.00000003                  0.00000002                  0.00000002                  0.00000002 
                  0.00000003                  0.00000003                  0.00000002                  0.00000002                  0.00000002 
                  0.00000003                  0.00000003                  0.00000002                  0.00000002                  0.00000002 
                  0.00000003                  0.00000003                  0.00000002                  0.00000002                  0.00000002 
                  0.00000003                  0.00000003                  0.00000002                  0.00000002                  0.00000002 
                  0.00000002                  0.00000002                  0.00000002                  0.00000002                  0.00000002 
                  0.00000002                  0.00000002                  0.00000002                  0.00000001                  0.00000001 
                  0.00000002                  0.00000002                  0.00000001                  0.00000001                  0.00000001 
                  0.00000002                  0.00000002                  0.00000001                  0.00000001                  0.00000001 
                  0.00000002                  0.00000002                  0.00000001                  0.00000001                  0.00000001 
                  0.00000002                  0.00000002                  0.00000001                  0.00000001                  0.00000001 
                  0.00000002                  0.00000002                  0.00000001                  0.00000001                  0.00000001 
                  0.00000002                  0.00000002                  0.00000001                  0.00000001                  0.00000001 
                  0.00000002                  0.00000001                  0.00000001                  0.00000001                  0.00000001 
                  0.00000001                  0.00000001                  0.00000001                  0.00000001                  0.00000001 
                  0.00000001                  0.00000001                  0.00000001                  0.00000001                  0.00000001 
                  0.00000001                  0.00000001                  0.00000001                  0.00000001                  0.00000001 
                  0.00000001                  0.00000001                  0.00000001                  0.00000001                  0.00000001 
                  0.00000001                  0.00000001                  0.00000001                  0.00000001                  0.00000001 
                  0.00000001                  0.00000001                  0.00000001                  0.00000001                  0.00000001 
                  0.00000001                  0.00000001                  0.00000001                  0.00000001                  0.00000001 
                  0.00000001                  0.00000001                  0.00000001                  0.00000001                  0.00000001 
                  0.00000001                  0.00000001                  0.00000001                  0.00000001                  0.00000001 
                  0.00000001                  0.00000001                  0.00000001                  0.00000001                  0.00000001 
                  0.00000001                  0.00000001                  0.00000001                  0.00000000                  0.00000000 
                  0.00000001                  0.00000001                  0.00000000                  0.00000000                  0.00000000 
                  0.00000001                  0.00000001                  0.00000000                  0.00000000                  0.00000000 
                  0.00000001                  0.00000001                  0.00000000                  0.00000000                  0.00000000 
                  0.00000001                  0.00000001                  0.00000000                  0.00000000                  0.00000000 
                  0.00000001                  0.00000001                  0.00000000                  0.00000000                  0.00000000 
                  0.00000001                  0.00000001                  0.00000000                  0.00000000                  0.00000000 
                  0.00000000                  0.00000000                  0.00000000                  0.00000000                  0.00000000 
                  0.00000000                  0.00000000                  0.00000000                  0.00000000                  0.00000000 
                  0.00000000                  0.00000000                  0.00000000                  0.00000000                  0.00000000 
                  0.00000000                  0.00000000                  0.00000000                  0.00000000                  0.00000000 
                  0.00000000                  0.00000000                  0.00000000                  0.00000000                  0.00000000 
                  0.00000000                  0.00000000                  0.00000000                  0.00000000                  0.00000000 
                  0.00000000                  0.00000000                  0.00000000                  0.00000000                  0.00000000 
                  0.00000000                  0.00000000                  0.00000000                  0.00000000                  0.00000000 
                  0.00000000                  0.00000000                  0.00000000                  0.00000000                  0.00000000 
                  0.00000000                  0.00000000                  0.00000000                  0.00000000                  0.00000000 
                  0.00000000                  0.00000000                  0.00000000                  0.00000000                  0.00000000 
                  0.00000000                  0.00000000                  0.00000000                  0.00000000                  0.00000000 
                  0.00000000                  0.00000000                  0.00000000                  0.00000000                  0.00000000 
                  0.00000000                  0.00000000                  0.00000000                  0.00000000                  0.00000000 
                  0.00000000                  0.00000000                  0.00000000                  0.00000000                  0.00000000 
                  0.00000000                  0.00000000                  0.00000000                  0.00000000                  0.00000000 
                  0.00000000                  0.00000000                  0.00000000                  0.00000000                  0.00000000 
                  0.00000000                  0.00000000                  0.00000000                  0.00000000                  0.00000000 
                  0.00000000                  0.00000000                  0.00000000                  0.00000000                  0.00000000 
                  0.00000000                  0.00000000                  0.00000000                  0.00000000                  0.00000000 
                  0.00000000                  0.00000000                  0.00000000                  0.00000000                  0.00000000 
                  0.00000000                  0.00000000                  0.00000000                  0.00000000                  0.00000000 
                  0.00000000                  0.00000000                  0.00000000                  0.00000000                  0.00000000 
                  0.00000000                  0.00000000                  0.00000000                  0.00000000                  0.00000000 
                  0.00000000                  0.00000000                  0.00000000                  0.00000000                  0.00000000 
                  0.00000000                  0.00000000                  0.00000000                  0.00000000                  0.00000000 
                  0.00000000                  0.00000000                  0.00000000                  0.00000000                  0.00000000 
                  0.00000000                  0.00000000                  0.00000000                  0.00000000                  0.00000000 
                  0.00000000                  0.00000000                  0.00000000                  0.00000000                  0.00000000 
