        0.00000000        0.00000000        0.00000000        0.00000000        0.00000000        0.00000000        0.00000000 
       -0.00000000       -0.00000000       -0.00000000        0.00000000        0.00000000        0.00000000        0.00000000 
        0.00000000        0.00000000       -0.00000066        0.00000066        0.00000000        0.00000000        0.00000000 
        0.00000000        0.00000004       -0.00000212        0.00000183        0.00000024        0.00000000        0.00000000 
        0.00000000        0.00000002       -0.00000450        0.00000378        0.00000057        0.00000010        0.00000000 
        0.00000001       -0.00000010       -0.00000778        0.00000630        0.00000117        0.00000030        0.00000007 
        0.00000002       -0.00000024       -0.00001162        0.00000892        0.00000205        0.00000061        0.00000023 
       -0.00000001       -0.00000046       -0.00001615        0.00001191        0.00000309        0.00000106        0.00000052 
       -0.00000010       -0.00000078       -0.00002143        0.00001538        0.00000436        0.00000159        0.00000091 
       -0.00000027       -0.00000120       -0.00002766        0.00001945        0.00000599        0.00000220        0.00000139 
       -0.00000054       -0.00000177       -0.00003484        0.00002414        0.00000795        0.00000306        0.00000189 
       -0.00000095       -0.00000258       -0.00004300        0.00002953        0.00001030        0.00000412        0.00000247 
       -0.00000150       -0.00000372       -0.00005219        0.00003566        0.00001299        0.00000541        0.00000322 
       -0.00000220       -0.00000514       -0.00006260        0.00004258        0.00001609        0.00000696        0.00000415 
       -0.00000310       -0.00000700       -0.00007421        0.00005032        0.00001969        0.00000883        0.00000528 
       -0.00000420       -0.00000929       -0.00008721        0.00005899        0.00002382        0.00001104        0.00000665 
       -0.00000554       -0.00001206       -0.00010173        0.00006867        0.00002851        0.00001361        0.00000829 
       -0.00000716       -0.00001529       -0.00011792        0.00007948        0.00003380        0.00001656        0.00001027 
       -0.00000906       -0.00001913       -0.00013593        0.00009152        0.00003976        0.00001994        0.00001262 
       -0.00001130       -0.00002363       -0.00015593        0.00010492        0.00004647        0.00002381        0.00001534 
       -0.00001394       -0.00002879       -0.00017813        0.00011982        0.00005400        0.00002822        0.00001847 
       -0.00001701       -0.00003469       -0.00020278        0.00013637        0.00006243        0.00003321        0.00002208 
       -0.00002055       -0.00004143       -0.00023009        0.00015473        0.00007184        0.00003885        0.00002623 
       -0.00002462       -0.00004907       -0.00026033        0.00017506        0.00008235        0.00004521        0.00003095 
       -0.00002930       -0.00005769       -0.00029381        0.00019758        0.00009405        0.00005235        0.00003633 
       -0.00003464       -0.00006738       -0.00033083        0.00022248        0.00010708        0.00006039        0.00004238 
       -0.00004070       -0.00007827       -0.00037174        0.00025000        0.00012156        0.00006939        0.00004919 
       -0.00004756       -0.00009046       -0.00041693        0.00028041        0.00013763        0.00007945        0.00005686 
       -0.00005532       -0.00010407       -0.00046680        0.00031399        0.00015544        0.00009067        0.00006545 
       -0.00006406       -0.00011925       -0.00052182        0.00035103        0.00017520        0.00010316        0.00007507 
       -0.00007387       -0.00013616       -0.00058247        0.00039187        0.00019708        0.00011705        0.00008579 
       -0.00008488       -0.00015497       -0.00064928        0.00043687        0.00022129        0.00013248        0.00009774 
       -0.00009720       -0.00017585       -0.00072283        0.00048642        0.00024805        0.00014960        0.00011103 
       -0.00011097       -0.00019902       -0.00080376        0.00054096        0.00027758        0.00016857        0.00012581 
       -0.00012632       -0.00022469       -0.00089276        0.00060094        0.00031018        0.00018958        0.00014220 
       -0.00014340       -0.00025312       -0.00099058        0.00066689        0.00034612        0.00021282        0.00016037 
       -0.00016241       -0.00028456       -0.00109802        0.00073933        0.00038573        0.00023850        0.00018049 
       -0.00018352       -0.00031932       -0.00121595        0.00081886        0.00042934        0.00026686        0.00020275 
       -0.00020693       -0.00035769       -0.00134535        0.00090613        0.00047733        0.00029814        0.00022735 
       -0.00023286       -0.00040004       -0.00148723        0.00100183        0.00053011        0.00033263        0.00025452 
       -0.00026156       -0.00044674       -0.00164271        0.00110672        0.00058812        0.00037062        0.00028449 
       -0.00029330       -0.00049821       -0.00181300        0.00122161        0.00065183        0.00041244        0.00031754 
       -0.00032836       -0.00055489       -0.00199942        0.00134739        0.00072175        0.00045845        0.00035396 
       -0.00036706       -0.00061727       -0.00220336        0.00148501        0.00079845        0.00050903        0.00039405 
       -0.00040973       -0.00068588       -0.00242636        0.00163550        0.00088254        0.00056460        0.00043816 
       -0.00045676       -0.00076129       -0.00267006        0.00179998        0.00097467        0.00062563        0.00048666 
       -0.00050855       -0.00084413       -0.00293623        0.00197963        0.00107556        0.00069259        0.00053995 
       -0.00056553       -0.00093508       -0.00322679        0.00217575        0.00118598        0.00076603        0.00059848 
       -0.00062819       -0.00103486       -0.00354381        0.00238974        0.00130675        0.00084651        0.00066271 
       -0.00069706       -0.00114427       -0.00388950        0.00262309        0.00143877        0.00093468        0.00073316 
       -0.00077268       -0.00126417       -0.00426625        0.00287741        0.00158301        0.00103120        0.00081038 
       -0.00085568       -0.00139550       -0.00467661        0.00315444        0.00174052        0.00113681        0.00089498 
       -0.00094672       -0.00153926       -0.00512335        0.00345603        0.00191241        0.00125230        0.00098761 
       -0.00104652       -0.00169653       -0.00560943        0.00378419        0.00209990        0.00137852        0.00108897 
       -0.00115586       -0.00186849       -0.00613802        0.00414107        0.00230429        0.00151639        0.00119983 
       -0.00127558       -0.00205642       -0.00671251        0.00452894        0.00252698        0.00166691        0.00132101 
       -0.00140657       -0.00226166       -0.00733657        0.00495030        0.00276948        0.00183113        0.00145338 
       -0.00154984       -0.00248571       -0.00801409        0.00540776        0.00303342        0.00201023        0.00159792 
       -0.00170645       -0.00273015       -0.00874925        0.00590416        0.00332050        0.00220543        0.00175565 
       -0.00187752       -0.00299669       -0.00954651        0.00644251        0.00363263        0.00241807        0.00192769 
       -0.00206430       -0.00328718       -0.01041065        0.00702605        0.00397178        0.00264958        0.00211521 
       -0.00226812       -0.00360358       -0.01134678        0.00765821        0.00434010        0.00290149        0.00231952 
       -0.00249040       -0.00394803       -0.01236032        0.00834269        0.00473988        0.00317546        0.00254198 
       -0.00273272       -0.00432280       -0.01345707        0.00908341        0.00517358        0.00347327        0.00278410 
       -0.00299670       -0.00473034       -0.01464321        0.00988453        0.00564382        0.00379681        0.00304745 
       -0.00328414       -0.00517329       -0.01592536        0.01075055        0.00615339        0.00414810        0.00333375 
       -0.00359695       -0.00565445       -0.01731052        0.01168617        0.00670530        0.00452935        0.00364484 
       -0.00393719       -0.00617685       -0.01880615        0.01269648        0.00730274        0.00494287        0.00398266 
       -0.00430707       -0.00674370       -0.02042015        0.01378682        0.00794912        0.00539115        0.00434935 
       -0.00470895       -0.00735848       -0.02216096        0.01496287        0.00864808        0.00587688        0.00474713 
       -0.00514536       -0.00802484       -0.02403751        0.01623075        0.00940349        0.00640289        0.00517844 
       -0.00561906       -0.00874677       -0.02605928        0.01759684        0.01021945        0.00697220        0.00564583 
       -0.00613290       -0.00952847       -0.02823631        0.01906794        0.01110036        0.00758806        0.00615206 
       -0.00669001       -0.01037438       -0.03057928        0.02065127        0.01205089        0.00825394        0.00670007 
       -0.00729372       -0.01128936       -0.03309941        0.02235449        0.01307599        0.00897349        0.00729298 
       -0.00794761       -0.01227847       -0.03580868        0.02418569        0.01418089        0.00975064        0.00793413 
       -0.00865540       -0.01334713       -0.03871962        0.02615338        0.01537121        0.01058955        0.00862709 
       -0.00942120       -0.01450120       -0.04184560        0.02826660        0.01665284        0.01149467        0.00937567 
       -0.01024926       -0.01574679       -0.04520065        0.03053491        0.01803204        0.01247068        0.01018385 
       -0.01114425       -0.01709032       -0.04879957        0.03296836        0.01951543        0.01352258        0.01105597 
       -0.01211107       -0.01853889       -0.05265811        0.03557755        0.02111010        0.01465568        0.01199657 
       -0.01315477       -0.02009982       -0.05679247        0.03837367        0.02282344        0.01587560        0.01301048 
       -0.01428103       -0.02178091       -0.06122026        0.04136850        0.02466328        0.01718827        0.01410283 
       -0.01549572       -0.02359042       -0.06595957        0.04457440        0.02663792        0.01860002        0.01527911 
       -0.01680502       -0.02553716       -0.07102954        0.04800438        0.02875616        0.02011756        0.01654504 
       -0.01821575       -0.02763036       -0.07645038        0.05167219        0.03102717        0.02174789        0.01790677 
       -0.01973471       -0.02987987       -0.08224311        0.05559212        0.03346062        0.02349852        0.01937081 
       -0.02136937       -0.03229612       -0.08842993        0.05977929        0.03606686        0.02537727        0.02094391 
       -0.02312776       -0.03489000       -0.09503403        0.06424947        0.03885658        0.02739251        0.02263345 
       -0.02501824       -0.03767309       -0.10207972        0.06901921        0.04184119        0.02955301        0.02444701 
       -0.02704954       -0.04065764       -0.10959256        0.07410587        0.04503256        0.03186798        0.02639262 
       -0.02923119       -0.04385638       -0.11759907        0.07952760        0.04844317        0.03434718        0.02847889 
       -0.03157282       -0.04728317       -0.12612695        0.08530331        0.05208622        0.03700089        0.03071475 
       -0.03408498       -0.05095196       -0.13520557        0.09145272        0.05597544        0.03983985        0.03310972 
       -0.03677887       -0.05487788       -0.14486474        0.09799668        0.06012531        0.04287538        0.03567371 
       -0.03966576       -0.05907691       -0.15513629        0.10495649        0.06455067        0.04611947        0.03841731 
       -0.04275799       -0.06356531       -0.16605330        0.11235495        0.06926778        0.04958445        0.04135138 
       -0.04606855       -0.06836045       -0.17764950        0.12021506        0.07429287        0.05328366        0.04448771 
       -0.04961091       -0.07348090       -0.18996084        0.12856132        0.07964331        0.05723068        0.04783830 
       -0.05339932       -0.07894552       -0.20302439        0.13741913        0.08533710        0.06143987        0.05141604 
       -0.05744421       -0.08476901       -0.21687579        0.14681256        0.09139046        0.06592199        0.05523002 
       -0.06176066       -0.09097064       -0.23155022        0.15676218        0.09782156        0.07069492        0.05929452 
       -0.06636941       -0.09757972       -0.24709654        0.16730767        0.10465184        0.07577604        0.06362808 
       -0.07128751       -0.10461783       -0.26355660        0.17847517        0.11190516        0.08118334        0.06824571 
       -0.07653391       -0.11210907       -0.28097510        0.19029540        0.11960360        0.08693492        0.07316342 
       -0.08212662       -0.12007880       -0.29939795        0.20279989        0.12777022        0.09304941        0.07839811 
       -0.08808601       -0.12855256       -0.31887305        0.21602109        0.13642880        0.09954610        0.08396697 
       -0.09443283       -0.13755667       -0.33944905        0.22999281        0.14560390        0.10644555        0.08988857 
       -0.10118818       -0.14712095       -0.36117673        0.24474972        0.15532172        0.11376858        0.09618163 
       -0.10837531       -0.15727377       -0.38410735        0.26032698        0.16560882        0.12153733        0.10286617 
       -0.11601710       -0.16804600       -0.40829492        0.27676183        0.17649311        0.12977445        0.10996252 
       -0.12413836       -0.17946923       -0.43379426        0.29409164        0.18800271        0.13850367        0.11749262 
       -0.13276458       -0.19157743       -0.46066236        0.31235594        0.20016736        0.14774984        0.12547857 
       -0.14192295       -0.20440364       -0.48895621        0.33159423        0.21301770        0.15753818        0.13394344 
       -0.15164042       -0.21798325       -0.51873612        0.35184783        0.22658515        0.16789520        0.14291131 
       -0.16194534       -0.23235393       -0.55006337        0.37315840        0.24090141        0.17884845        0.15240705 
       -0.17286921       -0.24755263       -0.58299971        0.39556944        0.25600100        0.19042593        0.16245651 
       -0.18444204       -0.26361918       -0.61760950        0.41912538        0.27191818        0.20265692        0.17308706 
       -0.19669580       -0.28059411       -0.65395784        0.44387132        0.28868735        0.21557122        0.18432534 
       -0.20966363       -0.29851890       -0.69211292        0.46985316        0.30634558        0.22919989        0.19620061 
       -0.22338176       -0.31743622       -0.73214102        0.49711788        0.32493079        0.24357557        0.20874286 
       -0.23788404       -0.33739161       -0.77411222        0.52571464        0.34448004        0.25873113        0.22198141 
       -0.25320816       -0.35842967       -0.81809568        0.55569065        0.36503339        0.27469993        0.23594880 
       -0.26939249       -0.38059807       -0.86416578        0.58709753        0.38663077        0.29151726        0.25067687 
       -0.28647614       -0.40394449       -0.91239524        0.61998475        0.40931284        0.30921888        0.26619959 
       -0.30449963       -0.42851782       -0.96285534        0.65440476        0.43312299        0.32784212        0.28255081 
       -0.32350540       -0.45437241       -1.01562309        0.69040811        0.45810318        0.34742403        0.29976547 
       -0.34353590       -0.48155594       -1.07077360        0.72804987        0.48429704        0.36800361        0.31787968 
       -0.36463451       -0.51012421       -1.12838316        0.76738167        0.51174891        0.38962030        0.33693147 
       -0.38684797       -0.54013157       -1.18853188        0.80845785        0.54050577        0.41231441        0.35695827 
       -0.41022301       -0.57163239       -1.25129414        0.85133410        0.57061183        0.43612731        0.37799907 
       -0.43480825       -0.60468674       -1.31674814        0.89606440        0.60211599        0.46110153        0.40009439 
       -0.46065092       -0.63934851       -1.38497734        0.94270468        0.63506401        0.48727989        0.42328334 
       -0.48780155       -0.67567968       -1.45605707        0.99131048        0.66950560        0.51470590        0.44760942 
       -0.51631212       -0.71374130       -1.53006792        1.04193735        0.70548964        0.54342508        0.47311354 
       -0.54623747       -0.75359201       -1.60709000        1.09464169        0.74306369        0.57348156        0.49983978 
       -0.57762527       -0.79529572       -1.68720341        1.14948010        0.78228045        0.60492277        0.52783203 
       -0.61053658       -0.83891344       -1.77048779        1.20650792        0.82318807        0.63779354        0.55713511 
       -0.64502335       -0.88451004       -1.85702038        1.26578212        0.86583805        0.67214227        0.58779407 
       -0.68114376       -0.93215179       -1.94688034        1.32735705        0.91028190        0.70801687        0.61985540 
       -0.71895409       -0.98190117       -2.04014778        1.39128876        0.95657110        0.74546599        0.65336609 
       -0.75851440       -1.03382492       -2.13689899        1.45763302        1.00475669        0.78453851        0.68837357 
       -0.79988575       -1.08799171       -2.23720932        1.52644300        1.05489016        0.82528234        0.72492456 
       -0.84312439       -1.14447117       -2.34115696        1.59777594        1.10702324        0.86774874        0.76306772 
       -0.88829422       -1.20332241       -2.44881344        1.67168212        1.16120768        0.91198635        0.80285454 
       -0.93545437       -1.26461983       -2.56025791        1.74821329        1.21749449        0.95804667        0.84433031 
       -0.98467255       -1.32842636       -2.67555428        1.82742357        1.27593756        1.00598025        0.88754725 
       -1.03600407       -1.39481258       -2.79477406        1.90936303        1.33658481        1.05583525        0.93255472 
       -1.08951759       -1.46385098       -2.91798973        1.99407840        1.39948845        1.10766220        0.97940350 
       -1.14527607       -1.53559875       -3.04526806        2.08161950        1.46469784        1.16151476        1.02814007 
       -1.20334339       -1.61013699       -3.17666626        2.17203474        1.53226423        1.21744108        1.07881880 
       -1.26377869       -1.68752003       -3.31225395        2.26536751        1.60223436        1.27549028        1.13148785 
       -1.32665253       -1.76782036       -3.45208549        2.36166191        1.67466021        1.33571339        1.18619680 
       -1.39202976       -1.85110474       -3.59621906        2.46095848        1.74958515        1.39816141        1.24299955 
       -1.45997238       -1.93743896       -3.74470997        2.56329775        1.82705736        1.46288109        1.30193901 
       -1.53054047       -2.02688408       -3.89760780        2.66871786        1.90712357        1.52991915        1.36306810 
       -1.60380554       -2.11950684       -4.05495930        2.77725458        1.98982477        1.59932661        1.42643595 
       -1.67982483       -2.21537781       -4.21680832        2.88893986        2.07520676        1.67114830        1.49209023 
       -1.75866890       -2.31454086       -4.38320541        3.00381088        2.16330957        1.74542999        1.56007671 
       -1.84039497       -2.41706848       -4.55417061        3.12188721        2.25417423        1.82221794        1.63044643 
       -1.92505836       -2.52301216       -4.72975540        3.24320126        2.34783792        1.90155506        1.70324183 
       -2.01272964       -2.63243675       -4.90998077        3.36777925        2.44433880        1.98348618        1.77850962 
       -2.10346603       -2.74539185       -5.09487534        3.49563503        2.54371357        2.06804991        1.85629463 
       -2.19732475       -2.86193085       -5.28445625        3.62679291        2.64599276        2.15528917        1.93663836 
       -2.29436493       -2.98210716       -5.47874832        3.76126385        2.75120687        2.24523926        2.01958561 
       -2.39463806       -3.10595894       -5.67776299        3.89905977        2.85938597        2.33794069        2.10517073 
       -2.49820709       -3.23354912       -5.88150024        4.04018831        2.97055864        2.43343067        2.19343853 
       -2.60511398       -3.36491203       -6.08997917        4.18465853        3.08475113        2.53173542        2.28442192 
       -2.71541786       -3.50009155       -6.30318069        4.33247662        3.20197964        2.63289642        2.37816238 
       -2.82916641       -3.63912582       -6.52111244        4.48363400        3.32226467        2.73693562        2.47468948 
       -2.94640160       -3.78204536       -6.74375534        4.63812733        3.44563007        2.84388542        2.57403564 
       -3.06717300       -3.92889214       -6.97110367        4.79595184        3.57208633        2.95376778        2.67623806 
       -3.19152451       -4.07968330       -7.20313644        4.95709419        3.70164490        3.06660843        2.78131771 
       -3.31949615       -4.23445702       -7.43980789        5.12153625        3.83431435        3.18243027        2.88930035 
       -3.45112419       -4.39323044       -7.68111801        5.28926182        3.97009659        3.30124950        3.00021267 
       -3.58642960       -4.55601120       -7.92701340        5.46024895        4.10900497        3.42308235        3.11408234 
       -3.72546959       -4.72283173       -8.17745018        5.63447189        4.25102997        3.54794216        3.23091793 
       -3.86825180       -4.89369202       -8.43238258        5.81189728        4.39616966        3.67584038        3.35074234 
       -4.01481247       -5.06860733       -8.69176674        5.99248791        4.54442406        3.80678272        3.47356701 
       -4.16517258       -5.24757767       -8.95554352        6.17621613        4.69577789        3.94077396        3.59940624 
       -4.31935120       -5.43059158       -9.22364426        6.36303806        4.85022163        4.07781982        3.72826958 
       -4.47735596       -5.61766434       -9.49601364        6.55290318        5.00773239        4.21791840        3.86016083 
       -4.63921356       -5.80876160       -9.77257156        6.74576092        5.16829586        4.36106491        3.99508095 
       -4.80490875       -6.00389481      -10.05323792        6.94156647        5.33190060        4.50725555        4.13303661 
       -4.97448730       -6.20303345      -10.33792496        7.14025879        5.49849701        4.65647125        4.27401638 
       -5.14790344       -6.40614700      -10.62657166        7.34177589        5.66806984        4.80870914        4.41801929 
       -5.32517624       -6.61322021      -10.91906357        7.54605865        5.84058380        4.96394348        4.56503487 
       -5.50629807       -6.82421494      -11.21530533        7.75303078        6.01600266        5.12216091        4.71505642 
       -5.69125366       -7.03910065      -11.51520157        7.96263123        6.19428158        5.28334236        4.86805534 
       -5.88002396       -7.25782013      -11.81864929        8.17478371        6.37538052        5.44744682        5.02403069 
       -6.07259369       -7.48035812      -12.12551498        8.38940334        6.55926514        5.61445236        5.18294048 
       -6.26893616       -7.70664215      -12.43571472        8.60641003        6.74586010        5.78432846        5.34477425 
       -6.46903229       -7.93660355      -12.74911880        8.82573223        6.93513107        5.95702744        5.50949860 
       -6.67282867       -8.17021942      -13.06559372        9.04727173        7.12701607        6.13253212        5.67708015 
       -6.88029861       -8.40738678      -13.38503647        9.27093315        7.32144547        6.31077957        5.84748268 
       -7.09139252       -8.64805222      -13.70728683        9.49663544        7.51837349        6.49172783        6.02067566 
       -7.30606079       -8.89216614      -14.03223419        9.72427559        7.71772766        6.67532349        6.19660568 
       -7.52426910       -9.13961792      -14.35974503        9.95375061        7.91942596        6.86151505        6.37523651 
       -7.74595642       -9.39033127      -14.68965530       10.18497276        8.12340736        7.05025673        6.55650902 
       -7.97105408       -9.64421844      -15.02185822       10.41783142        8.32960320        7.24147606        6.74037743 
       -8.19947433       -9.90120316      -15.35618591       10.65221214        8.53792000        7.43511581        6.92679214 
       -8.43120575      -10.16117477      -15.69249725       10.88802147        8.74827766        7.63110924        7.11567307 
       -8.66611862      -10.42402267      -16.03063202       11.12514496        8.96060753        7.82938766        7.30698013 
       -8.90416336      -10.68966675      -16.37044144       11.36346817        9.17480087        8.02987862        7.50065041 
       -9.14523315      -10.95800018      -16.71181488       11.60287666        9.39079094        8.23250580        7.69659615 
       -9.38926697      -11.22890091      -17.05455780       11.84326363        9.60847092        8.43719292        7.89477348 
       -9.63616562      -11.50225449      -17.39849091       12.08450890        9.82775879        8.64386368        8.09508133 
       -9.88581848      -11.77793884      -17.74354172       12.32649422       10.04855537        8.85243416        8.29745865 
      -10.13815689      -12.05583572      -18.08946609       12.56910896       10.27075386        9.06280708        8.50181389 
      -10.39304733      -12.33580780      -18.43616104       12.81223488       10.49426842        9.27491760        8.70808792 
      -10.65037918      -12.61776733      -18.78345108       13.05574036       10.71899033        9.48866463        8.91617775 
      -10.91007233      -12.90154266      -19.13119125       13.29951668       10.94482231        9.70393753        9.12599373 
      -11.17197418      -13.18700409      -19.47920609       13.54342842       11.17167091        9.92066765        9.33746719 
      -11.43599701      -13.47403717      -19.82736206       13.78740120       11.39940071       10.13875580        9.55048943 
      -11.70201111      -13.76248169      -20.17550278       14.03126907       11.62793159       10.35809898        9.76498413 
      -11.96985626      -14.05221558      -20.52344513       14.27493668       11.85714531       10.57860756        9.98083878 
      -12.23948669      -14.34308624      -20.87108612       14.51827240       12.08693695       10.80015945       10.19795799 
      -12.51070404      -14.63496399      -21.21823120       14.76117134       12.31719780       11.02267456       10.41624260 
      -12.78337860      -14.92768097      -21.56477356       15.00350571       12.54783058       11.24602127       10.63561058 
      -13.05739594      -15.22109222      -21.91055298       15.24516106       12.77870178       11.47014427       10.85594749 
      -13.33261108      -15.51506805      -22.25540924       15.48604012       13.00971413       11.69488525       11.07714081 
      -13.60888672      -15.80945587      -22.59919739       15.72601318       13.24076080       11.92016983       11.29910851 
      -13.88609314      -16.10409546      -22.94178009       15.96496964       13.47174454       12.14588356       11.52172470 
      -14.16405487      -16.39887238      -23.28304291       16.20281219       13.70253563       12.37192535       11.74490738 
      -14.44265747      -16.69359589      -23.62283325       16.43940926       13.93303871       12.59816933       11.96852303 
      -14.72172546      -16.98813629      -23.96105194       16.67469597       14.16314507       12.82453537       12.19248962 
      -15.00112915      -17.28237152      -24.29753876       16.90852165       14.39272881       13.05089951       12.41667747 
      -15.28073120      -17.57608795      -24.63219452       17.14083290       14.62172508       13.27715683       12.64101791 
      -15.56037140      -17.86919403      -24.96488953       17.37148094       14.84998703       13.50319481       12.86537361 
      -15.83992004      -18.16152954      -25.29550934       17.60039902       15.07743645       13.72891808       13.08963585 
      -16.11917114      -18.45293427      -25.62393951       17.82749557       15.30395889       13.95422935       13.31370163 
      -16.39801788      -18.74329376      -25.95008087       18.05266380       15.52945709       14.17900085       13.53746986 
      -16.67636108      -19.03243256      -26.27379608       18.27582741       15.75383186       14.40314865       13.76084518 
      -16.95394897      -19.32024384      -26.59506226       18.49689293       15.97698593       14.62656403       13.98371506 
      -17.23068237      -19.60655975      -26.91370392       18.71578407       16.19883728       14.84914017       14.20596695 
      -17.50646210      -19.89131927      -27.22968292       18.93242455       16.41927719       15.07078552       14.42750549 
      -17.78106689      -20.17427063      -27.54290009       19.14673233       16.63821793       15.29141235       14.64823532 
      -18.05438232      -20.45536804      -27.85327148       19.35864639       16.85557556       15.51087952       14.86805725 
      -18.32627869      -20.73444366      -28.16068268       19.56807709       17.07125092       15.72914505       15.08686066 
      -18.59660339      -21.01139832      -28.46517181       19.77497864       17.28519058       15.94609451       15.30455017 
      -18.86523438      -21.28613281      -28.76657104       19.97927856       17.49728012       16.16164017       15.52104950 
      -19.13199615      -21.55847168      -29.06484222       20.18090820       17.70745087       16.37567902       15.73625183 
      -19.39679718      -21.82834625      -29.35995483       20.37981796       17.91563797       16.58813095       15.95007324 
      -19.65949249      -22.09562683      -29.65180969       20.57596588       18.12175369       16.79893494       16.16242599 
      -19.91993713      -22.36020660      -29.94039917       20.76931000       18.32572937       17.00798798       16.37321472 
      -20.17804718      -22.62198639      -30.22566986       20.95977402       18.52750015       17.21520615       16.58235168 
      -20.43367004      -22.88082886      -30.50758362       21.14735031       18.72701263       17.42055130       16.78976440 
      -20.68666077      -23.13671875      -30.78604889       21.33198166       18.92420197       17.62389755       16.99536896 
      -20.93693542      -23.38948822      -31.06114197       21.51362610       19.11899185       17.82519531       17.19910431 
      -21.18437958      -23.63912201      -31.33275604       21.69227600       19.31135559       18.02437973       17.40088654 
      -21.42889404      -23.88545990      -31.60091400       21.86788559       19.50121689       18.22138214       17.60062408 
      -21.67034912      -24.12849426      -31.86552429       22.04043198       19.68854141       18.41614914       17.79829025 
      -21.90865326      -24.36809540      -32.12666321       22.20991135       19.87327576       18.60861206       17.99376678 
      -22.14373779      -24.60422516      -32.38430023       22.37628555       20.05537796       18.79872513       18.18706131 
      -22.37547302      -24.83681488      -32.63839722       22.53954315       20.23483276       18.98641586       18.37804794 
      -22.60378265      -25.06581116      -32.88896179       22.69968796       20.41155624       19.17165756       18.56670761 
      -22.82858276      -25.29113007      -33.13597870       22.85670471       20.58555222       19.35440826       18.75297928 
      -23.04978943      -25.51275635      -33.37950897       23.01056671       20.75677872       19.53459167       18.93680191 
      -23.26734924      -25.73059082      -33.61951447       23.16130829       20.92520905       19.71217728       19.11815262 
      -23.48114777      -25.94465637      -33.85600281       23.30891418       21.09080887       19.88714600       19.29695892 
      -23.69116974      -26.15483856      -34.08901978       23.45339203       21.25358963       20.05946350       19.47322083 
      -23.89730835      -26.36118317      -34.31856537       23.59473038       21.41349792       20.22907257       19.64686203 
      -24.09953308      -26.56363678      -34.54468536       23.73297501       21.57054520       20.39595795       19.81785583 
      -24.29779816      -26.76215363      -34.76737213       23.86808014       21.72470856       20.56011581       19.98619461 
      -24.49204254      -26.95672607      -34.98664856       24.00012207       21.87598038       20.72149277       20.15182877 
      -24.68222809      -27.14731598      -35.20256805       24.12910080       22.02436066       20.88009262       20.31472778 
      -24.86829376      -27.33393097      -35.41515350       24.25501251       22.16983795       21.03588867       20.47489548 
      -25.05025482      -27.51657867      -35.62443542       24.37789154       22.31242371       21.18886566       20.63228226 
      -25.22801208      -27.69522858      -35.83045197       24.49776077       22.45211029       21.33902359       20.78689575 
      -25.40160370      -27.86988068      -36.03323364       24.61463928       22.58889771       21.48634720       20.93870163 
      -25.57099915      -28.04058838      -36.23278046       24.72859192       22.72279739       21.63084030       21.08772659 
      -25.73615265      -28.20729828      -36.42920685       24.83960724       22.85383224       21.77249527       21.23392487 
      -25.89707184      -28.37004852      -36.62249756       24.94774246       22.98200989       21.91130829       21.37733459 
      -26.05375671      -28.52881622      -36.81273651       25.05298615       23.10733795       22.04730225       21.51790619 
      -26.20619965      -28.68368530      -36.99995422       25.15544510       23.22981262       22.18045807       21.65568161 
      -26.35438538      -28.83465576      -37.18416595       25.25509262       23.34951019       22.31082153       21.79063034 
      -26.49835968      -28.98171234      -37.36545563       25.35200500       23.46638489       22.43836212       21.92278290 
      -26.63806152      -29.12490845      -37.54384613       25.44620514       23.58050919       22.56311417       22.05213928 
      -26.77356720      -29.26428986      -37.71942139       25.53773117       23.69189453       22.68507385       22.17871094 
      -26.90487671      -29.39987183      -37.89218903       25.62662506       23.80056000       22.80430222       22.30252075 
      -27.03202057      -29.53170013      -38.06221008       25.71292496       23.90653229       22.92078400       22.42356491 
      -27.15500641      -29.65981293      -38.22954559       25.79669189       24.00984192       23.03453445       22.54188919 
      -27.27384186      -29.78425598      -38.39420319       25.87794876       24.11053085       23.14559555       22.65748596 
      -27.38861847      -29.90505219      -38.55626678       25.95676041       24.20861816       23.25399399       22.77039337 
      -27.49928284      -30.02225494      -38.71584320       26.03315353       24.30414581       23.35975647       22.88063431 
      -27.60599518      -30.13593292      -38.87287140       26.10719299       24.39714432       23.46289825       22.98823166 
      -27.70867157      -30.24610901      -39.02748108       26.17890930       24.48765564       23.56347656       23.09319687 
      -27.80743408      -30.35286713      -39.17967224       26.24834061       24.57571030       23.66149139       23.19558716 
      -27.90226746      -30.45619965      -39.32954407       26.31554413       24.66136551       23.75698471       23.29541397 
      -27.99328613      -30.55622864      -39.47706604       26.38058472       24.74461365       23.85000229       23.39273071 
      -28.08052063      -30.65299225      -39.62238312       26.44348145       24.82553864       23.94055939       23.48752975 
      -28.16400909      -30.74651337      -39.76543427       26.50429916       24.90418243       24.02871704       23.57988739 
      -28.24378204      -30.83689117      -39.90636444       26.56308746       24.98056793       24.11450577       23.66982651 
      -28.31996155      -30.92417145      -40.04517365       26.61987305       25.05472565       24.19795990       23.75734711 
      -28.39258575      -31.00840759      -40.18189240       26.67473221       25.12673187       24.27911377       23.84255600 
      -28.46167755      -31.08966827      -40.31661224       26.72766495       25.19660187       24.35802460       23.92544556 
      -28.52733612      -31.16802216      -40.44934845       26.77874756       25.26438141       24.43471909       24.00606537 
      -28.58957672      -31.24350739      -40.58013153       26.82804489       25.33013153       24.50922775       24.08444595 
      -28.64855957      -31.31619263      -40.70904541       26.87557602       25.39388275       24.58160019       24.16066360 
      -28.70425415      -31.38617706      -40.83609009       26.92137909       25.45566559       24.65188980       24.23469925 
      -28.75676727      -31.45348358      -40.96131897       26.96553421       25.51554871       24.72015762       24.30665207 
      -28.80618286      -31.51817322      -41.08477783       27.00806808       25.57356262       24.78637314       24.37651062 
      -28.85253143      -31.58033752      -41.20648956       27.04900742       25.62974167       24.85065079       24.44437408 
      -28.89594269      -31.64002228      -41.32653809       27.08841324       25.68414688       24.91301346       24.51024628 
      -28.93643188      -31.69728851      -41.44488525       27.12633896       25.73680115       24.97346878       24.57420349 
      -28.97406769      -31.75222778      -41.56162262       27.16280365       25.78776932       25.03211594       24.63625336 
      -29.00895691      -31.80485535      -41.67678070       27.19783783       25.83709335       25.08897781       24.69644165 
      -29.04117584      -31.85527802      -41.79034424       27.23152542       25.88478088       25.14408112       24.75481796 
      -29.07075500      -31.90351105      -41.90242004       27.26387024       25.93091202       25.19747925       24.81145477 
      -29.09779358      -31.94965363      -42.01297760       27.29494858       25.97551727       25.24921417       24.86634064 
      -29.12237549      -31.99375916      -42.12208557       27.32475662       26.01862717       25.29932785       24.91955948 
      -29.14452362      -32.03589630      -42.22972870       27.35335922       26.06028748       25.34785843       24.97114182 
      -29.16436005      -32.07609558      -42.33598328       27.38078690       26.10054016       25.39484024       25.02111816 
      -29.18190002      -32.11444092      -42.44084930       27.40706253       26.13940811       25.44034576       25.06955338 
      -29.19727325      -32.15097046      -42.54438019       27.43223572       26.17696381       25.48437500       25.11645889 
      -29.21052551      -32.18575287      -42.64659882       27.45635223       26.21321869       25.52699280       25.16191101 
      -29.22174835      -32.21884918      -42.74749756       27.47942734       26.24822998       25.56823730       25.20591354 
      -29.23093414      -32.25032043      -42.84711838       27.50149918       26.28201675       25.60814667       25.24853897 
      -29.23824310      -32.28017426      -42.94548035       27.52259827       26.31462097       25.64674377       25.28979111 
      -29.24367523      -32.30850220      -43.04264832       27.54276657       26.34607315       25.68408585       25.32975388 
      -29.24734497      -32.33535004      -43.13854599       27.56202698       26.37642288       25.72020340       25.36841583 
      -29.24928284      -32.36077118      -43.23328018       27.58040619       26.40567780       25.75510406       25.40583420 
      -29.24954224      -32.38479614      -43.32683945       27.59792709       26.43388367       25.78886414       25.44206619 
      -29.24822235      -32.40750122      -43.41929245       27.61466217       26.46110153       25.82150650       25.47711563 
      -29.24539948      -32.42890549      -43.51055908       27.63056946       26.48731995       25.85308456       25.51104736 
      -29.24108124      -32.44906998      -43.60070801       27.64572144       26.51261139       25.88357925       25.54387665 
      -29.23536301      -32.46805191      -43.68978500       27.66014481       26.53696442       25.91307068       25.57564545 
      -29.22827911      -32.48587418      -43.77778244       27.67384720       26.56043625       25.94156647       25.60637283 
      -29.21989059      -32.50258636      -43.86468124       27.68684769       26.58303070       25.96910858       25.63610077 
      -29.21026993      -32.51824951      -43.95056152       27.69918442       26.60478973       25.99571991       25.66485596 
      -29.19947052      -32.53287125      -44.03538132       27.71088791       26.62574387       26.02142715       25.69269562 
      -29.18753052      -32.54650116      -44.11918640       27.72196960       26.64591980       26.04628372       25.71960068 
      -29.17452240      -32.55916977      -44.20195389       27.73242950       26.66532516       26.07028580       25.74566269 
      -29.16045380      -32.57094955      -44.28376770       27.74232483       26.68403625       26.09349442       25.77085114 
      -29.14541245      -32.58182526      -44.36458588       27.75166702       26.70201874       26.11588287       25.79521179 
      -29.12945557      -32.59188080      -44.44440460       27.76047134       26.71930695       26.13753128       25.81880188 
      -29.11259460      -32.60111237      -44.52327728       27.76872635       26.73594284       26.15843964       25.84160995 
      -29.09489822      -32.60957336      -44.60119247       27.77649689       26.75196838       26.17863846       25.86368179 
      -29.07638931      -32.61730194      -44.67817307       27.78376770       26.76732254       26.19813919       25.88501740 
      -29.05713272      -32.62425995      -44.75420380       27.79058075       26.78208923       26.21700287       25.90567398 
      -29.03716278      -32.63055801      -44.82931900       27.79691696       26.79630280       26.23519516       25.92564392 
      -29.01650620      -32.63622665      -44.90351105       27.80283356       26.80995178       26.25277328       25.94497681 
      -28.99521255      -32.64121628      -44.97681046       27.80832291       26.82303238       26.26973724       25.96367264 
      -28.97331238      -32.64561462      -45.04920959       27.81340408       26.83561707       26.28612518       25.98176575 
      -28.95087051      -32.64942169      -45.12073517       27.81807327       26.84769058       26.30193710       25.99924850 
      -28.92788315      -32.65267181      -45.19136810       27.82238388       26.85926056       26.31721497       26.01618576 
      -28.90440750      -32.65538025      -45.26111603       27.82627869       26.87036514       26.33196259       26.03257370 
      -28.88045883      -32.65759659      -45.33004379       27.82984924       26.88101196       26.34622192       26.04841232 
      -28.85608292      -32.65930939      -45.39810944       27.83308792       26.89121246       26.35996246       26.06375122 
      -28.83127213      -32.66054153      -45.46529007       27.83596802       26.90099335       26.37321472       26.07859039 
      -28.80613708      -32.66130829      -45.53163528       27.83853149       26.91033173       26.38603973       26.09294128 
      -28.78060150      -32.66164017      -45.59716034       27.84076691       26.91928864       26.39839554       26.10681915 
      -28.75473404      -32.66156006      -45.66186523       27.84272385       26.92784119       26.41029358       26.12025452 
      -28.72856903      -32.66110611      -45.72572708       27.84434891       26.93601990       26.42180252       26.13326263 
      -28.70216751      -32.66023254      -45.78879929       27.84570312       26.94384003       26.43289948       26.14582062 
      -28.67549133      -32.65899277      -45.85107040       27.84679794       26.95127869       26.44358444       26.15798569 
      -28.64859772      -32.65742874      -45.91250610       27.84762192       26.95838547       26.45389175       26.16974640 
      -28.62145233      -32.65549088      -45.97316360       27.84815598       26.96515274       26.46383667       26.18110657 
      -28.59415817      -32.65323639      -46.03303909       27.84845734       26.97159958       26.47341537       26.19209671 
      -28.56667709      -32.65065765      -46.09212494       27.84851074       26.97772980       26.48263168       26.20273590 
      -28.53902054      -32.64778900      -46.15042114       27.84830856       26.98353195       26.49151230       26.21299744 
      -28.51122665      -32.64462662      -46.20797348       27.84789658       26.98905563       26.50006104       26.22291565 
      -28.48334122      -32.64118958      -46.26473236       27.84724808       26.99425888       26.50828934       26.23251343 
      -28.45532608      -32.63746262      -46.32074356       27.84637070       26.99920654       26.51620865       26.24177551 
      -28.42721558      -32.63349533      -46.37598801       27.84530640       27.00387573       26.52381516       26.25072479 
      -28.39902496      -32.62926102      -46.43051147       27.84401703       27.00827789       26.53113174       26.25936508 
      -28.37078094      -32.62479019      -46.48429108       27.84253693       27.01240921       26.53813934       26.26769257 
      -28.34246826      -32.62008667      -46.53733826       27.84083939       27.01627350       26.54487991       26.27573776 
      -28.31411743      -32.61515808      -46.58964157       27.83895111       27.01989365       26.55134583       26.28349304 
      -28.28572083      -32.61002350      -46.64121246       27.83688354       27.02325821       26.55753708       26.29097366 
      -28.25730515      -32.60464096      -46.69208908       27.83462524       27.02639008       26.56345749       26.29816818 
      -28.22888565      -32.59905624      -46.74224091       27.83219147       27.02930832       26.56912994       26.30509186 
      -28.20044327      -32.59329605      -46.79167175       27.82958221       27.03195953       26.57453156       26.31175613 
      -28.17200851      -32.58734131      -46.84041595       27.82679749       27.03442383       26.57971191       26.31816483 
      -28.14357376      -32.58120728      -46.88846970       27.82385063       27.03665543       26.58464050       26.32432556 
      -28.11517334      -32.57486725      -46.93583298       27.82074165       27.03867340       26.58932114       26.33024597 
      -28.08677292      -32.56836700      -46.98250580       27.81746483       27.04047775       26.59378815       26.33591843 
      -28.05841064      -32.56168365      -47.02848816       27.81403351       27.04207993       26.59801865       26.34135818 
      -28.03009033      -32.55482864      -47.07381821       27.81044579       27.04347229       26.60202026       26.34657288 
      -28.00180817      -32.54782486      -47.11847687       27.80671120       27.04467773       26.60580826       26.35155869 
      -27.97355270      -32.54064560      -47.16242981       27.80282211       27.04569244       26.60940170       26.35632706 
      -27.94536591      -32.53332901      -47.20576096       27.79879379       27.04649734       26.61273575       26.36086273 
      -27.91721344      -32.52583313      -47.24843979       27.79463387       27.04712296       26.61588669       26.36519241 
      -27.88912964      -32.51820755      -47.29047012       27.79030991       27.04757881       26.61884689       26.36930084 
      -27.86109161      -32.51041794      -47.33185196       27.78586960       27.04782677       26.62159729       26.37319946 
      -27.83310699      -32.50251007      -47.37260818       27.78128624       27.04790115       26.62414169       26.37690353 
      -27.80519485      -32.49444199      -47.41270828       27.77654076       27.04781723       26.62648773       26.38039017 
      -27.77735519      -32.48627090      -47.45222473       27.77169609       27.04754639       26.62866211       26.38369751 
      -27.74956512      -32.47793579      -47.49108887       27.76671028       27.04709625       26.63063431       26.38679123 
      -27.72184753      -32.46948242      -47.52936172       27.76160240       27.04648781       26.63241577       26.38968658 
      -27.69421005      -32.46089172      -47.56702805       27.75637627       27.04571915       26.63402557       26.39241219 
      -27.66664886      -32.45216751      -47.60406876       27.75101662       27.04477692       26.63543129       26.39492035 
      -27.63914108      -32.44332123      -47.64055252       27.74554634       27.04368019       26.63667107       26.39727783 
      -27.61171722      -32.43436050      -47.67642593       27.73995018       27.04241562       26.63772392       26.39941978 
      -27.58435822      -32.42527008      -47.71171570       27.73424339       27.04098511       26.63860321       26.40138245 
      -27.55707550      -32.41605377      -47.74643326       27.72841072       27.03940964       26.63931847       26.40316772 
      -27.52989197      -32.40674210      -47.78055573       27.72245789       27.03769112       26.63986015       26.40478516 
      -27.50276184      -32.39727402      -47.81413269       27.71640587       27.03580666       26.64023781       26.40621758 
      -27.47571564      -32.38771057      -47.84713745       27.71024323       27.03376770       26.64043617       26.40747452 
      -27.44873810      -32.37802887      -47.87960052       27.70396996       27.03160095       26.64047432       26.40855598 
      -27.42183685      -32.36823273      -47.91149902       27.69759560       27.02926826       26.64034081       26.40946579 
      -27.39501953      -32.35833740      -47.94284058       27.69109917       27.02679443       26.64004707       26.41021156 
      -27.36827087      -32.34831619      -47.97366333       27.68451118       27.02418327       26.63958549       26.41078377 
      -27.34159088      -32.33818817      -48.00393677       27.67782021       27.02142525       26.63898087       26.41118813 
      -27.31500626      -32.32794952      -48.03368759       27.67102242       27.01852417       26.63821411       26.41144562 
      -27.28848267      -32.31760406      -48.06291580       27.66413116       27.01549530       26.63729477       26.41151428 
      -27.26201630      -32.30715561      -48.09162140       27.65714073       27.01233292       26.63621521       26.41143608 
      -27.23564911      -32.29659271      -48.11981201       27.65004921       27.00901985       26.63497734       26.41119003 
      -27.20932770      -32.28592682      -48.14749146       27.64284706       27.00556755       26.63359261       26.41079521 
      -27.18307877      -32.27515793      -48.17466354       27.63556671       27.00199127       26.63207817       26.41023827 
      -27.15692902      -32.26430511      -48.20135498       27.62819099       26.99828720       26.63038826       26.40953064 
      -27.13082123      -32.25332642      -48.22751999       27.62071609       26.99445343       26.62856674       26.40865898 
      -27.10478210      -32.24227142      -48.25323486       27.61314774       26.99047852       26.62659073       26.40763474 
      -27.07882309      -32.23108673      -48.27844620       27.60548210       26.98638725       26.62448692       26.40647125 
      -27.05292130      -32.21981049      -48.30318451       27.59774590       26.98217010       26.62221146       26.40513420 
      -27.02709198      -32.20845795      -48.32746124       27.58990860       26.97784042       26.61981201       26.40367126 
      -27.00131989      -32.19699097      -48.35127258       27.58198929       26.97337151       26.61727142       26.40204811 
      -26.97561646      -32.18543625      -48.37461090       27.57398224       26.96878242       26.61458588       26.40028000 
      -26.94997406      -32.17378998      -48.39748764       27.56589699       26.96407318       26.61177254       26.39838028 
      -26.92439079      -32.16205215      -48.41991806       27.55771255       26.95925522       26.60880470       26.39631653 
      -26.89886475      -32.15020752      -48.44189835       27.54945183       26.95431137       26.60571671       26.39412498 
      -26.87339973      -32.13826752      -48.46344376       27.54110909       26.94924545       26.60249710       26.39178276 
      -26.84799576      -32.12625504      -48.48455048       27.53269386       26.94407082       26.59914207       26.38931084 
      -26.82265663      -32.11413574      -48.50522995       27.52419662       26.93877983       26.59565735       26.38670349 
      -26.79736328      -32.10192871      -48.52547836       27.51561546       26.93338203       26.59202766       26.38394547 
      -26.77210617      -32.08963013      -48.54529572       27.50695038       26.92786026       26.58827782       26.38105583 
      -26.74693298      -32.07725525      -48.56470108       27.49823761       26.92223358       26.58441162       26.37803078 
      -26.72180939      -32.06478119      -48.58369827       27.48942184       26.91649055       26.58040810       26.37488174 
      -26.69673729      -32.05222321      -48.60227585       27.48054695       26.91065598       26.57628059       26.37159920 
      -26.67170906      -32.03956604      -48.62044525       27.47159958       26.90470505       26.57203102       26.36817932 
      -26.64675140      -32.02685547      -48.63823318       27.46258354       26.89864731       26.56765366       26.36463165 
      -26.62181091      -32.01404572      -48.65562057       27.45348167       26.89247704       26.56316566       26.36093903 
      -26.59693146      -32.00115204      -48.67262268       27.44431305       26.88621521       26.55854607       26.35713387 
      -26.57211304      -31.98816872      -48.68923569       27.43507385       26.87985229       26.55381012       26.35321236 
      -26.54733276      -31.97510719      -48.70547104       27.42576599       26.87339211       26.54895782       26.34914970 
      -26.52261162      -31.96198273      -48.72132874       27.41640663       26.86682510       26.54399490       26.34497070 
      -26.49792290      -31.94876671      -48.73681259       27.40697289       26.86016273       26.53890800       26.34067726 
      -26.47327995      -31.93548012      -48.75193024       27.39746857       26.85339737       26.53372192       26.33624268 
      -26.44868851      -31.92210579      -48.76668549       27.38790131       26.84654236       26.52840996       26.33170700 
      -26.42414284      -31.90865135      -48.78106689       27.37827301       26.83958817       26.52299500       26.32704735 
      -26.39963722      -31.89513016      -48.79512024       27.36857796       26.83254433       26.51747322       26.32227325 
      -26.37518311      -31.88153839      -48.80880356       27.35884094       26.82540512       26.51182747       26.31737709 
      -26.35075951      -31.86785889      -48.82215118       27.34902573       26.81817436       26.50608253       26.31237030 
      -26.32638741      -31.85412598      -48.83515549       27.33915329       26.81085014       26.50023079       26.30724716 
      -26.30204964      -31.84031487      -48.84782028       27.32924080       26.80343628       26.49427795       26.30200958 
      -26.27775955      -31.82643700      -48.86015320       27.31925392       26.79593849       26.48820686       26.29666710 
      -26.25351715      -31.81247139      -48.87215805       27.30920982       26.78835487       26.48204994       26.29121590 
      -26.22930717      -31.79845047      -48.88382721       27.29912758       26.78069687       26.47578049       26.28564644 
      -26.20513344      -31.78436852      -48.89518356       27.28898048       26.77293968       26.46941757       26.27997971 
      -26.18099022      -31.77021027      -48.90622711       27.27877998       26.76509666       26.46296310       26.27420235 
      -26.15690994      -31.75599670      -48.91693878       27.26851845       26.75719070       26.45639610       26.26831818 
      -26.13286018      -31.74169922      -48.92736435       27.25821877       26.74918365       26.44974327       26.26233673 
      -26.10883713      -31.72734833      -48.93746567       27.24786186       26.74110222       26.44298935       26.25625038 
      -26.08486557      -31.71294785      -48.94726562       27.23746300       26.73293877       26.43614578       26.25006104 
      -26.06092644      -31.69846535      -48.95677185       27.22702026       26.72471046       26.42920494       26.24377060 
      -26.03702164      -31.68394089      -48.96598816       27.21652603       26.71640968       26.42218208       26.23739815 
      -26.01315689      -31.66934586      -48.97491074       27.20597649       26.70801735       26.41506577       26.23090172 
      -25.98933411      -31.65469360      -48.98354340       27.19538498       26.69956017       26.40786743       26.22433662 
      -25.96555138      -31.63998413      -48.99188995       27.18475342       26.69101143       26.40057373       26.21765709 
      -25.94179726      -31.62523460      -48.99995422       27.17407036       26.68241692       26.39318085       26.21090126 
      -25.91808319      -31.61040306      -49.00775146       27.16335106       26.67374229       26.38572121       26.20404053 
      -25.89440536      -31.59553337      -49.01527405       27.15259171       26.66499519       26.37817383       26.19709396 
      -25.87075996      -31.58061028      -49.02253342       27.14178848       26.65618706       26.37053871       26.19005394 
      -25.84715843      -31.56562996      -49.02951431       27.13093948       26.64730644       26.36282349       26.18292809 
      -25.82359123      -31.55060005      -49.03624344       27.12006187       26.63835526       26.35503197       26.17571259 
      -25.80005646      -31.53551865      -49.04269791       27.10914612       26.62934685       26.34716415       26.16841507 
      -25.77656174      -31.52038765      -49.04891205       27.09818840       26.62026978       26.33921432       26.16102600 
      -25.75310326      -31.50520706      -49.05486679       27.08719063       26.61112976       26.33119011       26.15356827 
      -25.72968483      -31.48997879      -49.06056976       27.07617188       26.60192680       26.32308578       26.14601517 
      -25.70630264      -31.47470856      -49.06603241       27.06510544       26.59267044       26.31490707       26.13839149 
      -25.68295288      -31.45939064      -49.07124329       27.05401039       26.58334923       26.30665588       26.13068199 
      -25.65963364      -31.44402504      -49.07621002       27.04287720       26.57397461       26.29833603       26.12289429 
      -25.63635826      -31.42861557      -49.08094788       27.03171921       26.56453705       26.28993988       26.11502647 
      -25.61312294      -31.41317558      -49.08545303       27.02052307       26.55504608       26.28147697       26.10708237 
      -25.58991432      -31.39768791      -49.08973694       27.00929451       26.54549599       26.27293968       26.09906387 
      -25.56675148      -31.38216400      -49.09378052       26.99804115       26.53589249       26.26433372       26.09097481 
      -25.54361725      -31.36660194      -49.09760284       26.98676109       26.52624321       26.25567245       26.08281136 
      -25.52052879      -31.35099030      -49.10121155       26.97545242       26.51652718       26.24693298       26.07457733 
      -25.49747086      -31.33534813      -49.10459518       26.96410942       26.50676727       26.23814011       26.06626511 
      -25.47444725      -31.31966972      -49.10776520       26.95274925       26.49696350       26.22928238       26.05788994 
      -25.45147324      -31.30396080      -49.11072540       26.94136238       26.48711395       26.22035217       26.04944992 
      -25.42852783      -31.28820801      -49.11347198       26.92994690       26.47720337       26.21136093       26.04093933 
      -25.40562248      -31.27243042      -49.11602402       26.91851044       26.46724892       26.20232010       26.03236389 
      -25.38275337      -31.25661850      -49.11835480       26.90704918       26.45725441       26.19321823       26.02372360 
      -25.35992050      -31.24077034      -49.12049484       26.89556885       26.44720459       26.18405724       26.01502228 
      -25.33712769      -31.22489738      -49.12243652       26.88405991       26.43711853       26.17483902       26.00625420 
      -25.31437874      -31.20899773      -49.12418365       26.87253189       26.42698479       26.16556931       25.99742699 
      -25.29165268      -31.19306564      -49.12573242       26.86098289       26.41681099       26.15624237       25.98853874 
      -25.26897621      -31.17710304      -49.12709808       26.84942436       26.40659523       26.14685822       25.97959137 
      -25.24633408      -31.16112328      -49.12826920       26.83784103       26.39633751       26.13743019       25.97059059 
      -25.22373772      -31.14510918      -49.12924957       26.82623863       26.38603592       26.12793541       25.96153259 
      -25.20117569      -31.12907791      -49.13005447       26.81461716       26.37570381       26.11839676       25.95241547 
      -25.17865181      -31.11301613      -49.13067245       26.80298615       26.36533737       26.10881996       25.94324303 
      -25.15616989      -31.09693336      -49.13113403       26.79133987       26.35492516       26.09918213       25.93401909 
      -25.13372231      -31.08083344      -49.13139343       26.77967453       26.34448624       26.08950424       25.92474556 
      -25.11132050      -31.06470871      -49.13150406       26.76799393       26.33400536       26.07978058       25.91541481 
      -25.08896446      -31.04856682      -49.13143921       26.75630569       26.32349968       26.07000351       25.90603828 
      -25.06663322      -31.03240967      -49.13120270       26.74460220       26.31295395       26.06019211       25.89661407 
      -25.04435921      -31.01622772      -49.13080597       26.73288345       26.30237961       26.05033302       25.88713455 
      -25.02211189      -31.00003052      -49.13024521       26.72114944       26.29177475       26.04043198       25.87760735 
      -24.99991798      -30.98382187      -49.12951660       26.70940781       26.28113937       26.03049088       25.86803627 
      -24.97775650      -30.96759224      -49.12862778       26.69765663       26.27047348       26.02050781       25.85841751 
      -24.95564651      -30.95135307      -49.12759399       26.68589401       26.25978088       26.01048660       25.84875679 
      -24.93357277      -30.93509483      -49.12639999       26.67412376       26.24905586       26.00042725       25.83905792 
      -24.91154289      -30.91882515      -49.12505722       26.66235733       26.23830414       25.99032974       25.82930756 
      -24.88955498      -30.90253830      -49.12356567       26.65057182       26.22753143       25.98020172       25.81952286 
      -24.86760902      -30.88624573      -49.12193298       26.63878250       26.21673584       25.97002792       25.80969429 
      -24.84571266      -30.86994934      -49.12014771       26.62698746       26.20590973       25.95981979       25.79982567 
      -24.82385635      -30.85364151      -49.11822510       26.61518860       26.19505692       25.94958496       25.78992081 
      -24.80204201      -30.83732224      -49.11615753       26.60337830       26.18418884       25.93931198       25.77997971 
      -24.78027534      -30.82099342      -49.11395645       26.59157562       26.17329979       25.92900848       25.76999664 
      -24.75854874      -30.80466270      -49.11161804       26.57975578       26.16238022       25.91867828       25.75997925 
      -24.73686981      -30.78832054      -49.10913849       26.56793785       26.15144730       25.90831375       25.74992752 
      -24.71523666      -30.77197075      -49.10654068       26.55612183       26.14049721       25.89792252       25.73984528 
      -24.69365311      -30.75562286      -49.10380554       26.54430199       26.12952232       25.88750076       25.72972107 
      -24.67210770      -30.73926735      -49.10094452       26.53248215       26.11853600       25.87705421       25.71957588 
      -24.65060806      -30.72290802      -49.09795761       26.52065468       26.10752487       25.86657333       25.70939255 
      -24.62915421      -30.70655060      -49.09484482       26.50883102       26.09649658       25.85607910       25.69918442 
      -24.60775185      -30.69018936      -49.09160995       26.49700546       26.08545685       25.84555054       25.68893814 
      -24.58639145      -30.67382240      -49.08825684       26.48517990       26.07439804       25.83499718       25.67866516 
      -24.56508064      -30.65746307      -49.08478928       26.47336197       26.06333351       25.82442093       25.66837120 
      -24.54381180      -30.64109993      -49.08120728       26.46153831       26.05224991       25.81382370       25.65804291 
      -24.52259827      -30.62474632      -49.07749939       26.44972038       26.04115677       25.80320358       25.64768982 
      -24.50142860      -30.60838699      -49.07369232       26.43790436       26.03004837       25.79256439       25.63731384 
      -24.48030472      -30.59203529      -49.06977081       26.42609406       26.01893234       25.78190613       25.62691116 
      -24.45923042      -30.57568741      -49.06573105       26.41428566       26.00779343       25.77122498       25.61649323 
      -24.43820381      -30.55933952      -49.06159210       26.40248489       25.99665451       25.76053429       25.60604286 
      -24.41723442      -30.54300499      -49.05734634       26.39068794       25.98549843       25.74981308       25.59557724 
      -24.39630318      -30.52667046      -49.05299377       26.37890053       25.97434235       25.73908615       25.58509064 
      -24.37542152      -30.51034927      -49.04853821       26.36711121       25.96316910       25.72833443       25.57458115 
      -24.35459518      -30.49403000      -49.04397964       26.35533524       25.95199203       25.71756935       25.56405640 
      -24.33381653      -30.47771835      -49.03932953       26.34356689       25.94081497       25.70679474       25.55350304 
      -24.31307983      -30.46141434      -49.03458405       26.33179855       25.92962646       25.69600677       25.54294014 
      -24.29240417      -30.44512558      -49.02973938       26.32004547       25.91843605       25.68519974       25.53235626 
      -24.27177429      -30.42884064      -49.02479553       26.30830002       25.90723801       25.67438316       25.52176285 
      -24.25119209      -30.41257095      -49.01976776       26.29655838       25.89603424       25.66355133       25.51114464 
      -24.23066521      -30.39630890      -49.01464081       26.28483200       25.88482666       25.65270805       25.50051498 
      -24.21018982      -30.38006210      -49.00942993       26.27310944       25.87361908       25.64185715       25.48986816 
      -24.18976402      -30.36382866      -49.00413513       26.26139641       25.86240959       25.63098907       25.47921371 
      -24.16938782      -30.34759903      -48.99874878       26.24969864       25.85118866       25.62011719       25.46854591 
      -24.14906883      -30.33138847      -48.99327850       26.23801231       25.83997345       25.60923767       25.45785713 
      -24.12880135      -30.31519699      -48.98772430       26.22633743       25.82875443       25.59835434       25.44716263 
      -24.10858154      -30.29901695      -48.98209381       26.21467209       25.81753731       25.58745575       25.43645477 
      -24.08841705      -30.28285027      -48.97638321       26.20301819       25.80632401       25.57655144       25.42574120 
      -24.06830978      -30.26670074      -48.97059631       26.19138336       25.79510689       25.56564331       25.41501617 
      -24.04825020      -30.25056648      -48.96472168       26.17975998       25.78389740       25.55472755       25.40428543 
      -24.02824783      -30.23445129      -48.95878983       26.16814804       25.77268600       25.54381180       25.39354706 
      -24.00829315      -30.21835518      -48.95277405       26.15655518       25.76147652       25.53288651       25.38279724 
      -23.98839951      -30.20227432      -48.94667816       26.14497375       25.75027466       25.52196503       25.37203789 
      -23.96855354      -30.18621635      -48.94052124       26.13340950       25.73907280       25.51103210       25.36128235 
      -23.94876480      -30.17017746      -48.93429184       26.12185287       25.72787476       25.50010300       25.35050964 
      -23.92902946      -30.15415573      -48.92798996       26.11031342       25.71667862       25.48916817       25.33973503 
      -23.90934753      -30.13815308      -48.92161942       26.09879303       25.70548630       25.47822952       25.32895660 
      -23.88972473      -30.12217712      -48.91518402       26.08728409       25.69430733       25.46729851       25.31817245 
      -23.87015152      -30.10621834      -48.90868759       26.07579422       25.68313026       25.45636368       25.30739403 
      -23.85063934      -30.09028053      -48.90212631       26.06432343       25.67196274       25.44543457       25.29660606 
      -23.83117867      -30.07436752      -48.89549637       26.05286789       25.66080666       25.43449783       25.28582001 
      -23.81177139      -30.05847549      -48.88881683       26.04143333       25.64964676       25.42356682       25.27503586 
      -23.79241943      -30.04260635      -48.88206482       26.03001213       25.63850403       25.41263962       25.26424026 
      -23.77312469      -30.02676010      -48.87526703       26.01861000       25.62736511       25.40171432       25.25344467 
      -23.75389099      -30.01093674      -48.86840439       26.00722694       25.61623383       25.39078522       25.24265671 
      -23.73471069      -29.99514389      -48.86149597       25.99586105       25.60511589       25.37986755       25.23186874 
      -23.71558380      -29.97937393      -48.85451889       25.98451996       25.59400558       25.36894989       25.22108078 
      -23.69651794      -29.96362686      -48.84748840       25.97319412       25.58290482       25.35803413       25.21029663 
      -23.67750359      -29.94791031      -48.84041595       25.96188354       25.57181740       25.34712219       25.19950867 
      -23.65854645      -29.93221855      -48.83328247       25.95059967       25.56073761       25.33622360       25.18872833 
      -23.63964844      -29.91654968      -48.82609558       25.93933487       25.54966927       25.32533073       25.17794991 
      -23.62080765      -29.90091515      -48.81887054       25.92808533       25.53861237       25.31444168       25.16717911 
      -23.60202599      -29.88530350      -48.81159210       25.91686058       25.52756500       25.30356026       25.15641022 
      -23.58329391      -29.86972427      -48.80426025       25.90565491       25.51654053       25.29268265       25.14564705 
      -23.56462860      -29.85417175      -48.79689026       25.89447021       25.50551987       25.28181839       25.13488770 
      -23.54601288      -29.83864594      -48.78947067       25.88331223       25.49452019       25.27095795       25.12413597 
      -23.52745819      -29.82315445      -48.78200912       25.87217140       25.48353195       25.26010513       25.11338806 
      -23.50896072      -29.80768585      -48.77450562       25.86105347       25.47254944       25.24926376       25.10264969 
      -23.49052429      -29.79225540      -48.76696014       25.84996033       25.46158981       25.23843193       25.09191132 
      -23.47214508      -29.77685165      -48.75936890       25.83889008       25.45064545       25.22760773       25.08119202 
      -23.45382118      -29.76148033      -48.75173950       25.82784271       25.43971252       25.21679497       25.07047653 
      -23.43555832      -29.74613762      -48.74407196       25.81681633       25.42879868       25.20600128       25.05976486 
      -23.41735077      -29.73082733      -48.73636246       25.80581665       25.41789627       25.19521332       25.04906845 
      -23.39920425      -29.71554947      -48.72862244       25.79483414       25.40701294       25.18443680       25.03837585 
      -23.38111496      -29.70030212      -48.72085190       25.78388214       25.39614487       25.17367554       25.02770233 
      -23.36308289      -29.68508911      -48.71303558       25.77295113       25.38529587       25.16291809       25.01703644 
      -23.34511185      -29.66990662      -48.70519257       25.76204681       25.37445831       25.15218353       25.00637627 
      -23.32720184      -29.65475845      -48.69731522       25.75116920       25.36364365       25.14146042       24.99572754 
      -23.30934906      -29.63964462      -48.68939972       25.74030685       25.35284805       25.13074493       24.98509216 
      -23.29155731      -29.62456512      -48.68145370       25.72947884       25.34206772       25.12004852       24.97446823 
      -23.27382088      -29.60951996      -48.67347717       25.71866989       25.33130646       25.10935974       24.96385956 
      -23.25614166      -29.59450912      -48.66547394       25.70788574       25.32056427       25.09869194       24.95326233 
      -23.23852539      -29.57953262      -48.65744019       25.69713211       25.30983925       25.08804321       24.94267654 
      -23.22097015      -29.56458855      -48.64937592       25.68639946       25.29913330       25.07740593       24.93210220 
      -23.20346832      -29.54968452      -48.64128494       25.67570114       25.28845596       25.06678391       24.92154694 
      -23.18602753      -29.53481293      -48.63317108       25.66501999       25.27779007       25.05617905       24.91099930 
      -23.16864777      -29.51997757      -48.62503052       25.65436935       25.26714706       25.04558945       24.90047073 
      -23.15132713      -29.50517654      -48.61686707       25.64374542       25.25651741       25.03501892       24.88996124 
      -23.13406372      -29.49041748      -48.60867310       25.63314438       25.24591446       25.02445984       24.87946320 
      -23.11686516      -29.47568893      -48.60046387       25.62257767       25.23533821       25.01392365       24.86897659 
      -23.09972763      -29.46099854      -48.59222412       25.61203003       25.22477531       25.00340652       24.85851288 
      -23.08264542      -29.44634628      -48.58396912       25.60151100       25.21423340       24.99290466       24.84805679 
      -23.06562233      -29.43173218      -48.57568359       25.59102440       25.20372009       24.98241806       24.83762550 
      -23.04866028      -29.41715240      -48.56739044       25.58056259       25.19322395       24.97195053       24.82720947 
