                  0.00000088                  0.00000088                  0.00000088                  0.00000088                  0.00000088                  0.00000088                  0.00000019                  0.00000019                  0.00000019                  0.00000019 
                  0.00000200                  0.00000200                  0.00000200                  0.00000040                  0.00000040 
                  0.00000336                  0.00000336                  0.00000342                  0.00000058                  0.00000064 
                  0.00000496                  0.00000496                  0.00000514                  0.00000076                  0.00000088 
                  0.00000681                  0.00000681                  0.00000718                  0.00000096                  0.00000112 
                  0.00000893                  0.00000893                  0.00000953                  0.00000117                  0.00000137 
                  0.00001134                  0.00001134                  0.00001216                  0.00000145                  0.00000163 
                  0.00001404                  0.00001404                  0.00001511                  0.00000174                  0.00000194 
                  0.00001707                  0.00001707                  0.00001840                  0.00000206                  0.00000229 
                  0.00002045                  0.00002045                  0.00002204                  0.00000243                  0.00000269 
                  0.00002421                  0.00002421                  0.00002609                  0.00000283                  0.00000313 
                  0.00002838                  0.00002839                  0.00003057                  0.00000328                  0.00000362 
                  0.00003299                  0.00003302                  0.00003551                  0.00000378                  0.00000416 
                  0.00003810                  0.00003816                  0.00004097                  0.00000434                  0.00000475 
                  0.00004375                  0.00004384                  0.00004699                  0.00000495                  0.00000541 
                  0.00004999                  0.00005011                  0.00005363                  0.00000563                  0.00000614 
                  0.00005687                  0.00005704                  0.00006094                  0.00000638                  0.00000694 
                  0.00006446                  0.00006468                  0.00006900                  0.00000720                  0.00000783 
                  0.00007283                  0.00007309                  0.00007789                  0.00000812                  0.00000881 
                  0.00008206                  0.00008237                  0.00008767                  0.00000912                  0.00000990 
                  0.00009222                  0.00009259                  0.00009844                  0.00001023                  0.00001109 
                  0.00010341                  0.00010384                  0.00011029                  0.00001145                  0.00001240 
                  0.00011572                  0.00011622                  0.00012334                  0.00001279                  0.00001384 
                  0.00012928                  0.00012984                  0.00013769                  0.00001427                  0.00001542 
                  0.00014419                  0.00014481                  0.00015347                  0.00001589                  0.00001717 
                  0.00016058                  0.00016128                  0.00017081                  0.00001767                  0.00001908 
                  0.00017859                  0.00017937                  0.00018987                  0.00001963                  0.00002119 
                  0.00019838                  0.00019925                  0.00021081                  0.00002178                  0.00002350 
                  0.00022011                  0.00022108                  0.00023380                  0.00002414                  0.00002603 
                  0.00024397                  0.00024503                  0.00025903                  0.00002673                  0.00002881 
                  0.00027014                  0.00027131                  0.00028671                  0.00002958                  0.00003186 
                  0.00029884                  0.00030014                  0.00031707                  0.00003269                  0.00003520 
                  0.00033030                  0.00033173                  0.00035033                  0.00003610                  0.00003886 
                  0.00036477                  0.00036634                  0.00038678                  0.00003984                  0.00004287 
                  0.00040252                  0.00040425                  0.00042669                  0.00004392                  0.00004725 
                  0.00044384                  0.00044574                  0.00047036                  0.00004840                  0.00005205 
                  0.00048904                  0.00049113                  0.00051814                  0.00005329                  0.00005729 
                  0.00053847                  0.00054076                  0.00057038                  0.00005863                  0.00006302 
                  0.00059248                  0.00059501                  0.00062747                  0.00006447                  0.00006928 
                  0.00065149                  0.00065427                  0.00068982                  0.00007085                  0.00007611 
                  0.00071592                  0.00071896                  0.00075789                  0.00007780                  0.00008355 
                  0.00078621                  0.00078956                  0.00083215                  0.00008539                  0.00009168 
                  0.00086288                  0.00086656                  0.00091314                  0.00009365                  0.00010053 
                  0.00094645                  0.00095048                  0.00100141                  0.00010266                  0.00011016 
                  0.00103750                  0.00104192                  0.00109755                  0.00011247                  0.00012066 
                  0.00113664                  0.00114148                  0.00120223                  0.00012314                  0.00013207 
                  0.00124452                  0.00124983                  0.00131614                  0.00013475                  0.00014449 
                  0.00136186                  0.00136768                  0.00144001                  0.00014736                  0.00015798 
                  0.00148942                  0.00149579                  0.00157464                  0.00016107                  0.00017263 
                  0.00162801                  0.00163498                  0.00172090                  0.00017595                  0.00018854 
                  0.00177849                  0.00178612                  0.00187969                  0.00019211                  0.00020579 
                  0.00194181                  0.00195015                  0.00205199                  0.00020962                  0.00022450 
                  0.00211895                  0.00212806                  0.00223885                  0.00022861                  0.00024478 
                  0.00231097                  0.00232093                  0.00244139                  0.00024919                  0.00026675 
                  0.00251902                  0.00252989                  0.00266079                  0.00027147                  0.00029053 
                  0.00274429                  0.00275616                  0.00289832                  0.00029557                  0.00031625 
                  0.00298809                  0.00300103                  0.00315534                  0.00032165                  0.00034407 
                  0.00325178                  0.00326589                  0.00343330                  0.00034984                  0.00037413 
                  0.00353683                  0.00355221                  0.00373371                  0.00038029                  0.00040660 
                  0.00384479                  0.00386154                  0.00405822                  0.00041316                  0.00044164 
                  0.00417732                  0.00419554                  0.00440856                  0.00044865                  0.00047946 
                  0.00453617                  0.00455599                  0.00478656                  0.00048691                  0.00052022 
                  0.00492320                  0.00494475                  0.00519419                  0.00052816                  0.00056416 
                  0.00534039                  0.00536381                  0.00563350                  0.00057259                  0.00061147 
                  0.00578983                  0.00581527                  0.00610670                  0.00062043                  0.00066240 
                  0.00627375                  0.00630136                  0.00661611                  0.00067191                  0.00071719 
                  0.00679449                  0.00682444                  0.00716418                  0.00072728                  0.00077610 
                  0.00735453                  0.00738701                  0.00775350                  0.00078678                  0.00083940 
                  0.00795649                  0.00799168                  0.00838683                  0.00085071                  0.00090738 
                  0.00860314                  0.00864125                  0.00906705                  0.00091934                  0.00098034 
                  0.00929740                  0.00933866                  0.00979722                  0.00099297                  0.00105860 
                  0.01004235                  0.01008698                  0.01058055                  0.00107194                  0.00114251 
                  0.01084122                  0.01088948                  0.01142043                  0.00115657                  0.00123241 
                  0.01169744                  0.01174960                  0.01232043                  0.00124723                  0.00132869 
                  0.01261459                  0.01267092                  0.01328429                  0.00134427                  0.00143172 
                  0.01359645                  0.01365725                  0.01431595                  0.00144811                  0.00154193 
                  0.01464697                  0.01471255                  0.01541954                  0.00155913                  0.00165974 
                  0.01577030                  0.01584101                  0.01659938                  0.00167778                  0.00178561 
                  0.01697080                  0.01704699                  0.01786003                  0.00180451                  0.00192001 
                  0.01825303                  0.01833509                  0.01920623                  0.00193979                  0.00206343 
                  0.01962176                  0.01971008                  0.02064296                  0.00208410                  0.00221640 
                  0.02108199                  0.02117699                  0.02217541                  0.00223797                  0.00237944 
                  0.02263893                  0.02274106                  0.02380901                  0.00240193                  0.00255314 
                  0.02429802                  0.02440776                  0.02554942                  0.00257655                  0.00273806 
                  0.02606494                  0.02618277                  0.02740256                  0.00276241                  0.00293484 
                  0.02794561                  0.02807206                  0.02937456                  0.00296011                  0.00314409 
                  0.02994618                  0.03008181                  0.03147184                  0.00317029                  0.00336650 
                  0.03207305                  0.03221845                  0.03370104                  0.00339361                  0.00360273 
                  0.03433290                  0.03448867                  0.03606908                  0.00363075                  0.00385352 
                  0.03673263                  0.03689941                  0.03858314                  0.00388242                  0.00411959 
                  0.03927941                  0.03945789                  0.04125066                  0.00414935                  0.00440172 
                  0.04198068                  0.04217156                  0.04407933                  0.00443231                  0.00470070 
                  0.04484413                  0.04504815                  0.04707715                  0.00473208                  0.00501735 
                  0.04787773                  0.04809566                  0.05025235                  0.00504947                  0.00535252 
                  0.05108969                  0.05132236                  0.05361345                  0.00538533                  0.00570707 
                  0.05448851                  0.05473677                  0.05716923                  0.00574051                  0.00608193 
                  0.05808295                  0.05834768                  0.06092876                  0.00611591                  0.00647801 
                  0.06188203                  0.06216415                  0.06490136                  0.00651245                  0.00689626 
                  0.06589502                  0.06619553                  0.06909660                  0.00693106                  0.00733767 
                  0.07013150                  0.07045138                  0.07352437                  0.00737273                  0.00780325 
                  0.07460123                  0.07494154                  0.07819477                  0.00783844                  0.00829403 
                  0.07931428                  0.07967611                  0.08311816                  0.00832922                  0.00881106 
                  0.08428097                  0.08466545                  0.08830518                  0.00884609                  0.00935543 
                  0.08951183                  0.08992014                  0.09376666                  0.00939014                  0.00992824 
                  0.09501765                  0.09545100                  0.09951371                  0.00996244                  0.01053061 
                  0.10080941                  0.10126906                  0.10555763                  0.01056411                  0.01116371 
                  0.10689833                  0.10738560                  0.11190995                  0.01119627                  0.01182869 
                  0.11329585                  0.11381207                  0.11858240                  0.01186008                  0.01252674 
                  0.12001358                  0.12056018                  0.12558690                  0.01255670                  0.01325907 
                  0.12706333                  0.12764172                  0.13293555                  0.01328732                  0.01402691 
                  0.13445705                  0.13506876                  0.14064063                  0.01405313                  0.01483148 
                  0.14220688                  0.14285342                  0.14871450                  0.01485535                  0.01567404 
                  0.15032506                  0.15100804                  0.15716970                  0.01569520                  0.01655585 
                  0.15882398                  0.15954499                  0.16601890                  0.01657391                  0.01747818 
                  0.16771612                  0.16847682                  0.17527477                  0.01749274                  0.01844230 
                  0.17701401                  0.17781611                  0.18495016                  0.01845292                  0.01944950 
                  0.18673028                  0.18757550                  0.19505787                  0.01945571                  0.02050107 
                  0.19687757                  0.19776770                  0.20561077                  0.02050236                  0.02159828 
                  0.20746852                  0.20840536                  0.21662171                  0.02159413                  0.02274241 
                  0.21851580                  0.21950121                  0.22810349                  0.02273225                  0.02393475 
                  0.23003198                  0.23106785                  0.24006888                  0.02391798                  0.02517655 
                  0.24202959                  0.24311785                  0.25253049                  0.02515254                  0.02646908 
                  0.25452104                  0.25566366                  0.26550093                  0.02643715                  0.02781357 
                  0.26751867                  0.26871759                  0.27899256                  0.02777302                  0.02921125 
                  0.28103459                  0.28229183                  0.29301757                  0.02916133                  0.03066332 
                  0.29508072                  0.29639831                  0.30758795                  0.03060324                  0.03217096 
                  0.30966884                  0.31104875                  0.32271540                  0.03209988                  0.03373531 
                  0.32481033                  0.32625464                  0.33841133                  0.03365238                  0.03535749 
                  0.34051636                  0.34202713                  0.35468689                  0.03526179                  0.03703858 
                  0.35679770                  0.35837710                  0.37155274                  0.03692915                  0.03877962 
                  0.37366480                  0.37531492                  0.38901919                  0.03865547                  0.04058162 
                  0.39112774                  0.39285058                  0.40709621                  0.04044170                  0.04244551 
                  0.40919605                  0.41099370                  0.42579311                  0.04228872                  0.04437220 
                  0.42787880                  0.42975339                  0.44511873                  0.04419742                  0.04636253 
                  0.44718453                  0.44913808                  0.46508142                  0.04616857                  0.04841728 
                  0.46712121                  0.46915576                  0.48568881                  0.04820292                  0.05053716 
                  0.48769626                  0.48981375                  0.50694782                  0.05030113                  0.05272284 
                  0.50891632                  0.51111877                  0.52886486                  0.05246381                  0.05497487 
                  0.53078741                  0.53307676                  0.55144554                  0.05469148                  0.05729377 
                  0.55331481                  0.55569297                  0.57469457                  0.05698461                  0.05967996 
                  0.57650304                  0.57897174                  0.59861600                  0.05934357                  0.06213377 
                  0.60035568                  0.60291690                  0.62321281                  0.06176863                  0.06465545 
                  0.62487572                  0.62753099                  0.64848727                  0.06426001                  0.06724513 
                  0.65006483                  0.65281606                  0.67444056                  0.06681781                  0.06990291 
                  0.67592418                  0.67877281                  0.70107317                  0.06944205                  0.07262872 
                  0.70245373                  0.70540130                  0.72838414                  0.07213263                  0.07542242 
                  0.72965240                  0.73270035                  0.75637186                  0.07488938                  0.07828375 
                  0.75751829                  0.76066774                  0.78503335                  0.07771201                  0.08121235 
                  0.78604817                  0.78930038                  0.81436455                  0.08060008                  0.08420773 
                  0.81523770                  0.81859386                  0.84436035                  0.08355309                  0.08726931 
                  0.84508169                  0.84854263                  0.87501436                  0.08657040                  0.09039636 
                  0.87557340                  0.87914008                  0.90631890                  0.08965127                  0.09358804 
                  0.90670520                  0.91037816                  0.93826526                  0.09279481                  0.09684340 
                  0.93846804                  0.94224793                  0.97084332                  0.09600004                  0.10016132 
                  0.97085166                  0.97473890                  1.00404167                  0.09926583                  0.10354060 
                  1.00384450                  1.00783932                  1.03784776                  0.10259090                  0.10697988 
                  1.03743398                  1.04153633                  1.07224739                  0.10597393                  0.11047769 
                  1.07160580                  1.07581580                  1.10722518                  0.10941339                  0.11403237 
                  1.10634458                  1.11066198                  1.14276469                  0.11290763                  0.11764222 
                  1.14163375                  1.14605796                  1.17884767                  0.11645489                  0.12130532 
                  1.17745507                  1.18198550                  1.21545458                  0.12005328                  0.12501965 
                  1.21378922                  1.21842492                  1.25256479                  0.12370075                  0.12878308 
                  1.25061560                  1.25535536                  1.29015636                  0.12739515                  0.13259329 
                  1.28791189                  1.29275477                  1.32820570                  0.13113418                  0.13644785 
                  1.32565498                  1.33059919                  1.36668801                  0.13491544                  0.14034423 
                  1.36381996                  1.36886418                  1.40557694                  0.13873635                  0.14427973 
                  1.40238106                  1.40752304                  1.44484532                  0.14259425                  0.14825153 
                  1.44131088                  1.44654870                  1.48446417                  0.14648631                  0.15225670 
                  1.48058093                  1.48591220                  1.52440369                  0.15040962                  0.15629216 
                  1.52016163                  1.52558351                  1.56463265                  0.15436117                  0.16035473 
                  1.56002188                  1.56553161                  1.60511851                  0.15833777                  0.16444111 
                  1.60012984                  1.60572398                  1.64582777                  0.16233614                  0.16854790 
                  1.64045191                  1.64612722                  1.68672574                  0.16635293                  0.17267154 
                  1.68095386                  1.68670678                  1.72777641                  0.17038460                  0.17680843 
                  1.72160041                  1.72742701                  1.76894319                  0.17442760                  0.18095481 
                  1.76235497                  1.76825118                  1.81018806                  0.17847821                  0.18510689 
                  1.80318022                  1.80914176                  1.85147238                  0.18253271                  0.18926075 
                  1.84403801                  1.85006022                  1.89275658                  0.18658724                  0.19341239 
                  1.88488925                  1.89096725                  1.93400013                  0.19063784                  0.19755773 
                  1.92569411                  1.93182278                  1.97516179                  0.19468054                  0.20169264 
                  1.96641195                  1.97258580                  2.01619983                  0.19871122                  0.20581293 
                  2.00700140                  2.01321507                  2.05707216                  0.20272583                  0.20991430 
                  2.04742098                  2.05366826                  2.09773517                  0.20672011                  0.21399249 
                  2.08762813                  2.09390330                  2.13814545                  0.21068990                  0.21804312 
                  2.12758017                  2.13387656                  2.17825961                  0.21463089                  0.22206183 
                  2.16723371                  2.17354536                  2.21803331                  0.21853878                  0.22604418 
                  2.20654559                  2.21286559                  2.25742197                  0.22240929                  0.22998574 
                  2.24547219                  2.25179410                  2.29638124                  0.22623810                  0.23388211 
                  2.28396988                  2.29028630                  2.33486700                  0.23002088                  0.23772885 
                  2.32199478                  2.32829833                  2.37283444                  0.23375326                  0.24152155 
                  2.35950351                  2.36578631                  2.41023946                  0.23743100                  0.24525578 
                  2.39645195                  2.40270662                  2.44703746                  0.24104980                  0.24892715 
                  2.43279696                  2.43901658                  2.48318481                  0.24460533                  0.25253132 
                  2.46849561                  2.47467184                  2.51863837                  0.24809343                  0.25606400 
                  2.50350523                  2.50963044                  2.55335522                  0.25150988                  0.25952098 
                  2.53778386                  2.54384995                  2.58729243                  0.25485057                  0.26289800 
                  2.57129002                  2.57728839                  2.62040901                  0.25811145                  0.26619101 
                  2.60398269                  2.60990548                  2.65266371                  0.26128852                  0.26939595 
                  2.63582158                  2.64166069                  2.68401647                  0.26437792                  0.27250880 
                  2.66676760                  2.67251468                  2.71442795                  0.26737580                  0.27552581 
                  2.69678259                  2.70242906                  2.74386024                  0.27027845                  0.27844322 
                  2.72582912                  2.73136640                  2.77227640                  0.27308226                  0.28125739 
                  2.75387073                  2.75929046                  2.79964018                  0.27578372                  0.28396475 
                  2.78087211                  2.78616619                  2.82591724                  0.27837950                  0.28656197 
                  2.80679965                  2.81195974                  2.85107422                  0.28086627                  0.28904581 
                  2.83162069                  2.83663845                  2.87507963                  0.28324097                  0.29141313 
                  2.85530448                  2.86017108                  2.89790297                  0.28550062                  0.29366100 
                  2.87782073                  2.88252854                  2.91951513                  0.28764239                  0.29578656 
                  2.89914155                  2.90368199                  2.93988919                  0.28966364                  0.29778719 
                  2.91923976                  2.92360568                  2.95899868                  0.29156181                  0.29966047 
                  2.93809104                  2.94227386                  2.97682095                  0.29333460                  0.30140406 
                  2.95567155                  2.95966434                  2.99333286                  0.29497978                  0.30301580 
                  2.97196007                  2.97575545                  3.00851440                  0.29649538                  0.30449378 
                  2.98693633                  2.99052715                  3.02234769                  0.29787964                  0.30583620 
                  3.00058270                  3.00396132                  3.03481603                  0.29913086                  0.30704156 
                  3.01288319                  3.01604319                  3.04590464                  0.30024764                  0.30810842 
                  3.02382326                  3.02675819                  3.05560040                  0.30122864                  0.30903566 
                  3.03339076                  3.03609419                  3.06389356                  0.30207285                  0.30982229 
                  3.04157519                  3.04404092                  3.07077551                  0.30277932                  0.31046748 
                  3.04836845                  3.05059052                  3.07623911                  0.30334747                  0.31097069 
                  3.05376387                  3.05573654                  3.08027983                  0.30377674                  0.31133151 
                  3.05775666                  3.05947566                  3.08289528                  0.30406687                  0.31154978 
                  3.06034470                  3.06180501                  3.08408475                  0.30421779                  0.31162551 
                  3.06152749                  3.06272459                  3.08385015                  0.30422953                  0.31155890 
                  3.06130672                  3.06223631                  3.08219433                  0.30410245                  0.31135038 
                  3.05968571                  3.06034398                  3.07912350                  0.30383703                  0.31100059 
                  3.05666995                  3.05705333                  3.07464504                  0.30343395                  0.31051028 
                  3.05226684                  3.05237246                  3.06876802                  0.30289418                  0.30988047 
                  3.04648566                  3.04631066                  3.06150389                  0.30221868                  0.30911237 
                  3.03933764                  3.03887963                  3.05286646                  0.30140871                  0.30820739 
                  3.03083563                  3.03009295                  3.04287052                  0.30046564                  0.30716705 
                  3.02099466                  3.01996565                  3.03153324                  0.29939115                  0.30599314 
                  3.00983119                  3.00851488                  3.01887274                  0.29818699                  0.30468753 
                  2.99736381                  2.99575949                  3.00491023                  0.29685509                  0.30325228 
                  2.98361254                  2.98171997                  2.98966718                  0.29539752                  0.30168968 
                  2.96859908                  2.96641827                  2.97316790                  0.29381663                  0.30000213 
                  2.95234632                  2.94987845                  2.95543742                  0.29211476                  0.29819217 
                  2.93487954                  2.93212509                  2.93650246                  0.29029453                  0.29626250 
                  2.91622496                  2.91318464                  2.91639137                  0.28835863                  0.29421598 
                  2.89640975                  2.89308572                  2.89513373                  0.28630984                  0.29205555 
                  2.87546325                  2.87185717                  2.87276030                  0.28415114                  0.28978431 
                  2.85341549                  2.84952998                  2.84930325                  0.28188556                  0.28740546 
                  2.83029771                  2.82613564                  2.82479572                  0.27951643                  0.28492233 
                  2.80614233                  2.80170774                  2.79927135                  0.27704689                  0.28233838 
                  2.78098321                  2.77627969                  2.77276635                  0.27448034                  0.27965713 
                  2.75485492                  2.74988627                  2.74531603                  0.27182031                  0.27688211 
                  2.72779250                  2.72256279                  2.71695757                  0.26907033                  0.27401707 
                  2.69983196                  2.69434643                  2.68772840                  0.26623404                  0.27106571 
                  2.67101073                  2.66527438                  2.65766716                  0.26331514                  0.26803190 
                  2.64136624                  2.63538408                  2.62681293                  0.26031739                  0.26491949 
                  2.61093616                  2.60471439                  2.59520435                  0.25724459                  0.26173243 
                  2.57975960                  2.57330394                  2.56288171                  0.25410053                  0.25847465 
                  2.54787540                  2.54119205                  2.52988505                  0.25088918                  0.25515014 
                  2.51532269                  2.50841832                  2.49625492                  0.24761441                  0.25176293 
                  2.48214102                  2.47502279                  2.46203136                  0.24428016                  0.24831700 
                  2.44837046                  2.44104552                  2.42725492                  0.24089032                  0.24481648 
                  2.41405106                  2.40652585                  2.39196682                  0.23744890                  0.24126534 
                  2.37922215                  2.37150478                  2.35620761                  0.23395979                  0.23766761 
                  2.34392381                  2.33602166                  2.32001758                  0.23042694                  0.23402730 
                  2.30819559                  2.30011702                  2.28343654                  0.22685429                  0.23034841 
                  2.27207708                  2.26382971                  2.24650502                  0.22324571                  0.22663492 
                  2.23560762                  2.22720003                  2.20926237                  0.21960504                  0.22289075 
                  2.19882607                  2.19026637                  2.17174792                  0.21593614                  0.21911980 
                  2.16177082                  2.15306759                  2.13400030                  0.21224275                  0.21532592 
                  2.12447977                  2.11564183                  2.09605813                  0.20852864                  0.21151286 
                  2.08699083                  2.07802677                  2.05795836                  0.20479745                  0.20768437 
                  2.04934120                  2.04025888                  2.01973820                  0.20105281                  0.20384412 
                  2.01156688                  2.00237536                  1.98143399                  0.19729829                  0.19999570 
                  1.97370362                  1.96441174                  1.94308138                  0.19353735                  0.19614263 
                  1.93578649                  1.92640281                  1.90471518                  0.18977341                  0.19228837 
                  1.89784956                  1.88838303                  1.86636901                  0.18600981                  0.18843625 
                  1.85992646                  1.85038567                  1.82807612                  0.18224975                  0.18458959 
                  1.82204962                  1.81244326                  1.78986859                  0.17849645                  0.18075158 
                  1.78425074                  1.77458751                  1.75177765                  0.17475297                  0.17692527 
                  1.74656057                  1.73684895                  1.71383345                  0.17102227                  0.17311367 
                  1.70900905                  1.69925737                  1.67606521                  0.16730723                  0.16931969 
                  1.67162502                  1.66184163                  1.63850093                  0.16361067                  0.16554612 
                  1.63443613                  1.62462938                  1.60116792                  0.15993527                  0.16179565 
                  1.59746945                  1.58764732                  1.56409240                  0.15628359                  0.15807085 
                  1.56075048                  1.55092132                  1.52729928                  0.15265809                  0.15437424 
                  1.52430427                  1.51447570                  1.49081242                  0.14906123                  0.15070817 
                  1.48815429                  1.47833443                  1.45465446                  0.14549524                  0.14707491 
                  1.45232332                  1.44251955                  1.41884744                  0.14196226                  0.14347659 
                  1.41683269                  1.40705252                  1.38341177                  0.13846436                  0.13991530 
                  1.38170314                  1.37195349                  1.34836698                  0.13500352                  0.13639297 
                  1.34695375                  1.33724177                  1.31373143                  0.13158154                  0.13291140 
                  1.31260288                  1.30293548                  1.27952230                  0.12820020                  0.12947232 
                  1.27866781                  1.26905143                  1.24575567                  0.12486109                  0.12607734 
                  1.24516451                  1.23560560                  1.21244681                  0.12156577                  0.12272795 
                  1.21210802                  1.20261276                  1.17960954                  0.11831562                  0.11942557 
                  1.17951250                  1.17008674                  1.14725661                  0.11511199                  0.11617146 
                  1.14739072                  1.13804030                  1.11540008                  0.11195609                  0.11296683 
                  1.11575460                  1.10648477                  1.08405077                  0.10884899                  0.10981274 
                  1.08461499                  1.07543111                  1.05321836                  0.10579173                  0.10671017 
                  1.05398178                  1.04488873                  1.02291179                  0.10278523                  0.10366000 
                  1.02386391                  1.01486659                  0.99313873                  0.09983030                  0.10066302 
                  0.99426931                  0.98537213                  0.96390605                  0.09692766                  0.09771994 
                  0.96520489                  0.95641208                  0.93521965                  0.09407795                  0.09483131 
                  0.93667668                  0.92799246                  0.90708452                  0.09128173                  0.09199768 
                  0.90868998                  0.90011799                  0.87950480                  0.08853941                  0.08921945 
                  0.88124895                  0.87279284                  0.85248363                  0.08585140                  0.08649696 
                  0.85435712                  0.84602022                  0.82602352                  0.08321796                  0.08383048 
                  0.82801718                  0.81980234                  0.80012614                  0.08063931                  0.08122014 
                  0.80223089                  0.79414099                  0.77479225                  0.07811560                  0.07866608 
                  0.77699935                  0.76903689                  0.75002217                  0.07564688                  0.07616830 
                  0.75232291                  0.74449039                  0.72581506                  0.07323314                  0.07372675 
                  0.72820121                  0.72050059                  0.70216978                  0.07087430                  0.07134133 
                  0.70463324                  0.69706643                  0.67908424                  0.06857023                  0.06901184 
                  0.68161726                  0.67418593                  0.65655601                  0.06632070                  0.06673806 
                  0.65915108                  0.65185660                  0.63458192                  0.06412549                  0.06451967 
                  0.63723171                  0.63007528                  0.61315835                  0.06198423                  0.06235633 
                  0.61585575                  0.60883850                  0.59228086                  0.05989658                  0.06024763 
                  0.59501922                  0.58814198                  0.57194489                  0.05786211                  0.05819310 
                  0.57471770                  0.56798100                  0.55214518                  0.05588035                  0.05619223 
                  0.55494624                  0.54835045                  0.53287607                  0.05395076                  0.05424449 
                  0.53569943                  0.52924478                  0.51413155                  0.05207282                  0.05234926 
                  0.51697147                  0.51065809                  0.49590510                  0.05024591                  0.05050594 
                  0.49875617                  0.49258396                  0.47818992                  0.04846940                  0.04871384 
                  0.48104706                  0.47501573                  0.46097890                  0.04674263                  0.04697227 
                  0.46383724                  0.45794639                  0.44426462                  0.04506490                  0.04528051 
                  0.44711953                  0.44136858                  0.42803940                  0.04343548                  0.04363779 
                  0.43088654                  0.42527473                  0.41229522                  0.04185363                  0.04204333 
                  0.41513053                  0.40965700                  0.39702398                  0.04031856                  0.04049633 
                  0.39984354                  0.39450735                  0.38221720                  0.03882948                  0.03899596 
                  0.38501745                  0.37981752                  0.36786646                  0.03738557                  0.03754137 
                  0.37064400                  0.36557904                  0.35396296                  0.03598601                  0.03613172 
                  0.35671470                  0.35178334                  0.34049791                  0.03462993                  0.03476612 
                  0.34322089                  0.33842176                  0.32746235                  0.03331650                  0.03344369 
                  0.33015388                  0.32548541                  0.31484723                  0.03204483                  0.03216354 
                  0.31750482                  0.31296536                  0.30264348                  0.03081405                  0.03092476 
                  0.30526480                  0.30085269                  0.29084188                  0.02962327                  0.02972645 
                  0.29342487                  0.28913829                  0.27943319                  0.02847161                  0.02856769 
                  0.28197601                  0.27781311                  0.26840827                  0.02735816                  0.02744758 
                  0.27090922                  0.26686805                  0.25775790                  0.02628204                  0.02636518 
                  0.26021540                  0.25629404                  0.24747278                  0.02524235                  0.02531960 
                  0.24988551                  0.24608192                  0.23754375                  0.02423820                  0.02430991 
                  0.23991054                  0.23622262                  0.22796169                  0.02326868                  0.02333521 
                  0.23028150                  0.22670715                  0.21871749                  0.02233293                  0.02239458 
                  0.22098944                  0.21752648                  0.20980209                  0.02143006                  0.02148714 
                  0.21202546                  0.20867170                  0.20120655                  0.02055918                  0.02061199 
                  0.20338076                  0.20013396                  0.19292200                  0.01971943                  0.01976824 
                  0.19504656                  0.19190450                  0.18493964                  0.01890996                  0.01895502 
                  0.18701422                  0.18397464                  0.17725080                  0.01812990                  0.01817147 
                  0.17927517                  0.17633578                  0.16984691                  0.01737842                  0.01741672 
                  0.17182095                  0.16897947                  0.16271950                  0.01665469                  0.01668994 
                  0.16464321                  0.16189735                  0.15586029                  0.01595788                  0.01599029 
                  0.15773374                  0.15508118                  0.14926106                  0.01528720                  0.01531696 
                  0.15108441                  0.14852290                  0.14291373                  0.01464184                  0.01466913 
                  0.14468724                  0.14221451                  0.13681042                  0.01402102                  0.01404602 
                  0.13853440                  0.13614818                  0.13094333                  0.01342398                  0.01344684 
                  0.13261822                  0.13031623                  0.12530486                  0.01284997                  0.01287084 
                  0.12693113                  0.12471112                  0.11988754                  0.01229823                  0.01231727 
                  0.12146571                  0.11932547                  0.11468406                  0.01176806                  0.01178538 
                  0.11621472                  0.11415203                  0.10968726                  0.01125874                  0.01127448 
                  0.11117105                  0.10918373                  0.10489016                  0.01076957                  0.01078385 
                  0.10632776                  0.10441366                  0.10028592                  0.01029988                  0.01031280 
                  0.10167805                  0.09983505                  0.09586787                  0.00984900                  0.00986067 
                  0.09721531                  0.09544128                  0.09162950                  0.00941629                  0.00942680 
                  0.09293304                  0.09122594                  0.08756447                  0.00900111                  0.00901056 
                  0.08882494                  0.08718270                  0.08366660                  0.00860285                  0.00861132 
                  0.08488485                  0.08330547                  0.07992987                  0.00822091                  0.00822847 
                  0.08110679                  0.07958829                  0.07634844                  0.00785471                  0.00786144 
                  0.07748490                  0.07602537                  0.07291660                  0.00750366                  0.00750963 
                  0.07401351                  0.07261105                  0.06962881                  0.00716723                  0.00717250 
                  0.07068712                  0.06933984                  0.06647971                  0.00684488                  0.00684950 
                  0.06750033                  0.06620644                  0.06346409                  0.00653607                  0.00654011 
                  0.06444795                  0.06320565                  0.06057687                  0.00624031                  0.00624381 
                  0.06152493                  0.06033247                  0.05781316                  0.00595710                  0.00596011 
                  0.05872634                  0.05758204                  0.05516819                  0.00568596                  0.00568853 
                  0.05604745                  0.05494961                  0.05263736                  0.00542644                  0.00542859 
                  0.05348362                  0.05243064                  0.05021619                  0.00517807                  0.00517986 
                  0.05103041                  0.05002070                  0.04790039                  0.00494044                  0.00494189 
                  0.04868348                  0.04771550                  0.04568577                  0.00471311                  0.00471426 
                  0.04643866                  0.04551090                  0.04356828                  0.00449568                  0.00449656 
                  0.04429189                  0.04340288                  0.04154403                  0.00428776                  0.00428840 
                  0.04223926                  0.04138758                  0.03960926                  0.00408897                  0.00408938 
                  0.04027698                  0.03946126                  0.03776031                  0.00389893                  0.00389915 
                  0.03840142                  0.03762029                  0.03599368                  0.00371731                  0.00371735 
                  0.03660904                  0.03586122                  0.03430598                  0.00354374                  0.00354363 
                  0.03489644                  0.03418064                  0.03269394                  0.00337790                  0.00337766 
                  0.03326033                  0.03257534                  0.03115441                  0.00321948                  0.00321911 
                  0.03169755                  0.03104217                  0.02968435                  0.00306817                  0.00306769 
                  0.03020504                  0.02957813                  0.02828085                  0.00292366                  0.00292309 
                  0.02877987                  0.02818031                  0.02694107                  0.00278568                  0.00278503 
                  0.02741920                  0.02684591                  0.02566232                  0.00265395                  0.00265322 
                  0.02612031                  0.02557223                  0.02444199                  0.00252820                  0.00252742 
                  0.02488057                  0.02435670                  0.02327757                  0.00240818                  0.00240735 
                  0.02369745                  0.02319681                  0.02216665                  0.00229364                  0.00229277 
                  0.02256853                  0.02209017                  0.02110691                  0.00218436                  0.00218345 
                  0.02149146                  0.02103447                  0.02009612                  0.00208010                  0.00207916 
                  0.02046400                  0.02002751                  0.01913215                  0.00198064                  0.00197969 
                  0.01948400                  0.01906715                  0.01821294                  0.00188577                  0.00188481 
                  0.01854938                  0.01815136                  0.01733651                  0.00179531                  0.00179433 
                  0.01765814                  0.01727816                  0.01650098                  0.00170904                  0.00170806 
                  0.01680839                  0.01644569                  0.01570453                  0.00162679                  0.00162581 
                  0.01599827                  0.01565212                  0.01494541                  0.00154838                  0.00154740 
                  0.01522605                  0.01489574                  0.01422196                  0.00147363                  0.00147266 
                  0.01449001                  0.01417487                  0.01353258                  0.00140240                  0.00140143 
                  0.01378856                  0.01348793                  0.01287572                  0.00133450                  0.00133355 
                  0.01312013                  0.01283339                  0.01224992                  0.00126981                  0.00126887 
                  0.01248324                  0.01220978                  0.01165378                  0.00120817                  0.00120724 
                  0.01187647                  0.01161571                  0.01108593                  0.00114944                  0.00114853 
                  0.01129844                  0.01104982                  0.01054509                  0.00109350                  0.00109261 
                  0.01074785                  0.01051084                  0.01003003                  0.00104021                  0.00103934 
                  0.01022344                  0.00999754                  0.00953956                  0.00098946                  0.00098860 
                  0.00972403                  0.00950873                  0.00907254                  0.00094113                  0.00094029 
                  0.00924846                  0.00904329                  0.00862790                  0.00089510                  0.00089429 
                  0.00879563                  0.00860013                  0.00820459                  0.00085127                  0.00085048 
                  0.00836450                  0.00817824                  0.00780164                  0.00080955                  0.00080878 
                  0.00795406                  0.00777662                  0.00741808                  0.00076983                  0.00076908 
                  0.00756334                  0.00739434                  0.00705302                  0.00073201                  0.00073129 
                  0.00719144                  0.00703048                  0.00670558                  0.00069602                  0.00069532 
                  0.00683747                  0.00668418                  0.00637496                  0.00066177                  0.00066108 
                  0.00650060                  0.00635464                  0.00606034                  0.00062916                  0.00062850 
                  0.00618002                  0.00604105                  0.00576098                  0.00059814                  0.00059750 
                  0.00587497                  0.00574266                  0.00547617                  0.00056862                  0.00056800 
                  0.00558471                  0.00545877                  0.00520520                  0.00054053                  0.00053993 
                  0.00530856                  0.00518867                  0.00494743                  0.00051380                  0.00051323 
                  0.00504583                  0.00493173                  0.00470223                  0.00048837                  0.00048782 
                  0.00479590                  0.00468731                  0.00446899                  0.00046419                  0.00046365 
                  0.00455816                  0.00445482                  0.00424716                  0.00044118                  0.00044066 
                  0.00433203                  0.00423370                  0.00403618                  0.00041929                  0.00041880 
                  0.00411694                  0.00402339                  0.00383553                  0.00039848                  0.00039800 
                  0.00391239                  0.00382338                  0.00364473                  0.00037868                  0.00037822 
                  0.00371785                  0.00363318                  0.00346329                  0.00035985                  0.00035941 
                  0.00353286                  0.00345232                  0.00329076                  0.00034195                  0.00034153 
                  0.00335695                  0.00328034                  0.00312673                  0.00032492                  0.00032452 
                  0.00318969                  0.00311682                  0.00297077                  0.00030874                  0.00030835 
                  0.00303066                  0.00296136                  0.00282250                  0.00029334                  0.00029297 
                  0.00287945                  0.00281356                  0.00268154                  0.00027871                  0.00027835 
                  0.00273571                  0.00267304                  0.00254755                  0.00026480                  0.00026445 
                  0.00259906                  0.00253947                  0.00242018                  0.00025157                  0.00025124 
                  0.00246915                  0.00241250                  0.00229910                  0.00023900                  0.00023868 
                  0.00234567                  0.00229181                  0.00218403                  0.00022705                  0.00022675 
                  0.00222830                  0.00217709                  0.00207465                  0.00021569                  0.00021540 
                  0.00211674                  0.00206806                  0.00197070                  0.00020489                  0.00020461 
                  0.00201071                  0.00196443                  0.00187190                  0.00019463                  0.00019436 
                  0.00190993                  0.00186595                  0.00177802                  0.00018488                  0.00018462 
                  0.00181417                  0.00177236                  0.00168880                  0.00017561                  0.00017536 
                  0.00172315                  0.00168342                  0.00160401                  0.00016680                  0.00016656 
                  0.00163667                  0.00159890                  0.00152345                  0.00015843                  0.00015820 
                  0.00155448                  0.00151859                  0.00144690                  0.00015047                  0.00015026 
                  0.00147639                  0.00144228                  0.00137416                  0.00014291                  0.00014271 
                  0.00140218                  0.00136977                  0.00130505                  0.00013573                  0.00013554 
                  0.00133168                  0.00130088                  0.00123939                  0.00012891                  0.00012872 
                  0.00126469                  0.00123543                  0.00117701                  0.00012242                  0.00012225 
                  0.00120105                  0.00117324                  0.00111775                  0.00011626                  0.00011609 
                  0.00114058                  0.00111416                  0.00106145                  0.00011041                  0.00011025 
                  0.00108314                  0.00105804                  0.00100796                  0.00010485                  0.00010470 
                  0.00102857                  0.00100472                  0.00095715                  0.00009957                  0.00009942 
                  0.00097673                  0.00095407                  0.00090889                  0.00009455                  0.00009441 
                  0.00092749                  0.00090596                  0.00086304                  0.00008978                  0.00008965 
                  0.00088071                  0.00086026                  0.00081949                  0.00008526                  0.00008513 
                  0.00083627                  0.00081685                  0.00077813                  0.00008095                  0.00008083 
                  0.00079406                  0.00077562                  0.00073884                  0.00007687                  0.00007675 
                  0.00075398                  0.00073645                  0.00070152                  0.00007299                  0.00007288 
                  0.00071590                  0.00069925                  0.00066608                  0.00006930                  0.00006920 
                  0.00067973                  0.00066392                  0.00063242                  0.00006580                  0.00006570 
                  0.00064538                  0.00063037                  0.00060044                  0.00006248                  0.00006238 
                  0.00061276                  0.00059850                  0.00057008                  0.00005932                  0.00005923 
                  0.00058178                  0.00056823                  0.00054125                  0.00005632                  0.00005623 
                  0.00055235                  0.00053949                  0.00051386                  0.00005347                  0.00005339 
                  0.00052441                  0.00051219                  0.00048786                  0.00005077                  0.00005069 
                  0.00049787                  0.00048627                  0.00046316                  0.00004820                  0.00004812 
                  0.00047267                  0.00046165                  0.00043971                  0.00004576                  0.00004569 
                  0.00044874                  0.00043828                  0.00041744                  0.00004344                  0.00004337 
                  0.00042601                  0.00041608                  0.00039630                  0.00004124                  0.00004118 
                  0.00040444                  0.00039500                  0.00037622                  0.00003915                  0.00003909 
                  0.00038394                  0.00037499                  0.00035715                  0.00003717                  0.00003711 
                  0.00036449                  0.00035598                  0.00033904                  0.00003529                  0.00003523 
                  0.00034601                  0.00033793                  0.00032185                  0.00003350                  0.00003344 
                  0.00032847                  0.00032080                  0.00030553                  0.00003180                  0.00003175 
                  0.00031181                  0.00030453                  0.00029003                  0.00003019                  0.00003014 
                  0.00029600                  0.00028908                  0.00027532                  0.00002866                  0.00002861 
                  0.00028098                  0.00027442                  0.00026135                  0.00002720                  0.00002716 
                  0.00026672                  0.00026049                  0.00024809                  0.00002582                  0.00002578 
                  0.00025319                  0.00024727                  0.00023549                  0.00002451                  0.00002447 
                  0.00024034                  0.00023472                  0.00022354                  0.00002327                  0.00002323 
                  0.00022813                  0.00022280                  0.00021218                  0.00002209                  0.00002205 
                  0.00021655                  0.00021149                  0.00020141                  0.00002096                  0.00002093 
                  0.00020555                  0.00020074                  0.00019118                  0.00001990                  0.00001987 
                  0.00019511                  0.00019055                  0.00018146                  0.00001889                  0.00001886 
                  0.00018520                  0.00018086                  0.00017224                  0.00001793                  0.00001790 
                  0.00017579                  0.00017167                  0.00016349                  0.00001702                  0.00001699 
                  0.00016685                  0.00016295                  0.00015518                  0.00001615                  0.00001613 
                  0.00015837                  0.00015467                  0.00014729                  0.00001533                  0.00001531 
                  0.00015032                  0.00014680                  0.00013980                  0.00001455                  0.00001453 
                  0.00014268                  0.00013934                  0.00013269                  0.00001381                  0.00001379 
                  0.00013542                  0.00013225                  0.00012594                  0.00001311                  0.00001309 
                  0.00012854                  0.00012553                  0.00011954                  0.00001244                  0.00001242 
                  0.00012200                  0.00011914                  0.00011346                  0.00001181                  0.00001179 
                  0.00011579                  0.00011308                  0.00010768                  0.00001121                  0.00001119 
                  0.00010990                  0.00010733                  0.00010220                  0.00001064                  0.00001062 
                  0.00010431                  0.00010186                  0.00009700                  0.00001010                  0.00001008 
                  0.00009900                  0.00009668                  0.00009207                  0.00000958                  0.00000957 
                  0.00009396                  0.00009176                  0.00008738                  0.00000910                  0.00000908 
                  0.00008918                  0.00008709                  0.00008293                  0.00000863                  0.00000862 
                  0.00008464                  0.00008265                  0.00007871                  0.00000819                  0.00000818 
                  0.00008033                  0.00007845                  0.00007470                  0.00000778                  0.00000776 
                  0.00007624                  0.00007445                  0.00007090                  0.00000738                  0.00000737 
                  0.00007236                  0.00007066                  0.00006729                  0.00000701                  0.00000699 
                  0.00006867                  0.00006706                  0.00006386                  0.00000665                  0.00000664 
                  0.00006517                  0.00006365                  0.00006061                  0.00000631                  0.00000630 
                  0.00006185                  0.00006040                  0.00005752                  0.00000599                  0.00000598 
                  0.00005870                  0.00005733                  0.00005459                  0.00000568                  0.00000567 
                  0.00005571                  0.00005440                  0.00005181                  0.00000539                  0.00000538 
                  0.00005287                  0.00005163                  0.00004917                  0.00000512                  0.00000511 
                  0.00005018                  0.00004900                  0.00004666                  0.00000486                  0.00000485 
                  0.00004762                  0.00004650                  0.00004428                  0.00000461                  0.00000460 
                  0.00004519                  0.00004413                  0.00004202                  0.00000438                  0.00000437 
                  0.00004289                  0.00004188                  0.00003988                  0.00000415                  0.00000415 
                  0.00004070                  0.00003975                  0.00003785                  0.00000394                  0.00000393 
                  0.00003863                  0.00003772                  0.00003592                  0.00000374                  0.00000373 
                  0.00003666                  0.00003580                  0.00003409                  0.00000355                  0.00000354 
                  0.00003479                  0.00003397                  0.00003235                  0.00000337                  0.00000336 
                  0.00003302                  0.00003224                  0.00003070                  0.00000320                  0.00000319 
                  0.00003133                  0.00003060                  0.00002913                  0.00000303                  0.00000303 
                  0.00002973                  0.00002904                  0.00002765                  0.00000288                  0.00000287 
                  0.00002822                  0.00002756                  0.00002624                  0.00000273                  0.00000273 
                  0.00002678                  0.00002615                  0.00002490                  0.00000259                  0.00000259 
                  0.00002541                  0.00002482                  0.00002363                  0.00000246                  0.00000246 
                  0.00002412                  0.00002355                  0.00002242                  0.00000233                  0.00000233 
                  0.00002289                  0.00002235                  0.00002128                  0.00000222                  0.00000221 
                  0.00002172                  0.00002121                  0.00002019                  0.00000210                  0.00000210 
                  0.00002061                  0.00002013                  0.00001916                  0.00000200                  0.00000199 
                  0.00001956                  0.00001910                  0.00001819                  0.00000189                  0.00000189 
                  0.00001856                  0.00001812                  0.00001726                  0.00000180                  0.00000179 
                  0.00001761                  0.00001720                  0.00001638                  0.00000171                  0.00000170 
                  0.00001671                  0.00001632                  0.00001554                  0.00000162                  0.00000162 
                  0.00001586                  0.00001549                  0.00001475                  0.00000154                  0.00000153 
                  0.00001505                  0.00001470                  0.00001400                  0.00000146                  0.00000145 
                  0.00001428                  0.00001395                  0.00001328                  0.00000138                  0.00000138 
                  0.00001355                  0.00001324                  0.00001260                  0.00000131                  0.00000131 
                  0.00001286                  0.00001256                  0.00001196                  0.00000125                  0.00000124 
                  0.00001221                  0.00001192                  0.00001135                  0.00000118                  0.00000118 
                  0.00001158                  0.00001131                  0.00001077                  0.00000112                  0.00000112 
                  0.00001099                  0.00001073                  0.00001022                  0.00000106                  0.00000106 
                  0.00001043                  0.00001018                  0.00000970                  0.00000101                  0.00000101 
                  0.00000990                  0.00000966                  0.00000920                  0.00000096                  0.00000096 
                  0.00000939                  0.00000917                  0.00000873                  0.00000091                  0.00000091 
                  0.00000891                  0.00000870                  0.00000829                  0.00000086                  0.00000086 
                  0.00000846                  0.00000826                  0.00000786                  0.00000082                  0.00000082 
                  0.00000803                  0.00000784                  0.00000746                  0.00000078                  0.00000078 
                  0.00000762                  0.00000744                  0.00000708                  0.00000074                  0.00000074 
                  0.00000723                  0.00000706                  0.00000672                  0.00000070                  0.00000070 
                  0.00000686                  0.00000670                  0.00000638                  0.00000066                  0.00000066 
                  0.00000651                  0.00000635                  0.00000605                  0.00000063                  0.00000063 
                  0.00000617                  0.00000603                  0.00000574                  0.00000060                  0.00000060 
                  0.00000586                  0.00000572                  0.00000545                  0.00000057                  0.00000057 
                  0.00000556                  0.00000543                  0.00000517                  0.00000054                  0.00000054 
                  0.00000528                  0.00000515                  0.00000491                  0.00000051                  0.00000051 
                  0.00000501                  0.00000489                  0.00000465                  0.00000048                  0.00000048 
                  0.00000475                  0.00000464                  0.00000442                  0.00000046                  0.00000046 
                  0.00000451                  0.00000440                  0.00000419                  0.00000044                  0.00000044 
                  0.00000428                  0.00000418                  0.00000398                  0.00000041                  0.00000041 
                  0.00000406                  0.00000396                  0.00000377                  0.00000039                  0.00000039 
                  0.00000385                  0.00000376                  0.00000358                  0.00000037                  0.00000037 
                  0.00000366                  0.00000357                  0.00000340                  0.00000035                  0.00000035 
                  0.00000347                  0.00000339                  0.00000322                  0.00000034                  0.00000034 
                  0.00000329                  0.00000321                  0.00000306                  0.00000032                  0.00000032 
                  0.00000312                  0.00000305                  0.00000290                  0.00000030                  0.00000030 
                  0.00000296                  0.00000289                  0.00000276                  0.00000029                  0.00000029 
                  0.00000281                  0.00000275                  0.00000261                  0.00000027                  0.00000027 
                  0.00000267                  0.00000261                  0.00000248                  0.00000026                  0.00000026 
                  0.00000253                  0.00000247                  0.00000235                  0.00000025                  0.00000024 
                  0.00000240                  0.00000235                  0.00000223                  0.00000023                  0.00000023 
                  0.00000228                  0.00000223                  0.00000212                  0.00000022                  0.00000022 
                  0.00000216                  0.00000211                  0.00000201                  0.00000021                  0.00000021 
                  0.00000205                  0.00000200                  0.00000191                  0.00000020                  0.00000020 
                  0.00000195                  0.00000190                  0.00000181                  0.00000019                  0.00000019 
                  0.00000185                  0.00000180                  0.00000172                  0.00000018                  0.00000018 
                  0.00000175                  0.00000171                  0.00000163                  0.00000017                  0.00000017 
                  0.00000166                  0.00000162                  0.00000155                  0.00000016                  0.00000016 
                  0.00000158                  0.00000154                  0.00000147                  0.00000015                  0.00000015 
                  0.00000150                  0.00000146                  0.00000139                  0.00000015                  0.00000014 
                  0.00000142                  0.00000139                  0.00000132                  0.00000014                  0.00000014 
                  0.00000135                  0.00000132                  0.00000125                  0.00000013                  0.00000013 
                  0.00000128                  0.00000125                  0.00000119                  0.00000012                  0.00000012 
                  0.00000121                  0.00000119                  0.00000113                  0.00000012                  0.00000012 
                  0.00000115                  0.00000113                  0.00000107                  0.00000011                  0.00000011 
                  0.00000109                  0.00000107                  0.00000102                  0.00000011                  0.00000011 
                  0.00000104                  0.00000101                  0.00000096                  0.00000010                  0.00000010 
                  0.00000098                  0.00000096                  0.00000092                  0.00000010                  0.00000010 
                  0.00000093                  0.00000091                  0.00000087                  0.00000009                  0.00000009 
                  0.00000089                  0.00000087                  0.00000082                  0.00000009                  0.00000009 
                  0.00000084                  0.00000082                  0.00000078                  0.00000008                  0.00000008 
                  0.00000080                  0.00000078                  0.00000074                  0.00000008                  0.00000008 
                  0.00000076                  0.00000074                  0.00000070                  0.00000007                  0.00000007 
                  0.00000072                  0.00000070                  0.00000067                  0.00000007                  0.00000007 
                  0.00000068                  0.00000067                  0.00000063                  0.00000007                  0.00000007 
                  0.00000065                  0.00000063                  0.00000060                  0.00000006                  0.00000006 
                  0.00000061                  0.00000060                  0.00000057                  0.00000006                  0.00000006 
                  0.00000058                  0.00000057                  0.00000054                  0.00000006                  0.00000006 
                  0.00000055                  0.00000054                  0.00000051                  0.00000005                  0.00000005 
                  0.00000052                  0.00000051                  0.00000049                  0.00000005                  0.00000005 
                  0.00000050                  0.00000049                  0.00000046                  0.00000005                  0.00000005 
                  0.00000047                  0.00000046                  0.00000044                  0.00000005                  0.00000005 
                  0.00000045                  0.00000044                  0.00000042                  0.00000004                  0.00000004 
                  0.00000043                  0.00000042                  0.00000040                  0.00000004                  0.00000004 
                  0.00000040                  0.00000039                  0.00000038                  0.00000004                  0.00000004 
