                  0.00000026                  0.00000026                  0.00000026                  0.00000026                  0.00000026                  0.00000026                  0.00000019                  0.00000019                  0.00000019                  0.00000019 
                  0.00000060                  0.00000060                  0.00000060                  0.00000040                  0.00000040 
                  0.00000102                  0.00000102                  0.00000101                  0.00000065                  0.00000064 
                  0.00000151                  0.00000151                  0.00000151                  0.00000091                  0.00000092 
                  0.00000209                  0.00000208                  0.00000208                  0.00000124                  0.00000121 
                  0.00000276                  0.00000273                  0.00000271                  0.00000158                  0.00000157 
                  0.00000351                  0.00000346                  0.00000342                  0.00000200                  0.00000195 
                  0.00000435                  0.00000429                  0.00000421                  0.00000247                  0.00000239 
                  0.00000528                  0.00000521                  0.00000509                  0.00000298                  0.00000288 
                  0.00000632                  0.00000623                  0.00000606                  0.00000356                  0.00000343 
                  0.00000747                  0.00000735                  0.00000715                  0.00000421                  0.00000405 
                  0.00000873                  0.00000859                  0.00000834                  0.00000493                  0.00000474 
                  0.00001012                  0.00000996                  0.00000967                  0.00000573                  0.00000550 
                  0.00001165                  0.00001148                  0.00001113                  0.00000661                  0.00000635 
                  0.00001334                  0.00001314                  0.00001274                  0.00000758                  0.00000729 
                  0.00001521                  0.00001498                  0.00001452                  0.00000866                  0.00000832 
                  0.00001726                  0.00001700                  0.00001648                  0.00000985                  0.00000946 
                  0.00001952                  0.00001923                  0.00001864                  0.00001116                  0.00001072 
                  0.00002200                  0.00002168                  0.00002102                  0.00001260                  0.00001211 
                  0.00002474                  0.00002438                  0.00002364                  0.00001419                  0.00001364 
                  0.00002776                  0.00002735                  0.00002652                  0.00001594                  0.00001532 
                  0.00003108                  0.00003062                  0.00002969                  0.00001786                  0.00001717 
                  0.00003473                  0.00003422                  0.00003318                  0.00001998                  0.00001921 
                  0.00003874                  0.00003818                  0.00003701                  0.00002231                  0.00002145 
                  0.00004315                  0.00004253                  0.00004123                  0.00002487                  0.00002391 
                  0.00004800                  0.00004731                  0.00004587                  0.00002768                  0.00002662 
                  0.00005333                  0.00005256                  0.00005096                  0.00003077                  0.00002960 
                  0.00005918                  0.00005833                  0.00005655                  0.00003417                  0.00003286 
                  0.00006560                  0.00006466                  0.00006268                  0.00003790                  0.00003645 
                  0.00007265                  0.00007160                  0.00006942                  0.00004198                  0.00004038 
                  0.00008038                  0.00007922                  0.00007680                  0.00004647                  0.00004470 
                  0.00008885                  0.00008757                  0.00008490                  0.00005139                  0.00004943 
                  0.00009814                  0.00009672                  0.00009377                  0.00005678                  0.00005461 
                  0.00010831                  0.00010675                  0.00010349                  0.00006268                  0.00006029 
                  0.00011944                  0.00011772                  0.00011413                  0.00006914                  0.00006651 
                  0.00013163                  0.00012973                  0.00012577                  0.00007622                  0.00007332 
                  0.00014496                  0.00014287                  0.00013850                  0.00008396                  0.00008076 
                  0.00015953                  0.00015723                  0.00015242                  0.00009241                  0.00008890 
                  0.00017545                  0.00017291                  0.00016762                  0.00010166                  0.00009779 
                  0.00019283                  0.00019005                  0.00018422                  0.00011175                  0.00010750 
                  0.00021180                  0.00020874                  0.00020235                  0.00012277                  0.00011810 
                  0.00023250                  0.00022914                  0.00022211                  0.00013479                  0.00012966 
                  0.00025507                  0.00025138                  0.00024367                  0.00014790                  0.00014227 
                  0.00027966                  0.00027561                  0.00026715                  0.00016219                  0.00015601 
                  0.00030645                  0.00030201                  0.00029273                  0.00017775                  0.00017098 
                  0.00033560                  0.00033074                  0.00032056                  0.00019470                  0.00018728 
                  0.00036732                  0.00036199                  0.00035085                  0.00021313                  0.00020501 
                  0.00040180                  0.00039597                  0.00038378                  0.00023318                  0.00022429 
                  0.00043928                  0.00043290                  0.00041956                  0.00025496                  0.00024525 
                  0.00047998                  0.00047301                  0.00045842                  0.00027863                  0.00026801 
                  0.00052417                  0.00051655                  0.00050060                  0.00030433                  0.00029273 
                  0.00057210                  0.00056378                  0.00054637                  0.00033221                  0.00031954 
                  0.00062408                  0.00061499                  0.00059598                  0.00036244                  0.00034862 
                  0.00068040                  0.00067049                  0.00064975                  0.00039521                  0.00038014 
                  0.00074140                  0.00073059                  0.00070798                  0.00043070                  0.00041428 
                  0.00080743                  0.00079565                  0.00077101                  0.00046913                  0.00045124 
                  0.00087886                  0.00086603                  0.00083919                  0.00051071                  0.00049123 
                  0.00095610                  0.00094213                  0.00091291                  0.00055568                  0.00053448 
                  0.00103956                  0.00102436                  0.00099257                  0.00060427                  0.00058122 
                  0.00112969                  0.00111316                  0.00107860                  0.00065677                  0.00063171 
                  0.00122698                  0.00120902                  0.00117145                  0.00071344                  0.00068621 
                  0.00133192                  0.00131241                  0.00127161                  0.00077458                  0.00074502 
                  0.00144507                  0.00142389                  0.00137960                  0.00084051                  0.00080843 
                  0.00156699                  0.00154401                  0.00149595                  0.00091156                  0.00087677 
                  0.00169828                  0.00167336                  0.00162124                  0.00098810                  0.00095038 
                  0.00183959                  0.00181258                  0.00175609                  0.00107048                  0.00102962 
                  0.00199158                  0.00196232                  0.00190113                  0.00115912                  0.00111486 
                  0.00215499                  0.00212331                  0.00205706                  0.00125442                  0.00120653 
                  0.00233055                  0.00229627                  0.00222458                  0.00135684                  0.00130504 
                  0.00251907                  0.00248200                  0.00240447                  0.00146684                  0.00141083 
                  0.00272138                  0.00268131                  0.00259752                  0.00158491                  0.00152440 
                  0.00293838                  0.00289509                  0.00280456                  0.00171157                  0.00164622 
                  0.00317099                  0.00312424                  0.00302650                  0.00184738                  0.00177684 
                  0.00342019                  0.00336974                  0.00326427                  0.00199290                  0.00191681 
                  0.00368700                  0.00363260                  0.00351884                  0.00214874                  0.00206671 
                  0.00397252                  0.00391387                  0.00379124                  0.00231554                  0.00222714 
                  0.00427787                  0.00421468                  0.00408256                  0.00249396                  0.00239876 
                  0.00460423                  0.00453619                  0.00439393                  0.00268471                  0.00258223 
                  0.00495287                  0.00487963                  0.00472654                  0.00288852                  0.00277826 
                  0.00532507                  0.00524629                  0.00508162                  0.00310615                  0.00298760 
                  0.00572219                  0.00563751                  0.00546048                  0.00333841                  0.00321101 
                  0.00614567                  0.00605468                  0.00586447                  0.00358614                  0.00344929 
                  0.00659699                  0.00649927                  0.00629501                  0.00385021                  0.00370330 
                  0.00707769                  0.00697281                  0.00675358                  0.00413154                  0.00397392 
                  0.00758939                  0.00747688                  0.00724171                  0.00443109                  0.00426206 
                  0.00813377                  0.00801314                  0.00776101                  0.00474984                  0.00456868 
                  0.00871258                  0.00858332                  0.00831314                  0.00508883                  0.00489477 
                  0.00932763                  0.00918919                  0.00889984                  0.00544913                  0.00524137 
                  0.00998081                  0.00983263                  0.00952291                  0.00583187                  0.00560955 
                  0.01067408                  0.01051554                  0.01018421                  0.00623820                  0.00600044 
                  0.01140946                  0.01123994                  0.01088567                  0.00666931                  0.00641517 
                  0.01218905                  0.01200789                  0.01162929                  0.00712647                  0.00685496 
                  0.01301502                  0.01282152                  0.01241715                  0.00761094                  0.00732104 
                  0.01388962                  0.01368305                  0.01325139                  0.00812407                  0.00781470 
                  0.01481516                  0.01459476                  0.01413421                  0.00866723                  0.00833726 
                  0.01579402                  0.01555899                  0.01506789                  0.00924184                  0.00889007 
                  0.01682867                  0.01657816                  0.01605478                  0.00984935                  0.00947457 
                  0.01792163                  0.01765478                  0.01709727                  0.01049129                  0.01009218 
                  0.01907550                  0.01879141                  0.01819787                  0.01116918                  0.01074441 
                  0.02029296                  0.01999066                  0.01935911                  0.01188462                  0.01143278 
                  0.02157674                  0.02125523                  0.02058361                  0.01263926                  0.01215887 
                  0.02292964                  0.02258790                  0.02187404                  0.01343475                  0.01292429 
                  0.02435454                  0.02399148                  0.02323313                  0.01427281                  0.01373070 
                  0.02585436                  0.02546887                  0.02466370                  0.01515519                  0.01457977 
                  0.02743210                  0.02702300                  0.02616858                  0.01608369                  0.01547323 
                  0.02909080                  0.02865689                  0.02775070                  0.01706013                  0.01641285 
                  0.03083357                  0.03037359                  0.02941300                  0.01808636                  0.01740041 
                  0.03266357                  0.03217622                  0.03115851                  0.01916429                  0.01843774 
                  0.03458400                  0.03406793                  0.03299029                  0.02029582                  0.01952670 
                  0.03659810                  0.03605192                  0.03491143                  0.02148293                  0.02066915 
                  0.03870918                  0.03813142                  0.03692507                  0.02272757                  0.02186702 
                  0.04092054                  0.04030971                  0.03903438                  0.02403175                  0.02312223 
                  0.04323554                  0.04259009                  0.04124256                  0.02539749                  0.02443672 
                  0.04565756                  0.04497589                  0.04355285                  0.02682683                  0.02581247 
                  0.04818998                  0.04747047                  0.04596848                  0.02832182                  0.02725145 
                  0.05083623                  0.05007716                  0.04849271                  0.02988452                  0.02875565 
                  0.05359972                  0.05279936                  0.05112880                  0.03151700                  0.03032706 
                  0.05648385                  0.05564041                  0.05388001                  0.03322132                  0.03196770 
                  0.05949204                  0.05860367                  0.05674960                  0.03499956                  0.03367955 
                  0.06262768                  0.06169249                  0.05974080                  0.03685379                  0.03546461 
                  0.06589414                  0.06491018                  0.06285685                  0.03878606                  0.03732485 
                  0.06929477                  0.06826004                  0.06610095                  0.04079839                  0.03926226 
                  0.07283284                  0.07174533                  0.06947622                  0.04289281                  0.04127877 
                  0.07651161                  0.07536924                  0.07298579                  0.04507132                  0.04337633 
                  0.08033429                  0.07913493                  0.07663271                  0.04733588                  0.04555681 
                  0.08430399                  0.08304547                  0.08041997                  0.04968841                  0.04782209 
                  0.08842377                  0.08710387                  0.08435050                  0.05213080                  0.05017399 
                  0.09269658                  0.09131305                  0.08842714                  0.05466487                  0.05261429 
                  0.09712530                  0.09567584                  0.09265262                  0.05729241                  0.05514470 
                  0.10171267                  0.10019497                  0.09702958                  0.06001514                  0.05776690 
                  0.10646133                  0.10487302                  0.10156056                  0.06283472                  0.06048250 
                  0.11137380                  0.10971249                  0.10624797                  0.06575272                  0.06329302 
                  0.11645246                  0.11471570                  0.11109409                  0.06877067                  0.06619991 
                  0.12169953                  0.11988486                  0.11610106                  0.07188994                  0.06920456 
                  0.12711704                  0.12522200                  0.12127084                  0.07511190                  0.07230826 
                  0.13270690                  0.13072899                  0.12660524                  0.07843774                  0.07551219 
                  0.13847080                  0.13640749                  0.13210595                  0.08186858                  0.07881745 
                  0.14441024                  0.14225899                  0.13777433                  0.08540543                  0.08222501 
                  0.15052651                  0.14828476                  0.14361171                  0.08904918                  0.08573574 
                  0.15682071                  0.15448587                  0.14961913                  0.09280057                  0.08935038 
                  0.16329367                  0.16086316                  0.15579741                  0.09666022                  0.09306954 
                  0.16994600                  0.16741726                  0.16214715                  0.10062861                  0.09689370 
                  0.17677805                  0.17414851                  0.16866873                  0.10470609                  0.10082321 
                  0.18378992                  0.18105701                  0.17536224                  0.10889283                  0.10485825 
                  0.19098142                  0.18814260                  0.18222752                  0.11318886                  0.10899886 
                  0.19835208                  0.19540483                  0.18926419                  0.11759402                  0.11324491 
                  0.20590118                  0.20284297                  0.19647151                  0.12210800                  0.11759611 
                  0.21362762                  0.21045595                  0.20384854                  0.12673031                  0.12205202 
                  0.22153008                  0.21824247                  0.21139397                  0.13146026                  0.12661201 
                  0.22960685                  0.22620088                  0.21910627                  0.13629702                  0.13127525 
                  0.23785594                  0.23432919                  0.22698361                  0.14123949                  0.13604075 
                  0.24627498                  0.24262518                  0.23502365                  0.14628643                  0.14090732 
                  0.25486133                  0.25108615                  0.24322394                  0.15143639                  0.14587355 
                  0.26361197                  0.25970909                  0.25158158                  0.15668771                  0.15093789 
                  0.27252352                  0.26849076                  0.26009345                  0.16203849                  0.15609853 
                  0.28159219                  0.27742749                  0.26875600                  0.16748665                  0.16135348 
                  0.29081398                  0.28651524                  0.27756536                  0.17302990                  0.16670059 
                  0.30018437                  0.29574960                  0.28651732                  0.17866573                  0.17213738 
                  0.30969858                  0.30512598                  0.29560730                  0.18439138                  0.17766128 
                  0.31935143                  0.31463915                  0.30483043                  0.19020392                  0.18326946 
                  0.32913738                  0.32428372                  0.31418142                  0.19610015                  0.18895888 
                  0.33905053                  0.33405390                  0.32365471                  0.20207670                  0.19472629 
                  0.34908465                  0.34394348                  0.33324432                  0.20812994                  0.20056823 
                  0.35923308                  0.35394594                  0.34294397                  0.21425605                  0.20648101 
                  0.36948878                  0.36405447                  0.35274699                  0.22045097                  0.21246076 
                  0.37984449                  0.37426183                  0.36264649                  0.22671041                  0.21850336 
                  0.39029253                  0.38456044                  0.37263513                  0.23302990                  0.22460458 
                  0.40082484                  0.39494243                  0.38270527                  0.23940478                  0.23075983 
                  0.41143310                  0.40539962                  0.39284897                  0.24583015                  0.23696449 
                  0.42210859                  0.41592342                  0.40305802                  0.25230092                  0.24321362 
                  0.43284234                  0.42650500                  0.41332388                  0.25881183                  0.24950215 
                  0.44362512                  0.43713519                  0.42363763                  0.26535738                  0.25582480 
                  0.45444730                  0.44780457                  0.43399024                  0.27193192                  0.26217619 
                  0.46529901                  0.45850345                  0.44437224                  0.27852961                  0.26855063 
                  0.47617012                  0.46922192                  0.45477411                  0.28514439                  0.27494246 
                  0.48705029                  0.47994959                  0.46518591                  0.29177016                  0.28134567 
                  0.49792892                  0.49067622                  0.47559753                  0.29840064                  0.28775424 
                  0.50879514                  0.50139099                  0.48599863                  0.30502936                  0.29416195 
                  0.51963800                  0.51208311                  0.49637869                  0.31164974                  0.30056244 
                  0.53044617                  0.52274162                  0.50672716                  0.31825513                  0.30694932 
                  0.54120839                  0.53335524                  0.51703304                  0.32483870                  0.31331599 
                  0.55191314                  0.54391265                  0.52728546                  0.33139348                  0.31965584 
                  0.56254876                  0.55440235                  0.53747326                  0.33791262                  0.32596207 
                  0.57310349                  0.56481290                  0.54758525                  0.34438896                  0.33222795 
                  0.58356547                  0.57513255                  0.55761021                  0.35081542                  0.33844656 
                  0.59392285                  0.58534968                  0.56753671                  0.35718483                  0.34461099 
                  0.60416377                  0.59545237                  0.57735348                  0.36348993                  0.35071439 
                  0.61427635                  0.60542905                  0.58704907                  0.36972350                  0.35674971 
                  0.62424874                  0.61526787                  0.59661210                  0.37587842                  0.36271000 
                  0.63406891                  0.62495726                  0.60603124                  0.38194746                  0.36858824 
                  0.64372504                  0.63448560                  0.61529517                  0.38792336                  0.37437755 
                  0.65320545                  0.64384127                  0.62439281                  0.39379904                  0.38007095 
                  0.66249865                  0.65301269                  0.63331306                  0.39956740                  0.38566169 
                  0.67159301                  0.66198874                  0.64204478                  0.40522131                  0.39114290 
                  0.68047726                  0.67075819                  0.65057719                  0.41075391                  0.39650786 
                  0.68914020                  0.67931002                  0.65889961                  0.41615832                  0.40174997 
                  0.69757098                  0.68763345                  0.66700161                  0.42142779                  0.40686274 
                  0.70575881                  0.69571793                  0.67487288                  0.42655572                  0.41183966 
                  0.71369326                  0.70355320                  0.68250346                  0.43153560                  0.41667449 
                  0.72136426                  0.71112913                  0.68988359                  0.43636116                  0.42136118 
                  0.72876179                  0.71843606                  0.69700384                  0.44102621                  0.42589372 
                  0.73587638                  0.72546452                  0.70385492                  0.44552484                  0.43026629 
                  0.74269879                  0.73220539                  0.71042788                  0.44985121                  0.43447328 
                  0.74922013                  0.73865008                  0.71671450                  0.45399973                  0.43850932 
                  0.75543201                  0.74479020                  0.72270650                  0.45796508                  0.44236916 
                  0.76132631                  0.75061768                  0.72839606                  0.46174210                  0.44604790 
                  0.76689541                  0.75612491                  0.73377585                  0.46532595                  0.44954073 
                  0.77213216                  0.76130474                  0.73883903                  0.46871203                  0.45284319 
                  0.77702969                  0.76615059                  0.74357891                  0.47189596                  0.45595098 
                  0.78158188                  0.77065623                  0.74798954                  0.47487363                  0.45886013 
                  0.78578269                  0.77481598                  0.75206518                  0.47764128                  0.46156693 
                  0.78962696                  0.77862442                  0.75580072                  0.48019537                  0.46406800 
                  0.79310977                  0.78207690                  0.75919157                  0.48253268                  0.46636012 
                  0.79622692                  0.78516912                  0.76223350                  0.48465025                  0.46844053 
                  0.79897457                  0.78789735                  0.76492280                  0.48654556                  0.47030658 
                  0.80134946                  0.79025841                  0.76725620                  0.48821634                  0.47195607 
                  0.80334902                  0.79224956                  0.76923114                  0.48966050                  0.47338700 
                  0.80497098                  0.79386860                  0.77084541                  0.49087656                  0.47459781 
                  0.80621380                  0.79511404                  0.77209741                  0.49186319                  0.47558713 
                  0.80707628                  0.79598480                  0.77298605                  0.49261940                  0.47635406 
                  0.80755806                  0.79648018                  0.77351081                  0.49314457                  0.47689784 
                  0.80765915                  0.79660028                  0.77367163                  0.49343827                  0.47721812 
                  0.80738008                  0.79634571                  0.77346891                  0.49350059                  0.47731489 
                  0.80672193                  0.79571760                  0.77290368                  0.49333191                  0.47718847 
                  0.80568653                  0.79471749                  0.77197742                  0.49293289                  0.47683948 
                  0.80427605                  0.79334766                  0.77069211                  0.49230462                  0.47626883 
                  0.80249333                  0.79161048                  0.76905042                  0.49144840                  0.47547773 
                  0.80034149                  0.78950942                  0.76705533                  0.49036580                  0.47446769 
                  0.79782432                  0.78704804                  0.76471031                  0.48905891                  0.47324067 
                  0.79494619                  0.78423065                  0.76201940                  0.48752993                  0.47179878 
                  0.79171175                  0.78106183                  0.75898713                  0.48578149                  0.47014445 
                  0.78812629                  0.77754676                  0.75561833                  0.48381644                  0.46828043 
                  0.78419554                  0.77369088                  0.75191844                  0.48163807                  0.46620971 
                  0.77992570                  0.76950049                  0.74789321                  0.47924972                  0.46393555 
                  0.77532333                  0.76498199                  0.74354887                  0.47665507                  0.46146154 
                  0.77039546                  0.76014203                  0.73889202                  0.47385812                  0.45879149 
                  0.76514935                  0.75498813                  0.73392969                  0.47086319                  0.45592937 
                  0.75959289                  0.74952787                  0.72866923                  0.46767455                  0.45287955 
                  0.75373423                  0.74376929                  0.72311836                  0.46429712                  0.44964647 
                  0.74758178                  0.73772067                  0.71728516                  0.46073577                  0.44623491 
                  0.74114448                  0.73139071                  0.71117789                  0.45699567                  0.44264972 
                  0.73443139                  0.72478843                  0.70480520                  0.45308203                  0.43889600 
                  0.72745186                  0.71792287                  0.69817597                  0.44900042                  0.43497914 
                  0.72021550                  0.71080363                  0.69129950                  0.44475654                  0.43090448 
                  0.71273232                  0.70344049                  0.68418503                  0.44035614                  0.42667770 
                  0.70501232                  0.69584328                  0.67684221                  0.43580529                  0.42230448 
                  0.69706583                  0.68802214                  0.66928089                  0.43111014                  0.41779074 
                  0.68890321                  0.67998737                  0.66151106                  0.42627674                  0.41314247 
                  0.68053514                  0.67174947                  0.65354276                  0.42131156                  0.40836573 
                  0.67197239                  0.66331893                  0.64538616                  0.41622093                  0.40346670 
                  0.66322571                  0.65470648                  0.63705158                  0.41101137                  0.39845166 
                  0.65430599                  0.64592278                  0.62854946                  0.40568945                  0.39332697 
                  0.64522433                  0.63697863                  0.61989021                  0.40026182                  0.38809890 
                  0.63599157                  0.62788498                  0.61108440                  0.39473504                  0.38277388 
                  0.62661868                  0.61865264                  0.60214269                  0.38911581                  0.37735844 
                  0.61711693                  0.60929239                  0.59307539                  0.38341084                  0.37185889 
                  0.60749716                  0.59981507                  0.58389300                  0.37762678                  0.36628175 
                  0.59777033                  0.59023148                  0.57460600                  0.37177026                  0.36063340 
                  0.58794725                  0.58055240                  0.56522471                  0.36584792                  0.35492030 
                  0.57803869                  0.57078832                  0.55575955                  0.35986638                  0.34914881 
                  0.56805539                  0.56094980                  0.54622066                  0.35383219                  0.34332523 
                  0.55800796                  0.55104738                  0.53661823                  0.34775183                  0.33745584 
                  0.54790676                  0.54109114                  0.52696216                  0.34163168                  0.33154684 
                  0.53776199                  0.53109145                  0.51726246                  0.33547807                  0.32560438 
                  0.52758384                  0.52105808                  0.50752866                  0.32929724                  0.31963444 
                  0.51738214                  0.51100093                  0.49777031                  0.32309532                  0.31364304 
                  0.50716668                  0.50092953                  0.48799667                  0.31687829                  0.30763596 
                  0.49694696                  0.49085322                  0.47821695                  0.31065214                  0.30161893 
                  0.48673221                  0.48078114                  0.46844006                  0.30442262                  0.29559752 
                  0.47653151                  0.47072229                  0.45867461                  0.29819536                  0.28957728 
                  0.46635363                  0.46068537                  0.44892904                  0.29197586                  0.28356349 
                  0.45620719                  0.45067880                  0.43921161                  0.28576946                  0.27756137 
                  0.44610038                  0.44071066                  0.42953032                  0.27958140                  0.27157593 
                  0.43604118                  0.43078899                  0.41989279                  0.27341673                  0.26561213 
                  0.42603737                  0.42092130                  0.41030651                  0.26728028                  0.25967467 
                  0.41609639                  0.41111499                  0.40077865                  0.26117679                  0.25376818 
                  0.40622538                  0.40137717                  0.39131606                  0.25511083                  0.24789703 
                  0.39643118                  0.39171451                  0.38192537                  0.24908668                  0.24206549 
                  0.38672036                  0.38213354                  0.37261295                  0.24310856                  0.23627758 
                  0.37709916                  0.37264046                  0.36338472                  0.23718046                  0.23053728 
                  0.36757350                  0.36324114                  0.35424656                  0.23130625                  0.22484827 
                  0.35814905                  0.35394114                  0.34520382                  0.22548950                  0.21921408 
                  0.34883115                  0.34474573                  0.33626172                  0.21973372                  0.21363811 
                  0.33962476                  0.33565992                  0.32742512                  0.21404217                  0.20812352 
                  0.33053467                  0.32668829                  0.31869864                  0.20841792                  0.20267332 
                  0.32156527                  0.31783527                  0.31008649                  0.20286384                  0.19729036 
                  0.31272066                  0.30910498                  0.30159271                  0.19738266                  0.19197732 
                  0.30400467                  0.30050117                  0.29322097                  0.19197690                  0.18673664 
                  0.29542077                  0.29202732                  0.28497475                  0.18664892                  0.18157066 
                  0.28697222                  0.28368670                  0.27685717                  0.18140090                  0.17648149 
                  0.27866197                  0.27548209                  0.26887113                  0.17623481                  0.17147109 
                  0.27049264                  0.26741618                  0.26101920                  0.17115246                  0.16654123 
                  0.26246664                  0.25949135                  0.25330374                  0.16615550                  0.16169356 
                  0.25458604                  0.25170970                  0.24572678                  0.16124544                  0.15692951 
                  0.24685270                  0.24407306                  0.23829019                  0.15642358                  0.15225039 
                  0.23926821                  0.23658299                  0.23099557                  0.15169105                  0.14765736 
                  0.23183390                  0.22924080                  0.22384417                  0.14704883                  0.14315140 
                  0.22455083                  0.22204764                  0.21683709                  0.14249776                  0.13873336 
                  0.21741983                  0.21500431                  0.20997524                  0.13803858                  0.13440390 
                  0.21044154                  0.20811145                  0.20325927                  0.13367178                  0.13016361 
                  0.20361635                  0.20136946                  0.19668959                  0.12939778                  0.12601291 
                  0.19694443                  0.19477855                  0.19026642                  0.12521686                  0.12195209 
                  0.19042575                  0.18833867                  0.18398979                  0.12112916                  0.11798128 
                  0.18406010                  0.18204966                  0.17785954                  0.11713468                  0.11410055 
                  0.17784707                  0.17591110                  0.17187533                  0.11323332                  0.11030982 
                  0.17178607                  0.16992246                  0.16603661                  0.10942484                  0.10660890 
                  0.16587631                  0.16408297                  0.16034271                  0.10570893                  0.10299748 
                  0.16011690                  0.15839171                  0.15479279                  0.10208514                  0.09947516 
                  0.15450671                  0.15284768                  0.14938585                  0.09855294                  0.09604144 
                  0.14904457                  0.14744964                  0.14412077                  0.09511171                  0.09269574 
                  0.14372909                  0.14219627                  0.13899624                  0.09176069                  0.08943737 
                  0.13855875                  0.13708611                  0.13401091                  0.08849911                  0.08626557 
                  0.13353194                  0.13211757                  0.12916327                  0.08532605                  0.08317950 
                  0.12864694                  0.12728897                  0.12445165                  0.08224055                  0.08017826 
                  0.12390192                  0.12259848                  0.11987437                  0.07924160                  0.07726085 
                  0.11929494                  0.11804423                  0.11542958                  0.07632811                  0.07442623 
                  0.11482399                  0.11362424                  0.11111541                  0.07349890                  0.07167332 
                  0.11048696                  0.10933643                  0.10692984                  0.07075276                  0.06900093 
                  0.10628167                  0.10517867                  0.10287081                  0.06808844                  0.06640787 
                  0.10220589                  0.10114877                  0.09893622                  0.06550463                  0.06389288 
                  0.09825730                  0.09724444                  0.09512387                  0.06299996                  0.06145466 
                  0.09443355                  0.09346338                  0.09143154                  0.06057307                  0.05909189 
                  0.09073223                  0.08980321                  0.08785691                  0.05822252                  0.05680320 
                  0.08715091                  0.08626154                  0.08439768                  0.05594686                  0.05458719 
                  0.08368711                  0.08283591                  0.08105150                  0.05374463                  0.05244244 
                  0.08033832                  0.07952388                  0.07781596                  0.05161431                  0.05036751 
                  0.07710200                  0.07632294                  0.07468867                  0.04955439                  0.04836094 
                  0.07397561                  0.07323059                  0.07166719                  0.04756334                  0.04642126 
                  0.07095659                  0.07024430                  0.06874907                  0.04563961                  0.04454697 
                  0.06804237                  0.06736156                  0.06593188                  0.04378166                  0.04273658 
                  0.06523038                  0.06457982                  0.06321315                  0.04198793                  0.04098858 
                  0.06251806                  0.06189655                  0.06059043                  0.04025686                  0.03930148 
                  0.05990284                  0.05930924                  0.05806129                  0.03858688                  0.03767376 
                  0.05738217                  0.05681534                  0.05562326                  0.03697645                  0.03610392 
                  0.05495351                  0.05441239                  0.05327392                  0.03542399                  0.03459045 
                  0.05261434                  0.05209787                  0.05101085                  0.03392799                  0.03313188 
                  0.05036215                  0.04986933                  0.04883167                  0.03248690                  0.03172670 
                  0.04819447                  0.04772431                  0.04673399                  0.03109919                  0.03037345 
                  0.04610885                  0.04566040                  0.04471547                  0.02976336                  0.02907067 
                  0.04410286                  0.04367521                  0.04277377                  0.02847791                  0.02781691 
                  0.04217410                  0.04176639                  0.04090661                  0.02724137                  0.02661074 
                  0.04032022                  0.03993159                  0.03911173                  0.02605228                  0.02545074 
                  0.03853890                  0.03816853                  0.03738688                  0.02490919                  0.02433553 
                  0.03682784                  0.03647494                  0.03572988                  0.02381069                  0.02326372 
                  0.03518481                  0.03484863                  0.03413856                  0.02275538                  0.02223397 
                  0.03360758                  0.03328739                  0.03261082                  0.02174189                  0.02124493 
                  0.03209400                  0.03178909                  0.03114455                  0.02076886                  0.02029531 
                  0.03064194                  0.03035164                  0.02973772                  0.01983498                  0.01938382 
                  0.02924932                  0.02897297                  0.02838834                  0.01893895                  0.01850919 
                  0.02791411                  0.02765109                  0.02709443                  0.01807949                  0.01767020 
                  0.02663431                  0.02638402                  0.02585409                  0.01725536                  0.01686563 
                  0.02540798                  0.02516985                  0.02466545                  0.01646534                  0.01609429 
                  0.02423322                  0.02400669                  0.02352667                  0.01570824                  0.01535504 
                  0.02310818                  0.02289272                  0.02243598                  0.01498289                  0.01464675 
                  0.02203104                  0.02182616                  0.02139163                  0.01428816                  0.01396830 
                  0.02100007                  0.02080526                  0.02039193                  0.01362295                  0.01331862 
                  0.02001353                  0.01982834                  0.01943523                  0.01298617                  0.01269668 
                  0.01906977                  0.01889374                  0.01851992                  0.01237679                  0.01210143 
                  0.01816717                  0.01799987                  0.01764445                  0.01179376                  0.01153190 
                  0.01730415                  0.01714518                  0.01680729                  0.01123610                  0.01098712 
                  0.01647918                  0.01632814                  0.01600697                  0.01070285                  0.01046614 
                  0.01569080                  0.01554730                  0.01524207                  0.01019306                  0.00996805 
                  0.01493755                  0.01480125                  0.01451119                  0.00970583                  0.00949197 
                  0.01421804                  0.01408859                  0.01381300                  0.00924028                  0.00903704 
                  0.01353093                  0.01340801                  0.01314618                  0.00879554                  0.00860243 
                  0.01287491                  0.01275820                  0.01250949                  0.00837079                  0.00818733 
                  0.01224873                  0.01213792                  0.01190170                  0.00796523                  0.00779095 
                  0.01165115                  0.01154595                  0.01132162                  0.00757808                  0.00741254 
                  0.01108099                  0.01098115                  0.01076813                  0.00720859                  0.00705138 
                  0.01053712                  0.01044237                  0.01024011                  0.00685603                  0.00670674 
                  0.01001844                  0.00992852                  0.00973651                  0.00651970                  0.00637795 
                  0.00952389                  0.00943856                  0.00925630                  0.00619893                  0.00606435 
                  0.00905243                  0.00897148                  0.00879848                  0.00589305                  0.00576530 
                  0.00860309                  0.00852629                  0.00836211                  0.00560145                  0.00548019 
                  0.00817491                  0.00810206                  0.00794625                  0.00532350                  0.00520842 
                  0.00776697                  0.00769788                  0.00755004                  0.00505863                  0.00494942 
                  0.00737840                  0.00731287                  0.00717260                  0.00480627                  0.00470264 
                  0.00700834                  0.00694620                  0.00681313                  0.00456588                  0.00446755 
                  0.00665598                  0.00659705                  0.00647082                  0.00433693                  0.00424365 
                  0.00632053                  0.00626466                  0.00614493                  0.00411891                  0.00403043 
                  0.00600124                  0.00594827                  0.00583471                  0.00391135                  0.00382742 
                  0.00569738                  0.00564717                  0.00553948                  0.00371379                  0.00363418 
                  0.00540826                  0.00536066                  0.00525854                  0.00352576                  0.00345027 
                  0.00513320                  0.00508809                  0.00499126                  0.00334685                  0.00327526 
                  0.00487158                  0.00482882                  0.00473702                  0.00317663                  0.00310875 
                  0.00462277                  0.00458225                  0.00449521                  0.00301472                  0.00295037 
                  0.00438618                  0.00434778                  0.00426527                  0.00286074                  0.00279972 
                  0.00416125                  0.00412486                  0.00404665                  0.00271432                  0.00265648 
                  0.00394743                  0.00391296                  0.00383883                  0.00257511                  0.00252028 
                  0.00374421                  0.00371155                  0.00364129                  0.00244277                  0.00239080 
                  0.00355109                  0.00352015                  0.00345357                  0.00231699                  0.00226774 
                  0.00336760                  0.00333829                  0.00327519                  0.00219746                  0.00215079 
                  0.00319328                  0.00316551                  0.00310572                  0.00208389                  0.00203966 
                  0.00302769                  0.00300139                  0.00294474                  0.00197599                  0.00193408 
                  0.00287042                  0.00284551                  0.00279184                  0.00187350                  0.00183378 
                  0.00272107                  0.00269748                  0.00264663                  0.00177615                  0.00173852 
                  0.00257926                  0.00255692                  0.00250875                  0.00168371                  0.00164806 
                  0.00244462                  0.00242347                  0.00237784                  0.00159593                  0.00156216 
                  0.00231682                  0.00229679                  0.00225356                  0.00151259                  0.00148060 
                  0.00219551                  0.00217654                  0.00213560                  0.00143349                  0.00140318 
                  0.00208038                  0.00206242                  0.00202365                  0.00135840                  0.00132970 
                  0.00197114                  0.00195413                  0.00191741                  0.00128714                  0.00125995 
                  0.00186748                  0.00185138                  0.00181660                  0.00121952                  0.00119377 
                  0.00176914                  0.00175389                  0.00172096                  0.00115535                  0.00113097 
                  0.00167585                  0.00166142                  0.00163023                  0.00109448                  0.00107140 
                  0.00158736                  0.00157370                  0.00154417                  0.00103674                  0.00101488 
                  0.00150343                  0.00149051                  0.00146255                  0.00098197                  0.00096127 
                  0.00142385                  0.00141161                  0.00138514                  0.00093003                  0.00091043 
                  0.00134838                  0.00133680                  0.00131174                  0.00088077                  0.00086222 
                  0.00127683                  0.00126587                  0.00124215                  0.00083406                  0.00081650 
                  0.00120899                  0.00119862                  0.00117617                  0.00078978                  0.00077315 
                  0.00114469                  0.00113487                  0.00111362                  0.00074780                  0.00073205 
                  0.00108374                  0.00107445                  0.00105433                  0.00070800                  0.00069310 
                  0.00102597                  0.00101718                  0.00099813                  0.00067028                  0.00065617 
                  0.00097122                  0.00096290                  0.00094488                  0.00063453                  0.00062118 
                  0.00091934                  0.00091147                  0.00089441                  0.00060065                  0.00058801 
                  0.00087018                  0.00086273                  0.00084659                  0.00056854                  0.00055658 
                  0.00082360                  0.00081655                  0.00080128                  0.00053812                  0.00052680 
                  0.00077947                  0.00077281                  0.00075835                  0.00050930                  0.00049859 
                  0.00073767                  0.00073136                  0.00071768                  0.00048199                  0.00047186 
                  0.00069807                  0.00069211                  0.00067916                  0.00045613                  0.00044654 
                  0.00066057                  0.00065492                  0.00064267                  0.00043163                  0.00042255 
                  0.00062505                  0.00061971                  0.00060812                  0.00040842                  0.00039984 
                  0.00059140                  0.00058635                  0.00057539                  0.00038645                  0.00037832 
                  0.00055955                  0.00055477                  0.00054440                  0.00036563                  0.00035795 
                  0.00052938                  0.00052486                  0.00051505                  0.00034593                  0.00033865 
                  0.00050082                  0.00049655                  0.00048726                  0.00032726                  0.00032038 
                  0.00047378                  0.00046973                  0.00046095                  0.00030960                  0.00030309 
                  0.00044817                  0.00044435                  0.00043604                  0.00029287                  0.00028671 
                  0.00042394                  0.00042032                  0.00041246                  0.00027703                  0.00027121 
                  0.00040099                  0.00039758                  0.00039014                  0.00026204                  0.00025653 
                  0.00037928                  0.00037604                  0.00036901                  0.00024785                  0.00024264 
                  0.00035872                  0.00035566                  0.00034901                  0.00023442                  0.00022949 
                  0.00033927                  0.00033638                  0.00033009                  0.00022170                  0.00021704 
                  0.00032086                  0.00031812                  0.00031217                  0.00020967                  0.00020526 
                  0.00030343                  0.00030085                  0.00029522                  0.00019829                  0.00019412 
                  0.00028694                  0.00028450                  0.00027918                  0.00018751                  0.00018357 
                  0.00027134                  0.00026903                  0.00026400                  0.00017732                  0.00017358 
                  0.00025658                  0.00025439                  0.00024964                  0.00016767                  0.00016414 
                  0.00024261                  0.00024054                  0.00023604                  0.00015854                  0.00015520 
                  0.00022940                  0.00022744                  0.00022319                  0.00014990                  0.00014675 
                  0.00021689                  0.00021505                  0.00021102                  0.00014173                  0.00013875 
                  0.00020507                  0.00020332                  0.00019951                  0.00013400                  0.00013118 
                  0.00019388                  0.00019223                  0.00018863                  0.00012669                  0.00012402 
                  0.00018329                  0.00018173                  0.00017833                  0.00011977                  0.00011725 
                  0.00017328                  0.00017180                  0.00016859                  0.00011323                  0.00011085 
                  0.00016381                  0.00016242                  0.00015938                  0.00010704                  0.00010479 
                  0.00015485                  0.00015354                  0.00015066                  0.00010119                  0.00009906 
                  0.00014638                  0.00014514                  0.00014242                  0.00009565                  0.00009364 
                  0.00013837                  0.00013719                  0.00013463                  0.00009042                  0.00008851 
                  0.00013080                  0.00012968                  0.00012725                  0.00008547                  0.00008366 
                  0.00012363                  0.00012258                  0.00012028                  0.00008078                  0.00007908 
                  0.00011685                  0.00011586                  0.00011369                  0.00007636                  0.00007475 
                  0.00011045                  0.00010951                  0.00010746                  0.00007217                  0.00007065 
                  0.00010439                  0.00010350                  0.00010156                  0.00006821                  0.00006677 
                  0.00009866                  0.00009782                  0.00009599                  0.00006447                  0.00006311 
                  0.00009324                  0.00009245                  0.00009072                  0.00006093                  0.00005964 
                  0.00008812                  0.00008737                  0.00008574                  0.00005758                  0.00005636 
                  0.00008328                  0.00008257                  0.00008102                  0.00005441                  0.00005327 
                  0.00007870                  0.00007803                  0.00007657                  0.00005142                  0.00005034 
                  0.00007438                  0.00007374                  0.00007236                  0.00004860                  0.00004757 
                  0.00007028                  0.00006969                  0.00006838                  0.00004592                  0.00004495 
                  0.00006642                  0.00006585                  0.00006462                  0.00004339                  0.00004248 
                  0.00006276                  0.00006223                  0.00006106                  0.00004101                  0.00004014 
                  0.00005931                  0.00005880                  0.00005770                  0.00003875                  0.00003793 
                  0.00005604                  0.00005556                  0.00005452                  0.00003661                  0.00003584 
                  0.00005295                  0.00005250                  0.00005151                  0.00003459                  0.00003386 
                  0.00005003                  0.00004961                  0.00004868                  0.00003269                  0.00003200 
                  0.00004727                  0.00004687                  0.00004599                  0.00003088                  0.00003023 
                  0.00004467                  0.00004428                  0.00004345                  0.00002918                  0.00002856 
                  0.00004220                  0.00004184                  0.00004106                  0.00002757                  0.00002699 
                  0.00003987                  0.00003953                  0.00003879                  0.00002605                  0.00002550 
                  0.00003767                  0.00003735                  0.00003665                  0.00002461                  0.00002409 
                  0.00003559                  0.00003529                  0.00003462                  0.00002325                  0.00002276 
                  0.00003362                  0.00003334                  0.00003271                  0.00002197                  0.00002150 
                  0.00003177                  0.00003150                  0.00003090                  0.00002075                  0.00002031 
                  0.00003001                  0.00002975                  0.00002920                  0.00001960                  0.00001919 
                  0.00002835                  0.00002811                  0.00002758                  0.00001852                  0.00001813 
                  0.00002678                  0.00002655                  0.00002606                  0.00001750                  0.00001713 
                  0.00002530                  0.00002509                  0.00002461                  0.00001653                  0.00001618 
                  0.00002390                  0.00002370                  0.00002325                  0.00001561                  0.00001528 
                  0.00002258                  0.00002239                  0.00002197                  0.00001475                  0.00001444 
                  0.00002133                  0.00002115                  0.00002075                  0.00001393                  0.00001364 
                  0.00002015                  0.00001998                  0.00001960                  0.00001316                  0.00001288 
                  0.00001903                  0.00001887                  0.00001852                  0.00001243                  0.00001217 
                  0.00001798                  0.00001782                  0.00001749                  0.00001174                  0.00001149 
                  0.00001698                  0.00001684                  0.00001652                  0.00001109                  0.00001086 
                  0.00001604                  0.00001590                  0.00001560                  0.00001048                  0.00001026 
                  0.00001515                  0.00001502                  0.00001474                  0.00000990                  0.00000969 
                  0.00001431                  0.00001419                  0.00001392                  0.00000935                  0.00000915 
                  0.00001352                  0.00001340                  0.00001315                  0.00000883                  0.00000864 
                  0.00001277                  0.00001266                  0.00001242                  0.00000834                  0.00000816 
                  0.00001206                  0.00001196                  0.00001173                  0.00000788                  0.00000771 
                  0.00001139                  0.00001129                  0.00001108                  0.00000744                  0.00000728 
                  0.00001076                  0.00001067                  0.00001047                  0.00000703                  0.00000688 
                  0.00001016                  0.00001007                  0.00000988                  0.00000664                  0.00000650 
                  0.00000960                  0.00000951                  0.00000934                  0.00000627                  0.00000613 
                  0.00000906                  0.00000899                  0.00000882                  0.00000592                  0.00000579 
                  0.00000856                  0.00000849                  0.00000833                  0.00000559                  0.00000547 
                  0.00000808                  0.00000802                  0.00000786                  0.00000528                  0.00000517 
                  0.00000763                  0.00000757                  0.00000743                  0.00000499                  0.00000488 
                  0.00000721                  0.00000715                  0.00000701                  0.00000471                  0.00000461 
                  0.00000681                  0.00000675                  0.00000662                  0.00000445                  0.00000435 
                  0.00000643                  0.00000638                  0.00000626                  0.00000420                  0.00000411 
                  0.00000607                  0.00000602                  0.00000591                  0.00000397                  0.00000388 
                  0.00000574                  0.00000569                  0.00000558                  0.00000375                  0.00000367 
                  0.00000542                  0.00000537                  0.00000527                  0.00000354                  0.00000346 
                  0.00000512                  0.00000507                  0.00000498                  0.00000334                  0.00000327 
                  0.00000483                  0.00000479                  0.00000470                  0.00000315                  0.00000309 
                  0.00000456                  0.00000452                  0.00000444                  0.00000298                  0.00000292 
                  0.00000431                  0.00000427                  0.00000419                  0.00000281                  0.00000275 
                  0.00000407                  0.00000403                  0.00000396                  0.00000266                  0.00000260 
                  0.00000384                  0.00000381                  0.00000374                  0.00000251                  0.00000246 
                  0.00000363                  0.00000360                  0.00000353                  0.00000237                  0.00000232 
                  0.00000343                  0.00000340                  0.00000333                  0.00000224                  0.00000219 
                  0.00000323                  0.00000321                  0.00000315                  0.00000211                  0.00000207 
                  0.00000305                  0.00000303                  0.00000297                  0.00000199                  0.00000195 
                  0.00000288                  0.00000286                  0.00000281                  0.00000188                  0.00000184 
                  0.00000272                  0.00000270                  0.00000265                  0.00000178                  0.00000174 
                  0.00000257                  0.00000255                  0.00000250                  0.00000168                  0.00000164 
                  0.00000243                  0.00000241                  0.00000236                  0.00000159                  0.00000155 
                  0.00000229                  0.00000227                  0.00000223                  0.00000150                  0.00000147 
                  0.00000217                  0.00000215                  0.00000211                  0.00000141                  0.00000138 
                  0.00000204                  0.00000203                  0.00000199                  0.00000134                  0.00000131 
                  0.00000193                  0.00000191                  0.00000188                  0.00000126                  0.00000123 
                  0.00000182                  0.00000181                  0.00000177                  0.00000119                  0.00000117 
                  0.00000172                  0.00000171                  0.00000167                  0.00000112                  0.00000110 
                  0.00000163                  0.00000161                  0.00000158                  0.00000106                  0.00000104 
                  0.00000153                  0.00000152                  0.00000149                  0.00000100                  0.00000098 
                  0.00000145                  0.00000144                  0.00000141                  0.00000095                  0.00000093 
                  0.00000137                  0.00000136                  0.00000133                  0.00000089                  0.00000087 
                  0.00000129                  0.00000128                  0.00000126                  0.00000084                  0.00000083 
                  0.00000122                  0.00000121                  0.00000119                  0.00000080                  0.00000078 
                  0.00000115                  0.00000114                  0.00000112                  0.00000075                  0.00000074 
                  0.00000109                  0.00000108                  0.00000106                  0.00000071                  0.00000069 
                  0.00000103                  0.00000102                  0.00000100                  0.00000067                  0.00000066 
                  0.00000097                  0.00000096                  0.00000094                  0.00000063                  0.00000062 
                  0.00000092                  0.00000091                  0.00000089                  0.00000060                  0.00000058 
                  0.00000086                  0.00000086                  0.00000084                  0.00000056                  0.00000055 
                  0.00000082                  0.00000081                  0.00000079                  0.00000053                  0.00000052 
                  0.00000077                  0.00000076                  0.00000075                  0.00000050                  0.00000049 
                  0.00000073                  0.00000072                  0.00000071                  0.00000047                  0.00000046 
                  0.00000069                  0.00000068                  0.00000067                  0.00000045                  0.00000044 
                  0.00000065                  0.00000064                  0.00000063                  0.00000042                  0.00000041 
                  0.00000061                  0.00000061                  0.00000060                  0.00000040                  0.00000039 
                  0.00000058                  0.00000057                  0.00000056                  0.00000038                  0.00000037 
                  0.00000055                  0.00000054                  0.00000053                  0.00000036                  0.00000035 
                  0.00000051                  0.00000051                  0.00000050                  0.00000034                  0.00000033 
                  0.00000049                  0.00000048                  0.00000047                  0.00000032                  0.00000031 
                  0.00000046                  0.00000046                  0.00000045                  0.00000030                  0.00000029 
                  0.00000043                  0.00000043                  0.00000042                  0.00000028                  0.00000028 
                  0.00000041                  0.00000041                  0.00000040                  0.00000027                  0.00000026 
                  0.00000039                  0.00000038                  0.00000038                  0.00000025                  0.00000025 
                  0.00000036                  0.00000036                  0.00000035                  0.00000024                  0.00000023 
                  0.00000034                  0.00000034                  0.00000033                  0.00000022                  0.00000022 
                  0.00000032                  0.00000032                  0.00000032                  0.00000021                  0.00000021 
                  0.00000031                  0.00000030                  0.00000030                  0.00000020                  0.00000020 
                  0.00000029                  0.00000029                  0.00000028                  0.00000019                  0.00000019 
                  0.00000027                  0.00000027                  0.00000027                  0.00000018                  0.00000017 
                  0.00000026                  0.00000026                  0.00000025                  0.00000017                  0.00000016 
                  0.00000024                  0.00000024                  0.00000024                  0.00000016                  0.00000016 
                  0.00000023                  0.00000023                  0.00000022                  0.00000015                  0.00000015 
                  0.00000022                  0.00000022                  0.00000021                  0.00000014                  0.00000014 
                  0.00000021                  0.00000020                  0.00000020                  0.00000013                  0.00000013 
                  0.00000019                  0.00000019                  0.00000019                  0.00000013                  0.00000012 
                  0.00000018                  0.00000018                  0.00000018                  0.00000012                  0.00000012 
                  0.00000017                  0.00000017                  0.00000017                  0.00000011                  0.00000011 
                  0.00000016                  0.00000016                  0.00000016                  0.00000011                  0.00000010 
                  0.00000015                  0.00000015                  0.00000015                  0.00000010                  0.00000010 
                  0.00000015                  0.00000014                  0.00000014                  0.00000009                  0.00000009 
                  0.00000014                  0.00000014                  0.00000013                  0.00000009                  0.00000009 
                  0.00000013                  0.00000013                  0.00000013                  0.00000008                  0.00000008 
                  0.00000012                  0.00000012                  0.00000012                  0.00000008                  0.00000008 
                  0.00000012                  0.00000011                  0.00000011                  0.00000008                  0.00000007 
                  0.00000011                  0.00000011                  0.00000011                  0.00000007                  0.00000007 
                  0.00000010                  0.00000010                  0.00000010                  0.00000007                  0.00000007 
                  0.00000010                  0.00000010                  0.00000009                  0.00000006                  0.00000006 
                  0.00000009                  0.00000009                  0.00000009                  0.00000006                  0.00000006 
                  0.00000009                  0.00000009                  0.00000008                  0.00000006                  0.00000006 
                  0.00000008                  0.00000008                  0.00000008                  0.00000005                  0.00000005 
                  0.00000008                  0.00000008                  0.00000007                  0.00000005                  0.00000005 
                  0.00000007                  0.00000007                  0.00000007                  0.00000005                  0.00000005 
                  0.00000007                  0.00000007                  0.00000007                  0.00000004                  0.00000004 
                  0.00000006                  0.00000006                  0.00000006                  0.00000004                  0.00000004 
                  0.00000006                  0.00000006                  0.00000006                  0.00000004                  0.00000004 
                  0.00000006                  0.00000006                  0.00000006                  0.00000004                  0.00000004 
                  0.00000005                  0.00000005                  0.00000005                  0.00000004                  0.00000003 
                  0.00000005                  0.00000005                  0.00000005                  0.00000003                  0.00000003 
                  0.00000005                  0.00000005                  0.00000005                  0.00000003                  0.00000003 
                  0.00000005                  0.00000005                  0.00000004                  0.00000003                  0.00000003 
                  0.00000004                  0.00000004                  0.00000004                  0.00000003                  0.00000003 
                  0.00000004                  0.00000004                  0.00000004                  0.00000003                  0.00000003 
                  0.00000004                  0.00000004                  0.00000004                  0.00000003                  0.00000002 
                  0.00000004                  0.00000004                  0.00000004                  0.00000002                  0.00000002 
                  0.00000003                  0.00000003                  0.00000003                  0.00000002                  0.00000002 
                  0.00000003                  0.00000003                  0.00000003                  0.00000002                  0.00000002 
                  0.00000003                  0.00000003                  0.00000003                  0.00000002                  0.00000002 
                  0.00000003                  0.00000003                  0.00000003                  0.00000002                  0.00000002 
                  0.00000003                  0.00000003                  0.00000003                  0.00000002                  0.00000002 
                  0.00000003                  0.00000003                  0.00000003                  0.00000002                  0.00000002 
