                  0.00000029                  0.00000029                  0.00000029                  0.00000029                  0.00000029                  0.00000029                  0.00000030                  0.00000030                  0.00000030                  0.00000030 
                  0.00000069                  0.00000069                  0.00000069                  0.00000066                  0.00000066 
                  0.00000121                  0.00000121                  0.00000122                  0.00000107                  0.00000108 
                  0.00000186                  0.00000186                  0.00000186                  0.00000155                  0.00000155 
                  0.00000265                  0.00000265                  0.00000263                  0.00000211                  0.00000210 
                  0.00000358                  0.00000358                  0.00000354                  0.00000276                  0.00000270 
                  0.00000466                  0.00000465                  0.00000458                  0.00000351                  0.00000340 
                  0.00000592                  0.00000588                  0.00000575                  0.00000436                  0.00000420 
                  0.00000734                  0.00000727                  0.00000707                  0.00000534                  0.00000511 
                  0.00000895                  0.00000884                  0.00000856                  0.00000644                  0.00000614 
                  0.00001076                  0.00001060                  0.00001023                  0.00000770                  0.00000731 
                  0.00001277                  0.00001257                  0.00001210                  0.00000911                  0.00000864 
                  0.00001501                  0.00001476                  0.00001419                  0.00001070                  0.00001013 
                  0.00001750                  0.00001720                  0.00001652                  0.00001247                  0.00001180 
                  0.00002026                  0.00001991                  0.00001911                  0.00001446                  0.00001367 
                  0.00002332                  0.00002292                  0.00002198                  0.00001667                  0.00001576 
                  0.00002671                  0.00002625                  0.00002517                  0.00001914                  0.00001809 
                  0.00003046                  0.00002994                  0.00002870                  0.00002187                  0.00002068 
                  0.00003461                  0.00003401                  0.00003260                  0.00002491                  0.00002355 
                  0.00003920                  0.00003852                  0.00003692                  0.00002827                  0.00002674 
                  0.00004426                  0.00004350                  0.00004170                  0.00003198                  0.00003026 
                  0.00004985                  0.00004900                  0.00004697                  0.00003609                  0.00003416 
                  0.00005602                  0.00005506                  0.00005279                  0.00004063                  0.00003846 
                  0.00006282                  0.00006175                  0.00005921                  0.00004563                  0.00004321 
                  0.00007032                  0.00006912                  0.00006628                  0.00005115                  0.00004845 
                  0.00007857                  0.00007724                  0.00007407                  0.00005724                  0.00005422 
                  0.00008766                  0.00008617                  0.00008265                  0.00006394                  0.00006058 
                  0.00009766                  0.00009601                  0.00009209                  0.00007131                  0.00006757 
                  0.00010866                  0.00010682                  0.00010247                  0.00007943                  0.00007527 
                  0.00012075                  0.00011871                  0.00011388                  0.00008835                  0.00008374 
                  0.00013404                  0.00013177                  0.00012641                  0.00009815                  0.00009304 
                  0.00014862                  0.00014611                  0.00014017                  0.00010892                  0.00010326 
                  0.00016463                  0.00016185                  0.00015528                  0.00012074                  0.00011448 
                  0.00018219                  0.00017912                  0.00017185                  0.00013371                  0.00012679 
                  0.00020144                  0.00019805                  0.00019002                  0.00014793                  0.00014029 
                  0.00022254                  0.00021879                  0.00020992                  0.00016352                  0.00015508 
                  0.00024565                  0.00024151                  0.00023173                  0.00018059                  0.00017129 
                  0.00027094                  0.00026638                  0.00025559                  0.00019929                  0.00018903 
                  0.00029862                  0.00029358                  0.00028170                  0.00021975                  0.00020845 
                  0.00032888                  0.00032334                  0.00031026                  0.00024213                  0.00022969 
                  0.00036196                  0.00035586                  0.00034147                  0.00026659                  0.00025291 
                  0.00039809                  0.00039138                  0.00037556                  0.00029332                  0.00027828 
                  0.00043754                  0.00043017                  0.00041277                  0.00032251                  0.00030598 
                  0.00048059                  0.00047249                  0.00045338                  0.00035437                  0.00033622 
                  0.00052754                  0.00051865                  0.00049768                  0.00038913                  0.00036921 
                  0.00057872                  0.00056896                  0.00054595                  0.00042702                  0.00040517 
                  0.00063448                  0.00062377                  0.00059855                  0.00046831                  0.00044436 
                  0.00069519                  0.00068345                  0.00065581                  0.00051328                  0.00048704 
                  0.00076126                  0.00074840                  0.00071813                  0.00056223                  0.00053349 
                  0.00083313                  0.00081904                  0.00078592                  0.00061548                  0.00058404 
                  0.00091125                  0.00089584                  0.00085960                  0.00067339                  0.00063900 
                  0.00099612                  0.00097927                  0.00093965                  0.00073632                  0.00069872 
                  0.00108829                  0.00106987                  0.00102658                  0.00080467                  0.00076360 
                  0.00118831                  0.00116819                  0.00112092                  0.00087887                  0.00083402 
                  0.00129681                  0.00127484                  0.00122324                  0.00095938                  0.00091044 
                  0.00141442                  0.00139045                  0.00133417                  0.00104668                  0.00099329 
                  0.00154186                  0.00151572                  0.00145435                  0.00114129                  0.00108310 
                  0.00167986                  0.00165136                  0.00158449                  0.00124377                  0.00118037 
                  0.00182921                  0.00179817                  0.00172534                  0.00135471                  0.00128568 
                  0.00199076                  0.00195696                  0.00187769                  0.00147476                  0.00139962 
                  0.00216540                  0.00212862                  0.00204239                  0.00160457                  0.00152284 
                  0.00235410                  0.00231410                  0.00222034                  0.00174486                  0.00165602 
                  0.00255787                  0.00251438                  0.00241250                  0.00189641                  0.00179988 
                  0.00277779                  0.00273054                  0.00261988                  0.00206002                  0.00195520 
                  0.00301500                  0.00296370                  0.00284358                  0.00223656                  0.00212279 
                  0.00327073                  0.00321506                  0.00308474                  0.00242693                  0.00230352 
                  0.00354626                  0.00348588                  0.00334457                  0.00263212                  0.00249831 
                  0.00384297                  0.00377750                  0.00362437                  0.00285314                  0.00270815 
                  0.00416229                  0.00409136                  0.00392549                  0.00309109                  0.00293407 
                  0.00450576                  0.00442895                  0.00424939                  0.00334713                  0.00317716 
                  0.00487500                  0.00479187                  0.00459759                  0.00362247                  0.00343859 
                  0.00527172                  0.00518180                  0.00497170                  0.00391840                  0.00371959 
                  0.00569772                  0.00560050                  0.00537343                  0.00423629                  0.00402144 
                  0.00615491                  0.00604986                  0.00580457                  0.00457757                  0.00434552 
                  0.00664529                  0.00653183                  0.00626702                  0.00494376                  0.00469326 
                  0.00717097                  0.00704851                  0.00676276                  0.00533646                  0.00506620 
                  0.00773418                  0.00760207                  0.00729390                  0.00575736                  0.00546592 
                  0.00833726                  0.00819481                  0.00786264                  0.00620822                  0.00589412 
                  0.00898266                  0.00882916                  0.00847130                  0.00669090                  0.00635256 
                  0.00967296                  0.00950763                  0.00912232                  0.00720736                  0.00684312 
                  0.01041086                  0.01023289                  0.00981824                  0.00775966                  0.00736773 
                  0.01119921                  0.01100773                  0.01056175                  0.00834996                  0.00792846 
                  0.01204097                  0.01183507                  0.01135566                  0.00898050                  0.00852745 
                  0.01293926                  0.01271797                  0.01220288                  0.00965366                  0.00916695 
                  0.01389732                  0.01365962                  0.01310651                  0.01037190                  0.00984933 
                  0.01491854                  0.01466335                  0.01406973                  0.01113783                  0.01057705 
                  0.01600648                  0.01573266                  0.01509590                  0.01195414                  0.01135267 
                  0.01716484                  0.01687119                  0.01618852                  0.01282366                  0.01217890 
                  0.01839746                  0.01808271                  0.01735123                  0.01374933                  0.01305854 
                  0.01970836                  0.01937118                  0.01858781                  0.01473423                  0.01399452 
                  0.02110172                  0.02074071                  0.01990221                  0.01578155                  0.01498987 
                  0.02258188                  0.02219556                  0.02129854                  0.01689461                  0.01604778 
                  0.02415335                  0.02374016                  0.02278106                  0.01807688                  0.01717153 
                  0.02582080                  0.02537912                  0.02435419                  0.01933195                  0.01836455 
                  0.02758909                  0.02711721                  0.02602251                  0.02066354                  0.01963040 
                  0.02946324                  0.02895936                  0.02779078                  0.02207551                  0.02097276 
                  0.03144845                  0.03091069                  0.02966390                  0.02357188                  0.02239545 
                  0.03355009                  0.03297647                  0.03164696                  0.02515678                  0.02390243 
                  0.03577372                  0.03516218                  0.03374522                  0.02683451                  0.02549777 
                  0.03812506                  0.03747344                  0.03596408                  0.02860948                  0.02718571 
                  0.04061001                  0.03991606                  0.03830915                  0.03048626                  0.02897061 
                  0.04323466                  0.04249602                  0.04078617                  0.03246956                  0.03085696 
                  0.04600525                  0.04521948                  0.04340107                  0.03456423                  0.03284939 
                  0.04892823                  0.04809276                  0.04615993                  0.03677527                  0.03495268 
                  0.05201018                  0.05112235                  0.04906899                  0.03910779                  0.03717172 
                  0.05525787                  0.05431491                  0.05213468                  0.04156707                  0.03951155 
                  0.05867824                  0.05767725                  0.05536355                  0.04415851                  0.04197735 
                  0.06227838                  0.06121637                  0.05876233                  0.04688765                  0.04457439 
                  0.06606553                  0.06493937                  0.06233788                  0.04976016                  0.04730811 
                  0.07004712                  0.06885356                  0.06609724                  0.05278182                  0.05018403 
                  0.07423066                  0.07296637                  0.07004754                  0.05595855                  0.05320784 
                  0.07862385                  0.07728535                  0.07419607                  0.05929640                  0.05638532 
                  0.08323450                  0.08181819                  0.07855026                  0.06280151                  0.05972233 
                  0.08807056                  0.08657269                  0.08311764                  0.06648014                  0.06322490 
                  0.09314007                  0.09155680                  0.08790587                  0.07033864                  0.06689909 
                  0.09845119                  0.09677856                  0.09292268                  0.07438348                  0.07075112 
                  0.10401218                  0.10224607                  0.09817591                  0.07862118                  0.07478724 
                  0.10983136                  0.10796753                  0.10367348                  0.08305837                  0.07901382 
                  0.11591714                  0.11395126                  0.10942338                  0.08770175                  0.08343727 
                  0.12227798                  0.12020557                  0.11543369                  0.09255806                  0.08806408 
                  0.12892240                  0.12673882                  0.12171248                  0.09763411                  0.09290079 
                  0.13585894                  0.13355944                  0.12826790                  0.10293675                  0.09795398 
                  0.14309615                  0.14067587                  0.13510808                  0.10847284                  0.10323025 
                  0.15064257                  0.14809655                  0.14224117                  0.11424927                  0.10873625 
                  0.15850674                  0.15582985                  0.14967531                  0.12027297                  0.11447863 
                  0.16669714                  0.16388418                  0.15741862                  0.12655079                  0.12046400 
                  0.17522225                  0.17226785                  0.16547915                  0.13308965                  0.12669900 
                  0.18409042                  0.18098912                  0.17386490                  0.13989632                  0.13319023 
                  0.19330993                  0.19005613                  0.18258379                  0.14697762                  0.13994424 
                  0.20288894                  0.19947696                  0.19164364                  0.15434028                  0.14696749 
                  0.21283546                  0.20925954                  0.20105214                  0.16199091                  0.15426643 
                  0.22315739                  0.21941163                  0.21081685                  0.16993605                  0.16184737 
                  0.23386243                  0.22994080                  0.22094512                  0.17818211                  0.16971654 
                  0.24495803                  0.24085447                  0.23144414                  0.18673541                  0.17788003 
                  0.25645149                  0.25215980                  0.24232094                  0.19560204                  0.18634377 
                  0.26834980                  0.26386374                  0.25358224                  0.20478800                  0.19511363 
                  0.28065968                  0.27597296                  0.26523456                  0.21429902                  0.20419517 
                  0.29338759                  0.28849378                  0.27728412                  0.22414070                  0.21359384 
                  0.30653962                  0.30143234                  0.28973684                  0.23431838                  0.22331482 
                  0.32012156                  0.31479424                  0.30259833                  0.24483712                  0.23336314 
                  0.33413875                  0.32858488                  0.31587377                  0.25570172                  0.24374351 
                  0.34859616                  0.34280917                  0.32956812                  0.26691672                  0.25446039 
                  0.36349845                  0.35747159                  0.34368584                  0.27848634                  0.26551795 
                  0.37884957                  0.37257630                  0.35823092                  0.29041448                  0.27692005 
                  0.39465323                  0.38812688                  0.37320700                  0.30270463                  0.28867018 
                  0.41091248                  0.40412641                  0.38861719                  0.31536004                  0.30077156 
                  0.42762989                  0.42057747                  0.40446410                  0.32838339                  0.31322697 
                  0.44480753                  0.43748218                  0.42074984                  0.34177709                  0.32603884 
                  0.46244684                  0.45484188                  0.43747595                  0.35554302                  0.33920914 
                  0.48054862                  0.47265762                  0.45464346                  0.36968267                  0.35273945 
                  0.49911308                  0.49092957                  0.47225279                  0.38419709                  0.36663094 
                  0.51813978                  0.50965732                  0.49030373                  0.39908671                  0.38088426 
                  0.53762764                  0.52883989                  0.50879532                  0.41435158                  0.39549959 
                  0.55757481                  0.54847550                  0.52772629                  0.42999119                  0.41047657 
                  0.57797885                  0.56856185                  0.54709435                  0.44600442                  0.42581442 
                  0.59883630                  0.58909571                  0.56689662                  0.46238965                  0.44151175 
                  0.62014329                  0.61007333                  0.58712959                  0.47914469                  0.45756662 
                  0.64189506                  0.63148999                  0.60778886                  0.49626672                  0.47397661 
                  0.66408592                  0.65334022                  0.62886959                  0.51375234                  0.49073863 
                  0.68670970                  0.67561793                  0.65036589                  0.53159761                  0.50784898 
                  0.70975918                  0.69831610                  0.67227125                  0.54979765                  0.52530348 
                  0.73322630                  0.72142696                  0.69457835                  0.56834733                  0.54309732 
                  0.75710225                  0.74494195                  0.71727908                  0.58724076                  0.56122488 
                  0.78137743                  0.76885158                  0.74036449                  0.60647124                  0.57968020 
                  0.80604142                  0.79314566                  0.76382512                  0.62603152                  0.59845650 
                  0.83108288                  0.81781304                  0.78765035                  0.64591366                  0.61754632 
                  0.85648948                  0.84284186                  0.81182873                  0.66610909                  0.63694167 
                  0.88224822                  0.86821949                  0.83634830                  0.68660849                  0.65663379 
                  0.90834534                  0.89393216                  0.86119622                  0.70740193                  0.67661345 
                  0.93476605                  0.91996557                  0.88635868                  0.72847867                  0.69687063 
                  0.96149480                  0.94630456                  0.91182125                  0.74982756                  0.71739465 
                  0.98851532                  0.97293299                  0.93756866                  0.77143645                  0.73817426 
                  1.01581037                  0.99983400                  0.96358466                  0.79329276                  0.75919747 
                  1.04336202                  1.02698994                  0.98985255                  0.81538320                  0.78045177 
                  1.07115138                  1.05438256                  1.01635492                  0.83769363                  0.80192405 
                  1.09915900                  1.08199263                  1.04307342                  0.86020964                  0.82360041 
                  1.12736464                  1.10980022                  1.06998873                  0.88291603                  0.84546643 
                  1.15574706                  1.13778496                  1.09708130                  0.90579683                  0.86750716 
                  1.18428481                  1.16592515                  1.12433076                  0.92883563                  0.88970697 
                  1.21295524                  1.19419897                  1.15171599                  0.95201552                  0.91204965 
                  1.24173558                  1.22258389                  1.17921531                  0.97531873                  0.93451864 
                  1.27060211                  1.25105631                  1.20680654                  0.99872732                  0.95709670 
                  1.29953039                  1.27959287                  1.23446667                  1.02222240                  0.97976601 
                  1.32849574                  1.30816901                  1.26217246                  1.04578519                  1.00250828 
                  1.35747302                  1.33675981                  1.28989983                  1.06939590                  1.02530503 
                  1.38643610                  1.36533988                  1.31762457                  1.09303463                  1.04813707 
                  1.41535914                  1.39388359                  1.34532189                  1.11668086                  1.07098484 
                  1.44421530                  1.42236471                  1.37296641                  1.14031386                  1.09382844 
                  1.47297776                  1.45075679                  1.40053272                  1.16391242                  1.11664772 
                  1.50161898                  1.47903287                  1.42799497                  1.18745494                  1.13942218 
                  1.53011155                  1.50716579                  1.45532703                  1.21091974                  1.16213095 
                  1.55842793                  1.53512836                  1.48250270                  1.23428500                  1.18475294 
                  1.58653975                  1.56289291                  1.50949514                  1.25752831                  1.20726669 
                  1.61441934                  1.59043193                  1.53627801                  1.28062749                  1.22965074 
                  1.64203858                  1.61771798                  1.56282437                  1.30356002                  1.25188375 
                  1.66936922                  1.64472318                  1.58910775                  1.32630301                  1.27394390 
                  1.69638300                  1.67141974                  1.61510110                  1.34883404                  1.29580927 
                  1.72305202                  1.69778025                  1.64077759                  1.37113011                  1.31745839 
                  1.74934852                  1.72377694                  1.66611075                  1.39316893                  1.33886909 
                  1.77524471                  1.74938273                  1.69107425                  1.41492772                  1.36001968 
                  1.80071330                  1.77457070                  1.71564174                  1.43638444                  1.38088846 
                  1.82572699                  1.79931378                  1.73978710                  1.45751643                  1.40145385 
                  1.85025918                  1.82358563                  1.76348495                  1.47830164                  1.42169440 
                  1.87428331                  1.84736013                  1.78670979                  1.49871826                  1.44158912 
                  1.89777350                  1.87061167                  1.80943692                  1.51874495                  1.46111715 
                  1.92070436                  1.89331532                  1.83164167                  1.53836000                  1.48025787 
                  1.94305086                  1.91544640                  1.85330021                  1.55754268                  1.49899089 
                  1.96478891                  1.93698096                  1.87438917                  1.57627261                  1.51729608 
                  1.98589480                  1.95789552                  1.89488578                  1.59452939                  1.53515434 
                  2.00634527                  1.97816753                  1.91476750                  1.61229348                  1.55254626 
                  2.02611852                  1.99777484                  1.93401313                  1.62954593                  1.56945336 
                  2.04519296                  2.01669621                  1.95260203                  1.64626801                  1.58585739 
                  2.06354809                  2.03491092                  1.97051430                  1.66244209                  1.60174072 
                  2.08116388                  2.05240011                  1.98773003                  1.67805076                  1.61708665 
                  2.09802198                  2.06914449                  2.00423121                  1.69307733                  1.63187861 
                  2.11410403                  2.08512688                  2.02000070                  1.70750558                  1.64610112 
                  2.12939334                  2.10033011                  2.03502131                  1.72132051                  1.65973890 
                  2.14387369                  2.11473846                  2.04927778                  1.73450756                  1.67277765 
                  2.15753078                  2.12833691                  2.06275535                  1.74705303                  1.68520391 
                  2.17035031                  2.14111137                  2.07544041                  1.75894392                  1.69700468 
                  2.18231940                  2.15304971                  2.08732009                  1.77016830                  1.70816803 
                  2.19342685                  2.16413999                  2.09838295                  1.78071487                  1.71868265 
                  2.20366192                  2.17437196                  2.10861826                  1.79057288                  1.72853827 
                  2.21301508                  2.18373585                  2.11801672                  1.79973292                  1.73772502 
                  2.22147846                  2.19222355                  2.12656975                  1.80818665                  1.74623430 
                  2.22904444                  2.19982743                  2.13426995                  1.81592572                  1.75405824 
                  2.23570752                  2.20654225                  2.14111090                  1.82294405                  1.76118982 
                  2.24146271                  2.21236253                  2.14708781                  1.82923532                  1.76762271 
                  2.24630690                  2.21728516                  2.15219688                  1.83479464                  1.77335179 
                  2.25023723                  2.22130752                  2.15643525                  1.83961821                  1.77837288 
                  2.25325274                  2.22442818                  2.15980053                  1.84370303                  1.78268242 
                  2.25535369                  2.22664690                  2.16229248                  1.84704673                  1.78627813 
                  2.25654125                  2.22796488                  2.16391206                  1.84964871                  1.78915846 
                  2.25681758                  2.22838426                  2.16466045                  1.85150814                  1.79132271 
                  2.25618601                  2.22790861                  2.16454053                  1.85262597                  1.79277098 
                  2.25465155                  2.22654152                  2.16355610                  1.85300410                  1.79350436 
                  2.25221992                  2.22428870                  2.16171217                  1.85264492                  1.79352522 
                  2.24889803                  2.22115755                  2.15901470                  1.85155225                  1.79283643 
                  2.24469376                  2.21715522                  2.15547037                  1.84973025                  1.79144156 
                  2.23961616                  2.21229029                  2.15108728                  1.84718406                  1.78934538 
                  2.23367548                  2.20657229                  2.14587474                  1.84392023                  1.78655350 
                  2.22688222                  2.20001245                  2.13984275                  1.83994579                  1.78307199 
                  2.21924877                  2.19262195                  2.13300180                  1.83526838                  1.77890837 
                  2.21078801                  2.18441367                  2.12536430                  1.82989657                  1.77407038 
                  2.20151401                  2.17540097                  2.11694193                  1.82384026                  1.76856661 
                  2.19144106                  2.16559863                  2.10774899                  1.81710911                  1.76240659 
                  2.18058515                  2.15502119                  2.09780002                  1.80971467                  1.75560045 
                  2.16896248                  2.14368510                  2.08710957                  1.80166805                  1.74815905 
                  2.15658998                  2.13160706                  2.07569385                  1.79298174                  1.74009395 
                  2.14348602                  2.11880445                  2.06356907                  1.78366864                  1.73141754 
                  2.12966871                  2.10529518                  2.05075312                  1.77374279                  1.72214234 
                  2.11515760                  2.09109831                  2.03726339                  1.76321840                  1.71228147 
                  2.09997201                  2.07623339                  2.02311850                  1.75210977                  1.70184934 
                  2.08413267                  2.06071997                  2.00833774                  1.74043226                  1.69086027 
                  2.06766009                  2.04457855                  1.99294043                  1.72820175                  1.67932880 
                  2.05057549                  2.02783060                  1.97694600                  1.71543431                  1.66727090 
                  2.03290105                  2.01049685                  1.96037579                  1.70214701                  1.65470195 
                  2.01465845                  1.99259925                  1.94324994                  1.68835652                  1.64163840 
                  1.99587047                  1.97415948                  1.92559016                  1.67408037                  1.62809670 
                  1.97655964                  1.95520020                  1.90741765                  1.65933633                  1.61409366 
                  1.95674908                  1.93574405                  1.88875425                  1.64414215                  1.59964681 
                  1.93646169                  1.91581368                  1.86962163                  1.62851632                  1.58477318 
                  1.91572118                  1.89543211                  1.85004187                  1.61247718                  1.56949055 
                  1.89455080                  1.87462234                  1.83003807                  1.59604359                  1.55381680 
                  1.87297428                  1.85340762                  1.80963182                  1.57923388                  1.53777003 
                  1.85101485                  1.83181131                  1.78884554                  1.56206727                  1.52136827 
                  1.82869661                  1.80985641                  1.76770234                  1.54456270                  1.50462973 
                  1.80604267                  1.78756642                  1.74622393                  1.52673936                  1.48757291 
                  1.78307664                  1.76496410                  1.72443306                  1.50861597                  1.47021580 
                  1.75982201                  1.74207258                  1.70235193                  1.49021161                  1.45257711 
                  1.73630190                  1.71891475                  1.68000269                  1.47154522                  1.43467498 
                  1.71253920                  1.69551349                  1.65740740                  1.45263588                  1.41652763 
                  1.68855679                  1.67189121                  1.63458800                  1.43350220                  1.39815331 
                  1.66437721                  1.64807034                  1.61156619                  1.41416287                  1.37957013 
                  1.64002275                  1.62407255                  1.58836317                  1.39463651                  1.36079586 
                  1.61551535                  1.59991968                  1.56500030                  1.37494135                  1.34184813 
                  1.59087682                  1.57563305                  1.54149795                  1.35509527                  1.32274473 
                  1.56612825                  1.55123365                  1.51787686                  1.33511651                  1.30350292 
                  1.54129052                  1.52674234                  1.49415731                  1.31502247                  1.28413975 
                  1.51638401                  1.50217915                  1.47035885                  1.29483056                  1.26467216 
                  1.49142885                  1.47756410                  1.44650090                  1.27455783                  1.24511683 
                  1.46644437                  1.45291638                  1.42260230                  1.25422084                  1.22548997 
                  1.44145000                  1.42825484                  1.39868164                  1.23383617                  1.20580745 
                  1.41646421                  1.40359795                  1.37475717                  1.21341956                  1.18608499 
                  1.39150524                  1.37896383                  1.35084605                  1.19298661                  1.16633785 
                  1.36659074                  1.35436988                  1.32696569                  1.17255282                  1.14658093 
                  1.34173751                  1.32983303                  1.30313241                  1.15213311                  1.12682879 
                  1.31696224                  1.30536950                  1.27936268                  1.13174164                  1.10709572 
                  1.29228091                  1.28099537                  1.25567198                  1.11139274                  1.08739531 
                  1.26770878                  1.25672579                  1.23207533                  1.09109986                  1.06774116 
                  1.24326086                  1.23257542                  1.20858717                  1.07087612                  1.04814625 
                  1.21895146                  1.20855868                  1.18522167                  1.05073440                  1.02862287 
                  1.19479418                  1.18468904                  1.16199207                  1.03068697                  1.00918329 
                  1.17080224                  1.16097951                  1.13891149                  1.01074564                  0.98983920 
                  1.14698803                  1.13744283                  1.11599219                  0.99092180                  0.97060174 
                  1.12336361                  1.11409068                  1.09324574                  0.97122622                  0.95148170 
                  1.09994030                  1.09093440                  1.07068372                  0.95166934                  0.93248945 
                  1.07672906                  1.06798482                  1.04831672                  0.93226117                  0.91363496 
                  1.05374002                  1.04525220                  1.02615488                  0.91301131                  0.89492762 
                  1.03098297                  1.02274632                  1.00420773                  0.89392889                  0.87637639 
                  1.00846696                  1.00047612                  0.98248452                  0.87502217                  0.85798991 
                  0.98620027                  0.97845006                  0.96099377                  0.85629934                  0.83977622 
                  0.96419120                  0.95667613                  0.93974328                  0.83776832                  0.82174295 
                  0.94244707                  0.93516183                  0.91874075                  0.81943607                  0.80389738 
                  0.92097491                  0.91391414                  0.89799321                  0.80130947                  0.78624630 
                  0.89978099                  0.89293957                  0.87750691                  0.78339481                  0.76879609 
                  0.87887132                  0.87224382                  0.85728800                  0.76569808                  0.75155276 
                  0.85825115                  0.85183251                  0.83734179                  0.74822468                  0.73452175 
                  0.83792543                  0.83171028                  0.81767339                  0.73097956                  0.71770823 
                  0.81789857                  0.81188178                  0.79828727                  0.71396750                  0.70111692 
                  0.79817438                  0.79235089                  0.77918750                  0.69719255                  0.68475211 
                  0.77875638                  0.77312118                  0.76037782                  0.68065870                  0.66861778 
                  0.75964761                  0.75419575                  0.74186134                  0.66436929                  0.65271753 
                  0.74085057                  0.73557717                  0.72364098                  0.64832735                  0.63705456 
                  0.72236753                  0.71726763                  0.70571899                  0.63253576                  0.62163162 
                  0.70420015                  0.69926906                  0.68809736                  0.61699677                  0.60645115 
                  0.68634993                  0.68158287                  0.67077768                  0.60171247                  0.59151542 
                  0.66881764                  0.66421020                  0.65376115                  0.58668435                  0.57682621 
                  0.65160406                  0.64715165                  0.63704878                  0.57191390                  0.56238496 
                  0.63470936                  0.63040751                  0.62064099                  0.55740196                  0.54819286 
                  0.61813360                  0.61397791                  0.60453796                  0.54314941                  0.53425092 
                  0.60187632                  0.59786248                  0.58873957                  0.52915663                  0.52055967 
                  0.58593684                  0.58206058                  0.57324547                  0.51542377                  0.50711942 
                  0.57031423                  0.56657135                  0.55805480                  0.50195074                  0.49393022 
                  0.55500722                  0.55139363                  0.54316664                  0.48873723                  0.48099196 
                  0.54001421                  0.53652602                  0.52857983                  0.47578251                  0.46830410 
                  0.52533346                  0.52196681                  0.51429272                  0.46308574                  0.45586601 
                  0.51096290                  0.50771391                  0.50030369                  0.45064589                  0.44367680 
                  0.49690032                  0.49376523                  0.48661062                  0.43846163                  0.43173534 
                  0.48314321                  0.48011848                  0.47321138                  0.42653155                  0.42004037 
                  0.46968898                  0.46677101                  0.46010360                  0.41485390                  0.40859035 
                  0.45653471                  0.45372015                  0.44728473                  0.40342683                  0.39738363 
                  0.44367743                  0.44096279                  0.43475205                  0.39224830                  0.38641831 
                  0.43111393                  0.42849597                  0.42250264                  0.38131613                  0.37569246 
                  0.41884086                  0.41631645                  0.41053343                  0.37062797                  0.36520383 
                  0.40685478                  0.40442073                  0.39884117                  0.36018133                  0.35495019 
                  0.39515206                  0.39280537                  0.38742256                  0.34997356                  0.34492907 
                  0.38372895                  0.38146675                  0.37627408                  0.34000200                  0.33513790 
                  0.37258169                  0.37040100                  0.36539221                  0.33026382                  0.32557404 
                  0.36170626                  0.35960439                  0.35477331                  0.32075605                  0.31623468 
                  0.35109869                  0.34907290                  0.34441358                  0.31147560                  0.30711699 
                  0.34075490                  0.33880255                  0.33430922                  0.30241942                  0.29821792 
                  0.33067068                  0.32878929                  0.32445624                  0.29358423                  0.28953454 
                  0.32084185                  0.31902891                  0.31485072                  0.28496680                  0.28106371 
                  0.31126407                  0.30951726                  0.30548856                  0.27656382                  0.27280217 
                  0.30193311                  0.30025005                  0.29636574                  0.26837185                  0.26474673 
                  0.29284459                  0.29122302                  0.28747809                  0.26038754                  0.25689411 
                  0.28399408                  0.28243184                  0.27882147                  0.25260729                  0.24924099 
                  0.27537721                  0.27387220                  0.27039164                  0.24502763                  0.24178401 
                  0.26698953                  0.26553974                  0.26218450                  0.23764506                  0.23451972 
                  0.25882661                  0.25743008                  0.25419575                  0.23045595                  0.22744472 
                  0.25088403                  0.24953882                  0.24642119                  0.22345673                  0.22055557 
                  0.24315736                  0.24186164                  0.23885660                  0.21664381                  0.21384880 
                  0.23564216                  0.23439419                  0.23149770                  0.21001360                  0.20732090 
                  0.22833407                  0.22713205                  0.22434033                  0.20356247                  0.20096841 
                  0.22122866                  0.22007093                  0.21738024                  0.19728681                  0.19478789 
                  0.21432158                  0.21320653                  0.21061328                  0.19118306                  0.18877581 
                  0.20760848                  0.20653458                  0.20403525                  0.18524760                  0.18292874 
                  0.20108503                  0.20005079                  0.19764203                  0.17947689                  0.17724320 
                  0.19474700                  0.19375095                  0.19142953                  0.17386737                  0.17171574 
                  0.18859011                  0.18763086                  0.18539363                  0.16841550                  0.16634296 
                  0.18261018                  0.18168639                  0.17953034                  0.16311781                  0.16112144 
                  0.17680308                  0.17591344                  0.17383562                  0.15797079                  0.15604784 
                  0.17116469                  0.17030793                  0.16830556                  0.15297101                  0.15111879 
                  0.16569096                  0.16486587                  0.16293620                  0.14811507                  0.14633098 
                  0.16037787                  0.15958330                  0.15772368                  0.14339957                  0.14168112 
                  0.15522149                  0.15445629                  0.15266421                  0.13882118                  0.13716596 
                  0.15021792                  0.14948100                  0.14775401                  0.13437662                  0.13278230 
                  0.14536333                  0.14465365                  0.14298938                  0.13006264                  0.12852697 
                  0.14065392                  0.13997048                  0.13836667                  0.12587599                  0.12439684 
                  0.13608599                  0.13542782                  0.13388225                  0.12181355                  0.12038881 
                  0.13165589                  0.13102204                  0.12953262                  0.11787218                  0.11649984 
                  0.12736002                  0.12674958                  0.12531427                  0.11404881                  0.11272693 
                  0.12319483                  0.12260695                  0.12122376                  0.11034041                  0.10906714 
                  0.11915687                  0.11859071                  0.11725776                  0.10674402                  0.10551757 
                  0.11524275                  0.11469749                  0.11341295                  0.10325670                  0.10207534 
                  0.11144911                  0.11092398                  0.10968608                  0.09987560                  0.09873766 
                  0.10777268                  0.10726693                  0.10607398                  0.09659790                  0.09550176 
                  0.10421024                  0.10372315                  0.10257351                  0.09342082                  0.09236494 
                  0.10075867                  0.10028955                  0.09918164                  0.09034164                  0.08932454 
                  0.09741487                  0.09696306                  0.09589536                  0.08735772                  0.08637795 
                  0.09417585                  0.09374069                  0.09271173                  0.08446644                  0.08352262 
                  0.09103865                  0.09061953                  0.08962789                  0.08166523                  0.08075604 
                  0.08800039                  0.08759670                  0.08664103                  0.07895161                  0.07807575 
                  0.08505824                  0.08466940                  0.08374840                  0.07632311                  0.07547936 
                  0.08220945                  0.08183492                  0.08094731                  0.07377734                  0.07296452 
                  0.07945132                  0.07909057                  0.07823514                  0.07131197                  0.07052892 
                  0.07678124                  0.07643375                  0.07560932                  0.06892467                  0.06817031 
                  0.07419661                  0.07386190                  0.07306735                  0.06661323                  0.06588649 
                  0.07169496                  0.07137255                  0.07060679                  0.06437547                  0.06367531 
                  0.06927382                  0.06896325                  0.06822524                  0.06220922                  0.06153467 
                  0.06693082                  0.06663165                  0.06592038                  0.06011240                  0.05946252 
                  0.06466363                  0.06437544                  0.06368992                  0.05808298                  0.05745685 
                  0.06246997                  0.06219236                  0.06153167                  0.05611896                  0.05551572 
                  0.06034765                  0.06008022                  0.05944344                  0.05421842                  0.05363721 
                  0.05829450                  0.05803687                  0.05742316                  0.05237944                  0.05181947 
                  0.05630843                  0.05606024                  0.05546875                  0.05060021                  0.05006067 
                  0.05438740                  0.05414830                  0.05357822                  0.04887890                  0.04835907 
                  0.05252942                  0.05229907                  0.05174962                  0.04721379                  0.04671292 
                  0.05073255                  0.05051064                  0.04998105                  0.04560316                  0.04512055 
                  0.04899491                  0.04878113                  0.04827069                  0.04404534                  0.04358033 
                  0.04731466                  0.04710871                  0.04661674                  0.04253871                  0.04209067 
                  0.04569003                  0.04549161                  0.04501744                  0.04108172                  0.04065000 
                  0.04411928                  0.04392812                  0.04347110                  0.03967282                  0.03925684 
                  0.04260073                  0.04241656                  0.04197606                  0.03831053                  0.03790970 
                  0.04113274                  0.04095530                  0.04053073                  0.03699340                  0.03660716 
                  0.03971372                  0.03954276                  0.03913355                  0.03572001                  0.03534783 
                  0.03834211                  0.03817739                  0.03778297                  0.03448900                  0.03413037 
                  0.03701643                  0.03685772                  0.03647756                  0.03329904                  0.03295346 
                  0.03573520                  0.03558228                  0.03521586                  0.03214883                  0.03181582 
                  0.03449702                  0.03434967                  0.03399650                  0.03103711                  0.03071621 
                  0.03330049                  0.03315853                  0.03281811                  0.02996266                  0.02965343 
                  0.03214429                  0.03200751                  0.03167940                  0.02892430                  0.02862631 
                  0.03102713                  0.03089533                  0.03057908                  0.02792086                  0.02763371 
                  0.02994773                  0.02982074                  0.02951592                  0.02695125                  0.02667452 
                  0.02890488                  0.02878253                  0.02848872                  0.02601435                  0.02574769 
                  0.02789740                  0.02777951                  0.02749633                  0.02510913                  0.02485216 
                  0.02692414                  0.02681055                  0.02653760                  0.02423457                  0.02398693 
                  0.02598399                  0.02587454                  0.02561145                  0.02338966                  0.02315102 
                  0.02507585                  0.02497039                  0.02471681                  0.02257345                  0.02234347 
                  0.02419869                  0.02409708                  0.02385265                  0.02178499                  0.02156337 
                  0.02335148                  0.02325357                  0.02301799                  0.02102340                  0.02080982 
                  0.02253325                  0.02243891                  0.02221184                  0.02028778                  0.02008196 
                  0.02174304                  0.02165213                  0.02143327                  0.01957729                  0.01937893 
                  0.02097992                  0.02089232                  0.02068137                  0.01889109                  0.01869994 
                  0.02024299                  0.02015858                  0.01995527                  0.01822839                  0.01804418 
                  0.01953140                  0.01945006                  0.01925410                  0.01758842                  0.01741090 
                  0.01884428                  0.01876591                  0.01857704                  0.01697042                  0.01679935 
                  0.01818085                  0.01810533                  0.01792328                  0.01637367                  0.01620880 
                  0.01754029                  0.01746752                  0.01729206                  0.01579745                  0.01563857 
                  0.01692186                  0.01685173                  0.01668262                  0.01524110                  0.01508798 
                  0.01632479                  0.01625722                  0.01609423                  0.01470393                  0.01455637 
                  0.01574839                  0.01568329                  0.01552619                  0.01418532                  0.01404311 
                  0.01519196                  0.01512922                  0.01497781                  0.01368464                  0.01354759 
                  0.01465482                  0.01459437                  0.01444844                  0.01320128                  0.01306921 
                  0.01413633                  0.01407808                  0.01393743                  0.01273468                  0.01260740 
                  0.01363586                  0.01357973                  0.01344417                  0.01228426                  0.01216160 
                  0.01315279                  0.01309871                  0.01296805                  0.01184948                  0.01173128 
                  0.01268654                  0.01263442                  0.01250850                  0.01142982                  0.01131590 
                  0.01223654                  0.01218632                  0.01206496                  0.01102475                  0.01091497 
                  0.01180223                  0.01175384                  0.01163687                  0.01063379                  0.01052800 
                  0.01138309                  0.01133646                  0.01122373                  0.01025646                  0.01015451 
                  0.01097859                  0.01093366                  0.01082501                  0.00989230                  0.00979405 
                  0.01058823                  0.01054494                  0.01044023                  0.00954085                  0.00944617 
                  0.01021154                  0.01016983                  0.01006891                  0.00920169                  0.00911044 
                  0.00984805                  0.00980785                  0.00971059                  0.00887439                  0.00878646 
                  0.00949730                  0.00945857                  0.00936483                  0.00855856                  0.00847382 
                  0.00915886                  0.00912154                  0.00903120                  0.00825379                  0.00817213 
                  0.00883230                  0.00879634                  0.00870928                  0.00795971                  0.00788101 
                  0.00851722                  0.00848257                  0.00839867                  0.00767596                  0.00760012 
                  0.00821322                  0.00817983                  0.00809897                  0.00740217                  0.00732909 
                  0.00791993                  0.00788775                  0.00780983                  0.00713801                  0.00706758 
                  0.00763696                  0.00760596                  0.00753086                  0.00688314                  0.00681527 
                  0.00736397                  0.00733410                  0.00726172                  0.00663725                  0.00657185 
                  0.00710060                  0.00707182                  0.00700208                  0.00640003                  0.00633700 
                  0.00684654                  0.00681881                  0.00675159                  0.00617116                  0.00611043 
                  0.00660145                  0.00657473                  0.00650995                  0.00595038                  0.00589185 
                  0.00636502                  0.00633928                  0.00627685                  0.00573739                  0.00568099 
                  0.00613696                  0.00611215                  0.00605199                  0.00553193                  0.00547758 
                  0.00591697                  0.00589307                  0.00583509                  0.00533374                  0.00528137 
                  0.00570477                  0.00568174                  0.00562587                  0.00514256                  0.00509209 
                  0.00550009                  0.00547790                  0.00542406                  0.00495814                  0.00490951 
                  0.00530267                  0.00528129                  0.00522940                  0.00478027                  0.00473340 
                  0.00511225                  0.00509165                  0.00504165                  0.00460870                  0.00456354 
                  0.00492860                  0.00490875                  0.00486057                  0.00444321                  0.00439970 
                  0.00475147                  0.00473234                  0.00468592                  0.00428360                  0.00424167 
                  0.00458064                  0.00456221                  0.00451747                  0.00412966                  0.00408926 
                  0.00441588                  0.00439812                  0.00435501                  0.00398120                  0.00394226 
                  0.00425699                  0.00423988                  0.00419834                  0.00383801                  0.00380049 
                  0.00410375                  0.00408727                  0.00404724                  0.00369991                  0.00366376 
                  0.00395597                  0.00394009                  0.00390152                  0.00356674                  0.00353190 
                  0.00381347                  0.00379817                  0.00376099                  0.00343830                  0.00340474 
                  0.00367604                  0.00366130                  0.00362548                  0.00331445                  0.00328211 
                  0.00354352                  0.00352932                  0.00349480                  0.00319501                  0.00316385 
                  0.00341573                  0.00340204                  0.00336879                  0.00307983                  0.00304980 
                  0.00329250                  0.00327932                  0.00324727                  0.00296877                  0.00293983 
                  0.00317368                  0.00316098                  0.00313010                  0.00286167                  0.00283379 
                  0.00305911                  0.00304687                  0.00301712                  0.00275840                  0.00273154 
                  0.00294863                  0.00293684                  0.00290817                  0.00265882                  0.00263294 
                  0.00284211                  0.00283075                  0.00280313                  0.00256280                  0.00253786 
                  0.00273941                  0.00272846                  0.00270184                  0.00247022                  0.00244619 
                  0.00264038                  0.00262983                  0.00260419                  0.00238096                  0.00235780 
                  0.00254490                  0.00253474                  0.00251003                  0.00229489                  0.00227258 
                  0.00245285                  0.00244306                  0.00241925                  0.00221190                  0.00219041 
                  0.00236410                  0.00235466                  0.00233172                  0.00213190                  0.00211118 
                  0.00227853                  0.00226944                  0.00224734                  0.00205476                  0.00203480 
                  0.00219603                  0.00218728                  0.00216598                  0.00198039                  0.00196116 
                  0.00211650                  0.00210807                  0.00208755                  0.00190869                  0.00189016 
                  0.00203983                  0.00203170                  0.00201193                  0.00183956                  0.00182171 
                  0.00196591                  0.00195808                  0.00193903                  0.00177292                  0.00175572 
                  0.00189465                  0.00188711                  0.00186875                  0.00170867                  0.00169210 
                  0.00182595                  0.00181869                  0.00180100                  0.00164674                  0.00163077 
                  0.00175973                  0.00175273                  0.00173569                  0.00158703                  0.00157165 
                  0.00169589                  0.00168914                  0.00167273                  0.00152947                  0.00151465 
                  0.00163435                  0.00162785                  0.00161203                  0.00147398                  0.00145970 
                  0.00157502                  0.00156876                  0.00155352                  0.00142049                  0.00140674 
                  0.00151784                  0.00151181                  0.00149713                  0.00136893                  0.00135568 
                  0.00146271                  0.00145691                  0.00144276                  0.00131923                  0.00130646 
                  0.00140958                  0.00140398                  0.00139035                  0.00127132                  0.00125901 
                  0.00135836                  0.00135297                  0.00133984                  0.00122513                  0.00121328 
                  0.00130899                  0.00130380                  0.00129115                  0.00118062                  0.00116920 
                  0.00126141                  0.00125640                  0.00124422                  0.00113771                  0.00112671 
                  0.00121554                  0.00121072                  0.00119898                  0.00109635                  0.00108575 
                  0.00117133                  0.00116668                  0.00115537                  0.00105648                  0.00104627 
                  0.00112871                  0.00112424                  0.00111334                  0.00101806                  0.00100822 
                  0.00108764                  0.00108333                  0.00107283                  0.00098102                  0.00097154 
                  0.00104806                  0.00104391                  0.00103379                  0.00094532                  0.00093619 
                  0.00100990                  0.00100590                  0.00099616                  0.00091091                  0.00090212 
                  0.00097313                  0.00096928                  0.00095989                  0.00087775                  0.00086928 
                  0.00093769                  0.00093397                  0.00092493                  0.00084579                  0.00083762 
                  0.00090353                  0.00089995                  0.00089124                  0.00081498                  0.00080712 
                  0.00087060                  0.00086716                  0.00085877                  0.00078529                  0.00077771 
                  0.00083888                  0.00083556                  0.00082747                  0.00075668                  0.00074938 
                  0.00080830                  0.00080510                  0.00079731                  0.00072910                  0.00072207 
                  0.00077883                  0.00077575                  0.00076824                  0.00070252                  0.00069575 
                  0.00075042                  0.00074746                  0.00074023                  0.00067691                  0.00067038 
                  0.00072305                  0.00072020                  0.00071323                  0.00065222                  0.00064593 
                  0.00069667                  0.00069392                  0.00068721                  0.00062843                  0.00062237 
                  0.00067125                  0.00066860                  0.00066214                  0.00060550                  0.00059967 
                  0.00064675                  0.00064420                  0.00063797                  0.00058341                  0.00057779 
                  0.00062314                  0.00062069                  0.00061469                  0.00056212                  0.00055670 
                  0.00060039                  0.00059802                  0.00059224                  0.00054160                  0.00053638 
                  0.00057847                  0.00057619                  0.00057062                  0.00052182                  0.00051680 
                  0.00055734                  0.00055514                  0.00054978                  0.00050277                  0.00049792 
                  0.00053698                  0.00053486                  0.00052970                  0.00048440                  0.00047974 
                  0.00051736                  0.00051532                  0.00051034                  0.00046671                  0.00046221 
                  0.00049845                  0.00049649                  0.00049169                  0.00044965                  0.00044533 
                  0.00048024                  0.00047834                  0.00047372                  0.00043322                  0.00042905 
                  0.00046268                  0.00046086                  0.00045641                  0.00041739                  0.00041337 
                  0.00044576                  0.00044401                  0.00043972                  0.00040213                  0.00039826 
                  0.00042946                  0.00042777                  0.00042364                  0.00038742                  0.00038370 
                  0.00041375                  0.00041212                  0.00040815                  0.00037326                  0.00036967 
                  0.00039862                  0.00039705                  0.00039322                  0.00035960                  0.00035615 
                  0.00038403                  0.00038252                  0.00037883                  0.00034645                  0.00034312 
                  0.00036998                  0.00036853                  0.00036497                  0.00033377                  0.00033056 
                  0.00035644                  0.00035504                  0.00035161                  0.00032156                  0.00031847 
                  0.00034339                  0.00034204                  0.00033874                  0.00030979                  0.00030681 
                  0.00033082                  0.00032952                  0.00032634                  0.00029845                  0.00029558 
                  0.00031871                  0.00031745                  0.00031439                  0.00028752                  0.00028476 
                  0.00030704                  0.00030583                  0.00030288                  0.00027699                  0.00027433 
                  0.00029579                  0.00029463                  0.00029179                  0.00026685                  0.00026429 
                  0.00028496                  0.00028384                  0.00028110                  0.00025708                  0.00025461 
                  0.00027452                  0.00027344                  0.00027080                  0.00024766                  0.00024528 
                  0.00026446                  0.00026342                  0.00026088                  0.00023858                  0.00023629 
                  0.00025476                  0.00025376                  0.00025132                  0.00022984                  0.00022764 
                  0.00024543                  0.00024446                  0.00024211                  0.00022142                  0.00021929 
                  0.00023643                  0.00023550                  0.00023323                  0.00021330                  0.00021126 
                  0.00022776                  0.00022687                  0.00022468                  0.00020548                  0.00020351 
                  0.00021941                  0.00021855                  0.00021644                  0.00019795                  0.00019605 
                  0.00021136                  0.00021053                  0.00020851                  0.00019069                  0.00018886 
                  0.00020361                  0.00020281                  0.00020086                  0.00018370                  0.00018193 
                  0.00019614                  0.00019537                  0.00019349                  0.00017696                  0.00017526 
                  0.00018895                  0.00018820                  0.00018639                  0.00017047                  0.00016883 
                  0.00018201                  0.00018130                  0.00017955                  0.00016421                  0.00016264 
                  0.00017533                  0.00017465                  0.00017297                  0.00015819                  0.00015667 
                  0.00016890                  0.00016824                  0.00016662                  0.00015238                  0.00015092 
                  0.00016270                  0.00016206                  0.00016050                  0.00014679                  0.00014538 
                  0.00015673                  0.00015611                  0.00015461                  0.00014140                  0.00014005 
                  0.00015097                  0.00015038                  0.00014893                  0.00013621                  0.00013491 
                  0.00014543                  0.00014486                  0.00014347                  0.00013121                  0.00012995 
                  0.00014009                  0.00013954                  0.00013820                  0.00012639                  0.00012518 
                  0.00013494                  0.00013441                  0.00013312                  0.00012175                  0.00012058 
                  0.00012999                  0.00012948                  0.00012823                  0.00011728                  0.00011615 
                  0.00012521                  0.00012472                  0.00012352                  0.00011297                  0.00011189 
                  0.00012061                  0.00012014                  0.00011898                  0.00010882                  0.00010778 
                  0.00011618                  0.00011572                  0.00011461                  0.00010482                  0.00010382 
                  0.00011191                  0.00011147                  0.00011040                  0.00010097                  0.00010000 
                  0.00010780                  0.00010738                  0.00010634                  0.00009726                  0.00009633 
                  0.00010384                  0.00010343                  0.00010243                  0.00009369                  0.00009279 
                  0.00010002                  0.00009963                  0.00009867                  0.00009024                  0.00008938 
                  0.00009634                  0.00009596                  0.00009504                  0.00008692                  0.00008609 
                  0.00009280                  0.00009244                  0.00009155                  0.00008373                  0.00008293 
                  0.00008939                  0.00008904                  0.00008818                  0.00008065                  0.00007988 
                  0.00008610                  0.00008576                  0.00008494                  0.00007768                  0.00007694 
                  0.00008293                  0.00008261                  0.00008181                  0.00007483                  0.00007411 
                  0.00007988                  0.00007957                  0.00007881                  0.00007208                  0.00007139 
                  0.00007694                  0.00007664                  0.00007591                  0.00006942                  0.00006876 
                  0.00007411                  0.00007382                  0.00007311                  0.00006687                  0.00006623 
                  0.00007139                  0.00007111                  0.00007042                  0.00006441                  0.00006379 
                  0.00006876                  0.00006849                  0.00006783                  0.00006204                  0.00006145 
                  0.00006623                  0.00006597                  0.00006534                  0.00005976                  0.00005919 
                  0.00006379                  0.00006354                  0.00006293                  0.00005756                  0.00005701 
                  0.00006144                  0.00006120                  0.00006062                  0.00005544                  0.00005491 
                  0.00005918                  0.00005895                  0.00005839                  0.00005340                  0.00005289 
                  0.00005700                  0.00005678                  0.00005624                  0.00005143                  0.00005094 
                  0.00005491                  0.00005469                  0.00005417                  0.00004954                  0.00004907 
                  0.00005288                  0.00005268                  0.00005217                  0.00004772                  0.00004726 
                  0.00005094                  0.00005074                  0.00005025                  0.00004596                  0.00004552 
                  0.00004906                  0.00004887                  0.00004840                  0.00004427                  0.00004384 
                  0.00004725                  0.00004707                  0.00004662                  0.00004264                  0.00004223 
                  0.00004551                  0.00004534                  0.00004490                  0.00004107                  0.00004067 
                  0.00004384                  0.00004367                  0.00004325                  0.00003955                  0.00003918 
                  0.00004222                  0.00004206                  0.00004165                  0.00003810                  0.00003773 
                  0.00004067                  0.00004051                  0.00004012                  0.00003669                  0.00003634 
                  0.00003917                  0.00003902                  0.00003864                  0.00003534                  0.00003500 
                  0.00003773                  0.00003758                  0.00003722                  0.00003404                  0.00003372 
                  0.00003634                  0.00003619                  0.00003585                  0.00003279                  0.00003247 
                  0.00003500                  0.00003486                  0.00003453                  0.00003158                  0.00003128 
                  0.00003371                  0.00003358                  0.00003325                  0.00003041                  0.00003012 
                  0.00003246                  0.00003234                  0.00003203                  0.00002929                  0.00002901 
