        0.00000000        0.00000000        0.00000000        0.00000000        0.00000000        0.00000000        0.00000000 
        0.00000000        0.00000000        0.00000000        0.00000000        0.00000000        0.00000000        0.00000000 
        0.00000000        0.00000000        0.00000000        0.00000000        0.00000000        0.00000000        0.00000000 
        0.00000000        0.00000000        0.00000000        0.00000000        0.00000000        0.00000000        0.00000000 
        0.00000000        0.00000000        0.00000000        0.00000000        0.00000000        0.00000000        0.00000000 
        0.00000000        0.00000000        0.00000000        0.00000000        0.00000000        0.00000000        0.00000000 
        0.00000000        0.00000000        0.00000000        0.00000000        0.00000000        0.00000000        0.00000000 
        0.00000000        0.00000000        0.00000000        0.00000000        0.00000000        0.00000000        0.00000000 
        0.00000000        0.00000000        0.00000000        0.00000000        0.00000000        0.00000000        0.00000000 
        0.00000000        0.00000000        0.00000000        0.00000000        0.00000000        0.00000000        0.00000000 
        0.00000000        0.00000000        0.00000000        0.00000000        0.00000000        0.00000000        0.00000000 
        0.00000000        0.00000000        0.00000000        0.00000000        0.00000000        0.00000000        0.00000000 
        0.00000000        0.00000000        0.00000000        0.00000000        0.00000000        0.00000000        0.00000000 
        0.00000000        0.00000000        0.00000000        0.00000000        0.00000000        0.00000000        0.00000000 
        0.00000000        0.00000000        0.00000000        0.00000000        0.00000000        0.00000000        0.00000000 
        0.00000000        0.00000000        0.00000000        0.00000000        0.00000000        0.00000000        0.00000000 
        0.00000000        0.00000000        0.00000000        0.00000000        0.00000000        0.00000000        0.00000000 
        0.00000000        0.00000000        0.00000000        0.00000000        0.00000000        0.00000000        0.00000000 
        0.00000000        0.00000000        0.00000000        0.00000000        0.00000000        0.00000000        0.00000000 
        0.00000000        0.00000000        0.00000000        0.00000000        0.00000000        0.00000000        0.00000000 
        0.00000000        0.00000000        0.00000000        0.00000000        0.00000000        0.00000000        0.00000000 
        0.00000000        0.00000000        0.00000000        0.00000000        0.00000000        0.00000000        0.00000000 
        0.00000000        0.00000000        0.00000000        0.00000000        0.00000000        0.00000000        0.00000000 
        0.00000000        0.00000000        0.00000000        0.00000000        0.00000000        0.00000000        0.00000000 
        0.00000000        0.00000000        0.00000000        0.00000000        0.00000000        0.00000000        0.00000000 
        0.00000000        0.00000000        0.00000000        0.00000000        0.00000000        0.00000000        0.00000000 
        0.00000000        0.00000000        0.00000000        0.00000000        0.00000000        0.00000000        0.00000000 
        0.00000000        0.00000000        0.00000000        0.00000000        0.00000000        0.00000000        0.00000000 
        0.00000000        0.00000000        0.00000000        0.00000000        0.00000000        0.00000000        0.00000000 
        0.00000000        0.00000000        0.00000000        0.00000000        0.00000000        0.00000000        0.00000000 
        0.00000000        0.00000000        0.00000000        0.00000000        0.00000000        0.00000000        0.00000000 
        0.00000000        0.00000000        0.00000000        0.00000000        0.00000000        0.00000000        0.00000000 
        0.00000000        0.00000000        0.00000000        0.00000000        0.00000000        0.00000000        0.00000000 
        0.00000000        0.00000000        0.00000000        0.00000000        0.00000000        0.00000000        0.00000000 
        0.00000000        0.00000000        0.00000000        0.00000000        0.00000000        0.00000000        0.00000000 
        0.00000000        0.00000000        0.00000000        0.00000000        0.00000000        0.00000000        0.00000000 
        0.00000000        0.00000000        0.00000000        0.00000000        0.00000000        0.00000000        0.00000000 
        0.00000000        0.00000000        0.00000000        0.00000000        0.00000000        0.00000000        0.00000000 
        0.00000000        0.00000000        0.00000000        0.00000000        0.00000000        0.00000000        0.00000000 
        0.00000000        0.00000000        0.00000000        0.00000000        0.00000000        0.00000000        0.00000000 
        0.00000000        0.00000000        0.00000000        0.00000000        0.00000000        0.00000000        0.00000000 
        0.00000000        0.00000000        0.00000000        0.00000000        0.00000000        0.00000000        0.00000000 
        0.00000000        0.00000000        0.00000000        0.00000000        0.00000000        0.00000000        0.00000000 
        0.00000000        0.00000000        0.00000000        0.00000000        0.00000000        0.00000000        0.00000000 
        0.00000000        0.00000000        0.00000000        0.00000000        0.00000000        0.00000000        0.00000000 
        0.00000000        0.00000000        0.00000000        0.00000000        0.00000000        0.00000000        0.00000000 
        0.00000000        0.00000000        0.00000000        0.00000000        0.00000000        0.00000000        0.00000000 
        0.00000000        0.00000000        0.00000000        0.00000000        0.00000000        0.00000000        0.00000000 
        0.00000000        0.00000000        0.00000000        0.00000000        0.00000000        0.00000000        0.00000000 
        0.00000000        0.00000000        0.00000000        0.00000000        0.00000000        0.00000001        0.00000000 
        0.00000000        0.00000000        0.00000000        0.00000001        0.00000001        0.00000001        0.00000000 
        0.00000000        0.00000000        0.00000000        0.00000001        0.00000001        0.00000001        0.00000000 
        0.00000000        0.00000000        0.00000001        0.00000001        0.00000001        0.00000001        0.00000001 
        0.00000000        0.00000000        0.00000001        0.00000001        0.00000001        0.00000001        0.00000001 
        0.00000000        0.00000000        0.00000001        0.00000001        0.00000002        0.00000002        0.00000001 
        0.00000000        0.00000001        0.00000001        0.00000002        0.00000002        0.00000002        0.00000001 
        0.00000000        0.00000001        0.00000001        0.00000002        0.00000002        0.00000003        0.00000001 
        0.00000000        0.00000001        0.00000002        0.00000003        0.00000003        0.00000003        0.00000002 
        0.00000001        0.00000001        0.00000002        0.00000003        0.00000004        0.00000004        0.00000002 
        0.00000001        0.00000002        0.00000003        0.00000004        0.00000005        0.00000005        0.00000003 
        0.00000001        0.00000002        0.00000003        0.00000005        0.00000006        0.00000006        0.00000003 
        0.00000001        0.00000002        0.00000004        0.00000007        0.00000008        0.00000008        0.00000004 
        0.00000001        0.00000003        0.00000005        0.00000008        0.00000010        0.00000010        0.00000005 
        0.00000002        0.00000004        0.00000007        0.00000010        0.00000012        0.00000012        0.00000006 
        0.00000002        0.00000005        0.00000008        0.00000013        0.00000015        0.00000015        0.00000008 
        0.00000003        0.00000006        0.00000010        0.00000016        0.00000018        0.00000019        0.00000010 
        0.00000004        0.00000007        0.00000013        0.00000020        0.00000023        0.00000024        0.00000012 
        0.00000004        0.00000009        0.00000016        0.00000024        0.00000028        0.00000029        0.00000015 
        0.00000006        0.00000011        0.00000019        0.00000030        0.00000034        0.00000036        0.00000018 
        0.00000007        0.00000014        0.00000024        0.00000037        0.00000042        0.00000045        0.00000023 
        0.00000008        0.00000017        0.00000029        0.00000046        0.00000052        0.00000055        0.00000028 
        0.00000010        0.00000021        0.00000036        0.00000056        0.00000064        0.00000068        0.00000034 
        0.00000013        0.00000026        0.00000045        0.00000069        0.00000079        0.00000083        0.00000042 
        0.00000016        0.00000033        0.00000055        0.00000085        0.00000096        0.00000102        0.00000052 
        0.00000020        0.00000040        0.00000067        0.00000103        0.00000118        0.00000124        0.00000063 
        0.00000024        0.00000049        0.00000082        0.00000126        0.00000144        0.00000152        0.00000077 
        0.00000030        0.00000061        0.00000100        0.00000154        0.00000175        0.00000185        0.00000094 
        0.00000036        0.00000074        0.00000123        0.00000188        0.00000214        0.00000226        0.00000115 
        0.00000045        0.00000091        0.00000149        0.00000228        0.00000260        0.00000275        0.00000140 
        0.00000054        0.00000111        0.00000182        0.00000277        0.00000316        0.00000334        0.00000170 
        0.00000067        0.00000136        0.00000221        0.00000336        0.00000383        0.00000404        0.00000206 
        0.00000081        0.00000165        0.00000268        0.00000407        0.00000463        0.00000490        0.00000249 
        0.00000099        0.00000201        0.00000325        0.00000492        0.00000560        0.00000592        0.00000301 
        0.00000120        0.00000245        0.00000393        0.00000594        0.00000676        0.00000715        0.00000364 
        0.00000146        0.00000297        0.00000475        0.00000716        0.00000815        0.00000861        0.00000439 
        0.00000176        0.00000360        0.00000573        0.00000862        0.00000980        0.00001037        0.00000528 
        0.00000213        0.00000436        0.00000691        0.00001036        0.00001178        0.00001246        0.00000635 
        0.00000258        0.00000527        0.00000831        0.00001243        0.00001414        0.00001495        0.00000761 
        0.00000311        0.00000636        0.00000998        0.00001489        0.00001694        0.00001792        0.00000912 
        0.00000375        0.00000766        0.00001197        0.00001782        0.00002026        0.00002144        0.00001092 
        0.00000451        0.00000921        0.00001434        0.00002129        0.00002421        0.00002561        0.00001304 
        0.00000542        0.00001107        0.00001715        0.00002540        0.00002887        0.00003055        0.00001556 
        0.00000650        0.00001328        0.00002048        0.00003026        0.00003439        0.00003640        0.00001854 
        0.00000778        0.00001590        0.00002442        0.00003599        0.00004090        0.00004329        0.00002205 
        0.00000931        0.00001902        0.00002908        0.00004275        0.00004857        0.00005141        0.00002619 
        0.00001112        0.00002272        0.00003458        0.00005071        0.00005760        0.00006097        0.00003106 
        0.00001325        0.00002709        0.00004106        0.00006005        0.00006820        0.00007220        0.00003678 
        0.00001578        0.00003226        0.00004868        0.00007102        0.00008064        0.00008537        0.00004349 
        0.00001876        0.00003836        0.00005763        0.00008386        0.00009520        0.00010080        0.00005136 
        0.00002228        0.00004555        0.00006813        0.00009888        0.00011223        0.00011883        0.00006055 
        0.00002643        0.00005404        0.00008047        0.00011647        0.00013218        0.00013998        0.00007133 
        0.00003131        0.00006401        0.00009489        0.00013698        0.00015543        0.00016464        0.00008391 
        0.00003701        0.00007567        0.00011169        0.00016082        0.00018243        0.00019325        0.00009849 
        0.00004368        0.00008933        0.00013128        0.00018852        0.00021380        0.00022649        0.00011544 
        0.00005148        0.00010529        0.00015408        0.00022067        0.00025020        0.00026506        0.00013510 
        0.00006058        0.00012392        0.00018058        0.00025793        0.00029237        0.00030975        0.00015789 
        0.00007119        0.00014565        0.00021134        0.00030105        0.00034115        0.00036145        0.00018425 
        0.00008354        0.00017093        0.00024697        0.00035086        0.00039748        0.00042116        0.00021469 
        0.00009788        0.00020031        0.00028821        0.00040832        0.00046245        0.00049001        0.00024981 
        0.00011453        0.00023440        0.00033585        0.00047451        0.00053725        0.00056929        0.00029023 
        0.00013381        0.00027389        0.00039080        0.00055063        0.00062323        0.00066043        0.00033671 
        0.00015611        0.00031958        0.00045410        0.00063804        0.00072194        0.00076505        0.00039007 
        0.00018187        0.00037235        0.00052689        0.00073826        0.00083506        0.00088495        0.00045122 
        0.00021157        0.00043321        0.00061048        0.00085298        0.00096450        0.00102216        0.00052120 
        0.00024576        0.00050329        0.00070633        0.00098413        0.00111240        0.00117892        0.00060116 
        0.00028507        0.00058386        0.00081606        0.00113380        0.00128112        0.00135776        0.00069238 
        0.00033020        0.00067636        0.00094150        0.00130436        0.00147331        0.00156147        0.00079628 
        0.00038192        0.00078239        0.00108469        0.00149843        0.00169187        0.00179313        0.00091446 
        0.00044111        0.00090375        0.00124787        0.00171891        0.00194007        0.00205619        0.00104865 
        0.00050874        0.00104244        0.00143358        0.00196902        0.00222147        0.00235445        0.00120080 
        0.00058591        0.00120068        0.00164460        0.00225230        0.00254003        0.00269208        0.00137304 
        0.00067381        0.00138098        0.00188401        0.00257267        0.00290010        0.00307369        0.00156773 
        0.00077380        0.00158609        0.00215524        0.00293442        0.00330647        0.00350436        0.00178744 
        0.00088737        0.00181906        0.00246205        0.00334228        0.00376439        0.00398963        0.00203502 
        0.00101615        0.00208329        0.00280859        0.00380144        0.00427959        0.00453558        0.00231356 
        0.00116198        0.00238251        0.00319940        0.00431755        0.00485837        0.00514886        0.00262647 
        0.00132685        0.00272085        0.00363950        0.00489680        0.00550755        0.00583671        0.00297742 
        0.00151296        0.00310283        0.00413434        0.00554592        0.00623460        0.00660700        0.00337044 
        0.00172275        0.00353343        0.00468991        0.00627224        0.00704760        0.00746828        0.00380990 
        0.00195887        0.00401811        0.00531273        0.00708370        0.00795531        0.00842982        0.00430052 
        0.00222421        0.00456284        0.00600988        0.00798892        0.00896721        0.00950163        0.00484741 
        0.00252194        0.00517412        0.00678908        0.00899718        0.01009354        0.01069451        0.00545609 
        0.00285551        0.00585906        0.00765868        0.01011852        0.01134530        0.01202010        0.00613248 
        0.00322868        0.00662536        0.00862771        0.01136373        0.01273434        0.01349089        0.00688296 
        0.00364551        0.00748139        0.00970592        0.01274440        0.01427334        0.01512026        0.00771437 
        0.00411041        0.00843623        0.01090383        0.01427294        0.01597589        0.01692253        0.00863400 
        0.00462814        0.00949966        0.01223275        0.01596265        0.01785646        0.01891298        0.00964964 
        0.00520384        0.01068224        0.01370479        0.01782766        0.01993051        0.02110786        0.01076959 
        0.00584304        0.01199535        0.01533294        0.01988308        0.02221443        0.02352444        0.01200265 
        0.00655166        0.01345119        0.01713107        0.02214491        0.02472560        0.02618101        0.01335815 
        0.00733607        0.01506284        0.01911396        0.02463013        0.02748243        0.02909692        0.01484595 
        0.00820307        0.01684429        0.02129735        0.02735667        0.03050428        0.03229253        0.01647643 
        0.00915991        0.01881046        0.02369792        0.03034348        0.03381161        0.03578929        0.01826053 
        0.01021432        0.02097723        0.02633336        0.03361045        0.03742583        0.03960969        0.02020971 
        0.01137451        0.02336151        0.02922235        0.03717848        0.04136937        0.04377725        0.02233593 
        0.01264917        0.02598115        0.03238456        0.04106946        0.04566569        0.04831651        0.02465172 
        0.01404749        0.02885505        0.03584072        0.04530624        0.05033919        0.05325302        0.02717007 
        0.01557918        0.03200319        0.03961251        0.04991261        0.05541523        0.05861327        0.02990448 
        0.01725445        0.03544654        0.04372268        0.05491330        0.06092007        0.06442471        0.03286890 
        0.01908401        0.03920711        0.04819493        0.06033393        0.06688084        0.07071558        0.03607772 
        0.02107909        0.04330799        0.05305396        0.06620094        0.07332546        0.07751498        0.03954573 
        0.02325140        0.04777326        0.05832542        0.07254162        0.08028257        0.08485272        0.04328809 
        0.02561317        0.05262801        0.06403583        0.07938389        0.08778153        0.09275922        0.04732026 
        0.02817709        0.05789832        0.07021260        0.08675645        0.09585226        0.10126553        0.05165797 
        0.03095630        0.06361117        0.07688399        0.09468854        0.10452510        0.11040306        0.05631723 
        0.03396441        0.06979450        0.08407890        0.10320982        0.11383083        0.12020353        0.06131409 
        0.03721540        0.07647698        0.09182703        0.11235052        0.12380054        0.13069896        0.06666482 
        0.04072368        0.08368818        0.10015860        0.12214097        0.13446532        0.14192137        0.07238559 
        0.04450397        0.09145830        0.10910435        0.13261183        0.14585640        0.15390271        0.07849260 
        0.04857132        0.09981809        0.11869541        0.14379372        0.15800479        0.16667463        0.08500188 
        0.05294102        0.10879899        0.12896325        0.15571725        0.17094119        0.18026844        0.09192921 
        0.05762861        0.11843270        0.13993943        0.16841264        0.18469596        0.19471495        0.09929013 
        0.06264974        0.12875132        0.15165564        0.18191002        0.19929877        0.21004403        0.10709971 
        0.06802021        0.13978706        0.16414335        0.19623871        0.21477848        0.22628477        0.11537260 
        0.07375581        0.15157223        0.17743401        0.21142751        0.23116304        0.24346504        0.12412273 
        0.07987230        0.16413896        0.19155835        0.22750433        0.24847923        0.26161140        0.13336346 
        0.08638536        0.17751928        0.20654687        0.24449599        0.26675245        0.28074893        0.14310725 
        0.09331051        0.19174458        0.22242913        0.26242816        0.28600675        0.30090091        0.15336573 
        0.10066292        0.20684591        0.23923390        0.28132513        0.30626413        0.32208869        0.16414954 
        0.10845751        0.22285335        0.25698867        0.30120963        0.32754514        0.34433171        0.17546812 
        0.11670868        0.23979621        0.27572003        0.32210258        0.34986794        0.36764690        0.18732983 
        0.12543038        0.25770265        0.29545280        0.34402308        0.37324846        0.39204869        0.19974162 
        0.13463587        0.27659932        0.31621036        0.36698833        0.39770049        0.41754881        0.21270911 
        0.14433776        0.29651168        0.33801413        0.39101276        0.42323473        0.44415635        0.22623652 
        0.15454783        0.31746328        0.36088359        0.41610879        0.44985962        0.47187734        0.24032639 
        0.16527705        0.33947575        0.38483611        0.44228637        0.47758052        0.50071448        0.25497964 
        0.17653523        0.36256886        0.40988666        0.46955240        0.50639975        0.53066736        0.27019557 
        0.18833125        0.38675985        0.43604761        0.49791116        0.53631634        0.56173199        0.28597167 
        0.20067276        0.41206363        0.46332872        0.52736390        0.56732625        0.59390122        0.30230367 
        0.21356618        0.43849239        0.49173695        0.55790877        0.59942222        0.62716389        0.31918535 
        0.22701660        0.46605575        0.52127618        0.58954072        0.63259321        0.66150546        0.33660868 
        0.24102768        0.49476001        0.55194706        0.62225187        0.66682500        0.69690758        0.35456389 
        0.25560153        0.52460855        0.58374727        0.65602994        0.70209962        0.73334819        0.37303886 
        0.27073878        0.55560160        0.61667097        0.69086075        0.73839611        0.77080184        0.39202011 
        0.28643847        0.58773565        0.65070879        0.72672546        0.77568913        0.80923873        0.41149190 
        0.30269781        0.62100399        0.68584806        0.76360261        0.81395054        0.84862602        0.43143672 
        0.31951249        0.65539628        0.72207236        0.80146688        0.85314882        0.88892722        0.45183533 
        0.33687621        0.69089866        0.75936192        0.84029001        0.89324856        0.93010217        0.47266671 
        0.35478115        0.72749293        0.79769301        0.88004011        0.93421149        0.97210741        0.49390796 
        0.37321740        0.76515788        0.83703846        0.92068189        0.97599584        1.01489639        0.51553488 
        0.39217350        0.80386811        0.87736768        0.96217746        1.01855731        1.05841923        0.53752130 
        0.41163588        0.84359443        0.91864610        1.00448537        1.06184828        1.10262382        0.55983996 
        0.43158928        0.88430434        0.96083599        1.04756153        1.10581839        1.14745450        0.58246231 
        0.45201662        0.92596102        1.00389600        1.09135866        1.15041554        1.19285429        0.60535818 
        0.47289938        0.96852428        1.04778171        1.13582730        1.19558406        1.23876274        0.62849694 
        0.49421671        1.01195073        1.09244549        1.18091536        1.24126732        1.28511894        0.65184647 
        0.51594639        1.05619299        1.13783658        1.22656858        1.28740621        1.33185887        0.67537391 
        0.53806472        1.10120082        1.18390107        1.27273011        1.33394063        1.37891841        0.69904613 
        0.56054616        1.14692032        1.23058319        1.31934249        1.38080812        1.42623079        0.72282904 
        0.58336407        1.19329572        1.27782381        1.36634505        1.42794609        1.47373080        0.74668896 
        0.60648990        1.24026656        1.32556164        1.41367698        1.47529054        1.52134991        0.77059078 
        0.62989426        1.28777254        1.37373412        1.46127522        1.52277768        1.56902230        0.79450035 
        0.65354645        1.33574843        1.42227626        1.50907755        1.57034278        1.61667955        0.81838334 
        0.67741466        1.38412786        1.47112143        1.55701900        1.61792028        1.66425574        0.84220594 
        0.70146608        1.43284333        1.52020156        1.60503566        1.66544700        1.71168387        0.86593419 
        0.72566742        1.48182487        1.56944859        1.65306365        1.71285927        1.75889993        0.88953531 
        0.74998420        1.53100121        1.61879241        1.70103717        1.76009262        1.80583966        0.91297692 
        0.77438134        1.58030117        1.66816342        1.74889386        1.80708683        1.85244131        0.93622786 
        0.79882401        1.62965155        1.71749079        1.79656911        1.85378087        1.89864409        0.95925760 
        0.82327646        1.67897880        1.76670504        1.84400117        1.90011477        1.94438887        0.98203659 
        0.84770328        1.72821045        1.81573558        1.89112830        1.94603169        1.98962057        1.00453711 
        0.87206805        1.77727294        1.86451387        1.93789017        1.99147594        2.03428483        1.02673256 
        0.89633584        1.82609367        1.91297114        1.98422849        2.03639483        2.07833123        1.04859710 
        0.92047113        1.87460041        1.96104085        2.03008652        2.08073688        2.12171078        1.07010758 
        0.94443893        1.92272270        2.00865698        2.07540822        2.12445259        2.16437793        1.09124136 
        0.96820462        1.97039044        2.05575418        2.12014103        2.16749692        2.20629072        1.11197817 
        0.99173468        2.01753545        2.10227203        2.16423488        2.20982599        2.24741030        1.13229883 
        1.01499593        2.06409216        2.14814854        2.20764041        2.25139976        2.28770041        1.15218639 
        1.03795648        2.10999537        2.19332695        2.25031137        2.29217911        2.32712793        1.17162490 
        1.06058514        2.15518379        2.23775125        2.29220557        2.33213019        2.36566257        1.19060147 
        1.08285201        2.19959641        2.28136826        2.33328104        2.37122011        2.40327978        1.20910335 
        1.10472786        2.24317789        2.32412863        2.37349939        2.40942001        2.43995595        1.22712040 
        1.12618542        2.28587317        2.36598349        2.41282606        2.44670439        2.47567081        1.24464405 
        1.14719832        2.32763076        2.40688896        2.45122838        2.48304915        2.51040840        1.26166749 
        1.16774213        2.36840343        2.44680500        2.48867583        2.51843405        2.54415464        1.27818584 
        1.18779325        2.40814567        2.48569155        2.52514243        2.55284142        2.57689881        1.29419434 
        1.20733011        2.44681644        2.52351546        2.56060386        2.58625698        2.60863543        1.30969119 
        1.22633278        2.48437691        2.56024361        2.59503841        2.61866832        2.63935637        1.32467568 
        1.24478257        2.52079201        2.59584808        2.62842846        2.65006638        2.66906309        1.33914804 
        1.26266229        2.55603123        2.63030481        2.66075730        2.68044233        2.69775176        1.35311007 
        1.27995718        2.59006643        2.66358995        2.69201207        2.70979357        2.72542834        1.36656499 
        1.29665315        2.62287283        2.69568563        2.72218204        2.73811626        2.75209618        1.37951684 
        1.31273901        2.65443087        2.72657704        2.75125933        2.76541209        2.77776313        1.39196992 
        1.32820427        2.68472195        2.75625110        2.77923942        2.79168081        2.80243683        1.40393114 
        1.34304035        2.71373248        2.78469777        2.80611658        2.81692696        2.82612729        1.41540670 
        1.35724008        2.74145174        2.81191206        2.83189178        2.84115553        2.84884787        1.42640471 
        1.37079823        2.76787281        2.83788991        2.85656476        2.86437464        2.87061143        1.43693280 
        1.38371146        2.79299021        2.86262965        2.88013959        2.88659191        2.89143252        1.44699991 
        1.39597678        2.81680250        2.88613486        2.90262127        2.90781832        2.91132689        1.45661497 
        1.40759397        2.83931303        2.90840840        2.92401552        2.92806411        2.93030930        1.46578801 
        1.41856313        2.86052537        2.92945862        2.94433212        2.94734192        2.94839954        1.47452843 
        1.42888641        2.88044620        2.94929385        2.96357965        2.96566463        2.96561337        1.48284650 
        1.43856680        2.89908504        2.96792412        2.98177099        2.98304677        2.98196959        1.49075258 
        1.44760978        2.91645575        2.98536468        2.99891663        2.99950290        2.99748707        1.49825680 
        1.45601976        2.93257046        3.00162816        3.01503229        3.01504898        3.01218271        1.50536919 
        1.46380448        2.94744754        3.01673388        3.03013229        3.02970028        3.02607846        1.51210046 
        1.47097087        2.96110296        3.03069949        3.04423380        3.04347420        3.03919077        1.51846051 
        1.47752845        2.97355962        3.04354310        3.05735064        3.05638623        3.05153966        1.52445924 
        1.48348629        2.98483706        3.05528855        3.06950474        3.06845522        3.06314182        1.53010678 
        1.48885500        2.99496007        3.06595612        3.08071089        3.07969761        3.07401800        1.53541255 
        1.49364603        3.00395179        3.07556868        3.09098983        3.09013057        3.08418465        1.54038608 
        1.49787140        3.01184011        3.08415174        3.10036111        3.09977221        3.09365845        1.54503572 
        1.50154328        3.01864934        3.09172893        3.10884190        3.10863829        3.10245919        1.54937112 
        1.50467467        3.02441025        3.09832740        3.11645651        3.11674786        3.11060143        1.55340075 
        1.50727928        3.02914858        3.10397100        3.12322283        3.12411809        3.11810231        1.55713177 
        1.50937128        3.03289509        3.10868883        3.12916160        3.13076615        3.12497807        1.56057274 
        1.51096451        3.03567815        3.11250520        3.13429451        3.13670850        3.13124251        1.56373119 
        1.51207399        3.03752995        3.11544824        3.13864088        3.14196157        3.13691282        1.56661367 
        1.51271415        3.03847909        3.11754632        3.14222455        3.14654326        3.14200044        1.56922734 
        1.51290035        3.03855658        3.11882448        3.14506340        3.15046883        3.14652061        1.57157838 
        1.51264763        3.03779268        3.11931109        3.14718008        3.15375590        3.15048695        1.57367313 
        1.51197124        3.03621864        3.11903310        3.14859486        3.15641880        3.15391159        1.57551777 
        1.51088595        3.03386450        3.11801744        3.14932847        3.15847468        3.15680766        1.57711744 
        1.50940764        3.03076100        3.11628985        3.14940071        3.15993810        3.15918708        1.57847750 
        1.50755119        3.02693772        3.11387777        3.14883184        3.16082263        3.16105890        1.57960272 
        1.50533164        3.02242422        3.11080742        3.14764333        3.16114593        3.16243601        1.58049798 
        1.50276411        3.01725054        3.10710311        3.14585280        3.16092181        3.16333151        1.58116829 
        1.49986315        3.01144481        3.10279179        3.14348245        3.16016436        3.16375208        1.58161736 
        1.49664354        3.00503564        3.09789610        3.14054823        3.15888715        3.16370916        1.58184934 
        1.49311972        2.99805021        3.09244180        3.13707066        3.15710449        3.16321230        1.58186877 
        1.48930597        2.99051714        3.08645225        3.13306832        3.15482950        3.16227031        1.58167875 
        1.48521566        2.98246217        3.07995105        3.12856007        3.15207720        3.16089463        1.58128369 
        1.48086274        2.97391152        3.07295990        3.12356329        3.14885879        3.15909195        1.58068705 
        1.47626030        2.96489024        3.06550169        3.11809468        3.14518809        3.15687251        1.57989168 
        1.47142160        2.95542312        3.05759716        3.11217213        3.14107823        3.15424395        1.57890177 
        1.46635926        2.94553447        3.04926777        3.10581255        3.13654137        3.15121627        1.57772028 
        1.46108520        2.93524647        3.04053354        3.09903288        3.13159013        3.14779639        1.57635045 
        1.45561206        2.92458296        3.03141427        3.09184885        3.12623596        3.14399338        1.57479584 
        1.44995081        2.91356421        3.02192879        3.08427620        3.12049174        3.13981605        1.57305968 
        1.44411314        2.90221190        3.01209569        3.07632947        3.11436844        3.13527131        1.57114506 
        1.43810964        2.89054632        3.00193357        3.06802607        3.10787845        3.13036776        1.56905448 
        1.43195105        2.87858844        2.99145699        3.05937743        3.10103297        3.12511420        1.56679213 
        1.42564750        2.86635518        2.98068690        3.05040145        3.09384322        3.11951756        1.56436098 
        1.41920853        2.85386395        2.96963620        3.04110980        3.08632064        3.11358690        1.56176424 
        1.41264403        2.84113503        2.95832253        3.03151655        3.07847500        3.10732865        1.55900466 
        1.40596235        2.82818198        2.94675851        3.02163529        3.07031870        3.10075283        1.55608594 
        1.39917302        2.81502390        2.93496060        3.01147890        3.06186128        3.09386539        1.55301106 
        1.39228404        2.80167294        2.92294168        3.00105953        3.05311441        3.08667707        1.54978395 
        1.38530338        2.78814673        2.91071534        2.99039030        3.04408741        3.07919288        1.54640770 
        1.37823796        2.77445745        2.89829421        2.97948217        3.03479028        3.07142234        1.54288554 
        1.37109661        2.76061988        2.88569093        2.96834731        3.02523351        3.06337190        1.53922033 
        1.36388481        2.74664521        2.87291741        2.95699644        3.01542640        3.05505085        1.53541636 
        1.35661018        2.73254561        2.85998511        2.94544148        3.00537896        3.04646707        1.53147709 
        1.34927881        2.71833372        2.84690452        2.93369222        2.99510193        3.03762794        1.52740526 
        1.34189630        2.70402050        2.83368635        2.92175865        2.98460197        3.02854037        1.52320492 
        1.33446908        2.68961668        2.82033944        2.90965080        2.97389030        3.01921439        1.51887906 
        1.32700205        2.67513084        2.80687594        2.89737868        2.96297574        3.00965714        1.51443195 
        1.31950080        2.66057467        2.79330301        2.88495135        2.95186496        2.99987292        1.50986648 
        1.31197000        2.64595413        2.77962995        2.87237811        2.94056892        2.98987389        1.50518656 
        1.30441356        2.63128018        2.76586461        2.85966802        2.92909598        2.97966599        1.50039554 
        1.29683685        2.61656046        2.75201607        2.84682846        2.91745329        2.96925664        1.49549663 
        1.28924382        2.60180163        2.73809099        2.83386874        2.90564895        2.95865273        1.49049413 
        1.28163791        2.58701229        2.72409749        2.82079530        2.89369178        2.94786310        1.48539078 
        1.27402329        2.57219696        2.71004105        2.80761647        2.88158846        2.93689275        1.48019075 
        1.26640284        2.55736327        2.69593024        2.79434037        2.86934733        2.92575192        1.47489715 
        1.25878012        2.54251790        2.68177032        2.78097272        2.85697484        2.91444564        1.46951330 
        1.25115800        2.52766562        2.66756678        2.76752090        2.84447908        2.90298104        1.46404290 
        1.24353921        2.51281261        2.65332580        2.75399184        2.83186579        2.89136553        1.45848930 
        1.23592710        2.49796295        2.63905382        2.74039102        2.81914306        2.87960625        1.45285559 
        1.22832310        2.48312092        2.62475491        2.72672486        2.80631733        2.86771035        1.44714558 
        1.22073042        2.46829176        2.61043382        2.71299958        2.79339385        2.85568166        1.44136214 
        1.21315050        2.45347953        2.59609532        2.69921970        2.78037906        2.84352875        1.43550861 
        1.20558596        2.43868828        2.58174491        2.68539238        2.76728082        2.83125949        1.42958820 
        1.19803798        2.42392039        2.56738544        2.67152023        2.75410223        2.81887698        1.42360425 
        1.19050896        2.40918064        2.55302143        2.65761065        2.74085069        2.80638814        1.41755950 
        1.18299973        2.39447117        2.53865671        2.64366651        2.72753024        2.79379964        1.41145730 
        1.17551279        2.37979555        2.52429414        2.62969375        2.71414876        2.78111625        1.40530014 
        1.16804874        2.36515617        2.50993872        2.61569548        2.70070815        2.76834464        1.39909136 
        1.16060925        2.35055590        2.49559188        2.60167694        2.68721581        2.75548959        1.39283347 
        1.15319467        2.33599615        2.48125815        2.58764172        2.67367554        2.74255681        1.38652968 
        1.14580715        2.32147932        2.46693778        2.57359242        2.66009140        2.72955108        1.38018227 
        1.13844681        2.30700731        2.45263720        2.55953455        2.64646959        2.71647835        1.37379384 
        1.13111496        2.29258347        2.43835592        2.54547095        2.63281226        2.70334268        1.36736727 
        1.12381244        2.27820802        2.42409921        2.53140473        2.61912513        2.69014907        1.36090517 
        1.11653984        2.26388288        2.40986562        2.51733828        2.60541058        2.67690158        1.35440981 
        1.10929787        2.24960923        2.39565897        2.50327587        2.59167433        2.66360545        1.34788358 
        1.10208690        2.23538876        2.38148332        2.48922014        2.57791877        2.65026569        1.34132886 
        1.09490812        2.22122264        2.36733818        2.47517228        2.56414700        2.63688445        1.33474767 
        1.08776081        2.20711184        2.35322547        2.46113706        2.55036449        2.62346721        1.32814217 
        1.08064675        2.19305730        2.33914804        2.44711590        2.53657222        2.61001801        1.32151496 
        1.07356572        2.17906070        2.32510638        2.43311119        2.52277422        2.59653854        1.31486738 
        1.06651783        2.16512203        2.31110263        2.41912484        2.50897336        2.58303547        1.30820167 
        1.05950344        2.15124130        2.29713774        2.40516019        2.49517298        2.56951118        1.30152023 
        1.05252361        2.13742113        2.28321362        2.39121795        2.48137546        2.55596876        1.29482472 
        1.04557765        2.12366128        2.26933074        2.37730026        2.46758318        2.54241157        1.28811646 
        1.03866601        2.10996222        2.25549150        2.36341023        2.45379925        2.52884269        1.28139746 
        1.03178895        2.09632373        2.24169517        2.34954667        2.44002461        2.51526451        1.27466929 
        1.02494669        2.08274770        2.22794366        2.33571458        2.42626333        2.50168061        1.26793349 
        1.01813912        2.06923366        2.21423912        2.32191348        2.41251659        2.48809457        1.26119208 
        1.01136601        2.05578256        2.20058060        2.30814576        2.39878726        2.47450852        1.25444615 
        1.00462854        2.04239464        2.18697119        2.29441333        2.38507700        2.46092391        1.24769747 
        0.99792570        2.02906919        2.17340875        2.28071570        2.37138748        2.44734597        1.24094689 
        0.99125832        2.01580644        2.15989566        2.26705527        2.35772061        2.43377376        1.23419559 
        0.98462534        2.00260830        2.14643383        2.25343370        2.34407806        2.42021084        1.22744596 
        0.97802782        1.98947430        2.13302135        2.23985076        2.33046198        2.40666080        1.22069812 
        0.97146535        1.97640383        2.11966085        2.22630930        2.31687379        2.39312434        1.21395397 
        0.96493775        1.96339774        2.10635233        2.21280909        2.30331492        2.37960482        1.20721436 
        0.95844531        1.95045507        2.09309554        2.19935131        2.28978658        2.36610103        1.20048022 
        0.95198792        1.93757737        2.07989264        2.18593740        2.27629066        2.35261869        1.19375253 
        0.94556540        1.92476416        2.06674266        2.17256737        2.26282787        2.33915758        1.18703282 
        0.93917763        1.91201508        2.05364633        2.15924263        2.24939966        2.32571912        1.18032181 
        0.93282485        1.89933014        2.04060435        2.14596438        2.23600793        2.31230569        1.17362022 
        0.92650670        1.88670993        2.02761745        2.13273239        2.22265244        2.29891849        1.16692936 
        0.92022330        1.87415457        2.01468468        2.11954737        2.20933533        2.28555942        1.16024911 
        0.91397458        1.86166346        2.00180888        2.10641146        2.19605780        2.27222991        1.15358162 
        0.90776014        1.84923685        1.98898792        2.09332418        2.18282080        2.25893092        1.14692640 
        0.90158033        1.83687425        1.97622335        2.08028483        2.16962385        2.24566340        1.14028537 
        0.89543492        1.82457650        1.96351433        2.06729722        2.15646958        2.23242950        1.13365817 
        0.88932365        1.81234336        1.95086265        2.05435991        2.14335871        2.21923113        1.12704647 
        0.88324666        1.80017436        1.93826771        2.04147339        2.13029075        2.20606709        1.12045026 
        0.87720376        1.78806925        1.92573035        2.02863789        2.11726761        2.19294000        1.11387014 
        0.87119496        1.77602899        1.91324985        2.01585412        2.10428953        2.17985034        1.10730708 
        0.86521983        1.76405227        1.90082741        2.00312304        2.09135723        2.16679978        1.10076141 
        0.85927880        1.75213969        1.88846207        1.99044502        2.07847190        2.15378881        1.09423387 
        0.85337138        1.74029136        1.87615526        1.97782028        2.06563425        2.14081907        1.08772504 
        0.84749764        1.72850692        1.86390591        1.96524870        2.05284357        2.12788963        1.08123493 
        0.84165740        1.71678638        1.85171556        1.95273149        2.04010224        2.11500335        1.07476437 
        0.83585048        1.70512938        1.83958304        1.94026804        2.02740884        2.10215974        1.06831408 
        0.83007723        1.69353580        1.82750893        1.92785943        2.01476598        2.08935976        1.06188393 
        0.82433677        1.68200624        1.81549406        1.91550565        2.00217319        2.07660532        1.05547464 
        0.81862974        1.67053998        1.80353808        1.90320742        1.98962998        2.06389499        1.04908669 
        0.81295562        1.65913713        1.79164064        1.89096391        1.97713780        2.05123067        1.04272032 
        0.80731469        1.64779747        1.77980220        1.87877643        1.96469748        2.03861332        1.03637600 
        0.80170643        1.63652062        1.76802289        1.86664486        1.95230889        2.02604318        1.03005373 
        0.79613096        1.62530720        1.75630283        1.85456920        1.93997240        2.01351953        1.02375460 
        0.79058808        1.61415648        1.74464190        1.84254980        1.92768824        2.00104523        1.01747799 
        0.78507787        1.60306871        1.73304009        1.83058727        1.91545737        1.98861980        1.01122475 
        0.77960002        1.59204340        1.72149742        1.81868088        1.90327907        1.97624314        1.00499523 
        0.77415460        1.58108020        1.71001422        1.80683160        1.89115453        1.96391582        0.99878925 
        0.76874137        1.57017982        1.69859076        1.79503942        1.87908399        1.95163906        0.99260718 
        0.76336038        1.55934203        1.68722630        1.78330386        1.86706686        1.93941247        0.98645002 
        0.75801140        1.54856586        1.67592132        1.77162600        1.85510468        1.92723715        0.98031712 
        0.75269455        1.53785264        1.66467607        1.76000583        1.84319723        1.91511321        0.97420913 
        0.74740916        1.52720058        1.65349007        1.74844277        1.83134437        1.90304077        0.96812594 
        0.74215579        1.51661038        1.64236355        1.73693717        1.81954622        1.89102042        0.96206814 
        0.73693419        1.50608170        1.63129652        1.72548938        1.80780351        1.87905192        0.95603579 
        0.73174405        1.49561441        1.62028885        1.71409941        1.79611671        1.86713707        0.95002896 
        0.72658533        1.48520875        1.60934091        1.70276749        1.78448498        1.85527456        0.94404781 
        0.72145790        1.47486413        1.59845221        1.69149315        1.77290905        1.84346521        0.93809247 
        0.71636176        1.46458066        1.58762300        1.68027711        1.76138878        1.83170915        0.93216348 
        0.71129698        1.45435774        1.57685280        1.66911852        1.74992490        1.82000709        0.92626029 
        0.70626301        1.44419563        1.56614208        1.65801835        1.73851693        1.80835879        0.92038393 
        0.70126003        1.43409419        1.55549037        1.64697647        1.72716582        1.79676497        0.91453379 
        0.69628787        1.42405319        1.54489839        1.63599229        1.71587026        1.78522480        0.90871036 
        0.69134653        1.41407275        1.53436506        1.62506640        1.70463169        1.77373946        0.90291345 
        0.68643582        1.40415180        1.52389169        1.61419880        1.69344950        1.76230907        0.89714354 
        0.68155563        1.39429104        1.51347613        1.60338891        1.68232417        1.75093317        0.89140075 
        0.67670590        1.38448966        1.50312030        1.59263790        1.67125607        1.73961234        0.88568461 
        0.67188650        1.37474811        1.49282277        1.58194399        1.66024375        1.72834671        0.87999570 
        0.66709709        1.36506605        1.48258483        1.57130909        1.64928901        1.71713614        0.87433398 
        0.66233796        1.35544336        1.47240472        1.56073165        1.63839066        1.70598125        0.86869955 
        0.65760869        1.34587932        1.46228373        1.55021250        1.62754953        1.69488168        0.86309236 
        0.65290934        1.33637416        1.45222116        1.53975129        1.61676526        1.68383789        0.85751283 
        0.64823979        1.32692778        1.44221663        1.52934802        1.60603797        1.67284942        0.85196036 
        0.64359993        1.31754017        1.43227088        1.51900280        1.59536767        1.66191638        0.84643555 
        0.63898945        1.30821049        1.42238295        1.50871515        1.58475435        1.65103960        0.84093839 
        0.63440865        1.29893899        1.41255319        1.49848545        1.57419777        1.64021873        0.83546883 
        0.62985694        1.28972542        1.40278137        1.48831356        1.56369841        1.62945306        0.83002669 
        0.62533432        1.28056967        1.39306736        1.47819912        1.55325556        1.61874366        0.82461256 
        0.62084109        1.27147079        1.38341069        1.46814179        1.54286981        1.60809052        0.81922597 
        0.61637670        1.26242995        1.37381196        1.45814276        1.53254104        1.59749305        0.81386703 
        0.61194110        1.25344586        1.36427057        1.44820082        1.52226949        1.58695209        0.80853599 
        0.60753435        1.24451888        1.35478652        1.43831623        1.51205432        1.57646608        0.80323255 
        0.60315597        1.23564863        1.34535885        1.42848814        1.50189579        1.56603646        0.79795665 
        0.59880644        1.22683454        1.33598888        1.41871750        1.49179387        1.55566347        0.79270899 
        0.59448510        1.21807706        1.32667577        1.40900385        1.48174882        1.54534590        0.78748888 
        0.59019208        1.20937562        1.31741905        1.39934731        1.47176063        1.53508425        0.78229660 
        0.58592707        1.20072949        1.30821896        1.38974750        1.46182823        1.52487862        0.77713215 
        0.58169025        1.19213951        1.29907501        1.38020396        1.45195270        1.51472878        0.77199525 
        0.57748121        1.18360496        1.28998709        1.37071693        1.44213295        1.50463450        0.76688629 
        0.57329994        1.17512524        1.28095555        1.36128652        1.43236995        1.49459624        0.76180506 
        0.56914634        1.16670048        1.27197945        1.35191214        1.42266297        1.48461390        0.75675148 
        0.56502026        1.15833056        1.26305902        1.34259367        1.41301179        1.47468674        0.75172538 
        0.56092161        1.15001547        1.25419438        1.33333135        1.40341663        1.46481562        0.74672747 
        0.55685019        1.14175379        1.24538469        1.32412469        1.39387739        1.45499980        0.74175680 
        0.55280596        1.13354695        1.23663020        1.31497335        1.38439357        1.44523942        0.73681390 
        0.54878867        1.12539411        1.22793067        1.30587792        1.37496543        1.43553424        0.73189861 
        0.54479831        1.11729407        1.21928573        1.29683769        1.36559284        1.42588460        0.72701067 
        0.54083467        1.10924780        1.21069515        1.28785241        1.35627532        1.41629016        0.72215050 
        0.53689790        1.10125470        1.20215917        1.27892196        1.34701312        1.40675044        0.71731764 
        0.53298724        1.09331441        1.19367707        1.27004647        1.33780563        1.39726579        0.71251225 
        0.52910328        1.08542645        1.18524897        1.26122558        1.32865334        1.38783586        0.70773429 
        0.52524561        1.07759118        1.17687452        1.25245929        1.31955588        1.37846100        0.70298356 
        0.52141380        1.06980777        1.16855347        1.24374712        1.31051266        1.36914027        0.69826001 
        0.51760823        1.06207657        1.16028559        1.23508883        1.30152404        1.35987437        0.69356388 
        0.51382834        1.05439627        1.15207076        1.22648454        1.29258955        1.35066271        0.68889511 
        0.51007426        1.04676831        1.14390910        1.21793425        1.28370941        1.34150505        0.68425298 
        0.50634581        1.03919113        1.13579988        1.20943689        1.27488303        1.33240211        0.67963815 
        0.50264287        1.03166509        1.12774324        1.20099330        1.26611054        1.32335258        0.67505020 
        0.49896514        1.02418947        1.11973858        1.19260263        1.25739157        1.31435692        0.67048925 
        0.49531275        1.01676428        1.11178589        1.18426502        1.24872601        1.30541480        0.66595501 
        0.49168542        1.00938928        1.10388505        1.17598009        1.24011397        1.29652667        0.66144764 
        0.48808300        1.00206447        1.09603572        1.16774762        1.23155475        1.28769135        0.65696698 
        0.48450536        0.99478906        1.08823788        1.15956724        1.22304845        1.27890956        0.65251273 
        0.48095250        0.98756319        1.08049107        1.15143931        1.21459496        1.27018058        0.64808536 
        0.47742414        0.98038632        1.07279491        1.14336300        1.20619369        1.26150441        0.64368433 
        0.47392020        0.97325838        1.06514919        1.13533819        1.19784498        1.25288117        0.63930976 
        0.47044060        0.96617919        1.05755401        1.12736511        1.18954825        1.24431038        0.63496166 
        0.46698508        0.95914847        1.05000925        1.11944342        1.18130362        1.23579156        0.63063949 
        0.46355358        0.95216590        1.04251432        1.11157274        1.17311108        1.22732556        0.62634367 
        0.46014601        0.94523096        1.03506887        1.10375249        1.16496980        1.21891117        0.62207377 
        0.45676219        0.93834382        1.02767265        1.09598303        1.15687978        1.21054876        0.61782986 
        0.45340201        0.93150419        1.02032602        1.08826411        1.14884102        1.20223761        0.61361200 
        0.45006526        0.92471159        1.01302826        1.08059537        1.14085317        1.19397819        0.60941982 
        0.44675186        0.91796577        1.00577915        1.07297611        1.13291574        1.18577027        0.60525346 
        0.44346181        0.91126668        0.99857867        1.06540668        1.12502909        1.17761278        0.60111266 
        0.44019479        0.90461391        0.99142635        1.05788708        1.11719275        1.16950643        0.59699738 
        0.43695068        0.89800733        0.98432195        1.05041623        1.10940623        1.16145086        0.59290767 
        0.43372953        0.89144659        0.97726524        1.04299462        1.10166991        1.15344572        0.58884323 
        0.43053102        0.88493145        0.97025621        1.03562176        1.09398305        1.14549041        0.58480400 
        0.42735505        0.87846160        0.96329445        1.02829742        1.08634555        1.13758564        0.58078992 
        0.42420155        0.87203687        0.95637959        1.02102125        1.07875764        1.12973106        0.57680106 
        0.42107034        0.86565691        0.94951159        1.01379323        1.07121861        1.12192535        0.57283705 
        0.41796130        0.85932142        0.94269013        1.00661325        1.06372821        1.11416960        0.56889766 
        0.41487435        0.85303056        0.93591475        0.99948043        1.05628622        1.10646284        0.56498319 
        0.41180930        0.84678364        0.92918569        0.99239522        1.04889297        1.09880519        0.56109345 
        0.40876597        0.84058052        0.92250252        0.98535722        1.04154742        1.09119618        0.55722821 
        0.40574431        0.83442098        0.91586453        0.97836590        1.03424978        1.08363593        0.55338746 
        0.40274426        0.82830477        0.90927219        0.97142130        1.02699983        1.07612383        0.54957110 
        0.39976558        0.82223153        0.90272468        0.96452320        1.01979756        1.06866014        0.54577869 
        0.39680812        0.81620115        0.89622211        0.95767128        1.01264250        1.06124413        0.54201072 
        0.39387172        0.81021315        0.88976419        0.95086521        1.00553405        1.05387580        0.53826654 
        0.39095643        0.80426753        0.88335031        0.94410479        0.99847251        1.04655564        0.53454643 
        0.38806197        0.79836398        0.87698078        0.93738979        0.99145734        1.03928244        0.53085005 
        0.38518828        0.79250222        0.87065506        0.93072015        0.98448861        1.03205597        0.52717745 
        0.38233528        0.78668219        0.86437297        0.92409551        0.97756577        1.02487671        0.52352834 
        0.37950268        0.78090322        0.85813403        0.91751558        0.97068882        1.01774359        0.51990265 
        0.37669042        0.77516538        0.85193825        0.91098011        0.96385759        1.01065719        0.51630062 
        0.37389845        0.76946843        0.84578538        0.90448880        0.95707154        1.00361693        0.51272160 
        0.37112656        0.76381177        0.83967507        0.89804155        0.95033044        0.99662256        0.50916582 
        0.36837465        0.75819552        0.83360726        0.89163822        0.94363451        0.98967409        0.50563306 
        0.36564267        0.75261933        0.82758135        0.88527805        0.93698293        0.98277086        0.50212312 
        0.36293039        0.74708295        0.82159740        0.87896144        0.93037587        0.97591299        0.49863610 
        0.36023772        0.74158603        0.81565499        0.87268782        0.92381293        0.96910006        0.49517176 
        0.35756451        0.73612851        0.80975425        0.86645716        0.91729397        0.96233201        0.49173003 
        0.35491070        0.73071003        0.80389446        0.86026889        0.91081876        0.95560849        0.48831072 
        0.35227609        0.72533047        0.79807556        0.85412300        0.90438694        0.94892949        0.48491395 
        0.34966058        0.71998930        0.79229736        0.84801942        0.89799863        0.94229454        0.48153922 
        0.34706414        0.71468657        0.78655946        0.84195739        0.89165294        0.93570346        0.47818679 
        0.34448650        0.70942199        0.78086197        0.83593696        0.88535005        0.92915589        0.47485626 
        0.34192759        0.70419520        0.77520430        0.82995802        0.87908965        0.92265171        0.47154769 
        0.33938739        0.69900596        0.76958621        0.82402021        0.87287164        0.91619086        0.46826091 
        0.33686557        0.69385415        0.76400751        0.81812298        0.86669570        0.90977323        0.46499589 
        0.33436215        0.68873942        0.75846827        0.81226689        0.86056143        0.90339780        0.46175236 
        0.33187708        0.68366152        0.75296789        0.80645096        0.85446882        0.89706534        0.45853034 
        0.32941014        0.67862046        0.74750620        0.80067521        0.84841776        0.89077502        0.45532960 
        0.32696116        0.67361587        0.74208319        0.79493946        0.84240758        0.88452673        0.45215017 
        0.32453018        0.66864723        0.73669833        0.78924352        0.83643830        0.87832016        0.44899181 
        0.32211691        0.66371465        0.73135144        0.78358680        0.83050966        0.87215519        0.44585440 
        0.31972131        0.65881789        0.72604233        0.77796936        0.82462132        0.86603159        0.44273797 
        0.31734324        0.65395647        0.72077096        0.77239108        0.81877327        0.85994905        0.43964228 
        0.31498271        0.64913028        0.71553665        0.76685137        0.81296527        0.85390776        0.43656722 
        0.31263936        0.64433914        0.71033967        0.76135045        0.80719692        0.84790677        0.43351269 
        0.31031331        0.63958275        0.70517927        0.75588757        0.80146784        0.84194613        0.43047857 
        0.30800435        0.63486111        0.70005578        0.75046277        0.79577816        0.83602595        0.42746490 
        0.30571234        0.63017380        0.69496840        0.74507594        0.79012758        0.83014572        0.42447132 
        0.30343711        0.62552041        0.68991739        0.73972666        0.78451580        0.82430530        0.42149794 
        0.30117878        0.62090099        0.68490225        0.73441482        0.77894247        0.81850433        0.41854447 
        0.29893699        0.61631525        0.67992282        0.72914004        0.77340758        0.81274253        0.41561082 
        0.29671171        0.61176288        0.67497897        0.72390205        0.76791048        0.80701989        0.41269702 
        0.29450291        0.60724378        0.67007029        0.71870106        0.76245165        0.80133617        0.40980282 
        0.29231033        0.60275769        0.66519666        0.71353632        0.75703025        0.79569101        0.40692809 
        0.29013398        0.59830451        0.66035783        0.70840794        0.75164640        0.79008424        0.40407279 
        0.28797364        0.59388357        0.65555346        0.70331532        0.74629956        0.78451556        0.40123680 
        0.28582937        0.58949536        0.65078366        0.69825876        0.74098980        0.77898496        0.39842010 
        0.28370088        0.58513880        0.64604771        0.69323760        0.73571682        0.77349192        0.39562234 
        0.28158811        0.58081442        0.64134598        0.68825173        0.73048002        0.76803643        0.39284360 
        0.27949107        0.57652169        0.63667786        0.68330109        0.72527987        0.76261812        0.39008379 
        0.27740949        0.57226050        0.63204300        0.67838526        0.72011572        0.75723708        0.38734263 
        0.27534333        0.56803036        0.62744147        0.67350405        0.71498734        0.75189263        0.38462013 
        0.27329251        0.56383133        0.62287295        0.66865742        0.70989460        0.74658483        0.38191617 
        0.27125695        0.55966318        0.61833739        0.66384494        0.70483732        0.74131358        0.37923059 
        0.26923645        0.55552566        0.61383438        0.65906644        0.69981521        0.73607844        0.37656331 
        0.26723096        0.55141842        0.60936368        0.65432173        0.69482797        0.73087913        0.37391427 
        0.26524034        0.54734147        0.60492516        0.64961046        0.68987554        0.72571576        0.37128335 
        0.26326451        0.54329449        0.60051864        0.64493275        0.68495768        0.72058761        0.36867034 
        0.26130340        0.53927732        0.59614390        0.64028817        0.68007416        0.71549505        0.36607522 
        0.25935683        0.53528965        0.59180075        0.63567644        0.67522460        0.71043730        0.36349785 
        0.25742474        0.53133154        0.58748865        0.63109738        0.67040914        0.70541459        0.36093810 
        0.25550708        0.52740240        0.58320796        0.62655097        0.66562712        0.70042640        0.35839593 
        0.25360370        0.52350247        0.57895809        0.62203670        0.66087866        0.69547284        0.35587126 
        0.25171447        0.51963127        0.57473874        0.61755455        0.65616351        0.69055337        0.35336381 
        0.24983932        0.51578844        0.57055008        0.61310434        0.65148127        0.68566781        0.35087362 
        0.24797817        0.51197404        0.56639171        0.60868585        0.64683205        0.68081611        0.34840050 
        0.24613088        0.50818789        0.56226337        0.60429859        0.64221507        0.67599803        0.34594458 
        0.24429740        0.50442970        0.55816489        0.59994256        0.63763070        0.67121339        0.34350538 
        0.24247760        0.50069922        0.55409616        0.59561789        0.63307875        0.66646183        0.34108308 
        0.24067135        0.49699640        0.55005682        0.59132385        0.62855858        0.66174328        0.33867744 
        0.23887864        0.49332091        0.54604685        0.58706039        0.62407011        0.65705740        0.33628839 
        0.23709927        0.48967263        0.54206586        0.58282739        0.61961341        0.65240413        0.33391580 
        0.23533326        0.48605150        0.53811389        0.57862473        0.61518782        0.64778304        0.33155966 
        0.23358043        0.48245704        0.53419054        0.57445186        0.61079347        0.64319426        0.32921979 
        0.23184067        0.47888923        0.53029555        0.57030916        0.60643029        0.63863730        0.32689607 
        0.23011397        0.47534788        0.52642900        0.56619573        0.60209775        0.63411212        0.32458848 
        0.22840020        0.47183275        0.52259046        0.56211197        0.59779578        0.62961847        0.32229683 
        0.22669920        0.46834373        0.51877981        0.55805731        0.59352416        0.62515604        0.32002103 
        0.22501102        0.46488062        0.51499695        0.55403167        0.58928251        0.62072480        0.31776106 
        0.22333543        0.46144316        0.51124156        0.55003494        0.58507103        0.61632431        0.31551674 
        0.22167239        0.45803115        0.50751352        0.54606664        0.58088923        0.61195481        0.31328803 
        0.22002189        0.45464459        0.50381261        0.54212707        0.57673705        0.60761565        0.31107473 
        0.21838370        0.45128310        0.50013858        0.53821558        0.57261413        0.60330683        0.30887687 
        0.21675777        0.44794661        0.49649143        0.53433239        0.56852067        0.59902817        0.30669430 
        0.21514411        0.44463491        0.49287093        0.53047687        0.56445599        0.59477955        0.30452693 
        0.21354252        0.44134790        0.48927668        0.52664900        0.56042004        0.59056044        0.30237445 
        0.21195294        0.43808526        0.48570862        0.52284878        0.55641288        0.58637100        0.30023718 
        0.21037532        0.43484688        0.48216671        0.51907569        0.55243391        0.58221102        0.29811478 
        0.20880952        0.43163270        0.47865054        0.51532990        0.54848331        0.57807994        0.29600704 
        0.20725547        0.42844218        0.47516009        0.51161093        0.54456067        0.57397789        0.29391411 
        0.20571311        0.42527559        0.47169521        0.50791872        0.54066586        0.56990463        0.29183573 
        0.20418233        0.42213258        0.46825546        0.50425309        0.53679878        0.56585997        0.28977191 
        0.20266306        0.41901293        0.46484092        0.50061375        0.53295910        0.56184381        0.28772241 
        0.20115520        0.41591650        0.46145144        0.49700087        0.52914667        0.55785555        0.28568724 
        0.19965871        0.41284323        0.45808664        0.49341393        0.52536160        0.55389571        0.28366628 
        0.19817346        0.40979281        0.45474645        0.48985273        0.52160323        0.54996353        0.28165960 
        0.19669938        0.40676510        0.45143074        0.48631728        0.51787168        0.54605907        0.27966690 
        0.19523634        0.40376005        0.44813919        0.48280722        0.51416659        0.54218197        0.27768800 
        0.19378437        0.40077728        0.44487181        0.47932264        0.51048803        0.53833228        0.27572310 
        0.19234325        0.39781678        0.44162831        0.47586307        0.50683552        0.53450966        0.27377194 
        0.19091305        0.39487839        0.43840858        0.47242853        0.50320911        0.53071386        0.27183443 
        0.18949358        0.39196196        0.43521243        0.46901882        0.49960858        0.52694488        0.26991045 
        0.18808480        0.38906723        0.43203974        0.46563369        0.49603373        0.52320242        0.26800001 
        0.18668664        0.38619411        0.42889032        0.46227309        0.49248436        0.51948649        0.26610297 
        0.18529898        0.38334256        0.42576391        0.45893663        0.48896021        0.51579666        0.26421925 
        0.18392178        0.38051215        0.42266038        0.45562434        0.48546121        0.51213276        0.26234871 
        0.18255498        0.37770292        0.41957963        0.45233589        0.48198721        0.50849497        0.26049134 
        0.18119845        0.37491456        0.41652152        0.44907135        0.47853810        0.50488275        0.25864702 
        0.17985217        0.37214720        0.41348580        0.44583040        0.47511360        0.50129598        0.25681567 
        0.17851600        0.36940038        0.41047239        0.44261292        0.47171348        0.49773449        0.25499716 
        0.17718990        0.36667413        0.40748107        0.43941876        0.46833783        0.49419838        0.25319153 
        0.17587382        0.36396828        0.40451181        0.43624768        0.46498612        0.49068710        0.25139850 
        0.17456764        0.36128265        0.40156421        0.43309951        0.46165851        0.48720083        0.24961811 
        0.17327131        0.35861698        0.39863819        0.42997408        0.45835465        0.48373914        0.24785033 
        0.17198476        0.35597134        0.39573377        0.42687142        0.45507446        0.48030189        0.24609488 
        0.17070791        0.35334548        0.39285076        0.42379114        0.45181763        0.47688904        0.24435189 
        0.16944070        0.35073918        0.38998878        0.42073324        0.44858426        0.47350043        0.24262117 
        0.16818301        0.34815249        0.38714793        0.41769752        0.44537398        0.47013569        0.24090263 
        0.16693485        0.34558499        0.38432789        0.41468376        0.44218668        0.46679488        0.23919620 
        0.16569607        0.34303677        0.38152859        0.41169178        0.43902215        0.46347764        0.23750177 
        0.16446665        0.34050766        0.37874988        0.40872160        0.43588042        0.46018404        0.23581932 
        0.16324648        0.33799735        0.37599161        0.40577301        0.43276119        0.45691371        0.23414876 
        0.16203554        0.33550590        0.37325352        0.40284559        0.42966416        0.45366663        0.23248999 
        0.16083373        0.33303308        0.37053570        0.39993954        0.42658943        0.45044255        0.23084295 
        0.15964097        0.33057871        0.36783773        0.39705452        0.42353678        0.44724134        0.22920747 
        0.15845720        0.32814273        0.36515969        0.39419055        0.42050597        0.44406292        0.22758360 
        0.15728241        0.32572493        0.36250138        0.39134735        0.41749695        0.44090700        0.22597119 
        0.15611647        0.32332525        0.35986251        0.38852465        0.41450942        0.43777335        0.22437015 
        0.15495931        0.32094356        0.35724315        0.38572255        0.41154337        0.43466213        0.22278048 
        0.15381090        0.31857967        0.35464299        0.38294077        0.40859872        0.43157297        0.22120200 
        0.15267113        0.31623349        0.35206196        0.38017914        0.40567502        0.42850581        0.21963471 
        0.15153998        0.31390482        0.34949997        0.37743768        0.40277246        0.42546037        0.21807851 
