                  0.00000000                  0.00000000                  0.00000000                  0.00000000                  0.00000000                  0.00000000                  0.00000000                  0.00000000                  0.00000000                  0.00000000 
                  0.00000000                  0.00000000                  0.00000000                  0.00000000                  0.00000000 
                  0.00000000                  0.00000000                  0.00000000                  0.00000000                  0.00000000 
                  0.00000000                  0.00000000                  0.00000000                  0.00000000                  0.00000000 
                  0.00000000                  0.00000000                  0.00000000                  0.00000000                  0.00000000 
                  0.00000000                  0.00000000                  0.00000000                  0.00000000                  0.00000000 
                  0.00000000                  0.00000000                  0.00000000                  0.00000000                  0.00000000 
                  0.00000000                  0.00000000                  0.00000000                  0.00000000                  0.00000000 
                  0.00000000                  0.00000000                  0.00000000                  0.00000000                  0.00000000 
                  0.00000000                  0.00000000                  0.00000000                  0.00000000                  0.00000000 
                  0.00000000                  0.00000000                  0.00000000                  0.00000000                  0.00000000 
                  0.00000000                  0.00000000                  0.00000000                  0.00000000                  0.00000000 
                  0.00000000                  0.00000000                  0.00000000                  0.00000000                  0.00000000 
                  0.00000000                  0.00000000                  0.00000000                  0.00000000                  0.00000000 
                  0.00000000                  0.00000000                  0.00000000                  0.00000000                  0.00000000 
                  0.00000000                  0.00000000                  0.00000000                  0.00000000                  0.00000000 
                  0.00000000                  0.00000000                  0.00000000                  0.00000000                  0.00000000 
                  0.00000000                  0.00000000                  0.00000000                  0.00000000                  0.00000000 
                  0.00000000                  0.00000000                  0.00000000                  0.00000000                  0.00000000 
                  0.00000000                  0.00000000                  0.00000000                  0.00000000                  0.00000000 
                  0.00000000                  0.00000000                  0.00000000                  0.00000000                  0.00000000 
                  0.00000000                  0.00000000                  0.00000000                  0.00000000                  0.00000000 
                  0.00000000                  0.00000000                  0.00000000                  0.00000000                  0.00000000 
                  0.00000000                  0.00000000                  0.00000000                  0.00000000                  0.00000000 
                  0.00000000                  0.00000000                  0.00000000                  0.00000000                  0.00000000 
                  0.00000000                  0.00000000                  0.00000000                  0.00000000                  0.00000000 
                  0.00000000                  0.00000000                  0.00000000                  0.00000000                  0.00000000 
                  0.00000000                  0.00000000                  0.00000000                  0.00000000                  0.00000000 
                  0.00000000                  0.00000000                  0.00000000                  0.00000000                  0.00000000 
                  0.00000000                  0.00000000                  0.00000000                  0.00000000                  0.00000000 
                  0.00000000                  0.00000000                  0.00000000                  0.00000000                  0.00000000 
                  0.00000000                  0.00000000                  0.00000000                  0.00000000                  0.00000000 
                  0.00000000                  0.00000000                  0.00000000                  0.00000000                  0.00000000 
                  0.00000000                  0.00000000                  0.00000000                  0.00000000                  0.00000000 
                  0.00000000                  0.00000000                  0.00000000                  0.00000000                  0.00000000 
                  0.00000000                  0.00000000                  0.00000000                  0.00000000                  0.00000000 
                  0.00000000                  0.00000000                  0.00000000                  0.00000000                  0.00000000 
                  0.00000000                  0.00000000                  0.00000000                  0.00000000                  0.00000000 
                  0.00000000                  0.00000000                  0.00000000                  0.00000000                  0.00000000 
                  0.00000000                  0.00000000                  0.00000000                  0.00000000                  0.00000000 
                  0.00000000                  0.00000000                  0.00000000                  0.00000000                  0.00000000 
                  0.00000000                  0.00000000                  0.00000000                  0.00000000                  0.00000000 
                  0.00000000                  0.00000000                  0.00000000                  0.00000000                  0.00000000 
                  0.00000000                  0.00000000                  0.00000000                  0.00000000                  0.00000000 
                  0.00000000                  0.00000000                  0.00000000                  0.00000000                  0.00000000 
                  0.00000000                  0.00000000                  0.00000000                  0.00000000                  0.00000000 
                  0.00000000                  0.00000000                  0.00000000                  0.00000000                  0.00000000 
                  0.00000000                  0.00000000                  0.00000000                  0.00000000                  0.00000000 
                  0.00000000                  0.00000000                  0.00000000                  0.00000000                  0.00000000 
                  0.00000000                  0.00000000                  0.00000000                  0.00000000                  0.00000000 
                  0.00000000                  0.00000000                  0.00000000                  0.00000000                  0.00000000 
                  0.00000001                  0.00000001                  0.00000001                  0.00000000                  0.00000000 
                  0.00000001                  0.00000001                  0.00000001                  0.00000000                  0.00000000 
                  0.00000001                  0.00000001                  0.00000001                  0.00000001                  0.00000001 
                  0.00000001                  0.00000001                  0.00000001                  0.00000001                  0.00000001 
                  0.00000002                  0.00000001                  0.00000001                  0.00000001                  0.00000001 
                  0.00000002                  0.00000002                  0.00000002                  0.00000001                  0.00000001 
                  0.00000002                  0.00000002                  0.00000002                  0.00000001                  0.00000001 
                  0.00000003                  0.00000003                  0.00000003                  0.00000002                  0.00000002 
                  0.00000004                  0.00000004                  0.00000004                  0.00000002                  0.00000002 
                  0.00000005                  0.00000005                  0.00000005                  0.00000003                  0.00000003 
                  0.00000006                  0.00000006                  0.00000006                  0.00000004                  0.00000004 
                  0.00000007                  0.00000007                  0.00000007                  0.00000004                  0.00000004 
                  0.00000009                  0.00000009                  0.00000009                  0.00000006                  0.00000005 
                  0.00000011                  0.00000011                  0.00000011                  0.00000007                  0.00000007 
                  0.00000014                  0.00000013                  0.00000013                  0.00000008                  0.00000008 
                  0.00000017                  0.00000017                  0.00000017                  0.00000010                  0.00000010 
                  0.00000021                  0.00000021                  0.00000020                  0.00000013                  0.00000013 
                  0.00000026                  0.00000025                  0.00000025                  0.00000016                  0.00000016 
                  0.00000031                  0.00000031                  0.00000031                  0.00000020                  0.00000019 
                  0.00000039                  0.00000038                  0.00000038                  0.00000024                  0.00000024 
                  0.00000047                  0.00000047                  0.00000047                  0.00000029                  0.00000029 
                  0.00000058                  0.00000057                  0.00000057                  0.00000036                  0.00000036 
                  0.00000071                  0.00000070                  0.00000070                  0.00000044                  0.00000043 
                  0.00000086                  0.00000086                  0.00000085                  0.00000054                  0.00000053 
                  0.00000105                  0.00000105                  0.00000104                  0.00000065                  0.00000065 
                  0.00000128                  0.00000127                  0.00000126                  0.00000080                  0.00000079 
                  0.00000156                  0.00000155                  0.00000154                  0.00000097                  0.00000096 
                  0.00000189                  0.00000188                  0.00000186                  0.00000117                  0.00000116 
                  0.00000229                  0.00000227                  0.00000226                  0.00000142                  0.00000140 
                  0.00000277                  0.00000275                  0.00000273                  0.00000172                  0.00000170 
                  0.00000335                  0.00000332                  0.00000330                  0.00000208                  0.00000205 
                  0.00000404                  0.00000401                  0.00000398                  0.00000251                  0.00000247 
                  0.00000487                  0.00000483                  0.00000479                  0.00000302                  0.00000298 
                  0.00000585                  0.00000581                  0.00000577                  0.00000363                  0.00000358 
                  0.00000703                  0.00000697                  0.00000692                  0.00000436                  0.00000430 
                  0.00000843                  0.00000836                  0.00000830                  0.00000522                  0.00000516 
                  0.00001009                  0.00001001                  0.00000994                  0.00000625                  0.00000617 
                  0.00001206                  0.00001196                  0.00001188                  0.00000748                  0.00000738 
                  0.00001440                  0.00001428                  0.00001418                  0.00000892                  0.00000880 
                  0.00001716                  0.00001702                  0.00001690                  0.00001064                  0.00001049 
                  0.00002042                  0.00002026                  0.00002011                  0.00001266                  0.00001248 
                  0.00002427                  0.00002407                  0.00002389                  0.00001504                  0.00001483 
                  0.00002880                  0.00002856                  0.00002835                  0.00001784                  0.00001760 
                  0.00003413                  0.00003384                  0.00003358                  0.00002114                  0.00002085 
                  0.00004037                  0.00004004                  0.00003973                  0.00002501                  0.00002466 
                  0.00004769                  0.00004730                  0.00004693                  0.00002954                  0.00002913 
                  0.00005626                  0.00005579                  0.00005534                  0.00003484                  0.00003435 
                  0.00006626                  0.00006570                  0.00006518                  0.00004103                  0.00004045 
                  0.00007793                  0.00007727                  0.00007664                  0.00004825                  0.00004756 
                  0.00009151                  0.00009074                  0.00008999                  0.00005666                  0.00005584 
                  0.00010731                  0.00010639                  0.00010551                  0.00006643                  0.00006547 
                  0.00012564                  0.00012456                  0.00012351                  0.00007777                  0.00007664 
                  0.00014688                  0.00014562                  0.00014438                  0.00009091                  0.00008959 
                  0.00017146                  0.00016998                  0.00016852                  0.00010612                  0.00010456 
                  0.00019986                  0.00019813                  0.00019641                  0.00012369                  0.00012186 
                  0.00023262                  0.00023059                  0.00022857                  0.00014394                  0.00014181 
                  0.00027034                  0.00026798                  0.00026560                  0.00016727                  0.00016478 
                  0.00031372                  0.00031096                  0.00030818                  0.00019410                  0.00019119 
                  0.00036351                  0.00036031                  0.00035705                  0.00022489                  0.00022150 
                  0.00042059                  0.00041687                  0.00041306                  0.00026018                  0.00025624 
                  0.00048591                  0.00048159                  0.00047714                  0.00030057                  0.00029599 
                  0.00056054                  0.00055554                  0.00055036                  0.00034671                  0.00034140 
                  0.00064568                  0.00063990                  0.00063387                  0.00039935                  0.00039320 
                  0.00074266                  0.00073599                  0.00072898                  0.00045930                  0.00045220 
                  0.00085294                  0.00084524                  0.00083712                  0.00052747                  0.00051927 
                  0.00097815                  0.00096929                  0.00095989                  0.00060487                  0.00059542 
                  0.00112009                  0.00110990                  0.00109904                  0.00069260                  0.00068173 
                  0.00128073                  0.00126904                  0.00125650                  0.00079189                  0.00077941 
                  0.00146226                  0.00144886                  0.00143441                  0.00090409                  0.00088977 
                  0.00166706                  0.00165172                  0.00163510                  0.00103067                  0.00101426 
                  0.00189775                  0.00188022                  0.00186113                  0.00117324                  0.00115448 
                  0.00215718                  0.00213718                  0.00211529                  0.00133358                  0.00131216 
                  0.00244847                  0.00242569                  0.00240063                  0.00151360                  0.00148918 
                  0.00277502                  0.00274911                  0.00272045                  0.00171541                  0.00168761 
                  0.00314051                  0.00311107                  0.00307837                  0.00194128                  0.00190969 
                  0.00354892                  0.00351553                  0.00347827                  0.00219368                  0.00215782 
                  0.00400457                  0.00396676                  0.00392435                  0.00247528                  0.00243463 
                  0.00451210                  0.00446934                  0.00442117                  0.00278893                  0.00274294 
                  0.00507652                  0.00502824                  0.00497360                  0.00313775                  0.00308579 
                  0.00570318                  0.00564875                  0.00558687                  0.00352504                  0.00346643 
                  0.00639784                  0.00633656                  0.00626660                  0.00395436                  0.00388834 
                  0.00716663                  0.00709775                  0.00701877                  0.00442952                  0.00435526 
                  0.00801609                  0.00793878                  0.00784975                  0.00495454                  0.00487114 
                  0.00895317                  0.00886652                  0.00876633                  0.00553373                  0.00544022 
                  0.00998522                  0.00988825                  0.00977567                  0.00617166                  0.00606696 
                  0.01112002                  0.01101168                  0.01088537                  0.00687313                  0.00675608 
                  0.01236578                  0.01224490                  0.01210341                  0.00764323                  0.00751256 
                  0.01373111                  0.01359645                  0.01343820                  0.00848729                  0.00834165 
                  0.01522506                  0.01507525                  0.01489853                  0.00941092                  0.00924883 
                  0.01685705                  0.01669066                  0.01649362                  0.01041997                  0.01023985 
                  0.01863693                  0.01845238                  0.01823302                  0.01152054                  0.01132068 
                  0.02057490                  0.02037052                  0.02012669                  0.01271896                  0.01249753 
                  0.02268153                  0.02245551                  0.02218491                  0.01402179                  0.01377682 
                  0.02496771                  0.02471814                  0.02441828                  0.01543580                  0.01516520 
                  0.02744463                  0.02716947                  0.02683770                  0.01696794                  0.01666947 
                  0.03012375                  0.02982083                  0.02945432                  0.01862533                  0.01829662 
                  0.03301675                  0.03268376                  0.03227949                  0.02041524                  0.02005377 
                  0.03613548                  0.03576997                  0.03532474                  0.02234505                  0.02194814 
                  0.03949193                  0.03909131                  0.03860173                  0.02442222                  0.02398705 
                  0.04309813                  0.04265969                  0.04212215                  0.02665427                  0.02617786 
                  0.04696614                  0.04648699                  0.04589771                  0.02904871                  0.02852792 
                  0.05110791                  0.05058507                  0.04994006                  0.03161301                  0.03104457 
                  0.05553529                  0.05496562                  0.05426069                  0.03435461                  0.03373506 
                  0.06025991                  0.05964011                  0.05887087                  0.03728075                  0.03660651 
                  0.06529305                  0.06461972                  0.06378158                  0.04039855                  0.03966588 
                  0.07064565                  0.06991524                  0.06900341                  0.04371485                  0.04291987 
                  0.07632811                  0.07553693                  0.07454646                  0.04723624                  0.04637492 
                  0.08235027                  0.08149455                  0.08042026                  0.05096892                  0.05003711 
                  0.08872129                  0.08779710                  0.08663370                  0.05491869                  0.05391212 
                  0.09544952                  0.09445285                  0.09319484                  0.05909088                  0.05800515 
                  0.10254242                  0.10146916                  0.10011092                  0.06349026                  0.06232087 
                  0.11000644                  0.10885242                  0.10738818                  0.06812102                  0.06686337 
                  0.11784697                  0.11660788                  0.11503178                  0.07298663                  0.07163605 
                  0.12606810                  0.12473965                  0.12304568                  0.07808985                  0.07664162 
                  0.13467267                  0.13325050                  0.13143261                  0.08343261                  0.08188196 
                  0.14366210                  0.14214179                  0.14019383                  0.08901603                  0.08735814 
                  0.15303624                  0.15141338                  0.14932922                  0.09484022                  0.09307029 
                  0.16279337                  0.16106358                  0.15883707                  0.10090436                  0.09901756 
                  0.17293006                  0.17108896                  0.16871391                  0.10720657                  0.10519813 
                  0.18344110                  0.18148439                  0.17895468                  0.11374385                  0.11160907 
                  0.19431941                  0.19224283                  0.18955249                  0.12051209                  0.11824634 
                  0.20555604                  0.20335543                  0.20049848                  0.12750599                  0.12510471 
                  0.21713997                  0.21481133                  0.21178204                  0.13471906                  0.13217786 
                  0.22905833                  0.22659774                  0.22339049                  0.14214352                  0.13945812 
                  0.24129605                  0.23869978                  0.23530921                  0.14977030                  0.14693668 
                  0.25383607                  0.25110060                  0.24752153                  0.15758912                  0.15460344 
                  0.26665920                  0.26378122                  0.26000887                  0.16558841                  0.16244705 
                  0.27974430                  0.27672070                  0.27275053                  0.17375527                  0.17045490 
                  0.29306814                  0.28989610                  0.28572389                  0.18207559                  0.17861316 
                  0.30660549                  0.30328253                  0.29890448                  0.19053397                  0.18690675 
                  0.32032913                  0.31685308                  0.31226581                  0.19911380                  0.19531944 
                  0.33421001                  0.33057901                  0.32577968                  0.20779735                  0.20383382 
                  0.34821737                  0.34442988                  0.33941615                  0.21656567                  0.21243140 
                  0.36231872                  0.35837361                  0.35314360                  0.22539887                  0.22109267 
                  0.37647998                  0.37237650                  0.36692888                  0.23427600                  0.22979712 
                  0.39066562                  0.38640356                  0.38073760                  0.24317519                  0.23852335 
                  0.40483892                  0.40041834                  0.39453393                  0.25207379                  0.24724917 
                  0.41896194                  0.41438347                  0.40828112                  0.26094836                  0.25595170 
                  0.43299586                  0.42826051                  0.42194134                  0.26977491                  0.26460737 
                  0.44690099                  0.44201034                  0.43547621                  0.27852887                  0.27319220 
                  0.46063715                  0.45559317                  0.44884658                  0.28718525                  0.28168172 
                  0.47416374                  0.46896893                  0.46201313                  0.29571894                  0.29005131 
                  0.48744005                  0.48209739                  0.47493625                  0.30410457                  0.29827613 
                  0.50042540                  0.49493831                  0.48757645                  0.31231683                  0.30633137 
                  0.51307923                  0.50745177                  0.49989444                  0.32033038                  0.31419235 
                  0.52536178                  0.51959825                  0.51185149                  0.32812029                  0.32183462 
                  0.53723371                  0.53133905                  0.52340949                  0.33566201                  0.32923406 
                  0.54865670                  0.54263628                  0.53453135                  0.34293145                  0.33636713 
                  0.55959368                  0.55345333                  0.54518092                  0.34990531                  0.34321094 
                  0.57000887                  0.56375480                  0.55532348                  0.35656095                  0.34974349 
                  0.57986814                  0.57350695                  0.56492579                  0.36287674                  0.35594350 
                  0.58913893                  0.58267760                  0.57395643                  0.36883217                  0.36179084 
                  0.59779078                  0.59123677                  0.58238578                  0.37440777                  0.36726648 
                  0.60579544                  0.59915644                  0.59018642                  0.37958547                  0.37235263 
                  0.61312687                  0.60641086                  0.59733295                  0.38434857                  0.37703294 
                  0.61976153                  0.61297667                  0.60380244                  0.38868171                  0.38129243 
                  0.62567824                  0.61883324                  0.60957456                  0.39257133                  0.38511777 
                  0.63085890                  0.62396228                  0.61463159                  0.39600536                  0.38849705 
                  0.63528794                  0.62834865                  0.61895835                  0.39897346                  0.39142019 
                  0.63895267                  0.63197976                  0.62254256                  0.40146714                  0.39387870 
                  0.64184344                  0.63484609                  0.62537479                  0.40347964                  0.39586598 
                  0.64395350                  0.63694090                  0.62744844                  0.40500602                  0.39737722 
                  0.64527923                  0.63826048                  0.62875986                  0.40604326                  0.39840934 
                  0.64581984                  0.63880420                  0.62930828                  0.40659016                  0.39896113 
                  0.64557767                  0.63857424                  0.62909597                  0.40664735                  0.39903322 
                  0.64455795                  0.63757575                  0.62812781                  0.40621728                  0.39862797 
                  0.64276868                  0.63581669                  0.62641168                  0.40530434                  0.39774948 
                  0.64022094                  0.63330775                  0.62395787                  0.40391457                  0.39640367 
                  0.63692820                  0.63006246                  0.62077987                  0.40205571                  0.39459804 
                  0.63290679                  0.62609684                  0.61689317                  0.39973721                  0.39234182 
                  0.62817550                  0.62142938                  0.61231607                  0.39697006                  0.38964573 
                  0.62275547                  0.61608094                  0.60706896                  0.39376664                  0.38652188 
                  0.61667001                  0.61007452                  0.60117429                  0.39014095                  0.38298380 
                  0.60994446                  0.60343516                  0.59465665                  0.38610819                  0.37904641 
                  0.60260606                  0.59618980                  0.58754241                  0.38168475                  0.37472567 
                  0.59468377                  0.58836699                  0.57985967                  0.37688819                  0.37003866 
                  0.58620811                  0.57999665                  0.57163781                  0.37173694                  0.36500353 
                  0.57721072                  0.57111037                  0.56290770                  0.36625043                  0.35963911 
                  0.56772470                  0.56174052                  0.55370122                  0.36044878                  0.35396516 
                  0.55778378                  0.55192053                  0.54405117                  0.35435277                  0.34800196 
                  0.54742265                  0.54168457                  0.53399110                  0.34798372                  0.34177029 
                  0.53667641                  0.53106743                  0.52355504                  0.34136319                  0.33529133 
                  0.52558059                  0.52010405                  0.51277745                  0.33451331                  0.32858658 
                  0.51417077                  0.50882983                  0.50169289                  0.32745606                  0.32167771 
                  0.50248283                  0.49727991                  0.49033600                  0.32021374                  0.31458640 
                  0.49055213                  0.48548940                  0.47874117                  0.31280842                  0.30733433 
                  0.47841382                  0.47349298                  0.46694261                  0.30526209                  0.29994297 
                  0.46610260                  0.46132490                  0.45497400                  0.29759645                  0.29243359 
                  0.45365244                  0.44901878                  0.44286826                  0.28983277                  0.28482708 
                  0.44109657                  0.43660742                  0.43065766                  0.28199196                  0.27714396 
                  0.42846727                  0.42412272                  0.41837355                  0.27409446                  0.26940411 
                  0.41579580                  0.41159564                  0.40604636                  0.26616004                  0.26162696 
                  0.40311229                  0.39905590                  0.39370537                  0.25820774                  0.25383121 
                  0.39044556                  0.38653204                  0.38137868                  0.25025600                  0.24603492 
                  0.37782326                  0.37405133                  0.36909309                  0.24232237                  0.23825534 
                  0.36527154                  0.36163968                  0.35687411                  0.23442359                  0.23050888 
                  0.35281521                  0.34932163                  0.34474593                  0.22657561                  0.22281116 
                  0.34047750                  0.33712021                  0.33273119                  0.21879338                  0.21517693 
                  0.32828015                  0.32505691                  0.32085106                  0.21109097                  0.20761999 
                  0.31624344                  0.31315172                  0.30912530                  0.20348153                  0.20015326 
                  0.30438605                  0.30142316                  0.29757223                  0.19597718                  0.19278869 
                  0.29272503                  0.28988814                  0.28620848                  0.18858916                  0.18553731 
                  0.28127599                  0.27856210                  0.27504933                  0.18132773                  0.17840922 
                  0.27005291                  0.26745895                  0.26410848                  0.17420217                  0.17141356 
                  0.25906831                  0.25659114                  0.25339824                  0.16722082                  0.16455859 
                  0.24833329                  0.24596956                  0.24292943                  0.16039112                  0.15785164 
                  0.23785743                  0.23560376                  0.23271149                  0.15371957                  0.15129915 
                  0.22764894                  0.22550191                  0.22275251                  0.14721182                  0.14490671 
                  0.21771467                  0.21567081                  0.21305931                  0.14087269                  0.13867909 
                  0.20806018                  0.20611599                  0.20363736                  0.13470614                  0.13262022 
                  0.19868980                  0.19684179                  0.19449103                  0.12871535                  0.12673326 
                  0.18960670                  0.18785138                  0.18562347                  0.12290275                  0.12102067 
                  0.18081290                  0.17914678                  0.17703679                  0.11727006                  0.11548419 
                  0.17230940                  0.17072901                  0.16873205                  0.11181834                  0.11012486 
                  0.16409621                  0.16259813                  0.16070937                  0.10654795                  0.10494319 
                  0.15617244                  0.15475325                  0.15296797                  0.10145877                  0.09993900 
                  0.14853632                  0.14719273                  0.14550626                  0.09655005                  0.09511166 
                  0.14118536                  0.13991408                  0.13832189                  0.09182054                  0.09045999 
                  0.13411628                  0.13291413                  0.13141179                  0.08726853                  0.08598234 
                  0.12732521                  0.12618907                  0.12477225                  0.08289190                  0.08167665 
                  0.12080769                  0.11973450                  0.11839902                  0.07868811                  0.07754052 
                  0.11455873                  0.11354553                  0.11228733                  0.07465428                  0.07357113 
                  0.10857289                  0.10761679                  0.10643195                  0.07078724                  0.06976540 
                  0.10284429                  0.10194252                  0.10082725                  0.06708351                  0.06611998 
                  0.09736677                  0.09651662                  0.09546726                  0.06353940                  0.06263126 
                  0.09213379                  0.09133268                  0.09034574                  0.06015101                  0.05929545 
                  0.08713865                  0.08638407                  0.08545618                  0.05691425                  0.05610856 
                  0.08237441                  0.08166393                  0.08079185                  0.05382491                  0.05306647 
                  0.07783397                  0.07716528                  0.07634593                  0.05087863                  0.05016496 
                  0.07351013                  0.07288103                  0.07211144                  0.04807100                  0.04739968 
                  0.06939563                  0.06880397                  0.06808134                  0.04539753                  0.04476627 
                  0.06548316                  0.06492690                  0.06424853                  0.04285369                  0.04226029 
                  0.06176539                  0.06124258                  0.06060592                  0.04043491                  0.03987727 
                  0.05823502                  0.05774380                  0.05714643                  0.03813666                  0.03761277 
                  0.05488480                  0.05442339                  0.05386301                  0.03595439                  0.03546236 
                  0.05170757                  0.05127428                  0.05074870                  0.03388361                  0.03342161 
                  0.04869624                  0.04828947                  0.04779661                  0.03191987                  0.03148618 
                  0.04584385                  0.04546208                  0.04499999                  0.03005877                  0.02965175 
                  0.04314358                  0.04278534                  0.04235215                  0.02829600                  0.02791409 
                  0.04058871                  0.04025264                  0.03984661                  0.02662732                  0.02626905 
                  0.03817274                  0.03785753                  0.03747701                  0.02504859                  0.02471257 
                  0.03588930                  0.03559371                  0.03523714                  0.02355577                  0.02324066 
                  0.03373221                  0.03345507                  0.03312096                  0.02214492                  0.02184947 
                  0.03169545                  0.03143566                  0.03112263                  0.02081220                  0.02053524 
                  0.02977322                  0.02952973                  0.02923648                  0.01955391                  0.01929430 
                  0.02795989                  0.02773172                  0.02745702                  0.01836643                  0.01812314 
                  0.02625005                  0.02603627                  0.02577896                  0.01724631                  0.01701833 
                  0.02463845                  0.02443819                  0.02419718                  0.01619017                  0.01597657 
                  0.02312009                  0.02293251                  0.02270679                  0.01519478                  0.01499469 
                  0.02169011                  0.02151443                  0.02130304                  0.01425703                  0.01406961 
                  0.02034388                  0.02017937                  0.01998141                  0.01337394                  0.01319840 
                  0.01907697                  0.01892293                  0.01873755                  0.01254262                  0.01237823 
                  0.01788509                  0.01774089                  0.01756729                  0.01176034                  0.01160640 
                  0.01676420                  0.01662921                  0.01646666                  0.01102445                  0.01088031 
                  0.01571041                  0.01558405                  0.01543185                  0.01033245                  0.01019750 
                  0.01472000                  0.01460174                  0.01445924                  0.00968192                  0.00955558 
                  0.01378945                  0.01367878                  0.01354536                  0.00907057                  0.00895231 
                  0.01291538                  0.01281183                  0.01268692                  0.00849623                  0.00838553 
                  0.01209461                  0.01199772                  0.01188078                  0.00795680                  0.00785319 
                  0.01132408                  0.01123343                  0.01112397                  0.00745030                  0.00735334 
                  0.01060090                  0.01051611                  0.01041364                  0.00697486                  0.00688412 
                  0.00992235                  0.00984303                  0.00974711                  0.00652868                  0.00644377 
                  0.00928580                  0.00921162                  0.00912183                  0.00611007                  0.00603063 
                  0.00868881                  0.00861943                  0.00853539                  0.00571743                  0.00564309 
                  0.00812904                  0.00806415                  0.00798550                  0.00534922                  0.00527968 
                  0.00760427                  0.00754359                  0.00746999                  0.00500400                  0.00493894 
                  0.00711242                  0.00705569                  0.00698680                  0.00468041                  0.00461955 
                  0.00665152                  0.00659848                  0.00653402                  0.00437715                  0.00432023 
                  0.00621971                  0.00617012                  0.00610980                  0.00409301                  0.00403977 
                  0.00581521                  0.00576886                  0.00571242                  0.00382683                  0.00377704 
                  0.00543638                  0.00539305                  0.00534024                  0.00357752                  0.00353096 
                  0.00508164                  0.00504114                  0.00499173                  0.00334406                  0.00330052 
                  0.00474952                  0.00471167                  0.00466544                  0.00312547                  0.00308476 
                  0.00443862                  0.00440325                  0.00436000                  0.00292084                  0.00288278 
                  0.00414763                  0.00411458                  0.00407413                  0.00272932                  0.00269373 
                  0.00387532                  0.00384444                  0.00380660                  0.00255008                  0.00251681 
                  0.00362053                  0.00359168                  0.00355629                  0.00238237                  0.00235127 
                  0.00338216                  0.00335520                  0.00332211                  0.00222547                  0.00219640 
                  0.00315918                  0.00313400                  0.00310305                  0.00207870                  0.00205153 
                  0.00295064                  0.00292712                  0.00289817                  0.00194143                  0.00191603 
                  0.00275561                  0.00273364                  0.00270658                  0.00181306                  0.00178932 
                  0.00257325                  0.00255273                  0.00252742                  0.00169302                  0.00167084 
                  0.00240275                  0.00238358                  0.00235993                  0.00158080                  0.00156007 
                  0.00224336                  0.00222546                  0.00220335                  0.00147588                  0.00145652 
                  0.00209437                  0.00207766                  0.00205699                  0.00137782                  0.00135973 
                  0.00195512                  0.00193952                  0.00192020                  0.00128617                  0.00126927 
                  0.00182499                  0.00181042                  0.00179236                  0.00120052                  0.00118473 
                  0.00170339                  0.00168979                  0.00167291                  0.00112049                  0.00110574 
                  0.00158978                  0.00157708                  0.00156131                  0.00104572                  0.00103194 
                  0.00148363                  0.00147178                  0.00145704                  0.00097586                  0.00096299 
                  0.00138447                  0.00137341                  0.00135964                  0.00091061                  0.00089859 
                  0.00129186                  0.00128153                  0.00126867                  0.00084966                  0.00083843 
                  0.00120535                  0.00119571                  0.00118370                  0.00079273                  0.00078225 
                  0.00112456                  0.00111557                  0.00110434                  0.00073957                  0.00072978 
                  0.00104912                  0.00104073                  0.00103024                  0.00068993                  0.00068079 
                  0.00097868                  0.00097085                  0.00096105                  0.00064358                  0.00063505 
                  0.00091291                  0.00090560                  0.00089645                  0.00060030                  0.00059234 
                  0.00085150                  0.00084469                  0.00083615                  0.00055991                  0.00055247 
                  0.00079418                  0.00078782                  0.00077985                  0.00052219                  0.00051525 
                  0.00074068                  0.00073474                  0.00072730                  0.00048699                  0.00048052 
                  0.00069073                  0.00068520                  0.00067825                  0.00045414                  0.00044809 
                  0.00064412                  0.00063896                  0.00063247                  0.00042348                  0.00041783 
                  0.00060062                  0.00059581                  0.00058975                  0.00039486                  0.00038960 
                  0.00056003                  0.00055554                  0.00054989                  0.00036816                  0.00036325 
                  0.00052215                  0.00051797                  0.00051269                  0.00034325                  0.00033866 
                  0.00048681                  0.00048291                  0.00047798                  0.00032001                  0.00031573 
                  0.00045384                  0.00045020                  0.00044560                  0.00029832                  0.00029433 
                  0.00042308                  0.00041968                  0.00041539                  0.00027809                  0.00027437 
                  0.00039438                  0.00039122                  0.00038721                  0.00025922                  0.00025574 
                  0.00036762                  0.00036466                  0.00036093                  0.00024161                  0.00023837 
                  0.00034265                  0.00033989                  0.00033641                  0.00022520                  0.00022217 
                  0.00031936                  0.00031679                  0.00031354                  0.00020988                  0.00020706 
                  0.00029764                  0.00029525                  0.00029221                  0.00019560                  0.00019297 
                  0.00027739                  0.00027516                  0.00027233                  0.00018229                  0.00017983 
                  0.00025850                  0.00025642                  0.00025378                  0.00016987                  0.00016758 
                  0.00024089                  0.00023895                  0.00023649                  0.00015829                  0.00015616 
                  0.00022446                  0.00022266                  0.00022036                  0.00014749                  0.00014550 
                  0.00020915                  0.00020747                  0.00020533                  0.00013743                  0.00013557 
                  0.00019488                  0.00019331                  0.00019131                  0.00012804                  0.00012631 
                  0.00018157                  0.00018010                  0.00017824                  0.00011929                  0.00011768 
                  0.00016916                  0.00016780                  0.00016606                  0.00011114                  0.00010963 
                  0.00015759                  0.00015632                  0.00015470                  0.00010354                  0.00010213 
                  0.00014681                  0.00014563                  0.00014412                  0.00009645                  0.00009514 
                  0.00013676                  0.00013566                  0.00013425                  0.00008984                  0.00008863 
                  0.00012740                  0.00012637                  0.00012506                  0.00008369                  0.00008255 
                  0.00011867                  0.00011771                  0.00011649                  0.00007795                  0.00007689 
                  0.00011053                  0.00010964                  0.00010850                  0.00007261                  0.00007162 
                  0.00010295                  0.00010212                  0.00010106                  0.00006762                  0.00006671 
                  0.00009589                  0.00009511                  0.00009412                  0.00006298                  0.00006213 
                  0.00008930                  0.00008858                  0.00008766                  0.00005866                  0.00005786 
                  0.00008317                  0.00008250                  0.00008164                  0.00005463                  0.00005388 
                  0.00007745                  0.00007683                  0.00007603                  0.00005087                  0.00005018 
                  0.00007213                  0.00007155                  0.00007080                  0.00004737                  0.00004673 
                  0.00006717                  0.00006662                  0.00006593                  0.00004411                  0.00004351 
                  0.00006254                  0.00006204                  0.00006139                  0.00004107                  0.00004051 
                  0.00005824                  0.00005777                  0.00005716                  0.00003825                  0.00003772 
                  0.00005423                  0.00005379                  0.00005322                  0.00003561                  0.00003512 
                  0.00005049                  0.00005008                  0.00004956                  0.00003315                  0.00003270 
                  0.00004701                  0.00004663                  0.00004614                  0.00003087                  0.00003045 
                  0.00004377                  0.00004341                  0.00004296                  0.00002874                  0.00002835 
                  0.00004075                  0.00004042                  0.00003999                  0.00002676                  0.00002639 
                  0.00003793                  0.00003763                  0.00003723                  0.00002491                  0.00002457 
                  0.00003531                  0.00003503                  0.00003466                  0.00002319                  0.00002287 
                  0.00003287                  0.00003261                  0.00003227                  0.00002158                  0.00002129 
                  0.00003060                  0.00003036                  0.00003004                  0.00002009                  0.00001982 
                  0.00002849                  0.00002826                  0.00002796                  0.00001870                  0.00001845 
                  0.00002652                  0.00002630                  0.00002602                  0.00001741                  0.00001717 
                  0.00002468                  0.00002448                  0.00002422                  0.00001620                  0.00001598 
                  0.00002297                  0.00002279                  0.00002255                  0.00001508                  0.00001487 
                  0.00002138                  0.00002121                  0.00002099                  0.00001404                  0.00001384 
                  0.00001990                  0.00001974                  0.00001953                  0.00001306                  0.00001288 
                  0.00001852                  0.00001837                  0.00001818                  0.00001216                  0.00001199 
                  0.00001724                  0.00001710                  0.00001692                  0.00001132                  0.00001116 
                  0.00001604                  0.00001591                  0.00001574                  0.00001053                  0.00001039 
                  0.00001493                  0.00001481                  0.00001465                  0.00000980                  0.00000967 
                  0.00001389                  0.00001378                  0.00001364                  0.00000912                  0.00000899 
                  0.00001293                  0.00001282                  0.00001269                  0.00000849                  0.00000837 
                  0.00001203                  0.00001193                  0.00001181                  0.00000790                  0.00000779 
                  0.00001120                  0.00001111                  0.00001099                  0.00000735                  0.00000725 
                  0.00001042                  0.00001033                  0.00001022                  0.00000684                  0.00000674 
                  0.00000969                  0.00000962                  0.00000951                  0.00000636                  0.00000627 
                  0.00000902                  0.00000895                  0.00000885                  0.00000592                  0.00000584 
                  0.00000839                  0.00000832                  0.00000824                  0.00000551                  0.00000543 
                  0.00000781                  0.00000775                  0.00000766                  0.00000512                  0.00000505 
                  0.00000727                  0.00000721                  0.00000713                  0.00000477                  0.00000470 
                  0.00000676                  0.00000670                  0.00000663                  0.00000444                  0.00000437 
                  0.00000629                  0.00000624                  0.00000617                  0.00000413                  0.00000407 
                  0.00000585                  0.00000580                  0.00000574                  0.00000384                  0.00000379 
                  0.00000544                  0.00000540                  0.00000534                  0.00000357                  0.00000352 
                  0.00000506                  0.00000502                  0.00000497                  0.00000332                  0.00000328 
                  0.00000471                  0.00000467                  0.00000462                  0.00000309                  0.00000305 
                  0.00000438                  0.00000435                  0.00000430                  0.00000288                  0.00000284 
                  0.00000408                  0.00000404                  0.00000400                  0.00000268                  0.00000264 
                  0.00000379                  0.00000376                  0.00000372                  0.00000249                  0.00000245 
                  0.00000353                  0.00000350                  0.00000346                  0.00000231                  0.00000228 
                  0.00000328                  0.00000325                  0.00000322                  0.00000215                  0.00000212 
                  0.00000305                  0.00000303                  0.00000299                  0.00000200                  0.00000197 
                  0.00000284                  0.00000282                  0.00000279                  0.00000186                  0.00000184 
                  0.00000264                  0.00000262                  0.00000259                  0.00000173                  0.00000171 
                  0.00000246                  0.00000244                  0.00000241                  0.00000161                  0.00000159 
                  0.00000228                  0.00000227                  0.00000224                  0.00000150                  0.00000148 
                  0.00000212                  0.00000211                  0.00000208                  0.00000139                  0.00000137 
                  0.00000198                  0.00000196                  0.00000194                  0.00000130                  0.00000128 
                  0.00000184                  0.00000182                  0.00000180                  0.00000121                  0.00000119 
                  0.00000171                  0.00000170                  0.00000168                  0.00000112                  0.00000111 
                  0.00000159                  0.00000158                  0.00000156                  0.00000104                  0.00000103 
                  0.00000148                  0.00000147                  0.00000145                  0.00000097                  0.00000096 
                  0.00000137                  0.00000136                  0.00000135                  0.00000090                  0.00000089 
                  0.00000128                  0.00000127                  0.00000125                  0.00000084                  0.00000083 
                  0.00000119                  0.00000118                  0.00000117                  0.00000078                  0.00000077 
                  0.00000111                  0.00000110                  0.00000108                  0.00000073                  0.00000072 
                  0.00000103                  0.00000102                  0.00000101                  0.00000067                  0.00000067 
                  0.00000096                  0.00000095                  0.00000094                  0.00000063                  0.00000062 
                  0.00000089                  0.00000088                  0.00000087                  0.00000058                  0.00000058 
                  0.00000083                  0.00000082                  0.00000081                  0.00000054                  0.00000053 
                  0.00000077                  0.00000076                  0.00000075                  0.00000050                  0.00000050 
                  0.00000071                  0.00000071                  0.00000070                  0.00000047                  0.00000046 
                  0.00000066                  0.00000066                  0.00000065                  0.00000044                  0.00000043 
                  0.00000062                  0.00000061                  0.00000061                  0.00000041                  0.00000040 
                  0.00000057                  0.00000057                  0.00000056                  0.00000038                  0.00000037 
                  0.00000053                  0.00000053                  0.00000052                  0.00000035                  0.00000035 
                  0.00000050                  0.00000049                  0.00000049                  0.00000033                  0.00000032 
                  0.00000046                  0.00000046                  0.00000045                  0.00000030                  0.00000030 
                  0.00000043                  0.00000043                  0.00000042                  0.00000028                  0.00000028 
                  0.00000040                  0.00000040                  0.00000039                  0.00000026                  0.00000026 
                  0.00000037                  0.00000037                  0.00000036                  0.00000024                  0.00000024 
                  0.00000035                  0.00000034                  0.00000034                  0.00000023                  0.00000022 
                  0.00000032                  0.00000032                  0.00000031                  0.00000021                  0.00000021 
                  0.00000030                  0.00000030                  0.00000029                  0.00000020                  0.00000019 
                  0.00000028                  0.00000028                  0.00000027                  0.00000018                  0.00000018 
                  0.00000026                  0.00000026                  0.00000025                  0.00000017                  0.00000017 
                  0.00000024                  0.00000024                  0.00000024                  0.00000016                  0.00000015 
                  0.00000022                  0.00000022                  0.00000022                  0.00000015                  0.00000014 
                  0.00000021                  0.00000021                  0.00000020                  0.00000014                  0.00000013 
                  0.00000019                  0.00000019                  0.00000019                  0.00000013                  0.00000012 
                  0.00000018                  0.00000018                  0.00000018                  0.00000012                  0.00000012 
                  0.00000017                  0.00000017                  0.00000016                  0.00000011                  0.00000011 
                  0.00000015                  0.00000015                  0.00000015                  0.00000010                  0.00000010 
                  0.00000014                  0.00000014                  0.00000014                  0.00000009                  0.00000009 
                  0.00000013                  0.00000013                  0.00000013                  0.00000009                  0.00000009 
                  0.00000012                  0.00000012                  0.00000012                  0.00000008                  0.00000008 
                  0.00000012                  0.00000011                  0.00000011                  0.00000008                  0.00000007 
                  0.00000011                  0.00000011                  0.00000011                  0.00000007                  0.00000007 
                  0.00000010                  0.00000010                  0.00000010                  0.00000007                  0.00000006 
                  0.00000009                  0.00000009                  0.00000009                  0.00000006                  0.00000006 
                  0.00000009                  0.00000009                  0.00000008                  0.00000006                  0.00000006 
                  0.00000008                  0.00000008                  0.00000008                  0.00000005                  0.00000005 
                  0.00000007                  0.00000007                  0.00000007                  0.00000005                  0.00000005 
                  0.00000007                  0.00000007                  0.00000007                  0.00000005                  0.00000004 
                  0.00000006                  0.00000006                  0.00000006                  0.00000004                  0.00000004 
                  0.00000006                  0.00000006                  0.00000006                  0.00000004                  0.00000004 
                  0.00000006                  0.00000006                  0.00000005                  0.00000004                  0.00000004 
                  0.00000005                  0.00000005                  0.00000005                  0.00000003                  0.00000003 
                  0.00000005                  0.00000005                  0.00000005                  0.00000003                  0.00000003 
                  0.00000004                  0.00000004                  0.00000004                  0.00000003                  0.00000003 
                  0.00000004                  0.00000004                  0.00000004                  0.00000003                  0.00000003 
                  0.00000004                  0.00000004                  0.00000004                  0.00000003                  0.00000002 
                  0.00000004                  0.00000004                  0.00000004                  0.00000002                  0.00000002 
                  0.00000003                  0.00000003                  0.00000003                  0.00000002                  0.00000002 
                  0.00000003                  0.00000003                  0.00000003                  0.00000002                  0.00000002 
                  0.00000003                  0.00000003                  0.00000003                  0.00000002                  0.00000002 
                  0.00000003                  0.00000003                  0.00000003                  0.00000002                  0.00000002 
                  0.00000002                  0.00000002                  0.00000002                  0.00000002                  0.00000002 
                  0.00000002                  0.00000002                  0.00000002                  0.00000002                  0.00000001 
                  0.00000002                  0.00000002                  0.00000002                  0.00000001                  0.00000001 
                  0.00000002                  0.00000002                  0.00000002                  0.00000001                  0.00000001 
                  0.00000002                  0.00000002                  0.00000002                  0.00000001                  0.00000001 
                  0.00000002                  0.00000002                  0.00000002                  0.00000001                  0.00000001 
                  0.00000002                  0.00000002                  0.00000002                  0.00000001                  0.00000001 
                  0.00000001                  0.00000001                  0.00000001                  0.00000001                  0.00000001 
                  0.00000001                  0.00000001                  0.00000001                  0.00000001                  0.00000001 
                  0.00000001                  0.00000001                  0.00000001                  0.00000001                  0.00000001 
                  0.00000001                  0.00000001                  0.00000001                  0.00000001                  0.00000001 
                  0.00000001                  0.00000001                  0.00000001                  0.00000001                  0.00000001 
                  0.00000001                  0.00000001                  0.00000001                  0.00000001                  0.00000001 
                  0.00000001                  0.00000001                  0.00000001                  0.00000001                  0.00000001 
                  0.00000001                  0.00000001                  0.00000001                  0.00000001                  0.00000001 
                  0.00000001                  0.00000001                  0.00000001                  0.00000001                  0.00000001 
                  0.00000001                  0.00000001                  0.00000001                  0.00000001                  0.00000000 
                  0.00000001                  0.00000001                  0.00000001                  0.00000000                  0.00000000 
                  0.00000001                  0.00000001                  0.00000001                  0.00000000                  0.00000000 
                  0.00000001                  0.00000001                  0.00000001                  0.00000000                  0.00000000 
                  0.00000001                  0.00000001                  0.00000001                  0.00000000                  0.00000000 
                  0.00000001                  0.00000001                  0.00000001                  0.00000000                  0.00000000 
                  0.00000000                  0.00000000                  0.00000000                  0.00000000                  0.00000000 
                  0.00000000                  0.00000000                  0.00000000                  0.00000000                  0.00000000 
                  0.00000000                  0.00000000                  0.00000000                  0.00000000                  0.00000000 
                  0.00000000                  0.00000000                  0.00000000                  0.00000000                  0.00000000 
                  0.00000000                  0.00000000                  0.00000000                  0.00000000                  0.00000000 
                  0.00000000                  0.00000000                  0.00000000                  0.00000000                  0.00000000 
                  0.00000000                  0.00000000                  0.00000000                  0.00000000                  0.00000000 
                  0.00000000                  0.00000000                  0.00000000                  0.00000000                  0.00000000 
                  0.00000000                  0.00000000                  0.00000000                  0.00000000                  0.00000000 
                  0.00000000                  0.00000000                  0.00000000                  0.00000000                  0.00000000 
                  0.00000000                  0.00000000                  0.00000000                  0.00000000                  0.00000000 
                  0.00000000                  0.00000000                  0.00000000                  0.00000000                  0.00000000 
                  0.00000000                  0.00000000                  0.00000000                  0.00000000                  0.00000000 
                  0.00000000                  0.00000000                  0.00000000                  0.00000000                  0.00000000 
                  0.00000000                  0.00000000                  0.00000000                  0.00000000                  0.00000000 
                  0.00000000                  0.00000000                  0.00000000                  0.00000000                  0.00000000 
                  0.00000000                  0.00000000                  0.00000000                  0.00000000                  0.00000000 
                  0.00000000                  0.00000000                  0.00000000                  0.00000000                  0.00000000 
                  0.00000000                  0.00000000                  0.00000000                  0.00000000                  0.00000000 
                  0.00000000                  0.00000000                  0.00000000                  0.00000000                  0.00000000 
                  0.00000000                  0.00000000                  0.00000000                  0.00000000                  0.00000000 
                  0.00000000                  0.00000000                  0.00000000                  0.00000000                  0.00000000 
                  0.00000000                  0.00000000                  0.00000000                  0.00000000                  0.00000000 
                  0.00000000                  0.00000000                  0.00000000                  0.00000000                  0.00000000 
                  0.00000000                  0.00000000                  0.00000000                  0.00000000                  0.00000000 
                  0.00000000                  0.00000000                  0.00000000                  0.00000000                  0.00000000 
                  0.00000000                  0.00000000                  0.00000000                  0.00000000                  0.00000000 
                  0.00000000                  0.00000000                  0.00000000                  0.00000000                  0.00000000 
                  0.00000000                  0.00000000                  0.00000000                  0.00000000                  0.00000000 
                  0.00000000                  0.00000000                  0.00000000                  0.00000000                  0.00000000 
                  0.00000000                  0.00000000                  0.00000000                  0.00000000                  0.00000000 
                  0.00000000                  0.00000000                  0.00000000                  0.00000000                  0.00000000 
                  0.00000000                  0.00000000                  0.00000000                  0.00000000                  0.00000000 
                  0.00000000                  0.00000000                  0.00000000                  0.00000000                  0.00000000 
                  0.00000000                  0.00000000                  0.00000000                  0.00000000                  0.00000000 
                  0.00000000                  0.00000000                  0.00000000                  0.00000000                  0.00000000 
                  0.00000000                  0.00000000                  0.00000000                  0.00000000                  0.00000000 
                  0.00000000                  0.00000000                  0.00000000                  0.00000000                  0.00000000 
                  0.00000000                  0.00000000                  0.00000000                  0.00000000                  0.00000000 
                  0.00000000                  0.00000000                  0.00000000                  0.00000000                  0.00000000 
                  0.00000000                  0.00000000                  0.00000000                  0.00000000                  0.00000000 
                  0.00000000                  0.00000000                  0.00000000                  0.00000000                  0.00000000 
                  0.00000000                  0.00000000                  0.00000000                  0.00000000                  0.00000000 
                  0.00000000                  0.00000000                  0.00000000                  0.00000000                  0.00000000 
                  0.00000000                  0.00000000                  0.00000000                  0.00000000                  0.00000000 
                  0.00000000                  0.00000000                  0.00000000                  0.00000000                  0.00000000 
                  0.00000000                  0.00000000                  0.00000000                  0.00000000                  0.00000000 
                  0.00000000                  0.00000000                  0.00000000                  0.00000000                  0.00000000 
                  0.00000000                  0.00000000                  0.00000000                  0.00000000                  0.00000000 
                  0.00000000                  0.00000000                  0.00000000                  0.00000000                  0.00000000 
                  0.00000000                  0.00000000                  0.00000000                  0.00000000                  0.00000000 
                  0.00000000                  0.00000000                  0.00000000                  0.00000000                  0.00000000 
                  0.00000000                  0.00000000                  0.00000000                  0.00000000                  0.00000000 
                  0.00000000                  0.00000000                  0.00000000                  0.00000000                  0.00000000 
                  0.00000000                  0.00000000                  0.00000000                  0.00000000                  0.00000000 
                  0.00000000                  0.00000000                  0.00000000                  0.00000000                  0.00000000 
                  0.00000000                  0.00000000                  0.00000000                  0.00000000                  0.00000000 
                  0.00000000                  0.00000000                  0.00000000                  0.00000000                  0.00000000 
                  0.00000000                  0.00000000                  0.00000000                  0.00000000                  0.00000000 
                  0.00000000                  0.00000000                  0.00000000                  0.00000000                  0.00000000 
                  0.00000000                  0.00000000                  0.00000000                  0.00000000                  0.00000000 
                  0.00000000                  0.00000000                  0.00000000                  0.00000000                  0.00000000 
                  0.00000000                  0.00000000                  0.00000000                  0.00000000                  0.00000000 
                  0.00000000                  0.00000000                  0.00000000                  0.00000000                  0.00000000 
                  0.00000000                  0.00000000                  0.00000000                  0.00000000                  0.00000000 
                  0.00000000                  0.00000000                  0.00000000                  0.00000000                  0.00000000 
                  0.00000000                  0.00000000                  0.00000000                  0.00000000                  0.00000000 
                  0.00000000                  0.00000000                  0.00000000                  0.00000000                  0.00000000 
                  0.00000000                  0.00000000                  0.00000000                  0.00000000                  0.00000000 
                  0.00000000                  0.00000000                  0.00000000                  0.00000000                  0.00000000 
                  0.00000000                  0.00000000                  0.00000000                  0.00000000                  0.00000000 
                  0.00000000                  0.00000000                  0.00000000                  0.00000000                  0.00000000 
                  0.00000000                  0.00000000                  0.00000000                  0.00000000                  0.00000000 
                  0.00000000                  0.00000000                  0.00000000                  0.00000000                  0.00000000 
                  0.00000000                  0.00000000                  0.00000000                  0.00000000                  0.00000000 
                  0.00000000                  0.00000000                  0.00000000                  0.00000000                  0.00000000 
                  0.00000000                  0.00000000                  0.00000000                  0.00000000                  0.00000000 
                  0.00000000                  0.00000000                  0.00000000                  0.00000000                  0.00000000 
                  0.00000000                  0.00000000                  0.00000000                  0.00000000                  0.00000000 
                  0.00000000                  0.00000000                  0.00000000                  0.00000000                  0.00000000 
                  0.00000000                  0.00000000                  0.00000000                  0.00000000                  0.00000000 
                  0.00000000                  0.00000000                  0.00000000                  0.00000000                  0.00000000 
                  0.00000000                  0.00000000                  0.00000000                  0.00000000                  0.00000000 
                  0.00000000                  0.00000000                  0.00000000                  0.00000000                  0.00000000 
                  0.00000000                  0.00000000                  0.00000000                  0.00000000                  0.00000000 
