        0.00000000        0.00000000        0.00000000        0.00000000        0.00000000        0.00000000 
        0.00000000        0.00000000        0.00000000        0.00000000        0.00000000        0.00000000 
        0.00000000        0.00000000        0.00000000        0.00000000        0.00000000        0.00000000 
        0.00000000        0.00000000        0.00000000        0.00000000        0.00000000        0.00000000 
        0.00000000        0.00000000        0.00000000        0.00000000        0.00000000        0.00000000 
        0.00000000        0.00000000        0.00000000        0.00000000        0.00000000        0.00000000 
        0.00000000        0.00000000        0.00000000        0.00000000        0.00000000        0.00000000 
        0.00000000        0.00000000        0.00000000        0.00000000        0.00000000        0.00000000 
        0.00000000        0.00000000        0.00000000        0.00000000        0.00000000        0.00000000 
        0.00000000        0.00000000        0.00000000        0.00000000        0.00000000        0.00000000 
        0.00000000        0.00000000        0.00000000        0.00000000        0.00000000        0.00000000 
        0.00000000        0.00000000        0.00000000        0.00000000        0.00000000        0.00000000 
        0.00000000        0.00000000        0.00000000        0.00000000        0.00000000        0.00000000 
        0.00000000        0.00000000        0.00000000        0.00000000        0.00000000        0.00000000 
        0.00000000        0.00000000        0.00000000        0.00000000        0.00000000        0.00000000 
        0.00000000        0.00000000        0.00000000        0.00000000        0.00000000        0.00000000 
        0.00000000        0.00000000        0.00000000        0.00000000        0.00000000        0.00000000 
        0.00000000        0.00000000        0.00000000        0.00000000        0.00000000        0.00000000 
        0.00000000        0.00000000        0.00000000        0.00000000        0.00000000        0.00000000 
        0.00000000        0.00000000        0.00000000        0.00000000        0.00000000        0.00000000 
        0.00000000        0.00000000        0.00000000        0.00000000        0.00000000        0.00000000 
        0.00000000        0.00000000        0.00000000        0.00000000        0.00000000        0.00000000 
        0.00000000        0.00000000        0.00000000        0.00000000        0.00000000        0.00000000 
        0.00000000        0.00000000        0.00000000        0.00000000        0.00000000        0.00000000 
        0.00000000        0.00000000        0.00000000        0.00000000        0.00000000        0.00000000 
        0.00000000        0.00000000        0.00000000        0.00000000        0.00000000        0.00000000 
        0.00000000        0.00000000        0.00000000        0.00000000        0.00000000        0.00000000 
        0.00000000        0.00000000        0.00000000        0.00000000        0.00000000        0.00000000 
        0.00000000        0.00000000        0.00000000        0.00000000        0.00000000        0.00000000 
        0.00000000        0.00000000        0.00000000        0.00000000        0.00000000        0.00000000 
        0.00000000        0.00000000        0.00000000        0.00000000        0.00000000        0.00000000 
        0.00000000        0.00000000        0.00000000        0.00000000        0.00000000        0.00000000 
        0.00000000        0.00000000        0.00000000        0.00000000        0.00000000        0.00000000 
        0.00000000        0.00000000        0.00000000        0.00000000        0.00000000        0.00000000 
        0.00000000        0.00000000        0.00000000        0.00000000        0.00000000        0.00000000 
        0.00000000        0.00000000        0.00000000        0.00000000        0.00000000        0.00000000 
        0.00000000        0.00000000        0.00000000        0.00000000        0.00000000        0.00000000 
        0.00000000        0.00000000        0.00000000       -0.00000000        0.00000000        0.00000000 
        0.00000000        0.00000000       -0.00000000        0.00000000        0.00000000        0.00000000 
        0.00000000       -0.00000000        0.00000000       -0.00000000       -0.00000000        0.00000000 
        0.00000000        0.00000000       -0.00000000        0.00000000        0.00000000       -0.00000000 
        0.00000000       -0.00000000        0.00000000        0.00000000       -0.00000000        0.00000000 
       -0.00000000       -0.00000000        0.00000000        0.00000000       -0.00000000       -0.00000000 
       -0.00000000       -0.00000000        0.00000000        0.00000000       -0.00000000       -0.00000000 
       -0.00000000       -0.00000000        0.00000000        0.00000000       -0.00000000       -0.00000000 
       -0.00000000       -0.00000000        0.00000000        0.00000000       -0.00000000       -0.00000000 
       -0.00000000       -0.00000000       -0.00000000        0.00000000       -0.00000000       -0.00000000 
       -0.00000000       -0.00000000       -0.00000000        0.00000000       -0.00000000       -0.00000000 
       -0.00000000       -0.00000000       -0.00000000        0.00000000       -0.00000000       -0.00000000 
       -0.00000000       -0.00000000       -0.00000000        0.00000000       -0.00000000       -0.00000000 
       -0.00000000       -0.00000000       -0.00000000        0.00000000       -0.00000000       -0.00000000 
       -0.00000000       -0.00000000       -0.00000000        0.00000000       -0.00000000       -0.00000000 
       -0.00000000       -0.00000000       -0.00000000        0.00000000       -0.00000000       -0.00000000 
       -0.00000000       -0.00000000       -0.00000000        0.00000000       -0.00000000       -0.00000000 
       -0.00000000       -0.00000000       -0.00000000        0.00000000       -0.00000000       -0.00000000 
       -0.00000000       -0.00000000       -0.00000000        0.00000000       -0.00000000       -0.00000000 
       -0.00000000       -0.00000000       -0.00000000        0.00000000       -0.00000000       -0.00000000 
       -0.00000000       -0.00000000       -0.00000000        0.00000000       -0.00000000       -0.00000000 
       -0.00000000       -0.00000000       -0.00000000        0.00000000       -0.00000000       -0.00000000 
       -0.00000000       -0.00000000       -0.00000000        0.00000000       -0.00000000       -0.00000000 
       -0.00000000       -0.00000000       -0.00000000        0.00000000       -0.00000000       -0.00000000 
       -0.00000000       -0.00000000       -0.00000000        0.00000000       -0.00000000       -0.00000000 
       -0.00000000       -0.00000000       -0.00000000        0.00000000       -0.00000000       -0.00000000 
       -0.00000000       -0.00000000       -0.00000000        0.00000000       -0.00000000       -0.00000000 
       -0.00000000       -0.00000000       -0.00000000        0.00000000       -0.00000000       -0.00000000 
       -0.00000000       -0.00000000       -0.00000000        0.00000000       -0.00000000       -0.00000000 
       -0.00000000       -0.00000000       -0.00000000        0.00000000       -0.00000000       -0.00000000 
       -0.00000000       -0.00000000       -0.00000000        0.00000000       -0.00000000       -0.00000000 
       -0.00000000       -0.00000000       -0.00000000        0.00000000       -0.00000000       -0.00000000 
       -0.00000000       -0.00000000       -0.00000000        0.00000000       -0.00000000       -0.00000000 
       -0.00000000       -0.00000000       -0.00000000        0.00000000       -0.00000000       -0.00000000 
       -0.00000000       -0.00000000       -0.00000000        0.00000000       -0.00000000       -0.00000000 
       -0.00000000       -0.00000000       -0.00000000        0.00000000       -0.00000000       -0.00000000 
       -0.00000000       -0.00000000       -0.00000000        0.00000000       -0.00000000       -0.00000000 
       -0.00000000       -0.00000000       -0.00000000        0.00000000       -0.00000000       -0.00000000 
       -0.00000000       -0.00000000       -0.00000000        0.00000000       -0.00000000       -0.00000000 
       -0.00000000       -0.00000000       -0.00000000        0.00000000       -0.00000000       -0.00000000 
       -0.00000000       -0.00000000       -0.00000000        0.00000000       -0.00000000       -0.00000000 
       -0.00000000       -0.00000000       -0.00000000        0.00000000       -0.00000000       -0.00000000 
       -0.00000000       -0.00000000       -0.00000000        0.00000000       -0.00000000       -0.00000000 
       -0.00000000       -0.00000000       -0.00000000        0.00000000       -0.00000000       -0.00000000 
       -0.00000000       -0.00000000       -0.00000000        0.00000000       -0.00000000       -0.00000000 
       -0.00000000       -0.00000000       -0.00000000        0.00000000       -0.00000000       -0.00000000 
       -0.00000000       -0.00000000       -0.00000000        0.00000000       -0.00000000       -0.00000000 
       -0.00000000       -0.00000000       -0.00000000        0.00000000       -0.00000000       -0.00000000 
       -0.00000000       -0.00000000       -0.00000000        0.00000000       -0.00000000       -0.00000000 
       -0.00000000       -0.00000000       -0.00000000        0.00000000       -0.00000000       -0.00000000 
       -0.00000000       -0.00000000       -0.00000000        0.00000000       -0.00000000       -0.00000000 
       -0.00000000       -0.00000000       -0.00000000        0.00000000       -0.00000000       -0.00000000 
       -0.00000000       -0.00000000       -0.00000000        0.00000000       -0.00000000       -0.00000000 
       -0.00000000       -0.00000000       -0.00000000        0.00000000       -0.00000000       -0.00000000 
       -0.00000000       -0.00000000       -0.00000000        0.00000000        0.00000000       -0.00000000 
       -0.00000000       -0.00000000       -0.00000000        0.00000000        0.00000000       -0.00000000 
       -0.00000000       -0.00000000       -0.00000000        0.00000000        0.00000000       -0.00000000 
       -0.00000000       -0.00000000       -0.00000000        0.00000000        0.00000000       -0.00000000 
       -0.00000000       -0.00000000       -0.00000000        0.00000000        0.00000000       -0.00000000 
       -0.00000000       -0.00000000       -0.00000000        0.00000000        0.00000000       -0.00000000 
       -0.00000000       -0.00000000       -0.00000000        0.00000000        0.00000000       -0.00000000 
       -0.00000000       -0.00000000       -0.00000000        0.00000000        0.00000000       -0.00000000 
       -0.00000000       -0.00000000       -0.00000000        0.00000000        0.00000000       -0.00000000 
       -0.00000000       -0.00000000       -0.00000000        0.00000000        0.00000000       -0.00000000 
       -0.00000000       -0.00000000       -0.00000000        0.00000000        0.00000000       -0.00000000 
       -0.00000000       -0.00000000       -0.00000000        0.00000000        0.00000000       -0.00000000 
       -0.00000000       -0.00000000       -0.00000000        0.00000000        0.00000000       -0.00000000 
       -0.00000000       -0.00000000       -0.00000000        0.00000000        0.00000000       -0.00000000 
       -0.00000000       -0.00000000       -0.00000000        0.00000000        0.00000000       -0.00000000 
       -0.00000000       -0.00000000       -0.00000000        0.00000000        0.00000000       -0.00000000 
       -0.00000000       -0.00000000       -0.00000000        0.00000000        0.00000000       -0.00000000 
       -0.00000000       -0.00000000       -0.00000000        0.00000000        0.00000000       -0.00000000 
       -0.00000000       -0.00000000       -0.00000000        0.00000000        0.00000000       -0.00000000 
       -0.00000000       -0.00000000       -0.00000000        0.00000000        0.00000000       -0.00000000 
       -0.00000000       -0.00000000       -0.00000000        0.00000000        0.00000000       -0.00000000 
       -0.00000000       -0.00000000       -0.00000000        0.00000000        0.00000000       -0.00000000 
       -0.00000000       -0.00000000       -0.00000000        0.00000000        0.00000000       -0.00000000 
       -0.00000000       -0.00000000       -0.00000000        0.00000000        0.00000000       -0.00000000 
       -0.00000000       -0.00000000       -0.00000000        0.00000000        0.00000000       -0.00000000 
       -0.00000000       -0.00000000       -0.00000000        0.00000000        0.00000000       -0.00000000 
       -0.00000000       -0.00000000       -0.00000000        0.00000000        0.00000000       -0.00000000 
       -0.00000000       -0.00000000       -0.00000000        0.00000000        0.00000000        0.00000000 
       -0.00000000       -0.00000000       -0.00000000        0.00000000        0.00000000        0.00000000 
       -0.00000000       -0.00000000       -0.00000000        0.00000000        0.00000000        0.00000000 
       -0.00000000       -0.00000000       -0.00000000        0.00000000        0.00000000        0.00000000 
       -0.00000000       -0.00000000       -0.00000000        0.00000000        0.00000000        0.00000000 
       -0.00000000       -0.00000000       -0.00000000        0.00000000        0.00000000        0.00000000 
       -0.00000000       -0.00000000       -0.00000000        0.00000000        0.00000000        0.00000000 
       -0.00000000       -0.00000000       -0.00000000        0.00000000        0.00000000        0.00000000 
       -0.00000000       -0.00000000       -0.00000000        0.00000000        0.00000000        0.00000000 
       -0.00000000       -0.00000000       -0.00000000        0.00000000        0.00000000        0.00000000 
       -0.00000000       -0.00000000       -0.00000000        0.00000000        0.00000000        0.00000000 
       -0.00000000       -0.00000000       -0.00000000        0.00000000        0.00000000        0.00000000 
       -0.00000000       -0.00000000       -0.00000001        0.00000001        0.00000000        0.00000000 
       -0.00000000       -0.00000000       -0.00000001        0.00000001        0.00000000        0.00000000 
       -0.00000000       -0.00000000       -0.00000001        0.00000002        0.00000000        0.00000000 
       -0.00000000       -0.00000001       -0.00000002        0.00000003        0.00000000        0.00000000 
       -0.00000000       -0.00000001       -0.00000004        0.00000004        0.00000001        0.00000000 
       -0.00000001       -0.00000002       -0.00000005        0.00000006        0.00000001        0.00000000 
       -0.00000001       -0.00000002       -0.00000008        0.00000009        0.00000002        0.00000000 
       -0.00000001       -0.00000004       -0.00000013        0.00000014        0.00000003        0.00000001 
       -0.00000002       -0.00000006       -0.00000019        0.00000021        0.00000004        0.00000001 
       -0.00000003       -0.00000008       -0.00000029        0.00000032        0.00000006        0.00000002 
       -0.00000005       -0.00000013       -0.00000044        0.00000048        0.00000009        0.00000003 
       -0.00000007       -0.00000019       -0.00000065        0.00000071        0.00000014        0.00000005 
       -0.00000011       -0.00000029       -0.00000096        0.00000105        0.00000022        0.00000007 
       -0.00000016       -0.00000043       -0.00000141        0.00000154        0.00000033        0.00000011 
       -0.00000025       -0.00000063       -0.00000206        0.00000225        0.00000049        0.00000016 
       -0.00000037       -0.00000092       -0.00000300        0.00000326        0.00000072        0.00000025 
       -0.00000055       -0.00000134       -0.00000433        0.00000470        0.00000106        0.00000038 
       -0.00000080       -0.00000194       -0.00000622        0.00000674        0.00000156        0.00000056 
       -0.00000118       -0.00000280       -0.00000888        0.00000960        0.00000227        0.00000083 
       -0.00000172       -0.00000401       -0.00001260        0.00001360        0.00000328        0.00000123 
       -0.00000249       -0.00000570       -0.00001777        0.00001914        0.00000471        0.00000179 
       -0.00000358       -0.00000807       -0.00002492        0.00002680        0.00000672        0.00000261 
       -0.00000512       -0.00001135       -0.00003473        0.00003728        0.00000954        0.00000377 
       -0.00000727       -0.00001588       -0.00004812        0.00005157        0.00001345        0.00000540 
       -0.00001028       -0.00002208       -0.00006628        0.00007091        0.00001886        0.00000770 
       -0.00001444       -0.00003053       -0.00009075        0.00009693        0.00002629        0.00001091 
       -0.00002017       -0.00004196       -0.00012354        0.00013173        0.00003641        0.00001536 
       -0.00002800       -0.00005734       -0.00016717        0.00017798        0.00005014        0.00002149 
       -0.00003864       -0.00007791       -0.00022489        0.00023905        0.00006863        0.00002987 
       -0.00005301       -0.00010525       -0.00030078        0.00031921        0.00009338        0.00004126 
       -0.00007230       -0.00014138       -0.00039992        0.00042377        0.00012630        0.00005665 
       -0.00009804       -0.00018883       -0.00052864        0.00055931        0.00016983        0.00007731 
       -0.00013217       -0.00025077       -0.00069473        0.00073392        0.00022703        0.00010487 
       -0.00017713       -0.00033113       -0.00090771        0.00095747        0.00030172        0.00014139 
       -0.00023602       -0.00043478       -0.00117911        0.00124189        0.00039865        0.00018950 
       -0.00031268       -0.00056766       -0.00152283        0.00160152        0.00052366        0.00025247 
       -0.00041184       -0.00073699       -0.00195543        0.00205341        0.00068390        0.00033438 
       -0.00053934       -0.00095148       -0.00249649        0.00261769        0.00088804        0.00044026 
       -0.00070227       -0.00122153       -0.00316902        0.00331793        0.00114651        0.00057629 
       -0.00090920       -0.00155952       -0.00399976        0.00418144        0.00147177        0.00074998 
       -0.00117040       -0.00197999       -0.00501952        0.00523966        0.00187855        0.00097039 
       -0.00149810       -0.00249995       -0.00626354        0.00652835        0.00238419        0.00124839 
       -0.00190671       -0.00313909       -0.00777165        0.00808787        0.00300887        0.00159687 
       -0.00241312       -0.00392005       -0.00958854        0.00996326        0.00377591        0.00203106 
       -0.00303688       -0.00486860       -0.01176371        0.01220429        0.00471200        0.00256876 
       -0.00380050       -0.00601381       -0.01435156        0.01486536        0.00584744        0.00323060 
       -0.00472966       -0.00738822       -0.01741106        0.01800517        0.00721628        0.00404034 
       -0.00585332       -0.00902786       -0.02100549        0.02168632        0.00885644        0.00502507 
       -0.00720390       -0.01097227       -0.02520184        0.02597468        0.01080975        0.00621538 
       -0.00881734       -0.01326433       -0.03007006        0.03093837        0.01312181        0.00764560 
       -0.01073301       -0.01595010       -0.03568207        0.03664700        0.01584182        0.00935375 
       -0.01299364       -0.01907843       -0.04211054        0.04317003        0.01902231        0.01138167 
       -0.01564505       -0.02270051       -0.04942755        0.05057523        0.02271858        0.01377481 
       -0.01873577       -0.02686927       -0.05770276        0.05892728        0.02698803        0.01658212 
       -0.02231644       -0.03163859       -0.06700203        0.06828548        0.03188939        0.01985565 
       -0.02643945       -0.03706225       -0.07738478        0.07870190        0.03748188        0.02365008 
       -0.03115770       -0.04319324       -0.08890273        0.09021924        0.04382385        0.02802212 
       -0.03652395       -0.05008221       -0.10159699        0.10286862        0.05097148        0.03302982 
       -0.04258958       -0.05777636       -0.11549649        0.11666720        0.05897781        0.03873127 
       -0.04940346       -0.06631812       -0.13061576        0.13161656        0.06789060        0.04518398 
       -0.05701058       -0.07574354       -0.14695284        0.14770082        0.07775111        0.05244347 
       -0.06545021       -0.08608148       -0.16448802        0.16488519        0.08859251        0.06056171 
       -0.07475573       -0.09735066       -0.18318225        0.18311420        0.10043785        0.06958610 
       -0.08495116       -0.10956062       -0.20297605        0.20231165        0.11329909        0.07955751 
       -0.09605215       -0.12270804       -0.22378878        0.22238010        0.12717518        0.09050918 
       -0.10806216       -0.13677812       -0.24551968        0.24320146        0.14205122        0.10246472 
       -0.12097351       -0.15174142       -0.26804659        0.26463717        0.15789710        0.11543706 
       -0.13476492       -0.16755491       -0.29122812        0.28653046        0.17466715        0.12942654 
       -0.14940156       -0.18416061       -0.31490555        0.30870789        0.19229892        0.14442056 
       -0.16483396       -0.20148663       -0.33890331        0.33098200        0.21071428        0.16039139 
       -0.18099862       -0.21944641       -0.36303276        0.35315469        0.22981882        0.17729646 
       -0.19781755       -0.23794004       -0.38709491        0.37502062        0.24950278        0.19507752 
       -0.21519902       -0.25685549       -0.41088346        0.39637071        0.26964265        0.21365978 
       -0.23303831       -0.27606860       -0.43418944        0.41699651        0.29010186        0.23295353 
       -0.25122043       -0.29544640       -0.45680204        0.43669447        0.31073335        0.25285310 
       -0.26961893       -0.31484783       -0.47851726        0.45526960        0.33138090        0.27323934 
       -0.28809986       -0.33412722       -0.49913552        0.47253934        0.35188341        0.29397923 
       -0.30652347       -0.35313445       -0.51847118        0.48833755        0.37207422        0.31492931 
       -0.32474655       -0.37171939       -0.53635049        0.50251806        0.39178851        0.33593592 
       -0.34262463       -0.38973293       -0.55262029        0.51495743        0.41086036        0.35683891 
       -0.36001348       -0.40703142       -0.56714374        0.52555478        0.42913115        0.37747329 
       -0.37677470       -0.42347562       -0.57980835        0.53423744        0.44644922        0.39767089 
       -0.39277452       -0.43893558       -0.59052378        0.54095787        0.46267208        0.41726589 
       -0.40788820       -0.45329300       -0.59922379        0.54569584        0.47767043        0.43609449 
       -0.42200136       -0.46644080       -0.60586649        0.54845780        0.49132919        0.45399904 
       -0.43501136       -0.47828650       -0.61043489        0.54927528        0.50354880        0.47083086 
       -0.44683108       -0.48875099       -0.61293381        0.54820365        0.51424694        0.48645207 
       -0.45738554       -0.49777323       -0.61339277        0.54531795        0.52336001        0.50073743 
       -0.46661711       -0.50530642       -0.61185974        0.54071629        0.53084183        0.51357675 
       -0.47448376       -0.51132160       -0.60840189        0.53450626        0.53666520        0.52487773 
       -0.48095939       -0.51580393       -0.60310471        0.52681559        0.54082072        0.53456324 
       -0.48603240       -0.51875776       -0.59606355        0.51777285        0.54331946        0.54257590 
       -0.48970813       -0.52019793       -0.58739179        0.50752050        0.54418397        0.54887778 
       -0.49200392       -0.52015764       -0.57720637        0.49620068        0.54345512        0.55344999 
       -0.49295217       -0.51867831       -0.56563407        0.48395801        0.54118764        0.55628932 
       -0.49259478       -0.51581609       -0.55280679        0.47093135        0.53744835        0.55741394 
       -0.49098408       -0.51163602       -0.53885591        0.45725948        0.53231382        0.55685627 
       -0.48818269       -0.50621003       -0.52391607        0.44307229        0.52586842        0.55466563 
       -0.48425758       -0.49961877       -0.50812060        0.42849243        0.51820385        0.55090547 
       -0.47928256       -0.49194670       -0.49159735        0.41363162        0.50941938        0.54564989 
       -0.47333568       -0.48328239       -0.47447145        0.39859495        0.49961242        0.53898537 
       -0.46649569       -0.47371688       -0.45686170        0.38347340        0.48888665        0.53100652 
       -0.45884371       -0.46334168       -0.43888313        0.36834756        0.47734389        0.52181363 
       -0.45045966       -0.45224807       -0.42064044        0.35329142        0.46508479        0.51151329 
       -0.44142264       -0.44052678       -0.40223321        0.33836094        0.45220754        0.50021476 
       -0.43180868       -0.42826551       -0.38375232        0.32360980        0.43880761        0.48802850 
       -0.42169350       -0.41554746       -0.36528158        0.30907679        0.42497638        0.47506472 
       -0.41114488       -0.40245563       -0.34689546        0.29479769        0.41079909        0.46143189 
       -0.40023163       -0.38906378       -0.32866150        0.28079697        0.39635667        0.44723600 
       -0.38901481       -0.37544525       -0.31063944        0.26709116        0.38172510        0.43257800 
       -0.37755144       -0.36166641       -0.29288259        0.25369519        0.36697310        0.41755527 
       -0.36589465       -0.34778970       -0.27543432        0.24061546        0.35216501        0.40225801 
       -0.35409296       -0.33387077       -0.25833681        0.22785549        0.33735684        0.38677138 
       -0.34219128       -0.31996018       -0.24161901        0.21541868        0.32260138        0.37117243 
       -0.33022910       -0.30610460       -0.22530799        0.20330080        0.30794325        0.35553408 
       -0.31824246       -0.29234388       -0.20942818        0.19149639        0.29342502        0.33991954 
       -0.30626261       -0.27871525       -0.19399534        0.18000375        0.27907881        0.32438663 
       -0.29431951       -0.26525024       -0.17901771        0.16881388        0.26493666        0.30898637 
       -0.28243810       -0.25197625       -0.16450620        0.15791854        0.25102332        0.29376271 
       -0.27064130       -0.23891532       -0.15046254        0.14731221        0.23736134        0.27875388 
       -0.25894886       -0.22608659       -0.13689153        0.13698713        0.22396830        0.26399076 
       -0.24737741       -0.21350890       -0.12378575        0.12693419        0.21085767        0.24950258 
       -0.23594280       -0.20119335       -0.11114626        0.11714615        0.19804090        0.23531026 
       -0.22465880       -0.18915041       -0.09896179        0.10761670        0.18552707        0.22143096 
       -0.21353707       -0.17738606       -0.08722725        0.09833924        0.17332210        0.20787746 
       -0.20258772       -0.16590822       -0.07593146        0.08930559        0.16142699        0.19466262 
       -0.19181885       -0.15471929       -0.06506305        0.08051203        0.14984685        0.18178986 
       -0.18123747       -0.14382254       -0.05461041        0.07195418        0.13857885        0.16926481 
       -0.17085180       -0.13321571       -0.04455991        0.06362080        0.12762478        0.15708895 
       -0.16066660       -0.12289919       -0.03489915        0.05551310        0.11697993        0.14526112 
       -0.15068531       -0.11287017       -0.02561679        0.04762203        0.10664190        0.13378054 
       -0.14091136       -0.10312813       -0.01669539        0.03994603        0.09660645        0.12264311 
       -0.13134815       -0.09366831       -0.00812363        0.03247592        0.08686993        0.11184423 
       -0.12199990       -0.08448519        0.00011439        0.02521471        0.07742497        0.10137874 
       -0.11286630       -0.07557463        0.00802817        0.01815322        0.06826712        0.09124091 
       -0.10394806       -0.06693372        0.01563303        0.01128914        0.05939197        0.08142366 
       -0.09524669       -0.05855476        0.02294156        0.00461868        0.05079126        0.07191981 
       -0.08676249       -0.05043358        0.02996321       -0.00186210        0.04246031        0.06272294 
       -0.07849552       -0.04256371        0.03671370       -0.00815674        0.03439211        0.05382570 
       -0.07044424       -0.03494099        0.04320077       -0.01426866        0.02658081        0.04522055 
       -0.06260743       -0.02755887        0.04943553       -0.02020087        0.01902027        0.03690019 
       -0.05498488       -0.02041272        0.05542948       -0.02595833        0.01170539        0.02885647 
       -0.04757456       -0.01349669        0.06119200       -0.03154064        0.00462844        0.02108395 
       -0.04037486       -0.00680383        0.06673023       -0.03695511       -0.00221561        0.01357456 
       -0.03338213       -0.00033179        0.07205313       -0.04220112       -0.00883177        0.00632158 
       -0.02659663        0.00592825        0.07716771       -0.04728639       -0.01522563       -0.00068141 
       -0.02001411        0.01197886        0.08208337       -0.05220827       -0.02140516       -0.00744131 
       -0.01363235        0.01782538        0.08680616       -0.05697487       -0.02737162       -0.01396449 
       -0.00744819        0.02347397        0.09134185       -0.06158604       -0.03313277       -0.02025731 
       -0.00145866        0.02892755        0.09569782       -0.06604444       -0.03869401       -0.02632532 
        0.00433829        0.03419409        0.09987846       -0.07035529       -0.04405887       -0.03217456 
        0.00994789        0.03927434        0.10389011       -0.07451978       -0.04923137       -0.03781169 
        0.01537279        0.04417566        0.10773615       -0.07854190       -0.05421922       -0.04323987 
        0.02061558        0.04890191        0.11142481       -0.08242156       -0.05902502       -0.04846772 
        0.02568086        0.05345753        0.11495829       -0.08616490       -0.06365183       -0.05350024 
        0.03057301        0.05784588        0.11834124       -0.08977300       -0.06810704       -0.05834066 
        0.03529350        0.06207454        0.12157667       -0.09324899       -0.07239420       -0.06299622 
        0.03984915        0.06614382        0.12467220       -0.09659614       -0.07651775       -0.06747070 
        0.04424150        0.07006113        0.12762944       -0.09981623       -0.08048190       -0.07177029 
        0.04847614        0.07382859        0.13045353       -0.10291444       -0.08429120       -0.07589975 
        0.05255705        0.07745170        0.13314785       -0.10589131       -0.08795043       -0.07986419 
        0.05648845        0.08093295        0.13571657       -0.10875195       -0.09146278       -0.08366907 
        0.06027334        0.08427987        0.13816500       -0.11149977       -0.09483293       -0.08731960 
        0.06391762        0.08749300        0.14049646       -0.11413381       -0.09806835       -0.09081892 
        0.06742445        0.09057864        0.14271472       -0.11666353       -0.10116845       -0.09417521 
        0.07079802        0.09354074        0.14482397       -0.11908645       -0.10414235       -0.09739100 
        0.07404373        0.09638312        0.14682904       -0.12140992       -0.10699221       -0.10047232 
        0.07716514        0.09910986        0.14873400       -0.12363533       -0.10972294       -0.10342434 
        0.08016583        0.10172462        0.15054487       -0.12576805       -0.11233930       -0.10625036 
        0.08305097        0.10423297        0.15226282       -0.12780939       -0.11484383       -0.10895877 
        0.08582383        0.10663752        0.15389420       -0.12976335       -0.11724245       -0.11155214 
        0.08848976        0.10894231        0.15544112       -0.13163348       -0.11954088       -0.11403435 
        0.09105065        0.11115161        0.15691149       -0.13342255       -0.12174086       -0.11641288 
        0.09351256        0.11326884        0.15830602       -0.13513421       -0.12384889       -0.11868823 
        0.09587796        0.11529832        0.15962996       -0.13677359       -0.12586717       -0.12086771 
        0.09815018        0.11724372        0.16088590       -0.13833958       -0.12779765       -0.12295739 
        0.10033382        0.11910660        0.16208048       -0.13983727       -0.12964982       -0.12495683 
        0.10243199        0.12089258        0.16321389       -0.14126983       -0.13142186       -0.12687322 
        0.10444703        0.12260472        0.16428943       -0.14263842       -0.13312010       -0.12870951 
        0.10638302        0.12424453        0.16531208       -0.14394753       -0.13474607       -0.13046971 
        0.10824291        0.12581572        0.16628411       -0.14519827       -0.13630365       -0.13215649 
        0.11002988        0.12732039        0.16720752       -0.14639276       -0.13779670       -0.13377309 
        0.11174492        0.12876339        0.16808447       -0.14753325       -0.13922657       -0.13532320 
        0.11339359        0.13014358        0.16891821       -0.14862306       -0.14059520       -0.13680893 
        0.11497504        0.13146673        0.16970907       -0.14965986       -0.14190708       -0.13823372 
        0.11649414        0.13273308        0.17045885       -0.15065128       -0.14316244       -0.13959987 
        0.11795139        0.13394581        0.17117088       -0.15159373       -0.14436519       -0.14090858 
        0.11935004        0.13510567        0.17184551       -0.15249288       -0.14551505       -0.14216304 
        0.12069222        0.13621503        0.17248279       -0.15334582       -0.14661531       -0.14336462 
        0.12197852        0.13727687        0.17308326       -0.15415870       -0.14766644       -0.14451601 
        0.12321180        0.13829069        0.17365207       -0.15492755       -0.14867276       -0.14561768 
        0.12439276        0.13925973        0.17418632       -0.15565656       -0.14963190       -0.14667189 
        0.12552479        0.14018360        0.17468877       -0.15634754       -0.15054746       -0.14768027 
        0.12660794        0.14106530        0.17515735       -0.15700036       -0.15142040       -0.14864343 
        0.12764308        0.14190482        0.17559694       -0.15761556       -0.15225038       -0.14956322 
        0.12863357        0.14270456        0.17600405       -0.15819421       -0.15303999       -0.15044129 
        0.12957989        0.14346379        0.17638242       -0.15873773       -0.15379035       -0.15127721 
        0.13048357        0.14418577        0.17672938       -0.15924604       -0.15450366       -0.15207270 
        0.13134448        0.14487074        0.17704827       -0.15972222       -0.15517738       -0.15282977 
        0.13216497        0.14551890        0.17733987       -0.16016476       -0.15581574       -0.15354826 
        0.13294634        0.14613204        0.17760251       -0.16057551       -0.15641794       -0.15422955 
        0.13368878        0.14671083        0.17783861       -0.16095583       -0.15698519       -0.15487450 
        0.13439474        0.14725609        0.17804699       -0.16130653       -0.15751834       -0.15548317 
        0.13506314        0.14776890        0.17822899       -0.16162750       -0.15801893       -0.15605745 
        0.13569719        0.14824899        0.17838697       -0.16191986       -0.15848657       -0.15659766 
        0.13629553        0.14870000        0.17851862       -0.16218486       -0.15892245       -0.15710501 
        0.13686183        0.14911871        0.17862725       -0.16242224       -0.15932783       -0.15758024 
        0.13739416        0.14950940        0.17871088       -0.16263366       -0.15970305       -0.15802352 
        0.13789517        0.14987044        0.17877223       -0.16281927       -0.16004926       -0.15843575 
        0.13836519        0.15020397        0.17881013       -0.16298020       -0.16036694       -0.15881804 
        0.13880549        0.15050934        0.17882785       -0.16311619       -0.16065659       -0.15917124 
        0.13921610        0.15078853        0.17882243       -0.16322933       -0.16091909       -0.15949535 
        0.13959718        0.15104236        0.17879681       -0.16331981       -0.16115369       -0.15979299 
        0.13995133        0.15126963        0.17875029       -0.16338676       -0.16136464       -0.16006197 
        0.14027734        0.15147288        0.17868511       -0.16343275       -0.16154969       -0.16030458 
        0.14057702        0.15165265        0.17860013       -0.16345827       -0.16171047       -0.16052137 
        0.14085054        0.15180823        0.17849649       -0.16346227       -0.16184609       -0.16071332 
        0.14109913        0.15194078        0.17837496       -0.16344592       -0.16196024       -0.16088015 
        0.14132287        0.15205157        0.17823522       -0.16341002       -0.16205055       -0.16102320 
        0.14152299        0.15213999        0.17807902       -0.16335598       -0.16211884       -0.16114347 
        0.14169882        0.15220796        0.17790641       -0.16328262       -0.16216619       -0.16123995 
        0.14185239        0.15225512        0.17771685       -0.16319185       -0.16219237       -0.16131479 
        0.14198387        0.15228194        0.17751208       -0.16308470       -0.16219753       -0.16136786 
        0.14209296        0.15228942        0.17729236       -0.16295819       -0.16218372       -0.16139966 
        0.14218141        0.15227737        0.17705800       -0.16281679       -0.16214900       -0.16141202 
        0.14224979        0.15224710        0.17680746       -0.16265848       -0.16209731       -0.16140299 
        0.14229733        0.15219890        0.17654482       -0.16248433       -0.16202572       -0.16137621 
        0.14232545        0.15213315        0.17626727       -0.16229598       -0.16193812       -0.16132814 
        0.14233479        0.15205009        0.17597625       -0.16209118       -0.16183156       -0.16126390 
        0.14232528        0.15195031        0.17567377       -0.16187410       -0.16170789       -0.16118053 
        0.14229830        0.15183456        0.17535733       -0.16164146       -0.16156898       -0.16107926 
        0.14225355        0.15170258        0.17502986       -0.16139455       -0.16141300       -0.16096218 
        0.14219141        0.15155534        0.17469068       -0.16113560       -0.16124162       -0.16082753 
        0.14211407        0.15139236        0.17433935       -0.16086370       -0.16105476       -0.16067773 
        0.14201897        0.15121645        0.17397673       -0.16057888       -0.16085364       -0.16051172 
        0.14190829        0.15102579        0.17360356       -0.16028221       -0.16063805       -0.16033024 
        0.14178255        0.15082227        0.17321937       -0.15997329       -0.16040798       -0.16013402 
        0.14164229        0.15060404        0.17282504       -0.15965343       -0.16016474       -0.15992384 
        0.14148824        0.15037210        0.17242125       -0.15932137       -0.15990804       -0.15969932 
        0.14131835        0.15012975        0.17200674       -0.15897995       -0.15963784       -0.15946102 
        0.14113604        0.14987412        0.17158282       -0.15862682       -0.15935616       -0.15920945 
        0.14094128        0.14960572        0.17115048       -0.15826361       -0.15906225       -0.15894477 
        0.14073236        0.14932647        0.17070916       -0.15789042       -0.15875645       -0.15866801 
        0.14051121        0.14903574        0.17025916       -0.15750711       -0.15843868       -0.15837872 
        0.14027825        0.14873405        0.16980095       -0.15711483       -0.15810999       -0.15807822 
        0.14003329        0.14842263        0.16933312       -0.15671472       -0.15776992       -0.15776552 
        0.13977671        0.14809975        0.16885875       -0.15630437       -0.15741998       -0.15744169 
        0.13950931        0.14776742        0.16837624       -0.15588622       -0.15705983       -0.15710728 
        0.13923118        0.14742506        0.16788599       -0.15545864       -0.15668875       -0.15676272 
        0.13894263        0.14707361        0.16738886       -0.15502334       -0.15630983       -0.15640667 
        0.13864417        0.14671233        0.16688527       -0.15458091       -0.15591998       -0.15604183 
        0.13833587        0.14634199        0.16637447       -0.15413012       -0.15552257       -0.15566647 
        0.13801768        0.14596415        0.16585675       -0.15367280       -0.15511478       -0.15528257 
        0.13769040        0.14557742        0.16533244       -0.15320820       -0.15469855       -0.15488963 
        0.13735436        0.14518248        0.16480269       -0.15273695       -0.15427504       -0.15448694 
        0.13700962        0.14477973        0.16426656       -0.15225954       -0.15384303       -0.15407623 
        0.13665599        0.14437017        0.16372436       -0.15177494       -0.15340343       -0.15365723 
        0.13629448        0.14395313        0.16317621       -0.15128399       -0.15295583       -0.15323080 
        0.13592537        0.14352900        0.16262296       -0.15078743       -0.15250210       -0.15279539 
        0.13554907        0.14309703        0.16206487       -0.15028474       -0.15204068       -0.15235303 
        0.13516454        0.14265935        0.16150157       -0.14977673       -0.15157278       -0.15190355 
        0.13477273        0.14221600        0.16093235       -0.14926267       -0.15109737       -0.15144709 
        0.13437462        0.14176515        0.16035980       -0.14874527       -0.15061639       -0.15098350 
        0.13396996        0.14130884        0.15978172       -0.14822093       -0.15012965       -0.15051295 
        0.13355903        0.14084601        0.15919998       -0.14769295       -0.14963628       -0.15003696 
        0.13314122        0.14037846        0.15861425       -0.14716014       -0.14913738       -0.14955382 
        0.13271803        0.13990501        0.15802379       -0.14662223       -0.14863281       -0.14906554 
        0.13228853        0.13942686        0.15742926       -0.14608127       -0.14812240       -0.14857154 
        0.13185360        0.13894391        0.15683098       -0.14553508       -0.14760762       -0.14807169 
        0.13141376        0.13845499        0.15622956       -0.14498574       -0.14708754       -0.14756621 
        0.13096826        0.13796239        0.15562376       -0.14443274       -0.14656223       -0.14705619 
        0.13051777        0.13746479        0.15501614       -0.14387545       -0.14603263       -0.14654084 
        0.13006330        0.13696295        0.15440379       -0.14331385       -0.14549871       -0.14602105 
        0.12960304        0.13645768        0.15378913       -0.14275011       -0.14496104       -0.14549594 
        0.12913871        0.13594761        0.15317173       -0.14218308       -0.14441869       -0.14496674 
        0.12867054        0.13543399        0.15255089       -0.14161320       -0.14387199       -0.14443354 
        0.12819786        0.13491654        0.15192780       -0.14103979       -0.14332235       -0.14389601 
        0.12772129        0.13439550        0.15130252       -0.14046453       -0.14276856       -0.14335416 
        0.12724051        0.13387206        0.15067498       -0.13988471       -0.14221247       -0.14280868 
        0.12675691        0.13334395        0.15004455       -0.13930444       -0.14165129       -0.14225996 
        0.12626885        0.13281395        0.14941177       -0.13872060       -0.14108872       -0.14170717 
        0.12577800        0.13228062        0.14877746       -0.13813452       -0.14052193       -0.14115199 
        0.12528372        0.13174482        0.14814065       -0.13754728       -0.13995199       -0.14059281 
        0.12478630        0.13120608        0.14750303       -0.13695742       -0.13937986       -0.14003102 
        0.12428623        0.13066471        0.14686261       -0.13636588       -0.13880464       -0.13946640 
        0.12378313        0.13012129        0.14622113       -0.13577151       -0.13822770       -0.13889861 
        0.12327743        0.12957521        0.14557792       -0.13517666       -0.13764820       -0.13832803 
        0.12276965        0.12902655        0.14493337       -0.13457981       -0.13706647       -0.13775533 
        0.12225895        0.12847650        0.14428760       -0.13398089       -0.13648236       -0.13718000 
        0.12174682        0.12792414        0.14364010       -0.13338061       -0.13589700       -0.13660240 
        0.12123130        0.12737037        0.14299250       -0.13278040       -0.13530861       -0.13602260 
        0.12071482        0.12681441        0.14234281       -0.13217825       -0.13471818       -0.13544138 
        0.12019595        0.12625691        0.14169247       -0.13157521       -0.13412687       -0.13485780 
        0.11967451        0.12569864        0.14104146       -0.13097094       -0.13353387       -0.13427231 
        0.11915220        0.12513836        0.14038983       -0.13036548       -0.13293970       -0.13368502 
        0.11862810        0.12457640        0.13973731       -0.12975936       -0.13234332       -0.13309669 
        0.11810242        0.12401375        0.13908407       -0.12915365       -0.13174649       -0.13250645 
        0.11757514        0.12345005        0.13843042       -0.12854528       -0.13114844       -0.13191460 
        0.11704733        0.12288462        0.13777694       -0.12793720       -0.13054943       -0.13132164 
        0.11651780        0.12231857        0.13712226       -0.12732928       -0.12994853       -0.13072813 
        0.11598666        0.12175208        0.13646732       -0.12672058       -0.12934743       -0.13013257 
        0.11545468        0.12118477        0.13581263       -0.12611122       -0.12874518       -0.12953682 
        0.11492220        0.12061644        0.13515778       -0.12550192       -0.12814309       -0.12893932 
        0.11438859        0.12004770        0.13450272       -0.12489305       -0.12753937       -0.12834151 
        0.11385401        0.11947828        0.13384804       -0.12428346       -0.12693557       -0.12774272 
        0.11331891        0.11890831        0.13319312       -0.12367374       -0.12633105       -0.12714370 
        0.11278307        0.11833815        0.13253820       -0.12306383       -0.12572663       -0.12654340 
        0.11224699        0.11776767        0.13188341       -0.12245447       -0.12512130       -0.12594324 
        0.11171082        0.11719634        0.13122922       -0.12184517       -0.12451524       -0.12534297 
        0.11117334        0.11662554        0.13057490       -0.12123585       -0.12391014       -0.12474161 
        0.11063560        0.11605459        0.12992167       -0.12062754       -0.12330473       -0.12413994 
        0.11009786        0.11548375        0.12926848       -0.12001856       -0.12269877       -0.12353870 
        0.10955998        0.11491270        0.12861586       -0.11941041       -0.12209322       -0.12293705 
        0.10902222        0.11434121        0.12796414       -0.11880341       -0.12148768       -0.12233531 
        0.10848395        0.11377079        0.12731220       -0.11819591       -0.12088218       -0.12173332 
        0.10794578        0.11320020        0.12666138       -0.11759011       -0.12027691       -0.12113179 
        0.10740795        0.11262974        0.12601139       -0.11698451       -0.11967202       -0.12053023 
        0.10686985        0.11206003        0.12536247       -0.11637895       -0.11906798       -0.11992882 
        0.10633274        0.11148991        0.12471408       -0.11577473       -0.11846355       -0.11932787 
        0.10579495        0.11092125        0.12406622       -0.11517065       -0.11786065       -0.11872689 
        0.10525796        0.11035258        0.12341981       -0.11456831       -0.11725723       -0.11812650 
        0.10472119        0.10978422        0.12277426       -0.11396620       -0.11665500       -0.11752665 
        0.10418469        0.10921737        0.12212957       -0.11336557       -0.11605315       -0.11692731 
        0.10364908        0.10865032        0.12148578       -0.11276544       -0.11545128       -0.11632895 
        0.10311356        0.10808425        0.12084359       -0.11216666       -0.11485148       -0.11573038 
        0.10257864        0.10751898        0.12020233       -0.11156852       -0.11425157       -0.11513295 
        0.10204445        0.10695434        0.11956215       -0.11097199       -0.11365294       -0.11453598 
        0.10151092        0.10639058        0.11892352       -0.11037649       -0.11305506       -0.11393975 
        0.10097821        0.10582787        0.11828547       -0.10978187       -0.11245801       -0.11334458 
        0.10044572        0.10526628        0.11764957       -0.10918865       -0.11186209       -0.11275019 
        0.09991451        0.10470508        0.11701448       -0.10859656       -0.11126722       -0.11215641 
        0.09938413        0.10414489        0.11638159       -0.10800549       -0.11067358       -0.11156376 
        0.09885449        0.10358601        0.11574975       -0.10741681       -0.11008003       -0.11097239 
        0.09832563        0.10302853        0.11511920       -0.10682824       -0.10948887       -0.11038163 
        0.09779827        0.10247134        0.11448978       -0.10624205       -0.10889793       -0.10979236 
        0.09727123        0.10191593        0.11386247       -0.10565677       -0.10830878       -0.10920396 
        0.09674557        0.10136192        0.11323617       -0.10507326       -0.10772066       -0.10861676 
        0.09622085        0.10080831        0.11261165       -0.10449065       -0.10713419       -0.10803054 
        0.09569722        0.10025687        0.11198922       -0.10390998       -0.10654851       -0.10744561 
        0.09517486        0.09970586        0.11136794       -0.10333115       -0.10596398       -0.10686260 
        0.09465373        0.09915635        0.11074872       -0.10275336       -0.10538146       -0.10628001 
        0.09413340        0.09860875        0.11013111       -0.10217737       -0.10479979       -0.10569940 
        0.09361468        0.09806193        0.10951480       -0.10160267       -0.10422022       -0.10511984 
        0.09309708        0.09751684        0.10890098       -0.10103017       -0.10364214       -0.10454136 
        0.09258060        0.09697310        0.10828870       -0.10045912       -0.10306551       -0.10396461 
        0.09206566        0.09643072        0.10767795       -0.09988986       -0.10249028       -0.10338917 
        0.09155186        0.09589017        0.10706916       -0.09932212       -0.10191626       -0.10281567 
        0.09103967        0.09535093        0.10646223       -0.09875679       -0.10134409       -0.10224324 
        0.09052871        0.09481307        0.10585713       -0.09819232       -0.10077413       -0.10167221 
        0.09001902        0.09427736        0.10525420       -0.09763020       -0.10020470       -0.10110321 
        0.08951112        0.09374277        0.10465238       -0.09706941       -0.09963778       -0.10053554 
        0.08900457        0.09320956        0.10405388       -0.09651165       -0.09907156       -0.09997004 
        0.08849928        0.09267849        0.10345636       -0.09595419       -0.09850815       -0.09940567 
        0.08799601        0.09214853        0.10286074       -0.09539931       -0.09794632       -0.09884281 
        0.08749345        0.09162094        0.10226776       -0.09484660       -0.09738599       -0.09828191 
        0.08699296        0.09109471        0.10167637       -0.09429505       -0.09682764       -0.09772258 
        0.08649400        0.09057030        0.10108724       -0.09374598       -0.09627119       -0.09716508 
        0.08599675        0.09004724        0.10050027       -0.09319914       -0.09571585       -0.09660955 
        0.08550119        0.08952597        0.09991482       -0.09265365       -0.09516310       -0.09605538 
        0.08500708        0.08900672        0.09933197       -0.09211023       -0.09461178       -0.09550343 
        0.08451467        0.08848927        0.09875105       -0.09156895       -0.09406264       -0.09495270 
        0.08402396        0.08797320        0.09817255       -0.09102933       -0.09351552       -0.09440444 
        0.08353485        0.08745933        0.09759581       -0.09049261       -0.09296995       -0.09385778 
        0.08304748        0.08694743        0.09702108       -0.08995707       -0.09242643       -0.09331309 
        0.08256190        0.08643731        0.09644862       -0.08942351       -0.09188544       -0.09276993 
        0.08207769        0.08592917        0.09587846       -0.08889262       -0.09134543       -0.09222914 
        0.08159546        0.08542264        0.09531031       -0.08836304       -0.09080786       -0.09169029 
        0.08111512        0.08491810        0.09474457       -0.08783660       -0.09027153       -0.09115334 
        0.08063620        0.08441566        0.09418091       -0.08731171       -0.08973819       -0.09061822 
        0.08015940        0.08391464        0.09361970       -0.08678850       -0.08920648       -0.09008521 
        0.07968435        0.08341569        0.09306073       -0.08626805       -0.08867731       -0.08955362 
        0.07921124        0.08291854        0.09250389       -0.08574942       -0.08814945       -0.08902472 
        0.07873975        0.08242381        0.09194922       -0.08523251       -0.08762415       -0.08849747 
        0.07827001        0.08193091        0.09139673       -0.08471854       -0.08710057       -0.08797248 
        0.07780195        0.08144013        0.09084683       -0.08420625       -0.08657958       -0.08744910 
        0.07733636        0.08095053        0.09029897       -0.08369553       -0.08606036       -0.08692826 
        0.07687189        0.08046377        0.08975360       -0.08318781       -0.08554308       -0.08640930 
        0.07640997        0.07997871        0.08920974       -0.08268216       -0.08502816       -0.08589220 
        0.07594951        0.07949560        0.08866894       -0.08217859       -0.08451492       -0.08537740 
        0.07549106        0.07901471        0.08813031       -0.08167721       -0.08400418       -0.08486465 
        0.07503430        0.07853578        0.08759425       -0.08117773       -0.08349536       -0.08435397 
        0.07457974        0.07805847        0.08706047       -0.08068077       -0.08298916       -0.08384511 
        0.07412700        0.07758345        0.08652853       -0.08018591       -0.08248467       -0.08333883 
        0.07367625        0.07711037        0.08599935       -0.07969297       -0.08198275       -0.08283442 
        0.07322722        0.07663955        0.08547246       -0.07920288       -0.08148216       -0.08233227 
        0.07278010        0.07617073        0.08494773       -0.07871427       -0.08098417       -0.08183227 
        0.07233517        0.07570393        0.08442535       -0.07822813       -0.08048889       -0.08133409 
        0.07189191        0.07523924        0.08390546       -0.07774471       -0.07999505       -0.08083826 
        0.07145064        0.07477646        0.08338802       -0.07726269       -0.07950405       -0.08034441 
        0.07101134        0.07431591        0.08287285       -0.07678318       -0.07901485       -0.07985298 
        0.07057406        0.07385741        0.08236001       -0.07630576       -0.07852791       -0.07936352 
        0.07013889        0.07340073        0.08184937       -0.07583115       -0.07804313       -0.07887625 
        0.06970555        0.07294632        0.08134117       -0.07535829       -0.07756044       -0.07839122 
        0.06927416        0.07249423        0.08083539       -0.07488786       -0.07708001       -0.07790843 
        0.06884464        0.07204393        0.08033172       -0.07441909       -0.07660179       -0.07742777 
        0.06841722        0.07159568        0.07983065       -0.07395349       -0.07612547       -0.07694929 
        0.06799179        0.07114953        0.07933187       -0.07348923       -0.07565184       -0.07647310 
        0.06756803        0.07070580        0.07883588       -0.07302757       -0.07518040       -0.07599884 
        0.06714650        0.07026402        0.07834172       -0.07256819       -0.07471092       -0.07552693 
        0.06672720        0.06982397        0.07784986       -0.07211107       -0.07424357       -0.07505716 
        0.06630947        0.06938626        0.07736078       -0.07165603       -0.07377893       -0.07458946 
        0.06589410        0.06895056        0.07687379       -0.07120341       -0.07331579       -0.07412440 
        0.06548031        0.06851726        0.07638926       -0.07075278       -0.07285559       -0.07366101 
        0.06506878        0.06808572        0.07590716       -0.07030480       -0.07239746       -0.07319969 
        0.06465908        0.06765641        0.07542765       -0.06985861       -0.07194111       -0.07274131 
        0.06425133        0.06722925        0.07495022       -0.06941477       -0.07148756       -0.07228439 
        0.06384566        0.06680409        0.07447527       -0.06897312       -0.07103586       -0.07183006 
        0.06344216        0.06638091        0.07400270       -0.06853378       -0.07058624       -0.07137814 
        0.06304047        0.06596007        0.07353222       -0.06809666       -0.07013908       -0.07092798 
        0.06264076        0.06554124        0.07306429       -0.06766184       -0.06969407       -0.07048028 
        0.06224296        0.06512453        0.07259867       -0.06722894       -0.06925125       -0.07003475 
        0.06184723        0.06470972        0.07213564       -0.06679826       -0.06881086       -0.06959136 
        0.06145339        0.06429725        0.07167470       -0.06637026       -0.06837228       -0.06915003 
        0.06106156        0.06388689        0.07121611       -0.06594427       -0.06793618       -0.06871107 
        0.06067204        0.06347811        0.07076009       -0.06552012       -0.06750231       -0.06827415 
        0.06028405        0.06307206        0.07030629       -0.06509839       -0.06707059       -0.06783967 
        0.05989827        0.06266753        0.06985492       -0.06467888       -0.06664102       -0.06740721 
        0.05951437        0.06226548        0.06940581       -0.06426152       -0.06621385       -0.06697696 
        0.05913238        0.06186550        0.06895894       -0.06384658       -0.06578876       -0.06654885 
        0.05875239        0.06146756        0.06851447       -0.06343360       -0.06536559       -0.06612318 
        0.05837447        0.06107171        0.06807242       -0.06302287       -0.06494495       -0.06569948 
        0.05799856        0.06067756        0.06763283       -0.06261426       -0.06452662       -0.06527790 
        0.05762434        0.06028590        0.06719524       -0.06220807       -0.06411010       -0.06485859 
        0.05725239        0.05989620        0.06675994       -0.06180367       -0.06369595       -0.06444152 
        0.05688211        0.05950846        0.06632719       -0.06140183       -0.06328403       -0.06402645 
        0.05651400        0.05912285        0.06589666       -0.06100193       -0.06287441       -0.06361344 
        0.05614772        0.05873935        0.06546842       -0.06060404       -0.06246664       -0.06320295 
        0.05578344        0.05835779        0.06504247       -0.06020873       -0.06206107       -0.06279457 
        0.05542109        0.05797833        0.06461890       -0.05981538       -0.06165787       -0.06238814 
        0.05506061        0.05760090        0.06419753       -0.05942413       -0.06125646       -0.06198412 
        0.05470212        0.05722539        0.06377868       -0.05903471       -0.06085789       -0.06158192 
        0.05434553        0.05685215        0.06336153       -0.05864790       -0.06046093       -0.06118215 
        0.05399099        0.05648075        0.06294701       -0.05826266       -0.06006633       -0.06078438 
        0.05363834        0.05611135        0.06253494       -0.05788032       -0.05967340       -0.06038889 
        0.05328747        0.05574415        0.06212493       -0.05749938       -0.05928333       -0.05999523 
        0.05293858        0.05537873        0.06171738       -0.05712082       -0.05889509       -0.05960396 
        0.05259167        0.05501536        0.06131183       -0.05674485       -0.05850876       -0.05921482 
        0.05224671        0.05465397        0.06090859       -0.05637041       -0.05812469       -0.05882769 
        0.05190348        0.05429485        0.06050749       -0.05599820       -0.05774294       -0.05844259 
        0.05156206        0.05393752        0.06010893       -0.05562793       -0.05736307       -0.05805982 
        0.05122283        0.05358212        0.05971221       -0.05526019       -0.05698512       -0.05767914 
        0.05088528        0.05322871        0.05931791       -0.05489410       -0.05660971       -0.05730029 
        0.05054982        0.05287734        0.05892573       -0.05452996       -0.05623618       -0.05692375 
        0.05021593        0.05252798        0.05853606       -0.05416830       -0.05586475       -0.05654917 
        0.04988415        0.05218051        0.05814806       -0.05380844       -0.05549545       -0.05617678 
        0.04955424        0.05183493        0.05776262       -0.05345070       -0.05512829       -0.05580645 
        0.04922604        0.05149142        0.05737942       -0.05309499       -0.05476307       -0.05543812 
        0.04889983        0.05114964        0.05699831       -0.05274122       -0.05439991       -0.05507190 
        0.04857541        0.05080995        0.05661925       -0.05238952       -0.05403876       -0.05470794 
        0.04825274        0.05047232        0.05624259       -0.05204015       -0.05367966       -0.05434572 
        0.04793224        0.05013623        0.05586780       -0.05169227       -0.05332269       -0.05398569 
        0.04761315        0.04980243        0.05549537       -0.05134678       -0.05296779       -0.05362773 
        0.04729607        0.04947046        0.05512498       -0.05100327       -0.05261488       -0.05327159 
        0.04698079        0.04914042        0.05475660       -0.05066169       -0.05226398       -0.05291770 
        0.04666732        0.04881220        0.05439068       -0.05032225       -0.05191493       -0.05256573 
        0.04635563        0.04848595        0.05402664       -0.04998422       -0.05156857       -0.05221554 
        0.04604572        0.04816180        0.05366447       -0.04964884       -0.05122340       -0.05186778 
        0.04573772        0.04783909        0.05330494       -0.04931520       -0.05088061       -0.05152173 
        0.04543143        0.04751849        0.05294724       -0.04898352       -0.05053971       -0.05117778 
        0.04512684        0.04719981        0.05259187       -0.04865366       -0.05020089       -0.05083586 
        0.04482409        0.04688299        0.05223802       -0.04832587       -0.04986378       -0.05049597 
        0.04452314        0.04656781        0.05188690       -0.04799990       -0.04952881       -0.05015796 
        0.04422391        0.04625465        0.05153761       -0.04767601       -0.04919606       -0.04982174 
        0.04392653        0.04594326        0.05119014       -0.04735407       -0.04886491       -0.04948772 
        0.04363094        0.04563350        0.05084505       -0.04703401       -0.04853581       -0.04915557 
        0.04333702        0.04532584        0.05050184       -0.04671573       -0.04820883       -0.04882538 
        0.04304460        0.04502023        0.05016055       -0.04639934       -0.04788355       -0.04849699 
        0.04275412        0.04471619        0.04982142       -0.04608484       -0.04756035       -0.04817076 
        0.04246524        0.04441404        0.04948422       -0.04577229       -0.04723908       -0.04784623 
        0.04217817        0.04411377        0.04914898       -0.04546159       -0.04691967       -0.04752374 
