        0.00000000        0.00000000        0.00000000        0.00000000        0.00000000        0.00000000        0.00000000 
        0.00000000        0.00000000        0.00000000        0.00000000        0.00000000        0.00000000        0.00000000 
        0.00000000        0.00000000       -0.00000014        0.00000014        0.00000000        0.00000000        0.00000000 
        0.00000000        0.00000004       -0.00000006        0.00000000        0.00000002       -0.00000000        0.00000000 
       -0.00000000       -0.00000002       -0.00000010        0.00000015       -0.00000002       -0.00000002       -0.00000000 
        0.00000001       -0.00000012       -0.00000029        0.00000033        0.00000008       -0.00000002        0.00000000 
        0.00000000       -0.00000014       -0.00000054        0.00000052        0.00000013        0.00000002       -0.00000000 
       -0.00000002       -0.00000022       -0.00000072        0.00000074        0.00000018        0.00000002        0.00000001 
       -0.00000009       -0.00000032       -0.00000087        0.00000097        0.00000022        0.00000006        0.00000002 
       -0.00000017       -0.00000040       -0.00000123        0.00000126        0.00000037        0.00000010        0.00000005 
       -0.00000027       -0.00000055       -0.00000150        0.00000157        0.00000049        0.00000017        0.00000007 
       -0.00000041       -0.00000068       -0.00000186        0.00000191        0.00000066        0.00000024        0.00000011 
       -0.00000055       -0.00000090       -0.00000214        0.00000227        0.00000080        0.00000033        0.00000015 
       -0.00000070       -0.00000107       -0.00000261        0.00000266        0.00000101        0.00000042        0.00000025 
       -0.00000090       -0.00000131       -0.00000303        0.00000309        0.00000126        0.00000055        0.00000029 
       -0.00000110       -0.00000159       -0.00000352        0.00000357        0.00000150        0.00000070        0.00000039 
       -0.00000133       -0.00000190       -0.00000405        0.00000408        0.00000180        0.00000087        0.00000048 
       -0.00000162       -0.00000219       -0.00000464        0.00000465        0.00000209        0.00000103        0.00000062 
       -0.00000190       -0.00000257       -0.00000530        0.00000525        0.00000243        0.00000123        0.00000078 
       -0.00000222       -0.00000300       -0.00000603        0.00000593        0.00000282        0.00000147        0.00000095 
       -0.00000259       -0.00000344       -0.00000681        0.00000667        0.00000323        0.00000174        0.00000112 
       -0.00000299       -0.00000393       -0.00000769        0.00000748        0.00000369        0.00000203        0.00000133 
       -0.00000342       -0.00000450       -0.00000866        0.00000836        0.00000418        0.00000234        0.00000159 
       -0.00000390       -0.00000511       -0.00000974        0.00000933        0.00000474        0.00000270        0.00000186 
       -0.00000445       -0.00000578       -0.00001089        0.00001040        0.00000534        0.00000307        0.00000218 
       -0.00000505       -0.00000651       -0.00001218        0.00001157        0.00000600        0.00000353        0.00000249 
       -0.00000569       -0.00000734       -0.00001361        0.00001286        0.00000674        0.00000401        0.00000287 
       -0.00000641       -0.00000824       -0.00001517        0.00001428        0.00000754        0.00000453        0.00000330 
       -0.00000722       -0.00000923       -0.00001688        0.00001583        0.00000843        0.00000513        0.00000376 
       -0.00000809       -0.00001033       -0.00001876        0.00001754        0.00000940        0.00000576        0.00000428 
       -0.00000905       -0.00001154       -0.00002083        0.00001941        0.00001047        0.00000648        0.00000483 
       -0.00001012       -0.00001286       -0.00002310        0.00002146        0.00001166        0.00000727        0.00000545 
       -0.00001130       -0.00001431       -0.00002560        0.00002372        0.00001295        0.00000813        0.00000614 
       -0.00001259       -0.00001592       -0.00002831        0.00002618        0.00001436        0.00000908        0.00000690 
       -0.00001401       -0.00001767       -0.00003132        0.00002889        0.00001594        0.00001012        0.00000773 
       -0.00001557       -0.00001959       -0.00003460        0.00003185        0.00001765        0.00001127        0.00000864 
       -0.00001728       -0.00002171       -0.00003821        0.00003510        0.00001953        0.00001254        0.00000965 
       -0.00001916       -0.00002403       -0.00004213        0.00003865        0.00002160        0.00001392        0.00001075 
       -0.00002123       -0.00002656       -0.00004645        0.00004253        0.00002386        0.00001545        0.00001197 
       -0.00002349       -0.00002936       -0.00005117        0.00004678        0.00002634        0.00001711        0.00001330 
       -0.00002597       -0.00003241       -0.00005633        0.00005142        0.00002905        0.00001894        0.00001476 
       -0.00002869       -0.00003575       -0.00006196        0.00005648        0.00003202        0.00002095        0.00001637 
       -0.00003167       -0.00003940       -0.00006811        0.00006200        0.00003527        0.00002315        0.00001813 
       -0.00003493       -0.00004340       -0.00007482        0.00006803        0.00003882        0.00002556        0.00002006 
       -0.00003850       -0.00004777       -0.00008215        0.00007460        0.00004270        0.00002819        0.00002217 
       -0.00004240       -0.00005255       -0.00009013        0.00008176        0.00004694        0.00003108        0.00002448 
       -0.00004667       -0.00005776       -0.00009883        0.00008956        0.00005157        0.00003423        0.00002702 
       -0.00005132       -0.00006345       -0.00010831        0.00009804        0.00005661        0.00003768        0.00002979 
       -0.00005641       -0.00006965       -0.00011862        0.00010726        0.00006211        0.00004144        0.00003282 
       -0.00006196       -0.00007641       -0.00012985        0.00011729        0.00006811        0.00004555        0.00003614 
       -0.00006802       -0.00008378       -0.00014205        0.00012818        0.00007464        0.00005003        0.00003976 
       -0.00007462       -0.00009180       -0.00015531        0.00014001        0.00008175        0.00005493        0.00004372 
       -0.00008181       -0.00010054       -0.00016972        0.00015284        0.00008948        0.00006026        0.00004804 
       -0.00008964       -0.00011004       -0.00018536        0.00016675        0.00009788        0.00006607        0.00005275 
       -0.00009816       -0.00012036       -0.00020233        0.00018184        0.00010702        0.00007240        0.00005788 
       -0.00010743       -0.00013159       -0.00022073        0.00019818        0.00011695        0.00007929        0.00006348 
       -0.00011751       -0.00014378       -0.00024067        0.00021587        0.00012772        0.00008678        0.00006958 
       -0.00012846       -0.00015701       -0.00026227        0.00023501        0.00013941        0.00009493        0.00007622 
       -0.00014035       -0.00017136       -0.00028565        0.00025570        0.00015208        0.00010378        0.00008344 
       -0.00015326       -0.00018692       -0.00031094        0.00027807        0.00016582        0.00011339        0.00009130 
       -0.00016726       -0.00020378       -0.00033830        0.00030223        0.00018069        0.00012383        0.00009983 
       -0.00018243       -0.00022204       -0.00036786        0.00032831        0.00019680        0.00013515        0.00010911 
       -0.00019888       -0.00024181       -0.00039979        0.00035645        0.00021422        0.00014743        0.00011918 
       -0.00021668       -0.00026320       -0.00043425        0.00038679        0.00023306        0.00016073        0.00013010 
       -0.00023596       -0.00028632       -0.00047143        0.00041948        0.00025341        0.00017514        0.00014196 
       -0.00025681       -0.00031130       -0.00051153        0.00045469        0.00027540        0.00019073        0.00015480 
       -0.00027934       -0.00033829       -0.00055473        0.00049259        0.00029913        0.00020760        0.00016872 
       -0.00030370       -0.00036741       -0.00060126        0.00053336        0.00032474        0.00022584        0.00018379 
       -0.00032999       -0.00039883       -0.00065134        0.00057719        0.00035234        0.00024556        0.00020009 
       -0.00035838       -0.00043271       -0.00070522        0.00062428        0.00038209        0.00026685        0.00021773 
       -0.00038899       -0.00046921       -0.00076315        0.00067485        0.00041412        0.00028983        0.00023679 
       -0.00042200       -0.00050852       -0.00082539        0.00072912        0.00044860        0.00031462        0.00025739 
       -0.00045756       -0.00055083       -0.00089223        0.00078732        0.00048569        0.00034135        0.00027962 
       -0.00049585       -0.00059635       -0.00096397        0.00084972        0.00052557        0.00037016        0.00030362 
       -0.00053707       -0.00064528       -0.00104093        0.00091656        0.00056842        0.00040118        0.00032950 
       -0.00058139       -0.00069786       -0.00112343        0.00098814        0.00061443        0.00043457        0.00035739 
       -0.00062905       -0.00075432       -0.00121182        0.00106472        0.00066381        0.00047049        0.00038744 
       -0.00068024       -0.00081492       -0.00130646        0.00114662        0.00071678        0.00050911        0.00041979 
       -0.00073522       -0.00087993       -0.00140775        0.00123415        0.00077356        0.00055061        0.00045461 
       -0.00079421       -0.00094961       -0.00151609        0.00132765        0.00083440        0.00059518        0.00049205 
       -0.00085749       -0.00102428       -0.00163189        0.00142746        0.00089954        0.00064301        0.00053230 
       -0.00092532       -0.00110424       -0.00175560        0.00153394        0.00096925        0.00069432        0.00057553 
       -0.00099798       -0.00118980       -0.00188769        0.00164749        0.00104381        0.00074933        0.00062195 
       -0.00107579       -0.00128132       -0.00202864        0.00176847        0.00112351        0.00080827        0.00067175 
       -0.00115904       -0.00137916       -0.00217895        0.00189733        0.00120865        0.00087139        0.00072516 
       -0.00124809       -0.00148368       -0.00233915        0.00203447        0.00129955        0.00093894        0.00078241 
       -0.00134326       -0.00159528       -0.00250980        0.00218035        0.00139655        0.00101119        0.00084373 
       -0.00144493       -0.00171438       -0.00269146        0.00233543        0.00149999        0.00108843        0.00090938 
       -0.00155348       -0.00184140       -0.00288474        0.00250020        0.00161024        0.00117095        0.00097961 
       -0.00166930       -0.00197678       -0.00309026        0.00267515        0.00172766        0.00125907        0.00105472 
       -0.00179282       -0.00212101       -0.00330867        0.00286079        0.00185268        0.00135310        0.00113500 
       -0.00192446       -0.00227457       -0.00354063        0.00305768        0.00198568        0.00145340        0.00122074 
       -0.00206468       -0.00243796       -0.00378684        0.00326635        0.00212711        0.00156030        0.00131227 
       -0.00221395       -0.00261172       -0.00404802        0.00348738        0.00227740        0.00167419        0.00140992 
       -0.00237277       -0.00279639       -0.00432493        0.00372137        0.00243702        0.00179545        0.00151404 
       -0.00254165       -0.00299255       -0.00461832        0.00396892        0.00260644        0.00192448        0.00162500 
       -0.00272112       -0.00320079       -0.00492901        0.00423067        0.00278617        0.00206170        0.00174318 
       -0.00291174       -0.00342172       -0.00525781        0.00450724        0.00297672        0.00220754        0.00186897 
       -0.00311407       -0.00365599       -0.00560556        0.00479932        0.00317862        0.00236246        0.00200278 
       -0.00332872       -0.00390425       -0.00597316        0.00510757        0.00339241        0.00252693        0.00214506 
       -0.00354833       -0.00415639       -0.00633986        0.00542397        0.00360921        0.00268951        0.00228474 
       -0.00378100       -0.00442223       -0.00672302        0.00575068        0.00383680        0.00286482        0.00243353 
       -0.00403475       -0.00471579       -0.00715293        0.00611342        0.00408590        0.00305867        0.00260301 
       -0.00430392       -0.00502557       -0.00760597        0.00649213        0.00435158        0.00326488        0.00278225 
       -0.00458864       -0.00535286       -0.00808359        0.00689071        0.00463208        0.00348317        0.00297228 
       -0.00488960       -0.00569841       -0.00858699        0.00731008        0.00492806        0.00371410        0.00317363 
       -0.00520756       -0.00606305       -0.00911714        0.00775095        0.00524020        0.00395826        0.00338684 
       -0.00554328       -0.00644764       -0.00967498        0.00821407        0.00556918        0.00421627        0.00361249 
       -0.00589757       -0.00685304       -0.01026157        0.00870017        0.00591574        0.00448874        0.00385115 
       -0.00627123       -0.00728015       -0.01087795        0.00920999        0.00628066        0.00477631        0.00410343 
       -0.00666504       -0.00772994       -0.01152524        0.00974438        0.00666467        0.00507966        0.00436996 
       -0.00707988       -0.00820329       -0.01220453        0.01030415        0.00706852        0.00539946        0.00465135 
       -0.00751659       -0.00870117       -0.01291699        0.01089016        0.00749290        0.00573643        0.00494828 
       -0.00797608       -0.00922449       -0.01366369        0.01150323        0.00793859        0.00609128        0.00526141 
       -0.00845927       -0.00977421       -0.01444589        0.01214422        0.00840630        0.00646477        0.00559145 
       -0.00896706       -0.01035137       -0.01526471        0.01281400        0.00889685        0.00685765        0.00593908 
       -0.00950040       -0.01095688       -0.01612133        0.01351338        0.00941106        0.00727063        0.00630504 
       -0.01006027       -0.01159181       -0.01701697        0.01424326        0.00994967        0.00770447        0.00669011 
       -0.01064761       -0.01225712       -0.01795281        0.01500447        0.01051355        0.00815991        0.00709504 
       -0.01126342       -0.01295390       -0.01893003        0.01579783        0.01110348        0.00863776        0.00752061 
       -0.01190866       -0.01368318       -0.01994986        0.01662420        0.01172032        0.00913880        0.00796760 
       -0.01258438       -0.01444593       -0.02101351        0.01748442        0.01236488        0.00966383        0.00843677 
       -0.01329156       -0.01524329       -0.02212209        0.01837924        0.01303801        0.01021368        0.00892894 
       -0.01403124       -0.01607628       -0.02327682        0.01930941        0.01374052        0.01078916        0.00944495 
       -0.01480441       -0.01694599       -0.02447884        0.02027590        0.01447324        0.01139111        0.00998558 
       -0.01561214       -0.01785340       -0.02572937        0.02127922        0.01523705        0.01202038        0.01055164 
       -0.01645537       -0.01879971       -0.02702944        0.02232026        0.01603270        0.01267777        0.01114400 
       -0.01733521       -0.01978587       -0.02838021        0.02339963        0.01686105        0.01336421        0.01176341 
       -0.01825265       -0.02081295       -0.02978269        0.02451815        0.01772283        0.01408045        0.01241082 
       -0.01920870       -0.02188196       -0.03123804        0.02567626        0.01861889        0.01482736        0.01308701 
       -0.02020440       -0.02299394       -0.03274722        0.02687476        0.01955006        0.01560576        0.01379282 
       -0.02124068       -0.02414994       -0.03431119        0.02811407        0.02051703        0.01641649        0.01452909 
       -0.02231861       -0.02535091       -0.03593090        0.02939481        0.02152057        0.01726030        0.01529671 
       -0.02343914       -0.02659777       -0.03760723        0.03071751        0.02256133        0.01813803        0.01609647 
       -0.02460317       -0.02789153       -0.03934109        0.03208253        0.02364007        0.01905048        0.01692924 
       -0.02581171       -0.02923309       -0.04113324        0.03349027        0.02475744        0.01999845        0.01779577 
       -0.02706566       -0.03062325       -0.04298439        0.03494114        0.02591399        0.02098268        0.01869694 
       -0.02836585       -0.03206296       -0.04489521        0.03643535        0.02711045        0.02200387        0.01963351 
       -0.02971325       -0.03355295       -0.04686623        0.03797310        0.02834732        0.02306275        0.02060628 
       -0.03110851       -0.03509412       -0.04889817        0.03955459        0.02962507        0.02416010        0.02161600 
       -0.03255256       -0.03668696       -0.05099136        0.04117990        0.03094423        0.02529646        0.02266341 
       -0.03404608       -0.03833238       -0.05314615        0.04284925        0.03230520        0.02647254        0.02374925 
       -0.03558980       -0.04003092       -0.05536285        0.04456215        0.03370849        0.02768893        0.02487417 
       -0.03718440       -0.04178307       -0.05764173        0.04631894        0.03515425        0.02894621        0.02603886 
       -0.03883040       -0.04358944       -0.05998289        0.04811920        0.03664296        0.03024482        0.02724396 
       -0.04052853       -0.04545035       -0.06238635        0.04996272        0.03817471        0.03158543        0.02849001 
       -0.04227916       -0.04736629       -0.06485202        0.05184913        0.03974980        0.03296822        0.02977766 
       -0.04408271       -0.04933758       -0.06737981        0.05377788        0.04136828        0.03439387        0.03110731 
       -0.04593964       -0.05136432       -0.06996941        0.05574867        0.04303017        0.03586251        0.03247955 
       -0.04785023       -0.05344679       -0.07262023        0.05776074        0.04473552        0.03737450        0.03389473 
       -0.04981457       -0.05558513       -0.07533210        0.05981346        0.04648421        0.03893011        0.03535324 
       -0.05183319       -0.05777907       -0.07810406        0.06190609        0.04827600        0.04052944        0.03685547 
       -0.05390577       -0.06002888       -0.08093561        0.06403761        0.05011079        0.04217273        0.03840161 
       -0.05603266       -0.06233398       -0.08382588        0.06620711        0.05198829        0.04385991        0.03999186 
       -0.05821365       -0.06469440       -0.08677353        0.06841338        0.05390801        0.04559106        0.04162642 
       -0.06044851       -0.06710961       -0.08977801        0.07065570        0.05586938        0.04736605        0.04330544 
       -0.06273706       -0.06957917       -0.09283756        0.07293208        0.05787220        0.04918467        0.04502884 
       -0.06507888       -0.07210270       -0.09595095        0.07524183        0.05991545        0.05104677        0.04679662 
       -0.06747367       -0.07467925       -0.09911662        0.07758300        0.06199874        0.05295189        0.04860870 
       -0.06992094       -0.07730794       -0.10233322        0.07995416        0.06412101        0.05489993        0.05046471 
       -0.07241981       -0.07998830       -0.10559867        0.08235412        0.06628125        0.05689018        0.05236460 
       -0.07496978       -0.08271886       -0.10891102        0.08478027        0.06847871        0.05892207        0.05430802 
       -0.07757007       -0.08549856       -0.11226834        0.08723155        0.07071229        0.06099508        0.05629435 
       -0.08021940       -0.08832655       -0.11566834        0.08970530        0.07298078        0.06310844        0.05832327 
       -0.08291703       -0.09120119       -0.11910863        0.09220024        0.07528271        0.06526139        0.06039390 
       -0.08566153       -0.09412102       -0.12258671        0.09471329        0.07761711        0.06745285        0.06250596 
       -0.08845209       -0.09708427       -0.12610035        0.09724271        0.07998213        0.06968209        0.06465823 
       -0.09128667       -0.10008965       -0.12964605        0.09978617        0.08237646        0.07194772        0.06685027 
       -0.09416445       -0.10313474       -0.13322163        0.10234189        0.08479810        0.07424858        0.06908090 
       -0.09708330       -0.10621833       -0.13682356        0.10490630        0.08724578        0.07658361        0.07134905 
       -0.10004160       -0.10933799       -0.14044894        0.10747702        0.08971746        0.07895148        0.07365352 
       -0.10303783       -0.11249121       -0.14409420        0.11005174        0.09221113        0.08135027        0.07599314 
       -0.10606965       -0.11567615       -0.14775658        0.11262763        0.09472478        0.08377878        0.07836671 
       -0.10913524       -0.11889019       -0.15143169        0.11520199        0.09725630        0.08623540        0.08077248 
       -0.11223239       -0.12213050       -0.15511690        0.11777161        0.09980328        0.08871811        0.08320943 
       -0.11535857       -0.12539518       -0.15880720        0.12033392        0.10236405        0.09122528        0.08567526 
       -0.11851174       -0.12868090       -0.16249967        0.12288520        0.10493586        0.09375483        0.08816868 
       -0.12168932       -0.13198467       -0.16619000        0.12542364        0.10751601        0.09630474        0.09068773 
       -0.12488839       -0.13530368       -0.16987485        0.12794496        0.11010231        0.09887289        0.09323059 
       -0.12810649       -0.13863529       -0.17354822        0.13044667        0.11269213        0.10145716        0.09579515 
       -0.13134083       -0.14197560       -0.17720805        0.13292520        0.11528308        0.10405505        0.09837923 
       -0.13458833       -0.14532176       -0.18084876        0.13537771        0.11787168        0.10666452        0.10098083 
       -0.13784589       -0.14867070       -0.18446620        0.13780083        0.12045552        0.10928292        0.10359742 
       -0.14111111       -0.15201791       -0.18805596        0.14019153        0.12303189        0.11190726        0.10622706 
       -0.14437973       -0.15536106       -0.19161342        0.14254567        0.12559777        0.11453560        0.10886683 
       -0.14764930       -0.15869567       -0.19513419        0.14486040        0.12815022        0.11716495        0.11151437 
       -0.15091598       -0.16201861       -0.19861370        0.14713350        0.13068603        0.11979252        0.11416719 
       -0.15417683       -0.16532570       -0.20204686        0.14936006        0.13320234        0.12241568        0.11682229 
       -0.15742770       -0.16861361       -0.20543002        0.15153745        0.13569613        0.12503120        0.11947722 
       -0.16066587       -0.17187759       -0.20875739        0.15366259        0.13816398        0.12763643        0.12212908 
       -0.16388699       -0.17511478       -0.21202488        0.15573278        0.14060286        0.13022816        0.12477499 
       -0.16708761       -0.17832097       -0.21522756        0.15774354        0.14300959        0.13280374        0.12741172 
       -0.17026407       -0.18149115       -0.21836159        0.15969273        0.14538112        0.13535944        0.13003668 
       -0.17341276       -0.18462278       -0.22142084        0.16157719        0.14771447        0.13789266        0.13264644 
       -0.17652975       -0.18771076       -0.22440197        0.16339365        0.15000571        0.14040019        0.13523793 
       -0.17961077       -0.19075210       -0.22729947        0.16513842        0.15225255        0.14287883        0.13780810 
       -0.18265302       -0.19374116       -0.23010939        0.16680950        0.15445137        0.14532469        0.14035423 
       -0.18565136       -0.19667555       -0.23282793        0.16840388        0.15659873        0.14773579        0.14287208 
       -0.18860283       -0.19955011       -0.23544963        0.16991889        0.15869200        0.15010820        0.14535914 
       -0.19150352       -0.20236158       -0.23796976        0.17135197        0.16072766        0.15243885        0.14781195 
       -0.19434893       -0.20510527       -0.24038583        0.17269912        0.16270316        0.15472418        0.15022767 
       -0.19713596       -0.20777771       -0.24269208        0.17395929        0.16461545        0.15696113        0.15260236 
       -0.19986026       -0.21037488       -0.24488528        0.17513052        0.16646056        0.15914725        0.15493283 
       -0.20251851       -0.21289241       -0.24696185        0.17620941        0.16823706        0.16127788        0.15721625 
       -0.20510691       -0.21532686       -0.24891677        0.17719296        0.16994077        0.16335130        0.15944918 
       -0.20762105       -0.21767472       -0.25074795        0.17808142        0.17157012        0.16536304        0.16162838 
       -0.21005844       -0.21993212       -0.25245097        0.17887153        0.17312130        0.16731179        0.16375031 
       -0.21241418       -0.22209541       -0.25402206        0.17956191        0.17459200        0.16919270        0.16581257 
       -0.21468574       -0.22416155       -0.25545833        0.18015032        0.17598048        0.17100404        0.16781101 
       -0.21686928       -0.22612599       -0.25675824        0.18063539        0.17728329        0.17274217        0.16974345 
       -0.21896167       -0.22798657       -0.25791684        0.18101668        0.17849736        0.17440531        0.17160644 
       -0.22095856       -0.22974037       -0.25893265        0.18129030        0.17962305        0.17598937        0.17339668 
       -0.22285855       -0.23138289       -0.25980201        0.18145910        0.18065597        0.17749213        0.17511182 
       -0.22465782       -0.23291108       -0.26052481        0.18151993        0.18159448        0.17891121        0.17674905 
       -0.22635315       -0.23432371       -0.26109678        0.18147136        0.18243639        0.18024488        0.17830513 
       -0.22794113       -0.23561811       -0.26151612        0.18131310        0.18318136        0.18148908        0.17977773 
       -0.22941978       -0.23679093       -0.26178211        0.18104637        0.18382677        0.18264227        0.18116364 
       -0.23078628       -0.23783971       -0.26189262        0.18066785        0.18437125        0.18370222        0.18246132 
       -0.23203887       -0.23876163       -0.26184678        0.18018089        0.18481214        0.18466659        0.18366809 
       -0.23317409       -0.23955634       -0.26164317        0.17958143        0.18514976        0.18553479        0.18478093 
       -0.23419011       -0.24022065       -0.26128080        0.17887351        0.18538219        0.18630283        0.18579888 
       -0.23508482       -0.24075381       -0.26075947        0.17805481        0.18550926        0.18697023        0.18671864 
       -0.23585704       -0.24115206       -0.26007932        0.17712697        0.18552831        0.18753532        0.18753964 
       -0.23650417       -0.24141680       -0.25923878        0.17609081        0.18544039        0.18799716        0.18825825 
       -0.23702542       -0.24154511       -0.25823846        0.17494607        0.18524367        0.18835254        0.18887451 
       -0.23741856       -0.24153610       -0.25707895        0.17369315        0.18494007        0.18860191        0.18938595 
       -0.23768272       -0.24138975       -0.25575998        0.17233466        0.18452679        0.18874371        0.18979132 
       -0.23781595       -0.24110514       -0.25428325        0.17087121        0.18400425        0.18877688        0.19008979 
       -0.23781919       -0.24068099       -0.25264883        0.16930395        0.18337256        0.18870135        0.19027948 
       -0.23768987       -0.24011852       -0.25085819        0.16763420        0.18263195        0.18851610        0.19036032 
       -0.23742887       -0.23941599       -0.24891169        0.16586395        0.18178265        0.18822056        0.19033067 
       -0.23703453       -0.23857458       -0.24681254        0.16399571        0.18082520        0.18781488        0.19018942 
       -0.23650716       -0.23759416       -0.24456269        0.16202934        0.17976120        0.18729760        0.18993765 
       -0.23584761       -0.23647474       -0.24216196        0.15996766        0.17859025        0.18667023        0.18957356 
       -0.23505464       -0.23521751       -0.23961361        0.15781307        0.17731349        0.18593147        0.18909790 
       -0.23412952       -0.23382333       -0.23692018        0.15556794        0.17593132        0.18508269        0.18851045 
       -0.23307253       -0.23229221       -0.23408556        0.15323380        0.17444631        0.18412451        0.18781000 
       -0.23188323       -0.23062804       -0.23110960        0.15081471        0.17285858        0.18305717        0.18699782 
       -0.23056477       -0.22882827       -0.22799721        0.14831106        0.17116982        0.18188047        0.18607520 
       -0.22911514       -0.22689851       -0.22475091        0.14572762        0.16938162        0.18059687        0.18504052 
       -0.22753841       -0.22483663       -0.22137415        0.14306401        0.16749650        0.17920676        0.18389635 
       -0.22583418       -0.22264798       -0.21786873        0.14032660        0.16551434        0.17771037        0.18264322 
       -0.22400379       -0.22033316       -0.21423998        0.13751529        0.16343942        0.17611049        0.18128106 
       -0.22205059       -0.21789275       -0.21049160        0.13463543        0.16127129        0.17440790        0.17981203 
       -0.21997467       -0.21533103       -0.20662764        0.13168660        0.15901428        0.17260391        0.17823753 
       -0.21777885       -0.21265012       -0.20264998        0.12867539        0.15667021        0.17070027        0.17655782 
       -0.21546444       -0.20985276       -0.19856471        0.12560332        0.15423983        0.16869992        0.17477533 
       -0.21303388       -0.20694217       -0.19437529        0.12247305        0.15172791        0.16660281        0.17289196 
       -0.21049057       -0.20391992       -0.19008677        0.11928879        0.14913473        0.16441338        0.17090827 
       -0.20783582       -0.20078975       -0.18570174        0.11605298        0.14646527        0.16213137        0.16882773 
       -0.20507260       -0.19755480       -0.18122552        0.11276970        0.14372011        0.15976033        0.16665167 
       -0.20220415       -0.19421791       -0.17666392        0.10944060        0.14090237        0.15730317        0.16438217 
       -0.19923313       -0.19078231       -0.17201950        0.10606934        0.13801572        0.15476112        0.16202226 
       -0.19616155       -0.18725231       -0.16729876        0.10266116        0.13506266        0.15213816        0.15957271 
       -0.19299419       -0.18363051       -0.16250332        0.09921514        0.13204668        0.14943507        0.15703797 
       -0.18973067       -0.17992333       -0.15764228        0.09573965        0.12896898        0.14665630        0.15441889 
       -0.18637970       -0.17613068       -0.15271552        0.09223467        0.12583400        0.14380395        0.15171936 
       -0.18294106       -0.17225628       -0.14773142        0.08870335        0.12264414        0.14088160        0.14894156 
       -0.17941780       -0.16830707       -0.14269333        0.08514876        0.11940446        0.13788939        0.14608936 
       -0.17581463       -0.16428480       -0.13760605        0.08157524        0.11611565        0.13483468        0.14316332 
       -0.17213571       -0.16019298       -0.13247484        0.07798706        0.11278087        0.13171783        0.14016888 
       -0.16838248       -0.15603745       -0.12730378        0.07438321        0.10940564        0.12854092        0.13710818 
       -0.16456038       -0.15182079       -0.12209848        0.07077023        0.10599067        0.12531073        0.13398317 
       -0.16067207       -0.14754827       -0.11686289        0.06714907        0.10254060        0.12202723        0.13079827 
       -0.15672199       -0.14322233       -0.11160026        0.06352449        0.09905738        0.11869410        0.12755743 
       -0.15271248       -0.13884711       -0.10631905        0.05989996        0.09554413        0.11531592        0.12426219 
       -0.14865009       -0.13442744       -0.10101915        0.05627354        0.09200610        0.11189401        0.12091658 
       -0.14453492       -0.12996753       -0.09570853        0.05265331        0.08844412        0.10843382        0.11752328 
       -0.14037339       -0.12547043       -0.09039066        0.04903881        0.08486146        0.10493706        0.11408602 
       -0.13616851       -0.12094028       -0.08506884        0.04543412        0.08126324        0.10140578        0.11060907 
       -0.13192376       -0.11638179       -0.07974944        0.04184175        0.07764933        0.09784666        0.10709358 
       -0.12764344       -0.11179741       -0.07443425        0.03826250        0.07402594        0.09426013        0.10354429 
       -0.12333023       -0.10719259       -0.06913050        0.03470137        0.07039355        0.09064992        0.09996494 
       -0.11898929       -0.10257151       -0.06383621        0.03115826        0.06675671        0.08702038        0.09635641 
       -0.11462379       -0.09793588       -0.05856030        0.02763722        0.06311651        0.08337343        0.09272430 
       -0.11023667       -0.09329149       -0.05330702        0.02413891        0.05947816        0.07971179        0.08907167 
       -0.10583205       -0.08864086       -0.04807674        0.02066659        0.05584218        0.07604039        0.08540002 
       -0.10141358       -0.08398796       -0.04287500        0.01722150        0.05221264        0.07235976        0.08171476 
       -0.09698470       -0.07933518       -0.03770618        0.01380751        0.04858895        0.06867568        0.07801731 
       -0.09254785       -0.07468887       -0.03257141        0.01042194        0.04498021        0.06498741        0.07431207 
       -0.08810845       -0.07004857       -0.02747518        0.00707084        0.04138233        0.06130202        0.07060009 
       -0.08366912       -0.06541970       -0.02242067        0.00375486        0.03780211        0.05761909        0.06688654 
       -0.07923177       -0.06080728       -0.01740925        0.00047503        0.03423775        0.05394381        0.06317299 
       -0.07480054       -0.05621235       -0.01244567       -0.00276922        0.03069660        0.05027568        0.05946372 
       -0.07037873       -0.05163790       -0.00753154       -0.00597223        0.02717652        0.04662070        0.05575957 
       -0.06596976       -0.04708604       -0.00267022       -0.00913574        0.02368206        0.04297965        0.05206397 
       -0.06157549       -0.04256249        0.00213677       -0.01225701        0.02021354        0.03935583        0.04838053 
       -0.05719896       -0.03806808        0.00688660       -0.01533643        0.01677378        0.03575061        0.04471125 
       -0.05284385       -0.03360522        0.01157558       -0.01837107        0.01336584        0.03216666        0.04105791 
       -0.04851261       -0.02917793        0.01620629       -0.02136208        0.00999008        0.02860633        0.03742438 
       -0.04420675       -0.02478749        0.02077050       -0.02430611        0.00664768        0.02507191        0.03381260 
       -0.03993125       -0.02043543        0.02527153       -0.02720287        0.00334041        0.02156607        0.03022363 
       -0.03568578       -0.01612615        0.02970446       -0.03005501        0.00007227        0.01808984        0.02666108 
       -0.03147449       -0.01186076        0.03407061       -0.03285639       -0.00315894        0.01464451        0.02312715 
       -0.02729851       -0.00764134        0.03836601       -0.03561135       -0.00634824        0.01123358        0.01962269 
       -0.02316093       -0.00346909        0.04258870       -0.03831690       -0.00949777        0.00785960        0.01614954 
       -0.01906317        0.00065307        0.04674071       -0.04097138       -0.01260497        0.00452073        0.01271154 
       -0.01500741        0.00472335        0.05081972       -0.04357634       -0.01566891        0.00122069        0.00930944 
       -0.01099508        0.00874072        0.05482275       -0.04613223       -0.01868626       -0.00204073        0.00594491 
       -0.00702969        0.01270466        0.05875191       -0.04863692       -0.02165807       -0.00525914        0.00261864 
       -0.00310999        0.01661029        0.06260549       -0.05108997       -0.02458547       -0.00843389       -0.00066724 
        0.00076016        0.02045992        0.06638241       -0.05349309       -0.02746388       -0.01156528       -0.00391101 
        0.00457961        0.02425152        0.07008068       -0.05584531       -0.03029398       -0.01465278       -0.00711105 
        0.00834727        0.02798306        0.07370283       -0.05814471       -0.03307633       -0.01769344       -0.01026678 
        0.01206277        0.03165420        0.07724609       -0.06039618       -0.03580797       -0.02068737       -0.01337683 
        0.01572430        0.03526247        0.08071200       -0.06259618       -0.03849040       -0.02363339       -0.01643966 
        0.01932945        0.03880974        0.08410025       -0.06474438       -0.04112154       -0.02653022       -0.01945531 
        0.02287885        0.04229273        0.08741073       -0.06684172       -0.04370306       -0.02937803       -0.02242178 
        0.02637142        0.04571236        0.09064236       -0.06888705       -0.04623428       -0.03217374       -0.02534030 
        0.02980484        0.04906811        0.09379552       -0.07088574       -0.04871358       -0.03492044       -0.02820698 
        0.03318084        0.05235757        0.09687131       -0.07283318       -0.05114055       -0.03761494       -0.03102433 
        0.03649701        0.05558164        0.09987130       -0.07473099       -0.05351727       -0.04025782       -0.03378889 
        0.03975272        0.05874159        0.10279179       -0.07658014       -0.05584140       -0.04284935       -0.03650172 
        0.04294780        0.06183557        0.10563730       -0.07837889       -0.05811314       -0.04538904       -0.03916200 
        0.04608237        0.06486303        0.10840640       -0.08013046       -0.06033522       -0.04787495       -0.04176946 
        0.04915504        0.06782520        0.11109931       -0.08183391       -0.06250474       -0.05030837       -0.04432458 
        0.05216615        0.07072110        0.11371730       -0.08349125       -0.06462219       -0.05268894       -0.04682609 
        0.05511620        0.07354945        0.11626161       -0.08509909       -0.06669031       -0.05501591       -0.04927422 
        0.05800340        0.07631402        0.11873201       -0.08666159       -0.06870720       -0.05729008       -0.05166857 
        0.06082888        0.07901268        0.12112837       -0.08817846       -0.07067264       -0.05951179       -0.05400936 
        0.06359266        0.08164434        0.12345448       -0.08965088       -0.07258692       -0.06168164       -0.05629673 
        0.06629453        0.08421177        0.12570891       -0.09107759       -0.07445188       -0.06379727       -0.05853089 
        0.06893381        0.08671448        0.12789400       -0.09246136       -0.07626665       -0.06586266       -0.06071087 
        0.07151131        0.08915345        0.13000908       -0.09380106       -0.07803249       -0.06787508       -0.06283762 
        0.07402845        0.09152638        0.13205558       -0.09509841       -0.07974989       -0.06983509       -0.06491198 
        0.07648391        0.09383730        0.13403530       -0.09635318       -0.08141833       -0.07174437       -0.06693414 
        0.07887775        0.09608532        0.13594815       -0.09756605       -0.08304025       -0.07360236       -0.06890283 
        0.08121124        0.09827165        0.13779674       -0.09873904       -0.08461341       -0.07541033       -0.07082028 
        0.08348591        0.10039470        0.13958012       -0.09987252       -0.08613986       -0.07716715       -0.07268606 
        0.08570004        0.10245797        0.14130065       -0.10096449       -0.08762114       -0.07887536       -0.07450071 
        0.08785509        0.10445964        0.14296016       -0.10201792       -0.08905727       -0.08053605       -0.07626298 
        0.08995034        0.10640409        0.14455789       -0.10303453       -0.09044728       -0.08214462       -0.07797796 
        0.09198878        0.10828740        0.14609681       -0.10401487       -0.09179334       -0.08370703       -0.07964178 
        0.09396976        0.11011405        0.14757624       -0.10495738       -0.09309637       -0.08522082       -0.08125760 
        0.09589393        0.11188227        0.14899908       -0.10586364       -0.09435613       -0.08668900       -0.08282419 
        0.09776140        0.11359476        0.15036488       -0.10673550       -0.09557343       -0.08811066       -0.08434347 
        0.09957372        0.11525124        0.15167540       -0.10757212       -0.09674863       -0.08948748       -0.08581565 
        0.10133203        0.11685227        0.15293305       -0.10837521       -0.09788333       -0.09081902       -0.08724074 
        0.10303462        0.11840141        0.15413685       -0.10914528       -0.09897742       -0.09210785       -0.08861928 
        0.10468464        0.11989632        0.15528996       -0.10988236       -0.10003292       -0.09335241       -0.08995380 
        0.10628317        0.12133811        0.15639253       -0.11058842       -0.10104855       -0.09455428       -0.09124439 
        0.10782769        0.12273062        0.15744637       -0.11126194       -0.10202731       -0.09571310       -0.09249086 
        0.10932346        0.12407131        0.15845144       -0.11190523       -0.10296849       -0.09683267       -0.09369428 
        0.11076779        0.12536374        0.15940855       -0.11251873       -0.10387366       -0.09791057       -0.09485528 
        0.11216402        0.12660643        0.16032013       -0.11310543       -0.10474163       -0.09894948       -0.09597477 
        0.11351112        0.12780206        0.16118740       -0.11366127       -0.10557579       -0.09995016       -0.09705373 
        0.11480998        0.12895192        0.16201136       -0.11418842       -0.10637484       -0.10091157       -0.09809317 
        0.11606245        0.13005550        0.16279154       -0.11469139       -0.10713980       -0.10183494       -0.09909355 
        0.11726950        0.13111442        0.16353032       -0.11516630       -0.10787234       -0.10272203       -0.10005603 
        0.11843036        0.13212982        0.16422880       -0.11561470       -0.10857267       -0.10357465       -0.10097984 
        0.11954725        0.13310295        0.16488759       -0.11603814       -0.10924129       -0.10439029       -0.10186816 
        0.12062148        0.13403255        0.16550931       -0.11643652       -0.10987879       -0.10517401       -0.10271858 
        0.12165264        0.13492230        0.16609190       -0.11681095       -0.11048754       -0.10592127       -0.10353550 
        0.12264303        0.13577071        0.16663899       -0.11716219       -0.11106462       -0.10663764       -0.10431728 
        0.12359097        0.13658157        0.16714965       -0.11749178       -0.11161395       -0.10732105       -0.10506528 
        0.12450004        0.13735327        0.16762555       -0.11779536       -0.11213579       -0.10797410       -0.10577986 
        0.12536992        0.13808751        0.16806813       -0.11807929       -0.11262970       -0.10859463       -0.10646361 
        0.12620170        0.13878481        0.16847949       -0.11834323       -0.11309689       -0.10918526       -0.10711541 
        0.12699543        0.13944694        0.16885789       -0.11858450       -0.11353742       -0.10974852       -0.10773539 
        0.12775263        0.14007410        0.16920674       -0.11880614       -0.11395241       -0.11028291       -0.10832655 
        0.12847462        0.14066669        0.16952471       -0.11900691       -0.11434356       -0.11078845       -0.10888826 
        0.12916131        0.14122672        0.16981281       -0.11919016       -0.11470944       -0.11126718       -0.10942181 
        0.12981425        0.14175475        0.17007202       -0.11935475       -0.11505268       -0.11171921       -0.10992660 
        0.13043359        0.14225040        0.17030591       -0.11949912       -0.11537261       -0.11214630       -0.11040431 
        0.13101962        0.14271624        0.17051181       -0.11962749       -0.11567017       -0.11254714       -0.11085613 
        0.13157482        0.14315070        0.17069238       -0.11973741       -0.11594547       -0.11292519       -0.11128126 
        0.13209815        0.14355756        0.17084716       -0.11983061       -0.11620011       -0.11327714       -0.11168266 
        0.13259168        0.14393511        0.17097791       -0.11990908       -0.11643267       -0.11360694       -0.11205881 
        0.13305531        0.14428528        0.17108519       -0.11996948       -0.11664613       -0.11391500       -0.11241086 
        0.13349076        0.14460821        0.17116749       -0.12001510       -0.11683935       -0.11420009       -0.11274018 
        0.13389750        0.14490537        0.17122969       -0.12004583       -0.11701470       -0.11446305       -0.11304688 
        0.13427728        0.14517646        0.17126954       -0.12006220       -0.11717058       -0.11470494       -0.11333197 
        0.13462934        0.14542313        0.17128831       -0.12006301       -0.11730903       -0.11492780       -0.11359494 
        0.13495693        0.14564489        0.17128713       -0.12005077       -0.11742888       -0.11513009       -0.11383761 
        0.13525884        0.14584287        0.17126535       -0.12002474       -0.11753182       -0.11531401       -0.11405969 
        0.13553563        0.14601885        0.17122437       -0.11998605       -0.11761805       -0.11547937       -0.11426161 
        0.13578761        0.14617316        0.17116611       -0.11993349       -0.11768912       -0.11562526       -0.11444515 
        0.13601783        0.14630388        0.17108852       -0.11986869       -0.11774410       -0.11575404       -0.11461006 
        0.13622412        0.14641473        0.17099297       -0.11979274       -0.11778247       -0.11586621       -0.11475684 
        0.13640849        0.14650550        0.17088117       -0.11970431       -0.11780762       -0.11596085       -0.11488564 
        0.13657179        0.14657484        0.17075357       -0.11960451       -0.11781706       -0.11603971       -0.11499760 
        0.13671364        0.14662591        0.17060889       -0.11949417       -0.11781318       -0.11610167       -0.11509352 
        0.13683462        0.14665863        0.17044882       -0.11937176       -0.11779521       -0.11614974       -0.11517258 
        0.13693644        0.14667189        0.17027536       -0.11923959       -0.11776473       -0.11618185       -0.11523629 
        0.13701896        0.14666767        0.17008536       -0.11909749       -0.11771971       -0.11620074       -0.11528443 
        0.13708220        0.14664719        0.16988164       -0.11894459       -0.11766391       -0.11620449       -0.11531826 
        0.13712783        0.14660881        0.16966447       -0.11878368       -0.11759492       -0.11619470       -0.11533712 
        0.13715525        0.14655447        0.16943446       -0.11861111       -0.11751480       -0.11617209       -0.11534266 
        0.13716555        0.14648402        0.16919130       -0.11843077       -0.11742353       -0.11613579       -0.11533425 
        0.13715923        0.14639862        0.16893631       -0.11824191       -0.11731966       -0.11608811       -0.11531285 
        0.13713630        0.14629875        0.16866757       -0.11804432       -0.11720611       -0.11602733       -0.11527850 
        0.13709752        0.14618362        0.16838881       -0.11783813       -0.11708155       -0.11595599       -0.11523128 
        0.13704380        0.14605442        0.16809769       -0.11762442       -0.11694664       -0.11587162       -0.11517321 
        0.13697457        0.14591235        0.16779573       -0.11740285       -0.11680222       -0.11577746       -0.11510225 
        0.13689093        0.14575689        0.16748370       -0.11717275       -0.11664850       -0.11567122       -0.11502091 
        0.13679351        0.14558794        0.16716138       -0.11693627       -0.11648520       -0.11555504       -0.11492827 
        0.13668142        0.14540771        0.16682796       -0.11669216       -0.11631276       -0.11542839       -0.11482506 
        0.13655655        0.14521503        0.16648529       -0.11644103       -0.11613134       -0.11529268       -0.11471090 
        0.13641961        0.14500956        0.16613375       -0.11618324       -0.11594126       -0.11514743       -0.11458675 
        0.13626909        0.14479402        0.16577202       -0.11591897       -0.11574392       -0.11499176       -0.11445351 
        0.13610739        0.14456601        0.16540276       -0.11564821       -0.11553773       -0.11482802       -0.11430977 
        0.13593289        0.14432839        0.16502434       -0.11537223       -0.11532422       -0.11465520       -0.11415755 
        0.13574745        0.14407969        0.16463898       -0.11508857       -0.11510342       -0.11447426       -0.11399588 
        0.13555078        0.14382149        0.16424374       -0.11480068       -0.11487400       -0.11428472       -0.11382612 
        0.13534319        0.14355318        0.16384263       -0.11450726       -0.11463854       -0.11408751       -0.11364733 
        0.13512518        0.14327587        0.16343160       -0.11420805       -0.11439552       -0.11388238       -0.11346103 
        0.13489765        0.14298813        0.16301540       -0.11390338       -0.11414675       -0.11366945       -0.11326677 
        0.13465910        0.14269312        0.16259123       -0.11359347       -0.11389159       -0.11344932       -0.11306424 
        0.13441196        0.14238848        0.16216059       -0.11327950       -0.11362889       -0.11322280       -0.11285480 
        0.13415504        0.14207582        0.16172326       -0.11296092       -0.11336134       -0.11298869       -0.11263785 
        0.13388908        0.14175518        0.16127911       -0.11263710       -0.11308758       -0.11274852       -0.11241391 
        0.13361518        0.14142628        0.16082948       -0.11230917       -0.11280796       -0.11250143       -0.11218318 
        0.13333216        0.14109010        0.16037337       -0.11197656       -0.11252315       -0.11224819       -0.11194608 
        0.13304086        0.14074673        0.15991159       -0.11164030       -0.11223176       -0.11198964       -0.11170235 
        0.13274251        0.14039527        0.15944493       -0.11130007       -0.11193597       -0.11172481       -0.11145253 
        0.13243584        0.14003746        0.15897237       -0.11095501       -0.11163574       -0.11145383       -0.11119703 
        0.13212149        0.13967396        0.15849450       -0.11060753       -0.11133040       -0.11117718       -0.11093560 
        0.13180037        0.13930281        0.15801150       -0.11025522       -0.11102035       -0.11089644       -0.11066810 
        0.13147250        0.13892563        0.15752409       -0.10990032       -0.11070575       -0.11060936       -0.11039577 
        0.13113739        0.13854279        0.15703170       -0.10954188       -0.11038715       -0.11031740       -0.11011779 
        0.13079596        0.13815370        0.15653478       -0.10918029       -0.11006357       -0.11002096       -0.10983490 
        0.13044856        0.13775913        0.15603301       -0.10881593       -0.10973588       -0.10971986       -0.10954722 
        0.13009456        0.13735890        0.15552816       -0.10844796       -0.10940505       -0.10941399       -0.10925423 
        0.12973513        0.13695361        0.15501761       -0.10807716       -0.10907006       -0.10910407       -0.10895690 
        0.12937005        0.13654293        0.15450421       -0.10770351       -0.10873152       -0.10878927       -0.10865566 
        0.12899899        0.13612771        0.15398699       -0.10732834       -0.10838854       -0.10847156       -0.10834886 
        0.12862247        0.13570789        0.15346608       -0.10694943       -0.10804377       -0.10814884       -0.10803831 
        0.12824135        0.13528319        0.15294127       -0.10656805       -0.10769439       -0.10782284       -0.10772409 
        0.12785545        0.13485341        0.15241385       -0.10618507       -0.10734172       -0.10749310       -0.10740571 
        0.12746401        0.13442020        0.15188263       -0.10579886       -0.10698672       -0.10715961       -0.10708369 
        0.12706873        0.13398287        0.15134802       -0.10541140       -0.10662834       -0.10682276       -0.10675797 
        0.12666862        0.13354151        0.15081048       -0.10502166       -0.10626701       -0.10648292       -0.10642822 
        0.12626402        0.13309622        0.15027039       -0.10463016       -0.10590292       -0.10613985       -0.10609520 
        0.12585583        0.13264661        0.14972778       -0.10423653       -0.10553633       -0.10579301       -0.10575963 
        0.12544326        0.13219415        0.14918205       -0.10384022       -0.10516790       -0.10544326       -0.10542063 
        0.12502670        0.13173856        0.14863424       -0.10344431       -0.10479597       -0.10509129       -0.10507781 
        0.12460634        0.13127938        0.14808370       -0.10304504       -0.10442201       -0.10473635       -0.10473263 
        0.12418306        0.13081688        0.14753073       -0.10264456       -0.10404660       -0.10437813       -0.10438480 
        0.12375611        0.13035133        0.14697596       -0.10224266       -0.10366802       -0.10401843       -0.10403349 
        0.12332554        0.12988348        0.14641854       -0.10183960       -0.10328769       -0.10365591       -0.10367980 
        0.12289206        0.12941219        0.14585902       -0.10143463       -0.10290549       -0.10329140       -0.10332349 
        0.12245523        0.12893905        0.14529793       -0.10102893       -0.10252155       -0.10292353       -0.10296519 
        0.12201589        0.12846257        0.14473568       -0.10062190       -0.10213567       -0.10255367       -0.10260455 
        0.12157387        0.12798387        0.14417058       -0.10021406       -0.10174773       -0.10218215       -0.10224134 
        0.12112898        0.12750289        0.14360437       -0.09980454       -0.10135845       -0.10180867       -0.10187624 
        0.12068129        0.12701997        0.14303592       -0.09939457       -0.10096769       -0.10143326       -0.10150842 
        0.12023146        0.12653436        0.14246741       -0.09898278       -0.10057622       -0.10105547       -0.10113944 
        0.11977948        0.12604706        0.14189652       -0.09857190       -0.10018182       -0.10067683       -0.10076763 
        0.11932485        0.12555820        0.14132394       -0.09815877       -0.09978665       -0.10029631       -0.10039441 
        0.11886839        0.12506700        0.14075153       -0.09774563       -0.09939019       -0.09991401       -0.10001979 
        0.11840995        0.12457412        0.14017673       -0.09733104       -0.09899249       -0.09953022       -0.09964333 
        0.11794949        0.12407983        0.13960098       -0.09691668       -0.09859415       -0.09914429       -0.09926499 
        0.11748740        0.12358359        0.13902490       -0.09650133       -0.09819412       -0.09875811       -0.09888571 
        0.11702314        0.12308633        0.13844779       -0.09608570       -0.09779306       -0.09837032       -0.09850442 
        0.11655726        0.12258824        0.13786934       -0.09566914       -0.09739228       -0.09798036       -0.09812234 
        0.11609073        0.12208733        0.13729057       -0.09525221       -0.09698968       -0.09759033       -0.09773821 
        0.11562166        0.12158659        0.13671057       -0.09483495       -0.09658626       -0.09719933       -0.09735292 
        0.11515138        0.12108434        0.13613065       -0.09441812       -0.09618225       -0.09680656       -0.09696711 
        0.11468051        0.12058050        0.13554956       -0.09400050       -0.09577759       -0.09641271       -0.09658024 
        0.11420773        0.12007620        0.13496891       -0.09358312       -0.09537177       -0.09601875       -0.09619148 
        0.11373434        0.11957061        0.13438739       -0.09316422       -0.09496608       -0.09562343       -0.09580255 
        0.11325961        0.11906449        0.13380547       -0.09274692       -0.09455979       -0.09522733       -0.09541208 
        0.11278398        0.11855767        0.13322264       -0.09232906       -0.09415260       -0.09483092       -0.09502070 
        0.11230729        0.11805011        0.13264035       -0.09191056       -0.09374518       -0.09443294       -0.09462960 
        0.11182986        0.11754224        0.13205719       -0.09149215       -0.09333813       -0.09403525       -0.09423663 
        0.11135163        0.11703344        0.13147485       -0.09107438       -0.09292995       -0.09363645       -0.09384344 
        0.11087269        0.11652426        0.13089162       -0.09065676       -0.09252093       -0.09323779       -0.09344957 
        0.11039303        0.11601488        0.13030849       -0.09023876       -0.09211258       -0.09283834       -0.09305458 
        0.10991331        0.11550475        0.12972513       -0.08982119       -0.09170362       -0.09243798       -0.09266002 
        0.10943265        0.11499451        0.12914243       -0.08940385       -0.09129483       -0.09203748       -0.09226459 
        0.10895177        0.11448397        0.12855978       -0.08898675       -0.09088605       -0.09163619       -0.09186906 
        0.10847028        0.11397338        0.12797661       -0.08856971       -0.09047715       -0.09123625       -0.09147200 
        0.10798895        0.11346213        0.12739490       -0.08815371       -0.09006749       -0.09083500       -0.09107561 
        0.10750704        0.11295119        0.12681282       -0.08773708       -0.08965872       -0.09043340       -0.09067877 
        0.10702462        0.11244045        0.12623081       -0.08732145       -0.08924975       -0.09003178       -0.09028170 
        0.10654248        0.11192926        0.12564963       -0.08690598       -0.08884037       -0.08963021       -0.08988447 
        0.10606019        0.11141872        0.12506829       -0.08649115       -0.08843191       -0.08922885       -0.08948661 
        0.10557766        0.11090808        0.12448791       -0.08607610       -0.08802361       -0.08882735       -0.08908901 
        0.10509551        0.11039706        0.12390792       -0.08566269       -0.08761515       -0.08842536       -0.08869161 
        0.10461297        0.10988705        0.12332869       -0.08524874       -0.08720688       -0.08802396       -0.08829390 
        0.10413108        0.10937674        0.12275023       -0.08483636       -0.08679905       -0.08762264       -0.08789598 
        0.10364879        0.10886721        0.12217141       -0.08442395       -0.08639184       -0.08722129       -0.08749821 
        0.10316698        0.10835770        0.12159357       -0.08401252       -0.08598471       -0.08681979       -0.08710106 
        0.10268509        0.10784895        0.12101750       -0.08360159       -0.08557813       -0.08641881       -0.08670348 
        0.10220390        0.10734010        0.12044112       -0.08319043       -0.08517177       -0.08601826       -0.08630633 
        0.10172293        0.10683216        0.11986581       -0.08278158       -0.08476572       -0.08561780       -0.08590913 
        0.10124265        0.10632420        0.11929107       -0.08237271       -0.08436055       -0.08521760       -0.08551203 
        0.10076241        0.10581729        0.11871736       -0.08196489       -0.08395562       -0.08481801       -0.08511523 
        0.10028251        0.10531101        0.11814453       -0.08155724       -0.08355126       -0.08441831       -0.08471923 
        0.09980319        0.10480519        0.11757258       -0.08115063       -0.08314753       -0.08401923       -0.08432344 
        0.09932459        0.10430017        0.11700176       -0.08074511       -0.08274423       -0.08362050       -0.08392762 
        0.09884639        0.10379579        0.11643197       -0.08034050       -0.08234146       -0.08322293       -0.08353192 
        0.09836883        0.10329197        0.11586261       -0.07993628       -0.08193920       -0.08282507       -0.08313731 
        0.09789214        0.10278889        0.11529490       -0.07953245       -0.08153842       -0.08242843       -0.08274247 
        0.09741568        0.10228715        0.11472796       -0.07913084       -0.08113762       -0.08203132       -0.08234874 
        0.09694041        0.10178541        0.11416237       -0.07872909       -0.08073778       -0.08163527       -0.08195555 
        0.09646540        0.10128537        0.11359729       -0.07832881       -0.08033857       -0.08124022       -0.08156221 
        0.09599151        0.10078551        0.11303427       -0.07792916       -0.07994036       -0.08084480       -0.08117015 
        0.09551829        0.10028669        0.11247176       -0.07753096       -0.07954234       -0.08045064       -0.08077841 
        0.09504585        0.09978897        0.11191104       -0.07713347       -0.07914554       -0.08005735       -0.08038698 
        0.09457413        0.09929257        0.11135104       -0.07673711       -0.07874972       -0.07966436       -0.07999635 
        0.09410400        0.09879629        0.11079248       -0.07634160       -0.07835443       -0.07927229       -0.07960641 
        0.09363422        0.09830177        0.11023526       -0.07594704       -0.07796001       -0.07888086       -0.07921726 
        0.09316488        0.09780846        0.10967903       -0.07555383       -0.07756651       -0.07848996       -0.07882872 
        0.09269726        0.09731559        0.10912491       -0.07516120       -0.07717431       -0.07809996       -0.07844065 
        0.09223074        0.09682383        0.10857123       -0.07477014       -0.07678222       -0.07771105       -0.07805351 
        0.09176490        0.09633345        0.10801919       -0.07438036       -0.07639173       -0.07732262       -0.07766712 
        0.09129978        0.09584451        0.10746901       -0.07399079       -0.07600194       -0.07693599       -0.07728110 
        0.09083600        0.09535638        0.10691980       -0.07360301       -0.07561322       -0.07654903       -0.07689653 
        0.09037329        0.09486961        0.10637183       -0.07321633       -0.07522520       -0.07616310       -0.07651246 
        0.08991190        0.09438384        0.10582579       -0.07283066       -0.07483833       -0.07577850       -0.07612915 
        0.08945146        0.09389941        0.10528069       -0.07244601       -0.07445268       -0.07539439       -0.07574679 
        0.08899231        0.09341616        0.10473758       -0.07206278       -0.07406766       -0.07501139       -0.07536533 
        0.08853384        0.09293457        0.10419572       -0.07168034       -0.07368459       -0.07462914       -0.07498475 
        0.08807711        0.09245367        0.10365552       -0.07129981       -0.07330122       -0.07424837       -0.07460498 
        0.08762166        0.09197418        0.10311682       -0.07092039       -0.07291969       -0.07386805       -0.07422607 
        0.08716674        0.09149636        0.10258010       -0.07054183       -0.07253904       -0.07348886       -0.07384843 
        0.08671354        0.09101985        0.10204402       -0.07016409       -0.07216022       -0.07311039       -0.07347146 
        0.08626159        0.09054438        0.10151041       -0.06978859       -0.07178154       -0.07273346       -0.07309559 
        0.08581062        0.09007070        0.10097809       -0.06941325       -0.07140455       -0.07235701       -0.07272075 
        0.08536127        0.08959805        0.10044704       -0.06903980       -0.07102848       -0.07198240       -0.07234625 
        0.08491340        0.08912653        0.09991799       -0.06866771       -0.07065343       -0.07160784       -0.07197367 
        0.08446611        0.08865757        0.09939012       -0.06829676       -0.07027961       -0.07123540       -0.07160146 
        0.08402105        0.08818873        0.09886439       -0.06792716       -0.06990714       -0.07086328       -0.07123048 
        0.08357689        0.08772209        0.09834034       -0.06755842       -0.06953582       -0.07049190       -0.07086093 
        0.08313409        0.08725676        0.09781769       -0.06719150       -0.06916554       -0.07012261       -0.07049176 
        0.08269239        0.08679302        0.09729715       -0.06682564       -0.06879639       -0.06975403       -0.07012395 
        0.08225252        0.08633029        0.09677833       -0.06646111       -0.06842849       -0.06938650       -0.06975736 
        0.08181388        0.08586939        0.09626098       -0.06609799       -0.06806180       -0.06902023       -0.06939173 
        0.08137676        0.08541006        0.09574528       -0.06573601       -0.06769662       -0.06865461       -0.06902739 
        0.08094077        0.08495215        0.09523201       -0.06537538       -0.06733249       -0.06829059       -0.06866390 
        0.08050666        0.08449560        0.09471972       -0.06501637       -0.06696911       -0.06792793       -0.06830158 
        0.08007365        0.08404085        0.09420931       -0.06465847       -0.06660727       -0.06756666       -0.06794021 
        0.07964218        0.08358777        0.09370041       -0.06430142       -0.06624728       -0.06720541       -0.06758054 
        0.07921213        0.08313615        0.09319366       -0.06394644       -0.06588809       -0.06684616       -0.06722170 
        0.07878383        0.08268593        0.09268868       -0.06359284       -0.06553008       -0.06648804       -0.06686386 
        0.07835667        0.08223740        0.09218567       -0.06323995       -0.06517370       -0.06613097       -0.06650735 
        0.07793113        0.08179055        0.09168417       -0.06288912       -0.06481803       -0.06577561       -0.06615176 
        0.07750721        0.08134506        0.09118458       -0.06253932       -0.06446396       -0.06542081       -0.06579771 
        0.07708441        0.08090159        0.09068692       -0.06219108       -0.06411129       -0.06506748       -0.06544477 
        0.07666373        0.08045908        0.09019099       -0.06184388       -0.06375953       -0.06471579       -0.06509287 
        0.07624414        0.08001879        0.08969667       -0.06149781       -0.06340963       -0.06436475       -0.06474251 
        0.07582620        0.07957981        0.08920480       -0.06115398       -0.06306062       -0.06401494       -0.06439321 
        0.07540984        0.07914256        0.08871453       -0.06081092       -0.06271312       -0.06366684       -0.06404496 
        0.07499494        0.07870708        0.08822570       -0.06046956       -0.06236674       -0.06331982       -0.06369806 
        0.07458177        0.07827289        0.08773943       -0.06012911       -0.06202209       -0.06297377       -0.06335257 
        0.07416998        0.07784072        0.08725443       -0.05979106       -0.06167813       -0.06262959       -0.06300788 
        0.07375983        0.07740991        0.08677191       -0.05945354       -0.06133610       -0.06228611       -0.06266475 
        0.07335147        0.07698072        0.08629078       -0.05911767       -0.06099477       -0.06194434       -0.06232279 
        0.07294434        0.07655352        0.08581180       -0.05878318       -0.06065552       -0.06160320       -0.06198231 
        0.07253891        0.07612796        0.08533448       -0.05845008       -0.06031734       -0.06126378       -0.06164287 
        0.07213502        0.07570408        0.08485908       -0.05811816       -0.05998060       -0.06092590       -0.06130448 
        0.07173286        0.07528154        0.08438604       -0.05778798       -0.05964490       -0.06058887       -0.06096793 
        0.07133219        0.07486095        0.08391431       -0.05745919       -0.05931070       -0.06025349       -0.06063215 
        0.07093326        0.07444198        0.08344464       -0.05713196       -0.05897776       -0.05991923       -0.06029797 
        0.07053577        0.07402472        0.08297700       -0.05680550       -0.05864641       -0.05958635       -0.05996484 
        0.07013988        0.07360926        0.08251125       -0.05648102       -0.05831614       -0.05925484       -0.05963303 
        0.06974574        0.07319535        0.08204741       -0.05615776       -0.05798765       -0.05892462       -0.05930242 
        0.06935306        0.07278337        0.08158541       -0.05583587       -0.05766009       -0.05859560       -0.05897345 
        0.06896213        0.07237290        0.08112516       -0.05551561       -0.05733420       -0.05826787       -0.05864565 
        0.06857279        0.07196427        0.08066719       -0.05519644       -0.05700947       -0.05794170       -0.05831890 
        0.06818504        0.07155717        0.08021101       -0.05487895       -0.05668613       -0.05761696       -0.05799349 
        0.06779899        0.07115188        0.07975679       -0.05456265       -0.05636438       -0.05729327       -0.05766946 
        0.06741460        0.07074823        0.07930444       -0.05424793       -0.05604380       -0.05697089       -0.05734695 
        0.06703154        0.07034665        0.07885382       -0.05393467       -0.05572467       -0.05664986       -0.05702566 
        0.06665041        0.06994631        0.07840577       -0.05362285       -0.05540662       -0.05633037       -0.05670574 
        0.06627094        0.06954782        0.07795895       -0.05331231       -0.05509055       -0.05601193       -0.05638679 
        0.06589306        0.06915103        0.07751437       -0.05300326       -0.05477540       -0.05569474       -0.05606957 
        0.06551656        0.06875631        0.07707203       -0.05269562       -0.05446144       -0.05537936       -0.05575352 
        0.06514206        0.06836267        0.07663129       -0.05238914       -0.05414960       -0.05506508       -0.05543862 
        0.06476907        0.06797120        0.07619245       -0.05208433       -0.05383865       -0.05475213       -0.05512528 
        0.06439757        0.06758136        0.07575583       -0.05178088       -0.05352906       -0.05444036       -0.05481331 
        0.06402799        0.06719308        0.07532080       -0.05147894       -0.05322085       -0.05413033       -0.05450246 
        0.06365973        0.06680690        0.07488778       -0.05117840       -0.05291386       -0.05382148       -0.05419287 
        0.06329321        0.06642234        0.07445664       -0.05087894       -0.05260900       -0.05351376       -0.05388485 
        0.06292842        0.06603938        0.07402761       -0.05058115       -0.05230458       -0.05320773       -0.05357801 
        0.06256527        0.06565817        0.07360029       -0.05028492       -0.05200216       -0.05290266       -0.05327262 
        0.06220354        0.06527895        0.07317511       -0.04999010       -0.05170090       -0.05259924       -0.05296833 
        0.06184353        0.06490102        0.07275193       -0.04969606       -0.05140106       -0.05229714       -0.05266556 
        0.06148542        0.06452487        0.07233056       -0.04940403       -0.05110205       -0.05199649       -0.05236414 
        0.06112873        0.06415056        0.07191093       -0.04911297       -0.05080541       -0.05169678       -0.05206402 
        0.06077372        0.06377798        0.07149345       -0.04882379       -0.05050958       -0.05139866       -0.05176518 
        0.06042030        0.06340706        0.07107808       -0.04853577       -0.05021515       -0.05110202       -0.05146753 
        0.06006842        0.06303811        0.07066414       -0.04824886       -0.04992228       -0.05080640       -0.05117159 
        0.05971841        0.06267064        0.07025253       -0.04796388       -0.04963038       -0.05051255       -0.05087660 
        0.05936986        0.06230507        0.06984258       -0.04767981       -0.04934030       -0.05021960       -0.05058331 
        0.05902316        0.06194078        0.06943472       -0.04739755       -0.04905134       -0.04992822       -0.05029106 
        0.05867786        0.06157871        0.06902860       -0.04711653       -0.04876368       -0.04963790       -0.05000045 
        0.05833441        0.06121785        0.06862475       -0.04683660       -0.04847759       -0.04934940       -0.04971077 
        0.05799242        0.06085905        0.06822247       -0.04655842       -0.04819288       -0.04906200       -0.04942244 
        0.05765208        0.06050174        0.06782217       -0.04628120       -0.04790951       -0.04877599       -0.04913563 
        0.05731317        0.06014641        0.06742376       -0.04600567       -0.04762714       -0.04849128       -0.04885025 
        0.05697618        0.05979256        0.06702743       -0.04573154       -0.04734662       -0.04820790       -0.04856582 
        0.05664073        0.05944031        0.06663311       -0.04545875       -0.04706711       -0.04792593       -0.04828288 
        0.05630669        0.05909009        0.06624036       -0.04518719       -0.04678904       -0.04764525       -0.04800128 
        0.05597450        0.05874130        0.06584975       -0.04491680       -0.04651234       -0.04736583       -0.04772113 
        0.05564386        0.05839434        0.06546076       -0.04464823       -0.04623701       -0.04708758       -0.04744228 
        0.05531475        0.05804910        0.06507361       -0.04438078       -0.04596299       -0.04681097       -0.04716460 
        0.05498724        0.05770541        0.06468879       -0.04411459       -0.04569051       -0.04653570       -0.04688821 
        0.05466149        0.05736344        0.06430526       -0.04384972       -0.04541923       -0.04626163       -0.04661327 
