        0.00000000        0.00000000        0.00000000        0.00000000        0.00000000        0.00000000        0.00000000 
        0.00000000        0.00000000        0.00000000        0.00000000        0.00000000        0.00000000        0.00000000 
        0.00000000        0.00000000        0.00000000        0.00000000        0.00000000        0.00000000        0.00000000 
        0.00000000        0.00000000        0.00000000        0.00000000        0.00000000        0.00000000        0.00000000 
        0.00000000        0.00000000        0.00000000        0.00000000        0.00000000        0.00000000        0.00000000 
        0.00000000        0.00000000        0.00000000        0.00000000        0.00000000        0.00000000        0.00000000 
        0.00000000        0.00000000        0.00000000        0.00000000        0.00000000        0.00000000        0.00000000 
        0.00000000        0.00000000        0.00000000        0.00000000        0.00000000        0.00000000        0.00000000 
        0.00000000        0.00000000        0.00000000        0.00000000        0.00000000        0.00000000        0.00000000 
        0.00000000        0.00000000        0.00000000        0.00000000        0.00000000        0.00000000        0.00000000 
        0.00000000        0.00000000        0.00000000        0.00000000        0.00000000        0.00000000        0.00000000 
        0.00000000        0.00000000        0.00000000        0.00000000        0.00000000        0.00000000        0.00000000 
        0.00000000        0.00000000        0.00000000        0.00000000        0.00000000        0.00000000        0.00000000 
        0.00000000        0.00000000        0.00000000        0.00000000        0.00000000        0.00000000        0.00000000 
        0.00000000        0.00000000        0.00000000        0.00000000        0.00000000        0.00000000        0.00000000 
        0.00000000        0.00000000        0.00000000        0.00000000        0.00000000        0.00000000        0.00000000 
        0.00000000        0.00000000        0.00000000        0.00000000        0.00000000        0.00000000        0.00000000 
        0.00000000        0.00000000        0.00000000        0.00000000        0.00000000        0.00000000        0.00000000 
        0.00000000        0.00000000        0.00000000        0.00000000        0.00000000        0.00000000        0.00000000 
        0.00000000        0.00000000        0.00000000        0.00000000        0.00000000        0.00000000        0.00000000 
        0.00000000        0.00000000        0.00000000        0.00000000        0.00000000        0.00000000        0.00000000 
        0.00000000        0.00000000        0.00000000        0.00000000        0.00000000        0.00000000        0.00000000 
        0.00000000        0.00000000        0.00000000        0.00000000        0.00000000        0.00000000        0.00000000 
        0.00000000        0.00000000        0.00000000        0.00000000        0.00000000        0.00000000        0.00000000 
        0.00000000        0.00000000        0.00000000        0.00000000        0.00000000        0.00000000        0.00000000 
        0.00000000        0.00000000        0.00000000        0.00000000        0.00000000        0.00000000        0.00000000 
        0.00000000        0.00000000        0.00000000        0.00000000        0.00000000        0.00000000        0.00000000 
        0.00000000        0.00000000        0.00000000        0.00000000        0.00000000        0.00000000        0.00000000 
        0.00000000        0.00000000        0.00000000        0.00000000        0.00000000        0.00000000        0.00000000 
        0.00000000        0.00000000        0.00000000        0.00000000        0.00000000        0.00000000        0.00000000 
        0.00000000        0.00000000        0.00000000        0.00000000        0.00000000        0.00000000        0.00000000 
        0.00000000        0.00000000        0.00000000        0.00000000        0.00000000        0.00000000        0.00000000 
        0.00000000        0.00000000        0.00000000        0.00000000        0.00000000        0.00000000        0.00000000 
        0.00000000        0.00000000        0.00000000        0.00000000        0.00000000        0.00000000        0.00000000 
        0.00000000        0.00000000        0.00000000        0.00000000        0.00000000        0.00000000        0.00000000 
        0.00000000        0.00000000        0.00000000        0.00000000        0.00000000        0.00000000        0.00000000 
        0.00000000        0.00000000        0.00000000        0.00000000        0.00000000        0.00000000        0.00000000 
        0.00000000        0.00000000        0.00000000        0.00000000        0.00000000        0.00000000        0.00000000 
        0.00000000       -0.00000000       -0.00000000       -0.00000000       -0.00000000       -0.00000000       -0.00000000 
        0.00000000       -0.00000000       -0.00000000       -0.00000000       -0.00000000       -0.00000000       -0.00000000 
        0.00000000       -0.00000000       -0.00000000       -0.00000000       -0.00000000       -0.00000000       -0.00000000 
        0.00000000       -0.00000000       -0.00000000       -0.00000000       -0.00000000       -0.00000000       -0.00000000 
       -0.00000000       -0.00000000       -0.00000000       -0.00000000       -0.00000000       -0.00000000       -0.00000000 
       -0.00000000       -0.00000000       -0.00000000       -0.00000000       -0.00000000       -0.00000000       -0.00000000 
       -0.00000000       -0.00000000       -0.00000000       -0.00000000       -0.00000000       -0.00000000       -0.00000000 
       -0.00000000       -0.00000000       -0.00000000       -0.00000000       -0.00000000       -0.00000000       -0.00000000 
       -0.00000000       -0.00000000       -0.00000000       -0.00000000       -0.00000000       -0.00000000       -0.00000000 
       -0.00000000       -0.00000000       -0.00000000       -0.00000000       -0.00000000       -0.00000000       -0.00000000 
       -0.00000000       -0.00000000       -0.00000000       -0.00000000       -0.00000000       -0.00000000       -0.00000000 
       -0.00000000       -0.00000000       -0.00000000       -0.00000000       -0.00000000       -0.00000000       -0.00000000 
       -0.00000000       -0.00000000       -0.00000000       -0.00000000       -0.00000000       -0.00000000       -0.00000000 
       -0.00000000       -0.00000000       -0.00000000       -0.00000000       -0.00000000       -0.00000000       -0.00000000 
       -0.00000000       -0.00000000       -0.00000000       -0.00000000       -0.00000000       -0.00000000       -0.00000000 
       -0.00000000       -0.00000000       -0.00000000       -0.00000000       -0.00000000       -0.00000000       -0.00000000 
       -0.00000000       -0.00000000       -0.00000000       -0.00000000       -0.00000000       -0.00000000       -0.00000000 
       -0.00000000       -0.00000000       -0.00000000       -0.00000000       -0.00000000       -0.00000000       -0.00000000 
       -0.00000000       -0.00000000       -0.00000000       -0.00000000       -0.00000000       -0.00000000       -0.00000000 
       -0.00000000       -0.00000000       -0.00000000       -0.00000000       -0.00000000       -0.00000000       -0.00000000 
       -0.00000000       -0.00000000       -0.00000000       -0.00000000       -0.00000000       -0.00000000       -0.00000000 
       -0.00000000       -0.00000000       -0.00000000       -0.00000000       -0.00000000       -0.00000000       -0.00000000 
       -0.00000000       -0.00000000       -0.00000000       -0.00000000       -0.00000000       -0.00000000       -0.00000000 
       -0.00000000       -0.00000000       -0.00000000       -0.00000000       -0.00000000       -0.00000000       -0.00000000 
       -0.00000000       -0.00000000       -0.00000000       -0.00000000       -0.00000000       -0.00000000       -0.00000000 
       -0.00000000       -0.00000000       -0.00000000       -0.00000000       -0.00000000       -0.00000000       -0.00000000 
       -0.00000000       -0.00000000       -0.00000000       -0.00000000       -0.00000000       -0.00000000       -0.00000000 
       -0.00000000       -0.00000000       -0.00000000       -0.00000000       -0.00000000       -0.00000000       -0.00000000 
       -0.00000000       -0.00000000       -0.00000000       -0.00000000       -0.00000000       -0.00000000       -0.00000000 
       -0.00000000       -0.00000000       -0.00000000       -0.00000000       -0.00000000       -0.00000000       -0.00000000 
       -0.00000000       -0.00000000       -0.00000000       -0.00000000       -0.00000000       -0.00000000       -0.00000000 
       -0.00000000       -0.00000000       -0.00000000       -0.00000000       -0.00000000       -0.00000000       -0.00000000 
       -0.00000000       -0.00000000       -0.00000000       -0.00000000       -0.00000000       -0.00000000       -0.00000000 
       -0.00000000       -0.00000000       -0.00000000       -0.00000000       -0.00000000       -0.00000000       -0.00000000 
       -0.00000000       -0.00000000       -0.00000000       -0.00000000       -0.00000000       -0.00000000       -0.00000000 
       -0.00000000       -0.00000000       -0.00000000       -0.00000000       -0.00000000       -0.00000000       -0.00000000 
       -0.00000000       -0.00000000       -0.00000000       -0.00000000       -0.00000000       -0.00000000       -0.00000000 
       -0.00000000       -0.00000000       -0.00000000       -0.00000000       -0.00000000       -0.00000000       -0.00000000 
       -0.00000000       -0.00000000       -0.00000000       -0.00000000       -0.00000000       -0.00000000       -0.00000000 
       -0.00000000       -0.00000000       -0.00000000       -0.00000000       -0.00000000       -0.00000000       -0.00000000 
       -0.00000000       -0.00000000       -0.00000000       -0.00000000       -0.00000000       -0.00000000       -0.00000000 
       -0.00000000       -0.00000000       -0.00000000       -0.00000000       -0.00000000       -0.00000000       -0.00000000 
       -0.00000000       -0.00000000       -0.00000000       -0.00000000       -0.00000000       -0.00000000       -0.00000000 
       -0.00000000       -0.00000000       -0.00000000       -0.00000000       -0.00000000       -0.00000000       -0.00000000 
       -0.00000000       -0.00000000       -0.00000000       -0.00000000       -0.00000000       -0.00000000       -0.00000000 
       -0.00000000       -0.00000000       -0.00000000       -0.00000000       -0.00000000       -0.00000000       -0.00000000 
       -0.00000000       -0.00000000       -0.00000000       -0.00000000       -0.00000000       -0.00000000       -0.00000000 
       -0.00000000       -0.00000000       -0.00000000       -0.00000000       -0.00000000       -0.00000000       -0.00000000 
       -0.00000000       -0.00000000       -0.00000000       -0.00000000       -0.00000000       -0.00000000       -0.00000000 
       -0.00000000       -0.00000000       -0.00000000       -0.00000000       -0.00000000       -0.00000000       -0.00000000 
       -0.00000000       -0.00000000       -0.00000000       -0.00000000       -0.00000000       -0.00000000       -0.00000000 
       -0.00000000       -0.00000000       -0.00000000       -0.00000000       -0.00000000       -0.00000000       -0.00000000 
       -0.00000000       -0.00000000       -0.00000000       -0.00000000       -0.00000000       -0.00000000       -0.00000000 
       -0.00000000       -0.00000000       -0.00000000       -0.00000000       -0.00000000       -0.00000000       -0.00000000 
       -0.00000000       -0.00000000       -0.00000000       -0.00000000       -0.00000000       -0.00000000       -0.00000000 
       -0.00000000       -0.00000000       -0.00000000       -0.00000000       -0.00000000       -0.00000000       -0.00000000 
       -0.00000000       -0.00000000       -0.00000000       -0.00000000       -0.00000000       -0.00000000       -0.00000000 
       -0.00000000       -0.00000000       -0.00000000       -0.00000000       -0.00000000       -0.00000000       -0.00000000 
       -0.00000000       -0.00000000       -0.00000000       -0.00000000       -0.00000000       -0.00000000       -0.00000000 
       -0.00000000       -0.00000000       -0.00000000       -0.00000000       -0.00000000       -0.00000000       -0.00000000 
       -0.00000000       -0.00000000       -0.00000000       -0.00000000       -0.00000000       -0.00000000       -0.00000000 
       -0.00000000       -0.00000000       -0.00000000       -0.00000000       -0.00000000       -0.00000000       -0.00000000 
       -0.00000000       -0.00000000       -0.00000000       -0.00000000       -0.00000000       -0.00000000       -0.00000000 
       -0.00000000       -0.00000000       -0.00000000       -0.00000000       -0.00000000       -0.00000000       -0.00000000 
       -0.00000000       -0.00000000       -0.00000000       -0.00000000       -0.00000000       -0.00000000       -0.00000000 
       -0.00000000       -0.00000000       -0.00000000       -0.00000000       -0.00000000       -0.00000000       -0.00000000 
       -0.00000000       -0.00000000       -0.00000000       -0.00000000       -0.00000000       -0.00000000       -0.00000000 
       -0.00000000       -0.00000000       -0.00000000       -0.00000000       -0.00000000       -0.00000000       -0.00000000 
       -0.00000000       -0.00000000       -0.00000000       -0.00000000       -0.00000000       -0.00000000       -0.00000000 
       -0.00000000       -0.00000000       -0.00000000       -0.00000000       -0.00000000       -0.00000000       -0.00000000 
       -0.00000000       -0.00000000       -0.00000000       -0.00000000       -0.00000000       -0.00000000       -0.00000000 
       -0.00000000       -0.00000000       -0.00000000       -0.00000000       -0.00000000       -0.00000000       -0.00000000 
       -0.00000000       -0.00000000       -0.00000000       -0.00000000       -0.00000000       -0.00000000       -0.00000000 
       -0.00000000       -0.00000000       -0.00000000       -0.00000000       -0.00000000       -0.00000000       -0.00000000 
       -0.00000000       -0.00000000       -0.00000000       -0.00000000       -0.00000000       -0.00000000       -0.00000000 
       -0.00000000       -0.00000000       -0.00000000       -0.00000000       -0.00000000       -0.00000000       -0.00000000 
       -0.00000000       -0.00000000       -0.00000000       -0.00000000       -0.00000000       -0.00000000       -0.00000000 
       -0.00000000       -0.00000000       -0.00000000       -0.00000000       -0.00000000       -0.00000000       -0.00000000 
       -0.00000000       -0.00000000       -0.00000000       -0.00000000       -0.00000000       -0.00000000       -0.00000000 
       -0.00000000       -0.00000000       -0.00000000       -0.00000000       -0.00000000       -0.00000000       -0.00000000 
       -0.00000000       -0.00000000       -0.00000000       -0.00000000       -0.00000000       -0.00000000       -0.00000000 
       -0.00000000       -0.00000000       -0.00000000       -0.00000000       -0.00000000       -0.00000000       -0.00000000 
       -0.00000000       -0.00000000       -0.00000000       -0.00000000       -0.00000000       -0.00000000       -0.00000000 
       -0.00000000       -0.00000000       -0.00000000       -0.00000000       -0.00000000       -0.00000000       -0.00000000 
       -0.00000000       -0.00000000       -0.00000000       -0.00000000       -0.00000000       -0.00000000       -0.00000000 
       -0.00000000       -0.00000000       -0.00000000       -0.00000000       -0.00000000       -0.00000000       -0.00000000 
       -0.00000000       -0.00000000       -0.00000000       -0.00000000       -0.00000000       -0.00000000       -0.00000000 
       -0.00000000       -0.00000000       -0.00000001       -0.00000001       -0.00000001       -0.00000001       -0.00000000 
       -0.00000000       -0.00000001       -0.00000001       -0.00000001       -0.00000001       -0.00000001       -0.00000001 
       -0.00000000       -0.00000001       -0.00000002       -0.00000002       -0.00000002       -0.00000002       -0.00000001 
       -0.00000000       -0.00000002       -0.00000003       -0.00000003       -0.00000003       -0.00000003       -0.00000001 
       -0.00000000       -0.00000002       -0.00000004       -0.00000004       -0.00000004       -0.00000004       -0.00000002 
       -0.00000000       -0.00000004       -0.00000007       -0.00000007       -0.00000007       -0.00000007       -0.00000003 
       -0.00000001       -0.00000006       -0.00000011       -0.00000011       -0.00000011       -0.00000011       -0.00000005 
       -0.00000001       -0.00000009       -0.00000017       -0.00000017       -0.00000017       -0.00000017       -0.00000008 
       -0.00000002       -0.00000014       -0.00000026       -0.00000026       -0.00000026       -0.00000026       -0.00000013 
       -0.00000002       -0.00000022       -0.00000039       -0.00000039       -0.00000039       -0.00000039       -0.00000020 
       -0.00000004       -0.00000033       -0.00000059       -0.00000060       -0.00000060       -0.00000060       -0.00000030 
       -0.00000006       -0.00000050       -0.00000090       -0.00000090       -0.00000090       -0.00000090       -0.00000045 
       -0.00000009       -0.00000076       -0.00000134       -0.00000135       -0.00000136       -0.00000135       -0.00000068 
       -0.00000014       -0.00000113       -0.00000200       -0.00000202       -0.00000202       -0.00000202       -0.00000101 
       -0.00000021       -0.00000168       -0.00000297       -0.00000299       -0.00000299       -0.00000299       -0.00000149 
       -0.00000031       -0.00000248       -0.00000437       -0.00000440       -0.00000441       -0.00000440       -0.00000220 
       -0.00000047       -0.00000365       -0.00000639       -0.00000645       -0.00000646       -0.00000645       -0.00000322 
       -0.00000070       -0.00000533       -0.00000931       -0.00000939       -0.00000940       -0.00000939       -0.00000469 
       -0.00000103       -0.00000773       -0.00001346       -0.00001358       -0.00001360       -0.00001358       -0.00000678 
       -0.00000153       -0.00001115       -0.00001936       -0.00001953       -0.00001956       -0.00001954       -0.00000976 
       -0.00000223       -0.00001599       -0.00002768       -0.00002793       -0.00002797       -0.00002794       -0.00001395 
       -0.00000326       -0.00002281       -0.00003933       -0.00003970       -0.00003976       -0.00003971       -0.00001983 
       -0.00000472       -0.00003233       -0.00005557       -0.00005609       -0.00005619       -0.00005611       -0.00002802 
       -0.00000679       -0.00004557       -0.00007805       -0.00007880       -0.00007894       -0.00007883       -0.00003936 
       -0.00000972       -0.00006386       -0.00010898       -0.00011004       -0.00011024       -0.00011009       -0.00005497 
       -0.00001383       -0.00008896       -0.00015126       -0.00015276       -0.00015305       -0.00015284       -0.00007632 
       -0.00001957       -0.00012323       -0.00020873       -0.00021083       -0.00021125       -0.00021095       -0.00010533 
       -0.00002753       -0.00016971       -0.00028634       -0.00028927       -0.00028986       -0.00028945       -0.00014452 
       -0.00003849       -0.00023238       -0.00039052       -0.00039458       -0.00039541       -0.00039484       -0.00019714 
       -0.00005352       -0.00031636       -0.00052949       -0.00053509       -0.00053624       -0.00053547       -0.00026735 
       -0.00007398       -0.00042823       -0.00071373       -0.00072140       -0.00072301       -0.00072195       -0.00036045 
       -0.00010168       -0.00057634       -0.00095649       -0.00096694       -0.00096915       -0.00096772       -0.00048314 
       -0.00013894       -0.00077126       -0.00127439       -0.00128853       -0.00129156       -0.00128963       -0.00064384 
       -0.00018875       -0.00102623       -0.00168811       -0.00170713       -0.00171126       -0.00170867       -0.00085302 
       -0.00025497       -0.00135775       -0.00222322       -0.00224867       -0.00225425       -0.00225080       -0.00112363 
       -0.00034244       -0.00178619       -0.00291109       -0.00294490       -0.00295241       -0.00294783       -0.00147156 
       -0.00045728       -0.00233657       -0.00378985       -0.00383453       -0.00384455       -0.00383851       -0.00191613 
       -0.00060717       -0.00303934       -0.00490557       -0.00496425       -0.00497754       -0.00496962       -0.00248069 
       -0.00080161       -0.00393130       -0.00631341       -0.00639003       -0.00640755       -0.00639722       -0.00319321 
       -0.00105231       -0.00505657       -0.00807891       -0.00817835       -0.00820131       -0.00818789       -0.00408690 
       -0.00137361       -0.00646769       -0.01027928       -0.01040757       -0.01043746       -0.01042014       -0.00520094 
       -0.00178290       -0.00822663       -0.01300472       -0.01316924       -0.01320791       -0.01318568       -0.00658107 
       -0.00230113       -0.01040599       -0.01635971       -0.01656945       -0.01661918       -0.01659078       -0.00828030 
       -0.00295337       -0.01309010       -0.02046419       -0.02073000       -0.02079354       -0.02075747       -0.01035950 
       -0.00376931       -0.01637607       -0.02545462       -0.02578949       -0.02587019       -0.02582461       -0.01288793 
       -0.00478389       -0.02037483       -0.03148479       -0.03190419       -0.03200606       -0.03194876       -0.01594365 
       -0.00603790       -0.02521190       -0.03872636       -0.03924851       -0.03937631       -0.03930468       -0.01961382 
       -0.00757853       -0.03102813       -0.04736901       -0.04801530       -0.04817464       -0.04808557       -0.02399477 
       -0.00945993       -0.03798003       -0.05762015       -0.05841536       -0.05861283       -0.05850266       -0.02919182 
       -0.01174370       -0.04623989       -0.06970403       -0.07067679       -0.07092004       -0.07078447       -0.03531887 
       -0.01449930       -0.05599537       -0.08386040       -0.08504334       -0.08534117       -0.08517525       -0.04249769 
       -0.01780429       -0.06744888       -0.10034226       -0.10177242       -0.10213488       -0.10193286       -0.05085677 
       -0.02174452       -0.08081611       -0.11941305       -0.12113204       -0.12157047       -0.12132575       -0.06052992 
       -0.02641404       -0.09632439       -0.14134318       -0.14339729       -0.14392440       -0.14362949       -0.07165439 
       -0.03191482       -0.11421011       -0.16640545       -0.16884579       -0.16947579       -0.16912217       -0.08436874 
       -0.03835623       -0.13471587       -0.19487023       -0.19775259       -0.19850102       -0.19807914       -0.09881005 
       -0.04585422       -0.15808661       -0.22699957       -0.23038438       -0.23126814       -0.23076729       -0.11511125 
       -0.05453028       -0.18456572       -0.26304108       -0.26699296       -0.26803023       -0.26743859       -0.13339767 
       -0.06450990       -0.21439007       -0.30322123       -0.30780852       -0.30901864       -0.30832312       -0.15378375 
       -0.07592091       -0.24778503       -0.34773809       -0.35303232       -0.35443568       -0.35362175       -0.17636941 
       -0.08889145       -0.28495890       -0.39675474       -0.40282989       -0.40444744       -0.40349948       -0.20123641 
       -0.10354756       -0.32609689       -0.45039228       -0.45732343       -0.45917660       -0.45807737       -0.22844480 
       -0.12001063       -0.37135631       -0.50872332       -0.51658583       -0.51869571       -0.51742685       -0.25802970 
       -0.13839455       -0.42085963       -0.57176602       -0.58063394       -0.58302170       -0.58156317       -0.28999817 
       -0.15880290       -0.47469017       -0.63947922       -0.64942414       -0.65210962       -0.65043998       -0.32432657 
       -0.18132566       -0.53288680       -0.71175957       -0.72284859       -0.72584987       -0.72394609       -0.36095902 
       -0.20603648       -0.59543961       -0.78843743       -0.80073154       -0.80406463       -0.80190265       -0.39980537 
       -0.23298956       -0.66228712       -0.86927736       -0.88282990       -0.88650781       -0.88406140       -0.44074148 
       -0.26221713       -0.73331308       -0.95397824       -0.96883255       -0.97286457       -0.97010612       -0.48360893 
       -0.29372677       -0.80834615       -1.04217529       -1.05836380       -1.06275475       -1.05965519       -0.52821660 
       -0.32749966       -0.88715941       -1.13344610       -1.15098691       -1.15573597       -1.15226471       -0.57434267 
       -0.36348903       -0.96947187       -1.22731304       -1.24621105       -1.25131142       -1.24743557       -0.62173742 
       -0.40161899       -1.05495095       -1.32325470       -1.34349716       -1.34893572       -1.34462094       -0.67012745 
       -0.44178432       -1.14321697       -1.42071068       -1.44226861       -1.44802415       -1.44323421       -0.71921986 
       -0.48385102       -1.23384786       -1.51909459       -1.54192042       -1.54796386       -1.54266071       -0.76870722 
       -0.52765679       -1.32638478       -1.61780369       -1.64182985       -1.64812374       -1.64226735       -0.81827343 
       -0.57301342       -1.42034149       -1.71622908       -1.74136972       -1.74786639       -1.74141586       -0.86759973 
       -0.61970878       -1.51520991       -1.81376815       -1.83991790       -1.84656191       -1.83947337       -0.91637015 
       -0.66750926       -1.61046910       -1.90983510       -1.93687069       -1.94359648       -1.93582475       -0.96427780 
       -0.71616495       -1.70559549       -2.00387263       -2.03165197       -2.03838444       -2.02988386       -1.01103008 
       -0.76541173       -1.80007052       -2.09536052       -2.12372518       -2.13038087       -2.12110400       -1.05635500 
       -0.81497681       -1.89338815       -2.18382525       -2.21260190       -2.21908832       -2.20898747       -1.10000372 
       -0.86458290       -1.98506463       -2.26884532       -2.29784751       -2.30406523       -2.29309249       -1.14175773 
       -0.91395259       -2.07464623       -2.35005999       -2.37909031       -2.38493180       -2.37303972       -1.18142819 
       -0.96281338       -2.16171288       -2.42717099       -2.45602298       -2.46137619       -2.44852042       -1.21886134 
       -1.01090205       -2.24588680       -2.49994421       -2.52840662       -2.53315449       -2.51929116       -1.25393856 
       -1.05796814       -2.32683539       -2.56821251       -2.59607005       -2.60009384       -2.58518338       -1.28657675 
       -1.10377860       -2.40427327       -2.63187313       -2.65891075       -2.66208887       -2.64609694       -1.31672859 
       -1.14812016       -2.47796822       -2.69088650       -2.71689034       -2.71910429       -2.70200229       -1.34438086 
       -1.19080293       -2.54773736       -2.74526834       -2.77003217       -2.77116442       -2.75293064       -1.36955261 
       -1.23166144       -2.61344719       -2.79508948       -2.81841326       -2.81835246       -2.79897428       -1.39229286 
       -1.27055669       -2.67501760       -2.84046960       -2.86216497       -2.86080551       -2.84027934       -1.41267753 
       -1.30737758       -2.73241067       -2.88156366       -2.90145659       -2.89870334       -2.87703776       -1.43080568 
       -1.34203804       -2.78563643       -2.91856647       -2.93649721       -2.93226337       -2.90947914       -1.44679677 
       -1.37448156       -2.83474088       -2.95169640       -2.96752167       -2.96173763       -2.93786907       -1.46078503 
       -1.40467608       -2.87980771       -2.98119235       -2.99479103       -2.98739839       -2.96249270       -1.47291827 
       -1.43261337       -2.92095184       -3.00730681       -3.01857662       -3.00953436       -2.98365450       -1.48335195 
       -1.45830917       -2.95831227       -3.03029895       -3.03916001       -3.02844572       -3.00167012       -1.49224675 
       -1.48179865       -2.99205112       -3.05043173       -3.05682850       -3.04443645       -3.01685715       -1.49976456 
       -1.50313509       -3.02234530       -3.06796265       -3.07186127       -3.05780745       -3.02953219       -1.50606668 
       -1.52238750       -3.04938507       -3.08314347       -3.08453441       -3.06885386       -3.04000425       -1.51131058 
       -1.53963768       -3.07336760       -3.09621692       -3.09511423       -3.07786202       -3.04857159       -1.51564705 
       -1.55497789       -3.09449506       -3.10741138       -3.10385251       -3.08510327       -3.05551982       -1.51922023 
       -1.56850827       -3.11296916       -3.11694002       -3.11098647       -3.09083438       -3.06111336       -1.52216375 
       -1.58033371       -3.12898993       -3.12500310       -3.11673594       -3.09529352       -3.06559992       -1.52460134 
       -1.59056354       -3.14275432       -3.13178253       -3.12130618       -3.09870172       -3.06920624       -1.52664685 
       -1.59930766       -3.15444970       -3.13744450       -3.12488055       -3.10125995       -3.07213831       -1.52840054 
       -1.60667586       -3.16425776       -3.14213777       -3.12762856       -3.10314918       -3.07457590       -1.52995300 
       -1.61277521       -3.17234945       -3.14599991       -3.12970090       -3.10453010       -3.07668233       -1.53138292 
       -1.61771119       -3.17888737       -3.14914918       -3.13123250       -3.10555005       -3.07859802       -1.53275657 
       -1.62158370       -3.18402195       -3.15169477       -3.13234448       -3.10633373       -3.08044171       -1.53413188 
       -1.62448823       -3.18789411       -3.15373063       -3.13313937       -3.10698819       -3.08231544       -1.53555477 
       -1.62651467       -3.19063401       -3.15534115       -3.13371134       -3.10760903       -3.08430195       -1.53706181 
       -1.62774777       -3.19236064       -3.15660191       -3.13413978       -3.10827374       -3.08646607       -1.53868258 
       -1.62826490       -3.19318438       -3.15757680       -3.13449335       -3.10904884       -3.08886003       -1.54043639 
       -1.62813878       -3.19320488       -3.15832567       -3.13483143       -3.10998535       -3.09152055       -1.54233801 
       -1.62743473       -3.19251418       -3.15889764       -3.13520288       -3.11112499       -3.09447217       -1.54439342 
       -1.62621355       -3.19119453       -3.15934086       -3.13564944       -3.11249852       -3.09772897       -1.54660583 
       -1.62453020       -3.18932152       -3.15969253       -3.13620567       -3.11412883       -3.10129404       -1.54897118 
       -1.62243426       -3.18696404       -3.15998912       -3.13689923       -3.11602950       -3.10516500       -1.55148315 
       -1.61997032       -3.18418241       -3.16026044       -3.13775039       -3.11820602       -3.10932803       -1.55413067 
       -1.61717904       -3.18103242       -3.16053247       -3.13877416       -3.12065911       -3.11376691       -1.55690110 
       -1.61409616       -3.17756486       -3.16082954       -3.13998342       -3.12338305       -3.11845946       -1.55977929 
       -1.61075461       -3.17382383       -3.16117167       -3.14138269       -3.12636590       -3.12337828       -1.56274951 
       -1.60718381       -3.16984892       -3.16157269       -3.14297366       -3.12959409       -3.12849402       -1.56579220 
       -1.60340965       -3.16567636       -3.16204691       -3.14475298       -3.13304901       -3.13377643       -1.56888974 
       -1.59945571       -3.16134000       -3.16260338       -3.14671588       -3.13670754       -3.13918853       -1.57202256 
       -1.59534335       -3.15686393       -3.16325021       -3.14885426       -3.14054680       -3.14469767       -1.57517159 
       -1.59109211       -3.15227556       -3.16399074       -3.15115595       -3.14454055       -3.15026855       -1.57831836 
       -1.58671832       -3.14759493       -3.16482615       -3.15360594       -3.14866161       -3.15586662       -1.58144367 
       -1.58223808       -3.14284301       -3.16575623       -3.15618825       -3.15287948       -3.16145539       -1.58453035 
       -1.57766473       -3.13803291       -3.16677594       -3.15888524       -3.15716767       -3.16700339       -1.58756042 
       -1.57301116       -3.13317895       -3.16788125       -3.16167808       -3.16149616       -3.17247677       -1.59051836 
       -1.56828880       -3.12829280       -3.16906261       -3.16454363       -3.16583323       -3.17784262       -1.59338796 
       -1.56350791       -3.12338114       -3.17030978       -3.16746211       -3.17015219       -3.18307281       -1.59615564 
       -1.55867720       -3.11845231       -3.17161274       -3.17041016       -3.17442417       -3.18813801       -1.59880674 
       -1.55380523       -3.11350942       -3.17295861       -3.17336607       -3.17862034       -3.19301081       -1.60133016 
       -1.54889858       -3.10855675       -3.17433119       -3.17630434       -3.18271494       -3.19766736       -1.60371375 
       -1.54396415       -3.10359406       -3.17571688       -3.17920423       -3.18668270       -3.20208359       -1.60594714 
       -1.53900754       -3.09862089       -3.17709827       -3.18204212       -3.19049740       -3.20623922       -1.60802126 
       -1.53403306       -3.09363604       -3.17845845       -3.18479490       -3.19413662       -3.21011353       -1.60992754 
       -1.52904475       -3.08863592       -3.17978144       -3.18744135       -3.19757915       -3.21368837       -1.61165810 
       -1.52404642       -3.08361793       -3.18104696       -3.18996024       -3.20080233       -3.21694756       -1.61320698 
       -1.51904023       -3.07857561       -3.18223810       -3.19233108       -3.20378900       -3.21987653       -1.61456764 
       -1.51402855       -3.07350326       -3.18333793       -3.19453382       -3.20652008       -3.22246122       -1.61573458 
       -1.50901246       -3.06839442       -3.18432760       -3.19655013       -3.20897985       -3.22469163       -1.61670387 
       -1.50399292       -3.06324315       -3.18518996       -3.19836020       -3.21115160       -3.22655654       -1.61747158 
       -1.49897087       -3.05803800       -3.18590641       -3.19994974       -3.21302247       -3.22804594       -1.61803532 
       -1.49394584       -3.05277467       -3.18646145       -3.20130062       -3.21457911       -3.22915196       -1.61839151 
       -1.48891735       -3.04744244       -3.18683791       -3.20239782       -3.21580935       -3.22986794       -1.61853802 
       -1.48388505       -3.04203343       -3.18702030       -3.20322871       -3.21670365       -3.23018932       -1.61847365 
       -1.47884715       -3.03653860       -3.18699384       -3.20377970       -3.21725106       -3.23010850       -1.61819768 
       -1.47380280       -3.03094816       -3.18674302       -3.20403552       -3.21744347       -3.22962523       -1.61770856 
       -1.46874988       -3.02525473       -3.18625379       -3.20398879       -3.21727347       -3.22873330       -1.61700690 
       -1.46368682       -3.01944947       -3.18551445       -3.20362616       -3.21673417       -3.22743177       -1.61609268 
       -1.45861173       -3.01352286       -3.18451095       -3.20294094       -3.21581984       -3.22571993       -1.61496615 
       -1.45352268       -3.00746632       -3.18323231       -3.20192146       -3.21452713       -3.22359657       -1.61362731 
       -1.44841683       -3.00127244       -3.18166757       -3.20056081       -3.21284986       -3.22106266       -1.61207926 
       -1.44329274       -2.99493337       -3.17980862       -3.19885445       -3.21078634       -3.21811795       -1.61032176 
       -1.43814754       -2.98844266       -3.17764521       -3.19679570       -3.20833445       -3.21476531       -1.60835814 
       -1.43297946       -2.98179340       -3.17516851       -3.19437718       -3.20549154       -3.21100664       -1.60618925 
       -1.42778671       -2.97497797       -3.17237425       -3.19159889       -3.20225930       -3.20684552       -1.60381866 
       -1.42256677       -2.96799254       -3.16925526       -3.18845534       -3.19863653       -3.20228624       -1.60124898 
       -1.41731846       -2.96083212       -3.16580629       -3.18494654       -3.19462705       -3.19733334       -1.59848309 
       -1.41203940       -2.95349193       -3.16202593       -3.18107176       -3.19023061       -3.19199109       -1.59552419 
       -1.40672839       -2.94596910       -3.15790987       -3.17682958       -3.18545079       -3.18626666       -1.59237671 
       -1.40138388       -2.93826127       -3.15345812       -3.17222381       -3.18029356       -3.18016672       -1.58904397 
       -1.39600480       -2.93036699       -3.14866900       -3.16725421       -3.17476177       -3.17369771       -1.58553064 
       -1.39059019       -2.92228317       -3.14354587       -3.16192651       -3.16886282       -3.16686988       -1.58184123 
       -1.38513863       -2.91401196       -3.13808846       -3.15624428       -3.16260314       -3.15968895       -1.57798052 
       -1.37965071       -2.90555191       -3.13230252       -3.15021300       -3.15599060       -3.15216780       -1.57395351 
       -1.37412488       -2.89690518       -3.12619090       -3.14383888       -3.14903140       -3.14431190       -1.56976497 
       -1.36856127       -2.88807344       -3.11975908       -3.13712931       -3.14173579       -3.13613462       -1.56542039 
       -1.36296046       -2.87906003       -3.11301398       -3.13009191       -3.13411283       -3.12764454       -1.56092584 
       -1.35732174       -2.86986566       -3.10596108       -3.12273455       -3.12617230       -3.11885285       -1.55628622 
       -1.35164511       -2.86049581       -3.09860849       -3.11506557       -3.11792231       -3.10977054       -1.55150735 
       -1.34593177       -2.85095382       -3.09096479       -3.10709667       -3.10937762       -3.10040927       -1.54659522 
       -1.34018219       -2.84124422       -3.08303785       -3.09883618       -3.10054517       -3.09077954       -1.54155493 
       -1.33439660       -2.83137226       -3.07483912       -3.09029603       -3.09143949       -3.08089423       -1.53639281 
       -1.32857609       -2.82134247       -3.06637478       -3.08148408       -3.08206773       -3.07076287       -1.53111422 
       -1.32272148       -2.81115961       -3.05765653       -3.07241178       -3.07244349       -3.06039762       -1.52572477 
       -1.31683385       -2.80082965       -3.04869151       -3.06308937       -3.06257582       -3.04980850       -1.52022946 
       -1.31091356       -2.79035711       -3.03949142       -3.05352759       -3.05247736       -3.03900766       -1.51463449 
       -1.30496228       -2.77974796       -3.03006363       -3.04373527       -3.04215789       -3.02800441       -1.50894499 
       -1.29898071       -2.76900721       -3.02041960       -3.03372455       -3.03162646       -3.01680946       -1.50316501 
       -1.29297018       -2.75814009       -3.01056719       -3.02350259       -3.02089500       -3.00543308       -1.49730039 
       -1.28693175       -2.74715090       -3.00051451       -3.01308060       -3.00997162       -2.99388385       -1.49135542 
       -1.28086650       -2.73604655       -2.99026966       -3.00246644       -2.99886537       -2.98217034       -1.48533416 
       -1.27477562       -2.72483087       -2.97984219       -2.99166918       -2.98758650       -2.97030306       -1.47924173 
       -1.26866019       -2.71350861       -2.96923947       -2.98069811       -2.97614336       -2.95829034       -1.47308218 
       -1.26252198       -2.70208263       -2.95846677       -2.96955943       -2.96454406       -2.94613981       -1.46685922 
       -1.25636160       -2.69056010       -2.94753385       -2.95826197       -2.95279574       -2.93385816       -1.46057642 
       -1.25017989       -2.67894435       -2.93644786       -2.94681382       -2.94090796       -2.92145514       -1.45423746 
       -1.24397910       -2.66723871       -2.92521191       -2.93521953       -2.92888451       -2.90893507       -1.44784617 
       -1.23775923       -2.65544701       -2.91383600       -2.92348933       -2.91673589       -2.89630628       -1.44140530 
       -1.23152232       -2.64357519       -2.90232420       -2.91162658       -2.90446496       -2.88357353       -1.43491805 
       -1.22526896       -2.63162494       -2.89068151       -2.89963722       -2.89208102       -2.87074566       -1.42838776 
       -1.21900094       -2.61960125       -2.87891507       -2.88753033       -2.87959003       -2.85782647       -1.42181718 
       -1.21271884       -2.60750723       -2.86703086       -2.87531090       -2.86699748       -2.84482312       -1.41520870 
       -1.20642412       -2.59534764       -2.85503268       -2.86298251       -2.85430741       -2.83173871       -1.40856504 
       -1.20011795       -2.58312392       -2.84292698       -2.85055351       -2.84152818       -2.81858134       -1.40188956 
       -1.19380152       -2.57084155       -2.83071804       -2.83802748       -2.82866406       -2.80535555       -1.39518356 
       -1.18747580       -2.55850291       -2.81841016       -2.82540965       -2.81571960       -2.79206419       -1.38844967 
       -1.18114221       -2.54611254       -2.80601072       -2.81270528       -2.80269957       -2.77871346       -1.38169050 
       -1.17480183       -2.53367329       -2.79352307       -2.79992056       -2.78961086       -2.76530910       -1.37490833 
       -1.16845608       -2.52118707       -2.78095102       -2.78705812       -2.77645588       -2.75185251       -1.36810482 
       -1.16210532       -2.50865984       -2.76830173       -2.77412629       -2.76324081       -2.73835087       -1.36128223 
       -1.15575159       -2.49609399       -2.75557733       -2.76112652       -2.74997067       -2.72480774       -1.35444272 
       -1.14939547       -2.48349214       -2.74278569       -2.74806523       -2.73664832       -2.71122622       -1.34758794 
       -1.14303815       -2.47085929       -2.72992873       -2.73494744       -2.72328019       -2.69761109       -1.34071946 
       -1.13668084       -2.45819521       -2.71701026       -2.72177410       -2.70986676       -2.68396473       -1.33383942 
       -1.13032472       -2.44550729       -2.70403719       -2.70855379       -2.69641685       -2.67029333       -1.32694960 
       -1.12397051       -2.43279576       -2.69101310       -2.69528866       -2.68293095       -2.65659857       -1.32005179 
       -1.11761940       -2.42006516       -2.67794156       -2.68198299       -2.66941404       -2.64288378       -1.31314719 
       -1.11127257       -2.40731764       -2.66482615       -2.66864109       -2.65587115       -2.62915421       -1.30623734 
       -1.10493076       -2.39455652       -2.65167165       -2.65526652       -2.64230299       -2.61541009       -1.29932404 
       -1.09859514       -2.38178468       -2.63848257       -2.64186287       -2.62871504       -2.60165691       -1.29240847 
       -1.09226656       -2.36900449       -2.62526131       -2.62843418       -2.61510992       -2.58789635       -1.28549218 
       -1.08594561       -2.35621905       -2.61201334       -2.61498404       -2.60149121       -2.57413149       -1.27857625 
       -1.07963371       -2.34343076       -2.59874010       -2.60151458       -2.58786201       -2.56036568       -1.27166212 
       -1.07333136       -2.33064127       -2.58544517       -2.58802986       -2.57422495       -2.54660034       -1.26475132 
       -1.06703973       -2.31785512       -2.57213378       -2.57453322       -2.56058264       -2.53284025       -1.25784445 
       -1.06075931       -2.30507350       -2.55880809       -2.56102872       -2.54693842       -2.51908493       -1.25094330 
       -1.05449104       -2.29229832       -2.54547095       -2.54751754       -2.53329515       -2.50533843       -1.24404764 
       -1.04823565       -2.27953219       -2.53212595       -2.53400302       -2.51965547       -2.49160361       -1.23716021 
       -1.04199374       -2.26677823       -2.51877451       -2.52048779       -2.50602102       -2.47788095       -1.23028088 
       -1.03576624       -2.25403643       -2.50542140       -2.50697541       -2.49239445       -2.46417332       -1.22341049 
       -1.02955353       -2.24131012       -2.49206734       -2.49346590       -2.47877812       -2.45048285       -1.21655095 
       -1.02335668       -2.22860098       -2.47871590       -2.47996449       -2.46517372       -2.43681073       -1.20970225 
       -1.01717615       -2.21591091       -2.46537042       -2.46647167       -2.45158386       -2.42315960       -1.20286572 
       -1.01101232       -2.20324135       -2.45203090       -2.45298934       -2.43801045       -2.40953135       -1.19604182 
       -1.00486588       -2.19059491       -2.43870068       -2.43952155       -2.42445493       -2.39592552       -1.18923128 
       -0.99873751       -2.17797112       -2.42538333       -2.42606950       -2.41091990       -2.38234615       -1.18243527 
       -0.99262762       -2.16537404       -2.41207886       -2.41263342       -2.39740682       -2.36879396       -1.17565429 
       -0.98653686       -2.15280294       -2.39878988       -2.39921713       -2.38391685       -2.35526991       -1.16888821 
       -0.98046553       -2.14026046       -2.38551760       -2.38582087       -2.37045145       -2.34177542       -1.16213906 
       -0.97441429       -2.12774801       -2.37226605       -2.37244773       -2.35701251       -2.32831240       -1.15540624 
       -0.96838331       -2.11526656       -2.35903478       -2.35909915       -2.34360313       -2.31488228       -1.14869106 
       -0.96237338       -2.10281682       -2.34582663       -2.34577608       -2.33022189       -2.30148506       -1.14199376 
       -0.95638460       -2.09040117       -2.33264232       -2.33248019       -2.31687140       -2.28812242       -1.13531446 
       -0.95041770       -2.07801914       -2.31948400       -2.31921148       -2.30355096       -2.27479529       -1.12865424 
       -0.94447261       -2.06567359       -2.30635214       -2.30597353       -2.29026628       -2.26150537       -1.12201381 
       -0.93855000       -2.05336404       -2.29324865       -2.29276681       -2.27701473       -2.24825358       -1.11539304 
       -0.93265015       -2.04109287       -2.28017592       -2.27959228       -2.26379824       -2.23503995       -1.10879207 
       -0.92677319       -2.02885866       -2.26713395       -2.26645088       -2.25061798       -2.22186637       -1.10221231 
       -0.92091960       -2.01666594       -2.25412488       -2.25334501       -2.23747563       -2.20873284       -1.09565341 
       -0.91508973       -2.00451183       -2.24114776       -2.24027395       -2.22437119       -2.19564152       -1.08911610 
       -0.90928370       -1.99239981       -2.22820640       -2.22723937       -2.21130562       -2.18259120       -1.08260083 
       -0.90350175       -1.98032880       -2.21529937       -2.21424317       -2.19828081       -2.16958427       -1.07610726 
       -0.89774418       -1.96830094       -2.20242977       -2.20128465       -2.18529606       -2.15661979       -1.06963599 
       -0.89201146       -1.95631564       -2.18959785       -2.18836594       -2.17235279       -2.14370036       -1.06318784 
       -0.88630319       -1.94437468       -2.17680335       -2.17548704       -2.15945196       -2.13082528       -1.05676258 
       -0.88062036       -1.93247867       -2.16404915       -2.16264939       -2.14659452       -2.11799645       -1.05036068 
       -0.87496257       -1.92062688       -2.15133357       -2.14985299       -2.13378024       -2.10521221       -1.04398251 
       -0.86933017       -1.90882111       -2.13865972       -2.13709950       -2.12101078       -2.09247589       -1.03762817 
       -0.86372340       -1.89706171       -2.12602687       -2.12438917       -2.10828662       -2.07978654       -1.03129792 
       -0.85814226       -1.88534868       -2.11343694       -2.11172199       -2.09560633       -2.06714344       -1.02499187 
       -0.85258716       -1.87368262       -2.10088921       -2.09909940       -2.08297348       -2.05454922       -1.01871049 
       -0.84705782       -1.86206436       -2.08838582       -2.08652258       -2.07038713       -2.04200387       -1.01245391 
       -0.84155488       -1.85049391       -2.07592583       -2.07399058       -2.05784774       -2.02950692       -1.00622225 
       -0.83607835       -1.83897209       -2.06351066       -2.06150508       -2.04535604       -2.01705956       -1.00001562 
       -0.83062780       -1.82749856       -2.05114102       -2.04906583       -2.03291249       -2.00466204       -0.99383456 
       -0.82520401       -1.81607473       -2.03881669       -2.03667355       -2.02051735       -1.99231505       -0.98767906 
       -0.81980681       -1.80470002       -2.02653933       -2.02432871       -2.00817060       -1.98001826       -0.98154891 
       -0.81443614       -1.79337466       -2.01430821       -2.01203203       -1.99587369       -1.96777189       -0.97544515 
       -0.80909216       -1.78210020       -2.00212383       -1.99978387       -1.98362672       -1.95557737       -0.96936697 
       -0.80377525       -1.77087533       -1.98998833       -1.98758435       -1.97142923       -1.94343412       -0.96331513 
       -0.79848504       -1.75970113       -1.97789967       -1.97543371       -1.95928264       -1.93134296       -0.95728928 
       -0.79322171       -1.74857843       -1.96586037       -1.96333301       -1.94718623       -1.91930342       -0.95129031 
       -0.78798532       -1.73750603       -1.95386970       -1.95128238       -1.93514132       -1.90731645       -0.94531780 
       -0.78277606       -1.72648489       -1.94192779       -1.93928146       -1.92314720       -1.89538181       -0.93937165 
       -0.77759379       -1.71551573       -1.93003571       -1.92733121       -1.91120517       -1.88350093       -0.93345243 
       -0.77243859       -1.70459747       -1.91819274       -1.91543174       -1.89931524       -1.87167263       -0.92756021 
       -0.76731068       -1.69373143       -1.90640044       -1.90358341       -1.88747716       -1.85989785       -0.92169482 
       -0.76220971       -1.68291759       -1.89465868       -1.89178634       -1.87569106       -1.84817600       -0.91585642 
       -0.75713599       -1.67215502       -1.88296664       -1.88004053       -1.86395764       -1.83650780       -0.91004544 
       -0.75208938       -1.66144490       -1.87132597       -1.86834729       -1.85227776       -1.82489455       -0.90426171 
       -0.74707001       -1.65078723       -1.85973668       -1.85670578       -1.84065032       -1.81333494       -0.89850509 
       -0.74207759       -1.64018202       -1.84819865       -1.84511662       -1.82907641       -1.80182970       -0.89277607 
       -0.73711246       -1.62962902       -1.83671212       -1.83357990       -1.81755590       -1.79037857       -0.88707453 
       -0.73217475       -1.61912882       -1.82527745       -1.82209575       -1.80608869       -1.77898216       -0.88140035 
       -0.72726399       -1.60868120       -1.81389451       -1.81066453       -1.79467511       -1.76764023       -0.87575388 
       -0.72238028       -1.59828639       -1.80256402       -1.79928637       -1.78331590       -1.75635386       -0.87013519 
       -0.71752369       -1.58794427       -1.79128528       -1.78796124       -1.77201033       -1.74512148       -0.86454380 
       -0.71269423       -1.57765484       -1.78005946       -1.77668953       -1.76075888       -1.73394430       -0.85898048 
       -0.70789176       -1.56741869       -1.76888597       -1.76547134       -1.74956179       -1.72282243       -0.85344470 
       -0.70311642       -1.55723512       -1.75776565       -1.75430644       -1.73841882       -1.71175587       -0.84793693 
       -0.69836795       -1.54710448       -1.74669755       -1.74319565       -1.72733116       -1.70074463       -0.84245694 
       -0.69364661       -1.53702664       -1.73568273       -1.73213816       -1.71629715       -1.68978822       -0.83700478 
       -0.68895197       -1.52700150       -1.72472095       -1.72113454       -1.70531762       -1.67888725       -0.83158064 
       -0.68428427       -1.51702940       -1.71381187       -1.71018469       -1.69439304       -1.66804171       -0.82618415 
       -0.67964345       -1.50711060       -1.70295656       -1.69928968       -1.68352377       -1.65725219       -0.82081580 
       -0.67502946       -1.49724436       -1.69215405       -1.68844807       -1.67270851       -1.64651787       -0.81547534 
       -0.67044222       -1.48743129       -1.68140543       -1.67766106       -1.66194904       -1.63583922       -0.81016278 
       -0.66588157       -1.47767067       -1.67070985       -1.66692770       -1.65124369       -1.62521589       -0.80487818 
       -0.66134751       -1.46796286       -1.66006827       -1.65624928       -1.64059365       -1.61464858       -0.79962152 
       -0.65684015       -1.45830822       -1.64947999       -1.64562464       -1.62999809       -1.60413623       -0.79439288 
       -0.65235913       -1.44870591       -1.63894510       -1.63505459       -1.61945796       -1.59367967       -0.78919202 
       -0.64790463       -1.43915617       -1.62846386       -1.62453902       -1.60897267       -1.58327866       -0.78401893 
       -0.64347643       -1.42965949       -1.61803651       -1.61407769       -1.59854245       -1.57293332       -0.77887398 
       -0.63907462       -1.42021477       -1.60766196       -1.60367036       -1.58816695       -1.56264377       -0.77375698 
       -0.63469911       -1.41082275       -1.59734190       -1.59331763       -1.57784617       -1.55240893       -0.76866770 
       -0.63034970       -1.40148306       -1.58707488       -1.58301902       -1.56758070       -1.54222977       -0.76360607 
       -0.62602639       -1.39219570       -1.57686174       -1.57277501       -1.55736995       -1.53210652       -0.75857276 
       -0.62172908       -1.38296068       -1.56670225       -1.56258559       -1.54721463       -1.52203810       -0.75356692 
       -0.61745787       -1.37377739       -1.55659616       -1.55244994       -1.53711343       -1.51202512       -0.74858892 
       -0.61321247       -1.36464632       -1.54654360       -1.54236865       -1.52706707       -1.50206721       -0.74363858 
       -0.60899276       -1.35556722       -1.53654444       -1.53234124       -1.51707566       -1.49216437       -0.73871559 
       -0.60479885       -1.34653986       -1.52659905       -1.52236819       -1.50713861       -1.48231721       -0.73382068 
       -0.60063046       -1.33756447       -1.51670682       -1.51244938       -1.49725664       -1.47252464       -0.72895312 
       -0.59648782       -1.32863998       -1.50686836       -1.50258493       -1.48742914       -1.46278715       -0.72411335 
       -0.59237051       -1.31976759       -1.49708271       -1.49277413       -1.47765577       -1.45310402       -0.71930081 
       -0.58827847       -1.31094611       -1.48735023       -1.48301697       -1.46793675       -1.44347596       -0.71451586 
       -0.58421183       -1.30217600       -1.47767138       -1.47331369       -1.45827186       -1.43390226       -0.70975828 
       -0.58017051       -1.29345763       -1.46804523       -1.46366429       -1.44866157       -1.42438340       -0.70502794 
       -0.57615417       -1.28478932       -1.45847261       -1.45406890       -1.43910563       -1.41491902       -0.70032483 
       -0.57216287       -1.27617240       -1.44895279       -1.44452667       -1.42960298       -1.40550852       -0.69564909 
       -0.56819648       -1.26760590       -1.43948555       -1.43503797       -1.42015469       -1.39615250       -0.69100028 
       -0.56425494       -1.25908995       -1.43007100       -1.42560267       -1.41076005       -1.38685048       -0.68637866 
       -0.56033820       -1.25062454       -1.42070961       -1.41622078       -1.40141916       -1.37760222       -0.68178397 
       -0.55644608       -1.24220932       -1.41140044       -1.40689194       -1.39213181       -1.36840785       -0.67721617 
       -0.55257839       -1.23384440       -1.40214348       -1.39761579       -1.38289738       -1.35926676       -0.67267537 
       -0.54873532       -1.22552931       -1.39293921       -1.38839304       -1.37371695       -1.35017967       -0.66816127 
       -0.54491669       -1.21726406       -1.38378692       -1.37922287       -1.36458945       -1.34114635       -0.66367394 
       -0.54112214       -1.20904827       -1.37468708       -1.37010562       -1.35551500       -1.33216548       -0.65921324 
       -0.53735173       -1.20088208       -1.36563897       -1.36104083       -1.34649312       -1.32323790       -0.65477908 
       -0.53360540       -1.19276512       -1.35664308       -1.35202861       -1.33752453       -1.31436324       -0.65037137 
       -0.52988297       -1.18469763       -1.34769845       -1.34306824       -1.32860816       -1.30554116       -0.64599001 
       -0.52618438       -1.17667878       -1.33880568       -1.33416021       -1.31974435       -1.29677200       -0.64163500 
       -0.52250975       -1.16870868       -1.32996416       -1.32530391       -1.31093264       -1.28805530       -0.63730627 
       -0.51885867       -1.16078758       -1.32117414       -1.31649995       -1.30217314       -1.27939022       -0.63300353 
       -0.51523113       -1.15291476       -1.31243551       -1.30774760       -1.29346585       -1.27077758       -0.62872690 
       -0.51162702       -1.14509034       -1.30374753       -1.29904675       -1.28481019       -1.26221704       -0.62447625 
       -0.50804621       -1.13731384       -1.29511034       -1.29039717       -1.27620625       -1.25370789       -0.62025136 
       -0.50448871       -1.12958539       -1.28652430       -1.28179884       -1.26765394       -1.24525058       -0.61605239 
       -0.50095421       -1.12190437       -1.27798808       -1.27325130       -1.25915241       -1.23684454       -0.61187917 
       -0.49744293       -1.11427128       -1.26950312       -1.26475525       -1.25070262       -1.22848976       -0.60773134 
       -0.49395436       -1.10668516       -1.26106846       -1.25630963       -1.24230337       -1.22018552       -0.60360903 
       -0.49048877       -1.09914696       -1.25268292       -1.24791431       -1.23395503       -1.21193266       -0.59951210 
       -0.48704571       -1.09165502       -1.24434829       -1.23957014       -1.22565758       -1.20373011       -0.59544027 
       -0.48362520       -1.08421004       -1.23606277       -1.23127520       -1.21740997       -1.19557810       -0.59139383 
       -0.48022732       -1.07681143       -1.22782719       -1.22303116       -1.20921290       -1.18747616       -0.58737266 
       -0.47685173       -1.06945992       -1.21964109       -1.21483660       -1.20106590       -1.17942452       -0.58337635 
       -0.47349843       -1.06215405       -1.21150351       -1.20669150       -1.19296885       -1.17142224       -0.57940459 
       -0.47016725       -1.05489409       -1.20341504       -1.19859564       -1.18492091       -1.16346979       -0.57545793 
       -0.46685809       -1.04768002       -1.19537592       -1.19054925       -1.17692268       -1.15556681       -0.57153594 
       -0.46357086       -1.04051161       -1.18738532       -1.18255210       -1.16897368       -1.14771283       -0.56763834 
       -0.46030542       -1.03338861       -1.17944324       -1.17460394       -1.16107380       -1.13990831       -0.56376553 
       -0.45706177       -1.02631092       -1.17154920       -1.16670454       -1.15322316       -1.13215232       -0.55991679 
       -0.45383960       -1.01927805       -1.16370392       -1.15885353       -1.14542055       -1.12444508       -0.55609238 
       -0.45063901       -1.01229012       -1.15590596       -1.15105069       -1.13766670       -1.11678588       -0.55229211 
       -0.44745970       -1.00534642       -1.14815593       -1.14329612       -1.12996089       -1.10917521       -0.54851592 
       -0.44430166       -0.99844736       -1.14045298       -1.13558936       -1.12230325       -1.10161221       -0.54476351 
       -0.44116485       -0.99159259       -1.13279796       -1.12793028       -1.11469364       -1.09409702       -0.54103512 
       -0.43804905       -0.98478150       -1.12518978       -1.12031913       -1.10713172       -1.08662939       -0.53733039 
       -0.43495408       -0.97801411       -1.11762881       -1.11275482       -1.09961653       -1.07920885       -0.53364921 
       -0.43187997       -0.97129041       -1.11011398       -1.10523736       -1.09214902       -1.07183599       -0.52999151 
       -0.42882660       -0.96461010       -1.10264647       -1.09776747       -1.08472848       -1.06450915       -0.52635723 
       -0.42579368       -0.95797276       -1.09522450       -1.09034395       -1.07735443       -1.05722964       -0.52274609 
       -0.42278132       -0.95137811       -1.08784902       -1.08296680       -1.07002723       -1.04999626       -0.51915818 
       -0.41978931       -0.94482636       -1.08051944       -1.07563591       -1.06274617       -1.04280901       -0.51559323 
       -0.41681755       -0.93831718       -1.07323575       -1.06835115       -1.05551124       -1.03566790       -0.51205146 
       -0.41386589       -0.93185002       -1.06599724       -1.06111228       -1.04832232       -1.02857244       -0.50853235 
       -0.41093427       -0.92542511       -1.05880427       -1.05391908       -1.04117942       -1.02152300       -0.50503588 
       -0.40802255       -0.91904193       -1.05165625       -1.04677093       -1.03408122       -1.01451850       -0.50156230 
       -0.40513059       -0.91270036       -1.04455280       -1.03966820       -1.02702868       -1.00755847       -0.49811086 
       -0.40225837       -0.90640008       -1.03749406       -1.03261030       -1.02002132       -1.00064409       -0.49468192 
       -0.39940572       -0.90014100       -1.03048050       -1.02559733       -1.01305854       -0.99377424       -0.49127510 
       -0.39657250       -0.89392287       -1.02351069       -1.01862907       -1.00614059       -0.98694879       -0.48789063 
       -0.39375868       -0.88774544       -1.01658499       -1.01170504       -0.99926692       -0.98016721       -0.48452795 
       -0.39096406       -0.88160878       -1.00970328       -1.00482500       -0.99243730       -0.97342986       -0.48118734 
       -0.38818851       -0.87551230       -1.00286496       -0.99798918       -0.98565161       -0.96673632       -0.47786850 
       -0.38543200       -0.86945593       -0.99607027       -0.99119681       -0.97890961       -0.96008605       -0.47457129 
       -0.38269445       -0.86343932       -0.98931855       -0.98444796       -0.97221124       -0.95347935       -0.47129565 
       -0.37997559       -0.85746258       -0.98260993       -0.97774225       -0.96555597       -0.94691545       -0.46804154 
       -0.37727556       -0.85152519       -0.97594386       -0.97107971       -0.95894384       -0.94039452       -0.46480870 
       -0.37459400       -0.84562701       -0.96932048       -0.96445984       -0.95237440       -0.93391627       -0.46159717 
       -0.37193093       -0.83976799       -0.96273929       -0.95788252       -0.94584733       -0.92748004       -0.45840666 
       -0.36928618       -0.83394760       -0.95620036       -0.95134783       -0.93936312       -0.92108607       -0.45523712 
       -0.36665967       -0.82816589       -0.94970328       -0.94485486       -0.93292058       -0.91473424       -0.45208859 
       -0.36405131       -0.82242244       -0.94324803       -0.93840414       -0.92652035       -0.90842408       -0.44896072 
       -0.36146098       -0.81671745       -0.93683386       -0.93199497       -0.92016172       -0.90215546       -0.44585365 
       -0.35888860       -0.81105012       -0.93046141       -0.92562759       -0.91384447       -0.89592785       -0.44276699 
       -0.35633394       -0.80542076       -0.92412978       -0.91930121       -0.90756857       -0.88974124       -0.43970066 
       -0.35379699       -0.79982877       -0.91783917       -0.91301602       -0.90133375       -0.88359571       -0.43665484 
       -0.35127762       -0.79427409       -0.91158867       -0.90677142       -0.89513958       -0.87749064       -0.43362916 
       -0.34877589       -0.78875661       -0.90537918       -0.90056789       -0.88898623       -0.87142587       -0.43062353 
       -0.34629142       -0.78327584       -0.89920944       -0.89440441       -0.88287288       -0.86540115       -0.42763790 
       -0.34382415       -0.77783209       -0.89307982       -0.88828111       -0.87679994       -0.85941643       -0.42467219 
       -0.34137410       -0.77242458       -0.88698983       -0.88219798       -0.87076706       -0.85347140       -0.42172608 
       -0.33894107       -0.76705325       -0.88093948       -0.87615430       -0.86477345       -0.84756583       -0.41879970 
       -0.33652502       -0.76171803       -0.87492830       -0.87015027       -0.85881954       -0.84169948       -0.41589293 
       -0.33412588       -0.75641865       -0.86895645       -0.86418581       -0.85290521       -0.83587211       -0.41300544 
       -0.33174339       -0.75115496       -0.86302340       -0.85826010       -0.84702951       -0.83008373       -0.41013739 
       -0.32937750       -0.74592650       -0.85712916       -0.85237354       -0.84119272       -0.82433355       -0.40728837 
       -0.32702816       -0.74073327       -0.85127318       -0.84652537       -0.83539456       -0.81862193       -0.40445855 
       -0.32469529       -0.73557514       -0.84545541       -0.84071583       -0.82963485       -0.81294835       -0.40164760 
       -0.32237870       -0.73045200       -0.83967602       -0.83494443       -0.82391316       -0.80731267       -0.39885563 
       -0.32007834       -0.72536308       -0.83393425       -0.82921106       -0.81822956       -0.80171478       -0.39608237 
       -0.31779408       -0.72030884       -0.82822996       -0.82351547       -0.81258363       -0.79615420       -0.39332768 
       -0.31552586       -0.71528858       -0.82256317       -0.81785738       -0.80697531       -0.79063106       -0.39059159 
       -0.31327355       -0.71030217       -0.81693375       -0.81223691       -0.80140412       -0.78514475       -0.38787392 
       -0.31103706       -0.70534986       -0.81134117       -0.80665338       -0.79587013       -0.77969533       -0.38517448 
       -0.30881619       -0.70043093       -0.80578536       -0.80110675       -0.79037285       -0.77428257       -0.38249329 
       -0.30661097       -0.69554532       -0.80026621       -0.79559720       -0.78491235       -0.76890594       -0.37983036 
       -0.30442131       -0.69069308       -0.79478323       -0.79012364       -0.77948815       -0.76356566       -0.37718517 
       -0.30224699       -0.68587363       -0.78933662       -0.78468680       -0.77410060       -0.75826162       -0.37455794 
       -0.30008799       -0.68108696       -0.78392571       -0.77928591       -0.76874876       -0.75299281       -0.37194851 
       -0.29794422       -0.67633271       -0.77855068       -0.77392077       -0.76343232       -0.74775940       -0.36935669 
       -0.29581550       -0.67161101       -0.77321112       -0.76859152       -0.75815207       -0.74256170       -0.36678246 
       -0.29370183       -0.66692132       -0.76790708       -0.76329756       -0.75290692       -0.73739916       -0.36422569 
       -0.29160309       -0.66226363       -0.76263785       -0.75803906       -0.74769717       -0.73227137       -0.36168629 
       -0.28951910       -0.65763772       -0.75740385       -0.75281560       -0.74252218       -0.72717804       -0.35916403 
       -0.28744984       -0.65304333       -0.75220424       -0.74762678       -0.73738194       -0.72211939       -0.35665897 
       -0.28539518       -0.64848042       -0.74703944       -0.74247283       -0.73227632       -0.71709490       -0.35417089 
       -0.28335509       -0.64394873       -0.74190867       -0.73735315       -0.72720504       -0.71210450       -0.35169983 
       -0.28132942       -0.63944775       -0.73681223       -0.73226768       -0.72216773       -0.70714796       -0.34924555 
       -0.27931803       -0.63497776       -0.73174965       -0.72721642       -0.71716452       -0.70222509       -0.34680793 
       -0.27732092       -0.63053823       -0.72672039       -0.72219867       -0.71219492       -0.69733542       -0.34438699 
       -0.27533802       -0.62612933       -0.72172511       -0.71721476       -0.70725876       -0.69247901       -0.34198254 
       -0.27336910       -0.62175047       -0.71676284       -0.71226418       -0.70235592       -0.68765563       -0.33959454 
       -0.27141419       -0.61740166       -0.71183383       -0.70734680       -0.69748634       -0.68286526       -0.33722275 
       -0.26947308       -0.61308265       -0.70693767       -0.70246243       -0.69264960       -0.67810726       -0.33486721 
       -0.26754579       -0.60879338       -0.70207417       -0.69761109       -0.68784553       -0.67338181       -0.33252776 
       -0.26563212       -0.60453361       -0.69724339       -0.69279218       -0.68307406       -0.66868865       -0.33020437 
       -0.26373208       -0.60030293       -0.69244444       -0.68800557       -0.67833483       -0.66402733       -0.32789683 
       -0.26184544       -0.59610146       -0.68767810       -0.68325150       -0.67362767       -0.65939778       -0.32560515 
       -0.25997233       -0.59192890       -0.68294364       -0.67852932       -0.66895247       -0.65479994       -0.32332912 
       -0.25811249       -0.58778501       -0.67824072       -0.67383879       -0.66430885       -0.65023333       -0.32106867 
       -0.25626591       -0.58366972       -0.67356920       -0.66917992       -0.65969670       -0.64569807       -0.31882378 
       -0.25443241       -0.57958269       -0.66892922       -0.66455257       -0.65511596       -0.64119381       -0.31659436 
       -0.25261199       -0.57552379       -0.66432059       -0.65995651       -0.65056640       -0.63672036       -0.31438014 
       -0.25080451       -0.57149297       -0.65974241       -0.65539122       -0.64604765       -0.63227755       -0.31218117 
       -0.24900991       -0.56748992       -0.65519536       -0.65085715       -0.64155978       -0.62786508       -0.30999729 
       -0.24722810       -0.56351447       -0.65067887       -0.64635372       -0.63710248       -0.62348288       -0.30782840 
       -0.24545901       -0.55956656       -0.64619255       -0.64188051       -0.63267535       -0.61913079       -0.30567449 
       -0.24370255       -0.55564582       -0.64173663       -0.63743770       -0.62827849       -0.61480850       -0.30353537 
       -0.24195856       -0.55175221       -0.63731062       -0.63302499       -0.62391150       -0.61051583       -0.30141103 
       -0.24022704       -0.54788554       -0.63291448       -0.62864208       -0.61957425       -0.60625261       -0.29930127 
       -0.23850785       -0.54404557       -0.62854820       -0.62428916       -0.61526668       -0.60201877       -0.29720610 
       -0.23680097       -0.54023218       -0.62421113       -0.61996549       -0.61098838       -0.59781390       -0.29512545 
       -0.23510627       -0.53644538       -0.61990327       -0.61567134       -0.60673952       -0.59363818       -0.29305902 
       -0.23342371       -0.53268462       -0.61562449       -0.61140621       -0.60251939       -0.58949089       -0.29100695 
       -0.23175308       -0.52894986       -0.61137468       -0.60716999       -0.59832829       -0.58537227       -0.28896901 
       -0.23009446       -0.52524108       -0.60715371       -0.60296279       -0.59416604       -0.58128214       -0.28694516 
       -0.22844771       -0.52155793       -0.60296142       -0.59878409       -0.59003192       -0.57721990       -0.28493527 
       -0.22681271       -0.51790029       -0.59879726       -0.59463376       -0.58592629       -0.57318580       -0.28293926 
       -0.22518939       -0.51426828       -0.59466118       -0.59051168       -0.58184850       -0.56917959       -0.28095716 
       -0.22357766       -0.51066130       -0.59055346       -0.58641791       -0.57779908       -0.56520075       -0.27898866 
       -0.22197747       -0.50707930       -0.58647346       -0.58235186       -0.57377708       -0.56124949       -0.27703381 
       -0.22038881       -0.50352240       -0.58242106       -0.57831353       -0.56978285       -0.55732572       -0.27509260 
       -0.21881147       -0.49999005       -0.57839632       -0.57430291       -0.56581604       -0.55342889       -0.27316478 
       -0.21724539       -0.49648231       -0.57439864       -0.57031947       -0.56187624       -0.54955876       -0.27125028 
       -0.21569061       -0.49299893       -0.57042819       -0.56636316       -0.55796367       -0.54571587       -0.26934910 
       -0.21414691       -0.48953980       -0.56648475       -0.56243402       -0.55407792       -0.54189897       -0.26746103 
       -0.21261431       -0.48610476       -0.56256807       -0.55853140       -0.55021858       -0.53810871       -0.26558614 
       -0.21109268       -0.48269355       -0.55867803       -0.55465591       -0.54638624       -0.53434473       -0.26372424 
       -0.20958196       -0.47930616       -0.55481434       -0.55080652       -0.54258001       -0.53060681       -0.26187527 
       -0.20808205       -0.47594234       -0.55097699       -0.54698372       -0.53880000       -0.52689451       -0.26003906 
       -0.20659293       -0.47260189       -0.54716587       -0.54318708       -0.53504598       -0.52320814       -0.25821570 
       -0.20511450       -0.46928480       -0.54338062       -0.53941607       -0.53131765       -0.51954722       -0.25640503 
       -0.20364662       -0.46599081       -0.53962123       -0.53567123       -0.52761513       -0.51591182       -0.25460690 
       -0.20218933       -0.46271977       -0.53588736       -0.53195202       -0.52393824       -0.51230139       -0.25282130 
       -0.20074247       -0.45947152       -0.53217894       -0.52825820       -0.52028656       -0.50871629       -0.25104818 
       -0.19930603       -0.45624596       -0.52849597       -0.52458978       -0.51666009       -0.50515580       -0.24928735 
       -0.19787987       -0.45304301       -0.52483785       -0.52094638       -0.51305854       -0.50162005       -0.24753866 
       -0.19646397       -0.44986227       -0.52120483       -0.51732802       -0.50948185       -0.49810883       -0.24580230 
       -0.19505826       -0.44670376       -0.51759666       -0.51373446       -0.50592971       -0.49462205       -0.24407800 
       -0.19366260       -0.44356734       -0.51401299       -0.51016563       -0.50240242       -0.49115956       -0.24236570 
       -0.19227704       -0.44045287       -0.51045406       -0.50662142       -0.49889931       -0.48772103       -0.24066535 
       -0.19090138       -0.43736014       -0.50691903       -0.50310123       -0.49542031       -0.48430640       -0.23897682 
       -0.18953562       -0.43428895       -0.50340843       -0.49960545       -0.49196544       -0.48091540       -0.23730004 
       -0.18817964       -0.43123922       -0.49992198       -0.49613366       -0.48853436       -0.47754809       -0.23563500 
       -0.18683347       -0.42821097       -0.49645922       -0.49268577       -0.48512715       -0.47420418       -0.23398155 
       -0.18549697       -0.42520386       -0.49302012       -0.48926145       -0.48174325       -0.47088349       -0.23233965 
