        0.00000000        0.00000000        0.00000000        0.00000000        0.00000000        0.00000000        0.00000000 
        0.00000000        0.00000000        0.00000000        0.00000000        0.00000000        0.00000000        0.00000000 
        0.00000000       -0.00000000        0.00000000        0.00000000        0.00000000        0.00000000        0.00000000 
        0.00000000       -0.00000000        0.00000000        0.00000000        0.00000000       -0.00000000        0.00000000 
       -0.00000000       -0.00000000        0.00000000       -0.00000000       -0.00000000        0.00000000        0.00000000 
       -0.00000000       -0.00000000        0.00000000        0.00000000       -0.00000000       -0.00000000        0.00000000 
       -0.00000000       -0.00000000        0.00000000        0.00000000        0.00000000       -0.00000000       -0.00000000 
       -0.00000000       -0.00000000        0.00000000        0.00000000        0.00000000        0.00000000       -0.00000000 
       -0.00000000       -0.00000000        0.00000000        0.00000000        0.00000000        0.00000000        0.00000000 
       -0.00000000       -0.00000000        0.00000000        0.00000000        0.00000000        0.00000000        0.00000000 
       -0.00000000       -0.00000000        0.00000000        0.00000000        0.00000000        0.00000000        0.00000000 
       -0.00000000       -0.00000000        0.00000000        0.00000000        0.00000000        0.00000000        0.00000000 
       -0.00000000       -0.00000000        0.00000000        0.00000000        0.00000000        0.00000000        0.00000000 
       -0.00000000       -0.00000000        0.00000000        0.00000000        0.00000000        0.00000000        0.00000000 
       -0.00000000       -0.00000000        0.00000000        0.00000000        0.00000000        0.00000000        0.00000000 
       -0.00000000       -0.00000000        0.00000000        0.00000000        0.00000000        0.00000000        0.00000000 
       -0.00000000       -0.00000000        0.00000000        0.00000000        0.00000000        0.00000000        0.00000000 
       -0.00000000       -0.00000000        0.00000000        0.00000000        0.00000000        0.00000000        0.00000000 
       -0.00000000       -0.00000000        0.00000000        0.00000000        0.00000000        0.00000000        0.00000000 
       -0.00000000       -0.00000000        0.00000000        0.00000000        0.00000000        0.00000000        0.00000000 
       -0.00000000       -0.00000000        0.00000000        0.00000000        0.00000000        0.00000000        0.00000000 
       -0.00000000       -0.00000000        0.00000000        0.00000000        0.00000000        0.00000000        0.00000000 
       -0.00000000       -0.00000000        0.00000000        0.00000000        0.00000000        0.00000000        0.00000000 
       -0.00000000       -0.00000000        0.00000000        0.00000000        0.00000000        0.00000000        0.00000000 
       -0.00000000       -0.00000000        0.00000000        0.00000000        0.00000000        0.00000000        0.00000000 
       -0.00000000       -0.00000000        0.00000000        0.00000000        0.00000000        0.00000000        0.00000000 
       -0.00000000       -0.00000000        0.00000000        0.00000000        0.00000000        0.00000000        0.00000000 
       -0.00000000       -0.00000000        0.00000000        0.00000000        0.00000000        0.00000000        0.00000000 
       -0.00000000       -0.00000000        0.00000000        0.00000000        0.00000000        0.00000000        0.00000000 
       -0.00000000       -0.00000000        0.00000000        0.00000000        0.00000000        0.00000000        0.00000000 
       -0.00000000       -0.00000000        0.00000000        0.00000000        0.00000000        0.00000000        0.00000000 
       -0.00000000       -0.00000000        0.00000000        0.00000000        0.00000000        0.00000000        0.00000000 
       -0.00000000       -0.00000000        0.00000000        0.00000000        0.00000000        0.00000000        0.00000000 
       -0.00000000       -0.00000000        0.00000000        0.00000000        0.00000000        0.00000000        0.00000000 
       -0.00000000       -0.00000000        0.00000000        0.00000000        0.00000000        0.00000000        0.00000000 
       -0.00000000       -0.00000000        0.00000000        0.00000000        0.00000000        0.00000000        0.00000000 
       -0.00000000       -0.00000000        0.00000000        0.00000000        0.00000000        0.00000000        0.00000000 
       -0.00000000       -0.00000000        0.00000000        0.00000000        0.00000000        0.00000000        0.00000000 
       -0.00000000       -0.00000000        0.00000000        0.00000000        0.00000000        0.00000000        0.00000000 
       -0.00000000       -0.00000000        0.00000000        0.00000000        0.00000000        0.00000000        0.00000000 
       -0.00000000       -0.00000000        0.00000000        0.00000000        0.00000000        0.00000000        0.00000000 
       -0.00000000       -0.00000000        0.00000000        0.00000000        0.00000000        0.00000000        0.00000000 
       -0.00000000       -0.00000000        0.00000000        0.00000000        0.00000000        0.00000000        0.00000000 
       -0.00000000       -0.00000000        0.00000000        0.00000000        0.00000000        0.00000000        0.00000000 
       -0.00000000       -0.00000000        0.00000000        0.00000000        0.00000000        0.00000000        0.00000000 
       -0.00000000       -0.00000000        0.00000000        0.00000000        0.00000000        0.00000000        0.00000000 
       -0.00000000       -0.00000000        0.00000000        0.00000000        0.00000000        0.00000000        0.00000000 
       -0.00000000       -0.00000000        0.00000000        0.00000000        0.00000000        0.00000000        0.00000000 
       -0.00000000       -0.00000000        0.00000000        0.00000000        0.00000000        0.00000000        0.00000000 
       -0.00000000       -0.00000000        0.00000000        0.00000000        0.00000000        0.00000000        0.00000000 
       -0.00000000       -0.00000000        0.00000000        0.00000000        0.00000000        0.00000000        0.00000000 
       -0.00000000       -0.00000000        0.00000000        0.00000000        0.00000000        0.00000000        0.00000000 
       -0.00000000       -0.00000000        0.00000000        0.00000000        0.00000000        0.00000000        0.00000000 
       -0.00000000       -0.00000000        0.00000000        0.00000000        0.00000000        0.00000000        0.00000000 
       -0.00000000       -0.00000000        0.00000000        0.00000000        0.00000000        0.00000000        0.00000000 
       -0.00000000       -0.00000000        0.00000000        0.00000000        0.00000000        0.00000000        0.00000000 
       -0.00000000       -0.00000000        0.00000000        0.00000000        0.00000000        0.00000000        0.00000000 
       -0.00000000       -0.00000001        0.00000001        0.00000000        0.00000000        0.00000000        0.00000000 
       -0.00000000       -0.00000001        0.00000001        0.00000000        0.00000000        0.00000000        0.00000000 
       -0.00000000       -0.00000001        0.00000001        0.00000000        0.00000000        0.00000000        0.00000000 
       -0.00000001       -0.00000001        0.00000001        0.00000000        0.00000000        0.00000000        0.00000000 
       -0.00000001       -0.00000001        0.00000001        0.00000000        0.00000000        0.00000000        0.00000000 
       -0.00000001       -0.00000002        0.00000002        0.00000001        0.00000000        0.00000000        0.00000000 
       -0.00000001       -0.00000002        0.00000002        0.00000001        0.00000000        0.00000000        0.00000000 
       -0.00000001       -0.00000003        0.00000003        0.00000001        0.00000000        0.00000000        0.00000000 
       -0.00000002       -0.00000003        0.00000003        0.00000001        0.00000000        0.00000000        0.00000000 
       -0.00000002       -0.00000004        0.00000004        0.00000001        0.00000001        0.00000000        0.00000000 
       -0.00000003       -0.00000005        0.00000005        0.00000002        0.00000001        0.00000000        0.00000000 
       -0.00000003       -0.00000007        0.00000006        0.00000002        0.00000001        0.00000000        0.00000000 
       -0.00000004       -0.00000008        0.00000007        0.00000003        0.00000001        0.00000001        0.00000000 
       -0.00000005       -0.00000010        0.00000009        0.00000003        0.00000001        0.00000001        0.00000000 
       -0.00000006       -0.00000012        0.00000011        0.00000004        0.00000002        0.00000001        0.00000001 
       -0.00000008       -0.00000015        0.00000014        0.00000005        0.00000002        0.00000001        0.00000001 
       -0.00000010       -0.00000019        0.00000017        0.00000006        0.00000003        0.00000001        0.00000001 
       -0.00000012       -0.00000023        0.00000021        0.00000008        0.00000003        0.00000002        0.00000001 
       -0.00000015       -0.00000028        0.00000026        0.00000009        0.00000004        0.00000002        0.00000001 
       -0.00000018       -0.00000035        0.00000031        0.00000012        0.00000005        0.00000003        0.00000002 
       -0.00000022       -0.00000042        0.00000038        0.00000014        0.00000006        0.00000003        0.00000002 
       -0.00000027       -0.00000052        0.00000047        0.00000017        0.00000008        0.00000004        0.00000003 
       -0.00000034       -0.00000063        0.00000057        0.00000021        0.00000010        0.00000005        0.00000003 
       -0.00000041       -0.00000077        0.00000069        0.00000026        0.00000012        0.00000006        0.00000004 
       -0.00000050       -0.00000094        0.00000084        0.00000032        0.00000014        0.00000007        0.00000005 
       -0.00000061       -0.00000114        0.00000102        0.00000039        0.00000017        0.00000009        0.00000006 
       -0.00000074       -0.00000138        0.00000123        0.00000047        0.00000021        0.00000011        0.00000007 
       -0.00000090       -0.00000167        0.00000149        0.00000057        0.00000026        0.00000014        0.00000009 
       -0.00000109       -0.00000202        0.00000180        0.00000069        0.00000032        0.00000017        0.00000011 
       -0.00000132       -0.00000243        0.00000216        0.00000084        0.00000038        0.00000020        0.00000013 
       -0.00000160       -0.00000293        0.00000260        0.00000102        0.00000047        0.00000025        0.00000016 
       -0.00000193       -0.00000353        0.00000313        0.00000123        0.00000056        0.00000030        0.00000020 
       -0.00000232       -0.00000424        0.00000375        0.00000148        0.00000068        0.00000036        0.00000024 
       -0.00000280       -0.00000509        0.00000449        0.00000178        0.00000082        0.00000044        0.00000029 
       -0.00000336       -0.00000610        0.00000537        0.00000214        0.00000099        0.00000053        0.00000036 
       -0.00000404       -0.00000729        0.00000641        0.00000256        0.00000120        0.00000064        0.00000043 
       -0.00000484       -0.00000871        0.00000764        0.00000307        0.00000144        0.00000077        0.00000052 
       -0.00000579       -0.00001039        0.00000909        0.00000367        0.00000173        0.00000093        0.00000063 
       -0.00000691       -0.00001238        0.00001081        0.00000438        0.00000207        0.00000112        0.00000076 
       -0.00000825       -0.00001472        0.00001282        0.00000523        0.00000248        0.00000135        0.00000092 
       -0.00000982       -0.00001748        0.00001519        0.00000622        0.00000296        0.00000161        0.00000110 
       -0.00001168       -0.00002072        0.00001798        0.00000740        0.00000353        0.00000193        0.00000132 
       -0.00001388       -0.00002454        0.00002124        0.00000878        0.00000421        0.00000231        0.00000158 
       -0.00001628       -0.00002874        0.00002498        0.00001034        0.00000492        0.00000263        0.00000179 
       -0.00001912       -0.00003366        0.00002934        0.00001218        0.00000576        0.00000306        0.00000201 
       -0.00002262       -0.00003969        0.00003450        0.00001439        0.00000684        0.00000365        0.00000241 
       -0.00002671       -0.00004672        0.00004052        0.00001698        0.00000811        0.00000435        0.00000288 
       -0.00003150       -0.00005492        0.00004751        0.00002001        0.00000960        0.00000516        0.00000343 
       -0.00003710       -0.00006447        0.00005563        0.00002355        0.00001135        0.00000613        0.00000409 
       -0.00004362       -0.00007557        0.00006504        0.00002768        0.00001339        0.00000726        0.00000486 
       -0.00005122       -0.00008844        0.00007593        0.00003247        0.00001578        0.00000859        0.00000578 
       -0.00006004       -0.00010336        0.00008851        0.00003804        0.00001856        0.00001015        0.00000685 
       -0.00007029       -0.00012061        0.00010302        0.00004450        0.00002181        0.00001198        0.00000811 
       -0.00008217       -0.00014054        0.00011972        0.00005199        0.00002559        0.00001411        0.00000958 
       -0.00009592       -0.00016351        0.00013892        0.00006064        0.00002998        0.00001660        0.00001131 
       -0.00011180       -0.00018996        0.00016095        0.00007062        0.00003506        0.00001950        0.00001333 
       -0.00013012       -0.00022036        0.00018620        0.00008213        0.00004095        0.00002287        0.00001569 
       -0.00015123       -0.00025526        0.00021508        0.00009537        0.00004777        0.00002678        0.00001843 
       -0.00017550       -0.00029524        0.00024808        0.00011058        0.00005563        0.00003132        0.00002163 
       -0.00020337       -0.00034098        0.00028570        0.00012803        0.00006469        0.00003657        0.00002534 
       -0.00023533       -0.00039323        0.00032854        0.00014801        0.00007512        0.00004265        0.00002964 
       -0.00027191       -0.00045282        0.00037723        0.00017085        0.00008711        0.00004966        0.00003463 
       -0.00031372       -0.00052068        0.00043250        0.00019692        0.00010085        0.00005773        0.00004039 
       -0.00036143       -0.00059783        0.00049512        0.00022664        0.00011660        0.00006703        0.00004705 
       -0.00041579       -0.00068541        0.00056595        0.00026046        0.00013461        0.00007770        0.00005472 
       -0.00047764       -0.00078468        0.00064595        0.00029888        0.00015516        0.00008995        0.00006355 
       -0.00054789       -0.00089701        0.00073616        0.00034246        0.00017860        0.00010397        0.00007370 
       -0.00062757       -0.00102393        0.00083771        0.00039182        0.00020528        0.00012001        0.00008535 
       -0.00071779       -0.00116711        0.00095185        0.00044763        0.00023560        0.00013832        0.00009869 
       -0.00081979       -0.00132837        0.00107993        0.00051064        0.00027000        0.00015919        0.00011395 
       -0.00093494       -0.00150971        0.00122341        0.00058166        0.00030897        0.00018295        0.00013139 
       -0.00106473       -0.00171333        0.00138388        0.00066158        0.00035306        0.00020995        0.00015127 
       -0.00121078       -0.00194159        0.00156307        0.00075138        0.00040286        0.00024058        0.00017391 
       -0.00137489       -0.00219706        0.00176282        0.00085211        0.00045901        0.00027529        0.00019964 
       -0.00155899       -0.00248256        0.00198514        0.00096493        0.00052223        0.00031456        0.00022886 
       -0.00176520       -0.00280110        0.00223217        0.00109108        0.00059330        0.00035891        0.00026197 
       -0.00199582       -0.00315594        0.00250620        0.00123192        0.00067306        0.00040893        0.00029945 
       -0.00225334       -0.00355060        0.00280967        0.00138889        0.00076245        0.00046525        0.00034179 
       -0.00254045       -0.00398886        0.00314520        0.00156358        0.00086246        0.00052858        0.00038956 
       -0.00286003       -0.00447476        0.00351557        0.00175767        0.00097419        0.00059966        0.00044338 
       -0.00321521       -0.00501263        0.00392370        0.00197296        0.00109880        0.00067934        0.00050391 
       -0.00360935       -0.00560707        0.00437269        0.00221138        0.00123758        0.00076851        0.00057189 
       -0.00404603       -0.00626300        0.00486583        0.00247500        0.00139188        0.00086815        0.00064811 
       -0.00452908       -0.00698564        0.00540651        0.00276601        0.00156316        0.00097931        0.00073346 
       -0.00506259       -0.00778049        0.00599835        0.00308672        0.00175302        0.00110315        0.00082886 
       -0.00565090       -0.00865338        0.00664510        0.00343961        0.00196312        0.00124088        0.00093535 
       -0.00629864       -0.00961044        0.00735066        0.00382727        0.00219526        0.00139383        0.00105403 
       -0.00701068       -0.01065811        0.00811906        0.00425242        0.00245134        0.00156343        0.00118610 
       -0.00779216       -0.01180315        0.00895447        0.00471793        0.00273340        0.00175120        0.00133283 
       -0.00864853       -0.01305257        0.00986119        0.00522682        0.00304356        0.00195875        0.00149561 
       -0.00958545       -0.01441373        0.01084364        0.00578219        0.00338409        0.00218783        0.00167592 
       -0.01060890       -0.01589421        0.01190628        0.00638730        0.00375738        0.00244027        0.00187532 
       -0.01172513       -0.01750188        0.01305367        0.00704551        0.00416593        0.00271804        0.00209552 
       -0.01294057       -0.01924488        0.01429046        0.00776034        0.00461235        0.00302317        0.00233831 
       -0.01426196       -0.02113150        0.01562124        0.00853532        0.00509940        0.00335787        0.00260558 
       -0.01569628       -0.02317025        0.01705069        0.00937416        0.00562988        0.00372442        0.00289937 
       -0.01725067       -0.02536990        0.01858339        0.01028057        0.00620679        0.00412524        0.00322181 
       -0.01893253       -0.02773920        0.02022396        0.01125842        0.00683315        0.00456286        0.00357512 
       -0.02074936       -0.03028712        0.02197680        0.01231147        0.00751217        0.00503987        0.00396170 
       -0.02270890       -0.03302257        0.02384624        0.01344371        0.00824703        0.00555905        0.00438400 
       -0.02481897       -0.03595459        0.02583649        0.01465899        0.00904106        0.00612325        0.00484462 
       -0.02708743       -0.03909211        0.02795148        0.01596119        0.00989766        0.00673539        0.00534627 
       -0.02952233       -0.04244394        0.03019505        0.01735411        0.01082027        0.00739851        0.00589178 
       -0.03213160       -0.04601889        0.03257053        0.01884159        0.01181237        0.00811575        0.00648399 
       -0.03492322       -0.04982540        0.03508103        0.02042738        0.01287742        0.00889030        0.00712597 
       -0.03790507       -0.05387176        0.03772937        0.02211498        0.01401892        0.00972543        0.00782079 
       -0.04108501       -0.05816573        0.04051782        0.02390782        0.01524040        0.01062445        0.00857166 
       -0.04447056       -0.06271488        0.04344822        0.02580916        0.01654542        0.01159064        0.00938183 
       -0.04806921       -0.06752625        0.04652195        0.02782216        0.01793724        0.01262753        0.01025458 
       -0.05188803       -0.07260628        0.04973975        0.02994945        0.01941912        0.01373849        0.01119334 
       -0.05593386       -0.07796087        0.05310193        0.03219373        0.02099451        0.01492682        0.01220145 
       -0.06021310       -0.08359514        0.05660788        0.03455705        0.02266645        0.01619602        0.01328236 
       -0.06473161       -0.08951353        0.06025669        0.03704134        0.02443784        0.01754935        0.01443951 
       -0.06949505       -0.09571949        0.06404641        0.03964807        0.02631152        0.01899005        0.01567635 
       -0.07450805       -0.10221566        0.06797420        0.04237844        0.02829001        0.02052141        0.01699623 
       -0.07977489       -0.10900372        0.07203705        0.04523301        0.03037558        0.02214643        0.01840250 
       -0.08529902       -0.11608439        0.07623085        0.04821181        0.03257052        0.02386796        0.01989850 
       -0.09108328       -0.12345681        0.08054995        0.05131473        0.03487644        0.02568901        0.02148727 
       -0.09712952       -0.13111934        0.08498920        0.05454047        0.03729499        0.02761194        0.02317199 
       -0.10343887       -0.13906893        0.08954140        0.05788795        0.03982707        0.02963925        0.02495553 
       -0.11001106       -0.14730173        0.09419931        0.06135486        0.04247358        0.03177321        0.02684061 
       -0.11684525       -0.15581162        0.09895386        0.06493873        0.04523465        0.03401558        0.02882981 
       -0.12393981       -0.16459158        0.10379621        0.06863615        0.04811038        0.03636781        0.03092554 
       -0.13129096       -0.17363331        0.10871605        0.07244304        0.05110010        0.03883152        0.03312981 
       -0.13889495       -0.18292718        0.11370230        0.07635504        0.05420295        0.04140731        0.03544443 
       -0.14674595       -0.19246127        0.11874280        0.08036663        0.05741732        0.04409599        0.03787095 
       -0.15483746       -0.20222315        0.12382540        0.08447205        0.06074084        0.04689784        0.04041044 
       -0.16316170       -0.21219835        0.12893648        0.08866430        0.06417158        0.04981215        0.04306381 
       -0.17170930       -0.22237083        0.13406214        0.09293643        0.06770594        0.05283862        0.04583145 
       -0.18046983       -0.23272377        0.13918717        0.09728051        0.07134044        0.05597592        0.04871348 
       -0.18943143       -0.24323842        0.14429709        0.10168789        0.07507074        0.05922238        0.05170948 
       -0.19858143       -0.25389448        0.14937542        0.10614909        0.07889192        0.06257600        0.05481857 
       -0.20790558       -0.26467058        0.15440635        0.11065473        0.08279864        0.06603409        0.05803938 
       -0.21738794       -0.27554515        0.15937313        0.11519413        0.08678520        0.06959345        0.06137007 
       -0.22701244       -0.28649262        0.16425945        0.11975633        0.09084491        0.07325040        0.06480814 
       -0.23676033       -0.29748961        0.16904727        0.12433021        0.09497046        0.07700057        0.06835128 
       -0.24661344       -0.30850959        0.17371960        0.12890424        0.09915450        0.08083921        0.07199542 
       -0.25655141       -0.31952557        0.17826058        0.13346577        0.10338869        0.08476117        0.07573690 
       -0.26655322       -0.33051026        0.18265174        0.13800222        0.10766481        0.08875994        0.07957134 
       -0.27659714       -0.34143445        0.18687731        0.14250110        0.11197318        0.09282992        0.08349332 
       -0.28665963       -0.35227045        0.19091995        0.14694868        0.11630481        0.09696352        0.08749747 
       -0.29671788       -0.36298838        0.19476475        0.15133272        0.12064931        0.10115308        0.09157774 
       -0.30674738       -0.37355858        0.19839464        0.15563917        0.12499670        0.10539134        0.09572703 
       -0.31672281       -0.38395160        0.20179577        0.15985468        0.12933651        0.10966922        0.09993823 
       -0.32661980       -0.39413580        0.20495437        0.16396642        0.13365693        0.11397829        0.10420345 
       -0.33641142       -0.40408412        0.20785387        0.16796160        0.13794748        0.11830860        0.10851471 
       -0.34607336       -0.41376564        0.21048594        0.17182623        0.14219664        0.12265083        0.11286277 
       -0.35557818       -0.42315209        0.21283631        0.17554840        0.14639264        0.12699504        0.11723874 
       -0.36490083       -0.43221343        0.21489480        0.17911547        0.15052469        0.13132991        0.12163281 
       -0.37401494       -0.44092429        0.21665215        0.18251586        0.15458024        0.13564566        0.12603484 
       -0.38289508       -0.44925532        0.21810010        0.18573724        0.15854765        0.13993162        0.13043463 
       -0.39151564       -0.45718312        0.21923187        0.18876950        0.16241612        0.14417554        0.13482095 
       -0.39985248       -0.46468073        0.22004190        0.19160113        0.16617377        0.14836717        0.13918327 
       -0.40788111       -0.47172502        0.22052373        0.19422379        0.16981004        0.15249361        0.14351040 
       -0.41557771       -0.47829568        0.22067679        0.19662735        0.17331296        0.15654512        0.14779072 
       -0.42292082       -0.48437032        0.22049831        0.19880441        0.17667267        0.16050962        0.15201212 
       -0.42988750       -0.48992938        0.21998703        0.20074707        0.17987844        0.16437578        0.15616362 
       -0.43645734       -0.49495676        0.21914554        0.20244858        0.18292044        0.16813183        0.16023368 
       -0.44261178       -0.49943602        0.21797505        0.20390415        0.18578950        0.17176789        0.16420926 
       -0.44833195       -0.50335401        0.21647908        0.20510758        0.18847623        0.17527176        0.16808042 
       -0.45360076       -0.50669914        0.21466312        0.20605512        0.19097309        0.17863384        0.17183489 
       -0.45840344       -0.50945908        0.21253483        0.20674428        0.19327162        0.18184301        0.17546150 
       -0.46272579       -0.51162738        0.21009840        0.20717359        0.19536486        0.18488988        0.17894925 
       -0.46655452       -0.51319826        0.20736478        0.20734105        0.19724566        0.18776549        0.18228702 
       -0.46987981       -0.51416576        0.20434283        0.20724706        0.19890922        0.19046023        0.18546470 
       -0.47269157       -0.51453000        0.20104374        0.20689119        0.20034976        0.19296534        0.18847248 
       -0.47498247       -0.51428908        0.19747953        0.20627743        0.20156273        0.19527335        0.19130062 
       -0.47674662       -0.51344591        0.19366372        0.20540601        0.20254484        0.19737768        0.19393940 
       -0.47797984       -0.51200294        0.18960693        0.20428216        0.20329334        0.19927014        0.19638100 
       -0.47867823       -0.50996864        0.18532512        0.20290844        0.20380645        0.20094532        0.19861770 
       -0.47884282       -0.50734615        0.18083347        0.20129208        0.20408115        0.20239800        0.20064193 
       -0.47847280       -0.50414747        0.17614749        0.19943705        0.20411979        0.20362219        0.20244706 
       -0.47757056       -0.50038332        0.17128019        0.19735137        0.20391962        0.20461696        0.20402633 
       -0.47614166       -0.49606404        0.16624999        0.19504184        0.20348330        0.20537631        0.20537558 
       -0.47418740       -0.49120623        0.16107284        0.19251657        0.20281111        0.20589893        0.20648997 
       -0.47171980       -0.48582405        0.15576598        0.18978344        0.20190811        0.20618238        0.20736498 
       -0.46874341       -0.47993392        0.15034218        0.18685187        0.20077430        0.20622666        0.20799892 
       -0.46527004       -0.47355485        0.14482379        0.18373096        0.19941469        0.20603074        0.20838892 
       -0.46130964       -0.46670452        0.13922085        0.18043134        0.19783404        0.20559755        0.20853242 
       -0.45687476       -0.45940241        0.13355106        0.17696358        0.19603762        0.20492388        0.20843107 
       -0.45197904       -0.45167002        0.12783383        0.17333582        0.19403034        0.20401557        0.20808324 
       -0.44663656       -0.44353074        0.12208031        0.16956130        0.19181775        0.20287350        0.20749143 
       -0.44086269       -0.43500495        0.11630575        0.16565050        0.18940774        0.20150223        0.20665571 
       -0.43467417       -0.42611501        0.11052815        0.16161206        0.18680717        0.19990486        0.20557939 
       -0.42808735       -0.41688734        0.10475736        0.15745831        0.18402314        0.19808652        0.20426573 
       -0.42112127       -0.40734160        0.09900859        0.15320140        0.18106329        0.19605291        0.20271860 
       -0.41379315       -0.39750266        0.09329241        0.14885217        0.17793703        0.19380936        0.20094131 
       -0.40612352       -0.38739541        0.08762294        0.14441876        0.17465186        0.19136271        0.19894171 
       -0.39813051       -0.37704161        0.08201103        0.13991542        0.17121549        0.18871981        0.19672339 
       -0.38983327       -0.36646983        0.07646458        0.13534878        0.16763934        0.18588831        0.19429399 
       -0.38125432       -0.35569811        0.07099614        0.13073209        0.16393210        0.18287602        0.19165856 
       -0.37241173       -0.34475279        0.06561113        0.12607656        0.16010100        0.17968884        0.18882823 
       -0.36332610       -0.33365715        0.06032115        0.12138838        0.15615681        0.17633966        0.18580776 
       -0.35401896       -0.32243186        0.05513120        0.11667811        0.15210940        0.17283282        0.18260799 
       -0.34451061       -0.31110048        0.05005094        0.11195417        0.14796656        0.16918173        0.17923479 
       -0.33481994       -0.29968482        0.04507947        0.10722623        0.14374003        0.16539302        0.17569937 
       -0.32496729       -0.28820464        0.04022728        0.10250394        0.13943627        0.16147542        0.17201172 
       -0.31497315       -0.27668154        0.03549622        0.09779272        0.13506705        0.15744162        0.16817866 
       -0.30485627       -0.26513448        0.03089179        0.09309897        0.13063937        0.15329796        0.16421397 
       -0.29463613       -0.25358376        0.02641291        0.08843385        0.12616402        0.14905603        0.16012430 
       -0.28433082       -0.24204519        0.02206403        0.08380169        0.12164840        0.14472607        0.15592036 
       -0.27395871       -0.23053782        0.01784787        0.07920663        0.11710116        0.14031635        0.15161397 
       -0.26353803       -0.21907724        0.01376391        0.07465691        0.11253129        0.13583681        0.14721398 
       -0.25308508       -0.20768122        0.00981149        0.07015752        0.10794560        0.13129653        0.14273202 
       -0.24261749       -0.19636229        0.00599078        0.06571295        0.10335317        0.12670708        0.13817623 
       -0.23215000       -0.18513566        0.00230136        0.06132782        0.09876171        0.12207542        0.13355716 
       -0.22169882       -0.17401379       -0.00125471        0.05700562        0.09417554        0.11741196        0.12888592 
       -0.21127804       -0.16301087       -0.00468642        0.05275133        0.08960560        0.11272473        0.12417050 
       -0.20090279       -0.15213564       -0.00798909        0.04856602        0.08505526        0.10802352        0.11942204 
       -0.19058552       -0.14140019       -0.01116763        0.04445412        0.08053282        0.10331360        0.11464977 
       -0.18033841       -0.13081583       -0.01422343        0.04041836        0.07604285        0.09860644        0.10986181 
       -0.17017455       -0.12038898       -0.01716186        0.03646081        0.07159152        0.09390783        0.10506735 
       -0.16010408       -0.11012933       -0.01998371        0.03258247        0.06718463        0.08922621        0.10027439 
       -0.15013811       -0.10004575       -0.02269233        0.02878538        0.06282644        0.08456859        0.09549189 
       -0.14028746       -0.09014165       -0.02529135        0.02507131        0.05852060        0.07994106        0.09072773 
       -0.13055944       -0.08042607       -0.02778300        0.02144099        0.05427154        0.07535131        0.08598889 
       -0.12096425       -0.07090311       -0.03017260        0.01789418        0.05008560        0.07080451        0.08128217 
       -0.11150935       -0.06157774       -0.03246445        0.01443364        0.04596438        0.06630492        0.07661588 
       -0.10220122       -0.05245373       -0.03466070        0.01105746        0.04191162        0.06186038        0.07199457 
       -0.09304825       -0.04353400       -0.03676414        0.00776632        0.03793051        0.05747418        0.06742561 
       -0.08405513       -0.03482093       -0.03877926        0.00456014        0.03402355        0.05315230        0.06291312 
       -0.07522675       -0.02631856       -0.04071072        0.00143948        0.03019324        0.04889672        0.05846418 
       -0.06656863       -0.01802757       -0.04256098       -0.00159703        0.02644126        0.04471378        0.05408181 
       -0.05808523       -0.00994736       -0.04433652       -0.00454815        0.02276954        0.04060614        0.04977118 
       -0.04977850       -0.00208342       -0.04603387       -0.00741821        0.01917905        0.03657772        0.04553646 
       -0.04165462        0.00557092       -0.04766288       -0.01020553        0.01567282        0.03262931        0.04138117 
       -0.03371370        0.01301103       -0.04922349       -0.01291017        0.01225044        0.02876453        0.03730858 
       -0.02595799        0.02023814       -0.05071943       -0.01553651        0.00891388        0.02498510        0.03332184 
       -0.01839036        0.02725514       -0.05215568       -0.01808221        0.00566182        0.02129576        0.02942232 
       -0.01101140        0.03406188       -0.05353263       -0.02054933        0.00249569        0.01769347        0.02561419 
       -0.00382219        0.04066231       -0.05485488       -0.02294141       -0.00058194        0.01418251        0.02189708 
        0.00317731        0.04705545       -0.05612411       -0.02525653       -0.00357483        0.01076297        0.01827370 
        0.00998819        0.05324483       -0.05734215       -0.02749935       -0.00648206        0.00743677        0.01474530 
        0.01660882        0.05923396       -0.05851427       -0.02966733       -0.00930312        0.00420143        0.01131298 
        0.02304105        0.06502508       -0.05963869       -0.03176646       -0.01204016        0.00106065        0.00797718 
        0.02928601        0.07062110       -0.06072011       -0.03379567       -0.01469136       -0.00198815        0.00473759 
        0.03534530        0.07602550       -0.06176330       -0.03575544       -0.01725993       -0.00494451        0.00159524 
        0.04121954        0.08124255       -0.06276401       -0.03764906       -0.01974527       -0.00780830       -0.00145100 
        0.04691108        0.08627609       -0.06372931       -0.03947801       -0.02214879       -0.01058036       -0.00440126 
        0.05242334        0.09112605       -0.06465684       -0.04124477       -0.02447251       -0.01326086       -0.00725604 
        0.05775627        0.09580160       -0.06555091       -0.04294930       -0.02671609       -0.01585268       -0.01001580 
        0.06291554        0.10030409       -0.06641234       -0.04459285       -0.02888266       -0.01835677       -0.01268107 
        0.06790100        0.10463932       -0.06724530       -0.04617711       -0.03097300       -0.02077063       -0.01525573 
        0.07271773        0.10880815       -0.06804637       -0.04770457       -0.03298730       -0.02310157       -0.01773767 
        0.07736752        0.11281816       -0.06881929       -0.04917680       -0.03492941       -0.02534591       -0.02013063 
        0.08185442        0.11667261       -0.06956351       -0.05059684       -0.03679909       -0.02750857       -0.02243474 
        0.08618231        0.12037408       -0.07028322       -0.05196160       -0.03859915       -0.02958998       -0.02465295 
        0.09035280        0.12393006       -0.07097720       -0.05327615       -0.04033211       -0.03159202       -0.02678678 
        0.09437145        0.12734306       -0.07164730       -0.05454234       -0.04199654       -0.03351710       -0.02883728 
        0.09824070        0.13061711       -0.07229343       -0.05575924       -0.04359880       -0.03536673       -0.03080631 
        0.10196425        0.13375849       -0.07291752       -0.05692988       -0.04513678       -0.03714163       -0.03269847 
        0.10554734        0.13676810       -0.07351947       -0.05805612       -0.04661325       -0.03884678       -0.03451292 
        0.10899121        0.13965395       -0.07410096       -0.05913771       -0.04803209       -0.04048174       -0.03625352 
        0.11230276        0.14241861       -0.07466156       -0.06017905       -0.04939196       -0.04204852       -0.03792270 
        0.11548365        0.14506583       -0.07520253       -0.06117838       -0.05069566       -0.04355107       -0.03952169 
        0.11853854        0.14760078       -0.07572375       -0.06213767       -0.05194675       -0.04499071       -0.04105287 
        0.12147120        0.15002616       -0.07622821       -0.06305961       -0.05314481       -0.04636928       -0.04251860 
        0.12428528        0.15234707       -0.07671247       -0.06394350       -0.05429472       -0.04768854       -0.04392151 
        0.12698509        0.15456733       -0.07718013       -0.06479276       -0.05539393       -0.04895122       -0.04526393 
        0.12957390        0.15669018       -0.07763089       -0.06560666       -0.05644881       -0.05015946       -0.04654628 
        0.13205513        0.15872099       -0.07806360       -0.06638774       -0.05745734       -0.05131459       -0.04777395 
        0.13443314        0.16066186       -0.07848134       -0.06713593       -0.05842271       -0.05241895       -0.04894698 
        0.13671146        0.16251706       -0.07888204       -0.06785525       -0.05934510       -0.05347603       -0.05006668 
        0.13889325        0.16428924       -0.07926847       -0.06854337       -0.06022939       -0.05448389       -0.05113873 
        0.14098221        0.16598280       -0.07963971       -0.06920207       -0.06107346       -0.05544877       -0.05216207 
        0.14298207        0.16760032       -0.07999423       -0.06983311       -0.06188238       -0.05637037       -0.05313903 
        0.14489575        0.16914518       -0.08033460       -0.07043806       -0.06265617       -0.05725078       -0.05407215 
        0.14672711        0.17061932       -0.08066271       -0.07101618       -0.06339419       -0.05809250       -0.05496354 
        0.14847836        0.17202802       -0.08097556       -0.07156996       -0.06410069       -0.05889580       -0.05581509 
        0.15015334        0.17337161       -0.08127411       -0.07209998       -0.06477581       -0.05966373       -0.05662820 
        0.15175532        0.17465508       -0.08155789       -0.07260740       -0.06542081       -0.06039721       -0.05740470 
        0.15328608        0.17587942       -0.08182981       -0.07309171       -0.06603751       -0.06109776       -0.05814750 
        0.15474978        0.17704760       -0.08208918       -0.07355516       -0.06662605       -0.06176711       -0.05885622 
        0.15614815        0.17816277       -0.08233581       -0.07399669       -0.06718950       -0.06240615       -0.05953424 
        0.15748419        0.17922600       -0.08256797       -0.07441857       -0.06772871       -0.06301697       -0.06018229 
        0.15876085        0.18023999       -0.08278935       -0.07482260       -0.06824101       -0.06360162       -0.06080127 
        0.15997979        0.18120722       -0.08299776       -0.07520739       -0.06873288       -0.06415915       -0.06139384 
        0.16114354        0.18212892       -0.08319503       -0.07557338       -0.06920200       -0.06469281       -0.06195943 
        0.16225477        0.18300831       -0.08338141       -0.07592320       -0.06964975       -0.06520229       -0.06250173 
        0.16331491        0.18384610       -0.08355542       -0.07625631       -0.07007722       -0.06569009       -0.06302041 
        0.16432819        0.18464336       -0.08371781       -0.07657323       -0.07048595       -0.06615706       -0.06351660 
        0.16529417        0.18540192       -0.08387000       -0.07687412       -0.07087631       -0.06660270       -0.06399231 
        0.16621502        0.18612590       -0.08400962       -0.07716012       -0.07124922       -0.06702982       -0.06444758 
        0.16709320        0.18681408       -0.08414114       -0.07743247       -0.07160502       -0.06743762       -0.06488398 
        0.16793031        0.18746841       -0.08426067       -0.07769071       -0.07194387       -0.06782916       -0.06530194 
        0.16872875        0.18808953       -0.08437115       -0.07793485       -0.07226764       -0.06820402       -0.06570172 
        0.16948842        0.18868157       -0.08447000       -0.07816698       -0.07257684       -0.06856141       -0.06608657 
        0.17021187        0.18924302       -0.08456039       -0.07838571       -0.07287183       -0.06890488       -0.06645471 
        0.17090042        0.18977539       -0.08464152       -0.07859186       -0.07315327       -0.06923246       -0.06680853 
        0.17155613        0.19027908       -0.08471233       -0.07878560       -0.07342169       -0.06954632       -0.06714751 
        0.17217788        0.19075708       -0.08477315       -0.07897061       -0.07367635       -0.06984711       -0.06747275 
        0.17276973        0.19120894       -0.08482739       -0.07914247       -0.07391816       -0.07013515       -0.06778560 
        0.17333119        0.19163539       -0.08487102       -0.07930350       -0.07414974       -0.07041084       -0.06808497 
        0.17386347        0.19203708       -0.08490800       -0.07945389       -0.07436900       -0.07067443       -0.06837301 
        0.17436796        0.19241579       -0.08493567       -0.07959421       -0.07457884       -0.07092538       -0.06864928 
        0.17484565        0.19277169       -0.08495396       -0.07972579       -0.07477620       -0.07116728       -0.06891355 
        0.17529680        0.19310567       -0.08496571       -0.07984655       -0.07496320       -0.07139751       -0.06916852 
        0.17572315        0.19341819       -0.08496857       -0.07995879       -0.07514129       -0.07161789       -0.06941177 
        0.17612480        0.19370921       -0.08496447       -0.08006209       -0.07530926       -0.07182761       -0.06964581 
        0.17650270        0.19398007       -0.08495171       -0.08015649       -0.07546820       -0.07202845       -0.06986970 
        0.17685817        0.19423142       -0.08493382       -0.08024120       -0.07561675       -0.07222059       -0.07008418 
        0.17719111        0.19446369       -0.08490721       -0.08031826       -0.07575805       -0.07240240       -0.07028977 
        0.17750205        0.19467773       -0.08487554       -0.08038634       -0.07589028       -0.07257500       -0.07048684 
        0.17779228        0.19487199       -0.08483609       -0.08044724       -0.07601431       -0.07274012       -0.07067437 
        0.17806222        0.19504930       -0.08478958       -0.08050185       -0.07612921       -0.07289649       -0.07085391 
        0.17831175        0.19520900       -0.08473718       -0.08054679       -0.07623675       -0.07304443       -0.07102545 
        0.17854244        0.19535081       -0.08467750       -0.08058541       -0.07633618       -0.07318563       -0.07118802 
        0.17875372        0.19547720       -0.08461410       -0.08061562       -0.07642858       -0.07331719       -0.07134452 
        0.17894723        0.19558525       -0.08454315       -0.08064047       -0.07651274       -0.07344194       -0.07149199 
        0.17912212        0.19567829       -0.08446585       -0.08065712       -0.07659056       -0.07355939       -0.07163201 
        0.17927966        0.19575536       -0.08438461       -0.08066773       -0.07666042       -0.07366908       -0.07176490 
        0.17941998        0.19581813       -0.08429763       -0.08067071       -0.07672348       -0.07377156       -0.07189123 
        0.17954344        0.19586389       -0.08420423       -0.08066917       -0.07677983       -0.07386687       -0.07200918 
        0.17965052        0.19589587       -0.08410535       -0.08066087       -0.07682951       -0.07395505       -0.07212081 
        0.17974128        0.19591358       -0.08400249       -0.08064559       -0.07687256       -0.07403780       -0.07222410 
        0.17981650        0.19591597       -0.08389539       -0.08062383       -0.07690875       -0.07411259       -0.07232240 
        0.17987692        0.19590370       -0.08378370       -0.08059646       -0.07693943       -0.07418145       -0.07241225 
        0.17992106        0.19587921       -0.08366713       -0.08056443       -0.07696252       -0.07424295       -0.07249703 
        0.17995082        0.19584078       -0.08354585       -0.08052488       -0.07698140       -0.07429829       -0.07257468 
        0.17996621        0.19578804       -0.08341932       -0.08048189       -0.07699261       -0.07434738       -0.07264569 
        0.17996714        0.19572276       -0.08328969       -0.08043244       -0.07699811       -0.07439104       -0.07271004 
        0.17995399        0.19564508       -0.08315565       -0.08037823       -0.07699794       -0.07442761       -0.07276874 
        0.17992748        0.19555371       -0.08301789       -0.08031804       -0.07699212       -0.07445870       -0.07282118 
        0.17988719        0.19545086       -0.08287646       -0.08025361       -0.07697982       -0.07448395       -0.07286717 
        0.17983383        0.19533594       -0.08273124       -0.08018374       -0.07696367       -0.07450242       -0.07290728 
        0.17976804        0.19520728       -0.08258170       -0.08010893       -0.07694123       -0.07451554       -0.07294133 
        0.17968881        0.19506842       -0.08242822       -0.08002907       -0.07691364       -0.07452442       -0.07296940 
        0.17959751        0.19491708       -0.08227155       -0.07994583       -0.07688045       -0.07452554       -0.07299219 
        0.17949381        0.19475470       -0.08211227       -0.07985663       -0.07684251       -0.07452217       -0.07300903 
        0.17937818        0.19458087       -0.08194966       -0.07976373       -0.07679948       -0.07451356       -0.07301999 
        0.17925087        0.19439651       -0.08178408       -0.07966556       -0.07675140       -0.07449877       -0.07302622 
        0.17911196        0.19420166       -0.08161519       -0.07956485       -0.07669771       -0.07447938       -0.07302631 
        0.17896172        0.19399579       -0.08144199       -0.07945815       -0.07664075       -0.07445484       -0.07302145 
        0.17880055        0.19377950       -0.08126821       -0.07934774       -0.07657790       -0.07442553       -0.07301067 
        0.17862855        0.19355291       -0.08108994       -0.07923373       -0.07651085       -0.07439063       -0.07299545 
        0.17844586        0.19331741       -0.08090915       -0.07911646       -0.07643929       -0.07435047       -0.07297512 
        0.17825297        0.19307119       -0.08072572       -0.07899488       -0.07636294       -0.07430648       -0.07294948 
        0.17804964        0.19281635       -0.08053984       -0.07886890       -0.07628325       -0.07425679       -0.07291934 
        0.17783585        0.19255137       -0.08035196       -0.07873940       -0.07619863       -0.07420295       -0.07288419 
        0.17761308        0.19227721       -0.08016074       -0.07860643       -0.07610936       -0.07414632       -0.07284299 
        0.17738055        0.19199473       -0.07996706       -0.07847013       -0.07601698       -0.07408264       -0.07279899 
        0.17713885        0.19170250       -0.07977210       -0.07833037       -0.07592007       -0.07401600       -0.07274958 
        0.17688750        0.19140254       -0.07957374       -0.07818740       -0.07581916       -0.07394413       -0.07269634 
        0.17662810        0.19109331       -0.07937325       -0.07804219       -0.07571378       -0.07386933       -0.07263801 
        0.17635912        0.19077703       -0.07917203       -0.07789137       -0.07560616       -0.07378966       -0.07257549 
        0.17608209        0.19045193       -0.07896664       -0.07773963       -0.07549414       -0.07370593       -0.07250919 
        0.17579630        0.19011974       -0.07876090       -0.07758335       -0.07537900       -0.07361816       -0.07243870 
        0.17550258        0.18977988       -0.07855158       -0.07742491       -0.07526011       -0.07352652       -0.07236426 
        0.17520103        0.18943249       -0.07834087       -0.07726378       -0.07513731       -0.07343180       -0.07228591 
        0.17489174        0.18907696       -0.07812880       -0.07709995       -0.07501124       -0.07333330       -0.07220343 
        0.17457530        0.18871479       -0.07791522       -0.07693253       -0.07488264       -0.07323093       -0.07211698 
        0.17425062        0.18834570       -0.07769944       -0.07676271       -0.07475030       -0.07312509       -0.07202777 
        0.17391987        0.18796907       -0.07748131       -0.07659029       -0.07461540       -0.07301630       -0.07193388 
        0.17358132        0.18758684       -0.07726249       -0.07641549       -0.07447660       -0.07290381       -0.07183743 
        0.17323622        0.18719870       -0.07704132       -0.07623836       -0.07433531       -0.07278809       -0.07173711 
        0.17288475        0.18680258       -0.07681792       -0.07605852       -0.07419219       -0.07266895       -0.07163393 
        0.17252681        0.18640170       -0.07659489       -0.07587688       -0.07404533       -0.07254626       -0.07152716 
        0.17216291        0.18599392       -0.07636964       -0.07569230       -0.07389510       -0.07242239       -0.07141716 
        0.17179205        0.18558143       -0.07614250       -0.07550569       -0.07374375       -0.07229386       -0.07130411 
        0.17141622        0.18516171       -0.07591274       -0.07531776       -0.07358881       -0.07216343       -0.07118802 
        0.17103395        0.18473816       -0.07568397       -0.07512638       -0.07343133       -0.07203032       -0.07106907 
        0.17064615        0.18430825       -0.07545280       -0.07493400       -0.07327159       -0.07189394       -0.07094736 
        0.17025292        0.18387303       -0.07522063       -0.07473886       -0.07310954       -0.07175546       -0.07082297 
        0.16985451        0.18343352       -0.07498766       -0.07454196       -0.07294533       -0.07161413       -0.07069553 
        0.16945107        0.18298884       -0.07475308       -0.07434364       -0.07277840       -0.07147039       -0.07056620 
        0.16904284        0.18253903       -0.07451700       -0.07414354       -0.07260999       -0.07132323       -0.07043422 
        0.16862907        0.18208560       -0.07428002       -0.07394178       -0.07243881       -0.07117503       -0.07029884 
        0.16821152        0.18162659       -0.07404255       -0.07373755       -0.07226607       -0.07102475       -0.07016126 
        0.16778901        0.18116380       -0.07380351       -0.07353193       -0.07209119       -0.07087145       -0.07002202 
        0.16736217        0.18069601       -0.07356304       -0.07332563       -0.07191405       -0.07071602       -0.06988032 
        0.16693045        0.18022491       -0.07332250       -0.07311710       -0.07173577       -0.07055804       -0.06973655 
        0.16649553        0.17974883       -0.07308022       -0.07290663       -0.07155482       -0.07039977       -0.06958982 
        0.16605644        0.17926945       -0.07283793       -0.07269546       -0.07137266       -0.07023808       -0.06944173 
        0.16561319        0.17878607       -0.07259427       -0.07248234       -0.07118855       -0.07007506       -0.06929132 
        0.16516583        0.17829940       -0.07235020       -0.07226815       -0.07100260       -0.06991023       -0.06913866 
        0.16471563        0.17780899       -0.07210591       -0.07205194       -0.07081585       -0.06974247       -0.06898473 
        0.16426121        0.17731526       -0.07185962       -0.07183555       -0.07062650       -0.06957399       -0.06882861 
        0.16380367        0.17681861       -0.07161261       -0.07161799       -0.07043593       -0.06940367       -0.06867064 
        0.16334289        0.17631714       -0.07136528       -0.07139865       -0.07024514       -0.06923110       -0.06851055 
        0.16287924        0.17581366       -0.07111768       -0.07117851       -0.07005171       -0.06905689       -0.06834975 
        0.16241202        0.17530777       -0.07086886       -0.07095726       -0.06985664       -0.06888227       -0.06818614 
        0.16194232        0.17479824       -0.07062008       -0.07073472       -0.06966008       -0.06870648       -0.06802087 
        0.16146941        0.17428567       -0.07036994       -0.07051131       -0.06946315       -0.06852694       -0.06785547 
        0.16099392        0.17377035       -0.07011943       -0.07028762       -0.06926485       -0.06834718       -0.06768727 
        0.16051580        0.17325240       -0.06986914       -0.07006240       -0.06906430       -0.06816641       -0.06751790 
        0.16003458        0.17273225       -0.06961752       -0.06983584       -0.06886433       -0.06798369       -0.06734728 
        0.15955134        0.17221032       -0.06936660       -0.06960821       -0.06866229       -0.06780006       -0.06717509 
        0.15906546        0.17168494       -0.06911444       -0.06938027       -0.06845963       -0.06761473       -0.06700135 
        0.15857764        0.17115740       -0.06886195       -0.06915185       -0.06825493       -0.06742907       -0.06682632 
        0.15808751        0.17062725       -0.06860866       -0.06892293       -0.06804972       -0.06724116       -0.06665037 
        0.15759502        0.17009595       -0.06835553       -0.06869225       -0.06784359       -0.06705257       -0.06647314 
        0.15710066        0.16956204       -0.06810189       -0.06846148       -0.06763680       -0.06686312       -0.06629398 
        0.15660396        0.16902657       -0.06784881       -0.06823016       -0.06742856       -0.06667212       -0.06611399 
        0.15610626        0.16848774       -0.06759472       -0.06799847       -0.06721935       -0.06648003       -0.06593350 
        0.15560590        0.16794878       -0.06734087       -0.06776562       -0.06700905       -0.06628755       -0.06575143 
        0.15510391        0.16740747       -0.06708617       -0.06753200       -0.06679899       -0.06609376       -0.06556779 
        0.15460056        0.16686408       -0.06683195       -0.06729812       -0.06658746       -0.06589893       -0.06538363 
        0.15409534        0.16631944       -0.06657756       -0.06706382       -0.06637506       -0.06570289       -0.06519850 
        0.15358861        0.16577296       -0.06632240       -0.06682859       -0.06616273       -0.06550676       -0.06501175 
        0.15308049        0.16522491       -0.06606761       -0.06659323       -0.06594930       -0.06530894       -0.06482469 
        0.15257056        0.16467662       -0.06581264       -0.06635775       -0.06573436       -0.06511084       -0.06463653 
        0.15205935        0.16412565       -0.06555698       -0.06612199       -0.06552006       -0.06491128       -0.06444730 
        0.15154736        0.16357344       -0.06530218       -0.06588500       -0.06530481       -0.06471107       -0.06425766 
        0.15103394        0.16302025       -0.06504709       -0.06564837       -0.06508827       -0.06451074       -0.06406659 
        0.15051930        0.16246577       -0.06479214       -0.06541131       -0.06487143       -0.06430953       -0.06387477 
        0.15000354        0.16191022       -0.06453648       -0.06517357       -0.06465434       -0.06410708       -0.06368262 
        0.14948675        0.16135348       -0.06428173       -0.06493558       -0.06443668       -0.06390455       -0.06348923 
        0.14896883        0.16079661       -0.06402662       -0.06469800       -0.06421835       -0.06370091       -0.06329507 
        0.14845033        0.16023761       -0.06377157       -0.06445938       -0.06399963       -0.06349678       -0.06310042 
        0.14793052        0.15967774       -0.06351657       -0.06422113       -0.06378043       -0.06329191       -0.06290499 
        0.14741001        0.15911773       -0.06326199       -0.06398206       -0.06356044       -0.06308741       -0.06270880 
        0.14688896        0.15855643       -0.06300763       -0.06374321       -0.06334069       -0.06288096       -0.06251221 
        0.14636683        0.15799449       -0.06275295       -0.06350356       -0.06312058       -0.06267456       -0.06231483 
        0.14584430        0.15743202       -0.06249898       -0.06326459       -0.06289967       -0.06246792       -0.06211651 
        0.14532086        0.15686801       -0.06224401       -0.06302571       -0.06267895       -0.06225983       -0.06191827 
        0.14479709        0.15630421       -0.06199038       -0.06278636       -0.06245693       -0.06205270       -0.06171874 
        0.14427269        0.15573974       -0.06173626       -0.06254677       -0.06223555       -0.06184465       -0.06151867 
        0.14374749        0.15517457       -0.06148313       -0.06230724       -0.06201361       -0.06163552       -0.06131848 
        0.14322221        0.15460916       -0.06122956       -0.06206743       -0.06179158       -0.06142657       -0.06111760 
        0.14269617        0.15404326       -0.06097646       -0.06182794       -0.06156870       -0.06121633       -0.06091709 
        0.14217025        0.15347660       -0.06072387       -0.06158798       -0.06134642       -0.06100638       -0.06071536 
        0.14164355        0.15291035       -0.06047090       -0.06134917       -0.06112292       -0.06079644       -0.06051269 
        0.14111675        0.15234327       -0.06021848       -0.06110955       -0.06090004       -0.06058528       -0.06031036 
        0.14058964        0.15177609       -0.05996708       -0.06086955       -0.06067652       -0.06037444       -0.06010744 
        0.14006229        0.15120848       -0.05971511       -0.06063049       -0.06045339       -0.06016341       -0.05990366 
        0.13953474        0.15064086       -0.05946388       -0.06039083       -0.06022977       -0.05995219       -0.05969977 
        0.13900729        0.15007278       -0.05921289       -0.06015149       -0.06000627       -0.05973996       -0.05949597 
        0.13847955        0.14950518       -0.05896231       -0.05991258       -0.05978222       -0.05952784       -0.05929161 
        0.13795203        0.14893718       -0.05871227       -0.05967342       -0.05955841       -0.05931561       -0.05908684 
        0.13742413        0.14836939       -0.05846226       -0.05943438       -0.05933455       -0.05910308       -0.05888177 
        0.13689643        0.14780110       -0.05821298       -0.05919589       -0.05911057       -0.05889009       -0.05867639 
        0.13636892        0.14723334       -0.05796366       -0.05895729       -0.05888649       -0.05867735       -0.05847077 
        0.13584130        0.14666554       -0.05771548       -0.05871882       -0.05866224       -0.05846466       -0.05826473 
        0.13531370        0.14609805       -0.05746700       -0.05848035       -0.05843856       -0.05825147       -0.05805853 
        0.13478647        0.14553034       -0.05721904       -0.05824229       -0.05821476       -0.05803787       -0.05785235 
        0.13425924        0.14496303       -0.05697146       -0.05800445       -0.05799011       -0.05782458       -0.05764603 
        0.13373233        0.14439619       -0.05672483       -0.05776699       -0.05776650       -0.05761073       -0.05743936 
        0.13320549        0.14382924       -0.05647862       -0.05752949       -0.05754248       -0.05739783       -0.05723181 
        0.13267942        0.14326245       -0.05623265       -0.05729248       -0.05731845       -0.05718384       -0.05702521 
        0.13215309        0.14269616       -0.05598716       -0.05705599       -0.05709466       -0.05697002       -0.05681792 
        0.13162734        0.14213024       -0.05574197       -0.05681903       -0.05687148       -0.05675619       -0.05661053 
        0.13110201        0.14156450       -0.05549769       -0.05658295       -0.05664712       -0.05654240       -0.05640336 
        0.13057706        0.14099963       -0.05525327       -0.05634712       -0.05642416       -0.05632868       -0.05619575 
        0.13005237        0.14043510       -0.05500987       -0.05611192       -0.05620036       -0.05611516       -0.05598799 
        0.12952872        0.13987046       -0.05476683       -0.05587626       -0.05597717       -0.05590140       -0.05578040 
        0.12900487        0.13930753       -0.05452492       -0.05564097       -0.05575439       -0.05568730       -0.05557270 
        0.12848172        0.13874431       -0.05428309       -0.05540633       -0.05553170       -0.05547328       -0.05536505 
        0.12795942        0.13818112       -0.05404152       -0.05517256       -0.05530859       -0.05525999       -0.05515718 
        0.12743738        0.13761912       -0.05380058       -0.05493854       -0.05508630       -0.05504629       -0.05494939 
        0.12691554        0.13705871       -0.05356062       -0.05470458       -0.05486436       -0.05483234       -0.05474196 
        0.12639482        0.13649760       -0.05332089       -0.05447169       -0.05464207       -0.05461892       -0.05453421 
        0.12587485        0.13593727       -0.05308188       -0.05423900       -0.05442007       -0.05440565       -0.05432638 
        0.12535524        0.13537820       -0.05284328       -0.05400689       -0.05419823       -0.05419282       -0.05411839 
        0.12483638        0.13481984       -0.05260579       -0.05377451       -0.05397707       -0.05397948       -0.05391100 
        0.12431829        0.13426171       -0.05236777       -0.05354328       -0.05375585       -0.05376678       -0.05370329 
        0.12380084        0.13370463       -0.05213144       -0.05331234       -0.05353507       -0.05355388       -0.05349581 
        0.12328420        0.13314825       -0.05189531       -0.05308165       -0.05331479       -0.05334107       -0.05328839 
        0.12276834        0.13259289       -0.05165965       -0.05285121       -0.05309427       -0.05312885       -0.05308108 
        0.12225325        0.13203827       -0.05142521       -0.05262161       -0.05287392       -0.05291641       -0.05287394 
        0.12173886        0.13148469       -0.05119056       -0.05239227       -0.05265464       -0.05270403       -0.05266706 
        0.12122530        0.13093127       -0.05095705       -0.05216365       -0.05243514       -0.05249222       -0.05246005 
        0.12071284        0.13037953       -0.05072433       -0.05193532       -0.05221622       -0.05228036       -0.05225325 
        0.12020086        0.12982869       -0.05049214       -0.05170729       -0.05199753       -0.05206908       -0.05204661 
        0.11969004        0.12927836       -0.05026022       -0.05148011       -0.05177913       -0.05185767       -0.05184037 
        0.11918027        0.12872921       -0.05002877       -0.05125374       -0.05156099       -0.05164665       -0.05163404 
        0.11867114        0.12818100       -0.04979860       -0.05102698       -0.05134336       -0.05143627       -0.05142777 
        0.11816299        0.12763391       -0.04956896       -0.05080112       -0.05112630       -0.05122571       -0.05122176 
        0.11765612        0.12708753       -0.04934023       -0.05057567       -0.05090956       -0.05101539       -0.05101605 
        0.11714973        0.12654279       -0.04911155       -0.05035087       -0.05069257       -0.05080568       -0.05081063 
        0.11664481        0.12599856       -0.04888393       -0.05012676       -0.05047642       -0.05059653       -0.05060505 
        0.11614051        0.12545581       -0.04865653       -0.04990323       -0.05026103       -0.05038642       -0.05040050 
        0.11563738        0.12491370       -0.04843073       -0.04968018       -0.05004520       -0.05017795       -0.05019547 
        0.11513531        0.12437311       -0.04820495       -0.04945740       -0.04983060       -0.04996870       -0.04999125 
        0.11463437        0.12383346       -0.04797973       -0.04923520       -0.04961612       -0.04976043       -0.04978698 
        0.11413454        0.12329485       -0.04775522       -0.04901412       -0.04940204       -0.04955234       -0.04958294 
        0.11363573        0.12275741       -0.04753140       -0.04879305       -0.04918840       -0.04934460       -0.04937910 
        0.11313793        0.12222156       -0.04730880       -0.04857272       -0.04897499       -0.04913774       -0.04917562 
        0.11264128        0.12168625       -0.04708657       -0.04835297       -0.04876238       -0.04893048       -0.04897241 
        0.11214604        0.12115251       -0.04686480       -0.04813363       -0.04855022       -0.04872385       -0.04876954 
        0.11165175        0.12062002       -0.04664393       -0.04791524       -0.04833835       -0.04851725       -0.04856735 
        0.11115877        0.12008812       -0.04642377       -0.04769721       -0.04812691       -0.04831130       -0.04836519 
        0.11066650        0.11955828       -0.04620430       -0.04747983       -0.04791596       -0.04810644       -0.04816258 
        0.11017584        0.11902934       -0.04598600       -0.04726264       -0.04770596       -0.04790055       -0.04796152 
        0.10968638        0.11850153       -0.04576751       -0.04704689       -0.04749576       -0.04769624       -0.04776001 
        0.10919780        0.11797587       -0.04555035       -0.04683105       -0.04728636       -0.04749193       -0.04755906 
        0.10871053        0.11745055       -0.04533403       -0.04661629       -0.04707728       -0.04728762       -0.04735881 
        0.10822489        0.11692659       -0.04511793       -0.04640186       -0.04686860       -0.04708478       -0.04715830 
        0.10774007        0.11640466       -0.04490340       -0.04618786       -0.04666113       -0.04688074       -0.04695901 
        0.10725661        0.11588338       -0.04468864       -0.04597477       -0.04645360       -0.04667864       -0.04675917 
        0.10677440        0.11536386       -0.04447511       -0.04576219       -0.04624679       -0.04647635       -0.04656013 
        0.10629356        0.11484534       -0.04426216       -0.04555035       -0.04604049       -0.04627435       -0.04636147 
        0.10581376        0.11432865       -0.04405038       -0.04533916       -0.04583432       -0.04607297       -0.04616319 
        0.10533562        0.11381283       -0.04383884       -0.04512852       -0.04562930       -0.04587188       -0.04596519 
        0.10485852        0.11329808       -0.04362801       -0.04491863       -0.04542415       -0.04567176       -0.04576755 
        0.10438280        0.11278550       -0.04341757       -0.04470959       -0.04522005       -0.04547144       -0.04557072 
        0.10390841        0.11227366       -0.04320810       -0.04450103       -0.04501625       -0.04527183       -0.04537399 
        0.10343527        0.11176417       -0.04300017       -0.04429271       -0.04481306       -0.04507254       -0.04517785 
        0.10296352        0.11125544       -0.04279222       -0.04408540       -0.04461023       -0.04487442       -0.04498171 
        0.10249302        0.11074860       -0.04258523       -0.04387866       -0.04440829       -0.04467590       -0.04478650 
        0.10202401        0.11024261       -0.04237921       -0.04367271       -0.04420642       -0.04447832       -0.04459164 
        0.10155635        0.10973834       -0.04217329       -0.04346734       -0.04400580       -0.04428090       -0.04439703 
        0.10108996        0.10923562       -0.04196895       -0.04326265       -0.04380509       -0.04408447       -0.04420268 
        0.10062493        0.10873439       -0.04176509       -0.04305837       -0.04360531       -0.04388825       -0.04400912 
        0.10016110        0.10823469       -0.04156138       -0.04285512       -0.04340613       -0.04369260       -0.04381584 
        0.09969889        0.10773615       -0.04135868       -0.04265250       -0.04320756       -0.04349727       -0.04362312 
        0.09923843        0.10723908       -0.04115709       -0.04245043       -0.04300934       -0.04330248       -0.04343092 
        0.09877886        0.10674343       -0.04095615       -0.04224904       -0.04281173       -0.04310846       -0.04323902 
        0.09832077        0.10624980       -0.04075554       -0.04204854       -0.04261451       -0.04291465       -0.04304794 
        0.09786411        0.10575742       -0.04055618       -0.04184851       -0.04241805       -0.04272162       -0.04285693 
        0.09740909        0.10526621       -0.04035709       -0.04164904       -0.04222240       -0.04252915       -0.04266643 
        0.09695537        0.10477669       -0.04015945       -0.04144995       -0.04202748       -0.04233673       -0.04247655 
        0.09650283        0.10428914       -0.03996186       -0.04125240       -0.04183251       -0.04214514       -0.04228728 
        0.09605197        0.10380265       -0.03976552       -0.04105490       -0.04163867       -0.04195423       -0.04209820 
        0.09560261        0.10331780       -0.03956973       -0.04085823       -0.04144527       -0.04176367       -0.04190972 
        0.09515449        0.10283466       -0.03937475       -0.04066215       -0.04125259       -0.04157373       -0.04172175 
        0.09470768        0.10235319       -0.03918064       -0.04046686       -0.04106024       -0.04138448       -0.04153424 
        0.09426256        0.10187285       -0.03898715       -0.04027240       -0.04086852       -0.04119528       -0.04134743 
        0.09381877        0.10139420       -0.03879436       -0.04007876       -0.04067740       -0.04100704       -0.04116094 
        0.09337674        0.10091718       -0.03860212       -0.03988513       -0.04048733       -0.04081922       -0.04097495 
        0.09293583        0.10044191       -0.03841100       -0.03969277       -0.04029730       -0.04063179       -0.04078965 
        0.09249663        0.09996756       -0.03822029       -0.03950107       -0.04010824       -0.04044524       -0.04060458 
        0.09205884        0.09949522       -0.03803045       -0.03930997       -0.03991977       -0.04025891       -0.04042036 
        0.09162235        0.09902458       -0.03784146       -0.03911969       -0.03973152       -0.04007359       -0.04023648 
        0.09118773        0.09855509       -0.03765321       -0.03892985       -0.03954444       -0.03988807       -0.04005329 
        0.09075412        0.09808774       -0.03746593       -0.03874100       -0.03935756       -0.03970389       -0.03987037 
        0.09032216        0.09762148       -0.03727891       -0.03855231       -0.03917176       -0.03952008       -0.03968796 
        0.08989183        0.09715725       -0.03709282       -0.03836469       -0.03898616       -0.03933681       -0.03950612 
        0.08946288        0.09669435       -0.03690768       -0.03817766       -0.03880156       -0.03915387       -0.03932501 
        0.08903529        0.09623313       -0.03672337       -0.03799158       -0.03861692       -0.03897167       -0.03914436 
        0.08860935        0.09577350       -0.03653955       -0.03780586       -0.03843358       -0.03879009       -0.03896423 
        0.08818478        0.09531555       -0.03635649       -0.03762092       -0.03825079       -0.03860895       -0.03878453 
        0.08776169        0.09485930       -0.03617423       -0.03743695       -0.03806836       -0.03842857       -0.03860555 
        0.08734036        0.09440418       -0.03599283       -0.03725354       -0.03788648       -0.03824870       -0.03842703 
        0.08692037        0.09395122       -0.03581219       -0.03707062       -0.03770560       -0.03806922       -0.03824919 
        0.08650184        0.09349936       -0.03563199       -0.03688862       -0.03752523       -0.03789046       -0.03807166 
        0.08608482        0.09304952       -0.03545275       -0.03670702       -0.03734555       -0.03771247       -0.03789472 
        0.08566934        0.09260094       -0.03527439       -0.03652650       -0.03716582       -0.03753511       -0.03771854 
        0.08525550        0.09215400       -0.03509637       -0.03634664       -0.03698752       -0.03735805       -0.03754270 
        0.08484299        0.09170894       -0.03491903       -0.03616744       -0.03680965       -0.03718135       -0.03736780 
        0.08443200        0.09126565       -0.03474307       -0.03598868       -0.03663234       -0.03700576       -0.03719296 
        0.08402259        0.09082340       -0.03456725       -0.03581075       -0.03645595       -0.03683055       -0.03701884 
        0.08361470        0.09038302       -0.03439248       -0.03563363       -0.03627993       -0.03665582       -0.03684547 
        0.08320832        0.08994440       -0.03421822       -0.03545714       -0.03610441       -0.03648197       -0.03667247 
