        0.00000000        0.00000000        0.00000000        0.00000000        0.00000000        0.00000000        0.00000000 
        0.00000000        0.00000000        0.00000000        0.00000000        0.00000000        0.00000000        0.00000000 
       -0.00000000       -0.00000000       -0.00000000       -0.00000000       -0.00000000       -0.00000000       -0.00000000 
       -0.00000000       -0.00000000       -0.00000000       -0.00000000       -0.00000000       -0.00000000       -0.00000000 
       -0.00000000       -0.00000000       -0.00000000       -0.00000000       -0.00000000       -0.00000000       -0.00000000 
       -0.00000000       -0.00000000       -0.00000000       -0.00000000       -0.00000000       -0.00000000       -0.00000000 
       -0.00000000       -0.00000000       -0.00000000       -0.00000000       -0.00000000       -0.00000000       -0.00000000 
       -0.00000000       -0.00000000       -0.00000000       -0.00000000       -0.00000000       -0.00000000       -0.00000000 
       -0.00000000       -0.00000000       -0.00000000       -0.00000000       -0.00000000       -0.00000000       -0.00000000 
       -0.00000000       -0.00000000       -0.00000000       -0.00000000       -0.00000000       -0.00000000       -0.00000000 
       -0.00000000       -0.00000000       -0.00000000       -0.00000000       -0.00000000       -0.00000000       -0.00000000 
       -0.00000000       -0.00000000       -0.00000000       -0.00000000       -0.00000000       -0.00000000       -0.00000000 
       -0.00000000       -0.00000000       -0.00000000       -0.00000000       -0.00000000       -0.00000000       -0.00000000 
       -0.00000000       -0.00000000       -0.00000000       -0.00000000       -0.00000000       -0.00000000       -0.00000000 
       -0.00000000       -0.00000000       -0.00000000       -0.00000000       -0.00000000       -0.00000000       -0.00000000 
       -0.00000000       -0.00000000       -0.00000000       -0.00000000       -0.00000000       -0.00000000       -0.00000000 
       -0.00000000       -0.00000000       -0.00000000       -0.00000000       -0.00000000       -0.00000000       -0.00000000 
       -0.00000000       -0.00000000       -0.00000000       -0.00000000       -0.00000000       -0.00000000       -0.00000000 
       -0.00000000       -0.00000000       -0.00000000       -0.00000000       -0.00000000       -0.00000000       -0.00000000 
       -0.00000000       -0.00000000       -0.00000000       -0.00000000       -0.00000000       -0.00000000       -0.00000000 
       -0.00000000       -0.00000000       -0.00000000       -0.00000000       -0.00000000       -0.00000000       -0.00000000 
       -0.00000000       -0.00000000       -0.00000000       -0.00000000       -0.00000000       -0.00000000       -0.00000000 
       -0.00000000       -0.00000000       -0.00000000       -0.00000000       -0.00000000       -0.00000000       -0.00000000 
       -0.00000000       -0.00000000       -0.00000000       -0.00000000       -0.00000000       -0.00000000       -0.00000000 
       -0.00000000       -0.00000000       -0.00000000       -0.00000000       -0.00000000       -0.00000000       -0.00000000 
       -0.00000000       -0.00000000       -0.00000000       -0.00000000       -0.00000000       -0.00000000       -0.00000000 
       -0.00000000       -0.00000000       -0.00000000       -0.00000000       -0.00000000       -0.00000000       -0.00000000 
       -0.00000000       -0.00000000       -0.00000000       -0.00000000       -0.00000000       -0.00000000       -0.00000000 
       -0.00000000       -0.00000000       -0.00000000       -0.00000000       -0.00000000       -0.00000000       -0.00000000 
       -0.00000000       -0.00000000       -0.00000000       -0.00000000       -0.00000000       -0.00000000       -0.00000000 
       -0.00000000       -0.00000000       -0.00000000       -0.00000000       -0.00000000       -0.00000000       -0.00000000 
       -0.00000000       -0.00000000       -0.00000000       -0.00000000       -0.00000000       -0.00000000       -0.00000000 
       -0.00000000       -0.00000000       -0.00000000       -0.00000000       -0.00000000       -0.00000000       -0.00000000 
       -0.00000000       -0.00000000       -0.00000000       -0.00000000       -0.00000000       -0.00000000       -0.00000000 
       -0.00000000       -0.00000000       -0.00000000       -0.00000000       -0.00000000       -0.00000000       -0.00000000 
       -0.00000000       -0.00000000       -0.00000000       -0.00000000       -0.00000000       -0.00000000       -0.00000000 
       -0.00000000       -0.00000000       -0.00000000       -0.00000000       -0.00000000       -0.00000000       -0.00000000 
       -0.00000000       -0.00000000       -0.00000000       -0.00000000       -0.00000000       -0.00000000       -0.00000000 
       -0.00000000       -0.00000000       -0.00000000       -0.00000000       -0.00000000       -0.00000000       -0.00000000 
       -0.00000000       -0.00000000       -0.00000000       -0.00000000       -0.00000000       -0.00000000       -0.00000000 
       -0.00000000       -0.00000000       -0.00000000       -0.00000000       -0.00000000       -0.00000000       -0.00000000 
       -0.00000000       -0.00000000       -0.00000000       -0.00000000       -0.00000000       -0.00000000       -0.00000000 
       -0.00000000       -0.00000000       -0.00000000       -0.00000000       -0.00000000       -0.00000000       -0.00000000 
       -0.00000000       -0.00000000       -0.00000000       -0.00000000       -0.00000000       -0.00000000       -0.00000000 
       -0.00000000       -0.00000000       -0.00000000       -0.00000000       -0.00000000       -0.00000000       -0.00000000 
       -0.00000000       -0.00000000       -0.00000000       -0.00000000       -0.00000000       -0.00000000       -0.00000000 
       -0.00000000       -0.00000000       -0.00000000       -0.00000000       -0.00000000       -0.00000000       -0.00000000 
       -0.00000000       -0.00000000       -0.00000000       -0.00000000       -0.00000000       -0.00000000       -0.00000000 
       -0.00000000       -0.00000000       -0.00000000       -0.00000000       -0.00000000       -0.00000000       -0.00000000 
       -0.00000000       -0.00000001       -0.00000001       -0.00000001       -0.00000001       -0.00000001       -0.00000000 
       -0.00000000       -0.00000001       -0.00000001       -0.00000001       -0.00000001       -0.00000001       -0.00000000 
       -0.00000001       -0.00000001       -0.00000001       -0.00000001       -0.00000001       -0.00000001       -0.00000000 
       -0.00000001       -0.00000001       -0.00000001       -0.00000001       -0.00000001       -0.00000001       -0.00000001 
       -0.00000001       -0.00000002       -0.00000001       -0.00000001       -0.00000001       -0.00000001       -0.00000001 
       -0.00000001       -0.00000002       -0.00000002       -0.00000002       -0.00000002       -0.00000002       -0.00000001 
       -0.00000001       -0.00000002       -0.00000002       -0.00000002       -0.00000002       -0.00000002       -0.00000001 
       -0.00000002       -0.00000003       -0.00000003       -0.00000003       -0.00000003       -0.00000003       -0.00000001 
       -0.00000002       -0.00000004       -0.00000003       -0.00000003       -0.00000003       -0.00000003       -0.00000002 
       -0.00000003       -0.00000005       -0.00000004       -0.00000004       -0.00000004       -0.00000004       -0.00000002 
       -0.00000003       -0.00000006       -0.00000005       -0.00000005       -0.00000005       -0.00000005       -0.00000003 
       -0.00000004       -0.00000007       -0.00000007       -0.00000007       -0.00000007       -0.00000007       -0.00000003 
       -0.00000005       -0.00000009       -0.00000009       -0.00000009       -0.00000009       -0.00000009       -0.00000004 
       -0.00000006       -0.00000012       -0.00000011       -0.00000011       -0.00000011       -0.00000011       -0.00000005 
       -0.00000008       -0.00000014       -0.00000013       -0.00000013       -0.00000013       -0.00000013       -0.00000007 
       -0.00000010       -0.00000018       -0.00000016       -0.00000016       -0.00000016       -0.00000016       -0.00000008 
       -0.00000012       -0.00000022       -0.00000020       -0.00000020       -0.00000020       -0.00000020       -0.00000010 
       -0.00000015       -0.00000027       -0.00000025       -0.00000025       -0.00000025       -0.00000025       -0.00000013 
       -0.00000018       -0.00000034       -0.00000031       -0.00000031       -0.00000031       -0.00000031       -0.00000016 
       -0.00000022       -0.00000042       -0.00000039       -0.00000039       -0.00000039       -0.00000039       -0.00000019 
       -0.00000028       -0.00000052       -0.00000048       -0.00000048       -0.00000048       -0.00000048       -0.00000024 
       -0.00000034       -0.00000064       -0.00000059       -0.00000059       -0.00000059       -0.00000059       -0.00000029 
       -0.00000042       -0.00000078       -0.00000072       -0.00000072       -0.00000072       -0.00000072       -0.00000036 
       -0.00000052       -0.00000096       -0.00000089       -0.00000088       -0.00000088       -0.00000089       -0.00000044 
       -0.00000063       -0.00000118       -0.00000109       -0.00000108       -0.00000108       -0.00000108       -0.00000054 
       -0.00000077       -0.00000144       -0.00000133       -0.00000133       -0.00000133       -0.00000133       -0.00000066 
       -0.00000095       -0.00000177       -0.00000163       -0.00000162       -0.00000162       -0.00000162       -0.00000081 
       -0.00000116       -0.00000216       -0.00000199       -0.00000198       -0.00000198       -0.00000198       -0.00000099 
       -0.00000141       -0.00000263       -0.00000242       -0.00000241       -0.00000241       -0.00000241       -0.00000121 
       -0.00000172       -0.00000320       -0.00000294       -0.00000294       -0.00000293       -0.00000294       -0.00000147 
       -0.00000209       -0.00000389       -0.00000358       -0.00000357       -0.00000356       -0.00000357       -0.00000178 
       -0.00000253       -0.00000472       -0.00000434       -0.00000433       -0.00000432       -0.00000433       -0.00000217 
       -0.00000307       -0.00000571       -0.00000526       -0.00000524       -0.00000524       -0.00000524       -0.00000262 
       -0.00000371       -0.00000691       -0.00000636       -0.00000634       -0.00000634       -0.00000634       -0.00000317 
       -0.00000449       -0.00000835       -0.00000768       -0.00000766       -0.00000765       -0.00000766       -0.00000383 
       -0.00000541       -0.00001008       -0.00000926       -0.00000923       -0.00000923       -0.00000923       -0.00000462 
       -0.00000652       -0.00001214       -0.00001116       -0.00001112       -0.00001111       -0.00001112       -0.00000556 
       -0.00000785       -0.00001460       -0.00001342       -0.00001337       -0.00001336       -0.00001337       -0.00000669 
       -0.00000942       -0.00001753       -0.00001611       -0.00001605       -0.00001604       -0.00001605       -0.00000803 
       -0.00001130       -0.00002103       -0.00001931       -0.00001924       -0.00001923       -0.00001924       -0.00000963 
       -0.00001354       -0.00002518       -0.00002312       -0.00002303       -0.00002302       -0.00002304       -0.00001153 
       -0.00001619       -0.00003011       -0.00002764       -0.00002753       -0.00002751       -0.00002754       -0.00001378 
       -0.00001933       -0.00003594       -0.00003299       -0.00003286       -0.00003284       -0.00003287       -0.00001645 
       -0.00002305       -0.00004285       -0.00003932       -0.00003916       -0.00003913       -0.00003917       -0.00001960 
       -0.00002745       -0.00005101       -0.00004679       -0.00004660       -0.00004657       -0.00004661       -0.00002333 
       -0.00003263       -0.00006064       -0.00005561       -0.00005538       -0.00005534       -0.00005539       -0.00002772 
       -0.00003874       -0.00007197       -0.00006598       -0.00006571       -0.00006566       -0.00006572       -0.00003289 
       -0.00004593       -0.00008530       -0.00007818       -0.00007785       -0.00007779       -0.00007787       -0.00003897 
       -0.00005436       -0.00010095       -0.00009250       -0.00009211       -0.00009203       -0.00009212       -0.00004610 
       -0.00006425       -0.00011929       -0.00010928       -0.00010881       -0.00010872       -0.00010883       -0.00005446 
       -0.00007583       -0.00014076       -0.00012892       -0.00012835       -0.00012824       -0.00012837       -0.00006425 
       -0.00008955       -0.00016634       -0.00015245       -0.00015172       -0.00015154       -0.00015163       -0.00007587 
       -0.00010556       -0.00019616       -0.00017988       -0.00017895       -0.00017869       -0.00017876       -0.00008944 
       -0.00012403       -0.00023044       -0.00021126       -0.00021016       -0.00020985       -0.00020994       -0.00010504 
       -0.00014552       -0.00027032       -0.00024776       -0.00024645       -0.00024608       -0.00024619       -0.00012318 
       -0.00017049       -0.00031664       -0.00029014       -0.00028858       -0.00028815       -0.00028828       -0.00014424 
       -0.00019946       -0.00037036       -0.00033927       -0.00033743       -0.00033692       -0.00033708       -0.00016866 
       -0.00023300       -0.00043256       -0.00039615       -0.00039397       -0.00039336       -0.00039356       -0.00019692 
       -0.00027179       -0.00050447       -0.00046188       -0.00045931       -0.00045860       -0.00045884       -0.00022959 
       -0.00031658       -0.00058748       -0.00053775       -0.00053471       -0.00053387       -0.00053417       -0.00026729 
       -0.00036821       -0.00068316       -0.00062517       -0.00062159       -0.00062060       -0.00062096       -0.00031072 
       -0.00042763       -0.00079326       -0.00072574       -0.00072154       -0.00072037       -0.00072081       -0.00036069 
       -0.00049593       -0.00091978       -0.00084128       -0.00083634       -0.00083497       -0.00083550       -0.00041809 
       -0.00057430       -0.00106493       -0.00097380       -0.00096801       -0.00096641       -0.00096703       -0.00048393 
       -0.00066409       -0.00123120       -0.00112557       -0.00111878       -0.00111691       -0.00111766       -0.00055932 
       -0.00076682       -0.00142137       -0.00129911       -0.00129117       -0.00128899       -0.00128989       -0.00064552 
       -0.00088415       -0.00163856       -0.00149725       -0.00148798       -0.00148543       -0.00148650       -0.00074393 
       -0.00101796       -0.00188620       -0.00172312       -0.00171232       -0.00170935       -0.00171062       -0.00085612 
       -0.00117033       -0.00216815       -0.00198022       -0.00196764       -0.00196419       -0.00196570       -0.00098380 
       -0.00134357       -0.00248865       -0.00227240       -0.00225778       -0.00225378       -0.00225557       -0.00112890 
       -0.00154024       -0.00285243       -0.00260397       -0.00258699       -0.00258235       -0.00258448       -0.00129355 
       -0.00176317       -0.00326470       -0.00297963       -0.00295995       -0.00295458       -0.00295709       -0.00148008 
       -0.00201545       -0.00373120       -0.00340461       -0.00338184       -0.00337562       -0.00337859       -0.00169109 
       -0.00230054       -0.00425825       -0.00388465       -0.00385833       -0.00385115       -0.00385465       -0.00192943 
       -0.00262219       -0.00485281       -0.00442606       -0.00439567       -0.00438740       -0.00439151       -0.00219821 
       -0.00298455       -0.00552249       -0.00503573       -0.00500071       -0.00499118       -0.00499601       -0.00250086 
       -0.00339212       -0.00627563       -0.00572123       -0.00568093       -0.00566998       -0.00567564       -0.00284114 
       -0.00384986       -0.00712133       -0.00649081       -0.00644450       -0.00643193       -0.00643855       -0.00322314 
       -0.00436315       -0.00806951       -0.00735347       -0.00730033       -0.00728592       -0.00729365       -0.00365131 
       -0.00493784       -0.00913096       -0.00831898       -0.00825809       -0.00824160       -0.00825061       -0.00413049 
       -0.00558029       -0.01031739       -0.00939795       -0.00932829       -0.00930944       -0.00931992       -0.00466597 
       -0.00629739       -0.01164149       -0.01060189       -0.01052230       -0.01050079       -0.01051296       -0.00526342 
       -0.00709658       -0.01311697       -0.01194319       -0.01185240       -0.01182789       -0.01184201       -0.00592900 
       -0.00798590       -0.01475861       -0.01343527       -0.01333184       -0.01330395       -0.01332030       -0.00666936 
       -0.00897399       -0.01658233       -0.01509253       -0.01497487       -0.01494319       -0.01496209       -0.00749163 
       -0.01007013       -0.01860522       -0.01693046       -0.01679681       -0.01676085       -0.01678267       -0.00840349 
       -0.01128426       -0.02084560       -0.01896563       -0.01881404       -0.01877331       -0.01879845       -0.00941316 
       -0.01262704       -0.02332305       -0.02121577       -0.02104408       -0.02099800       -0.02102693       -0.01052941 
       -0.01410980       -0.02605847       -0.02369981       -0.02350563       -0.02345358       -0.02348682       -0.01176163 
       -0.01574462       -0.02907409       -0.02643787       -0.02621856       -0.02615986       -0.02619799       -0.01311979 
       -0.01754434       -0.03239352       -0.02945131       -0.02920401       -0.02913791       -0.02918158       -0.01461449 
       -0.01952253       -0.03604178       -0.03276280       -0.03248432       -0.03240998       -0.03245992       -0.01625693 
       -0.02169357       -0.04004530       -0.03639627       -0.03608312       -0.03599965       -0.03605668       -0.01805899 
       -0.02407259       -0.04443197       -0.04037696       -0.04002534       -0.03993176       -0.03999678       -0.02003316 
       -0.02667550       -0.04923110       -0.04473138       -0.04433713       -0.04423237       -0.04430640       -0.02219260 
       -0.02951901       -0.05447343       -0.04948740       -0.04904600       -0.04892891       -0.04901307       -0.02455110 
       -0.03262059       -0.06019114       -0.05467416       -0.05418067       -0.05404997       -0.05414550       -0.02712312 
       -0.03599846       -0.06641779       -0.06032204       -0.05977113       -0.05962548       -0.05973375       -0.02992370 
       -0.03967158       -0.07318829       -0.06646271       -0.06584857       -0.06568650       -0.06580905       -0.03296854 
       -0.04365962       -0.08053895       -0.07312904       -0.07244537       -0.07226531       -0.07240381       -0.03627392 
       -0.04798293       -0.08850724       -0.08035497       -0.07959502       -0.07939529       -0.07955161       -0.03985671 
       -0.05266249       -0.09713185       -0.08817565       -0.08733214       -0.08711090       -0.08728707       -0.04373430 
       -0.05771988       -0.10645254       -0.09662717       -0.09569222       -0.09544756       -0.09564583       -0.04792461 
       -0.06317721       -0.11651017       -0.10574654       -0.10471175       -0.10444159       -0.10466440       -0.05244597 
       -0.06905705       -0.12734637       -0.11557166       -0.11442798       -0.11413012       -0.11438018       -0.05731720 
       -0.07538238       -0.13900356       -0.12614103       -0.12487886       -0.12455102       -0.12483126       -0.06255744 
       -0.08217647       -0.15152484       -0.13749388       -0.13610294       -0.13574263       -0.13605626       -0.06818613 
       -0.08946286       -0.16495366       -0.14966984       -0.14813912       -0.14774375       -0.14809428       -0.07422294 
       -0.09726524       -0.17933385       -0.16270877       -0.16102675       -0.16059360       -0.16098477       -0.08068772 
       -0.10560726       -0.19470926       -0.17665076       -0.17480506       -0.17433125       -0.17476724       -0.08760038 
       -0.11451253       -0.21112372       -0.19153582       -0.18951339       -0.18899593       -0.18948124       -0.09498081 
       -0.12400447       -0.22862060       -0.20740370       -0.20519087       -0.20462666       -0.20516615       -0.10284886 
       -0.13410619       -0.24724290       -0.22429387       -0.22187613       -0.22126193       -0.22186077       -0.11122411 
       -0.14484029       -0.26703280       -0.24224496       -0.23960716       -0.23893969       -0.23960352       -0.12012593 
       -0.15622880       -0.28803128       -0.26129496       -0.25842115       -0.25769693       -0.25843188       -0.12957323 
       -0.16829303       -0.31027830       -0.28148064       -0.27835417       -0.27756965       -0.27838227       -0.13958438 
       -0.18105343       -0.33381206       -0.30283749       -0.29944110       -0.29859278       -0.29948995       -0.15017729 
       -0.19452934       -0.35866913       -0.32539970       -0.32171524       -0.32079929       -0.32178867       -0.16136888 
       -0.20873903       -0.38488382       -0.34919924       -0.34520808       -0.34422079       -0.34531039       -0.17317548 
       -0.22369929       -0.41248807       -0.37426639       -0.36994913       -0.36888686       -0.37008527       -0.18561226 
       -0.23942560       -0.44151136       -0.40062895       -0.39596575       -0.39482474       -0.39614114       -0.19869344 
       -0.25593159       -0.47198007       -0.42831266       -0.42328295       -0.42205936       -0.42350340       -0.21243189 
       -0.27322930       -0.50391752       -0.45733994       -0.45192251       -0.45061281       -0.45219496       -0.22683927 
       -0.29132873       -0.53734356       -0.48773062       -0.48190418       -0.48050463       -0.48223573       -0.24192585 
       -0.31023780       -0.57227397       -0.51950121       -0.51324373       -0.51175088       -0.51364255       -0.25770015 
       -0.32996219       -0.60872144       -0.55266482       -0.54595387       -0.54436439       -0.54642916       -0.27416930 
       -0.35050538       -0.64669377       -0.58723092       -0.58004421       -0.57835490       -0.58060539       -0.29133853 
       -0.37186825       -0.68619406       -0.62320530       -0.61552006       -0.61372787       -0.61617780       -0.30921131 
       -0.39404914       -0.72722173       -0.66058958       -0.65238285       -0.65048522       -0.65314901       -0.32778916 
       -0.41704392       -0.76977140       -0.69938153       -0.69063056       -0.68862498       -0.69151759       -0.34707162 
       -0.44084537       -0.81383139       -0.73957449       -0.73025662       -0.72814107       -0.73127806       -0.36705604 
       -0.46544382       -0.85938716       -0.78115726       -0.77125001       -0.76902276       -0.77242070       -0.38773796 
       -0.49082640       -0.90641677       -0.82411462       -0.81359571       -0.81125569       -0.81493157       -0.40911049 
       -0.51697767       -0.95489502       -0.86842650       -0.85727406       -0.85482049       -0.85879213       -0.43116474 
       -0.54387903       -1.00478995       -0.91406810       -0.90226144       -0.89969391       -0.90397978       -0.45388940 
       -0.57150912       -1.05606532       -0.96101069       -0.94852889       -0.94584793       -0.95046729       -0.47727108 
       -0.59984362       -1.10867918       -1.00922000       -0.99604374       -0.99325025       -0.99822295       -0.50129414 
       -0.62885511       -1.16258419       -1.05865800       -1.04476857       -1.04186451       -1.04721081       -0.52594066 
       -0.65851355       -1.21772909       -1.10928214       -1.09466219       -1.09164977       -1.09739053       -0.55119079 
       -0.68878639       -1.27405632       -1.16104531       -1.14567816       -1.14256084       -1.14871800       -0.57702243 
       -0.71963781       -1.33150339       -1.21389592       -1.19776702       -1.19454885       -1.20114458       -0.60341114 
       -0.75102991       -1.39000392       -1.26777875       -1.25087488       -1.24756050       -1.25461733       -0.63033104 
       -0.78292209       -1.44948721       -1.32263410       -1.30494380       -1.30153918       -1.30908024       -0.65775400 
       -0.81527215       -1.50987804       -1.37839961       -1.35991287       -1.35642469       -1.36447346       -0.68564981 
       -0.84803438       -1.57109749       -1.43500817       -1.41571772       -1.41215420       -1.42073369       -0.71398741 
       -0.88116246       -1.63306177       -1.49239004       -1.47229040       -1.46866035       -1.47779512       -0.74273324 
       -0.91460747       -1.69568598       -1.55047357       -1.52956069       -1.52587378       -1.53558826       -0.77185273 
       -0.94831908       -1.75888062       -1.60918224       -1.58745539       -1.58372307       -1.59404147       -0.80131006 
       -0.98224628       -1.82255495       -1.66843963       -1.64590025       -1.64213419       -1.65308058       -0.83106804 
       -1.01633573       -1.88661444       -1.72816467       -1.70481670       -1.70103073       -1.71262991       -0.86108863 
       -1.05053413       -1.95096433       -1.78827775       -1.76412809       -1.76033604       -1.77261186       -0.89133269 
       -1.08478725       -2.01550794       -1.84869576       -1.82375348       -1.81997097       -1.83294797       -0.92176074 
       -1.11904025       -2.08014727       -1.90933466       -1.88361263       -1.87985623       -1.89355755       -0.95233256 
       -1.15323853       -2.14478564       -1.97011185       -1.94362450       -1.93991208       -1.95436120       -0.98300767 
       -1.18732727       -2.20932341       -2.03094149       -2.00370693       -2.00005746       -2.01527739       -1.01374555 
       -1.22125173       -2.27366447       -2.09174037       -2.06378055       -2.06021309       -2.07622576       -1.04450500 
       -1.25495839       -2.33771086       -2.15242577       -2.12376380       -2.12029934       -2.13712597       -1.07524598 
       -1.28839397       -2.40136790       -2.21291327       -2.18357706       -2.18023801       -2.19789934       -1.10592830 
       -1.32150674       -2.46454215       -2.27312374       -2.24314237       -2.23995042       -2.25846553       -1.13651180 
       -1.35424578       -2.52714133       -2.33297563       -2.30238271       -2.29936290       -2.31875086       -1.16695833 
       -1.38656175       -2.58907700       -2.39239240       -2.36122322       -2.35839796       -2.37867570       -1.19722867 
       -1.41840756       -2.65026307       -2.45129871       -2.41959167       -2.41698647       -2.43817019       -1.22728610 
       -1.44973755       -2.71061611       -2.50962067       -2.47741652       -2.47505713       -2.49716067       -1.25709414 
       -1.48050761       -2.77005625       -2.56728697       -2.53463125       -2.53254342       -2.55558038       -1.28661847 
       -1.51067710       -2.82850885       -2.62423253       -2.59117079       -2.58938098       -2.61336279       -1.31582475 
       -1.54020715       -2.88590193       -2.68039322       -2.64697361       -2.64550757       -2.67044425       -1.34468067 
       -1.56906116       -2.94216824       -2.73570657       -2.70198107       -2.70086694       -2.72676563       -1.37315619 
       -1.59720540       -2.99724555       -2.79011726       -2.75613832       -2.75540257       -2.78226924       -1.40122199 
       -1.62460935       -3.05107617       -2.84357262       -2.80939364       -2.80906272       -2.83690166       -1.42885017 
       -1.65124428       -3.10360622       -2.89602208       -2.86170149       -2.86180210       -2.89061475       -1.45601559 
       -1.67708516       -3.15478706       -2.94742131       -2.91301560       -2.91357422       -2.94336033       -1.48269439 
       -1.70211017       -3.20457768       -2.99773073       -2.96329904       -2.96434021       -2.99509764       -1.50886369 
       -1.72629941       -3.25293922       -3.04690957       -3.01251268       -3.01406288       -3.04578567       -1.53450406 
       -1.74963641       -3.29983902       -3.09492970       -3.06062794       -3.06271052       -3.09539104       -1.55959713 
       -1.77210784       -3.34524775       -3.14175773       -3.10761333       -3.11025286       -3.14388156       -1.58412564 
       -1.79370344       -3.38914585       -3.18737197       -3.15344548       -3.15666318       -3.19122910       -1.60807574 
       -1.81441450       -3.43151236       -3.23175240       -3.19810581       -3.20192313       -3.23740983       -1.63143384 
       -1.83423710       -3.47233653       -3.27487993       -3.24157476       -3.24601173       -3.28240204       -1.65418863 
       -1.85316825       -3.51160955       -3.31674170       -3.28384018       -3.28891587       -3.32618999       -1.67633188 
       -1.87120903       -3.54932714       -3.35733128       -3.32489133       -3.33062267       -3.36875916       -1.69785464 
       -1.88836169       -3.58549047       -3.39664149       -3.36472321       -3.37112451       -3.41009879       -1.71875167 
       -1.90463138       -3.62010527       -3.43466949       -3.40333080       -3.41041613       -3.45020056       -1.73901820 
       -1.92002690       -3.65318131       -3.47141767       -3.44071507       -3.44849539       -3.48906016       -1.75865078 
       -1.93455648       -3.68472719       -3.50688910       -3.47687793       -3.48536444       -3.52667832       -1.77764857 
       -1.94823253       -3.71476412       -3.54109192       -3.51182437       -3.52102375       -3.56305122       -1.79601133 
       -1.96106839       -3.74330807       -3.57403469       -3.54556203       -3.55548000       -3.59818506       -1.81373942 
       -1.97307956       -3.77038431       -3.60573101       -3.57809973       -3.58874083       -3.63208652       -1.83083594 
       -1.98428273       -3.79601622       -3.63619423       -3.60945153       -3.62081599       -3.66475964       -1.84730434 
       -1.99469602       -3.82023335       -3.66544223       -3.63963032       -3.65171719       -3.69621778       -1.86314797 
       -2.00433874       -3.84306359       -3.69349217       -3.66865230       -3.68145800       -3.72646976       -1.87837338 
       -2.01323223       -3.86453986       -3.72036266       -3.69653106       -3.71005154       -3.75552893       -1.89298558 
       -2.02139735       -3.88469601       -3.74607921       -3.72329021       -3.73751569       -3.78341174       -1.90699267 
       -2.02885556       -3.90356708       -3.77066183       -3.74894667       -3.76386738       -3.81013227       -1.92040133 
       -2.03563094       -3.92118931       -3.79413533       -3.77351904       -3.78912306       -3.83570766       -1.93322039 
       -2.04174662       -3.93759942       -3.81652284       -3.79703140       -3.81330442       -3.86015654       -1.94545901 
       -2.04722595       -3.95283580       -3.83785200       -3.81950450       -3.83642864       -3.88349605       -1.95712519 
       -2.05209303       -3.96693730       -3.85814595       -3.84096098       -3.85851741       -3.90574694       -1.96822989 
       -2.05637193       -3.97994041       -3.87743258       -3.86142302       -3.87959003       -3.92692733       -1.97878218 
       -2.06008601       -3.99188638       -3.89573693       -3.88091207       -3.89966893       -3.94706059       -1.98879278 
       -2.06326032       -4.00281191       -3.91308641       -3.89945292       -3.91877413       -3.96616483       -1.99827170 
       -2.06591797       -4.01275587       -3.92950559       -3.91706634       -3.93692446       -3.98426080       -2.00723004 
       -2.06808209       -4.02175713       -3.94502330       -3.93377733       -3.95414376       -4.00136948       -2.01567769 
       -2.06977534       -4.02984953       -3.95966291       -3.94960713       -3.97045135       -4.01751280       -2.02362609 
       -2.07102108       -4.03707266       -3.97344995       -3.96457577       -3.98586702       -4.03271008       -2.03108549 
       -2.07184052       -4.04346275       -3.98640823       -3.97870612       -4.00041294       -4.04698372       -2.03806734 
       -2.07225513       -4.04905128       -3.99856353       -3.99201918       -4.01410770       -4.06035423       -2.04458165 
       -2.07228494       -4.05387545       -4.00993824       -4.00453663       -4.02697039       -4.07283974       -2.05063891 
       -2.07195091       -4.05796289       -4.02055645       -4.01627636       -4.03902054       -4.08446074       -2.05624938 
       -2.07127190       -4.06134987       -4.03043556       -4.02725840       -4.05027580       -4.09523869       -2.06142497 
       -2.07026577       -4.06406450       -4.03960323       -4.03750086       -4.06075573       -4.10519314       -2.06617427 
       -2.06895018       -4.06613636       -4.04807329       -4.04702282       -4.07047653       -4.11433935       -2.07050848 
       -2.06734276       -4.06758928       -4.05587196       -4.05584097       -4.07945490       -4.12269974       -2.07443571 
       -2.06545782       -4.06845331       -4.06301165       -4.06397104       -4.08770895       -4.13029146       -2.07796788 
       -2.06331229       -4.06875277       -4.06951332       -4.07143021       -4.09525442       -4.13713121       -2.08111334 
       -2.06091905       -4.06851101       -4.07539463       -4.07823563       -4.10210419       -4.14323664       -2.08388114 
       -2.05829334       -4.06774950       -4.08066940       -4.08439922       -4.10827827       -4.14862537       -2.08628225 
       -2.05544567       -4.06649256       -4.08535433       -4.08993387       -4.11378574       -4.15331364       -2.08832312 
       -2.05239010       -4.06475449       -4.08946466       -4.09485626       -4.11864424       -4.15731716       -2.09001422 
       -2.04913688       -4.06255865       -4.09301186       -4.09917927       -4.12286568       -4.16065216       -2.09136391 
       -2.04569602       -4.05992174       -4.09601259       -4.10291386       -4.12646532       -4.16333580       -2.09238005 
       -2.04207850       -4.05685997       -4.09847450       -4.10607052       -4.12945366       -4.16538000       -2.09307194 
       -2.03829288       -4.05338621       -4.10041475       -4.10866451       -4.13184357       -4.16680098       -2.09344673 
       -2.03434658       -4.04951859       -4.10184193       -4.11070395       -4.13364792       -4.16761351       -2.09351301 
       -2.03024888       -4.04526806       -4.10276699       -4.11220360       -4.13488102       -4.16783190       -2.09327841 
       -2.02600598       -4.04064655       -4.10319853       -4.11316729       -4.13554716       -4.16746807       -2.09275031 
       -2.02162504       -4.03567076       -4.10315037       -4.11361027       -4.13566637       -4.16653919       -2.09193587 
       -2.01711226       -4.03034496       -4.10262823       -4.11354160       -4.13524580       -4.16505671       -2.09084392 
       -2.01247263       -4.02468204       -4.10164118       -4.11296797       -4.13429499       -4.16303349       -2.08947992 
       -2.00771236       -4.01869154       -4.10019970       -4.11190176       -4.13282728       -4.16048241       -2.08785272 
       -2.00283551       -4.01238298       -4.09831190       -4.11035013       -4.13085127       -4.15741777       -2.08596778 
       -1.99784708       -4.00576258       -4.09598398       -4.10832310       -4.12837934       -4.15385008       -2.08383346 
       -1.99275017       -3.99884129       -4.09322357       -4.10582733       -4.12542152       -4.14979506       -2.08145547 
       -1.98754954       -3.99162340       -4.09004068       -4.10287523       -4.12198591       -4.14526033       -2.07884121 
       -1.98224807       -3.98411751       -4.08644247       -4.09947395       -4.11808443       -4.14026213       -2.07599664 
       -1.97684824       -3.97632837       -4.08243465       -4.09563065       -4.11372805       -4.13480997       -2.07292867 
       -1.97135437       -3.96826386       -4.07802534       -4.09135485       -4.10892677       -4.12891912       -2.06964374 
       -1.96576822       -3.95992994       -4.07321978       -4.08665323       -4.10368872       -4.12259865       -2.06614780 
       -1.96009254       -3.95133042       -4.06802988       -4.08153820       -4.09802532       -4.11585855       -2.06244779 
       -1.95432925       -3.94247270       -4.06245804       -4.07601452       -4.09194708       -4.10871410       -2.05854964 
       -1.94848108       -3.93336105       -4.05651331       -4.07009268       -4.08546352       -4.10117626       -2.05445886 
       -1.94255042       -3.92400146       -4.05020237       -4.06377935       -4.07858276       -4.09325504       -2.05018163 
       -1.93653858       -3.91439891       -4.04353094       -4.05708551       -4.07131863       -4.08496046       -2.04572511 
       -1.93044734       -3.90455651       -4.03650904       -4.05001879       -4.06367683       -4.07630539       -2.04109383 
       -1.92427886       -3.89448142       -4.02914095       -4.04258633       -4.05567026       -4.06730270       -2.03629398 
       -1.91803515       -3.88417768       -4.02143764       -4.03480005       -4.04730940       -4.05796003       -2.03133059 
       -1.91171730       -3.87365055       -4.01340103       -4.02666521       -4.03860140       -4.04829025       -2.02621055 
       -1.90532720       -3.86290455       -4.00504541       -4.01819372       -4.02955770       -4.03830338       -2.02093887 
       -1.89886677       -3.85194445       -3.99637246       -4.00939083       -4.02018738       -4.02801037       -2.01552105 
       -1.89233756       -3.84077477       -3.98739076       -4.00026894       -4.01050329       -4.01742077       -2.00996184 
       -1.88574100       -3.82940197       -3.97811103       -3.99083686       -4.00051117       -4.00654697       -2.00426698 
       -1.87907851       -3.81783080       -3.96853709       -3.98109889       -3.99022317       -3.99539757       -1.99844205 
       -1.87235236       -3.80606365       -3.95867872       -3.97106743       -3.97964835       -3.98398304       -1.99249148 
       -1.86556363       -3.79410887       -3.94854331       -3.96075273       -3.96879673       -3.97231364       -1.98642051 
       -1.85871434       -3.78196883       -3.93813872       -3.95016074       -3.95767760       -3.96039963       -1.98023462 
       -1.85180640       -3.76965165       -3.92747259       -3.93930173       -3.94630051       -3.94824982       -1.97393775 
       -1.84484053       -3.75715923       -3.91655302       -3.92818499       -3.93467546       -3.93587446       -1.96753585 
       -1.83781958       -3.74449921       -3.90538740       -3.91681862       -3.92281222       -3.92328334       -1.96103215 
       -1.83074474       -3.73167610       -3.89398360       -3.90521073       -3.91071773       -3.91048265       -1.95443141 
       -1.82361746       -3.71869493       -3.88234973       -3.89337158       -3.89840245       -3.89748597       -1.94773924 
       -1.81644046       -3.70556092       -3.87049460       -3.88130832       -3.88587523       -3.88429856       -1.94095910 
       -1.80921423       -3.69227815       -3.85842586       -3.86903262       -3.87314701       -3.87093163       -1.93409503 
       -1.80194187       -3.67885637       -3.84615040       -3.85654902       -3.86022282       -3.85739183       -1.92715204 
       -1.79462445       -3.66529751       -3.83367658       -3.84386730       -3.84711361       -3.84368873       -1.92013371 
       -1.78726423       -3.65160704       -3.82101250       -3.83099747       -3.83382773       -3.82982945       -1.91304350 
       -1.77986312       -3.63779092       -3.80816412       -3.81794620       -3.82037330       -3.81582284       -1.90588558 
       -1.77242231       -3.62385488       -3.79514194       -3.80472207       -3.80675817       -3.80167532       -1.89866376 
       -1.76494455       -3.60980296       -3.78195167       -3.79133201       -3.79298973       -3.78739619       -1.89138210 
       -1.75743115       -3.59564161       -3.76860070       -3.77778625       -3.77907705       -3.77299118       -1.88404274 
       -1.74988377       -3.58137584       -3.75509596       -3.76408958       -3.76502728       -3.75846958       -1.87665057 
       -1.74230504       -3.56701112       -3.74144602       -3.75025153       -3.75084734       -3.74383545       -1.86920798 
       -1.73469627       -3.55255294       -3.72765708       -3.73627687       -3.73654270       -3.72909665       -1.86171806 
       -1.72705960       -3.53800488       -3.71373725       -3.72217655       -3.72212481       -3.71426105       -1.85418499 
       -1.71939671       -3.52337337       -3.69969249       -3.70795465       -3.70759702       -3.69933319       -1.84661043 
       -1.71170962       -3.50866294       -3.68552876       -3.69362020       -3.69296718       -3.68431854       -1.83899784 
       -1.70399964       -3.49387813       -3.67125440       -3.67917895       -3.67824149       -3.66922522       -1.83134985 
       -1.69626951       -3.47902369       -3.65687323       -3.66463494       -3.66342688       -3.65405726       -1.82366908 
       -1.68852019       -3.46410513       -3.64239526       -3.64999819       -3.64852643       -3.63882065       -1.81595826 
       -1.68075359       -3.44912648       -3.62782335       -3.63527346       -3.63354993       -3.62352133       -1.80821967 
       -1.67297196       -3.43409276       -3.61316538       -3.62046647       -3.61850023       -3.60816312       -1.80045581 
       -1.66517603       -3.41900754       -3.59842420       -3.60558248       -3.60338473       -3.59275055       -1.79266918 
       -1.65736866       -3.40387678       -3.58360958       -3.59062672       -3.58820701       -3.57729053       -1.78486133 
       -1.64955032       -3.38870215       -3.56872225       -3.57560563       -3.57297206       -3.56178546       -1.77703500 
       -1.64172316       -3.37348986       -3.55377221       -3.56052542       -3.55768657       -3.54624033       -1.76919186 
       -1.63388944       -3.35824227       -3.53876162       -3.54538870       -3.54235315       -3.53065944       -1.76133394 
       -1.62604916       -3.34296489       -3.52369547       -3.53020120       -3.52697778       -3.51504755       -1.75346267 
       -1.61820495       -3.32766032       -3.50857973       -3.51496816       -3.51156306       -3.49940586       -1.74558032 
       -1.61035800       -3.31233215       -3.49341869       -3.49969268       -3.49611425       -3.48374009       -1.73768866 
       -1.60250938       -3.29698491       -3.47821546       -3.48438048       -3.48063588       -3.46805406       -1.72978854 
       -1.59466088       -3.28162193       -3.46297455       -3.46903372       -3.46513033       -3.45234966       -1.72188222 
       -1.58681381       -3.26624441       -3.44770217       -3.45365810       -3.44960141       -3.43662977       -1.71397090 
       -1.57896924       -3.25085902       -3.43239903       -3.43825698       -3.43405390       -3.42090011       -1.70605576 
       -1.57112873       -3.23546553       -3.41707253       -3.42283416       -3.41848969       -3.40516138       -1.69813859 
       -1.56329274       -3.22006774       -3.40172315       -3.40739226       -3.40291238       -3.38941550       -1.69022036 
       -1.55546331       -3.20466876       -3.38635492       -3.39193487       -3.38732457       -3.37366700       -1.68230188 
       -1.54764128       -3.18927312       -3.37097144       -3.37646461       -3.37172914       -3.35791707       -1.67438531 
       -1.53982735       -3.17388058       -3.35557795       -3.36098599       -3.35613012       -3.34216928       -1.66647089 
       -1.53202331       -3.15849566       -3.34017348       -3.34550047       -3.34052920       -3.32642531       -1.65856016 
       -1.52422976       -3.14311886       -3.32476282       -3.33001137       -3.32492828       -3.31068754       -1.65065360 
       -1.51644719       -3.12775397       -3.30935073       -3.31452060       -3.30932903       -3.29495740       -1.64275265 
       -1.50867712       -3.11240268       -3.29393625       -3.29903102       -3.29373622       -3.27923775       -1.63485813 
       -1.50092053       -3.09706664       -3.27852464       -3.28354573       -3.27815080       -3.26352978       -1.62697101 
       -1.49317789       -3.08174801       -3.26311707       -3.26806641       -3.26257443       -3.24783540       -1.61909163 
       -1.48544991       -3.06644940       -3.24771523       -3.25259471       -3.24700832       -3.23215508       -1.61122143 
       -1.47773814       -3.05117273       -3.23232198       -3.23713303       -3.23145604       -3.21649313       -1.60336041 
       -1.47004247       -3.03591824       -3.21694016       -3.22168326       -3.21591830       -3.20085001       -1.59551024 
       -1.46236432       -3.02068949       -3.20157027       -3.20624757       -3.20039654       -3.18522549       -1.58767033 
       -1.45470357       -3.00548697       -3.18621635       -3.19082785       -3.18489361       -3.16962457       -1.57984304 
       -1.44706118       -2.99031210       -3.17087817       -3.17542577       -3.16941047       -3.15404510       -1.57202756 
       -1.43943834       -2.97516680       -3.15555716       -3.16004157       -3.15394783       -3.13848948       -1.56422496 
       -1.43183517       -2.96005273       -3.14025736       -3.14467955       -3.13850904       -3.12296057       -1.55643606 
       -1.42425156       -2.94497037       -3.12497711       -3.12933731       -3.12309170       -3.10745716       -1.54866147 
       -1.41668904       -2.92992091       -3.10972047       -3.11401916       -3.10770130       -3.09198284       -1.54090130 
       -1.40914845       -2.91490579       -3.09448862       -3.09872580       -3.09233618       -3.07653594       -1.53315616 
       -1.40162885       -2.89992690       -3.07927990       -3.08345723       -3.07699871       -3.06111956       -1.52542758 
       -1.39413190       -2.88498402       -3.06409907       -3.06821752       -3.06169009       -3.04573298       -1.51771438 
       -1.38665736       -2.87007833       -3.04894590       -3.05300474       -3.04641104       -3.03038073       -1.51001823 
       -1.37920594       -2.85521197       -3.03382206       -3.03782129       -3.03116226       -3.01505971       -1.50233889 
       -1.37177789       -2.84038496       -3.01872826       -3.02266836       -3.01594472       -2.99977303       -1.49467695 
       -1.36437356       -2.82559800       -3.00366569       -3.00754738       -3.00076127       -2.98452115       -1.48703384 
       -1.35699356       -2.81085253       -2.98863482       -2.99245811       -2.98561001       -2.96930480       -1.47940874 
       -1.34963799       -2.79614878       -2.97363830       -2.97740293       -2.97049403       -2.95412469       -1.47180200 
       -1.34230697       -2.78148746       -2.95867491       -2.96238112       -2.95541286       -2.93898153       -1.46421492 
       -1.33500123       -2.76687050       -2.94374609       -2.94739485       -2.94036841       -2.92387652       -1.45664668 
       -1.32772076       -2.75229692       -2.92885399       -2.93244386       -2.92536020       -2.90881062       -1.44909906 
       -1.32046640       -2.73776865       -2.91399837       -2.91752982       -2.91039014       -2.89378428       -1.44157171 
       -1.31323755       -2.72328520       -2.89918017       -2.90265346       -2.89545846       -2.87879777       -1.43406510 
       -1.30603433       -2.70884776       -2.88440013       -2.88781571       -2.88056636       -2.86385274       -1.42657888 
       -1.29885817       -2.69445634       -2.86965871       -2.87301564       -2.86571264       -2.84894872       -1.41911447 
       -1.29170835       -2.68011212       -2.85495687       -2.85825634       -2.85090089       -2.83408618       -1.41167140 
       -1.28458500       -2.66581535       -2.84029531       -2.84353662       -2.83612895       -2.81926751       -1.40425062 
       -1.27748883       -2.65156651       -2.82567430       -2.82885790       -2.82139993       -2.80449176       -1.39685178 
       -1.27041972       -2.63736606       -2.81109476       -2.81422043       -2.80671287       -2.78976059       -1.38947546 
       -1.26337790       -2.62321424       -2.79655814       -2.79962564       -2.79206896       -2.77507329       -1.38212240 
       -1.25636363       -2.60911250       -2.78206348       -2.78507280       -2.77746773       -2.76043177       -1.37479174 
       -1.24937642       -2.59505916       -2.76761222       -2.77056408       -2.76291227       -2.74583578       -1.36748457 
       -1.24241734       -2.58105659       -2.75320411       -2.75609827       -2.74839997       -2.73128581       -1.36020160 
       -1.23548591       -2.56710482       -2.73884106       -2.74167776       -2.73393440       -2.71678376       -1.35294223 
       -1.22858274       -2.55320287       -2.72452331       -2.72730207       -2.71951342       -2.70232821       -1.34570646 
       -1.22170699       -2.53935194       -2.71024895       -2.71297050       -2.70513868       -2.68792033       -1.33849561 
       -1.21485984       -2.52555251       -2.69602203       -2.69868588       -2.69081116       -2.67356086       -1.33130920 
       -1.20804095       -2.51180530       -2.68184042       -2.68444848       -2.67653108       -2.65925002       -1.32414782 
       -1.20125055       -2.49810958       -2.66770601       -2.67025638       -2.66229844       -2.64498854       -1.31701124 
       -1.19448853       -2.48446608       -2.65361810       -2.65611148       -2.64811373       -2.63077712       -1.30990005 
       -1.18775511       -2.47087526       -2.63957882       -2.64201522       -2.63397741       -2.61661482       -1.30281436 
       -1.18104994       -2.45733762       -2.62558627       -2.62796688       -2.61989093       -2.60250425       -1.29575419 
       -1.17437387       -2.44385242       -2.61164212       -2.61396694       -2.60585332       -2.58844304       -1.28872001 
       -1.16772640       -2.43042016       -2.59774661       -2.60001588       -2.59186554       -2.57443428       -1.28171194 
       -1.16110790       -2.41704178       -2.58389997       -2.58611369       -2.57792783       -2.56047606       -1.27472925 
       -1.15451801       -2.40371704       -2.57010245       -2.57226157       -2.56404114       -2.54657030       -1.26777434 
       -1.14795768       -2.39044595       -2.55635548       -2.55845928       -2.55020523       -2.53271699       -1.26084495 
       -1.14142573       -2.37722921       -2.54265809       -2.54470730       -2.53641987       -2.51891685       -1.25394285 
       -1.13492334       -2.36406612       -2.52901149       -2.53100657       -2.52268648       -2.50516820       -1.24706745 
       -1.12844944       -2.35095787       -2.51541448       -2.51735616       -2.50900531       -2.49147391       -1.24021888 
       -1.12200511       -2.33790374       -2.50186920       -2.50375748       -2.49537539       -2.47783208       -1.23339808 
       -1.11558974       -2.32490444       -2.48837447       -2.49021006       -2.48179913       -2.46424532       -1.22660410 
       -1.10920370       -2.31196070       -2.47493243       -2.47671556       -2.46827555       -2.45071292       -1.21983743 
       -1.10284710       -2.29907203       -2.46154165       -2.46327281       -2.45480466       -2.43723416       -1.21309888 
       -1.09651923       -2.28623796       -2.44820285       -2.44988227       -2.44138765       -2.42380977       -1.20638728 
       -1.09022117       -2.27345943       -2.43491602       -2.43654442       -2.42802405       -2.41044092       -1.19970381 
       -1.08395183       -2.26073647       -2.42168188       -2.42325974       -2.41471410       -2.39712667       -1.19304812 
       -1.07771242       -2.24806809       -2.40850067       -2.41002822       -2.40145826       -2.38386774       -1.18642044 
       -1.07150209       -2.23545623       -2.39537215       -2.39685035       -2.38825679       -2.37066436       -1.17982125 
       -1.06532109       -2.22289991       -2.38229728       -2.38372612       -2.37510991       -2.35751677       -1.17324972 
       -1.05916941       -2.21039939       -2.36927605       -2.37065601       -2.36201787       -2.34442520       -1.16670668 
       -1.05304718       -2.19795513       -2.35630774       -2.35763979       -2.34898067       -2.33138943       -1.16019213 
       -1.04695451       -2.18556714       -2.34339309       -2.34467745       -2.33599877       -2.31841016       -1.15370560 
       -1.04089093       -2.17323446       -2.33053279       -2.33176994       -2.32307148       -2.30548692       -1.14724767 
       -1.03485692       -2.16095829       -2.31772661       -2.31891704       -2.31019998       -2.29261994       -1.14081836 
       -1.02885222       -2.14873838       -2.30497432       -2.30611849       -2.29738426       -2.27980995       -1.13441741 
       -1.02287650       -2.13657427       -2.29227662       -2.29337525       -2.28462362       -2.26705599       -1.12804544 
       -1.01693046       -2.12446666       -2.27963352       -2.28068686       -2.27191925       -2.25435972       -1.12170208 
       -1.01101375       -2.11241508       -2.26704454       -2.26805353       -2.25927019       -2.24171948       -1.11538708 
       -1.00512624       -2.10042048       -2.25451088       -2.25547504       -2.24667811       -2.22913742       -1.10910141 
       -0.99926811       -2.08848190       -2.24203205       -2.24295330       -2.23414183       -2.21661162       -1.10284424 
       -0.99343884       -2.07659936       -2.22960758       -2.23048568       -2.22166038       -2.20414209       -1.09661567 
       -0.98763943       -2.06477404       -2.21723890       -2.21807432       -2.20923686       -2.19173050       -1.09041584 
       -0.98186880       -2.05300426       -2.20492458       -2.20571852       -2.19686961       -2.17937660       -1.08424544 
       -0.97612745       -2.04129100       -2.19266605       -2.19341803       -2.18455815       -2.16707945       -1.07810378 
       -0.97041506       -2.02963376       -2.18046331       -2.18117428       -2.17230344       -2.15483999       -1.07199097 
       -0.96473205       -2.01803374       -2.16831446       -2.16898513       -2.16010475       -2.14265752       -1.06590664 
       -0.95907801       -2.00648999       -2.15622258       -2.15685296       -2.14796305       -2.13053250       -1.05985165 
       -0.95345300       -1.99500215       -2.14418483       -2.14477611       -2.13587856       -2.11846495       -1.05382550 
       -0.94785678       -1.98357058       -2.13220310       -2.13275504       -2.12384963       -2.10645485       -1.04782784 
       -0.94228977       -1.97219527       -2.12027645       -2.12079000       -2.11187744       -2.09450078       -1.04185939 
       -0.93675119       -1.96087575       -2.10840559       -2.10888100       -2.09996200       -2.08260608       -1.03591943 
       -0.93124193       -1.94961321       -2.09659052       -2.09702826       -2.08810306       -2.07076764       -1.03000891 
       -0.92576116       -1.93840563       -2.08482981       -2.08523083       -2.07630062       -2.05898595       -1.02412677 
       -0.92030931       -1.92725503       -2.07312584       -2.07349038       -2.06455469       -2.04726219       -1.01827371 
       -0.91488600       -1.91615987       -2.06147647       -2.06180477       -2.05286527       -2.03559542       -1.01244903 
       -0.90949148       -1.90512073       -2.04988337       -2.05017567       -2.04123259       -2.02398562       -1.00665343 
       -0.90412539       -1.89413738       -2.03834486       -2.03860259       -2.02965641       -2.01243329       -1.00088656 
       -0.89878774       -1.88320971       -2.02686262       -2.02708530       -2.01813626       -2.00093770       -0.99514818 
       -0.89347845       -1.87233734       -2.01543450       -2.01562262       -2.00667191       -1.98949885       -0.98943841 
       -0.88819748       -1.86152065       -2.00406313       -2.00421739       -1.99526453       -1.97811711       -0.98375738 
       -0.88294488       -1.85075951       -1.99274552       -1.99286652       -1.98391318       -1.96679199       -0.97810501 
       -0.87772036       -1.84005332       -1.98148382       -1.98157203       -1.97261810       -1.95552373       -0.97248071 
       -0.87252420       -1.82940269       -1.97027767       -1.97033310       -1.96137929       -1.94431221       -0.96688515 
       -0.86735600       -1.81880701       -1.95912588       -1.95914912       -1.95019567       -1.93315685       -0.96131790 
       -0.86221576       -1.80826628       -1.94802892       -1.94802070       -1.93906832       -1.92205834       -0.95577931 
       -0.85710353       -1.79778028       -1.93698740       -1.93694842       -1.92799723       -1.91101539       -0.95026851 
       -0.85201871       -1.78734875       -1.92600036       -1.92593026       -1.91698098       -1.90002918       -0.94478607 
       -0.84696221       -1.77697206       -1.91506851       -1.91496778       -1.90602076       -1.88909912       -0.93933207 
       -0.84193283       -1.76664996       -1.90419102       -1.90405989       -1.89511573       -1.87822485       -0.93390590 
       -0.83693117       -1.75638199       -1.89336765       -1.89320719       -1.88426638       -1.86740625       -0.92850798 
       -0.83195716       -1.74616802       -1.88259876       -1.88240910       -1.87347209       -1.85664344       -0.92313772 
       -0.82701045       -1.73600829       -1.87188470       -1.87166595       -1.86273277       -1.84593630       -0.91779578 
       -0.82209104       -1.72590196       -1.86122453       -1.86097753       -1.85204875       -1.83528435       -0.91248119 
       -0.81719881       -1.71584988       -1.85061836       -1.85034335       -1.84141958       -1.82468820       -0.90719485 
       -0.81233358       -1.70585120       -1.84006667       -1.83976376       -1.83084500       -1.81414688       -0.90193599 
       -0.80749536       -1.69590545       -1.82956839       -1.82923818       -1.82032490       -1.80366027       -0.89670455 
       -0.80268431       -1.68601322       -1.81912374       -1.81876659       -1.80985928       -1.79322922       -0.89150107 
       -0.79790008       -1.67617428       -1.80873275       -1.80834889       -1.79944801       -1.78285217       -0.88632482 
       -0.79314232       -1.66638768       -1.79839528       -1.79798496       -1.78909099       -1.77253020       -0.88117594 
       -0.78841138       -1.65665412       -1.78811097       -1.78767490       -1.77878785       -1.76226234       -0.87605435 
       -0.78370702       -1.64697325       -1.77788019       -1.77741861       -1.76853919       -1.75204921       -0.87096018 
       -0.77902883       -1.63734460       -1.76770186       -1.76721466       -1.75834322       -1.74188972       -0.86589289 
       -0.77437729       -1.62776840       -1.75757635       -1.75706470       -1.74820125       -1.73178375       -0.86085272 
       -0.76975179       -1.61824405       -1.74750388       -1.74696779       -1.73811281       -1.72173214       -0.85583967 
       -0.76515245       -1.60877144       -1.73748410       -1.73692381       -1.72807789       -1.71173453       -0.85085338 
       -0.76057923       -1.59935069       -1.72751677       -1.72693264       -1.71809566       -1.70178962       -0.84589386 
       -0.75603181       -1.58998096       -1.71760094       -1.71699369       -1.70816648       -1.69189811       -0.84096116 
       -0.75151026       -1.58066320       -1.70773804       -1.70710731       -1.69828987       -1.68205976       -0.83605510 
       -0.74701452       -1.57139611       -1.69792664       -1.69727325       -1.68846571       -1.67227399       -0.83117545 
       -0.74254423       -1.56218004       -1.68816698       -1.68749106       -1.67869425       -1.66254163       -0.82632226 
       -0.73809946       -1.55301464       -1.67845941       -1.67776155       -1.66897535       -1.65286136       -0.82149535 
       -0.73368013       -1.54389977       -1.66880274       -1.66808259       -1.65930760       -1.64323306       -0.81669462 
       -0.72928607       -1.53483546       -1.65919757       -1.65845633       -1.64969265       -1.63365746       -0.81192017 
       -0.72491723       -1.52582085       -1.64964306       -1.64888060       -1.64012861       -1.62413406       -0.80717212 
       -0.72057354       -1.51685667       -1.64014018       -1.63935661       -1.63061655       -1.61466193       -0.80244964 
       -0.71625453       -1.50794208       -1.63068736       -1.62988293       -1.62115514       -1.60524142       -0.79775310 
       -0.71196067       -1.49907660       -1.62128532       -1.62046087       -1.61174536       -1.59587252       -0.79308242 
       -0.70769137       -1.49026096       -1.61193359       -1.61108887       -1.60238624       -1.58655441       -0.78843725 
       -0.70344681       -1.48149407       -1.60263276       -1.60176849       -1.59307873       -1.57728791       -0.78381765 
       -0.69922662       -1.47277641       -1.59338093       -1.59249771       -1.58382154       -1.56807208       -0.77922356 
       -0.69503099       -1.46410751       -1.58417952       -1.58327687       -1.57461441       -1.55890703       -0.77465516 
       -0.69085962       -1.45548701       -1.57502759       -1.57410622       -1.56545734       -1.54979193       -0.77011180 
       -0.68671238       -1.44691515       -1.56592536       -1.56498551       -1.55635071       -1.54072785       -0.76559365 
       -0.68258923       -1.43839121       -1.55687165       -1.55591416       -1.54729366       -1.53171313       -0.76110041 
       -0.67849004       -1.42991519       -1.54786777       -1.54689193       -1.53828609       -1.52274835       -0.75663239 
       -0.67441481       -1.42148685       -1.53891277       -1.53791940       -1.52932823       -1.51383340       -0.75218910 
       -0.67036325       -1.41310632       -1.53000641       -1.52899551       -1.52041948       -1.50496793       -0.74777061 
       -0.66633517       -1.40477252       -1.52114820       -1.52012062       -1.51155996       -1.49615157       -0.74337667 
       -0.66233081       -1.39648640       -1.51233864       -1.51129448       -1.50274909       -1.48738420       -0.73900747 
       -0.65834987       -1.38824689       -1.50357676       -1.50251615       -1.49398685       -1.47866595       -0.73466271 
       -0.65439200       -1.38005435       -1.49486339       -1.49378633       -1.48527312       -1.46999621       -0.73034239 
       -0.65045744       -1.37190771       -1.48619747       -1.48510456       -1.47660756       -1.46137488       -0.72604609 
       -0.64654613       -1.36380792       -1.47757936       -1.47647059       -1.46799004       -1.45280194       -0.72177416 
       -0.64265746       -1.35575390       -1.46900833       -1.46788418       -1.45941997       -1.44427633       -0.71752620 
       -0.63879180       -1.34774566       -1.46048439       -1.45934546       -1.45089829       -1.43579924       -0.71330220 
       -0.63494885       -1.33978307       -1.45200777       -1.45085371       -1.44242358       -1.42736971       -0.70910209 
       -0.63112855       -1.33186603       -1.44357777       -1.44240940       -1.43399644       -1.41898751       -0.70492572 
       -0.62733066       -1.32399416       -1.43519461       -1.43401182       -1.42561650       -1.41065252       -0.70077282 
       -0.62355542       -1.31616759       -1.42685699       -1.42566025       -1.41728282       -1.40236413       -0.69664353 
       -0.61980224       -1.30838573       -1.41856635       -1.41735566       -1.40899587       -1.39412296       -0.69253772 
       -0.61607122       -1.30064821       -1.41032112       -1.40909696       -1.40075529       -1.38592815       -0.68845528 
       -0.61236227       -1.29295492       -1.40212226       -1.40088463       -1.39256096       -1.37777948       -0.68439591 
       -0.60867536       -1.28530622       -1.39396846       -1.39271808       -1.38441277       -1.36967731       -0.68035978 
       -0.60501015       -1.27770150       -1.38586044       -1.38459742       -1.37631059       -1.36162114       -0.67634654 
       -0.60136664       -1.27014005       -1.37779701       -1.37652147       -1.36825371       -1.35361063       -0.67235625 
       -0.59774488       -1.26262224       -1.36977899       -1.36849105       -1.36024213       -1.34564543       -0.66838866 
       -0.59414458       -1.25514805       -1.36180592       -1.36050570       -1.35227585       -1.33772540       -0.66444373 
       -0.59056568       -1.24771690       -1.35387731       -1.35256529       -1.34435499       -1.32985091       -0.66052145 
       -0.58700794       -1.24032831       -1.34599280       -1.34466946       -1.33647847       -1.32202125       -0.65662152 
       -0.58347154       -1.23298287       -1.33815300       -1.33681798       -1.32864654       -1.31423604       -0.65274411 
       -0.57995611       -1.22567976       -1.33035672       -1.32901084       -1.32085907       -1.30649531       -0.64888883 
       -0.57646167       -1.21841896       -1.32260430       -1.32124746       -1.31311572       -1.29879892       -0.64505571 
       -0.57298797       -1.21120024       -1.31489539       -1.31352758       -1.30541599       -1.29114664       -0.64124465 
       -0.56953496       -1.20402324       -1.30723035       -1.30585206       -1.29776025       -1.28353810       -0.63745558 
       -0.56610274       -1.19688761       -1.29960763       -1.29821944       -1.29014814       -1.27597308       -0.63368833 
       -0.56269097       -1.18979359       -1.29202795       -1.29062986       -1.28257906       -1.26845133       -0.62994266 
       -0.55929953       -1.18274117       -1.28449178       -1.28308368       -1.27505362       -1.26097322       -0.62621874 
       -0.55592847       -1.17572963       -1.27699769       -1.27558017       -1.26757061       -1.25353789       -0.62251639 
       -0.55257761       -1.16875887       -1.26954615       -1.26811922       -1.26013076       -1.24614549       -0.61883527 
       -0.54924655       -1.16182852       -1.26213682       -1.26070058       -1.25273311       -1.23879564       -0.61517543 
       -0.54593569       -1.15493870       -1.25476933       -1.25332415       -1.24537778       -1.23148787       -0.61153680 
       -0.54264468       -1.14808917       -1.24744356       -1.24598968       -1.23806465       -1.22422206       -0.60791922 
       -0.53937334       -1.14127958       -1.24015927       -1.23869693       -1.23079336       -1.21699893       -0.60432279 
       -0.53612179       -1.13450992       -1.23291683       -1.23144615       -1.22356403       -1.20981717       -0.60074717 
       -0.53288960       -1.12777984       -1.22571504       -1.22423661       -1.21637559       -1.20267665       -0.59719229 
       -0.52967691       -1.12108862       -1.21855462       -1.21706748       -1.20922863       -1.19557762       -0.59365797 
       -0.52648354       -1.11443734       -1.21143460       -1.20993984       -1.20212269       -1.18851984       -0.59014434 
       -0.52330947       -1.10782444       -1.20435548       -1.20285344       -1.19505799       -1.18150294       -0.58665109 
       -0.52015436       -1.10125029       -1.19731641       -1.19580686       -1.18803346       -1.17452645       -0.58317816 
       -0.51701820       -1.09471512       -1.19031739       -1.18880093       -1.18104970       -1.16759086       -0.57972556 
       -0.51390100       -1.08821797       -1.18335855       -1.18183482       -1.17410588       -1.16069520       -0.57629293 
       -0.51080269       -1.08175898       -1.17643952       -1.17490911       -1.16720235       -1.15383971       -0.57288045 
       -0.50772321       -1.07533824       -1.16956007       -1.16802299       -1.16033876       -1.14702427       -0.56948793 
       -0.50466204       -1.06895494       -1.16271996       -1.16117656       -1.15351462       -1.14024842       -0.56611526 
       -0.50161940       -1.06260920       -1.15591884       -1.15436900       -1.14672983       -1.13351178       -0.56276238 
       -0.49859512       -1.05630064       -1.14915657       -1.14760065       -1.13998413       -1.12681401       -0.55942857 
       -0.49558926       -1.05002916       -1.14243352       -1.14087152       -1.13327765       -1.12015605       -0.55611485 
       -0.49260145       -1.04379499       -1.13574874       -1.13418126       -1.12660992       -1.11353648       -0.55282032 
       -0.48963165       -1.03759742       -1.12910235       -1.12752926       -1.11998105       -1.10695577       -0.54954499 
       -0.48667985       -1.03143644       -1.12249446       -1.12091565       -1.11339033       -1.10041332       -0.54628921 
       -0.48374611       -1.02531195       -1.11592412       -1.11434054       -1.10683823       -1.09390926       -0.54305220 
       -0.48082995       -1.01922357       -1.10939193       -1.10780287       -1.10032380       -1.08744311       -0.53983450 
       -0.47793144       -1.01317108       -1.10289729       -1.10130346       -1.09384739       -1.08101499       -0.53663534 
       -0.47505051       -1.00715435       -1.09644008       -1.09484148       -1.08740866       -1.07462418       -0.53345525 
       -0.47218707       -1.00117314       -1.09001994       -1.08841658       -1.08100712       -1.06827104       -0.53029382 
       -0.46934089       -0.99522763       -1.08363676       -1.08202875       -1.07464278       -1.06195509       -0.52715081 
       -0.46651220       -0.98931700       -1.07729065       -1.07567835       -1.06831574       -1.05567586       -0.52402645 
       -0.46370047       -0.98344111       -1.07098091       -1.06936443       -1.06202543       -1.04943383       -0.52092040 
       -0.46090585       -0.97760028       -1.06470776       -1.06308746       -1.05577183       -1.04322827       -0.51783293 
       -0.45812827       -0.97179401       -1.05847096       -1.05684686       -1.04955459       -1.03705919       -0.51476324 
       -0.45536742       -0.96602225       -1.05227005       -1.05064201       -1.04337370       -1.03092623       -0.51171190 
       -0.45262346       -0.96028453       -1.04610503       -1.04447353       -1.03722870       -1.02482927       -0.50867844 
       -0.44989610       -0.95458102       -1.03997564       -1.03834069       -1.03111959       -1.01876843       -0.50566298 
       -0.44718531       -0.94891125       -1.03388178       -1.03224349       -1.02504635       -1.01274312       -0.50266528 
       -0.44449103       -0.94327521       -1.02782321       -1.02618206       -1.01900876       -1.00675321       -0.49968529 
       -0.44181311       -0.93767267       -1.02180004       -1.02015531       -1.01300585       -1.00079823       -0.49672285 
       -0.43915153       -0.93210310       -1.01581168       -1.01416421       -1.00703847       -0.99487871       -0.49377802 
       -0.43650600       -0.92656678       -1.00985777       -1.00820768       -1.00110602       -0.98899394       -0.49085054 
       -0.43387666       -0.92106324       -1.00393867       -1.00228608       -0.99520797       -0.98314381       -0.48794043 
       -0.43126342       -0.91559291       -0.99805391       -0.99639875       -0.98934478       -0.97732824       -0.48504755 
       -0.42866600       -0.91015464       -0.99220341       -0.99054575       -0.98351586       -0.97154701       -0.48217174 
       -0.42608440       -0.90474892       -0.98638672       -0.98472697       -0.97772121       -0.96580011       -0.47931305 
       -0.42351851       -0.89937532       -0.98060405       -0.97894204       -0.97196043       -0.96008676       -0.47647119 
       -0.42096829       -0.89403385       -0.97485489       -0.97319108       -0.96623337       -0.95440716       -0.47364607 
       -0.41843361       -0.88872391       -0.96913898       -0.96747315       -0.96053976       -0.94876099       -0.47083798 
       -0.41591430       -0.88344580       -0.96345675       -0.96178913       -0.95487994       -0.94314879       -0.46804640 
       -0.41341043       -0.87819916       -0.95780742       -0.95613819       -0.94925308       -0.93756914       -0.46527138 
       -0.41092181       -0.87298363       -0.95219094       -0.95052016       -0.94365931       -0.93202263       -0.46251282 
       -0.40844831       -0.86779922       -0.94660741       -0.94493532       -0.93809855       -0.92650896       -0.45977062 
       -0.40598989       -0.86264575       -0.94105637       -0.93938297       -0.93257046       -0.92102796       -0.45704472 
       -0.40354648       -0.85752296       -0.93553758       -0.93386275       -0.92707449       -0.91557938       -0.45433512 
       -0.40111801       -0.85243070       -0.93005121       -0.92837518       -0.92161119       -0.91016287       -0.45164138 
       -0.39870438       -0.84736913       -0.92459631       -0.92291975       -0.91618007       -0.90477866       -0.44896379 
       -0.39630538       -0.84233743       -0.91917372       -0.91749609       -0.91078067       -0.89942628       -0.44630218 
       -0.39392117       -0.83733606       -0.91378272       -0.91210443       -0.90541315       -0.89410537       -0.44365630 
       -0.39155143       -0.83236426       -0.90842324       -0.90674436       -0.90007740       -0.88881636       -0.44102615 
       -0.38919616       -0.82742232       -0.90309513       -0.90141571       -0.89477301       -0.88355869       -0.43841171 
       -0.38685533       -0.82250983       -0.89779800       -0.89611810       -0.88949966       -0.87833190       -0.43581283 
       -0.38452867       -0.81762689       -0.89253205       -0.89085162       -0.88425773       -0.87313646       -0.43322939 
       -0.38221627       -0.81277293       -0.88729662       -0.88561624       -0.87904650       -0.86797148       -0.43066129 
       -0.37991801       -0.80794793       -0.88209194       -0.88041145       -0.87386602       -0.86283731       -0.42810845 
       -0.37763384       -0.80315208       -0.87691790       -0.87523717       -0.86871588       -0.85773355       -0.42557091 
       -0.37536353       -0.79838455       -0.87177396       -0.87009317       -0.86359638       -0.85266024       -0.42304847 
       -0.37310708       -0.79364568       -0.86666030       -0.86497968       -0.85850710       -0.84761709       -0.42054108 
       -0.37086442       -0.78893512       -0.86157644       -0.85989606       -0.85344762       -0.84260345       -0.41804862 
       -0.36863554       -0.78425276       -0.85652262       -0.85484260       -0.84841841       -0.83762014       -0.41557100 
       -0.36642030       -0.77959841       -0.85149825       -0.84981847       -0.84341860       -0.83266616       -0.41310817 
       -0.36421850       -0.77497214       -0.84650326       -0.84482390       -0.83844835       -0.82774162       -0.41066000 
       -0.36203021       -0.77037317       -0.84153754       -0.83985895       -0.83350760       -0.82284635       -0.40822643 
       -0.35985529       -0.76580197       -0.83660096       -0.83492309       -0.82859606       -0.81798029       -0.40580738 
       -0.35769364       -0.76125813       -0.83169353       -0.83001614       -0.82371342       -0.81314325       -0.40340281 
       -0.35554528       -0.75674134       -0.82681483       -0.82513827       -0.81885952       -0.80833471       -0.40101251 
       -0.35340995       -0.75225174       -0.82196456       -0.82028908       -0.81403458       -0.80355501       -0.39863664 
       -0.35128772       -0.74778903       -0.81714296       -0.81546837       -0.80923796       -0.79880351       -0.39627475 
       -0.34917849       -0.74335295       -0.81234956       -0.81067616       -0.80447000       -0.79408044       -0.39392701 
       -0.34708214       -0.73894364       -0.80758440       -0.80591208       -0.79973000       -0.78938544       -0.39159343 
       -0.34499863       -0.73456055       -0.80284721       -0.80117607       -0.79501814       -0.78471851       -0.38927364 
