                  0.00000000                  0.00000000                  0.00000000                  0.00000000                  0.00000000 
                  0.00000000                  0.00000000                  0.00000000                  0.00000000                  0.00000000 
                  0.00000000                  0.00000000                  0.00000000                  0.00000000                  0.00000000 
                  0.00000000                  0.00000000                  0.00000000                  0.00000000                  0.00000000 
                  0.00000000                  0.00000000                  0.00000000                  0.00000000                  0.00000000 
                  0.00000000                  0.00000000                  0.00000000                  0.00000000                  0.00000000 
                  0.00000000                  0.00000000                  0.00000000                  0.00000000                  0.00000000 
                  0.00000000                  0.00000000                  0.00000000                  0.00000000                  0.00000000 
                  0.00000000                  0.00000000                  0.00000000                  0.00000000                  0.00000000 
                  0.00000000                  0.00000000                  0.00000000                  0.00000000                  0.00000000 
                  0.00000000                  0.00000000                  0.00000000                  0.00000000                  0.00000000 
                  0.00000000                  0.00000000                  0.00000000                  0.00000000                  0.00000000 
                  0.00000000                  0.00000000                  0.00000000                  0.00000000                  0.00000000 
                  0.00000000                  0.00000000                  0.00000000                  0.00000000                  0.00000000 
                  0.00000000                  0.00000000                  0.00000000                  0.00000000                  0.00000000 
                  0.00000000                  0.00000000                  0.00000000                  0.00000000                  0.00000000 
                  0.00000000                  0.00000000                  0.00000000                  0.00000000                  0.00000000 
                  0.00000000                  0.00000000                  0.00000000                  0.00000000                  0.00000000 
                  0.00000000                  0.00000000                  0.00000000                  0.00000000                  0.00000000 
                  0.00000000                  0.00000000                  0.00000000                  0.00000000                  0.00000000 
                  0.00000000                  0.00000000                  0.00000000                  0.00000000                  0.00000000 
                  0.00000000                  0.00000000                  0.00000000                  0.00000000                  0.00000000 
                  0.00000000                  0.00000000                  0.00000000                  0.00000000                  0.00000000 
                  0.00000000                  0.00000000                  0.00000000                  0.00000000                  0.00000000 
                  0.00000000                  0.00000000                  0.00000000                  0.00000000                  0.00000000 
                  0.00000000                  0.00000000                  0.00000000                  0.00000000                  0.00000000 
                  0.00000000                  0.00000000                  0.00000000                  0.00000000                  0.00000000 
                  0.00000000                  0.00000000                  0.00000000                  0.00000000                  0.00000000 
                  0.00000000                  0.00000000                  0.00000000                  0.00000000                  0.00000000 
                  0.00000000                  0.00000000                  0.00000000                  0.00000000                  0.00000000 
                  0.00000000                  0.00000000                  0.00000000                  0.00000000                  0.00000000 
                  0.00000000                  0.00000000                  0.00000000                  0.00000000                  0.00000000 
                 -0.00000000                 -0.00000000                 -0.00000000                  0.00000000                  0.00000000 
                 -0.00000000                 -0.00000000                 -0.00000000                 -0.00000000                 -0.00000000 
                 -0.00000000                 -0.00000000                 -0.00000000                 -0.00000000                 -0.00000000 
                 -0.00000000                 -0.00000000                 -0.00000000                 -0.00000000                 -0.00000000 
                 -0.00000000                 -0.00000000                 -0.00000000                 -0.00000000                 -0.00000000 
                 -0.00000000                 -0.00000000                 -0.00000000                 -0.00000000                 -0.00000000 
                 -0.00000000                 -0.00000000                 -0.00000000                 -0.00000000                 -0.00000000 
                 -0.00000000                 -0.00000000                 -0.00000000                 -0.00000000                 -0.00000000 
                 -0.00000000                 -0.00000000                 -0.00000000                 -0.00000000                 -0.00000000 
                 -0.00000000                 -0.00000000                 -0.00000000                 -0.00000000                 -0.00000000 
                 -0.00000000                 -0.00000000                 -0.00000000                 -0.00000000                 -0.00000000 
                 -0.00000000                 -0.00000000                 -0.00000000                 -0.00000000                 -0.00000000 
                 -0.00000000                 -0.00000000                 -0.00000000                 -0.00000000                 -0.00000000 
                 -0.00000000                 -0.00000000                 -0.00000000                 -0.00000000                 -0.00000000 
                 -0.00000000                 -0.00000000                 -0.00000000                 -0.00000000                 -0.00000000 
                 -0.00000000                 -0.00000000                 -0.00000000                 -0.00000000                 -0.00000000 
                 -0.00000000                 -0.00000000                 -0.00000000                 -0.00000000                 -0.00000000 
                 -0.00000000                 -0.00000000                 -0.00000000                 -0.00000000                 -0.00000000 
                 -0.00000000                 -0.00000000                 -0.00000000                 -0.00000000                 -0.00000000 
                 -0.00000000                 -0.00000000                 -0.00000000                 -0.00000000                 -0.00000000 
                 -0.00000000                 -0.00000000                 -0.00000000                 -0.00000000                 -0.00000000 
                 -0.00000000                 -0.00000000                 -0.00000000                 -0.00000000                 -0.00000000 
                 -0.00000000                 -0.00000000                 -0.00000000                 -0.00000000                 -0.00000000 
                 -0.00000000                 -0.00000000                 -0.00000000                 -0.00000000                 -0.00000000 
                 -0.00000000                 -0.00000000                 -0.00000000                 -0.00000000                 -0.00000000 
                 -0.00000000                 -0.00000000                 -0.00000000                 -0.00000000                 -0.00000000 
                 -0.00000000                 -0.00000000                 -0.00000000                 -0.00000000                 -0.00000000 
                 -0.00000000                 -0.00000000                 -0.00000000                 -0.00000000                 -0.00000000 
                 -0.00000000                 -0.00000000                 -0.00000000                 -0.00000000                 -0.00000000 
                 -0.00000000                 -0.00000000                 -0.00000000                 -0.00000000                 -0.00000000 
                 -0.00000000                 -0.00000000                 -0.00000000                 -0.00000000                 -0.00000000 
                 -0.00000000                 -0.00000000                 -0.00000000                 -0.00000000                 -0.00000000 
                 -0.00000000                 -0.00000000                 -0.00000000                 -0.00000000                 -0.00000000 
                 -0.00000000                 -0.00000000                 -0.00000000                 -0.00000000                 -0.00000000 
                 -0.00000000                 -0.00000000                 -0.00000000                 -0.00000000                 -0.00000000 
                 -0.00000000                 -0.00000000                 -0.00000000                 -0.00000000                 -0.00000000 
                 -0.00000000                 -0.00000000                 -0.00000000                 -0.00000000                 -0.00000000 
                 -0.00000000                 -0.00000000                 -0.00000000                 -0.00000000                 -0.00000000 
                 -0.00000000                 -0.00000000                 -0.00000000                 -0.00000000                 -0.00000000 
                 -0.00000000                 -0.00000000                 -0.00000000                 -0.00000000                 -0.00000000 
                 -0.00000000                 -0.00000000                 -0.00000000                 -0.00000000                 -0.00000000 
                 -0.00000000                 -0.00000000                 -0.00000000                 -0.00000000                 -0.00000000 
                 -0.00000000                 -0.00000000                 -0.00000000                 -0.00000000                 -0.00000000 
                 -0.00000000                 -0.00000000                 -0.00000000                 -0.00000000                 -0.00000000 
                 -0.00000000                 -0.00000000                 -0.00000000                 -0.00000000                 -0.00000000 
                 -0.00000000                 -0.00000000                 -0.00000000                 -0.00000000                 -0.00000000 
                 -0.00000000                 -0.00000000                 -0.00000000                 -0.00000000                 -0.00000000 
                 -0.00000000                 -0.00000000                 -0.00000000                 -0.00000000                 -0.00000000 
                 -0.00000000                 -0.00000000                 -0.00000000                 -0.00000000                 -0.00000000 
                 -0.00000000                 -0.00000000                 -0.00000000                 -0.00000000                 -0.00000000 
                 -0.00000000                 -0.00000000                 -0.00000000                 -0.00000000                 -0.00000000 
                 -0.00000000                 -0.00000000                 -0.00000000                 -0.00000000                 -0.00000000 
                 -0.00000000                 -0.00000000                 -0.00000000                 -0.00000000                 -0.00000000 
                 -0.00000000                 -0.00000000                 -0.00000000                 -0.00000000                 -0.00000000 
                 -0.00000000                 -0.00000000                 -0.00000000                 -0.00000000                 -0.00000000 
                 -0.00000000                 -0.00000000                 -0.00000000                 -0.00000000                 -0.00000000 
                 -0.00000000                 -0.00000000                 -0.00000000                 -0.00000000                 -0.00000000 
                 -0.00000000                 -0.00000000                 -0.00000000                 -0.00000000                 -0.00000000 
                 -0.00000000                 -0.00000000                 -0.00000000                 -0.00000000                 -0.00000000 
                 -0.00000000                 -0.00000000                 -0.00000000                 -0.00000000                 -0.00000000 
                 -0.00000000                 -0.00000000                 -0.00000000                 -0.00000000                 -0.00000000 
                 -0.00000000                 -0.00000000                 -0.00000000                 -0.00000000                 -0.00000000 
                 -0.00000000                 -0.00000000                 -0.00000000                 -0.00000000                 -0.00000000 
                 -0.00000000                 -0.00000000                 -0.00000000                 -0.00000000                 -0.00000000 
                 -0.00000000                 -0.00000000                 -0.00000000                 -0.00000000                 -0.00000000 
                 -0.00000000                 -0.00000000                 -0.00000000                 -0.00000000                 -0.00000000 
                 -0.00000000                 -0.00000000                 -0.00000000                 -0.00000000                 -0.00000000 
                 -0.00000000                 -0.00000000                 -0.00000000                 -0.00000000                 -0.00000000 
                 -0.00000000                 -0.00000000                 -0.00000000                 -0.00000000                 -0.00000000 
                 -0.00000000                 -0.00000000                 -0.00000000                 -0.00000000                 -0.00000000 
                 -0.00000000                 -0.00000000                 -0.00000000                 -0.00000000                 -0.00000000 
                 -0.00000000                 -0.00000000                 -0.00000000                 -0.00000000                 -0.00000000 
                 -0.00000000                 -0.00000000                 -0.00000000                 -0.00000000                 -0.00000000 
                 -0.00000000                 -0.00000000                 -0.00000000                 -0.00000000                 -0.00000000 
                 -0.00000000                 -0.00000000                 -0.00000000                 -0.00000000                 -0.00000000 
                 -0.00000000                 -0.00000000                 -0.00000000                 -0.00000000                 -0.00000000 
                 -0.00000000                 -0.00000000                 -0.00000000                 -0.00000000                 -0.00000000 
                 -0.00000000                 -0.00000000                 -0.00000000                 -0.00000000                 -0.00000000 
                 -0.00000000                 -0.00000000                 -0.00000000                 -0.00000000                 -0.00000000 
                 -0.00000000                 -0.00000000                 -0.00000000                 -0.00000000                 -0.00000000 
                 -0.00000000                 -0.00000000                 -0.00000000                 -0.00000000                 -0.00000000 
                 -0.00000000                 -0.00000000                 -0.00000000                 -0.00000000                 -0.00000000 
                 -0.00000000                 -0.00000000                 -0.00000000                 -0.00000000                 -0.00000000 
                 -0.00000000                 -0.00000000                 -0.00000000                 -0.00000000                 -0.00000000 
                 -0.00000000                 -0.00000000                 -0.00000000                 -0.00000000                 -0.00000000 
                 -0.00000001                 -0.00000001                 -0.00000001                 -0.00000000                 -0.00000000 
                 -0.00000001                 -0.00000001                 -0.00000001                 -0.00000000                 -0.00000000 
                 -0.00000002                 -0.00000002                 -0.00000002                 -0.00000001                 -0.00000001 
                 -0.00000003                 -0.00000003                 -0.00000003                 -0.00000001                 -0.00000001 
                 -0.00000005                 -0.00000005                 -0.00000005                 -0.00000002                 -0.00000002 
                 -0.00000008                 -0.00000008                 -0.00000008                 -0.00000003                 -0.00000003 
                 -0.00000013                 -0.00000013                 -0.00000013                 -0.00000005                 -0.00000005 
                 -0.00000021                 -0.00000021                 -0.00000021                 -0.00000008                 -0.00000008 
                 -0.00000033                 -0.00000033                 -0.00000033                 -0.00000012                 -0.00000012 
                 -0.00000053                 -0.00000053                 -0.00000053                 -0.00000019                 -0.00000019 
                 -0.00000083                 -0.00000083                 -0.00000083                 -0.00000030                 -0.00000030 
                 -0.00000131                 -0.00000131                 -0.00000131                 -0.00000048                 -0.00000048 
                 -0.00000205                 -0.00000205                 -0.00000205                 -0.00000074                 -0.00000074 
                 -0.00000318                 -0.00000318                 -0.00000318                 -0.00000115                 -0.00000116 
                 -0.00000490                 -0.00000490                 -0.00000491                 -0.00000178                 -0.00000178 
                 -0.00000752                 -0.00000752                 -0.00000753                 -0.00000273                 -0.00000273 
                 -0.00001147                 -0.00001147                 -0.00001148                 -0.00000416                 -0.00000417 
                 -0.00001738                 -0.00001738                 -0.00001741                 -0.00000630                 -0.00000632 
                 -0.00002620                 -0.00002620                 -0.00002624                 -0.00000950                 -0.00000951 
                 -0.00003925                 -0.00003925                 -0.00003932                 -0.00001422                 -0.00001425 
                 -0.00005845                 -0.00005845                 -0.00005856                 -0.00002117                 -0.00002121 
                 -0.00008654                 -0.00008654                 -0.00008669                 -0.00003132                 -0.00003138 
                 -0.00012737                 -0.00012736                 -0.00012760                 -0.00004608                 -0.00004617 
                 -0.00018635                 -0.00018634                 -0.00018669                 -0.00006738                 -0.00006751 
                 -0.00027104                 -0.00027103                 -0.00027155                 -0.00009795                 -0.00009814 
                 -0.00039190                 -0.00039189                 -0.00039266                 -0.00014155                 -0.00014183 
                 -0.00056332                 -0.00056331                 -0.00056445                 -0.00020336                 -0.00020376 
                 -0.00080499                 -0.00080496                 -0.00080663                 -0.00029044                 -0.00029101 
                 -0.00114359                 -0.00114355                 -0.00114597                 -0.00041237                 -0.00041319 
                 -0.00161512                 -0.00161506                 -0.00161856                 -0.00058206                 -0.00058323 
                 -0.00226775                 -0.00226768                 -0.00227269                 -0.00081676                 -0.00081842 
                 -0.00316555                 -0.00316543                 -0.00317260                 -0.00113941                 -0.00114175 
                 -0.00439306                 -0.00439290                 -0.00440307                 -0.00158025                 -0.00158352 
                 -0.00606117                 -0.00606093                 -0.00607529                 -0.00217890                 -0.00218343 
                 -0.00831420                 -0.00831385                 -0.00833400                 -0.00298686                 -0.00299312 
                 -0.01133871                 -0.01133822                 -0.01136632                 -0.00407068                 -0.00407926 
                 -0.01537418                 -0.01537348                 -0.01541246                 -0.00551564                 -0.00552735 
                 -0.02072575                 -0.02072476                 -0.02077851                 -0.00743035                 -0.00744621 
                 -0.02777948                 -0.02777809                 -0.02785178                 -0.00995201                 -0.00997338 
                 -0.03702026                 -0.03701831                 -0.03711875                 -0.01325278                 -0.01328139 
                 -0.04905263                 -0.04904991                 -0.04918603                 -0.01754701                 -0.01758508 
                 -0.06462475                 -0.06462099                 -0.06480439                 -0.02309966                 -0.02315000 
                 -0.08465564                 -0.08465049                 -0.08489616                 -0.03023577                 -0.03030191 
                 -0.11026566                 -0.11025862                 -0.11058584                 -0.03935102                 -0.03943739 
                 -0.14281024                 -0.14280066                 -0.14323401                 -0.05092344                 -0.05103552 
                 -0.18391645                 -0.18390352                 -0.18447411                 -0.06552599                 -0.06567050 
                 -0.23552230                 -0.23550493                 -0.23625194                 -0.08384001                 -0.08402517 
                 -0.29991764                 -0.29989445                 -0.30086684                 -0.10666922                 -0.10690499 
                 -0.37978631                 -0.37975550                 -0.38101405                 -0.13495395                 -0.13525224 
                 -0.47824788                 -0.47820720                 -0.47982681                 -0.16978517                 -0.17016016 
                 -0.59889811                 -0.59884465                 -0.60091710                 -0.21241790                 -0.21288629 
                 -0.74584574                 -0.74577594                 -0.74841273                 -0.26428324                 -0.26486450 
                 -0.92374456                 -0.92365396                 -0.92698967                 -0.32699847                 -0.32771516 
                 -1.13781786                 -1.13770080                 -1.14189696                 -0.40237448                 -0.40325236 
                 -1.39387298                 -1.39372277                 -1.39897132                 -0.49241960                 -0.49348789 
                 -1.69830453                 -1.69811273                 -1.70464063                 -0.59933913                 -0.60063046 
                 -2.05808234                 -2.05783868                 -2.06591225                 -0.72552955                 -0.72708005 
                 -2.48072314                 -2.48041534                 -2.49034405                 -0.87356722                 -0.87541622 
                 -2.97424316                 -2.97385645                 -2.98599815                 -1.04618990                 -1.04837966 
                 -3.54709053                 -3.54660702                 -3.56137156                 -1.24627149                 -1.24884677 
                 -4.20805502                 -4.20745373                 -4.22530699                 -1.47678912                 -1.47979629 
                 -4.96615696                 -4.96541309                 -4.98688078                 -1.74078310                 -1.74426913 
                 -5.83051252                 -5.82959747                 -5.85526705                 -2.04130888                 -2.04532027 
                 -6.81018066                 -6.80906010                 -6.83958340                 -2.38138223                 -2.38596320 
                 -7.91398668                 -7.91262197                 -7.94871473                 -2.76391864                 -2.76910925 
                 -9.15033531                 -9.14868164                 -9.19112301                 -3.19166780                 -3.19750190 
                -10.52700806                -10.52501392                -10.57464409                 -3.66714382                 -3.67364669 
                -12.05095577                -12.04856205                -12.10627747                 -4.19255543                 -4.19974041 
                -13.72808743                -13.72522736                -13.79197502                 -4.76973486                 -4.77760077 
                -15.56306744                -15.55966568                -15.63643456                 -5.40007019                 -5.40859795 
                -17.55912399                -17.55509567                -17.64290237                 -6.08444357                 -6.09359312 
                -19.71787071                -19.71312332                -19.81300354                 -6.82317495                 -6.83288193 
                -22.03916740                -22.03359604                -22.14658356                 -7.61597824                 -7.62614918 
                -24.52099419                -24.51448250                -24.64159775                 -8.46192551                 -8.47243690 
                -27.15938187                -27.15180206                -27.29402733                 -9.35943031                 -9.37012386 
                -29.94836998                -29.93958282                -30.09784317                -10.30624104                -10.31692123 
                -32.88002014                -32.86987305                -33.04500961                -11.29945183                -11.30988407 
                -35.94447327                -35.93280029                -36.12554932                -12.33553219                -12.34544182 
                -39.13005066                -39.11666870                -39.32764053                -13.41036987                -13.41943932 
                -42.42340469                -42.40811920                -42.63777161                -14.51933098                -14.52720165 
                -45.80971909                -45.79231644                -46.04093170                -15.65733147                -15.66360378 
                -49.27293015                -49.25318146                -49.52084732                -16.81892776                -16.82316208 
                -52.79599762                -52.77365494                -53.06024170                -17.99840355                -18.00012398 
                -56.36118317                -56.33598328                -56.64112854                -19.18988037                -19.18857574 
                -59.95035934                -59.92201614                -60.24511719                -20.38741684                -20.38254738 
                -63.54531479                -63.51352310                -63.85372543                -21.58511925                -21.57612038 
                -67.12805939                -67.09249115                -67.44868469                -22.77723885                -22.76352692 
                -70.68111420                -70.64142609                -71.01224518                -23.95827484                -23.93925285 
                -74.18779755                -74.14362335                -74.52745056                -25.12305832                -25.09812546 
                -77.63246155                -77.58341217                -77.97840118                -26.26683426                -26.23539162 
                -81.00070953                -80.94636536                -81.35044861                -27.38532448                -27.34678078 
                -84.27957153                -84.21949768                -84.63039398                -28.47477722                -28.42855644 
                -87.45763397                -87.39137268                -87.80663300                -29.53200340                -29.47755051 
                -90.52513123                -90.45220947                -90.86923218                -30.55439377                -30.49118423 
                -93.47400665                -93.39392853                -93.80998993                -31.53992653                -31.46747208 
                -96.29790497                -96.21014404                -96.62244415                -32.48715591                -32.40500641 
                -98.99214172                -98.89615631                -99.30184937                -33.39519501                -33.30294418 
               -101.55362701               -101.44887543               -101.84509277                -34.26366806                -34.16096115 
               -103.98078918               -103.86670685               -104.25060272                -35.09268570                -34.97921753 
               -106.27343750               -106.14945221               -106.51824188                -35.88277817                -35.75829697 
               -108.43263245               -108.29816437               -108.64915466                -36.63484955                -36.49915695 
               -110.46051025               -110.31498718               -110.64559937                -37.35011673                -37.20306778 
               -112.36015320               -112.20300293               -112.51079559                -38.03004837                -37.87155151 
               -114.13539886               -113.96606445               -114.24877930                -38.67631149                -38.50632477 
               -115.79070282               -115.60863495               -115.86419678                -39.29070663                -39.10923767 
               -117.33097839               -117.13565063               -117.36219025                -39.87512589                -39.68222427 
               -118.76144409               -118.55236053               -118.74821472                -40.43149948                -40.22726059 
               -120.08751678               -119.86421204               -120.02794647                -40.96175766                -40.74631119 
               -121.31467438               -121.07672882               -121.20712280                -41.46779633                -41.24130249 
               -122.44837952               -122.19541168               -122.29146576                -41.95143890                -41.71408844 
               -123.49398804               -123.22566223               -123.28659821                -42.41442490                -42.16643524 
               -124.45668030               -124.17271423               -124.19795227                -42.85838318                -42.59999084 
               -125.34141541               -125.04158783               -125.03073883                -43.28483200                -43.01628876 
               -126.15289307               -125.83703613               -125.78990173                -43.69516373                -43.41673279 
               -126.89552307               -126.56353760               -126.48007202                -44.09064102                -43.80259705 
               -127.57343292               -127.22528076               -127.10558319                -44.47240067                -44.17502213 
               -128.19044495               -127.82614136               -127.67044067                -44.84146118                -44.53502655 
               -128.75007629               -128.36970520               -128.17834473                -45.19872284                -44.88350677 
               -129.25556946               -128.85926819               -128.63267517                -45.54497528                -45.22125626 
               -129.70988464               -129.29785156               -129.03652954                -45.88091660                -45.54896545 
               -130.11572266               -129.68823242               -129.39273071                -46.20714569                -45.86722946 
               -130.47557068               -130.03292847               -129.70382690                -46.52418900                -46.17656326 
               -130.79168701               -130.33424377               -129.97216797                -46.83250046                -46.47741318 
               -131.06613159               -130.59428406               -130.19984436                -47.13247299                -46.77016068 
               -131.30079651               -130.81497192               -130.38879395                -47.42444229                -47.05513763 
               -131.49742126               -130.99807739               -130.54075623                -47.70870590                -47.33262634 
               -131.65759277               -131.14523315               -130.65734863                -47.98551941                -47.60287476 
               -131.78279114               -131.25793457               -130.74002075                -48.25510788                -47.86609650 
               -131.87440491               -131.33755493               -130.79011536                -48.51766968                -48.12248230 
               -131.93370056               -131.38537598               -130.80886841                -48.77338409                -48.37220001 
               -131.96188354               -131.40261841               -130.79743958                -49.02241135                -48.61540222 
               -131.96006775               -131.39039612               -130.75689697                -49.26490021                -48.85222626 
               -131.92933655               -131.34976196               -130.68824768                -49.50098419                -49.08279800 
               -131.87068176               -131.28170776               -130.59242249                -49.73079300                -49.30723953 
               -131.78507996               -131.18717957               -130.47030640                -49.95444870                -49.52566147 
               -131.67344666               -131.06707764               -130.32275391                -50.17206573                -49.73817444 
               -131.53666687               -130.92227173               -130.15055847                -50.38375473                -49.94488144 
               -131.37557983               -130.75355530               -129.95448303                -50.58962631                -50.14588547 
               -131.19099426               -130.56172180               -129.73527527                -50.78978348                -50.34128571 
               -130.98370361               -130.34753418               -129.49362183                -50.98433304                -50.53118134 
               -130.75447083               -130.11170959               -129.23020935                -51.17337418                -50.71566772 
               -130.50402832               -129.85494995               -128.94567871                -51.35700989                -50.89484024 
               -130.23307800               -129.57792664               -128.64067078                -51.53533936                -51.06879425 
               -129.94230652               -129.28129578               -128.31579590                -51.70846176                -51.23762131 
               -129.63238525               -128.96569824               -127.97164917                -51.87647247                -51.40141678 
               -129.30395508               -128.63172913               -127.60880280                -52.03946686                -51.56027222 
               -128.95765686               -128.27999878               -127.22782135                -52.19754028                -51.71427917 
               -128.59408569               -127.91107178               -126.82924652                -52.35078812                -51.86352539 
               -128.21383667               -127.52551270               -126.41360474                -52.49930573                -52.00810242 
               -127.81748962               -127.12387085               -125.98142242                -52.64318085                -52.14810181 
               -127.40559387               -126.70667267               -125.53319550                -52.78250885                -52.28360748 
               -126.97869873               -126.27443695               -125.06941986                -52.91737366                -52.41470718 
               -126.53732300               -125.82765961               -124.59057617                -53.04787064                -52.54148865 
               -126.08198547               -125.36683655               -124.09712982                -53.17408371                -52.66403580 
               -125.61317444               -124.89244080               -123.58953857                -53.29609680                -52.78243256 
               -125.13137817               -124.40493011               -123.06824493                -53.41400146                -52.89676285 
               -124.63706970               -123.90476227               -122.53369141                -53.52787781                -53.00710678 
               -124.13070679               -123.39237213               -121.98630524                -53.63780975                -53.11354446 
               -123.61273193               -122.86819458               -121.42649841                -53.74387741                -53.21615601 
               -123.08357239               -122.33264160               -120.85468292                -53.84616089                -53.31502151 
               -122.54365540               -121.78612518               -120.27125549                -53.94474030                -53.41021729 
               -121.99339294               -121.22904205               -119.67660522                -54.03969574                -53.50181961 
               -121.43317413               -120.66177368               -119.07111359                -54.13109970                -53.58990479 
               -120.86339569               -120.08470154               -118.45515442                -54.21903229                -53.67454529 
               -120.28443146               -119.49819946               -117.82908630                -54.30356598                -53.75581360 
               -119.69664764               -118.90261841               -117.19327545                -54.38477325                -53.83378220 
               -119.10039520               -118.29830933               -116.54806519                -54.46272659                -53.90852356 
               -118.49602509               -117.68561554               -115.89379883                -54.53749466                -53.98010635 
               -117.88388062               -117.06487274               -115.23081207                -54.60914993                -54.04859924 
               -117.26428986               -116.43640137               -114.55942535                -54.67776108                -54.11406708 
               -116.63757324               -115.80052185               -113.87996674                -54.74339294                -54.17657852 
               -116.00403595               -115.15753937               -113.19274139                -54.80611038                -54.23619843 
               -115.36399078               -114.50775909               -112.49806213                -54.86598206                -54.29298782 
               -114.71772766               -113.85147095               -111.79622650                -54.92306900                -54.34701157 
               -114.06553650               -113.18896484               -111.08752441                -54.97743607                -54.39833450 
               -113.40769958               -112.52052307               -110.37224579                -55.02914047                -54.44701385 
               -112.74449158               -111.84641266               -109.65067291                -55.07824707                -54.49311066 
               -112.07617188               -111.16690063               -108.92308044                -55.12481308                -54.53668213 
               -111.40300751               -110.48225403               -108.18973541                -55.16889572                -54.57778931 
               -110.72524261               -109.79271698               -107.45089722                -55.21055603                -54.61648560 
               -110.04312897               -109.09854126               -106.70682526                -55.24984741                -54.65282822 
               -109.35690308               -108.39997101               -105.95777130                -55.28682327                -54.68687057 
               -108.66679382               -107.69723511               -105.20398712                -55.32153702                -54.71866608 
               -107.97303772               -106.99056244               -104.44570923                -55.35404587                -54.74826813 
               -107.27584839               -106.28018188               -103.68317413                -55.38439941                -54.77572632 
               -106.57543945               -105.56630707               -102.91661072                -55.41264725                -54.80109406 
               -105.87202454               -104.84915161               -102.14624023                -55.43883896                -54.82441711 
               -105.16580963               -104.12892914               -101.37228394                -55.46302795                -54.84574890 
               -104.45698547               -103.40583038               -100.59496307                -55.48526001                -54.86513519 
               -103.74575043               -102.68006134                -99.81448364                -55.50558090                -54.88262177 
               -103.03229523               -101.95181274                -99.03105164                -55.52403641                -54.89825439 
               -102.31679535               -101.22127533                -98.24486542                -55.54067612                -54.91208267 
               -101.59943390               -100.48862457                -97.45612335                -55.55553818                -54.92414474 
               -100.88038635                -99.75404358                -96.66501617                -55.56867218                -54.93449020 
               -100.15982056                -99.01770782                -95.87173462                -55.58011627                -54.94315720 
                -99.43789673                -98.27978516                -95.07645416                -55.58991623                -54.95018768 
                -98.71478271                -97.54043579                -94.27935791                -55.59811020                -54.95562363 
                -97.99062347                -96.79982758                -93.48062134                -55.60474014                -54.95950699 
                -97.26557922                -96.05811310                -92.68041229                -55.60984421                -54.96187592 
                -96.53979492                -95.31545258                -91.87889862                -55.61346436                -54.96276855 
                -95.81341553                -94.57198334                -91.07624054                -55.61563492                -54.96222305 
                -95.08657837                -93.82785797                -90.27259827                -55.61639404                -54.96027756 
                -94.35942078                -93.08321381                -89.46811676                -55.61577988                -54.95696640 
                -93.63207245                -92.33819580                -88.66295624                -55.61382675                -54.95232773 
                -92.90466309                -91.59293365                -87.85726166                -55.61056900                -54.94639206 
                -92.17731476                -90.84755707                -87.05117035                -55.60604095                -54.93919754 
                -91.45015717                -90.10219574                -86.24482727                -55.60027695                -54.93077850 
                -90.72330475                -89.35696411                -85.43836975                -55.59330750                -54.92116547 
                -89.99687195                -88.61199188                -84.63192749                -55.58516693                -54.91039276 
                -89.27096558                -87.86739349                -83.82562256                -55.57588959                -54.89849091 
                -88.54570007                -87.12328339                -83.01959229                -55.56550217                -54.88549042 
                -87.82118225                -86.37977600                -82.21395111                -55.55403519                -54.87142181 
                -87.09751129                -85.63697052                -81.40882111                -55.54151917                -54.85631180 
                -86.37478638                -84.89498138                -80.60431671                -55.52798462                -54.84019470 
                -85.65310669                -84.15390015                -79.80056000                -55.51345825                -54.82309723 
                -84.93256378                -83.41383362                -78.99765015                -55.49797058                -54.80504608 
                -84.21324921                -82.67487335                -78.19570160                -55.48154449                -54.78606796 
                -83.49525452                -81.93711853                -77.39481354                -55.46421051                -54.76618958 
                -82.77866364                -81.20065308                -76.59509277                -55.44599533                -54.74544144 
                -82.06355286                -80.46556854                -75.79663086                -55.42692184                -54.72384644 
                -81.35001373                -79.73195648                -74.99952698                -55.40701675                -54.70142746 
                -80.63812256                -78.99989319                -74.20388031                -55.38630295                -54.67821121 
                -79.92794800                -78.26946259                -73.40977478                -55.36480331                -54.65422440 
                -79.21957397                -77.54074097                -72.61730194                -55.34254456                -54.62948608 
                -78.51306152                -76.81380463                -71.82654572                -55.31954956                -54.60402298 
                -77.80848694                -76.08872223                -71.03759003                -55.29583740                -54.57785416 
                -77.10591888                -75.36557007                -70.25051117                -55.27143478                -54.55100250 
                -76.40541840                -74.64441681                -69.46539307                -55.24636078                -54.52349091 
                -75.70704651                -73.92533112                -68.68231201                -55.22063828                -54.49534225 
                -75.01086426                -73.20838165                -67.90134430                -55.19428635                -54.46657562 
                -74.31694031                -72.49362183                -67.12255859                -55.16732407                -54.43721008 
                -73.62532043                -71.78112030                -66.34602356                -55.13977432                -54.40726852 
                -72.93606567                -71.07093048                -65.57180786                -55.11165237                -54.37676620 
                -72.24922180                -70.36311340                -64.79997253                -55.08298111                -54.34572601 
                -71.56484985                -69.65772247                -64.03058624                -55.05377579                -54.31416321 
                -70.88298798                -68.95481110                -63.26371002                -55.02405548                -54.28209686 
                -70.20369720                -68.25443268                -62.49940109                -54.99383926                -54.24954605 
                -69.52701569                -67.55663300                -61.73771667                -54.96314621                -54.21652985 
                -68.85298920                -66.86146545                -60.97871399                -54.93199158                -54.18305969 
                -68.18165588                -66.16897583                -60.22244644                -54.90039062                -54.14915848 
                -67.51306152                -65.47920227                -59.46896362                -54.86835861                -54.11483765 
                -66.84724426                -64.79219055                -58.71831894                -54.83591461                -54.08011627 
                -66.18424988                -64.10798645                -57.97055817                -54.80307388                -54.04500961 
                -65.52410889                -63.42662811                -57.22572708                -54.76984787                -54.00953293 
                -64.86685181                -62.74814987                -56.48387146                -54.73625565                -53.97369766 
                -64.21251678                -62.07259369                -55.74503708                -54.70230865                -53.93752289 
                -63.56113815                -61.39999008                -55.00926208                -54.66802216                -53.90102005 
                -62.91274643                -60.73037720                -54.27658844                -54.63341141                -53.86420441 
                -62.26737213                -60.06378555                -53.54705811                -54.59849167                -53.82709122 
                -61.62504196                -59.40024567                -52.82070541                -54.56327057                -53.78969193 
                -60.98578262                -58.73979187                -52.09756470                -54.52776718                -53.75201797 
                -60.34962082                -58.08244705                -51.37767029                -54.49198914                -53.71408463 
                -59.71657944                -57.42824173                -50.66105652                -54.45595169                -53.67590332 
                -59.08668518                -56.77720261                -49.94775391                -54.41966629                -53.63748550 
                -58.45996094                -56.12935638                -49.23779297                -54.38314438                -53.59884262 
                -57.83642578                -55.48472214                -48.53120422                -54.34639740                -53.55998611 
                -57.21609879                -54.84332657                -47.82801437                -54.30943680                -53.52093124 
                -56.59900284                -54.20518875                -47.12824631                -54.27227402                -53.48168564 
                -55.98515320                -53.57032776                -46.43193054                -54.23492050                -53.44226074 
                -55.37456894                -52.93876648                -45.73908615                -54.19738388                -53.40266800 
                -54.76726532                -52.31052399                -45.04973984                -54.15967941                -53.36291504 
                -54.16325760                -51.68561554                -44.36391068                -54.12181091                -53.32301331 
                -53.56256104                -51.06405640                -43.68162155                -54.08379364                -53.28297424 
                -52.96518707                -50.44586182                -43.00288773                -54.04563522                -53.24280548 
                -52.37115097                -49.83104706                -42.32773209                -54.00734329                -53.20251846 
                -51.78046036                -49.21962738                -41.65616989                -53.96892929                -53.16212082 
                -51.19313049                -48.61161423                -40.98821640                -53.93040085                -53.12162018 
                -50.60916519                -48.00701523                -40.32388687                -53.89176559                -53.08102798 
                -50.02857971                -47.40584564                -39.66319656                -53.85303497                -53.04035187 
                -49.45137787                -46.80811691                -39.00615692                -53.81421661                -52.99959946 
                -48.87757111                -46.21383286                -38.35278320                -53.77531815                -52.95877838 
                -48.30716324                -45.62300491                -37.70308685                -53.73634720                -52.91789627 
                -47.74015808                -45.03564072                -37.05707550                -53.69731140                -52.87696075 
                -47.17656326                -44.45174789                -36.41476059                -53.65821838                -52.83598328 
                -46.61638641                -43.87133026                -35.77615356                -53.61907578                -52.79496765 
                -46.05962753                -43.29439545                -35.14125824                -53.57989120                -52.75392151 
                -45.50629044                -42.72094345                -34.51008224                -53.54066849                -52.71285248 
                -44.95637894                -42.15098190                -33.88263321                -53.50141907                -52.67176437 
                -44.40989304                -41.58451462                -33.25891876                -53.46214676                -52.63066864 
                -43.86683655                -41.02154160                -32.63893890                -53.42285919                -52.58956909 
                -43.32720947                -40.46206665                -32.02270126                -53.38356018                -52.54847336 
                -42.79100800                -39.90608978                -31.41020966                -53.34425735                -52.50738525 
                -42.25823593                -39.35361481                -30.80146599                -53.30495834                -52.46631241 
                -41.72888947                -38.80463791                -30.19647217                -53.26566696                -52.42525864 
                -41.20296860                -38.25915909                -29.59523010                -53.22639084                -52.38423157 
                -40.68047333                -37.71717834                -28.99773979                -53.18713379                -52.34323502 
                -40.16139984                -37.17869568                -28.40400314                -53.14789963                -52.30227661 
                -39.64574432                -36.64370728                -27.81401825                -53.10869598                -52.26136017 
                -39.13350296                -36.11220932                -27.22778320                -53.06952667                -52.22049332 
                -38.62466812                -35.58420181                -26.64529800                -53.03039932                -52.17967606 
                -38.11923981                -35.05967712                -26.06656075                -52.99131775                -52.13891602 
                -37.61721420                -34.53863525                -25.49156761                -52.95228577                -52.09822083 
                -37.11858368                -34.02106857                -24.92031479                -52.91330719                -52.05759048 
                -36.62334061                -33.50697327                -24.35280037                -52.87438583                -52.01703262 
                -36.13148117                -32.99634171                -23.78901863                -52.83552933                -51.97654724 
                -35.64299774                -32.48917007                -23.22896576                -52.79674149                -51.93614197 
                -35.15788269                -31.98545265                -22.67263603                -52.75802231                -51.89582062 
                -34.67613220                -31.48518181                -22.12002373                -52.71937943                -51.85558701 
                -34.19773483                -30.98834991                -21.57112312                -52.68081665                -51.81544495 
                -33.72268295                -30.49494934                -21.02592659                -52.64233780                -51.77539825 
                -33.25096893                -30.00497437                -20.48442650                -52.60394287                -51.73544693 
                -32.78258514                -29.51841354                -19.94661713                -52.56563950                -51.69559860 
                -32.31752014                -29.03526115                -19.41248894                -52.52743149                -51.65585709 
                -31.85576630                -28.55550575                -18.88203621                -52.48931885                -51.61622238 
                -31.39731216                -28.07913971                -18.35524750                -52.45130539                -51.57670212 
                -30.94214821                -27.60615349                -17.83211517                -52.41339493                -51.53729630 
                -30.49026489                -27.13653755                -17.31262970                -52.37559128                -51.49800873 
                -30.04165077                -26.67028046                -16.79678154                -52.33789825                -51.45883942 
                -29.59629631                -26.20737267                -16.28455925                -52.30031586                -51.41979599 
                -29.15419006                -25.74780273                -15.77595425                -52.26284790                -51.38087845 
                -28.71531868                -25.29155922                -15.27095509                -52.22549820                -51.34209061 
                -28.27967262                -24.83863068                -14.76955128                -52.18827057                -51.30343246 
                -27.84724045                -24.38900757                -14.27173042                -52.15116501                -51.26490784 
                -27.41800880                -23.94267654                -13.77748108                -52.11418533                -51.22652054 
                -26.99196625                -23.49962616                -13.28679180                -52.07733154                -51.18827057 
                -26.56909943                -23.05984497                -12.79965115                -52.04060745                -51.15016174 
                -26.14939499                -22.62331772                -12.31604576                -52.00401688                -51.11219788 
                -25.73284149                -22.19003487                -11.83596230                -51.96755981                -51.07437897 
                -25.31942558                -21.75998116                -11.35938931                -51.93124008                -51.03670883 
                -24.90913391                -21.33314514                -10.88631248                -51.89505768                -50.99918747 
                -24.50195312                -20.90951347                -10.41671848                -51.85901642                -50.96181488 
                -24.09786987                -20.48907280                 -9.95059490                -51.82311630                -50.92459488 
                -23.69687080                -20.07180786                 -9.48792648                -51.78736115                -50.88753128 
                -23.29894066                -19.65770531                 -9.02869987                -51.75175095                -50.85062408 
                -22.90406609                -19.24675179                 -8.57290077                -51.71628571                -50.81387329 
                -22.51223373                -18.83893394                 -8.12051487                -51.68096924                -50.77728271 
                -22.12342834                -18.43423653                 -7.67152739                -51.64580536                -50.74085236 
                -21.73763657                -18.03264618                 -7.22592354                -51.61079025                -50.70458221 
                -21.35484314                -17.63414764                 -6.78368855                -51.57592773                -50.66847610 
                -20.97503281                -17.23872566                 -6.34480715                -51.54122162                -50.63253403 
                -20.59819031                -16.84636497                 -5.90926361                -51.50667191                -50.59675980 
                -20.22430229                -16.45705223                 -5.47704315                -51.47227859                -50.56115341 
                -19.85335350                -16.07077217                 -5.04813004                -51.43804169                -50.52571487 
                -19.48532867                -15.68750858                 -4.62250853                -51.40396500                -50.49044418 
                -19.12021065                -15.30724716                 -4.20016289                -51.37004852                -50.45534515 
                -18.75798607                -14.92997265                 -3.78107738                -51.33629227                -50.42041779 
                -18.39863968                -14.55566883                 -3.36523581                -51.30270004                -50.38566208 
                -18.04215622                -14.18432045                 -2.95262194                -51.26926804                -50.35107803 
                -17.68852043                -13.81591225                 -2.54321933                -51.23600006                -50.31666946 
                -17.33771515                -13.45042801                 -2.13701177                -51.20289612                -50.28243256 
                -16.98972511                -13.08785248                 -1.73398268                -51.16996002                -50.24837112 
                -16.64453506                -12.72816944                 -1.33411551                -51.13718796                -50.21448517 
                -16.30212975                -12.37136364                 -0.93739367                -51.10458374                -50.18077850 
                -15.96249294                -12.01741791                 -0.54380035                -51.07214737                -50.14724731 
                -15.62560844                -11.66631699                 -0.15331870                -51.03987885                -50.11389542 
                -15.29146099                -11.31804466                  0.23406810                -51.00777817                -50.08071899 
                -14.96003437                -10.97258568                  0.61837697                -50.97584915                -50.04772186 
                -14.63131237                -10.62992287                  0.99962509                -50.94408798                -50.01490402 
                -14.30527973                -10.29004002                  1.37782943                -50.91249847                -49.98226547 
                -13.98191929                 -9.95292091                  1.75300717                -50.88108063                -49.94980621 
                -13.66121578                 -9.61854935                  2.12517548                -50.84983444                -49.91753006 
                -13.34315300                 -9.28690910                  2.49435139                -50.81875610                -49.88543320 
                -13.02771473                 -8.95798397                  2.86055231                -50.78785324                -49.85351562 
                -12.71488476                 -8.63175774                  3.22379565                -50.75712204                -49.82178116 
                -12.40464783                 -8.30821323                  3.58409882                -50.72656250                -49.79022598 
                -12.09698677                 -7.98733473                  3.94147897                -50.69617462                -49.75885391 
                -11.79188538                 -7.66910553                  4.29595375                -50.66595840                -49.72766113 
                -11.48932838                 -7.35350943                  4.64754009                -50.63591766                -49.69665146 
                -11.18929863                 -7.04052973                  4.99625587                -50.60604858                -49.66582489 
                -10.89178085                 -6.73015022                  5.34211826                -50.57635117                -49.63517761 
                -10.59675789                 -6.42235470                  5.68514490                -50.54682922                -49.60471344 
                -10.30421448                 -6.11712646                  6.02535343                -50.51747894                -49.57442856 
                -10.01413441                 -5.81444883                  6.36276150                -50.48830032                -49.54432678 
                 -9.72650146                 -5.51430559                  6.69738626                -50.45929718                -49.51440811 
                 -9.44129944                 -5.21668053                  7.02924490                -50.43046570                -49.48466873 
                 -9.15851212                 -4.92155695                  7.35835552                -50.40180969                -49.45511246 
                 -8.87812328                 -4.62891865                  7.68473530                -50.37332535                -49.42573547 
                 -8.60011768                 -4.33874893                  8.00840187                -50.34501266                -49.39654160 
                 -8.32447910                 -4.05103159                  8.32937241                -50.31687546                -49.36752701 
                 -8.05119038                 -3.76575041                  8.64766502                -50.28890991                -49.33869171 
                 -7.78023672                 -3.48288894                  8.96329594                -50.26111603                -49.31003952 
                 -7.51160192                 -3.20243096                  9.27628422                -50.23349380                -49.28156662 
                 -7.24526978                 -2.92436028                  9.58664608                -50.20604324                -49.25327301 
                 -6.98122501                 -2.64866042                  9.89439964                -50.17876434                -49.22515869 
                 -6.71945095                 -2.37531543                 10.19956112                -50.15165710                -49.19722366 
                 -6.45993233                 -2.10430908                 10.50214863                -50.12472153                -49.16946793 
                 -6.20265341                 -1.83562517                 10.80217934                -50.09795761                -49.14189148 
                 -5.94759798                 -1.56924760                 11.09967136                -50.07136536                -49.11449432 
                 -5.69475079                 -1.30516040                 11.39464092                -50.04494095                -49.08727264 
                 -5.44409609                 -1.04334748                 11.68710518                -50.01868820                -49.06023026 
                 -5.19561815                 -0.78379273                 11.97708225                -49.99260330                -49.03336334 
                 -4.94930172                 -0.52648032                 12.26458836                -49.96669006                -49.00667191 
                 -4.70513105                 -0.27139434                 12.54964066                -49.94094467                -48.98015976 
                 -4.46309042                 -0.01851898                 12.83225632                -49.91536713                -48.95382309 
                 -4.22316504                  0.23216161                 13.11245346                -49.88995743                -48.92765808 
                 -3.98533893                  0.48066318                 13.39024734                -49.86471558                -48.90166855 
                 -3.74959707                  0.72700143                 13.66565609                -49.83964157                -48.87585449 
                 -3.51592422                  0.97119206                 13.93869591                -49.81473541                -48.85021210 
                 -3.28430510                  1.21325064                 14.20938396                -49.78999329                -48.82474518 
                 -3.05472445                  1.45319271                 14.47773647                -49.76541901                -48.79944992 
                 -2.82716727                  1.69103372                 14.74377060                -49.74100876                -48.77432632 
                 -2.60161853                  1.92678916                 15.00750351                -49.71676254                -48.74937439 
                 -2.37806320                  2.16047454                 15.26895046                -49.69268036                -48.72459412 
                 -2.15648651                  2.39210486                 15.52812958                -49.66876221                -48.69998550 
                 -1.93687344                  2.62169552                 15.78505611                -49.64500809                -48.67554474 
                 -1.71920919                  2.84926176                 16.03974724                -49.62141800                -48.65127182 
                 -1.50347912                  3.07481885                 16.29221916                -49.59798813                -48.62717056 
                 -1.28966856                  3.29838181                 16.54248810                -49.57471848                -48.60323715 
                 -1.07776272                  3.51996565                 16.79056931                -49.55161285                -48.57947159 
                 -0.86774725                  3.73958540                 17.03647995                -49.52866745                -48.55587006 
                 -0.65960753                  3.95725584                 17.28023720                -49.50587845                -48.53243637 
                 -0.45332927                  4.17299175                 17.52185631                -49.48324966                -48.50916672 
                 -0.24889801                  4.38680792                 17.76135254                -49.46078110                -48.48606110 
                 -0.04629953                  4.59871912                 17.99874115                -49.43846893                -48.46311951 
                  0.15448040                  4.80873966                 18.23403931                -49.41631317                -48.44034195 
                  0.35345596                  5.01688480                 18.46726418                -49.39431381                -48.41772842 
                  0.55064118                  5.22316837                 18.69842911                -49.37247086                -48.39527512 
                  0.74605006                  5.42760515                 18.92755127                -49.35078430                -48.37298203 
                  0.93969655                  5.63020897                 19.15464401                -49.32925034                -48.35084915 
                  1.13159454                  5.83099461                 19.37972450                -49.30787277                -48.32887650 
                  1.32175779                  6.02997637                 19.60280800                -49.28664780                -48.30706406 
                  1.51020002                  6.22716808                 19.82390976                -49.26557541                -48.28540802 
                  1.69693494                  6.42258406                 20.04304504                -49.24465561                -48.26391220 
                  1.88197613                  6.61623812                 20.26022911                -49.22388458                -48.24257278 
                  2.06533694                  6.80814409                 20.47547722                -49.20326614                -48.22138977 
                  2.24703097                  6.99831581                 20.68880463                -49.18279648                -48.20035934 
                  2.42707157                  7.18676710                 20.90022659                -49.16247559                -48.17948532 
                  2.60547209                  7.37351179                 21.10975647                -49.14230347                -48.15876389 
                  2.78224564                  7.55856323                 21.31740952                -49.12228012                -48.13819504 
                  2.95740533                  7.74193525                 21.52320099                -49.10240173                -48.11777878 
                  3.13096428                  7.92364120                 21.72714615                -49.08267212                -48.09751511 
                  3.30293536                  8.10369492                 21.92925835                -49.06308746                -48.07740402 
                  3.47333169                  8.28210926                 22.12955284                -49.04364777                -48.05744171 
                  3.64216590                  8.45889759                 22.32804489                -49.02435303                -48.03762817 
                  3.80945086                  8.63407326                 22.52474785                -49.00519943                -48.01796341 
                  3.97519922                  8.80764866                 22.71967697                -48.98619080                -47.99844742 
                  4.13942385                  8.97963715                 22.91284370                -48.96732330                -47.97907639 
                  4.30213690                  9.15005207                 23.10426521                -48.94859695                -47.95985413 
                  4.46335077                  9.31890583                 23.29395485                -48.93001175                -47.94077682 
                  4.62307835                  9.48621178                 23.48192596                -48.91156387                -47.92184448 
                  4.78133154                  9.65198231                 23.66819191                -48.89325714                -47.90305328 
                  4.93812275                  9.81622982                 23.85276604                -48.87508774                -47.88440704 
                  5.09346390                  9.97896767                 24.03566360                -48.85705566                -47.86590195 
                  5.24736738                 10.14020729                 24.21689796                -48.83916092                -47.84753799 
                  5.39984512                 10.29996109                 24.39648247                -48.82139969                -47.82931519 
                  5.55090904                 10.45824242                 24.57443047                -48.80377579                -47.81123352 
                  5.70057106                 10.61506271                 24.75075531                -48.78628540                -47.79328918 
                  5.84884262                 10.77043438                 24.92547035                -48.76892853                -47.77548218 
                  5.99573565                 10.92436981                 25.09858894                -48.75170517                -47.75781250 
                  6.14126205                 11.07688046                 25.27012444                -48.73461533                -47.74028015 
                  6.28543282                 11.22797871                 25.44009018                -48.71765518                -47.72288513 
                  6.42825985                 11.37767601                 25.60849762                -48.70082474                -47.70562363 
                  6.56975460                 11.52598476                 25.77536201                -48.68412399                -47.68849564 
                  6.70992804                 11.67291641                 25.94069481                -48.66755295                -47.67150116 
                  6.84879160                 11.81848240                 26.10450745                -48.65111160                -47.65464020 
                  6.98635626                 11.96269417                 26.26681328                -48.63479614                -47.63790894 
                  7.12263346                 12.10556316                 26.42762566                -48.61860657                -47.62131119 
                  7.25763369                 12.24710083                 26.58695793                -48.60254669                -47.60484314 
                  7.39136839                 12.38731861                 26.74482155                -48.58660889                -47.58850479 
                  7.52384806                 12.52622795                 26.90122795                -48.57079697                -47.57229614 
                  7.65508366                 12.66384029                 27.05619049                -48.55511093                -47.55621338 
                  7.78508615                 12.80016613                 27.20972061                -48.53954697                -47.54025650 
                  7.91386604                 12.93521690                 27.36183167                -48.52410507                -47.52442551 
                  8.04143333                 13.06900311                 27.51253319                -48.50878525                -47.50872040 
                  8.16779900                 13.20153618                 27.66183853                -48.49358368                -47.49314117 
                  8.29297352                 13.33282661                 27.80976105                -48.47850418                -47.47768784 
                  8.41696739                 13.46288490                 27.95631027                -48.46354294                -47.46235657 
                  8.53979111                 13.59172153                 28.10149956                -48.44869995                -47.44714737 
                  8.66145420                 13.71934795                 28.24533844                -48.43397522                -47.43206024 
                  8.78196716                 13.84577370                 28.38784027                -48.41936874                -47.41709137 
                  8.90133953                 13.97100925                 28.52901649                -48.40487671                -47.40224457 
                  9.01958179                 14.09506512                 28.66887665                -48.39049911                -47.38751602 
                  9.13670349                 14.21795177                 28.80743408                -48.37623978                -47.37290573 
                  9.25271511                 14.33967972                 28.94469833                -48.36209106                -47.35841370 
                  9.36762619                 14.46025848                 29.08068085                -48.34805679                -47.34403992 
                  9.48144627                 14.57969856                 29.21539307                -48.33413696                -47.32978058 
                  9.59418488                 14.69800949                 29.34884644                -48.32032776                -47.31563568 
                  9.70585155                 14.81520176                 29.48105240                -48.30662918                -47.30160522 
                  9.81645584                 14.93128490                 29.61202049                -48.29304123                -47.28768921 
                  9.92600727                 15.04626846                 29.74176216                -48.27956390                -47.27388763 
                 10.03451443                 15.16016197                 29.87028694                -48.26619339                -47.26019669 
                 10.14198780                 15.27297497                 29.99760628                -48.25293350                -47.24661636 
                 10.24843597                 15.38471794                 30.12372971                -48.23978043                -47.23314667 
                 10.35386753                 15.49539948                 30.24866867                -48.22673416                -47.21978760 
                 10.45829201                 15.60502911                 30.37243271                -48.21379471                -47.20653915 
                 10.56171894                 15.71361637                 30.49503326                -48.20095825                -47.19339752 
                 10.66415691                 15.82117081                 30.61647987                -48.18822861                -47.18036270 
                 10.76561451                 15.92770100                 30.73678207                -48.17560196                -47.16743469 
                 10.86610031                 16.03321648                 30.85595131                -48.16307831                -47.15461349 
                 10.96562386                 16.13772583                 30.97399712                -48.15065765                -47.14189911 
                 11.06419277                 16.24123764                 31.09092903                -48.13834000                -47.12928772 
                 11.16181660                 16.34376144                 31.20675659                -48.12612152                -47.11678314 
                 11.25850296                 16.44530678                 31.32148933                -48.11400223                -47.10438156 
