                  0.00000000                  0.00000000                  0.00000000                  0.00000000                  0.00000000                  0.00000000                  0.00000000                  0.00000000                  0.00000000                  0.00000000 
                  0.00000000                  0.00000000                  0.00000000                  0.00000000                  0.00000000 
                  0.00000000                  0.00000000                  0.00000000                  0.00000000                  0.00000000 
                  0.00000000                  0.00000000                  0.00000000                  0.00000000                  0.00000000 
                  0.00000000                  0.00000000                  0.00000000                  0.00000000                  0.00000000 
                  0.00000000                  0.00000000                  0.00000000                  0.00000000                  0.00000000 
                  0.00000000                  0.00000000                  0.00000000                  0.00000000                  0.00000000 
                  0.00000000                  0.00000000                  0.00000000                  0.00000000                  0.00000000 
                  0.00000000                  0.00000000                  0.00000000                  0.00000000                  0.00000000 
                  0.00000000                  0.00000000                  0.00000000                  0.00000000                  0.00000000 
                  0.00000000                  0.00000000                  0.00000000                  0.00000000                  0.00000000 
                  0.00000000                  0.00000000                  0.00000000                  0.00000000                  0.00000000 
                  0.00000000                  0.00000000                  0.00000000                  0.00000000                  0.00000000 
                  0.00000000                  0.00000000                  0.00000000                  0.00000000                  0.00000000 
                  0.00000000                  0.00000000                  0.00000000                  0.00000000                  0.00000000 
                  0.00000000                  0.00000000                  0.00000000                  0.00000000                  0.00000000 
                  0.00000000                  0.00000000                  0.00000000                  0.00000000                  0.00000000 
                  0.00000000                  0.00000000                  0.00000000                  0.00000000                  0.00000000 
                  0.00000000                  0.00000000                  0.00000000                  0.00000000                  0.00000000 
                  0.00000000                  0.00000000                  0.00000000                  0.00000000                  0.00000000 
                  0.00000000                  0.00000000                  0.00000000                  0.00000000                  0.00000000 
                  0.00000000                  0.00000000                  0.00000000                  0.00000000                  0.00000000 
                  0.00000000                  0.00000000                  0.00000000                  0.00000000                  0.00000000 
                  0.00000000                  0.00000000                  0.00000000                  0.00000000                  0.00000000 
                  0.00000000                  0.00000000                  0.00000000                  0.00000000                  0.00000000 
                  0.00000000                  0.00000000                  0.00000000                  0.00000000                  0.00000000 
                  0.00000000                  0.00000000                  0.00000000                  0.00000000                  0.00000000 
                  0.00000000                  0.00000000                  0.00000000                  0.00000000                  0.00000000 
                  0.00000000                  0.00000000                  0.00000000                  0.00000000                  0.00000000 
                  0.00000000                  0.00000000                  0.00000000                  0.00000000                  0.00000000 
                  0.00000000                  0.00000000                  0.00000000                  0.00000000                  0.00000000 
                  0.00000000                  0.00000000                  0.00000000                  0.00000000                  0.00000000 
                  0.00000000                  0.00000000                  0.00000000                  0.00000000                  0.00000000 
                  0.00000000                  0.00000000                  0.00000000                  0.00000000                  0.00000000 
                  0.00000000                  0.00000000                  0.00000000                  0.00000000                  0.00000000 
                  0.00000000                  0.00000000                  0.00000000                  0.00000000                  0.00000000 
                  0.00000000                  0.00000000                  0.00000000                  0.00000000                  0.00000000 
                  0.00000000                  0.00000000                  0.00000000                  0.00000000                  0.00000000 
                  0.00000000                  0.00000000                  0.00000000                  0.00000000                  0.00000000 
                  0.00000000                  0.00000000                  0.00000000                  0.00000000                  0.00000000 
                  0.00000000                  0.00000000                  0.00000000                  0.00000000                  0.00000000 
                  0.00000000                  0.00000000                  0.00000000                  0.00000000                  0.00000000 
                  0.00000000                  0.00000000                  0.00000000                  0.00000000                  0.00000000 
                  0.00000000                  0.00000000                  0.00000000                  0.00000000                  0.00000000 
                  0.00000000                  0.00000000                  0.00000000                  0.00000000                  0.00000000 
                  0.00000000                  0.00000000                  0.00000000                  0.00000000                  0.00000000 
                  0.00000000                  0.00000000                  0.00000000                  0.00000000                  0.00000000 
                  0.00000000                  0.00000000                  0.00000000                  0.00000000                  0.00000000 
                  0.00000000                  0.00000000                  0.00000000                  0.00000000                  0.00000000 
                  0.00000000                  0.00000000                  0.00000000                  0.00000000                  0.00000000 
                  0.00000000                  0.00000000                  0.00000000                  0.00000000                  0.00000000 
                  0.00000000                  0.00000000                  0.00000000                  0.00000000                  0.00000000 
                  0.00000000                  0.00000000                  0.00000000                  0.00000000                  0.00000000 
                  0.00000000                  0.00000000                  0.00000000                  0.00000000                  0.00000000 
                  0.00000000                  0.00000000                  0.00000000                  0.00000000                  0.00000000 
                  0.00000000                  0.00000000                  0.00000000                  0.00000000                  0.00000000 
                  0.00000000                  0.00000000                  0.00000000                  0.00000000                  0.00000000 
                  0.00000000                  0.00000000                  0.00000000                  0.00000000                  0.00000000 
                  0.00000000                  0.00000000                  0.00000000                  0.00000000                  0.00000000 
                  0.00000000                  0.00000000                  0.00000000                  0.00000000                  0.00000000 
                  0.00000000                  0.00000000                  0.00000000                  0.00000000                  0.00000000 
                  0.00000000                  0.00000000                  0.00000000                  0.00000000                  0.00000000 
                  0.00000000                  0.00000000                  0.00000000                  0.00000000                  0.00000000 
                  0.00000000                  0.00000000                  0.00000000                  0.00000000                  0.00000000 
                  0.00000000                  0.00000000                  0.00000000                  0.00000000                  0.00000000 
                  0.00000000                  0.00000000                  0.00000000                  0.00000000                  0.00000000 
                  0.00000000                  0.00000000                  0.00000000                  0.00000000                  0.00000000 
                  0.00000000                  0.00000000                  0.00000000                  0.00000000                  0.00000000 
                  0.00000000                  0.00000000                  0.00000000                  0.00000000                  0.00000000 
                  0.00000000                  0.00000000                  0.00000000                  0.00000000                  0.00000000 
                  0.00000000                  0.00000000                  0.00000000                  0.00000000                  0.00000000 
                  0.00000000                  0.00000000                  0.00000000                  0.00000000                  0.00000000 
                  0.00000000                  0.00000000                  0.00000000                  0.00000000                  0.00000000 
                  0.00000000                  0.00000000                  0.00000000                  0.00000000                  0.00000000 
                  0.00000000                  0.00000000                  0.00000000                  0.00000000                  0.00000000 
                  0.00000000                  0.00000000                  0.00000000                  0.00000000                  0.00000000 
                  0.00000000                  0.00000000                  0.00000000                  0.00000000                  0.00000000 
                  0.00000000                  0.00000000                  0.00000000                  0.00000000                  0.00000000 
                  0.00000000                  0.00000000                  0.00000000                  0.00000000                  0.00000000 
                  0.00000000                  0.00000000                  0.00000000                  0.00000000                  0.00000000 
                  0.00000000                  0.00000000                  0.00000000                  0.00000000                  0.00000000 
                  0.00000000                  0.00000000                  0.00000000                  0.00000000                  0.00000000 
                  0.00000000                  0.00000000                  0.00000000                  0.00000000                  0.00000000 
                  0.00000000                  0.00000000                  0.00000000                  0.00000000                  0.00000000 
                  0.00000000                  0.00000000                  0.00000000                  0.00000000                  0.00000000 
                  0.00000000                  0.00000000                  0.00000000                  0.00000000                  0.00000000 
                  0.00000000                  0.00000000                  0.00000000                  0.00000000                  0.00000000 
                  0.00000000                  0.00000000                  0.00000000                  0.00000000                  0.00000000 
                  0.00000000                  0.00000000                  0.00000000                  0.00000000                  0.00000000 
                  0.00000000                  0.00000000                  0.00000000                  0.00000000                  0.00000000 
                  0.00000000                  0.00000000                  0.00000000                  0.00000000                  0.00000000 
                  0.00000000                  0.00000000                  0.00000000                  0.00000000                  0.00000000 
                  0.00000000                  0.00000000                  0.00000000                  0.00000000                  0.00000000 
                  0.00000000                  0.00000000                  0.00000000                  0.00000000                  0.00000000 
                  0.00000000                  0.00000000                  0.00000000                  0.00000000                  0.00000000 
                  0.00000000                  0.00000000                  0.00000000                  0.00000000                  0.00000000 
                  0.00000000                  0.00000000                  0.00000000                  0.00000000                  0.00000000 
                  0.00000000                  0.00000000                  0.00000000                  0.00000000                  0.00000000 
                  0.00000000                  0.00000000                  0.00000000                  0.00000000                  0.00000000 
                  0.00000000                  0.00000000                  0.00000000                  0.00000000                  0.00000000 
                  0.00000000                  0.00000000                  0.00000000                  0.00000000                  0.00000000 
                  0.00000000                  0.00000000                  0.00000000                  0.00000000                  0.00000000 
                  0.00000000                  0.00000000                  0.00000000                  0.00000000                  0.00000000 
                  0.00000000                  0.00000000                  0.00000000                  0.00000000                  0.00000000 
                  0.00000000                  0.00000000                  0.00000000                  0.00000000                  0.00000000 
                  0.00000000                  0.00000000                  0.00000000                  0.00000000                  0.00000000 
                  0.00000000                  0.00000000                  0.00000000                  0.00000000                  0.00000000 
                  0.00000000                  0.00000000                  0.00000000                  0.00000000                  0.00000000 
                  0.00000000                  0.00000000                  0.00000000                  0.00000000                  0.00000000 
                  0.00000000                  0.00000000                  0.00000000                  0.00000000                  0.00000000 
                  0.00000000                  0.00000000                  0.00000000                  0.00000000                  0.00000000 
                  0.00000000                  0.00000000                  0.00000000                  0.00000000                  0.00000000 
                  0.00000000                  0.00000000                  0.00000000                  0.00000000                  0.00000000 
                  0.00000000                  0.00000000                  0.00000000                  0.00000000                  0.00000000 
                  0.00000000                  0.00000000                  0.00000000                  0.00000000                  0.00000000 
                  0.00000000                  0.00000000                  0.00000000                  0.00000000                  0.00000000 
                  0.00000000                  0.00000000                  0.00000000                  0.00000000                  0.00000000 
                  0.00000000                  0.00000000                  0.00000000                  0.00000000                  0.00000000 
                  0.00000000                  0.00000000                  0.00000000                  0.00000000                  0.00000000 
                  0.00000000                  0.00000000                  0.00000000                  0.00000000                  0.00000000 
                  0.00000000                  0.00000000                  0.00000000                  0.00000000                  0.00000000 
                  0.00000000                  0.00000000                  0.00000000                  0.00000000                  0.00000000 
                  0.00000000                  0.00000000                  0.00000000                  0.00000000                  0.00000000 
                  0.00000000                  0.00000000                  0.00000000                  0.00000000                  0.00000000 
                  0.00000000                  0.00000000                  0.00000000                  0.00000000                  0.00000000 
                  0.00000001                  0.00000001                  0.00000001                  0.00000000                  0.00000000 
                  0.00000001                  0.00000001                  0.00000001                  0.00000001                  0.00000001 
                  0.00000002                  0.00000002                  0.00000002                  0.00000001                  0.00000001 
                  0.00000003                  0.00000003                  0.00000003                  0.00000002                  0.00000002 
                  0.00000005                  0.00000005                  0.00000005                  0.00000003                  0.00000003 
                  0.00000008                  0.00000008                  0.00000008                  0.00000005                  0.00000005 
                  0.00000012                  0.00000012                  0.00000012                  0.00000007                  0.00000007 
                  0.00000018                  0.00000018                  0.00000018                  0.00000011                  0.00000011 
                  0.00000027                  0.00000027                  0.00000027                  0.00000017                  0.00000016 
                  0.00000042                  0.00000041                  0.00000041                  0.00000025                  0.00000025 
                  0.00000063                  0.00000063                  0.00000062                  0.00000038                  0.00000037 
                  0.00000094                  0.00000094                  0.00000093                  0.00000057                  0.00000056 
                  0.00000141                  0.00000140                  0.00000139                  0.00000084                  0.00000083 
                  0.00000208                  0.00000207                  0.00000206                  0.00000125                  0.00000123 
                  0.00000307                  0.00000306                  0.00000303                  0.00000184                  0.00000181 
                  0.00000450                  0.00000448                  0.00000444                  0.00000269                  0.00000265 
                  0.00000655                  0.00000652                  0.00000647                  0.00000391                  0.00000385 
                  0.00000949                  0.00000943                  0.00000936                  0.00000566                  0.00000556 
                  0.00001365                  0.00001358                  0.00001346                  0.00000813                  0.00000799 
                  0.00001954                  0.00001942                  0.00001924                  0.00001162                  0.00001141 
                  0.00002779                  0.00002762                  0.00002736                  0.00001651                  0.00001620 
                  0.00003929                  0.00003905                  0.00003866                  0.00002331                  0.00002287 
                  0.00005524                  0.00005489                  0.00005432                  0.00003273                  0.00003209 
                  0.00007720                  0.00007670                  0.00007587                  0.00004569                  0.00004477 
                  0.00010726                  0.00010655                  0.00010534                  0.00006340                  0.00006209 
                  0.00014816                  0.00014716                  0.00014542                  0.00008747                  0.00008562 
                  0.00020347                  0.00020206                  0.00019958                  0.00011997                  0.00011738 
                  0.00027781                  0.00027583                  0.00027232                  0.00016360                  0.00015998 
                  0.00037710                  0.00037435                  0.00036942                  0.00022180                  0.00021678 
                  0.00050892                  0.00050512                  0.00049822                  0.00029896                  0.00029204 
                  0.00068286                  0.00067764                  0.00066805                  0.00040065                  0.00039117 
                  0.00091096                  0.00090384                  0.00089061                  0.00053384                  0.00052093 
                  0.00120827                  0.00119860                  0.00118046                  0.00070722                  0.00068975 
                  0.00159341                  0.00158035                  0.00155564                  0.00093154                  0.00090804 
                  0.00208927                  0.00207175                  0.00203831                  0.00121999                  0.00118858 
                  0.00272377                  0.00270041                  0.00265545                  0.00158865                  0.00154692 
                  0.00353072                  0.00349975                  0.00343968                  0.00205696                  0.00200184 
                  0.00455068                  0.00450987                  0.00443013                  0.00264819                  0.00257584 
                  0.00583200                  0.00577853                  0.00567335                  0.00339008                  0.00329567 
                  0.00743177                  0.00736213                  0.00722425                  0.00431533                  0.00419287 
                  0.00941687                  0.00932671                  0.00914710                  0.00546220                  0.00530432 
                  0.01186503                  0.01174895                  0.01151647                  0.00687511                  0.00667278 
                  0.01486568                  0.01471714                  0.01441807                  0.00860512                  0.00834737 
                  0.01852091                  0.01833193                  0.01794960                  0.01071049                  0.01038409 
                  0.02294612                  0.02270710                  0.02222135                  0.01325697                  0.01284609 
                  0.02827052                  0.02796995                  0.02735659                  0.01631817                  0.01580401 
                  0.03463730                  0.03426154                  0.03349180                  0.01997563                  0.01933601 
                  0.04220354                  0.04173652                  0.04077642                  0.02431872                  0.02352773 
                  0.05113962                  0.05056255                  0.04937228                  0.02944442                  0.02847195 
                  0.06162821                  0.06091926                  0.05945261                  0.03545666                  0.03426809 
                  0.07386266                  0.07299674                  0.07120042                  0.04246552                  0.04102130 
                  0.08804490                  0.08699335                  0.08480649                  0.05058604                  0.04884138 
                  0.10438259                  0.10311300                  0.10046665                  0.05993669                  0.05784131 
                  0.12308585                  0.12156177                  0.11837851                  0.07063752                  0.06813545 
                  0.14436309                  0.14254406                  0.13873769                  0.08280795                  0.07983746 
                  0.16841656                  0.16625787                  0.16173343                  0.09656426                  0.09305789 
                  0.19543707                  0.19288990                  0.18754368                  0.11201679                  0.10790154 
                  0.22559854                  0.22261009                  0.21632989                  0.12926687                  0.12446451 
                  0.25905204                  0.25556576                  0.24823159                  0.14840366                  0.14283127 
                  0.29591984                  0.29187584                  0.28336075                  0.16950080                  0.16307138 
                  0.33628938                  0.33162487                  0.32179603                  0.19261308                  0.18523654 
                  0.38020733                  0.37485734                  0.36357757                  0.21777327                  0.20935746 
                  0.42767429                  0.42157242                  0.40870202                  0.24498916                  0.23544112 
                  0.47864005                  0.47171953                  0.45711809                  0.27424079                  0.26346818 
                  0.53299952                  0.52519417                  0.50872314                  0.30547836                  0.29339102 
                  0.59058994                  0.58183539                  0.56336045                  0.33862036                  0.32513219 
                  0.65118921                  0.64142418                  0.62081814                  0.37355280                  0.35858333 
                  0.71451545                  0.70368308                  0.68082869                  0.41012847                  0.39360490 
                  0.78022826                  0.76827747                  0.74307030                  0.44816789                  0.43002671 
                  0.84793150                  0.83481818                  0.80716974                  0.48746014                  0.46764916 
                  0.91717732                  0.90286601                  0.87270606                  0.52776504                  0.50624502 
                  0.98747194                  0.97193694                  0.93921626                  0.56881607                  0.54556221 
                  1.05828285                  1.04150927                  1.00620222                  0.61032408                  0.58532721 
                  1.12904692                  1.11103165                  1.07313800                  0.65198123                  0.62524915 
                  1.19918025                  1.17993271                  1.13947892                  0.69346619                  0.66502398 
                  1.26808751                  1.24763060                  1.20467031                  0.73444903                  0.70433992 
                  1.33517361                  1.31354296                  1.26815856                  0.77459717                  0.74288237 
                  1.39985359                  1.37709832                  1.32939982                  0.81358075                  0.78033900 
                  1.46156347                  1.43774581                  1.38787043                  0.85107851                  0.81640548 
                  1.51977074                  1.49496531                  1.44307566                  0.88678306                  0.85079038 
                  1.57398367                  1.54827690                  1.49455905                  0.92040682                  0.88322020 
                  1.62375987                  1.59724820                  1.54190946                  0.95168525                  0.91344339 
                  1.66871345                  1.64150238                  1.58476806                  0.98038280                  0.94123471 
                  1.70852065                  1.68072355                  1.62283301                  1.00629473                  0.96639806 
                  1.74292469                  1.71466005                  1.65586412                  1.02925086                  0.98876905 
                  1.77173781                  1.74312830                  1.68368435                  1.04911685                  1.00821733 
                  1.79484236                  1.76601243                  1.70618093                  1.06579566                  1.02464688 
                  1.81219029                  1.78326488                  1.72330499                  1.07922792                  1.03799653 
                  1.82380152                  1.79490304                  1.73506939                  1.08939028                  1.04823947 
                  1.82975960                  1.80100775                  1.74154556                  1.09629536                  1.05538297 
                  1.83020747                  1.80171645                  1.74285960                  1.09998965                  1.05946529 
                  1.82534218                  1.79721928                  1.73918676                  1.10055041                  1.06055427 
                  1.81540787                  1.78775287                  1.73074663                  1.09808350                  1.05874467 
                  1.80068910                  1.77359259                  1.71779525                  1.09271932                  1.05415511 
                  1.78150368                  1.75504625                  1.70061982                  1.08460975                  1.04692459 
                  1.75819468                  1.73244762                  1.67953193                  1.07392466                  1.03720927 
                  1.73112416                  1.70614755                  1.65486050                  1.06084800                  1.02517939 
                  1.70066571                  1.67650914                  1.62694669                  1.04557383                  1.01101565 
                  1.66719770                  1.64390028                  1.59613621                  1.02830327                  0.99490595 
                  1.63109744                  1.60868812                  1.56277585                  1.00924134                  0.97704220 
                  1.59273601                  1.57123423                  1.52720737                  0.98859340                  0.95761794 
                  1.55247355                  1.53188992                  1.48976374                  0.96656275                  0.93682492 
                  1.51065576                  1.49099231                  1.45076525                  0.94334811                  0.91485190 
                  1.46760988                  1.44886148                  1.41051722                  0.91914195                  0.89188188 
                  1.42364323                  1.40579772                  1.36930728                  0.89412802                  0.86809063 
                  1.37904072                  1.36208069                  1.32740390                  0.86848074                  0.84364533 
                  1.33406425                  1.31796741                  1.28505468                  0.84236372                  0.81870365 
                  1.28895187                  1.27369225                  1.24248660                  0.81592894                  0.79341280 
                  1.24391830                  1.22946656                  1.19990540                  0.78931683                  0.76790899 
                  1.19915462                  1.18547916                  1.15749586                  0.76265520                  0.74231750 
                  1.15482926                  1.14189720                  1.11542189                  0.73606026                  0.71675193 
                  1.11108923                  1.09886658                  1.07382810                  0.70963597                  0.69131488 
                  1.06806111                  1.05651331                  1.03284013                  0.68347478                  0.66609812 
                  1.02585244                  1.01494515                  0.99256623                  0.65765762                  0.64118254 
                  0.98455322                  0.97425234                  0.95309794                  0.63225549                  0.61663914 
                  0.94423741                  0.93450987                  0.91451192                  0.60732901                  0.59252924 
                  0.90496433                  0.89577788                  0.87687087                  0.58292949                  0.56890517 
                  0.86678016                  0.85810369                  0.84022486                  0.55909979                  0.54581106 
                  0.82971936                  0.82152331                  0.80461270                  0.53587472                  0.52328324 
                  0.79380608                  0.78606218                  0.77006310                  0.51328200                  0.50135076 
                  0.75905538                  0.75173676                  0.73659569                  0.49134284                  0.48003662 
                  0.72547418                  0.71855569                  0.70422214                  0.47007266                  0.45935786 
                  0.69306266                  0.68652070                  0.67294729                  0.44948158                  0.43932629 
                  0.66181517                  0.65562737                  0.64276981                  0.42957520                  0.41994917 
                  0.63172084                  0.62586635                  0.61368316                  0.41035497                  0.40122968 
                  0.60276467                  0.59722400                  0.58567643                  0.39181900                  0.38316730 
                  0.57492799                  0.56968290                  0.55873477                  0.37396210                  0.36575860 
                  0.54818934                  0.54322267                  0.53284031                  0.35677668                  0.34899724 
                  0.52252477                  0.51782060                  0.50797248                  0.34025276                  0.33287475 
                  0.49790826                  0.49345174                  0.48410851                  0.32437855                  0.31738061 
                  0.47431254                  0.47008973                  0.46122396                  0.30914074                  0.30250269 
                  0.45170900                  0.44770697                  0.43929297                  0.29452467                  0.28822750 
                  0.43006831                  0.42627493                  0.41828865                  0.28051469                  0.27454051 
                  0.40936056                  0.40576440                  0.39818335                  0.26709434                  0.26142630 
                  0.38955548                  0.38614589                  0.37894890                  0.25424659                  0.24886878 
                  0.37062272                  0.36738962                  0.36055684                  0.24195406                  0.23685136 
                  0.35253188                  0.34946594                  0.34297860                  0.23019890                  0.22535716 
                  0.33525288                  0.33234522                  0.32618570                  0.21896325                  0.21436903 
                  0.31875581                  0.31599814                  0.31014979                  0.20822920                  0.20386979 
                  0.30301127                  0.30039573                  0.29484287                  0.19797882                  0.19384222 
                  0.28799033                  0.28550956                  0.28023732                  0.18819442                  0.18426925 
                  0.27366459                  0.27131161                  0.26630595                  0.17885843                  0.17513396 
                  0.26000631                  0.25777456                  0.25302210                  0.16995363                  0.16641964 
                  0.24698840                  0.24487162                  0.24035984                  0.16146305                  0.15810990 
                  0.23458450                  0.23257679                  0.22829370                  0.15337013                  0.15018865 
                  0.22276893                  0.22086474                  0.21679899                  0.14565866                  0.14264016 
                  0.21151686                  0.20971087                  0.20585170                  0.13831285                  0.13544910 
                  0.20080411                  0.19909133                  0.19542849                  0.13131736                  0.12860054 
                  0.19060737                  0.18898302                  0.18550678                  0.12465729                  0.12207995 
                  0.18090405                  0.17936362                  0.17606471                  0.11831817                  0.11587328 
                  0.17167231                  0.17021157                  0.16708119                  0.11228602                  0.10996690 
                  0.16289118                  0.16150607                  0.15853584                  0.10654734                  0.10434762 
                  0.15454037                  0.15322706                  0.15040900                  0.10108905                  0.09900270 
                  0.14660040                  0.14535522                  0.14268173                  0.09589858                  0.09391986 
                  0.13905245                  0.13787198                  0.13533586                  0.09096381                  0.08908726 
                  0.13187855                  0.13075945                  0.12835385                  0.08627304                  0.08449349 
                  0.12506135                  0.12400049                  0.12171888                  0.08181505                  0.08012761 
                  0.11858420                  0.11757863                  0.11541481                  0.07757908                  0.07597906 
                  0.11243118                  0.11147805                  0.10942611                  0.07355475                  0.07203772 
                  0.10658697                  0.10568362                  0.10373794                  0.06973214                  0.06829387 
                  0.10103694                  0.10018082                  0.09833603                  0.06610172                  0.06473821 
                  0.09576706                  0.09495574                  0.09320676                  0.06265435                  0.06136182 
                  0.09076389                  0.08999509                  0.08833706                  0.05938131                  0.05815612 
                  0.08601460                  0.08528614                  0.08371446                  0.05627423                  0.05511293 
                  0.08150691                  0.08081670                  0.07932699                  0.05332508                  0.05222443 
                  0.07722908                  0.07657516                  0.07516325                  0.05052624                  0.04948312 
                  0.07316990                  0.07255040                  0.07121232                  0.04787038                  0.04688184 
                  0.06931866                  0.06873179                  0.06746379                  0.04535051                  0.04441375 
                  0.06566513                  0.06510922                  0.06390771                  0.04295995                  0.04207231 
                  0.06219957                  0.06167301                  0.06053458                  0.04069234                  0.03985131 
                  0.05891266                  0.05841393                  0.05733534                  0.03854160                  0.03774477 
                  0.05579552                  0.05532318                  0.05430136                  0.03650193                  0.03574702 
                  0.05283969                  0.05239237                  0.05142440                  0.03456779                  0.03385264 
                  0.05003712                  0.04961351                  0.04869660                  0.03273391                  0.03205648 
                  0.04738010                  0.04697898                  0.04611050                  0.03099529                  0.03035361 
                  0.04486134                  0.04448152                  0.04365896                  0.02934712                  0.02873934 
                  0.04247384                  0.04211422                  0.04133520                  0.02778484                  0.02720921 
                  0.04021097                  0.03987049                  0.03913276                  0.02630413                  0.02575897 
                  0.03806642                  0.03774408                  0.03704548                  0.02490084                  0.02438457 
                  0.03603417                  0.03572901                  0.03506752                  0.02357103                  0.02308216 
                  0.03410850                  0.03381962                  0.03319330                  0.02231098                  0.02184806 
                  0.03228396                  0.03201052                  0.03141753                  0.02111712                  0.02067880 
                  0.03055538                  0.03029657                  0.02973516                  0.01998605                  0.01957105 
                  0.02891785                  0.02867288                  0.02814141                  0.01891457                  0.01852167 
                  0.02736667                  0.02713482                  0.02663171                  0.01789961                  0.01752764 
                  0.02589740                  0.02567798                  0.02520175                  0.01693825                  0.01658613 
                  0.02450582                  0.02429817                  0.02384740                  0.01602774                  0.01569441 
                  0.02318790                  0.02299141                  0.02256475                  0.01516544                  0.01484992 
                  0.02193984                  0.02175390                  0.02135010                  0.01434885                  0.01405021 
                  0.02075800                  0.02058206                  0.02019990                  0.01357561                  0.01329296 
                  0.01963895                  0.01947248                  0.01911082                  0.01284346                  0.01257595 
                  0.01857941                  0.01842191                  0.01807966                  0.01215026                  0.01189709 
                  0.01757628                  0.01742727                  0.01710341                  0.01149398                  0.01125440 
                  0.01662662                  0.01648564                  0.01617920                  0.01087269                  0.01064598 
                  0.01572762                  0.01559425                  0.01530430                  0.01028457                  0.01007003 
                  0.01487663                  0.01475046                  0.01447613                  0.00972786                  0.00952486 
                  0.01407114                  0.01395179                  0.01369224                  0.00920092                  0.00900885 
                  0.01330874                  0.01319585                  0.01295030                  0.00870219                  0.00852047 
                  0.01258718                  0.01248039                  0.01224810                  0.00823019                  0.00805825 
                  0.01190430                  0.01180330                  0.01158355                  0.00778349                  0.00762083 
                  0.01125806                  0.01116253                  0.01095466                  0.00736078                  0.00720690 
                  0.01064652                  0.01055617                  0.01035954                  0.00696078                  0.00681521 
                  0.01006786                  0.00998241                  0.00979642                  0.00658228                  0.00644458 
                  0.00952032                  0.00943950                  0.00926359                  0.00622416                  0.00609390 
                  0.00900225                  0.00892583                  0.00875945                  0.00588532                  0.00576212 
                  0.00851211                  0.00843983                  0.00828248                  0.00556475                  0.00544822 
                  0.00804839                  0.00798004                  0.00783122                  0.00526147                  0.00515126 
                  0.00760969                  0.00754506                  0.00740432                  0.00497457                  0.00487033 
                  0.00719468                  0.00713357                  0.00700048                  0.00470317                  0.00460458 
                  0.00680210                  0.00674432                  0.00661846                  0.00444644                  0.00435320 
                  0.00643075                  0.00637612                  0.00625711                  0.00420360                  0.00411543 
                  0.00607950                  0.00602785                  0.00591531                  0.00397391                  0.00389053 
                  0.00574727                  0.00569844                  0.00559202                  0.00375666                  0.00367781 
                  0.00543304                  0.00538687                  0.00528626                  0.00355119                  0.00347663 
                  0.00513585                  0.00509221                  0.00499708                  0.00335687                  0.00328637 
                  0.00485479                  0.00481353                  0.00472359                  0.00317310                  0.00310644 
                  0.00458899                  0.00454998                  0.00446495                  0.00299931                  0.00293628 
                  0.00433763                  0.00430075                  0.00422036                  0.00283496                  0.00277537 
                  0.00409993                  0.00406507                  0.00398907                  0.00267956                  0.00262322 
                  0.00387516                  0.00384221                  0.00377036                  0.00253261                  0.00247934 
                  0.00366262                  0.00363148                  0.00356356                  0.00239366                  0.00234330 
                  0.00346166                  0.00343222                  0.00336802                  0.00226228                  0.00221467 
                  0.00327165                  0.00324382                  0.00318313                  0.00213806                  0.00209306 
                  0.00309199                  0.00306569                  0.00300832                  0.00202062                  0.00197807 
                  0.00292214                  0.00289728                  0.00284305                  0.00190958                  0.00186936 
                  0.00276155                  0.00273806                  0.00268680                  0.00180461                  0.00176659 
                  0.00260973                  0.00258753                  0.00253908                  0.00170537                  0.00166943 
                  0.00246621                  0.00244522                  0.00239943                  0.00161155                  0.00157759 
                  0.00233053                  0.00231069                  0.00226742                  0.00152287                  0.00149076 
                  0.00220226                  0.00218352                  0.00214262                  0.00143903                  0.00140869 
                  0.00208102                  0.00206331                  0.00202465                  0.00135978                  0.00133110 
                  0.00196641                  0.00194967                  0.00191314                  0.00128487                  0.00125777 
                  0.00185807                  0.00184226                  0.00180773                  0.00121407                  0.00118845 
                  0.00175568                  0.00174073                  0.00170810                  0.00114714                  0.00112293 
                  0.00165889                  0.00164477                  0.00161393                  0.00108389                  0.00106100 
                  0.00156741                  0.00155406                  0.00152493                  0.00102410                  0.00100247 
                  0.00148094                  0.00146833                  0.00144080                  0.00096759                  0.00094716 
                  0.00139923                  0.00138731                  0.00136129                  0.00091419                  0.00089487 
                  0.00132199                  0.00131074                  0.00128615                  0.00086372                  0.00084546 
                  0.00124900                  0.00123837                  0.00121513                  0.00081602                  0.00079877 
                  0.00118002                  0.00116997                  0.00114802                  0.00077094                  0.00075464 
                  0.00111483                  0.00110534                  0.00108459                  0.00072834                  0.00071294 
                  0.00105323                  0.00104425                  0.00102466                  0.00068808                  0.00067353 
                  0.00099501                  0.00098653                  0.00096802                  0.00065004                  0.00063629 
                  0.00093999                  0.00093199                  0.00091449                  0.00061409                  0.00060110 
                  0.00088801                  0.00088044                  0.00086391                  0.00058012                  0.00056785 
                  0.00083888                  0.00083174                  0.00081612                  0.00054802                  0.00053642 
                  0.00079247                  0.00078571                  0.00077096                  0.00051769                  0.00050673 
                  0.00074860                  0.00074223                  0.00072829                  0.00048903                  0.00047868 
                  0.00070716                  0.00070113                  0.00068797                  0.00046195                  0.00045217 
                  0.00066800                  0.00066231                  0.00064987                  0.00043637                  0.00042713 
                  0.00063100                  0.00062563                  0.00061387                  0.00041220                  0.00040346 
                  0.00059605                  0.00059097                  0.00057986                  0.00038936                  0.00038111 
                  0.00056302                  0.00055822                  0.00054773                  0.00036778                  0.00035998 
                  0.00053181                  0.00052728                  0.00051737                  0.00034739                  0.00034003 
                  0.00050233                  0.00049805                  0.00048869                  0.00032813                  0.00032117 
                  0.00047447                  0.00047043                  0.00046159                  0.00030993                  0.00030336 
                  0.00044816                  0.00044434                  0.00043599                  0.00029274                  0.00028653 
                  0.00042330                  0.00041969                  0.00041180                  0.00027649                  0.00027063 
                  0.00039981                  0.00039640                  0.00038895                  0.00026115                  0.00025561 
                  0.00037762                  0.00037440                  0.00036736                  0.00024665                  0.00024142 
                  0.00035666                  0.00035362                  0.00034697                  0.00023296                  0.00022802 
                  0.00033686                  0.00033399                  0.00032771                  0.00022003                  0.00021536 
                  0.00031816                  0.00031544                  0.00030951                  0.00020781                  0.00020340 
                  0.00030048                  0.00029792                  0.00029232                  0.00019626                  0.00019210 
                  0.00028379                  0.00028137                  0.00027608                  0.00018536                  0.00018142 
                  0.00026803                  0.00026574                  0.00026074                  0.00017506                  0.00017134 
                  0.00025313                  0.00025097                  0.00024625                  0.00016533                  0.00016182 
                  0.00023906                  0.00023702                  0.00023256                  0.00015614                  0.00015282 
                  0.00022577                  0.00022385                  0.00021963                  0.00014746                  0.00014433 
                  0.00021322                  0.00021140                  0.00020742                  0.00013926                  0.00013630 
                  0.00020136                  0.00019965                  0.00019589                  0.00013151                  0.00012872 
                  0.00019016                  0.00018854                  0.00018499                  0.00012420                  0.00012156 
                  0.00017959                  0.00017805                  0.00017470                  0.00011729                  0.00011480 
                  0.00016959                  0.00016815                  0.00016498                  0.00011076                  0.00010841 
                  0.00016016                  0.00015879                  0.00015580                  0.00010460                  0.00010237 
                  0.00015124                  0.00014995                  0.00014713                  0.00009878                  0.00009668 
                  0.00014283                  0.00014161                  0.00013894                  0.00009328                  0.00009129 
                  0.00013487                  0.00013372                  0.00013121                  0.00008808                  0.00008621 
                  0.00012737                  0.00012628                  0.00012390                  0.00008318                  0.00008141 
                  0.00012027                  0.00011925                  0.00011700                  0.00007855                  0.00007688 
                  0.00011357                  0.00011260                  0.00011048                  0.00007417                  0.00007259 
                  0.00010725                  0.00010633                  0.00010433                  0.00007004                  0.00006855 
                  0.00010127                  0.00010041                  0.00009852                  0.00006614                  0.00006473 
                  0.00009563                  0.00009481                  0.00009303                  0.00006245                  0.00006112 
                  0.00009030                  0.00008953                  0.00008784                  0.00005897                  0.00005772 
                  0.00008527                  0.00008454                  0.00008295                  0.00005568                  0.00005450 
                  0.00008052                  0.00007983                  0.00007833                  0.00005258                  0.00005146 
                  0.00007603                  0.00007538                  0.00007396                  0.00004965                  0.00004859 
                  0.00007179                  0.00007118                  0.00006984                  0.00004688                  0.00004588 
                  0.00006779                  0.00006721                  0.00006594                  0.00004427                  0.00004332 
                  0.00006401                  0.00006346                  0.00006226                  0.00004180                  0.00004091 
                  0.00006044                  0.00005992                  0.00005879                  0.00003947                  0.00003863 
                  0.00005707                  0.00005658                  0.00005551                  0.00003727                  0.00003647 
                  0.00005388                  0.00005342                  0.00005242                  0.00003519                  0.00003444 
                  0.00005088                  0.00005044                  0.00004949                  0.00003322                  0.00003252 
                  0.00004804                  0.00004763                  0.00004673                  0.00003137                  0.00003070 
                  0.00004536                  0.00004497                  0.00004412                  0.00002962                  0.00002899 
                  0.00004283                  0.00004246                  0.00004166                  0.00002797                  0.00002737 
                  0.00004044                  0.00004009                  0.00003933                  0.00002640                  0.00002584 
                  0.00003818                  0.00003785                  0.00003714                  0.00002493                  0.00002440 
                  0.00003605                  0.00003574                  0.00003507                  0.00002354                  0.00002304 
                  0.00003403                  0.00003374                  0.00003311                  0.00002222                  0.00002175 
                  0.00003213                  0.00003186                  0.00003126                  0.00002098                  0.00002054 
                  0.00003034                  0.00003008                  0.00002951                  0.00001981                  0.00001939 
                  0.00002864                  0.00002840                  0.00002786                  0.00001870                  0.00001831 
                  0.00002705                  0.00002681                  0.00002631                  0.00001766                  0.00001728 
                  0.00002553                  0.00002532                  0.00002484                  0.00001667                  0.00001632 
                  0.00002411                  0.00002390                  0.00002345                  0.00001574                  0.00001541 
                  0.00002276                  0.00002257                  0.00002214                  0.00001486                  0.00001455 
                  0.00002149                  0.00002131                  0.00002090                  0.00001403                  0.00001373 
                  0.00002029                  0.00002012                  0.00001974                  0.00001325                  0.00001297 
                  0.00001915                  0.00001899                  0.00001863                  0.00001251                  0.00001224 
                  0.00001808                  0.00001793                  0.00001759                  0.00001181                  0.00001156 
                  0.00001707                  0.00001693                  0.00001661                  0.00001115                  0.00001091 
                  0.00001612                  0.00001598                  0.00001568                  0.00001053                  0.00001030 
                  0.00001522                  0.00001509                  0.00001480                  0.00000994                  0.00000972 
                  0.00001437                  0.00001424                  0.00001398                  0.00000938                  0.00000918 
                  0.00001356                  0.00001345                  0.00001319                  0.00000886                  0.00000867 
                  0.00001281                  0.00001270                  0.00001246                  0.00000836                  0.00000818 
                  0.00001209                  0.00001199                  0.00001176                  0.00000789                  0.00000773 
                  0.00001141                  0.00001132                  0.00001110                  0.00000745                  0.00000729 
                  0.00001078                  0.00001068                  0.00001048                  0.00000704                  0.00000689 
                  0.00001017                  0.00001009                  0.00000990                  0.00000664                  0.00000650 
                  0.00000960                  0.00000952                  0.00000934                  0.00000627                  0.00000614 
                  0.00000907                  0.00000899                  0.00000882                  0.00000592                  0.00000579 
                  0.00000856                  0.00000849                  0.00000833                  0.00000559                  0.00000547 
                  0.00000808                  0.00000801                  0.00000786                  0.00000528                  0.00000516 
                  0.00000763                  0.00000756                  0.00000742                  0.00000498                  0.00000487 
                  0.00000720                  0.00000714                  0.00000701                  0.00000470                  0.00000460 
                  0.00000680                  0.00000674                  0.00000661                  0.00000444                  0.00000434 
                  0.00000642                  0.00000636                  0.00000624                  0.00000419                  0.00000410 
                  0.00000606                  0.00000601                  0.00000589                  0.00000396                  0.00000387 
                  0.00000572                  0.00000567                  0.00000556                  0.00000373                  0.00000365 
                  0.00000540                  0.00000535                  0.00000525                  0.00000353                  0.00000345 
                  0.00000510                  0.00000505                  0.00000496                  0.00000333                  0.00000326 
                  0.00000481                  0.00000477                  0.00000468                  0.00000314                  0.00000307 
                  0.00000454                  0.00000450                  0.00000442                  0.00000297                  0.00000290 
                  0.00000429                  0.00000425                  0.00000417                  0.00000280                  0.00000274 
                  0.00000405                  0.00000401                  0.00000394                  0.00000264                  0.00000259 
                  0.00000382                  0.00000379                  0.00000372                  0.00000250                  0.00000244 
                  0.00000361                  0.00000358                  0.00000351                  0.00000236                  0.00000231 
                  0.00000341                  0.00000338                  0.00000331                  0.00000222                  0.00000218 
                  0.00000322                  0.00000319                  0.00000313                  0.00000210                  0.00000205 
                  0.00000304                  0.00000301                  0.00000295                  0.00000198                  0.00000194 
                  0.00000287                  0.00000284                  0.00000279                  0.00000187                  0.00000183 
                  0.00000270                  0.00000268                  0.00000263                  0.00000177                  0.00000173 
                  0.00000255                  0.00000253                  0.00000248                  0.00000167                  0.00000163 
                  0.00000241                  0.00000239                  0.00000234                  0.00000157                  0.00000154 
                  0.00000228                  0.00000226                  0.00000221                  0.00000149                  0.00000145 
                  0.00000215                  0.00000213                  0.00000209                  0.00000140                  0.00000137 
                  0.00000203                  0.00000201                  0.00000197                  0.00000132                  0.00000130 
                  0.00000191                  0.00000190                  0.00000186                  0.00000125                  0.00000122 
                  0.00000181                  0.00000179                  0.00000176                  0.00000118                  0.00000115 
                  0.00000171                  0.00000169                  0.00000166                  0.00000111                  0.00000109 
                  0.00000161                  0.00000160                  0.00000157                  0.00000105                  0.00000103 
                  0.00000152                  0.00000151                  0.00000148                  0.00000099                  0.00000097 
                  0.00000143                  0.00000142                  0.00000140                  0.00000094                  0.00000092 
                  0.00000135                  0.00000134                  0.00000132                  0.00000088                  0.00000087 
                  0.00000128                  0.00000127                  0.00000124                  0.00000083                  0.00000082 
                  0.00000121                  0.00000120                  0.00000117                  0.00000079                  0.00000077 
                  0.00000114                  0.00000113                  0.00000111                  0.00000074                  0.00000073 
                  0.00000108                  0.00000107                  0.00000105                  0.00000070                  0.00000069 
                  0.00000101                  0.00000101                  0.00000099                  0.00000066                  0.00000065 
                  0.00000096                  0.00000095                  0.00000093                  0.00000063                  0.00000061 
                  0.00000090                  0.00000090                  0.00000088                  0.00000059                  0.00000058 
                  0.00000085                  0.00000085                  0.00000083                  0.00000056                  0.00000055 
                  0.00000081                  0.00000080                  0.00000078                  0.00000053                  0.00000051 
                  0.00000076                  0.00000075                  0.00000074                  0.00000050                  0.00000049 
                  0.00000072                  0.00000071                  0.00000070                  0.00000047                  0.00000046 
                  0.00000068                  0.00000067                  0.00000066                  0.00000044                  0.00000043 
                  0.00000064                  0.00000063                  0.00000062                  0.00000042                  0.00000041 
                  0.00000060                  0.00000060                  0.00000059                  0.00000039                  0.00000039 
                  0.00000057                  0.00000057                  0.00000055                  0.00000037                  0.00000036 
                  0.00000054                  0.00000053                  0.00000052                  0.00000035                  0.00000034 
                  0.00000051                  0.00000050                  0.00000049                  0.00000033                  0.00000032 
                  0.00000048                  0.00000048                  0.00000047                  0.00000031                  0.00000031 
                  0.00000045                  0.00000045                  0.00000044                  0.00000030                  0.00000029 
                  0.00000043                  0.00000042                  0.00000042                  0.00000028                  0.00000027 
                  0.00000040                  0.00000040                  0.00000039                  0.00000026                  0.00000026 
                  0.00000038                  0.00000038                  0.00000037                  0.00000025                  0.00000024 
                  0.00000036                  0.00000036                  0.00000035                  0.00000023                  0.00000023 
                  0.00000034                  0.00000034                  0.00000033                  0.00000022                  0.00000022 
                  0.00000032                  0.00000032                  0.00000031                  0.00000021                  0.00000020 
                  0.00000030                  0.00000030                  0.00000029                  0.00000020                  0.00000019 
                  0.00000029                  0.00000028                  0.00000028                  0.00000019                  0.00000018 
                  0.00000027                  0.00000027                  0.00000026                  0.00000018                  0.00000017 
                  0.00000025                  0.00000025                  0.00000025                  0.00000017                  0.00000016 
                  0.00000024                  0.00000024                  0.00000023                  0.00000016                  0.00000015 
                  0.00000023                  0.00000022                  0.00000022                  0.00000015                  0.00000014 
                  0.00000021                  0.00000021                  0.00000021                  0.00000014                  0.00000014 
                  0.00000020                  0.00000020                  0.00000020                  0.00000013                  0.00000013 
                  0.00000019                  0.00000019                  0.00000019                  0.00000012                  0.00000012 
                  0.00000018                  0.00000018                  0.00000017                  0.00000012                  0.00000011 
                  0.00000017                  0.00000017                  0.00000017                  0.00000011                  0.00000011 
                  0.00000016                  0.00000016                  0.00000016                  0.00000010                  0.00000010 
                  0.00000015                  0.00000015                  0.00000015                  0.00000010                  0.00000010 
                  0.00000014                  0.00000014                  0.00000014                  0.00000009                  0.00000009 
                  0.00000013                  0.00000013                  0.00000013                  0.00000009                  0.00000009 
                  0.00000013                  0.00000013                  0.00000012                  0.00000008                  0.00000008 
                  0.00000012                  0.00000012                  0.00000012                  0.00000008                  0.00000008 
                  0.00000011                  0.00000011                  0.00000011                  0.00000007                  0.00000007 
                  0.00000011                  0.00000011                  0.00000010                  0.00000007                  0.00000007 
                  0.00000010                  0.00000010                  0.00000010                  0.00000007                  0.00000006 
                  0.00000010                  0.00000009                  0.00000009                  0.00000006                  0.00000006 
                  0.00000009                  0.00000009                  0.00000009                  0.00000006                  0.00000006 
                  0.00000008                  0.00000008                  0.00000008                  0.00000006                  0.00000005 
                  0.00000008                  0.00000008                  0.00000008                  0.00000005                  0.00000005 
                  0.00000008                  0.00000007                  0.00000007                  0.00000005                  0.00000005 
                  0.00000007                  0.00000007                  0.00000007                  0.00000005                  0.00000005 
                  0.00000007                  0.00000007                  0.00000007                  0.00000004                  0.00000004 
                  0.00000006                  0.00000006                  0.00000006                  0.00000004                  0.00000004 
                  0.00000006                  0.00000006                  0.00000006                  0.00000004                  0.00000004 
                  0.00000006                  0.00000006                  0.00000006                  0.00000004                  0.00000004 
                  0.00000005                  0.00000005                  0.00000005                  0.00000003                  0.00000003 
                  0.00000005                  0.00000005                  0.00000005                  0.00000003                  0.00000003 
                  0.00000005                  0.00000005                  0.00000005                  0.00000003                  0.00000003 
                  0.00000004                  0.00000004                  0.00000004                  0.00000003                  0.00000003 
                  0.00000004                  0.00000004                  0.00000004                  0.00000003                  0.00000003 
                  0.00000004                  0.00000004                  0.00000004                  0.00000003                  0.00000003 
                  0.00000004                  0.00000004                  0.00000004                  0.00000002                  0.00000002 
                  0.00000004                  0.00000004                  0.00000003                  0.00000002                  0.00000002 
                  0.00000003                  0.00000003                  0.00000003                  0.00000002                  0.00000002 
                  0.00000003                  0.00000003                  0.00000003                  0.00000002                  0.00000002 
                  0.00000003                  0.00000003                  0.00000003                  0.00000002                  0.00000002 
                  0.00000003                  0.00000003                  0.00000003                  0.00000002                  0.00000002 
                  0.00000003                  0.00000003                  0.00000003                  0.00000002                  0.00000002 
                  0.00000003                  0.00000003                  0.00000002                  0.00000002                  0.00000002 
                  0.00000002                  0.00000002                  0.00000002                  0.00000002                  0.00000002 
                  0.00000002                  0.00000002                  0.00000002                  0.00000001                  0.00000001 
                  0.00000002                  0.00000002                  0.00000002                  0.00000001                  0.00000001 
                  0.00000002                  0.00000002                  0.00000002                  0.00000001                  0.00000001 
                  0.00000002                  0.00000002                  0.00000002                  0.00000001                  0.00000001 
                  0.00000002                  0.00000002                  0.00000002                  0.00000001                  0.00000001 
                  0.00000002                  0.00000002                  0.00000002                  0.00000001                  0.00000001 
                  0.00000002                  0.00000002                  0.00000002                  0.00000001                  0.00000001 
                  0.00000002                  0.00000001                  0.00000001                  0.00000001                  0.00000001 
                  0.00000001                  0.00000001                  0.00000001                  0.00000001                  0.00000001 
                  0.00000001                  0.00000001                  0.00000001                  0.00000001                  0.00000001 
                  0.00000001                  0.00000001                  0.00000001                  0.00000001                  0.00000001 
                  0.00000001                  0.00000001                  0.00000001                  0.00000001                  0.00000001 
                  0.00000001                  0.00000001                  0.00000001                  0.00000001                  0.00000001 
                  0.00000001                  0.00000001                  0.00000001                  0.00000001                  0.00000001 
                  0.00000001                  0.00000001                  0.00000001                  0.00000001                  0.00000001 
                  0.00000001                  0.00000001                  0.00000001                  0.00000001                  0.00000001 
                  0.00000001                  0.00000001                  0.00000001                  0.00000001                  0.00000001 
                  0.00000001                  0.00000001                  0.00000001                  0.00000001                  0.00000001 
                  0.00000001                  0.00000001                  0.00000001                  0.00000001                  0.00000001 
                  0.00000001                  0.00000001                  0.00000001                  0.00000000                  0.00000000 
                  0.00000001                  0.00000001                  0.00000001                  0.00000000                  0.00000000 
                  0.00000001                  0.00000001                  0.00000001                  0.00000000                  0.00000000 
                  0.00000001                  0.00000001                  0.00000001                  0.00000000                  0.00000000 
                  0.00000001                  0.00000001                  0.00000001                  0.00000000                  0.00000000 
                  0.00000001                  0.00000001                  0.00000001                  0.00000000                  0.00000000 
                  0.00000001                  0.00000001                  0.00000001                  0.00000000                  0.00000000 
                  0.00000001                  0.00000000                  0.00000000                  0.00000000                  0.00000000 
                  0.00000000                  0.00000000                  0.00000000                  0.00000000                  0.00000000 
                  0.00000000                  0.00000000                  0.00000000                  0.00000000                  0.00000000 
                  0.00000000                  0.00000000                  0.00000000                  0.00000000                  0.00000000 
                  0.00000000                  0.00000000                  0.00000000                  0.00000000                  0.00000000 
                  0.00000000                  0.00000000                  0.00000000                  0.00000000                  0.00000000 
                  0.00000000                  0.00000000                  0.00000000                  0.00000000                  0.00000000 
                  0.00000000                  0.00000000                  0.00000000                  0.00000000                  0.00000000 
                  0.00000000                  0.00000000                  0.00000000                  0.00000000                  0.00000000 
                  0.00000000                  0.00000000                  0.00000000                  0.00000000                  0.00000000 
                  0.00000000                  0.00000000                  0.00000000                  0.00000000                  0.00000000 
                  0.00000000                  0.00000000                  0.00000000                  0.00000000                  0.00000000 
                  0.00000000                  0.00000000                  0.00000000                  0.00000000                  0.00000000 
                  0.00000000                  0.00000000                  0.00000000                  0.00000000                  0.00000000 
                  0.00000000                  0.00000000                  0.00000000                  0.00000000                  0.00000000 
                  0.00000000                  0.00000000                  0.00000000                  0.00000000                  0.00000000 
                  0.00000000                  0.00000000                  0.00000000                  0.00000000                  0.00000000 
                  0.00000000                  0.00000000                  0.00000000                  0.00000000                  0.00000000 
                  0.00000000                  0.00000000                  0.00000000                  0.00000000                  0.00000000 
                  0.00000000                  0.00000000                  0.00000000                  0.00000000                  0.00000000 
