        0.00000000        0.00000000        0.00000000        0.00000000        0.00000000 
        0.00000000        0.00000000        0.00000000        0.00000000        0.00000000 
        0.00000000        0.00000000        0.00000000        0.00000026        0.00000026 
        0.00000000        0.00000000        0.00000000        0.00000059        0.00000059 
        0.00000000        0.00000000        0.00000000        0.00000091        0.00000091 
        0.00000002        0.00000004        0.00000004        0.00000115        0.00000113 
        0.00000027        0.00000055        0.00000055        0.00000163        0.00000135 
        0.00000050        0.00000101        0.00000101        0.00000217        0.00000167 
        0.00000076        0.00000152        0.00000152        0.00000283        0.00000207 
        0.00000102        0.00000205        0.00000206        0.00000353        0.00000250 
        0.00000132        0.00000263        0.00000265        0.00000429        0.00000296 
        0.00000164        0.00000328        0.00000331        0.00000515        0.00000349 
        0.00000200        0.00000400        0.00000405        0.00000610        0.00000406 
        0.00000241        0.00000482        0.00000489        0.00000717        0.00000470 
        0.00000286        0.00000573        0.00000583        0.00000837        0.00000542 
        0.00000339        0.00000678        0.00000691        0.00000971        0.00000621 
        0.00000398        0.00000796        0.00000812        0.00001123        0.00000710 
        0.00000463        0.00000927        0.00000947        0.00001292        0.00000809 
        0.00000536        0.00001073        0.00001098        0.00001479        0.00000920 
        0.00000618        0.00001235        0.00001265        0.00001688        0.00001043 
        0.00000708        0.00001416        0.00001451        0.00001919        0.00001179 
        0.00000808        0.00001617        0.00001658        0.00002176        0.00001329 
        0.00000919        0.00001840        0.00001888        0.00002461        0.00001496 
        0.00001043        0.00002087        0.00002142        0.00002775        0.00001680 
        0.00001180        0.00002361        0.00002424        0.00003124        0.00001884 
        0.00001331        0.00002665        0.00002737        0.00003509        0.00002109 
        0.00001499        0.00003001        0.00003083        0.00003934        0.00002358 
        0.00001684        0.00003373        0.00003465        0.00004404        0.00002631 
        0.00001889        0.00003784        0.00003887        0.00004922        0.00002933 
        0.00002115        0.00004237        0.00004353        0.00005493        0.00003265 
        0.00002365        0.00004738        0.00004868        0.00006121        0.00003631 
        0.00002640        0.00005289        0.00005435        0.00006814        0.00004033 
        0.00002943        0.00005897        0.00006059        0.00007575        0.00004475 
        0.00003277        0.00006567        0.00006747        0.00008412        0.00004960 
        0.00003644        0.00007303        0.00007504        0.00009333        0.00005493 
        0.00004049        0.00008114        0.00008336        0.00010343        0.00006078 
        0.00004493        0.00009005        0.00009251        0.00011452        0.00006719 
        0.00004981        0.00009983        0.00010256        0.00012669        0.00007421 
        0.00005517        0.00011058        0.00011359        0.00014003        0.00008191 
        0.00006105        0.00012237        0.00012569        0.00015465        0.00009033 
        0.00006750        0.00013530        0.00013897        0.00017065        0.00009955 
        0.00007457        0.00014947        0.00015352        0.00018817        0.00010962 
        0.00008232        0.00016499        0.00016945        0.00020734        0.00012063 
        0.00009080        0.00018199        0.00018690        0.00022829        0.00013265 
        0.00010007        0.00020058        0.00020599        0.00025118        0.00014578 
        0.00011022        0.00022092        0.00022686        0.00027619        0.00016010 
        0.00012131        0.00024314        0.00024968        0.00030347        0.00017571 
        0.00013342        0.00026742        0.00027460        0.00033324        0.00019273 
        0.00014664        0.00029392        0.00030180        0.00036570        0.00021126 
        0.00016107        0.00032284        0.00033149        0.00040107        0.00023143 
        0.00017680        0.00035438        0.00036386        0.00043958        0.00025338 
        0.00019395        0.00038875        0.00039914        0.00048151        0.00027724 
        0.00021263        0.00042619        0.00043757        0.00052711        0.00030318 
        0.00023296        0.00046695        0.00047942        0.00057670        0.00033135 
        0.00025509        0.00051131        0.00052495        0.00063059        0.00036193 
        0.00027915        0.00055954        0.00057446        0.00068912        0.00039511 
        0.00030530        0.00061197        0.00062828        0.00075265        0.00043109 
        0.00033371        0.00066893        0.00068674        0.00082157        0.00047009 
        0.00036456        0.00073076        0.00075022        0.00089631        0.00051233 
        0.00039803        0.00079787        0.00081910        0.00097730        0.00055806 
        0.00043433        0.00087064        0.00089380        0.00106503        0.00060754 
        0.00047368        0.00094952        0.00097477        0.00116000        0.00066105 
        0.00051630        0.00103498        0.00106249        0.00126275        0.00071889 
        0.00056245        0.00112750        0.00115747        0.00137385        0.00078136 
        0.00061240        0.00122763        0.00126025        0.00149393        0.00084882 
        0.00066641        0.00133593        0.00137142        0.00162364        0.00092161 
        0.00072480        0.00145299        0.00149158        0.00176367        0.00100011 
        0.00078788        0.00157947        0.00162140        0.00191477        0.00108473 
        0.00085600        0.00171603        0.00176158        0.00207771        0.00117588 
        0.00092951        0.00186341        0.00191286        0.00225333        0.00127404 
        0.00100879        0.00202238        0.00207603        0.00244251        0.00137966 
        0.00109426        0.00219375        0.00225193        0.00264619        0.00149327 
        0.00118635        0.00237839        0.00244145        0.00286537        0.00161539 
        0.00128551        0.00257722        0.00264552        0.00310109        0.00174660 
        0.00139223        0.00279120        0.00286515        0.00335445        0.00188748 
        0.00150703        0.00302138        0.00310140        0.00362665        0.00203869 
        0.00163044        0.00326883        0.00335537        0.00391890        0.00220087 
        0.00176304        0.00353472        0.00362826        0.00423253        0.00237474 
        0.00190544        0.00382026        0.00392131        0.00456891        0.00256104 
        0.00205828        0.00412673        0.00423583        0.00492950        0.00276053 
        0.00222223        0.00445548        0.00457322        0.00531583        0.00297406 
        0.00239800        0.00480795        0.00493494        0.00572950        0.00320246 
        0.00258635        0.00518564        0.00532253        0.00617222        0.00344666 
        0.00278806        0.00559013        0.00573762        0.00664577        0.00370760 
        0.00300397        0.00602309        0.00618190        0.00715201        0.00398628 
        0.00323494        0.00648626        0.00665718        0.00769290        0.00428373 
        0.00348190        0.00698149        0.00716534        0.00827052        0.00460106 
        0.00374580        0.00751071        0.00770836        0.00888701        0.00493941 
        0.00402765        0.00807593        0.00828829        0.00954463        0.00529997 
        0.00432851        0.00867928        0.00890733        0.01024574        0.00568400 
        0.00464949        0.00932297        0.00956775        0.01099282        0.00609279 
        0.00499174        0.01000934        0.01027192        0.01178845        0.00652771 
        0.00535648        0.01074080        0.01102232        0.01263531        0.00699019 
        0.00574496        0.01151990        0.01182157        0.01353621        0.00748168 
        0.00615852        0.01234929        0.01267236        0.01449410        0.00800375 
        0.00659852        0.01323171        0.01357754        0.01551200        0.00855798 
        0.00706641        0.01417007        0.01454004        0.01659311        0.00914604 
        0.00756367        0.01516736        0.01556295        0.01774071        0.00976966 
        0.00809187        0.01622669        0.01664944        0.01895824        0.01043063 
        0.00865262        0.01735132        0.01780285        0.02024925        0.01113079 
        0.00924851        0.01854632        0.01902812        0.02161928        0.01187323 
        0.00988040        0.01981349        0.02032731        0.02307028        0.01265876 
        0.01054926        0.02115497        0.02170290        0.02460466        0.01348850 
        0.01125781        0.02257604        0.02316000        0.02622811        0.01436555 
        0.01200796        0.02408057        0.02470261        0.02794488        0.01529211 
        0.01280174        0.02567261        0.02633485        0.02975931        0.01627043 
        0.01364123        0.02735632        0.02806098        0.03167595        0.01730285 
        0.01452857        0.02913602        0.02988543        0.03369946        0.01839179 
        0.01546597        0.03101617        0.03181272        0.03583463        0.01953970 
        0.01645573        0.03300131        0.03384756        0.03808641        0.02074913 
        0.01750020        0.03509620        0.03599474        0.04045988        0.02202270 
        0.01860179        0.03730569        0.03825923        0.04296024        0.02336307 
        0.01976301        0.03963476        0.04064614        0.04559286        0.02477300 
        0.02098640        0.04208856        0.04316071        0.04836322        0.02625529 
        0.02227459        0.04467236        0.04580830        0.05127695        0.02781282 
        0.02363028        0.04739153        0.04859441        0.05433979        0.02944851 
        0.02505622        0.05025162        0.05152472        0.05755764        0.03116537 
        0.02655524        0.05325830        0.05460496        0.06093649        0.03296643 
        0.02813022        0.05641736        0.05784108        0.06448249        0.03485482 
        0.02978411        0.05973472        0.06123906        0.06820185        0.03683370 
        0.03151992        0.06321637        0.06480506        0.07210097        0.03890628 
        0.03334070        0.06686848        0.06854533        0.07618629        0.04107584 
        0.03524958        0.07069730        0.07246626        0.08046444        0.04334567 
        0.03724973        0.07470920        0.07657431        0.08494198        0.04571913 
        0.03934435        0.07891063        0.08087606        0.08962574        0.04819963 
        0.04153674        0.08330815        0.08537816        0.09452254        0.05079058 
        0.04383018        0.08790837        0.09008738        0.09963927        0.05349544 
        0.04622805        0.09271804        0.09501051        0.10498297        0.05631771 
        0.04873371        0.09774394        0.10015449        0.11056061        0.05926089 
        0.05135059        0.10299290        0.10552625        0.11637931        0.06232851 
        0.05408214        0.10847187        0.11113288        0.12244619        0.06552410 
        0.05693181        0.11418781        0.11698133        0.12876841        0.06885123 
        0.05990311        0.12014767        0.12307879        0.13535310        0.07231341 
        0.06299954        0.12635849        0.12943228        0.14220750        0.07591420 
        0.06622458        0.13282728        0.13604897        0.14933872        0.07965714 
        0.06958175        0.13956110        0.14293601        0.15675400        0.08354574 
        0.07307458        0.14656699        0.15010053        0.16446039        0.08758350 
        0.07670654        0.15385190        0.15754947        0.17246501        0.09177388 
        0.08048113        0.16142292        0.16529010        0.18077487        0.09612030 
        0.08440179        0.16928688        0.17332925        0.18939692        0.10062616 
        0.08847196        0.17745067        0.18167394        0.19833812        0.10529479 
        0.09269503        0.18592113        0.19033103        0.20760515        0.11012946 
        0.09707435        0.19470493        0.19930722        0.21720472        0.11513336 
        0.10161322        0.20380865        0.20860916        0.22714332        0.12030970 
        0.10631489        0.21323889        0.21824349        0.23742738        0.12566146 
        0.11118253        0.22300196        0.22821651        0.24806313        0.13119169 
        0.11621924        0.23310404        0.23853447        0.25905663        0.13690318 
        0.12142804        0.24355124        0.24920347        0.27041370        0.14279875 
        0.12681186        0.25434935        0.26022935        0.28214008        0.14888105 
        0.13237357        0.26550409        0.27161771        0.29424092        0.15515265 
        0.13811585        0.27702096        0.28337410        0.30672184        0.16161588 
        0.14404136        0.28890520        0.29550371        0.31958750        0.16827309 
        0.15015253        0.30116174        0.30801153        0.33284256        0.17512639 
        0.15645181        0.31379530        0.32090214        0.34649143        0.18217778 
        0.16294140        0.32681039        0.33418003        0.36053813        0.18942903 
        0.16962335        0.34021118        0.34784928        0.37498647        0.19688180 
        0.17649959        0.35400146        0.36191350        0.38983968        0.20453762 
        0.18357192        0.36818480        0.37637642        0.40510100        0.21239775 
        0.19084194        0.38276437        0.39124089        0.42077288        0.22046332 
        0.19831102        0.39774296        0.40650958        0.43685785        0.22873519 
        0.20598044        0.41312304        0.42218509        0.45335758        0.23721412 
        0.21385120        0.42890668        0.43826908        0.47027361        0.24590060 
        0.22192413        0.44509551        0.45476314        0.48760694        0.25479493 
        0.23019989        0.46169087        0.47166842        0.50535828        0.26389712 
        0.23867892        0.47869340        0.48898545        0.52352762        0.27320707 
        0.24736133        0.49610355        0.50671440        0.54211485        0.28272435 
        0.25624713        0.51392120        0.52485502        0.56111890        0.29244834 
        0.26533613        0.53214598        0.54340678        0.58053887        0.30237809 
        0.27462777        0.55077660        0.56236798        0.60037255        0.31251261 
        0.28412125        0.56981176        0.58173746        0.62061781        0.32285041 
        0.29381567        0.58924931        0.60151237        0.64127201        0.33338994 
        0.30370975        0.60908669        0.62169015        0.66233170        0.34412935 
        0.31380194        0.62932098        0.64226764        0.68379307        0.35506636 
        0.32409048        0.64994860        0.66324085        0.70565170        0.36619875 
        0.33457345        0.67096519        0.68460542        0.72790289        0.37752375 
        0.34524852        0.69236654        0.70635659        0.75054091        0.38903844 
        0.35611308        0.71414733        0.72848880        0.77355987        0.40073973 
        0.36716434        0.73630178        0.75099581        0.79695344        0.41262406 
        0.37839925        0.75882381        0.77387154        0.82071429        0.42468783 
        0.38981441        0.78170639        0.79710859        0.84483498        0.43692693 
        0.40140614        0.80494249        0.82069939        0.86930728        0.44933727 
        0.41317055        0.82852417        0.84463578        0.89412248        0.46191439 
        0.42510363        0.85244280        0.86890894        0.91927165        0.47465339 
        0.43720073        0.87668997        0.89350992        0.94474512        0.48754945 
        0.44945729        0.90125567        0.91842836        0.97053206        0.50059736 
        0.46186826        0.92613041        0.94365442        0.99662238        0.51379156 
        0.47442853        0.95130342        0.96917725        1.02300453        0.52712643 
        0.48713252        0.97676373        0.99498522        1.04966700        0.54059577 
        0.49997464        1.00250006        1.02106678        1.07659709        0.55419379 
        0.51294887        1.02850008        1.04740942        1.10378265        0.56791395 
        0.52604908        1.05475187        1.07400072        1.13121057        0.58174968 
        0.53926873        1.08124197        1.10082710        1.15886712        0.59569430 
        0.55260134        1.10795736        1.12787485        1.18673825        0.60974061 
        0.56603986        1.13488436        1.15512991        1.21480989        0.62388164 
        0.57957757        1.16200864        1.18257797        1.24306774        0.63810998 
        0.59320682        1.18931556        1.21020377        1.27149558        0.65241814 
        0.60692042        1.21679032        1.23799264        1.30007875        0.66679841 
        0.62071055        1.24441755        1.26592851        1.32880175        0.68124312 
        0.63456970        1.27218163        1.29399586        1.35764754        0.69574416 
        0.64848977        1.30006647        1.32217777        1.38660085        0.71029359 
        0.66246247        1.32805610        1.35045838        1.41564453        0.72488320 
        0.67647988        1.35613394        1.37882018        1.44476151        0.73950469 
        0.69053346        1.38428319        1.40724695        1.47393548        0.75414968 
        0.70461494        1.41248667        1.43572128        1.50314903        0.76880968 
        0.71871549        1.44072759        1.46422517        1.53238463        0.78347641 
        0.73282659        1.46898794        1.49274147        1.56162453        0.79814100 
        0.74693960        1.49725080        1.52125287        1.59085155        0.81279492 
        0.76104558        1.52549875        1.54974115        1.62004840        0.82742971 
        0.77513546        1.55371308        1.57818830        1.64919639        0.84203655 
        0.78920090        1.58187699        1.60657656        1.67827833        0.85660678 
        0.80323237        1.60997200        1.63488746        1.70727682        0.87113172 
        0.81722170        1.63798082        1.66310418        1.73617291        0.88560289 
        0.83115947        1.66588509        1.69120777        1.76495028        0.90001148 
        0.84503680        1.69366717        1.71918070        1.79359102        0.91434920 
        0.85884523        1.72130954        1.74700522        1.82207656        0.92860729 
        0.87257534        1.74879444        1.77466381        1.85039043        0.94277751 
        0.88621879        1.77610362        1.80213821        1.87851596        0.95685148 
        0.89976698        1.80322123        1.82941186        1.90643513        0.97082096 
        0.91321081        1.83012903        1.85646725        1.93413150        0.98467767 
        0.92654216        1.85681009        1.88328743        1.96158910        0.99841368 
        0.93975252        1.88324761        1.90985584        1.98879027        1.01202130 
        0.95283383        1.90942538        1.93615556        2.01571965        1.02549243 
        0.96577758        1.93532658        1.96217096        2.04236126        1.03881967 
        0.97857594        1.96093535        1.98788571        2.06870031        1.05199528 
        0.99122113        1.98623669        2.01328468        2.09472084        1.06501257 
        1.00370526        2.01121426        2.03835225        2.12040901        1.07786393 
        1.01602125        2.03585362        2.06307387        2.14574909        1.09054244 
        1.02816105        2.06014013        2.08743477        2.17072797        1.10304141 
        1.04011834        2.08405972        2.11142182        2.19533229        1.11535430 
        1.05188572        2.10759830        2.13502097        2.21954846        1.12747526 
        1.06345642        2.13074255        2.15821815        2.24336362        1.13939738 
        1.07482433        2.15347958        2.18100262        2.26676679        1.15111530 
        1.08598316        2.17579699        2.20336127        2.28974366        1.16262341 
        1.09692645        2.19768286        2.22528195        2.31228471        1.17391598 
        1.10764897        2.21912599        2.24675345        2.33438039        1.18498790 
        1.11814463        2.24011445        2.26776624        2.35601783        1.19583416 
        1.12840867        2.26063824        2.28830934        2.37718773        1.20645034 
        1.13843596        2.28068805        2.30837226        2.39788246        1.21683168 
        1.14822149        2.30025339        2.32794809        2.41809154        1.22697413 
        1.15776122        2.31932592        2.34702635        2.43780684        1.23687363 
        1.16705036        2.33789754        2.36560011        2.45702219        1.24652684 
        1.17608559        2.35596013        2.38366151        2.47572947        1.25592959 
        1.18486321        2.37350750        2.40120459        2.49392152        1.26507914 
        1.19337916        2.39053082        2.41822195        2.51159310        1.27397239 
        1.20163071        2.40702486        2.43470788        2.52873778        1.28260720 
        1.20961571        2.42298532        2.45065808        2.54535222        1.29098046 
        1.21733081        2.43840551        2.46606684        2.56143069        1.29909062 
        1.22477400        2.45328236        2.48093104        2.57696939        1.30693507 
        1.23194313        2.46761131        2.49524665        2.59196472        1.31451285 
        1.23883688        2.48138881        2.50901151        2.60641456        1.32182229 
        1.24545360        2.49461293        2.52222204        2.62031627        1.32886183 
        1.25179207        2.50728083        2.53487825        2.63366699        1.33563161 
        1.25785136        2.51939011        2.54697633        2.64646721        1.34212959 
        1.26363122        2.53094029        2.55851674        2.65871477        1.34835625 
        1.26913095        2.54193139        2.56949973        2.67041016        1.35431099 
        1.27435017        2.55236244        2.57992506        2.68155265        1.35999393 
        1.27929008        2.56223369        2.58979273        2.69214320        1.36540568 
        1.28394997        2.57154703        2.59910512        2.70218253        1.37054598 
        1.28833079        2.58030248        2.60786271        2.71167397        1.37541568 
        1.29243362        2.58850265        2.61606836        2.72061658        1.38001633 
        1.29625940        2.59614968        2.62372446        2.72901559        1.38434815 
        1.29980934        2.60324645        2.63083458        2.73687148        1.38841331 
        1.30308509        2.60979557        2.63740134        2.74418902        1.39221215 
        1.30608857        2.61580133        2.64342904        2.75096989        1.39574730 
        1.30882168        2.62126613        2.64892101        2.75722051        1.39901996 
        1.31128669        2.62619734        2.65388346        2.76294303        1.40203214 
        1.31348491        2.63059592        2.65831947        2.76814175        1.40478623 
        1.31542063        2.63446975        2.66223502        2.77282476        1.40728402 
        1.31709528        2.63782406        2.66563749        2.77699423        1.40952909 
        1.31851196        2.64066291        2.66852999        2.78065586        1.41152275 
        1.31967378        2.64299321        2.67092037        2.78381658        1.41326857 
        1.32058382        2.64482260        2.67281532        2.78648281        1.41476882 
        1.32124543        2.64615583        2.67421985        2.78865981        1.41602683 
        1.32166266        2.64700150        2.67514277        2.79035425        1.41704547 
        1.32183790        2.64736485        2.67559099        2.79157305        1.41782808 
        1.32177556        2.64725423        2.67557120        2.79232383        1.41837764 
        1.32147944        2.64667892        2.67509246        2.79261231        1.41869783 
        1.32095325        2.64564323        2.67416048        2.79244757        1.41879225 
        1.32020104        2.64415812        2.67278552        2.79183650        1.41866386 
        1.31922686        2.64223099        2.67097378        2.79078555        1.41831684 
        1.31803524        2.63986945        2.66873550        2.78930378        1.41775465 
        1.31662965        2.63708138        2.66607714        2.78739882        1.41698098 
        1.31501532        2.63387823        2.66300893        2.78507829        1.41599929 
        1.31319559        2.63026619        2.65953803        2.78235078        1.41481471 
        1.31117594        2.62625384        2.65567422        2.77922511        1.41342926 
        1.30895996        2.62185168        2.65142608        2.77570724        1.41184831 
        1.30655241        2.61706781        2.64680171        2.77180815        1.41007519 
        1.30395818        2.61191225        2.64181137        2.76753378        1.40811372 
        1.30118084        2.60639286        2.63646245        2.76289463        1.40596890 
        1.29822588        2.60051751        2.63076520        2.75789762        1.40364313 
        1.29509771        2.59429860        2.62472701        2.75255203        1.40114164 
        1.29180038        2.58774233        2.61835790        2.74686527        1.39846814 
        1.28833926        2.58085895        2.61166692        2.74084806        1.39562678 
        1.28471851        2.57365823        2.60466266        2.73450613        1.39262140 
        1.28094244        2.56614804        2.59735370        2.72784877        1.38945568 
        1.27701592        2.55833793        2.58974910        2.72088480        1.38613427 
        1.27294314        2.55023646        2.58185744        2.71362233        1.38266098 
        1.26872861        2.54185367        2.57368731        2.70606971        1.37903941 
        1.26437724        2.53319693        2.56524754        2.69823313        1.37527418 
        1.25989318        2.52427602        2.55654764        2.69012356        1.37136877 
        1.25528073        2.51509976        2.54759479        2.68174911        1.36732709 
        1.25054455        2.50567603        2.53839636        2.67311478        1.36315286 
        1.24568844        2.49601388        2.52896285        2.66423202        1.35885048 
        1.24071693        2.48612213        2.51930213        2.65510631        1.35442328 
        1.23563457        2.47600818        2.50942111        2.64574575        1.34987497 
        1.23044503        2.46568084        2.49932861        2.63615823        1.34520948 
        1.22515225        2.45514846        2.48903131        2.62635207        1.34043086 
        1.21976089        2.44441795        2.47853971        2.61633325        1.33554184 
        1.21427453        2.43349886        2.46785760        2.60610986        1.33054674 
        1.20869708        2.42239809        2.45699501        2.59568977        1.32544887 
        1.20303249        2.41112304        2.44596004        2.58507895        1.32025170 
        1.19728434        2.39968133        2.43475628        2.57428479        1.31495869 
        1.19145703        2.38808036        2.42339468        2.56331468        1.30957305 
        1.18555319        2.37632775        2.41188002        2.55217481        1.30409849 
        1.17957699        2.36443043        2.40022039        2.54087090        1.29853797 
        1.17353225        2.35239530        2.38842130        2.52941275        1.29289460 
        1.16742158        2.34022880        2.37649035        2.51780367        1.28717220 
        1.16124892        2.32793832        2.36443377        2.50605011        1.28137374 
        1.15501738        2.31552839        2.35225677        2.49415970        1.27550149 
        1.14873016        2.30300903        2.33996630        2.48213840        1.26955926 
        1.14239061        2.29038310        2.32756829        2.46999097        1.26354980 
        1.13600159        2.27765965        2.31506944        2.45772386        1.25747573 
        1.12956643        2.26484203        2.30247378        2.44534230        1.25134027 
        1.12308741        2.25193572        2.28978753        2.43285203        1.24514604 
        1.11656773        2.23894954        2.27701759        2.42025995        1.23889577 
        1.11001050        2.22588682        2.26416636        2.40756798        1.23259246 
        1.10341787        2.21275282        2.25124168        2.39478540        1.22623789 
        1.09679282        2.19955277        2.23824787        2.38191414        1.21983528 
        1.09013772        2.18629241        2.22518897        2.36896062        1.21338689 
        1.08345520        2.17297649        2.21207023        2.35592985        1.20689547 
        1.07674778        2.15961003        2.19889617        2.34282613        1.20036328 
        1.07001758        2.14619660        2.18567204        2.32965231        1.19379234 
        1.06326735        2.13274264        2.17240167        2.31641579        1.18718505 
        1.05649865        2.11925125        2.15908933        2.30311942        1.18054414 
        1.04971385        2.10572672        2.14573932        2.28976822        1.17387128 
        1.04291523        2.09217334        2.13235497        2.27636552        1.16716886 
        1.03610492        2.07859540        2.11894059        2.26291537        1.16043878 
        1.02928460        2.06499624        2.10550046        2.24942255        1.15368307 
        1.02245629        2.05138111        2.09203839        2.23588991        1.14690375 
        1.01562166        2.03775167        2.07855725        2.22232246        1.14010274 
        1.00878286        2.02411199        2.06506062        2.20872259        1.13328218 
        1.00194120        2.01046681        2.05155134        2.19509459        1.12644327 
        0.99509847        1.99681818        2.03803349        2.18144107        1.11958849 
        0.98825645        1.98316991        2.02451062        2.16776657        1.11271894 
        0.98141664        1.96952450        2.01098466        2.15407348        1.10583675 
        0.97458088        1.95588517        1.99745917        2.14036489        1.09894347 
        0.96774971        1.94225502        1.98393691        2.12664413        1.09204054 
        0.96092534        1.92863703        1.97042036        2.11291409        1.08512998 
        0.95410889        1.91503322        1.95691228        2.09917855        1.07821286 
        0.94730133        1.90144622        1.94341505        2.08543873        1.07129061 
        0.94050437        1.88787985        1.92993283        2.07169843        1.06436503 
        0.93371904        1.87433445        1.91646516        2.05796051        1.05743718 
        0.92694646        1.86081421        1.90301633        2.04422593        1.05050862 
        0.92018807        1.84732020        1.88958824        2.03049898        1.04358053 
        0.91344416        1.83385491        1.87618256        2.01678205        1.03665447 
        0.90671664        1.82042098        1.86280203        2.00307608        1.02973127 
        0.90000612        1.80701911        1.84944832        1.98938441        1.02281237 
        0.89331353        1.79365218        1.83612311        1.97570920        1.01589894 
        0.88663983        1.78032184        1.82282877        1.96205187        1.00899196 
        0.87998593        1.76703012        1.80956662        1.94841540        1.00209308 
        0.87335247        1.75377798        1.79633927        1.93480122        0.99520272 
        0.86674076        1.74056768        1.78314734        1.92121136        0.98832232 
        0.86015087        1.72740078        1.76999259        1.90764749        0.98145247 
        0.85358435        1.71427870        1.75687754        1.89411187        0.97459453 
        0.84704119        1.70120227        1.74380255        1.88060653        0.96774924 
        0.84052217        1.68817365        1.73076963        1.86713219        0.96091759 
        0.83402866        1.67519367        1.71777976        1.85369110        0.95410073 
        0.82756048        1.66226363        1.70483458        1.84028471        0.94729894 
        0.82111841        1.64938545        1.69193530        1.82691491        0.94051355 
        0.81470311        1.63655913        1.67908323        1.81358206        0.93374503 
        0.80831534        1.62378645        1.66627955        1.80028951        0.92699468 
        0.80195516        1.61106813        1.65352488        1.78703713        0.92026252 
        0.79562330        1.59840572        1.64082074        1.77382624        0.91354978 
        0.78932029        1.58579969        1.62816834        1.76065874        0.90685689 
        0.78304642        1.57325101        1.61556828        1.74753582        0.90018469 
        0.77680230        1.56076014        1.60302103        1.73445833        0.89353395 
        0.77058810        1.54832911        1.59052932        1.72142780        0.88690519 
        0.76440442        1.53595781        1.57809234        1.70844519        0.88029873 
        0.75825149        1.52364659        1.56571090        1.69551110        0.87371576 
        0.75212950        1.51139665        1.55338645        1.68262744        0.86715627 
        0.74603909        1.49920893        1.54111946        1.66979492        0.86062115 
        0.73998040        1.48708332        1.52891064        1.65701377        0.85411066 
        0.73395354        1.47502124        1.51676071        1.64428556        0.84762573 
        0.72795904        1.46302271        1.50467074        1.63161147        0.84116638 
        0.72199708        1.45108867        1.49264038        1.61899173        0.83473325 
        0.71606791        1.43921876        1.48067117        1.60642695        0.82832700 
        0.71017176        1.42741454        1.46876311        1.59391856        0.82194775 
        0.70430875        1.41567492        1.45691669        1.58146691        0.81559598 
        0.69847912        1.40400255        1.44513273        1.56907308        0.80927247 
        0.69268304        1.39239585        1.43341136        1.55673754        0.80297697 
        0.68692058        1.38085556        1.42175341        1.54446054        0.79671037 
        0.68119210        1.36938226        1.41015875        1.53224301        0.79047263 
        0.67549753        1.35797668        1.39862812        1.52008593        0.78426445 
        0.66983718        1.34663904        1.38716233        1.50798881        0.77808565 
        0.66421086        1.33536816        1.37576032        1.49595320        0.77193725 
        0.65861917        1.32416546        1.36442363        1.48397934        0.76581877 
        0.65306145        1.31303132        1.35315239        1.47206771        0.75973117 
        0.64753866        1.30196571        1.34194648        1.46021843        0.75367421 
        0.64205027        1.29096842        1.33080649        1.44843233        0.74764842 
        0.63659674        1.28003991        1.31973231        1.43670940        0.74165404 
        0.63117766        1.26918018        1.30872452        1.42505050        0.73569095 
        0.62579352        1.25838935        1.29778326        1.41345596        0.72975987 
        0.62044406        1.24766779        1.28690851        1.40192497        0.72386056 
        0.61512929        1.23701489        1.27610004        1.39045990        0.71799344 
        0.60984933        1.22643149        1.26535904        1.37905896        0.71215862 
        0.60460424        1.21591723        1.25468493        1.36772430        0.70635629 
        0.59939408        1.20547187        1.24407768        1.35645473        0.70058656 
        0.59421873        1.19509602        1.23353767        1.34525096        0.69484961 
        0.58907807        1.18478918        1.22306490        1.33411324        0.68914551 
        0.58397239        1.17455149        1.21265900        1.32304204        0.68347454 
        0.57890129        1.16438305        1.20232105        1.31203735        0.67783672 
        0.57386500        1.15428340        1.19204974        1.30109930        0.67223203 
        0.56886351        1.14425266        1.18184602        1.29022741        0.66666102 
        0.56389654        1.13429141        1.17170990        1.27942252        0.66112328 
        0.55896413        1.12439895        1.16164088        1.26868510        0.65561897 
        0.55406654        1.11457539        1.15163946        1.25801420        0.65014821 
        0.54920316        1.10482025        1.14170516        1.24741077        0.64471138 
        0.54437423        1.09513354        1.13183784        1.23687470        0.63930798 
        0.53957981        1.08551526        1.12203789        1.22640574        0.63393843 
        0.53481942        1.07596529        1.11230505        1.21600401        0.62860256 
        0.53009355        1.06648374        1.10263884        1.20566964        0.62330085 
        0.52540165        1.05707014        1.09303987        1.19540274        0.61803269 
        0.52074379        1.04772425        1.08350790        1.18520284        0.61279839 
        0.51611984        1.03844583        1.07404184        1.17507041        0.60759813 
        0.51152980        1.02923524        1.06464303        1.16500509        0.60243160 
        0.50697333        1.02009141        1.05531061        1.15500712        0.59729934 
        0.50245070        1.01101506        1.04604411        1.14507699        0.59220052 
        0.49796167        1.00200558        1.03684390        1.13521326        0.58713567 
        0.49350595        0.99306285        1.02770960        1.12541735        0.58210456 
        0.48908353        0.98418623        1.01864123        1.11568773        0.57710749 
        0.48469448        0.97537619        1.00963843        1.10602546        0.57214397 
        0.48033831        0.96663201        1.00070107        1.09642947        0.56721431 
        0.47601521        0.95795375        0.99182898        1.08690071        0.56231833 
        0.47172484        0.94934070        0.98302203        1.07743800        0.55745602 
        0.46746725        0.94079328        0.97427982        1.06804252        0.55262750 
        0.46324220        0.93231088        0.96560258        1.05871284        0.54783237 
        0.45904964        0.92389303        0.95698947        1.04944944        0.54307073 
        0.45488936        0.91553980        0.94844073        1.04025185        0.53834254 
        0.45076129        0.90725118        0.93995595        1.03112054        0.53364766 
        0.44666520        0.89902610        0.93153512        1.02205420        0.52898592 
        0.44260103        0.89086491        0.92317784        1.01305413        0.52435762 
        0.43856862        0.88276732        0.91488367        1.00411940        0.51976240 
        0.43456781        0.87473261        0.90665251        0.99524969        0.51520032 
        0.43059835        0.86676073        0.89848441        0.98644483        0.51067102 
        0.42666045        0.85885155        0.89037859        0.97770435        0.50617456 
        0.42275351        0.85100484        0.88233531        0.96902865        0.50171089 
        0.41887763        0.84322000        0.87435395        0.96041739        0.49728000 
        0.41503263        0.83549684        0.86643457        0.95187008        0.49288154 
        0.41121837        0.82783478        0.85857618        0.94338679        0.48851556 
        0.40743443        0.82023400        0.85077935        0.93496716        0.48418197 
        0.40368113        0.81269431        0.84304368        0.92661101        0.47988063 
        0.39995798        0.80521476        0.83536839        0.91831774        0.47561130 
        0.39626494        0.79779559        0.82775354        0.91008765        0.47137401 
        0.39260179        0.79043621        0.82019883        0.90192032        0.46716875 
        0.38896835        0.78313619        0.81270385        0.89381504        0.46299508 
        0.38536453        0.77589530        0.80526829        0.88577223        0.45885313 
        0.38179016        0.76871371        0.79789221        0.87779093        0.45474270 
        0.37824509        0.76159036        0.79057485        0.86987168        0.45066363 
        0.37472913        0.75452554        0.78331631        0.86201376        0.44661582 
        0.37124202        0.74751836        0.77611583        0.85421675        0.44259918 
        0.36778355        0.74056864        0.76897335        0.84648061        0.43861350 
        0.36435395        0.73367649        0.76188880        0.83880508        0.43465856 
        0.36095268        0.72684109        0.75486147        0.83118951        0.43073446 
        0.35757962        0.72006214        0.74789125        0.82363421        0.42684087 
        0.35423476        0.71333992        0.74097788        0.81613839        0.42297781 
        0.35091776        0.70667326        0.73412079        0.80870205        0.41914496 
        0.34762853        0.70006239        0.72732002        0.80132478        0.41534227 
        0.34436691        0.69350666        0.72057492        0.79400611        0.41156960 
        0.34113270        0.68700570        0.71388507        0.78674597        0.40782669 
        0.33792576        0.68055964        0.70725071        0.77954423        0.40411356 
        0.33474588        0.67416757        0.70067137        0.77240026        0.40042999 
        0.33159295        0.66782951        0.69414628        0.76531374        0.39677584 
        0.32846677        0.66154516        0.68767560        0.75828457        0.39315087 
        0.32536709        0.65531397        0.68125874        0.75131232        0.38955507 
        0.32229385        0.64913565        0.67489541        0.74439645        0.38598809 
        0.31924683        0.64300984        0.66858500        0.73753738        0.38244995 
        0.31622592        0.63693613        0.66232795        0.73073393        0.37894040 
        0.31323078        0.63091439        0.65612328        0.72398627        0.37545943 
        0.31026146        0.62494445        0.64997101        0.71729404        0.37200668 
        0.30731764        0.61902559        0.64387053        0.71065688        0.36858213 
        0.30439925        0.61315745        0.63782179        0.70407438        0.36518553 
        0.30150601        0.60733986        0.63182414        0.69754642        0.36181679 
        0.29863784        0.60157257        0.62587756        0.69107240        0.35847574 
        0.29579452        0.59585512        0.61998165        0.68465185        0.35516214 
        0.29297587        0.59018707        0.61413574        0.67828518        0.35187599 
        0.29018176        0.58456826        0.60834002        0.67197150        0.34861696 
        0.28741199        0.57899833        0.60259402        0.66571051        0.34538502 
        0.28466648        0.57347691        0.59689718        0.65950215        0.34217983 
        0.28194493        0.56800371        0.59124941        0.65334564        0.33900139 
        0.27924719        0.56257802        0.58565015        0.64724112        0.33584949 
        0.27657315        0.55719995        0.58009905        0.64118803        0.33272398 
        0.27392265        0.55186915        0.57459629        0.63518608        0.32962459 
        0.27129555        0.54658520        0.56914103        0.62923515        0.32655138 
        0.26869157        0.54134756        0.56373304        0.62333447        0.32350397 
        0.26611057        0.53615630        0.55837226        0.61748409        0.32048225 
        0.26355246        0.53101075        0.55305809        0.61168355        0.31748611 
        0.26101702        0.52591068        0.54779017        0.60593247        0.31451541 
        0.25850406        0.52085590        0.54256839        0.60023063        0.31156990 
        0.25601354        0.51584584        0.53739202        0.59457773        0.30864939 
        0.25354511        0.51088029        0.53226149        0.58897328        0.30575380 
        0.25109875        0.50595903        0.52717596        0.58341700        0.30288297 
        0.24867426        0.50108153        0.52213496        0.57790858        0.30003670 
        0.24627143        0.49624774        0.51713848        0.57244766        0.29721478 
        0.24389018        0.49145693        0.51218611        0.56703407        0.29441711 
        0.24153024        0.48670915        0.50727749        0.56166744        0.29164356 
        0.23919158        0.48200390        0.50241232        0.55634731        0.28889382 
        0.23687398        0.47734097        0.49759033        0.55107343        0.28616789 
        0.23457718        0.47271991        0.49281117        0.54584545        0.28346556 
        0.23230113        0.46814048        0.48807454        0.54066306        0.28078654 
        0.23004568        0.46360233        0.48338014        0.53552610        0.27813092 
        0.22781068        0.45910513        0.47872752        0.53043401        0.27549833 
        0.22559594        0.45464861        0.47411650        0.52538645        0.27288854 
        0.22340126        0.45023245        0.46954682        0.52038330        0.27030167 
        0.22122654        0.44585636        0.46501803        0.51542431        0.26773736 
        0.21907166        0.44152007        0.46052992        0.51050895        0.26519549 
        0.21693636        0.43722314        0.45608211        0.50563681        0.26267591 
        0.21482055        0.43296528        0.45167428        0.50080782        0.26017839 
        0.21272412        0.42874631        0.44730633        0.49602151        0.25770292 
        0.21064679        0.42456582        0.44297773        0.49127764        0.25524917 
        0.20858853        0.42042351        0.43868825        0.48657602        0.25281718 
        0.20654914        0.41631907        0.43443748        0.48191601        0.25040656 
        0.20452850        0.41225237        0.43022540        0.47729757        0.24801737 
        0.20252639        0.40822291        0.42605147        0.47272035        0.24564928 
        0.20054272        0.40423042        0.42191544        0.46818390        0.24330226 
        0.19857734        0.40027466        0.41781700        0.46368805        0.24097599 
        0.19663011        0.39635536        0.41375598        0.45923248        0.23867051 
        0.19470084        0.39247215        0.40973189        0.45481673        0.23638555 
        0.19278944        0.38862470        0.40574455        0.45044076        0.23412097 
        0.19089572        0.38481298        0.40179384        0.44610399        0.23187660 
        0.18901956        0.38103643        0.39787909        0.44180644        0.22965240 
        0.18716080        0.37729481        0.39400020        0.43754759        0.22744805 
        0.18531932        0.37358794        0.39015710        0.43332714        0.22526351 
        0.18349493        0.36991543        0.38634917        0.42914477        0.22309859 
        0.18168756        0.36627707        0.38257623        0.42500034        0.22095314 
        0.17989700        0.36267254        0.37883809        0.42089343        0.21882705 
        0.17812321        0.35910156        0.37513450        0.41682371        0.21672012 
        0.17636593        0.35556397        0.37146491        0.41279101        0.21463218 
        0.17462511        0.35205922        0.36782926        0.40879503        0.21256319 
        0.17290057        0.34858724        0.36422727        0.40483531        0.21051288 
        0.17119217        0.34514782        0.36065868        0.40091184        0.20848116 
        0.16949981        0.34174058        0.35712314        0.39702407        0.20646793 
        0.16782339        0.33836517        0.35362035        0.39317182        0.20447293 
        0.16616264        0.33502144        0.35015014        0.38935483        0.20249607 
        0.16451755        0.33170921        0.34671223        0.38557288        0.20053728 
        0.16288795        0.32842803        0.34330624        0.38182557        0.19859628 
        0.16127370        0.32517779        0.33993205        0.37811258        0.19667304 
        0.15967470        0.32195804        0.33658940        0.37443379        0.19476737 
        0.15809081        0.31876877        0.33327782        0.37078878        0.19287917 
        0.15652186        0.31560946        0.32999718        0.36717731        0.19100818 
        0.15496776        0.31248003        0.32674730        0.36359915        0.18915440 
        0.15342839        0.30938014        0.32352784        0.36005402        0.18731762 
        0.15190360        0.30630967        0.32033861        0.35654169        0.18549775 
        0.15039328        0.30326825        0.31717932        0.35306188        0.18369460 
        0.14889728        0.30025566        0.31404969        0.34961414        0.18190804 
        0.14741552        0.29727164        0.31094950        0.34619853        0.18013798 
        0.14594784        0.29431596        0.30787840        0.34281442        0.17838420 
        0.14449416        0.29138833        0.30483624        0.33946186        0.17664671 
        0.14305428        0.28848866        0.30182284        0.33614039        0.17492525 
        0.14162818        0.28561640        0.29883775        0.33284992        0.17321973 
        0.14021565        0.28277159        0.29588094        0.32959005        0.17152996 
        0.13881665        0.27995396        0.29295206        0.32636046        0.16985592 
        0.13743101        0.27716324        0.29005089        0.32316115        0.16819741 
        0.13605863        0.27439913        0.28717721        0.31999177        0.16655432 
        0.13469942        0.27166143        0.28433070        0.31685185        0.16492647 
        0.13335322        0.26894999        0.28151122        0.31374148        0.16331384 
        0.13201994        0.26626447        0.27871856        0.31066012        0.16171619 
        0.13069944        0.26360464        0.27595240        0.30760765        0.16013345 
        0.12939164        0.26097038        0.27321261        0.30458388        0.15856551 
        0.12809642        0.25836137        0.27049875        0.30158845        0.15701219 
        0.12681362        0.25577751        0.26781088        0.29862121        0.15547338 
        0.12554325        0.25321844        0.26514855        0.29568189        0.15394904 
        0.12428504        0.25068393        0.26251167        0.29277024        0.15243892 
        0.12303901        0.24817385        0.25989994        0.28988606        0.15094303 
        0.12180501        0.24568796        0.25731316        0.28702906        0.14946117 
        0.12058291        0.24322607        0.25475121        0.28419903        0.14799321 
        0.11937263        0.24078792        0.25221360        0.28139570        0.14653900 
        0.11817405        0.23837328        0.24970041        0.27861884        0.14509855 
        0.11698708        0.23598206        0.24721131        0.27586839        0.14367163 
        0.11581161        0.23361392        0.24474607        0.27314389        0.14225814 
        0.11464752        0.23126869        0.24230450        0.27044526        0.14085802 
        0.11349473        0.22894616        0.23988639        0.26777217        0.13947113 
        0.11235314        0.22664617        0.23749153        0.26512453        0.13809733 
        0.11122262        0.22436845        0.23511969        0.26250204        0.13673651 
        0.11010309        0.22211285        0.23277070        0.25990441        0.13538855 
        0.10899446        0.21987917        0.23044434        0.25733158        0.13405342 
        0.10789661        0.21766719        0.22814038        0.25478324        0.13273089 
        0.10680946        0.21547666        0.22585869        0.25225919        0.13142091 
        0.10573291        0.21330751        0.22359905        0.24975920        0.13012338 
        0.10466687        0.21115950        0.22136116        0.24728306        0.12883817 
        0.10361120        0.20903237        0.21914500        0.24483053        0.12756518 
        0.10256585        0.20692600        0.21695021        0.24240150        0.12630428 
        0.10153071        0.20484018        0.21477668        0.23999567        0.12505542 
        0.10050569        0.20277469        0.21262419        0.23761287        0.12381846 
        0.09949072        0.20072939        0.21049258        0.23525292        0.12259326 
        0.09848567        0.19870409        0.20838165        0.23291558        0.12137975 
        0.09749047        0.19669861        0.20629124        0.23060063        0.12017786 
        0.09650500        0.19471271        0.20422107        0.22830789        0.11898743 
        0.09552921        0.19274633        0.20217109        0.22603722        0.11780839 
        0.09456299        0.19079915        0.20014098        0.22378834        0.11664062 
        0.09360629        0.18887110        0.19813067        0.22156107        0.11548401 
