                  0.00000116                  0.00000116                  0.00000116                  0.00000116                  0.00000116                  0.00000116                  0.00000018                  0.00000018                  0.00000018                  0.00000018 
                  0.00000251                  0.00000251                  0.00000251                  0.00000038                  0.00000038 
                  0.00000405                  0.00000405                  0.00000411                  0.00000053                  0.00000060 
                  0.00000578                  0.00000578                  0.00000596                  0.00000069                  0.00000080 
                  0.00000772                  0.00000772                  0.00000805                  0.00000086                  0.00000101 
                  0.00000988                  0.00000988                  0.00001041                  0.00000103                  0.00000121 
                  0.00001226                  0.00001226                  0.00001298                  0.00000128                  0.00000142 
                  0.00001489                  0.00001489                  0.00001579                  0.00000153                  0.00000168 
                  0.00001779                  0.00001779                  0.00001887                  0.00000180                  0.00000199 
                  0.00002099                  0.00002099                  0.00002225                  0.00000211                  0.00000233 
                  0.00002450                  0.00002450                  0.00002596                  0.00000245                  0.00000269 
                  0.00002836                  0.00002837                  0.00003004                  0.00000282                  0.00000309 
                  0.00003260                  0.00003262                  0.00003451                  0.00000323                  0.00000354 
                  0.00003727                  0.00003730                  0.00003942                  0.00000368                  0.00000402 
                  0.00004239                  0.00004245                  0.00004482                  0.00000418                  0.00000456 
                  0.00004803                  0.00004811                  0.00005074                  0.00000473                  0.00000515 
                  0.00005422                  0.00005433                  0.00005725                  0.00000533                  0.00000580 
                  0.00006104                  0.00006116                  0.00006440                  0.00000599                  0.00000651 
                  0.00006852                  0.00006868                  0.00007227                  0.00000673                  0.00000730 
                  0.00007676                  0.00007694                  0.00008091                  0.00000753                  0.00000817 
                  0.00008580                  0.00008602                  0.00009041                  0.00000841                  0.00000912 
                  0.00009575                  0.00009599                  0.00010085                  0.00000938                  0.00001016 
                  0.00010668                  0.00010696                  0.00011232                  0.00001045                  0.00001131 
                  0.00011869                  0.00011900                  0.00012493                  0.00001162                  0.00001258 
                  0.00013188                  0.00013223                  0.00013877                  0.00001291                  0.00001396 
                  0.00014637                  0.00014676                  0.00015397                  0.00001432                  0.00001548 
                  0.00016227                  0.00016270                  0.00017066                  0.00001587                  0.00001715 
                  0.00017972                  0.00018020                  0.00018898                  0.00001757                  0.00001898 
                  0.00019886                  0.00019939                  0.00020907                  0.00001944                  0.00002099 
                  0.00021985                  0.00022043                  0.00023109                  0.00002148                  0.00002320 
                  0.00024286                  0.00024350                  0.00025524                  0.00002372                  0.00002561 
                  0.00026806                  0.00026877                  0.00028169                  0.00002618                  0.00002825 
                  0.00029566                  0.00029645                  0.00031065                  0.00002886                  0.00003114 
                  0.00032587                  0.00032674                  0.00034235                  0.00003180                  0.00003431 
                  0.00035892                  0.00035987                  0.00037703                  0.00003502                  0.00003777 
                  0.00039506                  0.00039611                  0.00041495                  0.00003853                  0.00004155 
                  0.00043456                  0.00043572                  0.00045640                  0.00004237                  0.00004568 
                  0.00047771                  0.00047898                  0.00050167                  0.00004657                  0.00005019 
                  0.00052481                  0.00052621                  0.00055109                  0.00005115                  0.00005512 
                  0.00057621                  0.00057776                  0.00060502                  0.00005614                  0.00006049 
                  0.00063228                  0.00063397                  0.00066383                  0.00006159                  0.00006634 
                  0.00069338                  0.00069525                  0.00072793                  0.00006752                  0.00007272 
                  0.00075996                  0.00076201                  0.00079777                  0.00007399                  0.00007967 
                  0.00083245                  0.00083470                  0.00087380                  0.00008103                  0.00008723 
                  0.00091133                  0.00091380                  0.00095654                  0.00008868                  0.00009545 
                  0.00099713                  0.00099984                  0.00104652                  0.00009700                  0.00010439 
                  0.00109039                  0.00109336                  0.00114433                  0.00010605                  0.00011410 
                  0.00119171                  0.00119497                  0.00125058                  0.00011588                  0.00012465 
                  0.00130173                  0.00130530                  0.00136594                  0.00012654                  0.00013610 
                  0.00142112                  0.00142503                  0.00149112                  0.00013811                  0.00014851 
                  0.00155060                  0.00155488                  0.00162688                  0.00015066                  0.00016197 
                  0.00169095                  0.00169564                  0.00177402                  0.00016425                  0.00017655 
                  0.00184300                  0.00184813                  0.00193342                  0.00017898                  0.00019235 
                  0.00200763                  0.00201324                  0.00210598                  0.00019492                  0.00020943 
                  0.00218578                  0.00219190                  0.00229271                  0.00021216                  0.00022792 
                  0.00237844                  0.00238512                  0.00249463                  0.00023080                  0.00024790 
                  0.00258667                  0.00259396                  0.00271286                  0.00025095                  0.00026949 
                  0.00281162                  0.00281957                  0.00294858                  0.00027271                  0.00029279 
                  0.00305447                  0.00306314                  0.00320305                  0.00029619                  0.00031794 
                  0.00331651                  0.00332595                  0.00347760                  0.00032152                  0.00034507 
                  0.00359908                  0.00360936                  0.00377364                  0.00034883                  0.00037431 
                  0.00390362                  0.00391481                  0.00409267                  0.00037825                  0.00040580 
                  0.00423164                  0.00424381                  0.00443627                  0.00040994                  0.00043971 
                  0.00458476                  0.00459799                  0.00480614                  0.00044404                  0.00047620 
                  0.00496467                  0.00497905                  0.00520403                  0.00048072                  0.00051544 
                  0.00537317                  0.00538878                  0.00563183                  0.00052015                  0.00055761 
                  0.00581216                  0.00582910                  0.00609151                  0.00056251                  0.00060290 
                  0.00628363                  0.00630200                  0.00658516                  0.00060800                  0.00065153 
                  0.00678969                  0.00680961                  0.00711499                  0.00065681                  0.00070369 
                  0.00733257                  0.00735415                  0.00768332                  0.00070916                  0.00075963 
                  0.00791460                  0.00793797                  0.00829258                  0.00076527                  0.00081958 
                  0.00853825                  0.00856354                  0.00894535                  0.00082538                  0.00088378 
                  0.00920609                  0.00923345                  0.00964431                  0.00088973                  0.00095250 
                  0.00992085                  0.00995042                  0.01039230                  0.00095859                  0.00102601 
                  0.01068537                  0.01071732                  0.01119229                  0.00103222                  0.00110461 
                  0.01150263                  0.01153713                  0.01204739                  0.00111092                  0.00118859 
                  0.01237577                  0.01241300                  0.01296086                  0.00119497                  0.00127826 
                  0.01330805                  0.01334820                  0.01393612                  0.00128469                  0.00137397 
                  0.01430289                  0.01434618                  0.01497672                  0.00138042                  0.00147606 
                  0.01536387                  0.01541051                  0.01608639                  0.00148248                  0.00158488 
                  0.01649472                  0.01654494                  0.01726902                  0.00159124                  0.00170081 
                  0.01769933                  0.01775337                  0.01852865                  0.00170707                  0.00182425 
                  0.01898174                  0.01903988                  0.01986951                  0.00183035                  0.00195560 
                  0.02034619                  0.02040868                  0.02129599                  0.00196148                  0.00209529 
                  0.02179705                  0.02186419                  0.02281266                  0.00210089                  0.00224376 
                  0.02333888                  0.02341098                  0.02442426                  0.00224901                  0.00240147 
                  0.02497642                  0.02505380                  0.02613571                  0.00240628                  0.00256889 
                  0.02671458                  0.02679757                  0.02795212                  0.00257318                  0.00274651 
                  0.02855843                  0.02864739                  0.02987878                  0.00275018                  0.00293485 
                  0.03051324                  0.03060855                  0.03192116                  0.00293780                  0.00313443 
                  0.03258445                  0.03268651                  0.03408490                  0.00313654                  0.00334580 
                  0.03477769                  0.03488690                  0.03637585                  0.00334695                  0.00356952 
                  0.03709873                  0.03721554                  0.03880003                  0.00356957                  0.00380617 
                  0.03955357                  0.03967844                  0.04136366                  0.00380496                  0.00405635 
                  0.04214836                  0.04228176                  0.04407313                  0.00405373                  0.00432067 
                  0.04488942                  0.04503186                  0.04693499                  0.00431646                  0.00459976 
                  0.04778326                  0.04793527                  0.04995601                  0.00459377                  0.00489427 
                  0.05083656                  0.05099868                  0.05314309                  0.00488630                  0.00520487 
                  0.05405614                  0.05422896                  0.05650334                  0.00519469                  0.00553224 
                  0.05744901                  0.05763313                  0.06004402                  0.00551961                  0.00587707 
                  0.06102234                  0.06121838                  0.06377254                  0.00586174                  0.00624008 
                  0.06478343                  0.06499204                  0.06769649                  0.00622178                  0.00662199 
                  0.06873974                  0.06896161                  0.07182357                  0.00660042                  0.00702353 
                  0.07289887                  0.07313470                  0.07616167                  0.00699838                  0.00744548 
                  0.07726853                  0.07751906                  0.08071875                  0.00741641                  0.00788858 
                  0.08185658                  0.08212258                  0.08550295                  0.00785523                  0.00835361 
                  0.08667098                  0.08695323                  0.09052252                  0.00831561                  0.00884136 
                  0.09171978                  0.09201913                  0.09578576                  0.00879831                  0.00935264 
                  0.09701113                  0.09732845                  0.10130110                  0.00930409                  0.00988823 
                  0.10255327                  0.10288943                  0.10707702                  0.00983373                  0.01044895 
                  0.10835449                  0.10871039                  0.11312212                  0.01038803                  0.01103563 
                  0.11442312                  0.11479975                  0.11944497                  0.01096776                  0.01164906 
                  0.12076756                  0.12116586                  0.12605423                  0.01157371                  0.01229009 
                  0.12739621                  0.12781717                  0.13295853                  0.01220668                  0.01295953 
                  0.13431744                  0.13476214                  0.14016652                  0.01286747                  0.01365821 
                  0.14153966                  0.14200917                  0.14768685                  0.01355685                  0.01438694 
                  0.14907122                  0.14956664                  0.15552811                  0.01427563                  0.01514654 
                  0.15692040                  0.15744287                  0.16369881                  0.01502457                  0.01593782 
                  0.16509545                  0.16564612                  0.17220740                  0.01580445                  0.01676158 
                  0.17360450                  0.17418456                  0.18106222                  0.01661605                  0.01761861 
                  0.18245557                  0.18306622                  0.19027147                  0.01746010                  0.01850968 
                  0.19165650                  0.19229899                  0.19984323                  0.01833735                  0.01943556 
                  0.20121503                  0.20189063                  0.20978536                  0.01924853                  0.02039699 
                  0.21113867                  0.21184866                  0.22010553                  0.02019434                  0.02139470 
                  0.22143470                  0.22218043                  0.23081122                  0.02117546                  0.02242938 
                  0.23211020                  0.23289302                  0.24190959                  0.02219255                  0.02350171 
                  0.24317199                  0.24399328                  0.25340754                  0.02324627                  0.02461234 
                  0.25462657                  0.25548771                  0.26531172                  0.02433719                  0.02576190 
                  0.26648012                  0.26738253                  0.27762836                  0.02546592                  0.02695096 
                  0.27873847                  0.27968362                  0.29036337                  0.02663298                  0.02818007 
                  0.29140711                  0.29239646                  0.30352223                  0.02783890                  0.02944975 
                  0.30449107                  0.30552611                  0.31710994                  0.02908413                  0.03076046 
                  0.31799501                  0.31907716                  0.33113122                  0.03036911                  0.03211264 
                  0.33192307                  0.33305386                  0.34559011                  0.03169423                  0.03350665 
                  0.34627891                  0.34745988                  0.36049026                  0.03305981                  0.03494283 
                  0.36106572                  0.36229837                  0.37583470                  0.03446615                  0.03642146 
                  0.37628606                  0.37757194                  0.39162591                  0.03591349                  0.03794276 
                  0.39194205                  0.39328259                  0.40786588                  0.03740200                  0.03950689 
                  0.40803501                  0.40943179                  0.42455578                  0.03893181                  0.04111394 
                  0.42456576                  0.42602032                  0.44169623                  0.04050299                  0.04276398 
                  0.44153452                  0.44304830                  0.45928705                  0.04211553                  0.04445695 
                  0.45894063                  0.46051520                  0.47732753                  0.04376937                  0.04619278 
                  0.47678286                  0.47841975                  0.49581602                  0.04546439                  0.04797129 
                  0.49505928                  0.49675989                  0.51475024                  0.04720038                  0.04979225 
                  0.51376712                  0.51553291                  0.53412712                  0.04897707                  0.05165534 
                  0.53290284                  0.53473520                  0.55394268                  0.05079412                  0.05356016 
                  0.55246210                  0.55436242                  0.57419223                  0.05265111                  0.05550627 
                  0.57243973                  0.57440943                  0.59487009                  0.05454754                  0.05749308 
                  0.59282976                  0.59487021                  0.61596984                  0.05648283                  0.05951998 
                  0.61362535                  0.61573792                  0.63748395                  0.05845633                  0.06158622 
                  0.63481873                  0.63700467                  0.65940434                  0.06046730                  0.06369103 
                  0.65640146                  0.65866190                  0.68172175                  0.06251490                  0.06583351 
                  0.67836386                  0.68070012                  0.70442599                  0.06459823                  0.06801265 
                  0.70069569                  0.70310873                  0.72750622                  0.06671631                  0.07022741 
                  0.72338551                  0.72587657                  0.75095022                  0.06886806                  0.07247663 
                  0.74642122                  0.74899113                  0.77474517                  0.07105229                  0.07475904 
                  0.76978952                  0.77243942                  0.79887706                  0.07326777                  0.07707333 
                  0.79347652                  0.79620707                  0.82333118                  0.07551316                  0.07941804 
                  0.81746709                  0.82027924                  0.84809172                  0.07778704                  0.08179167 
                  0.84174544                  0.84463990                  0.87314200                  0.08008789                  0.08419262 
                  0.86629468                  0.86927211                  0.89846420                  0.08241411                  0.08661918 
                  0.89109713                  0.89415801                  0.92403990                  0.08476403                  0.08906957 
                  0.91613424                  0.91927910                  0.94984943                  0.08713588                  0.09154193 
                  0.94138652                  0.94461566                  0.97587258                  0.08952783                  0.09403430 
                  0.96683365                  0.97014743                  1.00208795                  0.09193794                  0.09654465 
                  0.99245447                  0.99585313                  1.02847338                  0.09436422                  0.09907086 
                  1.01822710                  1.02171052                  1.05500615                  0.09680459                  0.10161074 
                  1.04412866                  1.04769695                  1.08166242                  0.09925689                  0.10416202 
                  1.07013583                  1.07378876                  1.10841775                  0.10171890                  0.10672235 
                  1.09622419                  1.09996164                  1.13524663                  0.10418830                  0.10928935 
                  1.12236881                  1.12619066                  1.16212320                  0.10666277                  0.11186052 
                  1.14854419                  1.15244985                  1.18902099                  0.10913987                  0.11443332 
                  1.17472410                  1.17871296                  1.21591282                  0.11161716                  0.11700517 
                  1.20088196                  1.20495307                  1.24277055                  0.11409207                  0.11957341 
                  1.22699010                  1.23114288                  1.26956582                  0.11656205                  0.12213534 
                  1.25302100                  1.25725424                  1.29627013                  0.11902447                  0.12468822 
                  1.27894616                  1.28325915                  1.32285392                  0.12147664                  0.12722924 
                  1.30473697                  1.30912840                  1.34928763                  0.12391588                  0.12975562 
                  1.33036447                  1.33483326                  1.37554109                  0.12633944                  0.13226447 
                  1.35579944                  1.36034393                  1.40158427                  0.12874456                  0.13475291 
                  1.38101232                  1.38563108                  1.42738640                  0.13112845                  0.13721809 
                  1.40597343                  1.41066468                  1.45291710                  0.13348834                  0.13965704 
                  1.43065298                  1.43541479                  1.47814536                  0.13582140                  0.14206687 
                  1.45502102                  1.45985150                  1.50304055                  0.13812482                  0.14444464 
                  1.47904766                  1.48394489                  1.52757192                  0.14039578                  0.14678746 
                  1.50270319                  1.50766492                  1.55170846                  0.14263147                  0.14909241 
                  1.52595794                  1.53098190                  1.57541990                  0.14482911                  0.15135656 
                  1.54878235                  1.55386603                  1.59867585                  0.14698592                  0.15357706 
                  1.57114720                  1.57628798                  1.62144637                  0.14909914                  0.15575108 
                  1.59302354                  1.59821892                  1.64370179                  0.15116605                  0.15787578 
                  1.61438274                  1.61962998                  1.66541278                  0.15318394                  0.15994841 
                  1.63519692                  1.64049292                  1.68655062                  0.15515019                  0.16196622 
                  1.65543807                  1.66078019                  1.70708716                  0.15706222                  0.16392657 
                  1.67507946                  1.68046451                  1.72699440                  0.15891743                  0.16582683 
                  1.69409454                  1.69951940                  1.74624586                  0.16071337                  0.16766444 
                  1.71245766                  1.71791899                  1.76481509                  0.16244763                  0.16943692 
                  1.73014379                  1.73563814                  1.78267682                  0.16411786                  0.17114185 
                  1.74712873                  1.75265276                  1.79980624                  0.16572180                  0.17277694 
                  1.76338899                  1.76893938                  1.81617987                  0.16725723                  0.17433992 
                  1.77890241                  1.78447556                  1.83177483                  0.16872203                  0.17582867 
                  1.79364729                  1.79923987                  1.84656966                  0.17011422                  0.17724112 
                  1.80760336                  1.81321156                  1.86054349                  0.17143184                  0.17857534 
                  1.82075131                  1.82637131                  1.87367702                  0.17267312                  0.17982945 
                  1.83307278                  1.83870089                  1.88595200                  0.17383629                  0.18100177 
                  1.84455061                  1.85018313                  1.89735138                  0.17491980                  0.18209064 
                  1.85516894                  1.86080182                  1.90785921                  0.17592211                  0.18309459 
                  1.86491323                  1.87054253                  1.91746092                  0.17684184                  0.18401223 
                  1.87376976                  1.87939167                  1.92614317                  0.17767775                  0.18484233 
                  1.88172650                  1.88733733                  1.93389416                  0.17842869                  0.18558374 
                  1.88877285                  1.89436841                  1.94070327                  0.17909372                  0.18623546 
                  1.89489901                  1.90047574                  1.94656146                  0.17967188                  0.18679664 
                  1.90009713                  1.90565109                  1.95146120                  0.18016246                  0.18726656 
                  1.90436065                  1.90988779                  1.95539594                  0.18056476                  0.18764463 
                  1.90768409                  1.91318059                  1.95836103                  0.18087833                  0.18793041 
                  1.91006362                  1.91552579                  1.96035290                  0.18110284                  0.18812355 
                  1.91149676                  1.91692102                  1.96137011                  0.18123803                  0.18822390 
                  1.91198242                  1.91736519                  1.96141195                  0.18128379                  0.18823139 
                  1.91152096                  1.91685855                  1.96047962                  0.18124017                  0.18814617 
                  1.91011441                  1.91540325                  1.95857561                  0.18110734                  0.18796846 
                  1.90776587                  1.91300225                  1.95570409                  0.18088563                  0.18769862 
                  1.90447998                  1.90966058                  1.95187044                  0.18057543                  0.18733719 
                  1.90026271                  1.90538418                  1.94708145                  0.18017736                  0.18688479 
                  1.89512157                  1.90018070                  1.94134533                  0.17969210                  0.18634222 
                  1.88906515                  1.89405882                  1.93467188                  0.17912048                  0.18571040 
                  1.88210368                  1.88702869                  1.92707205                  0.17846344                  0.18499036 
                  1.87424850                  1.87910175                  1.91855812                  0.17772205                  0.18418327 
                  1.86551225                  1.87029099                  1.90914392                  0.17689750                  0.18329039 
                  1.85590863                  1.86061037                  1.89884424                  0.17599106                  0.18231320 
                  1.84545279                  1.85007501                  1.88767529                  0.17500420                  0.18125315 
                  1.83416116                  1.83870101                  1.87565434                  0.17393842                  0.18011191 
                  1.82205105                  1.82650614                  1.86279976                  0.17279540                  0.17889120 
                  1.80914068                  1.81350887                  1.84913099                  0.17157683                  0.17759286 
                  1.79544973                  1.79972863                  1.83466876                  0.17028454                  0.17621884 
                  1.78099847                  1.78518617                  1.81943452                  0.16892043                  0.17477119 
                  1.76580822                  1.76990294                  1.80345082                  0.16748655                  0.17325202 
                  1.74990141                  1.75390136                  1.78674090                  0.16598499                  0.17166355 
                  1.73330092                  1.73720479                  1.76932883                  0.16441789                  0.17000803 
                  1.71603072                  1.71983683                  1.75123990                  0.16278750                  0.16828784 
                  1.69811511                  1.70182252                  1.73249948                  0.16109613                  0.16650543 
                  1.67957938                  1.68318701                  1.71313393                  0.15934613                  0.16466323 
                  1.66044950                  1.66395605                  1.69317031                  0.15753996                  0.16276380 
                  1.64075148                  1.64415634                  1.67263591                  0.15568006                  0.16080976 
                  1.62051237                  1.62381458                  1.65155852                  0.15376897                  0.15880370 
                  1.59975934                  1.60295844                  1.62996638                  0.15180925                  0.15674832 
                  1.57851970                  1.58161545                  1.60788810                  0.14980346                  0.15464631 
                  1.55682170                  1.55981386                  1.58535254                  0.14775430                  0.15250041 
                  1.53469312                  1.53758156                  1.56238878                  0.14566433                  0.15031336 
                  1.51216221                  1.51494718                  1.53902614                  0.14353627                  0.14808795 
                  1.48925757                  1.49193907                  1.51529396                  0.14137276                  0.14582694 
                  1.46600759                  1.46858609                  1.49122143                  0.13917649                  0.14353311 
                  1.44244075                  1.44491661                  1.46683812                  0.13695012                  0.14120926 
                  1.41858542                  1.42095923                  1.44217312                  0.13469633                  0.13885814 
                  1.39446998                  1.39674246                  1.41725564                  0.13241781                  0.13648251 
                  1.37012243                  1.37229431                  1.39211464                  0.13011718                  0.13408510 
                  1.34557080                  1.34764302                  1.36677849                  0.12779705                  0.13166866 
                  1.32084286                  1.32281625                  1.34127569                  0.12546007                  0.12923585 
                  1.29596555                  1.29784179                  1.31563449                  0.12310880                  0.12678936 
                  1.27096629                  1.27274644                  1.28988242                  0.12074579                  0.12433179 
                  1.24587154                  1.24755704                  1.26404667                  0.11837353                  0.12186573 
                  1.22070742                  1.22229970                  1.23815370                  0.11599448                  0.11939374 
                  1.19549954                  1.19700015                  1.21223021                  0.11361108                  0.11691826 
                  1.17027318                  1.17168367                  1.18630135                  0.11122569                  0.11444177 
                  1.14505279                  1.14637482                  1.16039240                  0.10884064                  0.11196662 
                  1.11986244                  1.12109792                  1.13452756                  0.10645817                  0.10949516 
                  1.09472537                  1.09587622                  1.10873079                  0.10408049                  0.10702963 
                  1.06966436                  1.07073236                  1.08302498                  0.10170974                  0.10457222 
                  1.04470146                  1.04568851                  1.05743253                  0.09934800                  0.10212507 
                  1.01985800                  1.02076602                  1.03197491                  0.09699731                  0.09969023 
                  0.99515438                  0.99598575                  1.00667298                  0.09465957                  0.09726970 
                  0.97061050                  0.97136742                  0.98154676                  0.09233667                  0.09486538 
                  0.94624549                  0.94693011                  0.95661533                  0.09003042                  0.09247911 
                  0.92207754                  0.92269206                  0.93189722                  0.08774253                  0.09011265 
                  0.89812422                  0.89867073                  0.90740997                  0.08547466                  0.08776767 
                  0.87440211                  0.87488300                  0.88317031                  0.08322841                  0.08544579 
                  0.85092711                  0.85134465                  0.85919416                  0.08100525                  0.08314853 
                  0.82771438                  0.82807076                  0.83549643                  0.07880663                  0.08087734 
                  0.80477798                  0.80507559                  0.81209135                  0.07663389                  0.07863358 
                  0.78213120                  0.78237242                  0.78899235                  0.07448829                  0.07641852 
                  0.75978678                  0.75997394                  0.76621181                  0.07237103                  0.07423338 
                  0.73775637                  0.73789179                  0.74376130                  0.07028323                  0.07207926 
                  0.71605092                  0.71613699                  0.72165173                  0.06822591                  0.06995723 
                  0.69468063                  0.69471949                  0.69989300                  0.06620004                  0.06786825 
                  0.67365468                  0.67364860                  0.67849416                  0.06420653                  0.06581319 
                  0.65298158                  0.65293288                  0.65746355                  0.06224616                  0.06379288 
                  0.63266909                  0.63257998                  0.63680869                  0.06031968                  0.06180803 
                  0.61272413                  0.61259681                  0.61653620                  0.05842774                  0.05985932 
                  0.59315300                  0.59298944                  0.59665209                  0.05657096                  0.05794732 
                  0.57396102                  0.57376337                  0.57716143                  0.05474985                  0.05607256 
                  0.55515289                  0.55492336                  0.55806881                  0.05296487                  0.05423547 
                  0.53673273                  0.53647321                  0.53937775                  0.05121640                  0.05243642 
                  0.51870370                  0.51841635                  0.52109140                  0.04950478                  0.05067572 
                  0.50106859                  0.50075519                  0.50321209                  0.04783025                  0.04895362 
                  0.48382935                  0.48349193                  0.48574138                  0.04619301                  0.04727028 
                  0.46698731                  0.46662772                  0.46868035                  0.04459321                  0.04562585 
                  0.45054325                  0.45016333                  0.45202941                  0.04303093                  0.04402037 
                  0.43449742                  0.43409887                  0.43578836                  0.04150619                  0.04245384 
                  0.41884935                  0.41843387                  0.41995648                  0.04001898                  0.04092623 
                  0.40359813                  0.40316734                  0.40453252                  0.03856920                  0.03943741 
                  0.38874230                  0.38829786                  0.38951460                  0.03715674                  0.03798726 
                  0.37427998                  0.37382334                  0.37490046                  0.03578141                  0.03657556 
                  0.36020872                  0.35974142                  0.36068726                  0.03444302                  0.03520207 
                  0.34652567                  0.34604913                  0.34687185                  0.03314129                  0.03386651 
                  0.33322760                  0.33274314                  0.33345065                  0.03187592                  0.03256854 
                  0.32031083                  0.31981975                  0.32041958                  0.03064658                  0.03130780 
                  0.30777133                  0.30727488                  0.30777425                  0.02945290                  0.03008390 
                  0.29560471                  0.29510406                  0.29550993                  0.02829448                  0.02889640 
                  0.28380623                  0.28330258                  0.28362155                  0.02717087                  0.02774483 
                  0.27237096                  0.27186537                  0.27210379                  0.02608161                  0.02662870 
                  0.26129353                  0.26078707                  0.26095098                  0.02502621                  0.02554749 
                  0.25056848                  0.25006202                  0.25015727                  0.02400416                  0.02450065 
                  0.24018997                  0.23968446                  0.23971654                  0.02301492                  0.02348762 
                  0.23015203                  0.22964835                  0.22962250                  0.02205792                  0.02250782 
                  0.22044851                  0.21994744                  0.21986863                  0.02113260                  0.02156062 
                  0.21107301                  0.21057534                  0.21044827                  0.02023836                  0.02064542 
                  0.20201905                  0.20152546                  0.20135464                  0.01937458                  0.01976158 
                  0.19328001                  0.19279116                  0.19258077                  0.01854066                  0.01890844 
                  0.18484911                  0.18436563                  0.18411966                  0.01773595                  0.01808534 
                  0.17671953                  0.17624193                  0.17596419                  0.01695982                  0.01729163 
                  0.16888434                  0.16841315                  0.16810717                  0.01621162                  0.01652661 
                  0.16133654                  0.16087224                  0.16054131                  0.01549069                  0.01578962 
                  0.15406911                  0.15361211                  0.15325937                  0.01479638                  0.01507995 
                  0.14707498                  0.14662568                  0.14625406                  0.01412801                  0.01439693 
                  0.14034708                  0.13990583                  0.13951805                  0.01348492                  0.01373986 
                  0.13387831                  0.13344543                  0.13304400                  0.01286645                  0.01310806 
                  0.12766162                  0.12723735                  0.12682468                  0.01227194                  0.01250082 
                  0.12168993                  0.12127452                  0.12085281                  0.01170071                  0.01191748 
                  0.11595625                  0.11554990                  0.11512118                  0.01115211                  0.01135733 
                  0.11045358                  0.11005648                  0.10962263                  0.01062548                  0.01081971 
                  0.10517503                  0.10478731                  0.10435006                  0.01012017                  0.01030393 
                  0.10011374                  0.09973551                  0.09929647                  0.00963553                  0.00980934 
                  0.09526292                  0.09489428                  0.09445489                  0.00917092                  0.00933527 
                  0.09061588                  0.09025688                  0.08981848                  0.00872572                  0.00888106 
                  0.08616602                  0.08581670                  0.08538049                  0.00829930                  0.00844609 
                  0.08190680                  0.08156718                  0.08113429                  0.00789104                  0.00802970 
                  0.07783184                  0.07750190                  0.07707332                  0.00750033                  0.00763128 
                  0.07393482                  0.07361453                  0.07319115                  0.00712659                  0.00725022 
                  0.07020956                  0.06989887                  0.06948148                  0.00676923                  0.00688590 
                  0.06664997                  0.06634882                  0.06593814                  0.00642766                  0.00653775 
                  0.06325012                  0.06295843                  0.06255507                  0.00610134                  0.00620518 
                  0.06000417                  0.05972185                  0.05932635                  0.00578970                  0.00588762 
                  0.05690644                  0.05663337                  0.05624621                  0.00549221                  0.00558452 
                  0.05395134                  0.05368741                  0.05330899                  0.00520834                  0.00529534 
                  0.05113346                  0.05087854                  0.05050919                  0.00493758                  0.00501955 
                  0.04844749                  0.04820143                  0.04784144                  0.00467942                  0.00475664 
                  0.04588828                  0.04565092                  0.04530051                  0.00443338                  0.00450609 
                  0.04345080                  0.04322198                  0.04288133                  0.00419898                  0.00426743 
                  0.04113015                  0.04090971                  0.04057894                  0.00397575                  0.00404017 
                  0.03892159                  0.03870936                  0.03838856                  0.00376324                  0.00382386 
                  0.03682052                  0.03661631                  0.03630552                  0.00356102                  0.00361804 
                  0.03482245                  0.03462608                  0.03432531                  0.00336865                  0.00342229 
                  0.03292304                  0.03273433                  0.03244355                  0.00318574                  0.00323617 
                  0.03111810                  0.03093685                  0.03065601                  0.00301187                  0.00305928 
                  0.02940357                  0.02922957                  0.02895860                  0.00284667                  0.00289122 
                  0.02777549                  0.02760857                  0.02734735                  0.00268975                  0.00273160 
                  0.02623007                  0.02607002                  0.02581844                  0.00254076                  0.00258007 
                  0.02476365                  0.02461027                  0.02436818                  0.00239934                  0.00243626 
                  0.02337266                  0.02322576                  0.02299300                  0.00226516                  0.00229982 
                  0.02205370                  0.02191308                  0.02168947                  0.00213789                  0.00217043 
                  0.02080347                  0.02066893                  0.02045428                  0.00201721                  0.00204776 
                  0.01961880                  0.01949014                  0.01928424                  0.00190284                  0.00193149 
                  0.01849662                  0.01837365                  0.01817631                  0.00179446                  0.00182134 
                  0.01743399                  0.01731653                  0.01712752                  0.00169181                  0.00171702 
                  0.01642810                  0.01631595                  0.01613504                  0.00159461                  0.00161825 
                  0.01547623                  0.01536920                  0.01519617                  0.00150260                  0.00152477 
                  0.01457576                  0.01447367                  0.01430829                  0.00141554                  0.00143632 
                  0.01372419                  0.01362687                  0.01346891                  0.00133318                  0.00135265 
                  0.01291914                  0.01282639                  0.01267561                  0.00125530                  0.00127355 
                  0.01215829                  0.01206995                  0.01192611                  0.00118167                  0.00119877 
                  0.01143944                  0.01135534                  0.01121821                  0.00111209                  0.00112810 
                  0.01076048                  0.01068045                  0.01054980                  0.00104635                  0.00106134 
                  0.01011940                  0.01004328                  0.00991886                  0.00098426                  0.00099830 
                  0.00951426                  0.00944189                  0.00932349                  0.00092564                  0.00093878 
                  0.00894321                  0.00887444                  0.00876182                  0.00087030                  0.00088260 
                  0.00840450                  0.00833918                  0.00823212                  0.00081808                  0.00082959 
                  0.00789644                  0.00783442                  0.00773270                  0.00076882                  0.00077959 
                  0.00741743                  0.00735857                  0.00726197                  0.00072236                  0.00073244 
                  0.00696593                  0.00691008                  0.00681840                  0.00067856                  0.00068798 
                  0.00654047                  0.00648752                  0.00640054                  0.00063727                  0.00064608 
                  0.00613968                  0.00608948                  0.00600702                  0.00059837                  0.00060661 
                  0.00576222                  0.00571466                  0.00563650                  0.00056172                  0.00056942 
                  0.00540682                  0.00536178                  0.00528774                  0.00052720                  0.00053440 
                  0.00507229                  0.00502965                  0.00495954                  0.00049470                  0.00050143 
                  0.00475749                  0.00471713                  0.00465079                  0.00046411                  0.00047040 
                  0.00446132                  0.00442314                  0.00436038                  0.00043532                  0.00044120 
                  0.00418276                  0.00414666                  0.00408731                  0.00040824                  0.00041373 
                  0.00392083                  0.00388670                  0.00383061                  0.00038277                  0.00038789 
                  0.00367459                  0.00364233                  0.00358934                  0.00035881                  0.00036360 
                  0.00344315                  0.00341269                  0.00336264                  0.00033629                  0.00034076 
                  0.00322569                  0.00319693                  0.00314968                  0.00031512                  0.00031930 
                  0.00302141                  0.00299425                  0.00294968                  0.00029523                  0.00029913 
                  0.00282955                  0.00280393                  0.00276188                  0.00027655                  0.00028019 
                  0.00264940                  0.00262523                  0.00258558                  0.00025900                  0.00026240 
                  0.00248028                  0.00245749                  0.00242012                  0.00024252                  0.00024569 
                  0.00232155                  0.00230007                  0.00226486                  0.00022705                  0.00023001 
                  0.00217261                  0.00215237                  0.00211920                  0.00021253                  0.00021529 
                  0.00203288                  0.00201382                  0.00198259                  0.00019891                  0.00020148 
                  0.00190183                  0.00188387                  0.00185448                  0.00018613                  0.00018853 
                  0.00177894                  0.00176203                  0.00173438                  0.00017414                  0.00017638 
                  0.00166372                  0.00164781                  0.00162180                  0.00016289                  0.00016498 
                  0.00155572                  0.00154075                  0.00151629                  0.00015235                  0.00015430 
                  0.00145450                  0.00144042                  0.00141743                  0.00014247                  0.00014428 
                  0.00135966                  0.00134643                  0.00132483                  0.00013321                  0.00013490 
                  0.00127082                  0.00125838                  0.00123809                  0.00012453                  0.00012611 
                  0.00118761                  0.00117592                  0.00115686                  0.00011640                  0.00011787 
                  0.00110969                  0.00109870                  0.00108081                  0.00010878                  0.00011015 
                  0.00103673                  0.00102641                  0.00100962                  0.00010165                  0.00010293 
                  0.00096843                  0.00095875                  0.00094299                  0.00009497                  0.00009616 
                  0.00090451                  0.00089542                  0.00088064                  0.00008872                  0.00008983 
                  0.00084470                  0.00083616                  0.00082230                  0.00008287                  0.00008391 
                  0.00078873                  0.00078073                  0.00076773                  0.00007740                  0.00007836 
                  0.00073638                  0.00072887                  0.00071669                  0.00007227                  0.00007317 
                  0.00068742                  0.00068038                  0.00066897                  0.00006748                  0.00006832 
                  0.00064163                  0.00063503                  0.00062434                  0.00006300                  0.00006377 
                  0.00059882                  0.00059263                  0.00058262                  0.00005880                  0.00005953 
                  0.00055880                  0.00055300                  0.00054362                  0.00005488                  0.00005556 
                  0.00052139                  0.00051596                  0.00050718                  0.00005122                  0.00005185 
                  0.00048643                  0.00048134                  0.00047312                  0.00004779                  0.00004838 
                  0.00045376                  0.00044900                  0.00044131                  0.00004459                  0.00004514 
                  0.00042324                  0.00041878                  0.00041159                  0.00004160                  0.00004211 
                  0.00039473                  0.00039055                  0.00038383                  0.00003880                  0.00003928 
                  0.00036809                  0.00036419                  0.00035790                  0.00003619                  0.00003663 
                  0.00034323                  0.00033957                  0.00033369                  0.00003375                  0.00003416 
                  0.00032000                  0.00031659                  0.00031109                  0.00003147                  0.00003185 
                  0.00029832                  0.00029513                  0.00028999                  0.00002935                  0.00002970 
                  0.00027808                  0.00027509                  0.00027029                  0.00002736                  0.00002769 
                  0.00025919                  0.00025640                  0.00025191                  0.00002550                  0.00002581 
                  0.00024156                  0.00023895                  0.00023476                  0.00002377                  0.00002406 
                  0.00022510                  0.00022266                  0.00021875                  0.00002216                  0.00002242 
                  0.00020975                  0.00020747                  0.00020382                  0.00002065                  0.00002090 
                  0.00019543                  0.00019330                  0.00018989                  0.00001924                  0.00001947 
                  0.00018207                  0.00018008                  0.00017690                  0.00001793                  0.00001814 
                  0.00016961                  0.00016775                  0.00016478                  0.00001670                  0.00001690 
                  0.00015799                  0.00015625                  0.00015348                  0.00001556                  0.00001575 
                  0.00014715                  0.00014553                  0.00014294                  0.00001450                  0.00001467 
                  0.00013704                  0.00013553                  0.00013312                  0.00001350                  0.00001366 
                  0.00012762                  0.00012621                  0.00012396                  0.00001258                  0.00001272 
                  0.00011884                  0.00011752                  0.00011542                  0.00001171                  0.00001185 
                  0.00011065                  0.00010942                  0.00010747                  0.00001091                  0.00001104 
                  0.00010302                  0.00010187                  0.00010005                  0.00001016                  0.00001028 
                  0.00009591                  0.00009484                  0.00009314                  0.00000946                  0.00000957 
                  0.00008928                  0.00008828                  0.00008670                  0.00000880                  0.00000891 
                  0.00008310                  0.00008218                  0.00008070                  0.00000820                  0.00000829 
                  0.00007735                  0.00007649                  0.00007511                  0.00000763                  0.00000772 
                  0.00007199                  0.00007119                  0.00006990                  0.00000710                  0.00000718 
                  0.00006700                  0.00006625                  0.00006505                  0.00000661                  0.00000669 
                  0.00006235                  0.00006165                  0.00006053                  0.00000615                  0.00000622 
                  0.00005802                  0.00005736                  0.00005633                  0.00000572                  0.00000579 
                  0.00005398                  0.00005337                  0.00005241                  0.00000533                  0.00000539 
                  0.00005023                  0.00004966                  0.00004876                  0.00000496                  0.00000502 
                  0.00004673                  0.00004620                  0.00004536                  0.00000461                  0.00000467 
                  0.00004347                  0.00004298                  0.00004220                  0.00000429                  0.00000434 
                  0.00004044                  0.00003998                  0.00003925                  0.00000399                  0.00000404 
                  0.00003762                  0.00003719                  0.00003651                  0.00000371                  0.00000376 
                  0.00003499                  0.00003459                  0.00003396                  0.00000346                  0.00000350 
                  0.00003254                  0.00003217                  0.00003159                  0.00000321                  0.00000325 
                  0.00003027                  0.00002992                  0.00002938                  0.00000299                  0.00000302 
                  0.00002815                  0.00002783                  0.00002732                  0.00000278                  0.00000281 
                  0.00002617                  0.00002588                  0.00002541                  0.00000259                  0.00000262 
                  0.00002434                  0.00002406                  0.00002362                  0.00000240                  0.00000243 
                  0.00002263                  0.00002237                  0.00002197                  0.00000224                  0.00000226 
                  0.00002104                  0.00002080                  0.00002042                  0.00000208                  0.00000210 
                  0.00001957                  0.00001934                  0.00001899                  0.00000193                  0.00000196 
                  0.00001819                  0.00001798                  0.00001765                  0.00000180                  0.00000182 
                  0.00001691                  0.00001672                  0.00001641                  0.00000167                  0.00000169 
                  0.00001572                  0.00001554                  0.00001526                  0.00000155                  0.00000157 
                  0.00001461                  0.00001445                  0.00001418                  0.00000144                  0.00000146 
                  0.00001359                  0.00001343                  0.00001318                  0.00000134                  0.00000136 
                  0.00001263                  0.00001248                  0.00001225                  0.00000125                  0.00000126 
                  0.00001174                  0.00001160                  0.00001139                  0.00000116                  0.00000117 
                  0.00001091                  0.00001078                  0.00001059                  0.00000108                  0.00000109 
                  0.00001014                  0.00001002                  0.00000984                  0.00000100                  0.00000101 
                  0.00000942                  0.00000931                  0.00000914                  0.00000093                  0.00000094 
                  0.00000876                  0.00000866                  0.00000850                  0.00000087                  0.00000088 
                  0.00000814                  0.00000804                  0.00000790                  0.00000081                  0.00000081 
                  0.00000756                  0.00000748                  0.00000734                  0.00000075                  0.00000076 
                  0.00000703                  0.00000695                  0.00000682                  0.00000070                  0.00000070 
                  0.00000653                  0.00000645                  0.00000634                  0.00000065                  0.00000065 
                  0.00000607                  0.00000600                  0.00000589                  0.00000060                  0.00000061 
                  0.00000564                  0.00000557                  0.00000547                  0.00000056                  0.00000056 
                  0.00000524                  0.00000518                  0.00000508                  0.00000052                  0.00000052 
                  0.00000487                  0.00000481                  0.00000472                  0.00000048                  0.00000049 
                  0.00000452                  0.00000447                  0.00000439                  0.00000045                  0.00000045 
                  0.00000420                  0.00000415                  0.00000407                  0.00000042                  0.00000042 
                  0.00000390                  0.00000386                  0.00000379                  0.00000039                  0.00000039 
                  0.00000362                  0.00000358                  0.00000352                  0.00000036                  0.00000036 
                  0.00000337                  0.00000333                  0.00000327                  0.00000033                  0.00000034 
                  0.00000313                  0.00000309                  0.00000303                  0.00000031                  0.00000031 
                  0.00000290                  0.00000287                  0.00000282                  0.00000029                  0.00000029 
                  0.00000270                  0.00000267                  0.00000262                  0.00000027                  0.00000027 
                  0.00000251                  0.00000248                  0.00000243                  0.00000025                  0.00000025 
                  0.00000233                  0.00000230                  0.00000226                  0.00000023                  0.00000023 
                  0.00000216                  0.00000214                  0.00000210                  0.00000021                  0.00000022 
                  0.00000201                  0.00000198                  0.00000195                  0.00000020                  0.00000020 
                  0.00000186                  0.00000184                  0.00000181                  0.00000018                  0.00000019 
                  0.00000173                  0.00000171                  0.00000168                  0.00000017                  0.00000017 
                  0.00000161                  0.00000159                  0.00000156                  0.00000016                  0.00000016 
                  0.00000149                  0.00000148                  0.00000145                  0.00000015                  0.00000015 
                  0.00000139                  0.00000137                  0.00000135                  0.00000014                  0.00000014 
                  0.00000129                  0.00000127                  0.00000125                  0.00000013                  0.00000013 
                  0.00000120                  0.00000118                  0.00000116                  0.00000012                  0.00000012 
                  0.00000111                  0.00000110                  0.00000108                  0.00000011                  0.00000011 
                  0.00000103                  0.00000102                  0.00000100                  0.00000010                  0.00000010 
                  0.00000096                  0.00000095                  0.00000093                  0.00000009                  0.00000010 
                  0.00000089                  0.00000088                  0.00000086                  0.00000009                  0.00000009 
                  0.00000082                  0.00000082                  0.00000080                  0.00000008                  0.00000008 
                  0.00000077                  0.00000076                  0.00000074                  0.00000008                  0.00000008 
                  0.00000071                  0.00000070                  0.00000069                  0.00000007                  0.00000007 
                  0.00000066                  0.00000065                  0.00000064                  0.00000007                  0.00000007 
                  0.00000061                  0.00000061                  0.00000059                  0.00000006                  0.00000006 
                  0.00000057                  0.00000056                  0.00000055                  0.00000006                  0.00000006 
                  0.00000053                  0.00000052                  0.00000051                  0.00000005                  0.00000005 
                  0.00000049                  0.00000048                  0.00000048                  0.00000005                  0.00000005 
                  0.00000046                  0.00000045                  0.00000044                  0.00000005                  0.00000005 
                  0.00000042                  0.00000042                  0.00000041                  0.00000004                  0.00000004 
                  0.00000039                  0.00000039                  0.00000038                  0.00000004                  0.00000004 
                  0.00000036                  0.00000036                  0.00000035                  0.00000004                  0.00000004 
                  0.00000034                  0.00000033                  0.00000033                  0.00000003                  0.00000003 
                  0.00000031                  0.00000031                  0.00000030                  0.00000003                  0.00000003 
                  0.00000029                  0.00000029                  0.00000028                  0.00000003                  0.00000003 
                  0.00000027                  0.00000027                  0.00000026                  0.00000003                  0.00000003 
                  0.00000025                  0.00000025                  0.00000024                  0.00000002                  0.00000003 
                  0.00000023                  0.00000023                  0.00000023                  0.00000002                  0.00000002 
                  0.00000022                  0.00000021                  0.00000021                  0.00000002                  0.00000002 
                  0.00000020                  0.00000020                  0.00000019                  0.00000002                  0.00000002 
                  0.00000019                  0.00000018                  0.00000018                  0.00000002                  0.00000002 
                  0.00000017                  0.00000017                  0.00000017                  0.00000002                  0.00000002 
                  0.00000016                  0.00000016                  0.00000016                  0.00000002                  0.00000002 
                  0.00000015                  0.00000015                  0.00000014                  0.00000001                  0.00000001 
                  0.00000014                  0.00000014                  0.00000013                  0.00000001                  0.00000001 
                  0.00000013                  0.00000013                  0.00000012                  0.00000001                  0.00000001 
                  0.00000012                  0.00000012                  0.00000012                  0.00000001                  0.00000001 
                  0.00000011                  0.00000011                  0.00000011                  0.00000001                  0.00000001 
                  0.00000010                  0.00000010                  0.00000010                  0.00000001                  0.00000001 
                  0.00000009                  0.00000009                  0.00000009                  0.00000001                  0.00000001 
                  0.00000009                  0.00000009                  0.00000009                  0.00000001                  0.00000001 
                  0.00000008                  0.00000008                  0.00000008                  0.00000001                  0.00000001 
                  0.00000008                  0.00000008                  0.00000007                  0.00000001                  0.00000001 
                  0.00000007                  0.00000007                  0.00000007                  0.00000001                  0.00000001 
                  0.00000007                  0.00000006                  0.00000006                  0.00000001                  0.00000001 
                  0.00000006                  0.00000006                  0.00000006                  0.00000001                  0.00000001 
                  0.00000006                  0.00000006                  0.00000005                  0.00000001                  0.00000001 
                  0.00000005                  0.00000005                  0.00000005                  0.00000001                  0.00000001 
                  0.00000005                  0.00000005                  0.00000005                  0.00000000                  0.00000000 
                  0.00000004                  0.00000004                  0.00000004                  0.00000000                  0.00000000 
                  0.00000004                  0.00000004                  0.00000004                  0.00000000                  0.00000000 
                  0.00000004                  0.00000004                  0.00000004                  0.00000000                  0.00000000 
                  0.00000004                  0.00000004                  0.00000003                  0.00000000                  0.00000000 
                  0.00000003                  0.00000003                  0.00000003                  0.00000000                  0.00000000 
                  0.00000003                  0.00000003                  0.00000003                  0.00000000                  0.00000000 
                  0.00000003                  0.00000003                  0.00000003                  0.00000000                  0.00000000 
                  0.00000003                  0.00000003                  0.00000003                  0.00000000                  0.00000000 
                  0.00000002                  0.00000002                  0.00000002                  0.00000000                  0.00000000 
                  0.00000002                  0.00000002                  0.00000002                  0.00000000                  0.00000000 
                  0.00000002                  0.00000002                  0.00000002                  0.00000000                  0.00000000 
                  0.00000002                  0.00000002                  0.00000002                  0.00000000                  0.00000000 
                  0.00000002                  0.00000002                  0.00000002                  0.00000000                  0.00000000 
                  0.00000002                  0.00000002                  0.00000002                  0.00000000                  0.00000000 
                  0.00000002                  0.00000002                  0.00000002                  0.00000000                  0.00000000 
                  0.00000001                  0.00000001                  0.00000001                  0.00000000                  0.00000000 
                  0.00000001                  0.00000001                  0.00000001                  0.00000000                  0.00000000 
                  0.00000001                  0.00000001                  0.00000001                  0.00000000                  0.00000000 
                  0.00000001                  0.00000001                  0.00000001                  0.00000000                  0.00000000 
                  0.00000001                  0.00000001                  0.00000001                  0.00000000                  0.00000000 
                  0.00000001                  0.00000001                  0.00000001                  0.00000000                  0.00000000 
                  0.00000001                  0.00000001                  0.00000001                  0.00000000                  0.00000000 
                  0.00000001                  0.00000001                  0.00000001                  0.00000000                  0.00000000 
                  0.00000001                  0.00000001                  0.00000001                  0.00000000                  0.00000000 
                  0.00000001                  0.00000001                  0.00000001                  0.00000000                  0.00000000 
                  0.00000001                  0.00000001                  0.00000001                  0.00000000                  0.00000000 
                  0.00000001                  0.00000001                  0.00000001                  0.00000000                  0.00000000 
                  0.00000001                  0.00000001                  0.00000001                  0.00000000                  0.00000000 
                  0.00000001                  0.00000001                  0.00000001                  0.00000000                  0.00000000 
                  0.00000001                  0.00000001                  0.00000000                  0.00000000                  0.00000000 
                  0.00000000                  0.00000000                  0.00000000                  0.00000000                  0.00000000 
                  0.00000000                  0.00000000                  0.00000000                  0.00000000                  0.00000000 
                  0.00000000                  0.00000000                  0.00000000                  0.00000000                  0.00000000 
                  0.00000000                  0.00000000                  0.00000000                  0.00000000                  0.00000000 
                  0.00000000                  0.00000000                  0.00000000                  0.00000000                  0.00000000 
                  0.00000000                  0.00000000                  0.00000000                  0.00000000                  0.00000000 
                  0.00000000                  0.00000000                  0.00000000                  0.00000000                  0.00000000 
                  0.00000000                  0.00000000                  0.00000000                  0.00000000                  0.00000000 
                  0.00000000                  0.00000000                  0.00000000                  0.00000000                  0.00000000 
                  0.00000000                  0.00000000                  0.00000000                  0.00000000                  0.00000000 
                  0.00000000                  0.00000000                  0.00000000                  0.00000000                  0.00000000 
                  0.00000000                  0.00000000                  0.00000000                  0.00000000                  0.00000000 
                  0.00000000                  0.00000000                  0.00000000                  0.00000000                  0.00000000 
                  0.00000000                  0.00000000                  0.00000000                  0.00000000                  0.00000000 
                  0.00000000                  0.00000000                  0.00000000                  0.00000000                  0.00000000 
                  0.00000000                  0.00000000                  0.00000000                  0.00000000                  0.00000000 
                  0.00000000                  0.00000000                  0.00000000                  0.00000000                  0.00000000 
                  0.00000000                  0.00000000                  0.00000000                  0.00000000                  0.00000000 
                  0.00000000                  0.00000000                  0.00000000                  0.00000000                  0.00000000 
                  0.00000000                  0.00000000                  0.00000000                  0.00000000                  0.00000000 
                  0.00000000                  0.00000000                  0.00000000                  0.00000000                  0.00000000 
                  0.00000000                  0.00000000                  0.00000000                  0.00000000                  0.00000000 
                  0.00000000                  0.00000000                  0.00000000                  0.00000000                  0.00000000 
                  0.00000000                  0.00000000                  0.00000000                  0.00000000                  0.00000000 
                  0.00000000                  0.00000000                  0.00000000                  0.00000000                  0.00000000 
                  0.00000000                  0.00000000                  0.00000000                  0.00000000                  0.00000000 
                  0.00000000                  0.00000000                  0.00000000                  0.00000000                  0.00000000 
