                  0.00000080                  0.00000080                  0.00000080                  0.00000080                  0.00000080                  0.00000080                  0.00000090                  0.00000090                  0.00000090                  0.00000090 
                  0.00000179                  0.00000179                  0.00000179                  0.00000194                  0.00000194 
                  0.00000299                  0.00000299                  0.00000299                  0.00000315                  0.00000315 
                  0.00000443                  0.00000443                  0.00000439                  0.00000458                  0.00000453 
                  0.00000614                  0.00000614                  0.00000605                  0.00000620                  0.00000611 
                  0.00000814                  0.00000808                  0.00000800                  0.00000813                  0.00000790 
                  0.00001048                  0.00001039                  0.00001015                  0.00001032                  0.00001001 
                  0.00001317                  0.00001307                  0.00001269                  0.00001281                  0.00001232 
                  0.00001626                  0.00001609                  0.00001559                  0.00001571                  0.00001494 
                  0.00001980                  0.00001956                  0.00001885                  0.00001897                  0.00001795 
                  0.00002380                  0.00002350                  0.00002256                  0.00002269                  0.00002133 
                  0.00002832                  0.00002796                  0.00002675                  0.00002688                  0.00002516 
                  0.00003343                  0.00003295                  0.00003147                  0.00003161                  0.00002950 
                  0.00003918                  0.00003857                  0.00003673                  0.00003698                  0.00003437 
                  0.00004561                  0.00004489                  0.00004266                  0.00004297                  0.00003987 
                  0.00005282                  0.00005193                  0.00004928                  0.00004969                  0.00004606 
                  0.00006087                  0.00005980                  0.00005667                  0.00005725                  0.00005300 
                  0.00006984                  0.00006858                  0.00006491                  0.00006568                  0.00006078 
                  0.00007981                  0.00007835                  0.00007410                  0.00007511                  0.00006947 
                  0.00009091                  0.00008921                  0.00008431                  0.00008562                  0.00007919 
                  0.00010323                  0.00010127                  0.00009566                  0.00009733                  0.00009002 
                  0.00011689                  0.00011464                  0.00010825                  0.00011036                  0.00010208 
                  0.00013204                  0.00012947                  0.00012221                  0.00012483                  0.00011551 
                  0.00014881                  0.00014589                  0.00013767                  0.00014090                  0.00013041 
                  0.00016736                  0.00016405                  0.00015480                  0.00015871                  0.00014696 
                  0.00018786                  0.00018414                  0.00017373                  0.00017843                  0.00016529 
                  0.00021051                  0.00020632                  0.00019465                  0.00020027                  0.00018559 
                  0.00023551                  0.00023081                  0.00021775                  0.00022440                  0.00020805 
                  0.00026309                  0.00025783                  0.00024324                  0.00025106                  0.00023287 
                  0.00029349                  0.00028761                  0.00027134                  0.00028049                  0.00026028 
                  0.00032698                  0.00032043                  0.00030231                  0.00031294                  0.00029052 
                  0.00036385                  0.00035655                  0.00033641                  0.00034871                  0.00032386 
                  0.00040442                  0.00039630                  0.00037393                  0.00038810                  0.00036058 
                  0.00044903                  0.00044000                  0.00041519                  0.00043145                  0.00040101 
                  0.00049805                  0.00048803                  0.00046053                  0.00047912                  0.00044547 
                  0.00055188                  0.00054077                  0.00051033                  0.00053152                  0.00049436 
                  0.00061096                  0.00059866                  0.00056500                  0.00058906                  0.00054805 
                  0.00067577                  0.00066216                  0.00062497                  0.00065223                  0.00060701 
                  0.00074683                  0.00073178                  0.00069071                  0.00072153                  0.00067168 
                  0.00082468                  0.00080806                  0.00076274                  0.00079749                  0.00074260 
                  0.00090993                  0.00089158                  0.00084162                  0.00088073                  0.00082032 
                  0.00100323                  0.00098298                  0.00092795                  0.00097187                  0.00090543 
                  0.00110527                  0.00108296                  0.00102238                  0.00107162                  0.00099858 
                  0.00121683                  0.00119225                  0.00112560                  0.00118072                  0.00110048 
                  0.00133871                  0.00131165                  0.00123838                  0.00129997                  0.00121189 
                  0.00147179                  0.00144203                  0.00136153                  0.00143026                  0.00133362 
                  0.00161703                  0.00158432                  0.00149592                  0.00157252                  0.00146655 
                  0.00177544                  0.00173951                  0.00164251                  0.00172777                  0.00161164 
                  0.00194814                  0.00190868                  0.00180231                  0.00189710                  0.00176990 
                  0.00213629                  0.00209300                  0.00197641                  0.00208168                  0.00194244 
                  0.00234117                  0.00229370                  0.00216599                  0.00228277                  0.00213044 
                  0.00256415                  0.00251213                  0.00237232                  0.00250174                  0.00233518 
                  0.00280669                  0.00274971                  0.00259675                  0.00274004                  0.00255802 
                  0.00307036                  0.00300800                  0.00284073                  0.00299924                  0.00280043 
                  0.00335685                  0.00328863                  0.00310583                  0.00328101                  0.00306400 
                  0.00366796                  0.00359337                  0.00339371                  0.00358717                  0.00335040 
                  0.00400563                  0.00392412                  0.00370616                  0.00391962                  0.00366145 
                  0.00437192                  0.00428291                  0.00404510                  0.00428045                  0.00399910 
                  0.00476905                  0.00467188                  0.00441257                  0.00467186                  0.00436541 
                  0.00519937                  0.00509337                  0.00481075                  0.00509622                  0.00476260 
                  0.00566540                  0.00554983                  0.00524199                  0.00555604                  0.00519306 
                  0.00616984                  0.00604390                  0.00570876                  0.00605403                  0.00565932 
                  0.00671555                  0.00657839                  0.00621374                  0.00659308                  0.00616408 
                  0.00730560                  0.00715629                  0.00675974                  0.00717623                  0.00671023 
                  0.00794323                  0.00778079                  0.00734978                  0.00780678                  0.00730086 
                  0.00863192                  0.00845529                  0.00798708                  0.00848821                  0.00793924 
                  0.00937534                  0.00918339                  0.00867503                  0.00922423                  0.00862886 
                  0.01017742                  0.00996893                  0.00941728                  0.01001878                  0.00937346 
                  0.01104231                  0.01081597                  0.01021767                  0.01087608                  0.01017698 
                  0.01197443                  0.01172885                  0.01108029                  0.01180057                  0.01104362 
                  0.01297846                  0.01271215                  0.01200949                  0.01279700                  0.01197785 
                  0.01405937                  0.01377073                  0.01300985                  0.01387038                  0.01298440 
                  0.01522241                  0.01490973                  0.01408626                  0.01502606                  0.01406831 
                  0.01647314                  0.01613460                  0.01524387                  0.01626967                  0.01523490 
                  0.01781746                  0.01745112                  0.01648813                  0.01760720                  0.01648981 
                  0.01926158                  0.01886537                  0.01782482                  0.01904497                  0.01783901 
                  0.02081208                  0.02038379                  0.01926003                  0.02058968                  0.01928883 
                  0.02247590                  0.02201318                  0.02080019                  0.02224839                  0.02084596 
                  0.02426035                  0.02376070                  0.02245209                  0.02402859                  0.02251744 
                  0.02617314                  0.02563390                  0.02422288                  0.02593815                  0.02431073 
                  0.02822241                  0.02764075                  0.02612012                  0.02798538                  0.02623369 
                  0.03041671                  0.02978963                  0.02815173                  0.03017906                  0.02829462 
                  0.03276503                  0.03208934                  0.03032606                  0.03252842                  0.03050225 
                  0.03527684                  0.03454914                  0.03265189                  0.03504316                  0.03286578 
                  0.03796205                  0.03717878                  0.03513846                  0.03773351                  0.03539489 
                  0.04083111                  0.03998847                  0.03779544                  0.04061021                  0.03809976 
                  0.04389495                  0.04298890                  0.04063299                  0.04368455                  0.04099108 
                  0.04716502                  0.04619133                  0.04366175                  0.04696836                  0.04408009 
                  0.05065334                  0.04960750                  0.04689290                  0.05047406                  0.04737856 
                  0.05437246                  0.05324971                  0.05033810                  0.05421467                  0.05089886 
                  0.05833554                  0.05713086                  0.05400958                  0.05820383                  0.05465394 
                  0.06255628                  0.06126439                  0.05792009                  0.06245581                  0.05865734 
                  0.06704903                  0.06566434                  0.06208299                  0.06698555                  0.06292327 
                  0.07182876                  0.07034538                  0.06651220                  0.07180861                  0.06746656 
                  0.07691105                  0.07532279                  0.07122223                  0.07694133                  0.07230270 
                  0.08231216                  0.08061250                  0.07622821                  0.08240068                  0.07744789 
                  0.08804899                  0.08623109                  0.08154590                  0.08820441                  0.08291901 
                  0.09413916                  0.09219580                  0.08719170                  0.09437098                  0.08873367 
                  0.10060093                  0.09852458                  0.09318265                  0.10091963                  0.09491022 
                  0.10745331                  0.10523602                  0.09953647                  0.10787041                  0.10146776 
                  0.11471672                  0.11235036                  0.10627253                  0.11524259                  0.10842502 
                  0.12241140                  0.11988739                  0.11341016                  0.12305831                  0.11580230 
                  0.13055807                  0.12786730                  0.12096801                  0.13134092                  0.12362241 
                  0.13917866                  0.13631159                  0.12896653                  0.14011367                  0.13190761 
                  0.14829585                  0.14524253                  0.13742687                  0.14940076                  0.14068097 
                  0.15793309                  0.15468310                  0.14637096                  0.15922718                  0.14996642 
                  0.16811457                  0.16465700                  0.15582141                  0.16961879                  0.15978876 
                  0.17886530                  0.17518878                  0.16580158                  0.18060234                  0.17017363 
                  0.19021100                  0.18630369                  0.17633557                  0.19220550                  0.18114756 
                  0.20217817                  0.19802773                  0.18744823                  0.20445679                  0.19273794 
                  0.21479408                  0.21038766                  0.19916512                  0.21738565                  0.20497306 
                  0.22808681                  0.22341105                  0.21151252                  0.23102239                  0.21788207 
                  0.24208516                  0.23712616                  0.22451752                  0.24539827                  0.23149504 
                  0.25681868                  0.25156203                  0.23820785                  0.26054543                  0.24584292 
                  0.27231771                  0.26674843                  0.25261196                  0.27649695                  0.26095754 
                  0.28861326                  0.28271589                  0.26775905                  0.29328674                  0.27687168 
                  0.30573717                  0.29949555                  0.28367907                  0.31094965                  0.29361892 
                  0.32372186                  0.31711933                  0.30040258                  0.32952145                  0.31123373 
                  0.34260052                  0.33561990                  0.31796080                  0.34903863                  0.32975155 
                  0.36240706                  0.35503054                  0.33638567                  0.36953872                  0.34920853 
                  0.38317594                  0.37538511                  0.35570976                  0.39105999                  0.36964184 
                  0.40494227                  0.39671820                  0.37596619                  0.41364151                  0.39108935 
                  0.42774180                  0.41906497                  0.39718878                  0.43732330                  0.41358975 
                  0.45161080                  0.44246107                  0.41941184                  0.46214595                  0.43718258 
                  0.47658616                  0.46694273                  0.44267026                  0.48815098                  0.46190813 
                  0.50270516                  0.49254674                  0.46699947                  0.51538056                  0.48780745 
                  0.53000563                  0.51931030                  0.49243525                  0.54387754                  0.51492226 
                  0.55852580                  0.54727107                  0.51901400                  0.57368553                  0.54329509 
                  0.58830434                  0.57646698                  0.54677236                  0.60484850                  0.57296896 
                  0.61938012                  0.60693651                  0.57574737                  0.63741124                  0.60398769 
                  0.65179235                  0.63871837                  0.60597652                  0.67141902                  0.63639545 
                  0.68558055                  0.67185140                  0.63749743                  0.70691764                  0.67023706 
                  0.72078431                  0.70637476                  0.67034799                  0.74395323                  0.70555788 
                  0.75744349                  0.74232757                  0.70456618                  0.78257239                  0.74240369 
                  0.79559785                  0.77974927                  0.74019027                  0.82282197                  0.78082061 
                  0.83528727                  0.81867915                  0.77725857                  0.86474913                  0.82085514 
                  0.87655157                  0.85915661                  0.81580931                  0.90840137                  0.86255395 
                  0.91943038                  0.90122062                  0.85588068                  0.95382601                  0.90596408 
                  0.96396309                  0.94491041                  0.89751077                  1.00107086                  0.95113260 
                  1.01018906                  0.99026465                  0.94073749                  1.05018330                  0.99810672 
                  1.05814695                  1.03732193                  0.98559844                  1.10121107                  1.04693377 
                  1.10787523                  1.08612013                  1.03213120                  1.15420139                  1.09766078 
                  1.15941191                  1.13669693                  1.08037269                  1.20920157                  1.15033507 
                  1.21279430                  1.18908954                  1.13035917                  1.26625848                  1.20500314 
                  1.26805902                  1.24333429                  1.18212676                  1.32541835                  1.26171160 
                  1.32524228                  1.29946685                  1.23571074                  1.38672745                  1.32050669 
                  1.38437903                  1.35752225                  1.29114568                  1.45023108                  1.38143408 
                  1.44550359                  1.41753447                  1.34846580                  1.51597381                  1.44453907 
                  1.50864923                  1.47953677                  1.40770411                  1.58400011                  1.50986600 
                  1.57384801                  1.54356122                  1.46889246                  1.65435278                  1.57745886 
                  1.64113081                  1.60963869                  1.53206217                  1.72707415                  1.64736080 
                  1.71052766                  1.67779899                  1.59724331                  1.80220532                  1.71961379 
                  1.78206670                  1.74807060                  1.66446447                  1.87978637                  1.79425883 
                  1.85577476                  1.82048082                  1.73375332                  1.95985627                  1.87133622 
                  1.93167746                  1.89505482                  1.80513608                  2.04245257                  1.95088482 
                  2.00979877                  1.97181666                  1.87863767                  2.12761116                  2.03294182 
                  2.09016013                  2.05078912                  1.95428121                  2.21536684                  2.11754370 
                  2.17278266                  2.13199234                  2.03208876                  2.30575228                  2.20472503 
                  2.25768423                  2.21544576                  2.11207986                  2.39879894                  2.29451871 
                  2.34488130                  2.30116606                  2.19427347                  2.49453545                  2.38695645 
                  2.43438888                  2.38916802                  2.27868557                  2.59298992                  2.48206782 
                  2.52621889                  2.47946477                  2.36533117                  2.69418740                  2.57988024 
                  2.62038159                  2.57206702                  2.45422244                  2.79815125                  2.68041992 
                  2.71688461                  2.66698360                  2.54536986                  2.90490246                  2.78371024 
                  2.81573367                  2.76422095                  2.63878226                  3.01446033                  2.88977242 
                  2.91693187                  2.86378264                  2.73446584                  3.12684059                  2.99862623 
                  3.02048016                  2.96567059                  2.83242440                  3.24205685                  3.11028838 
                  3.12637663                  3.06988358                  2.93265963                  3.36012077                  3.22477341 
                  3.23461652                  3.17641783                  3.03517103                  3.48104072                  3.34209323 
                  3.34519243                  3.28526807                  3.13995504                  3.60482264                  3.46225715 
                  3.45809484                  3.39642525                  3.24700642                  3.73146963                  3.58527160 
                  3.57331085                  3.50987816                  3.35631680                  3.86098146                  3.71114087 
                  3.69082546                  3.62561250                  3.46787548                  3.99335575                  3.83986545 
                  3.81062031                  3.74361181                  3.58166885                  4.12858629                  3.97144389 
                  3.93267393                  3.86385584                  3.69768119                  4.26666451                  4.10587120 
                  4.05696249                  3.98632240                  3.81589437                  4.40757751                  4.24313927 
                  4.18345976                  4.11098719                  3.93628573                  4.55131006                  4.38323689 
                  4.31213570                  4.23782063                  4.05883217                  4.69784403                  4.52615070 
                  4.44295692                  4.36679173                  4.18350601                  4.84715796                  4.67186260 
                  4.57588768                  4.49786758                  4.31027746                  4.99922562                  4.82035303 
                  4.71088982                  4.63101053                  4.43911457                  5.15401840                  4.97159672 
                  4.84792185                  4.76618099                  4.56998253                  5.31150532                  5.12556744 
                  4.98693895                  4.90333605                  4.70284224                  5.47165108                  5.28223515 
                  5.12789392                  5.04243040                  4.83765316                  5.63441658                  5.44156551 
                  5.27073622                  5.18341589                  4.97437286                  5.79975986                  5.60352087 
                  5.41541290                  5.32624054                  5.11295462                  5.96763515                  5.76806116 
                  5.56186771                  5.47085238                  5.25334883                  6.13799381                  5.93514204 
                  5.71004248                  5.61719322                  5.39550495                  6.31078339                  6.10471630 
                  5.85987473                  5.76520395                  5.53936815                  6.48594761                  6.27673340 
                  6.01130199                  5.91482258                  5.68488169                  6.66342831                  6.45113945 
                  6.16425610                  6.06598520                  5.83198595                  6.84316349                  6.62787724 
                  6.31866837                  6.21862364                  5.98061991                  7.02508736                  6.80688572 
                  6.47446680                  6.37266922                  6.13071823                  7.20913029                  6.98810101 
                  6.63157701                  6.52804947                  6.28221464                  7.39522123                  7.17145586 
                  6.78992319                  6.68469048                  6.43504047                  7.58328438                  7.35688019 
                  6.94942570                  6.84251595                  6.58912373                  7.77324295                  7.54430008 
                  7.11000443                  7.00144815                  6.74439144                  7.96501398                  7.73364019 
                  7.27157688                  7.16140413                  6.90076923                  8.15851498                  7.92482042 
                  7.43405819                  7.32230330                  7.05817842                  8.35365963                  8.11775970 
                  7.59736061                  7.48406076                  7.21654034                  8.55035782                  8.31237125 
                  7.76139688                  7.64659023                  7.37577343                  8.74851704                  8.50856781 
                  7.92607689                  7.80980349                  7.53579664                  8.94804096                  8.70625973 
                  8.09130859                  7.97361135                  7.69652462                  9.14883614                  8.90535259 
                  8.25699997                  8.13792324                  7.85787106                  9.35080147                  9.10575104 
                  8.42305756                  8.30264854                  8.01974964                  9.55383587                  9.30735779 
                  8.58938503                  8.46769333                  8.18207073                  9.75783634                  9.51007175 
                  8.75588799                  8.63296318                  8.34474373                  9.96269703                  9.71379280 
                  8.92246819                  8.79836369                  8.50768089                 10.16831017                  9.91841602 
                  9.08902740                  8.96379948                  8.67079067                 10.37456799                 10.12383461 
                  9.25546837                  9.12917423                  8.83397865                 10.58135796                 10.32994270 
                  9.42169285                  9.29438782                  8.99715328                 10.78857040                 10.53662872 
                  9.58760166                  9.45934677                  9.16022110                 10.99608994                 10.74378395 
                  9.75309563                  9.62395191                  9.32308865                 11.20380497                 10.95129490 
                  9.91807461                  9.78810692                  9.48565960                 11.41160011                 11.15904713 
                 10.08244228                  9.95171261                  9.64784241                 11.61935902                 11.36692905 
                 10.24609852                 10.11467266                  9.80954075                 11.82696438                 11.57482433 
                 10.40894318                 10.27689075                  9.97066212                 12.03430080                 11.78261757 
                 10.57087898                 10.43826962                 10.13111210                 12.24124908                 11.99019337 
                 10.73180962                 10.59871387                 10.29079628                 12.44769192                 12.19743252 
                 10.89163971                 10.75812721                 10.44962311                 12.65351391                 12.40421867 
                 11.05027294                 10.91641521                 10.60749722                 12.85859394                 12.61043453 
                 11.20761490                 11.07348537                 10.76432896                 13.06281662                 12.81596375 
                 11.36357212                 11.22924519                 10.92002869                 13.26606560                 13.02068901 
                 11.51805401                 11.38360310                 11.07450485                 13.46822453                 13.22449398 
                 11.67096806                 11.53646851                 11.22766781                 13.66917801                 13.42726135 
                 11.82222652                 11.68775463                 11.37943077                 13.86881161                 13.62887669 
                 11.97174263                 11.83737373                 11.52970695                 14.06701183                 13.82922459 
                 12.11942959                 11.98523998                 11.67841244                 14.26366520                 14.02819252 
                 12.26520443                 12.13126945                 11.82546329                 14.45866394                 14.22566509 
                 12.40898609                 12.27538204                 11.97077751                 14.65189648                 14.42153168 
                 12.55069447                 12.41749763                 12.11427498                 14.84325314                 14.61568356 
                 12.69025135                 12.55753803                 12.25587749                 15.03262997                 14.80801105 
                 12.82758236                 12.69542789                 12.39550972                 15.21992111                 14.99840736 
                 12.96261406                 12.83109379                 12.53309631                 15.40502548                 15.18676758 
                 13.09527588                 12.96446514                 12.66856480                 15.58784199                 15.37298775 
                 13.22550011                 13.09547424                 12.80184460                 15.76827335                 15.55696487 
                 13.35322094                 13.22405434                 12.93286705                 15.94622231                 15.73860359 
                 13.47837543                 13.35014057                 13.06156826                 16.12159538                 15.91780567 
                 13.60090351                 13.47367191                 13.18788433                 16.29430199                 16.09447479 
                 13.72074699                 13.59459209                 13.31175423                 16.46425438                 16.26852036 
                 13.83785248                 13.71284389                 13.43311882                 16.63136864                 16.43985176 
                 13.95216751                 13.82837296                 13.55192280                 16.79556084                 16.60838127 
                 14.06364250                 13.94112968                 13.66811180                 16.95674896                 16.77402687 
                 14.17223167                 14.05106831                 13.78163528                 17.11486053                 16.93670273 
                 14.27788925                 14.15814114                 13.89244652                 17.26981544                 17.09633255 
                 14.38057709                 14.26230812                 14.00049686                 17.42154694                 17.25284004 
                 14.48025608                 14.36352825                 14.10574436                 17.56998444                 17.40615463 
                 14.57689095                 14.46176720                 14.20814896                 17.71506500                 17.55620575 
                 14.67045021                 14.55699158                 14.30767059                 17.85672951                 17.70292664 
                 14.76090527                 14.64916801                 14.40427780                 17.99491692                 17.84625244 
                 14.84822941                 14.73827171                 14.49793816                 18.12956810                 17.98612785 
                 14.93240166                 14.82427406                 14.58861923                 18.26063919                 18.12248993 
                 15.01339817                 14.90715408                 14.67629719                 18.38807869                 18.25528908 
                 15.09120274                 14.98689175                 14.76094532                 18.51184082                 18.38447189 
                 15.16580105                 15.06347370                 14.84254169                 18.63188171                 18.50999451 
                 15.23718071                 15.13688183                 14.92107010                 18.74816895                 18.63180923 
                 15.30533409                 15.20710754                 14.99651051                 18.86066246                 18.74987984 
                 15.37025261                 15.27414131                 15.06885147                 18.96933174                 18.86417007 
                 15.43193340                 15.33797646                 15.13807964                 19.07415009                 18.97464371 
                 15.49037457                 15.39861107                 15.20419121                 19.17508888                 19.08127022 
                 15.54557800                 15.45604324                 15.26717567                 19.27212906                 19.18402290 
                 15.59754658                 15.51027584                 15.32703209                 19.36525154                 19.28288078 
                 15.64628792                 15.56131172                 15.38375854                 19.45444489                 19.37781906 
                 15.69180870                 15.60915756                 15.43735790                 19.53969193                 19.46882248 
                 15.73412132                 15.65382099                 15.48782921                 19.62098694                 19.55587769 
                 15.77323914                 15.69531345                 15.53518295                 19.69832039                 19.63897324 
                 15.80917835                 15.73365116                 15.57942390                 19.77169228                 19.71809959 
                 15.84195518                 15.76884651                 15.62056446                 19.84110069                 19.79325485 
                 15.87158966                 15.80091858                 15.65861607                 19.90655327                 19.86443329 
                 15.89810467                 15.82988548                 15.69359207                 19.96805191                 19.93164444 
                 15.92152214                 15.85577202                 15.72551155                 20.02560616                 19.99488640 
                 15.94186878                 15.87859726                 15.75438976                 20.07922935                 20.05416679 
                 15.95917130                 15.89838791                 15.78024864                 20.12893105                 20.10949898 
                 15.97346020                 15.91517258                 15.80310917                 20.17473221                 20.16089249 
                 15.98476410                 15.92897892                 15.82299614                 20.21665001                 20.20836067 
                 15.99311829                 15.93983746                 15.83993626                 20.25470734                 20.25192642 
                 15.99855518                 15.94778061                 15.85395432                 20.28893089                 20.29160690 
                 16.00111008                 15.95283890                 15.86507988                 20.31934166                 20.32742882 
                 16.00081825                 15.95505047                 15.87334442                 20.34597397                 20.35941696 
                 15.99771881                 15.95444775                 15.87877846                 20.36885643                 20.38759613 
                 15.99185085                 15.95107079                 15.88141537                 20.38802147                 20.41200066 
                 15.98325253                 15.94495678                 15.88128853                 20.40350342                 20.43265724 
                 15.97196770                 15.93614483                 15.87843323                 20.41534042                 20.44960403 
                 15.95803642                 15.92467594                 15.87288475                 20.42357445                 20.46287537 
                 15.94150257                 15.91059399                 15.86468315                 20.42823982                 20.47250938 
                 15.92241192                 15.89393616                 15.85386658                 20.42938423                 20.47854424 
                 15.90080643                 15.87474823                 15.84047508                 20.42704773                 20.48102379 
                 15.87673187                 15.85307503                 15.82454681                 20.42127800                 20.47999191 
                 15.85023594                 15.82896233                 15.80612564                 20.41212463                 20.47548866 
                 15.82136440                 15.80245399                 15.78525066                 20.39962959                 20.46756554 
                 15.79016495                 15.77359390                 15.76196766                 20.38384628                 20.45626831 
                 15.75668430                 15.74242973                 15.73631859                 20.36482048                 20.44164658 
                 15.72097015                 15.70900726                 15.70834827                 20.34260559                 20.42374992 
                 15.68307209                 15.67337418                 15.67810059                 20.31725693                 20.40262794 
                 15.64303875                 15.63557816                 15.64562130                 20.28882599                 20.37833405 
                 15.60091782                 15.59566784                 15.61095524                 20.25736809                 20.35092163 
                 15.55675793                 15.55368996                 15.57414627                 20.22293663                 20.32044601 
                 15.51060963                 15.50969315                 15.53524208                 20.18558884                 20.28696251 
                 15.46252060                 15.46372414                 15.49428844                 20.14538002                 20.25052452 
                 15.41254044                 15.41583347                 15.45133209                 20.10236931                 20.21119118 
                 15.36071777                 15.36606789                 15.40641975                 20.05661011                 20.16901779 
                 15.30710220                 15.31447601                 15.35959911                 20.00816536                 20.12406158 
                 15.25174236                 15.26110744                 15.31091499                 19.95708656                 20.07637978 
                 15.19468784                 15.20600891                 15.26041412                 19.90344048                 20.02603340 
                 15.13598537                 15.14922714                 15.20814133                 19.84728050                 19.97307968 
                 15.07568455                 15.09081173                 15.15414906                 19.78866577                 19.91757774 
                 15.01383114                 15.03080940                 15.09847832                 19.72765732                 19.85958862 
                 14.95047474                 14.96926498                 15.04117966                 19.66431236                 19.79916954 
                 14.88566303                 14.90622711                 14.98229694                 19.59869003                 19.73638153 
                 14.81944180                 14.84174538                 14.92187691                 19.53085136                 19.67128372 
                 14.75185585                 14.77586174                 14.85996532                 19.46085548                 19.60393524 
                 14.68295383                 14.70862579                 14.79660606                 19.38876152                 19.53439522 
                 14.61278152                 14.64007950                 14.73184490                 19.31462479                 19.46272469 
                 14.54138279                 14.57027054                 14.66572666                 19.23850441                 19.38897896 
                 14.46880150                 14.49924183                 14.59829617                 19.16045952                 19.31322098 
                 14.39508343                 14.42703819                 14.52959728                 19.08054543                 19.23550797 
                 14.32027149                 14.35370159                 14.45967293                 18.99881935                 19.15589905 
                 14.24440861                 14.27927685                 14.38856792                 18.91534615                 19.07444954 
                 14.16753864                 14.20380402                 14.31632423                 18.83017731                 18.99121666 
                 14.08970070                 14.12732697                 14.24298477                 18.74336624                 18.90626144 
                 14.01093769                 14.04988766                 14.16859055                 18.65497017                 18.81963921 
                 13.93128967                 13.97152615                 14.09318161                 18.56504250                 18.73140335 
                 13.85079765                 13.89228153                 14.01679897                 18.47364235                 18.64161301 
                 13.76949978                 13.81219387                 13.93948364                 18.38082123                 18.55031967 
                 13.68743515                 13.73130322                 13.86127377                 18.28663063                 18.45758057 
                 13.60464191                 13.64964581                 13.78221130                 18.19112206                 18.36344719 
                 13.52115726                 13.56726074                 13.70233154                 18.09435272                 18.26797676 
                 13.43701744                 13.48418617                 13.62167358                 17.99637032                 18.17121696 
                 13.35225964                 13.40045643                 13.54027653                 17.89722443                 18.07322311 
                 13.26691818                 13.31610775                 13.45817375                 17.79696465                 17.97404671 
                 13.18102837                 13.23117638                 13.37540150                 17.69564247                 17.87373543 
                 13.09462452                 13.14569569                 13.29199791                 17.59330368                 17.77234077 
                 13.00773907                 13.05970001                 13.20799732                 17.48999786                 17.66991043 
                 12.92040634                 12.97322083                 13.12343407                 17.38577080                 17.56649590 
                 12.83265591                 12.88629341                 13.03833866                 17.28067017                 17.46214104 
                 12.74452114                 12.79894638                 12.95274734                 17.17474174                 17.35689545 
                 12.65603256                 12.71121311                 12.86668968                 17.06802750                 17.25080299 
                 12.56721878                 12.62312317                 12.78020096                 16.96057320                 17.14390755 
                 12.47811031                 12.53470707                 12.69330788                 16.85241890                 17.03625679 
                 12.38873482                 12.44599438                 12.60604286                 16.74360847                 16.92789268 
                 12.29912186                 12.35701180                 12.51843548                 16.63418198                 16.81885719 
                 12.20929623                 12.26778889                 12.43051624                 16.52418137                 16.70919037 
                 12.11928749                 12.17835045                 12.34231186                 16.41364670                 16.59893608 
                 12.02911949                 12.08872509                 12.25384998                 16.30261421                 16.48813438 
                 11.93881893                 11.99893856                 12.16515827                 16.19112587                 16.37682343 
                 11.84841061                 11.90901566                 12.07626438                 16.07921791                 16.26504326 
                 11.75791836                 11.81898212                 11.98719501                 15.96692467                 16.15283203 
                 11.66736507                 11.72886181                 11.89797401                 15.85428238                 16.04022217 
                 11.57677364                 11.63867760                 11.80862617                 15.74132442                 15.92725372 
                 11.48616791                 11.54845238                 11.71917534                 15.62808704                 15.81396389 
                 11.39556789                 11.45820808                 11.62964535                 15.51460457                 15.70038223 
                 11.30499554                 11.36796761                 11.54005909                 15.40090656                 15.58654690 
                 11.21447372                 11.27775097                 11.45043945                 15.28702831                 15.47248745 
                 11.12401867                 11.18757820                 11.36080837                 15.17299652                 15.35823822 
                 11.03365231                 11.09746933                 11.27118587                 15.05884457                 15.24382973 
                 10.94339180                 11.00744438                 11.18159294                 14.94460011                 15.12929249 
                 10.85325623                 10.91752338                 11.09205055                 14.83029175                 15.01465607 
                 10.76326180                 10.82772255                 11.00257874                 14.71594810                 14.89995193 
                 10.67342854                 10.73806095                 10.91319561                 14.60159683                 14.78520489 
                 10.58377171                 10.64855480                 10.82391930                 14.48726463                 14.67044449 
                 10.49430752                 10.55922127                 10.73476887                 14.37297535                 14.55569649 
                 10.40505123                 10.47007751                 10.64575958                 14.25875473                 14.44098854 
                 10.31601906                 10.38113880                 10.55690956                 14.14462948                 14.32634354 
                 10.22722435                 10.29242134                 10.46823597                 14.03061962                 14.21178722 
                 10.13868237                 10.20393753                 10.37975407                 13.91674995                 14.09734535 
                 10.05040741                 10.11570263                 10.29147911                 13.80304432                 13.98303890 
                  9.96241188                 10.02772903                 10.20342636                 13.68952274                 13.86889267 
                  9.87470913                  9.94003296                 10.11561108                 13.57620621                 13.75492668 
                  9.78731251                  9.85262489                 10.02804661                 13.46311474                 13.64116287 
                  9.70023060                  9.76551819                  9.94074726                 13.35026836                 13.52762222 
                  9.61347866                  9.67872429                  9.85372543                 13.23768616                 13.41432476 
                  9.52706528                  9.59225559                  9.76699257                 13.12538910                 13.30128860 
                  9.44100189                  9.50612354                  9.68056011                 13.01339340                 13.18853378 
                  9.35529995                  9.42033768                  9.59444332                 12.90171432                 13.07607937 
                  9.26996803                  9.33490944                  9.50865173                 12.79037094                 12.96394157 
                  9.18501663                  9.24984646                  9.42319679                 12.67937946                 12.85213757 
                  9.10045433                  9.16516113                  9.33808708                 12.56875706                 12.74068356 
                  9.01629066                  9.08086205                  9.25333405                 12.45851517                 12.62959671 
                  8.93253326                  8.99695587                  9.16894817                 12.34867191                 12.51889038 
                  8.84918976                  8.91345406                  9.08493805                 12.23923874                 12.40858173 
                  8.76626873                  8.83036232                  9.00131321                 12.13023090                 12.29868317 
                  8.68377686                  8.74769020                  8.91808128                 12.02166080                 12.18920898 
                  8.60172176                  8.66544533                  8.83525372                 11.91354084                 12.08017254 
                  8.52011108                  8.58363438                  8.75283527                 11.80588436                 11.97158718 
                  8.43895054                  8.50226307                  8.67083359                 11.69870186                 11.86346340 
                  8.35824585                  8.42133808                  8.58925819                 11.59200478                 11.75581455 
                  8.27800179                  8.34086609                  8.50811291                 11.48580360                 11.64865303 
                  8.19822502                  8.26085281                  8.42740726                 11.38010979                 11.54198837 
                  8.11892223                  8.18130302                  8.34714699                 11.27493286                 11.43583012 
                  8.04009628                  8.10222435                  8.26733780                 11.17028236                 11.33018970 
                  7.96175337                  8.02361965                  8.18798542                 11.06616688                 11.22507572 
                  7.88389683                  7.94549513                  8.10909462                 10.96259689                 11.12049770 
                  7.80653095                  7.86785364                  8.03067207                 10.85957718                 11.01646519 
                  7.72965908                  7.79070187                  7.95272207                 10.75711823                 10.91298580 
                  7.65328693                  7.71404076                  7.87524843                 10.65522671                 10.81006908 
                  7.57741690                  7.63787556                  7.79825592                 10.55391026                 10.70772076 
                  7.50205231                  7.56220961                  7.72174931                 10.45317554                 10.60594940 
                  7.42719555                  7.48704720                  7.64573145                 10.35303116                 10.50475979 
                  7.35284948                  7.41238976                  7.57020664                 10.25347900                 10.40416145 
                  7.27901649                  7.33824110                  7.49517918                 10.15452766                 10.30415916 
                  7.20569992                  7.26460314                  7.42065048                 10.05618286                 10.20475769 
                  7.13290167                  7.19147873                  7.34662437                  9.95844841                 10.10596466 
                  7.06062317                  7.11886930                  7.27310324                  9.86133003                 10.00778389 
                  6.98886633                  7.04677773                  7.20009041                  9.76483250                  9.91022015 
                  6.91763306                  6.97520542                  7.12758732                  9.66895866                  9.81327820 
                  6.84692383                  6.90415478                  7.05559683                  9.57371235                  9.71696377 
                  6.77674103                  6.83362532                  6.98412037                  9.47910023                  9.62127972 
                  6.70708466                  6.76361990                  6.91315985                  9.38512135                  9.52623081 
                  6.63795662                  6.69413853                  6.84271622                  9.29178333                  9.43181896 
                  6.56935740                  6.62518263                  6.77279186                  9.19908714                  9.33804893 
                  6.50128651                  6.55675316                  6.70338774                  9.10703468                  9.24492264 
                  6.43374491                  6.48885107                  6.63450432                  9.01563072                  9.15244389 
                  6.36673355                  6.42147541                  6.56614256                  8.92487526                  9.06061554 
                  6.30025196                  6.35462761                  6.49830341                  8.83477211                  8.96943760 
                  6.23430014                  6.28830767                  6.43098688                  8.74532127                  8.87891483 
                  6.16887760                  6.22251558                  6.36419439                  8.65652561                  8.78904629 
                  6.10398483                  6.15725040                  6.29792547                  8.56838512                  8.69983387 
                  6.03962135                  6.09251308                  6.23218060                  8.48090172                  8.61128044 
                  5.97578573                  6.02830267                  6.16695976                  8.39407730                  8.52338791 
                  5.91247749                  5.96461868                  6.10226297                  8.30791283                  8.43615627 
                  5.84969664                  5.90146017                  6.03808880                  8.22240734                  8.34958553 
                  5.78744125                  5.83882713                  5.97443771                  8.13756275                  8.26367760 
                  5.72571135                  5.77671814                  5.91130972                  8.05337811                  8.17843056 
                  5.66450596                  5.71513271                  5.84870243                  7.96985340                  8.09384632 
                  5.60382366                  5.65406895                  5.78661728                  7.88698769                  8.00992584 
                  5.54366302                  5.59352589                  5.72505140                  7.80478287                  7.92666769 
                  5.48402262                  5.53350353                  5.66400528                  7.72323799                  7.84407187 
                  5.42490101                  5.47399902                  5.60347700                  7.64235115                  7.76213932 
                  5.36629581                  5.41501188                  5.54346561                  7.56212234                  7.68086815 
                  5.30820656                  5.35653973                  5.48397064                  7.48255110                  7.60025644 
                  5.25063133                  5.29858112                  5.42498922                  7.40363693                  7.52030611 
                  5.19356823                  5.24113560                  5.36652088                  7.32537746                  7.44101429 
                  5.13701534                  5.18419933                  5.30856466                  7.24777174                  7.36238050 
                  5.08097076                  5.12777185                  5.25111771                  7.17081928                  7.28440332 
                  5.02543259                  5.07185173                  5.19417858                  7.09451818                  7.20708084 
                  4.97039795                  5.01643610                  5.13774538                  7.01886606                  7.13041258 
                  4.91586542                  4.96152306                  5.08181667                  6.94386196                  7.05439663 
                  4.86183310                  4.90711069                  5.02639008                  6.86950397                  6.97903156 
                  4.80829811                  4.85319614                  4.97146463                  6.79579067                  6.90431499 
                  4.75525904                  4.79977751                  4.91703796                  6.72271919                  6.83024549 
                  4.70271254                  4.74685335                  4.86310720                  6.65028763                  6.75682068 
                  4.65065670                  4.69441986                  4.80967045                  6.57849455                  6.68403864 
                  4.59908867                  4.64247561                  4.75672579                  6.50733614                  6.61189747 
                  4.54800701                  4.59101772                  4.70427084                  6.43681097                  6.54039431 
                  4.49740744                  4.54004478                  4.65230322                  6.36691713                  6.46952677 
                  4.44728851                  4.48955250                  4.60082102                  6.29765129                  6.39929247 
                  4.39764738                  4.43953943                  4.54982090                  6.22901058                  6.32968903 
                  4.34848213                  4.39000273                  4.49930143                  6.16099262                  6.26071453 
                  4.29978895                  4.34094000                  4.44925880                  6.09359455                  6.19236517 
                  4.25156546                  4.29234791                  4.39969158                  6.02681398                  6.12463903 
                  4.20380926                  4.24422455                  4.35059643                  5.96064758                  6.05753231 
                  4.15651655                  4.19656610                  4.30197048                  5.89509249                  5.99104261 
                  4.10968542                  4.14937115                  4.25381279                  5.83014584                  5.92516708 
                  4.06331301                  4.10263634                  4.20611954                  5.76580524                  5.85990286 
                  4.01739597                  4.05635834                  4.15888739                  5.70206547                  5.79524708 
                  3.97193122                  4.01053429                  4.11211443                  5.63892508                  5.73119593 
                  3.92691636                  3.96516228                  4.06579685                  5.57638121                  5.66774654 
                  3.88234806                  3.92023849                  4.01993322                  5.51442957                  5.60489559 
                  3.83822370                  3.87576008                  3.97451973                  5.45306730                  5.54263973 
                  3.79453993                  3.83172393                  3.92955351                  5.39229107                  5.48097563 
                  3.75129366                  3.78812790                  3.88503170                  5.33209705                  5.41989994 
                  3.70848250                  3.74496818                  3.84095144                  5.27248287                  5.35940933 
                  3.66610289                  3.70224190                  3.79731011                  5.21344423                  5.29950047 
                  3.62415195                  3.65994620                  3.75410461                  5.15497732                  5.24017000 
                  3.58262610                  3.61807823                  3.71133137                  5.09707880                  5.18141365 
                  3.54152250                  3.57663488                  3.66898799                  5.03974581                  5.12322855 
                  3.50083852                  3.53561234                  3.62707186                  4.98297405                  5.06561089 
                  3.46057081                  3.49500847                  3.58557892                  4.92675972                  5.00855780 
                  3.42071629                  3.45481944                  3.54450703                  4.87109995                  4.95206451 
                  3.38127232                  3.41504264                  3.50385284                  4.81599045                  4.89612818 
                  3.34223485                  3.37567520                  3.46361303                  4.76142740                  4.84074497 
                  3.30360126                  3.33671331                  3.42378497                  4.70740747                  4.78591108 
                  3.26536870                  3.29815435                  3.38436556                  4.65392685                  4.73162270 
                  3.22753358                  3.25999522                  3.34535146                  4.60098171                  4.67787600 
                  3.19009304                  3.22223282                  3.30673933                  4.54856873                  4.62466812 
                  3.15304351                  3.18486357                  3.26852679                  4.49668407                  4.57199383 
                  3.11638212                  3.14788485                  3.23071051                  4.44532347                  4.51985025 
                  3.08010602                  3.11129332                  3.19328737                  4.39448357                  4.46823311 
                  3.04421186                  3.07508612                  3.15625381                  4.34416056                  4.41713953 
                  3.00869656                  3.03925943                  3.11960745                  4.29434967                  4.36656427 
                  2.97355700                  3.00381088                  3.08334494                  4.24504805                  4.31650448 
                  2.93878984                  2.96873689                  3.04746342                  4.19625139                  4.26695585 
                  2.90439224                  2.93403482                  3.01195931                  4.14795637                  4.21791506 
                  2.87036109                  2.89970160                  2.97682929                  4.10015869                  4.16937733 
                  2.83669329                  2.86573362                  2.94207120                  4.05285549                  4.12133980 
                  2.80338526                  2.83212805                  2.90768147                  4.00604153                  4.07379818 
                  2.77043462                  2.79888177                  2.87365699                  3.95971346                  4.02674913 
                  2.73783803                  2.76599193                  2.83999443                  3.91386843                  3.98018837 
                  2.70559216                  2.73345518                  2.80669141                  3.86850119                  3.93411207 
                  2.67369437                  2.70126891                  2.77374411                  3.82360840                  3.88851595 
                  2.64214110                  2.66942978                  2.74115014                  3.77918601                  3.84339738 
                  2.61092997                  2.63793445                  2.70890641                  3.73523045                  3.79875112 
                  2.58005762                  2.60678005                  2.67700958                  3.69173789                  3.75457406 
                  2.54952097                  2.57596374                  2.64545679                  3.64870453                  3.71086216 
                  2.51931715                  2.54548240                  2.61424494                  3.60612655                  3.66761160 
                  2.48944306                  2.51533294                  2.58337116                  3.56400013                  3.62481856 
                  2.45989561                  2.48551250                  2.55283213                  3.52232146                  3.58247948 
                  2.43067169                  2.45601821                  2.52262521                  3.48108697                  3.54058981 
                  2.40176892                  2.42684674                  2.49274707                  3.44029284                  3.49914670 
                  2.37318397                  2.39799571                  2.46319509                  3.39993477                  3.45814562 
                  2.34491372                  2.36946201                  2.43396616                  3.36000919                  3.41758299 
                  2.31695533                  2.34124255                  2.40505767                  3.32051229                  3.37745523 
                  2.28930640                  2.31333399                  2.37646627                  3.28144073                  3.33775806 
                  2.26196361                  2.28573394                  2.34818888                  3.24279046                  3.29848838 
                  2.23492408                  2.25843954                  2.32022333                  3.20455790                  3.25964212 
                  2.20818520                  2.23144770                  2.29256630                  3.16673923                  3.22121525 
                  2.18174386                  2.20475578                  2.26521468                  3.12933087                  3.18320441 
                  2.15559721                  2.17836070                  2.23816609                  3.09232950                  3.14560580 
                  2.12974286                  2.15225983                  2.21141744                  3.05573082                  3.10841584 
                  2.10417747                  2.12645030                  2.18496585                  3.01953149                  3.07163095 
                  2.07889867                  2.10092950                  2.15880871                  2.98372769                  3.03524733 
                  2.05390334                  2.07569456                  2.13294315                  2.94831610                  2.99926138 
                  2.02918887                  2.05074263                  2.10736609                  2.91329288                  2.96366930 
                  2.00475264                  2.02607107                  2.08207512                  2.87865472                  2.92846704 
                  1.98059201                  2.00167680                  2.05706716                  2.84439778                  2.89365172 
                  1.95670402                  1.97755742                  2.03233981                  2.81051850                  2.85921979 
                  1.93308592                  1.95371032                  2.00789022                  2.77701378                  2.82516766 
                  1.90973532                  1.93013251                  1.98371565                  2.74387956                  2.79149127 
                  1.88664937                  1.90682161                  1.95981359                  2.71111250                  2.75818753 
                  1.86382556                  1.88377476                  1.93618107                  2.67870951                  2.72525287 
                  1.84126115                  1.86098957                  1.91281557                  2.64666677                  2.69268370 
                  1.81895363                  1.83846331                  1.88971460                  2.61498070                  2.66047692 
                  1.79690051                  1.81619358                  1.86687541                  2.58364773                  2.62862873 
                  1.77509916                  1.79417765                  1.84429538                  2.55266547                  2.59713554 
                  1.75354695                  1.77241290                  1.82197213                  2.52202988                  2.56599426 
                  1.73224139                  1.75089681                  1.79990292                  2.49173737                  2.53520155 
                  1.71117997                  1.72962713                  1.77808499                  2.46178484                  2.50475383 
                  1.69036031                  1.70860100                  1.75651598                  2.43216920                  2.47464776 
                  1.66977990                  1.68781626                  1.73519349                  2.40288687                  2.44488025 
                  1.64943624                  1.66727018                  1.71411502                  2.37393475                  2.41544747 
                  1.62932694                  1.64696050                  1.69327807                  2.34530950                  2.38634658 
                  1.60944951                  1.62688458                  1.67268014                  2.31700802                  2.35757422 
                  1.58980179                  1.60704005                  1.65231884                  2.28902698                  2.32912707 
                  1.57038116                  1.58742464                  1.63219190                  2.26136327                  2.30100203 
                  1.55118525                  1.56803584                  1.61229670                  2.23401356                  2.27319574 
                  1.53221190                  1.54887152                  1.59263086                  2.20697474                  2.24570537 
                  1.51345861                  1.52992916                  1.57319188                  2.18024373                  2.21852756 
                  1.49492311                  1.51120663                  1.55397773                  2.15381813                  2.19165897 
                  1.47660315                  1.49270129                  1.53498578                  2.12769365                  2.16509652 
                  1.45849657                  1.47441125                  1.51621389                  2.10186791                  2.13883758 
                  1.44060111                  1.45633399                  1.49765968                  2.07633781                  2.11287880 
                  1.42291427                  1.43846726                  1.47932088                  2.05110002                  2.08721685 
                  1.40543401                  1.42080915                  1.46119535                  2.02615190                  2.06184912 
                  1.38815832                  1.40335727                  1.44328058                  2.00149059                  2.03677225 
                  1.37108481                  1.38610923                  1.42557454                  1.97711313                  2.01198363 
                  1.35421121                  1.36906314                  1.40807509                  1.95301628                  1.98747993 
                  1.33753562                  1.35221672                  1.39078009                  1.92919731                  1.96325839 
                  1.32105577                  1.33556795                  1.37368703                  1.90565336                  1.93931627 
                  1.30476964                  1.31911457                  1.35679412                  1.88238144                  1.91565037 
                  1.28867507                  1.30285466                  1.34009910                  1.85937893                  1.89225805 
                  1.27277017                  1.28678584                  1.32359993                  1.83664310                  1.86913633 
                  1.25705278                  1.27090645                  1.30729425                  1.81417084                  1.84628248 
                  1.24152088                  1.25521410                  1.29118025                  1.79195952                  1.82369375 
                  1.22617245                  1.23970687                  1.27525592                  1.77000666                  1.80136728 
                  1.21100557                  1.22438276                  1.25951910                  1.74830925                  1.77930033 
                  1.19601810                  1.20923984                  1.24396777                  1.72686458                  1.75749040 
                  1.18120813                  1.19427633                  1.22859979                  1.70566988                  1.73593450 
                  1.16657388                  1.17948997                  1.21341324                  1.68472278                  1.71463001 
                  1.15211332                  1.16487873                  1.19840634                  1.66402066                  1.69357431 
                  1.13782477                  1.15044081                  1.18357694                  1.64356065                  1.67276466 
                  1.12370598                  1.13617456                  1.16892326                  1.62334037                  1.65219843 
                  1.10975516                  1.12207782                  1.15444326                  1.60335720                  1.63187301 
                  1.09597051                  1.10814893                  1.14013517                  1.58360863                  1.61178589 
                  1.08235037                  1.09438586                  1.12599695                  1.56409204                  1.59193468 
                  1.06889272                  1.08078694                  1.11202681                  1.54480505                  1.57231665 
                  1.05559576                  1.06735015                  1.09822297                  1.52574527                  1.55292940 
                  1.04245770                  1.05407393                  1.08458340                  1.50691009                  1.53377032 
                  1.02947676                  1.04095626                  1.07110643                  1.48829710                  1.51483715 
                  1.01665127                  1.02799535                  1.05779028                  1.46990383                  1.49612713 
                  1.00397944                  1.01518977                  1.04463315                  1.45172799                  1.47763813 
                  0.99145961                  1.00253749                  1.03163314                  1.43376732                  1.45936763 
                  0.97909009                  0.99003690                  1.01878870                  1.41601908                  1.44131339 
                  0.96686912                  0.97768641                  1.00609791                  1.39848137                  1.42347264 
                  0.95479506                  0.96548426                  0.99355912                  1.38115191                  1.40584350 
                  0.94286633                  0.95342880                  0.98117083                  1.36402810                  1.38842344 
                  0.93108124                  0.94151843                  0.96893114                  1.34710789                  1.37121034 
                  0.91943818                  0.92975146                  0.95683837                  1.33038890                  1.35420156 
                  0.90793550                  0.91812623                  0.94489104                  1.31386900                  1.33739531 
                  0.89657170                  0.90664119                  0.93308741                  1.29754579                  1.32078910 
                  0.88534510                  0.89529467                  0.92142588                  1.28141737                  1.30438089 
                  0.87425423                  0.88408518                  0.90990490                  1.26548135                  1.28816831 
                  0.86329746                  0.87301105                  0.89852273                  1.24973595                  1.27214921 
                  0.85247338                  0.86207092                  0.88727802                  1.23417866                  1.25632143 
                  0.84178036                  0.85126328                  0.87616897                  1.21880770                  1.24068308 
                  0.83121699                  0.84058654                  0.86519414                  1.20362079                  1.22523177 
                  0.82078177                  0.83003920                  0.85435212                  1.18861592                  1.20996559 
                  0.81047326                  0.81961977                  0.84364128                  1.17379117                  1.19488239 
                  0.80028999                  0.80932683                  0.83306015                  1.15914440                  1.17998016 
                  0.79023039                  0.79915893                  0.82260728                  1.14467359                  1.16525686 
                  0.78029329                  0.78911453                  0.81228125                  1.13037682                  1.15071046 
                  0.77047712                  0.77919233                  0.80208057                  1.11625206                  1.13633895 
                  0.76078057                  0.76939088                  0.79200369                  1.10229754                  1.12214029 
                  0.75120223                  0.75970888                  0.78204924                  1.08851111                  1.10811281 
                  0.74174070                  0.75014484                  0.77221602                  1.07489121                  1.09425437 
                  0.73239470                  0.74069738                  0.76250243                  1.06143570                  1.08056295 
                  0.72316277                  0.73136532                  0.75290716                  1.04814255                  1.06703699 
                  0.71404374                  0.72214723                  0.74342871                  1.03501034                  1.05367434 
                  0.70503622                  0.71304178                  0.73406601                  1.02203703                  1.04047310 
                  0.69613892                  0.70404762                  0.72481751                  1.00922072                  1.02743185 
                  0.68735057                  0.69516349                  0.71568203                  0.99655980                  1.01454842 
