        0.00000000        0.00000000        0.00000000        0.00000000        0.00000000        0.00000000 
        0.00000000        0.00000000        0.00000000        0.00000000        0.00000000        0.00000000 
        0.00000000        0.00000000        0.00000000        0.00000000        0.00000000        0.00000000 
        0.00000000        0.00000000        0.00000000        0.00000000        0.00000000        0.00000000 
        0.00000000        0.00000000        0.00000000        0.00000000        0.00000000        0.00000000 
        0.00000000        0.00000000        0.00000000        0.00000000        0.00000000        0.00000000 
        0.00000000        0.00000000        0.00000000        0.00000000        0.00000000        0.00000000 
        0.00000000        0.00000000        0.00000000        0.00000000        0.00000000        0.00000000 
        0.00000000        0.00000000        0.00000000        0.00000000        0.00000000        0.00000000 
        0.00000000        0.00000000        0.00000000        0.00000000        0.00000000        0.00000000 
        0.00000000        0.00000000        0.00000000        0.00000000        0.00000000        0.00000000 
        0.00000000        0.00000000        0.00000000        0.00000000        0.00000000        0.00000000 
        0.00000000        0.00000000        0.00000000        0.00000000        0.00000000        0.00000000 
        0.00000000        0.00000000        0.00000000        0.00000000        0.00000000        0.00000000 
        0.00000000        0.00000000        0.00000000        0.00000000        0.00000000        0.00000000 
        0.00000000        0.00000000        0.00000000        0.00000000        0.00000000        0.00000000 
        0.00000000        0.00000000        0.00000000        0.00000000        0.00000000        0.00000000 
        0.00000000        0.00000000        0.00000000        0.00000000        0.00000000        0.00000000 
        0.00000000        0.00000000        0.00000000        0.00000000        0.00000000        0.00000000 
        0.00000000        0.00000000        0.00000000        0.00000000        0.00000000        0.00000000 
        0.00000000        0.00000000        0.00000000        0.00000000        0.00000000        0.00000000 
        0.00000000        0.00000000        0.00000000        0.00000000        0.00000000        0.00000000 
        0.00000000        0.00000000        0.00000000        0.00000000        0.00000000        0.00000000 
        0.00000000        0.00000000        0.00000000        0.00000000        0.00000000        0.00000000 
        0.00000000        0.00000000        0.00000000        0.00000000        0.00000000        0.00000000 
        0.00000000        0.00000000        0.00000000        0.00000000        0.00000000        0.00000000 
        0.00000000        0.00000000        0.00000000        0.00000000        0.00000000        0.00000000 
        0.00000000        0.00000000        0.00000000        0.00000000        0.00000000        0.00000000 
        0.00000000        0.00000000        0.00000000        0.00000000        0.00000000        0.00000000 
        0.00000000        0.00000000        0.00000000        0.00000000        0.00000000        0.00000000 
        0.00000000        0.00000000        0.00000000        0.00000000        0.00000000        0.00000000 
        0.00000000        0.00000000        0.00000000        0.00000000        0.00000000        0.00000000 
        0.00000000        0.00000000        0.00000000        0.00000000        0.00000000        0.00000000 
        0.00000000        0.00000000        0.00000000        0.00000000        0.00000000        0.00000000 
        0.00000000        0.00000000        0.00000000        0.00000000        0.00000000        0.00000000 
        0.00000000        0.00000000        0.00000000        0.00000000        0.00000000        0.00000000 
        0.00000000        0.00000000        0.00000000        0.00000000        0.00000000        0.00000000 
        0.00000000        0.00000000        0.00000000        0.00000000        0.00000000        0.00000000 
        0.00000000        0.00000000        0.00000000        0.00000000        0.00000000        0.00000000 
        0.00000000        0.00000000        0.00000000        0.00000000        0.00000000        0.00000000 
        0.00000000        0.00000000        0.00000000        0.00000000        0.00000000        0.00000000 
        0.00000000        0.00000000        0.00000000        0.00000000        0.00000000        0.00000000 
        0.00000000        0.00000000        0.00000000        0.00000000        0.00000000        0.00000000 
        0.00000000        0.00000000        0.00000000        0.00000000        0.00000000        0.00000000 
        0.00000000        0.00000000        0.00000000        0.00000000        0.00000000        0.00000000 
        0.00000000        0.00000000        0.00000000        0.00000000        0.00000000        0.00000000 
        0.00000000        0.00000000        0.00000000        0.00000000        0.00000000        0.00000000 
        0.00000000        0.00000000        0.00000000        0.00000000        0.00000000        0.00000000 
        0.00000000        0.00000000        0.00000000        0.00000000        0.00000000        0.00000000 
        0.00000000        0.00000000        0.00000000        0.00000000        0.00000000        0.00000000 
        0.00000000        0.00000000        0.00000000        0.00000001        0.00000001        0.00000000 
        0.00000000        0.00000000        0.00000000        0.00000001        0.00000001        0.00000000 
        0.00000000        0.00000000        0.00000001        0.00000001        0.00000001        0.00000001 
        0.00000000        0.00000000        0.00000001        0.00000001        0.00000001        0.00000001 
        0.00000000        0.00000000        0.00000001        0.00000001        0.00000002        0.00000001 
        0.00000000        0.00000001        0.00000001        0.00000002        0.00000002        0.00000001 
        0.00000000        0.00000001        0.00000001        0.00000002        0.00000002        0.00000001 
        0.00000000        0.00000001        0.00000002        0.00000003        0.00000003        0.00000002 
        0.00000001        0.00000001        0.00000002        0.00000003        0.00000004        0.00000002 
        0.00000001        0.00000002        0.00000003        0.00000004        0.00000005        0.00000003 
        0.00000001        0.00000002        0.00000003        0.00000005        0.00000006        0.00000003 
        0.00000001        0.00000002        0.00000004        0.00000007        0.00000008        0.00000004 
        0.00000001        0.00000003        0.00000005        0.00000008        0.00000009        0.00000005 
        0.00000002        0.00000004        0.00000007        0.00000010        0.00000012        0.00000006 
        0.00000002        0.00000005        0.00000008        0.00000013        0.00000015        0.00000008 
        0.00000003        0.00000006        0.00000010        0.00000016        0.00000018        0.00000009 
        0.00000004        0.00000007        0.00000013        0.00000020        0.00000023        0.00000012 
        0.00000004        0.00000009        0.00000016        0.00000024        0.00000028        0.00000014 
        0.00000006        0.00000011        0.00000019        0.00000030        0.00000034        0.00000018 
        0.00000007        0.00000014        0.00000024        0.00000037        0.00000042        0.00000022 
        0.00000008        0.00000017        0.00000029        0.00000046        0.00000052        0.00000027 
        0.00000010        0.00000021        0.00000036        0.00000056        0.00000064        0.00000033 
        0.00000013        0.00000026        0.00000045        0.00000069        0.00000079        0.00000041 
        0.00000016        0.00000033        0.00000055        0.00000084        0.00000096        0.00000050 
        0.00000020        0.00000040        0.00000067        0.00000103        0.00000118        0.00000061 
        0.00000024        0.00000049        0.00000082        0.00000126        0.00000144        0.00000075 
        0.00000030        0.00000061        0.00000100        0.00000154        0.00000175        0.00000091 
        0.00000036        0.00000074        0.00000123        0.00000188        0.00000213        0.00000111 
        0.00000045        0.00000091        0.00000149        0.00000228        0.00000260        0.00000135 
        0.00000054        0.00000111        0.00000182        0.00000277        0.00000315        0.00000164 
        0.00000067        0.00000136        0.00000221        0.00000336        0.00000382        0.00000198 
        0.00000081        0.00000165        0.00000268        0.00000407        0.00000463        0.00000240 
        0.00000099        0.00000201        0.00000325        0.00000492        0.00000559        0.00000290 
        0.00000120        0.00000245        0.00000393        0.00000593        0.00000675        0.00000350 
        0.00000146        0.00000297        0.00000475        0.00000715        0.00000814        0.00000422 
        0.00000176        0.00000360        0.00000573        0.00000861        0.00000979        0.00000508 
        0.00000213        0.00000436        0.00000690        0.00001035        0.00001177        0.00000611 
        0.00000258        0.00000527        0.00000831        0.00001242        0.00001412        0.00000733 
        0.00000311        0.00000635        0.00000998        0.00001488        0.00001692        0.00000878 
        0.00000375        0.00000766        0.00001197        0.00001781        0.00002024        0.00001051 
        0.00000451        0.00000921        0.00001433        0.00002127        0.00002418        0.00001255 
        0.00000542        0.00001107        0.00001714        0.00002538        0.00002884        0.00001497 
        0.00000650        0.00001327        0.00002047        0.00003024        0.00003435        0.00001783 
        0.00000778        0.00001590        0.00002441        0.00003597        0.00004085        0.00002121 
        0.00000931        0.00001902        0.00002907        0.00004272        0.00004851        0.00002519 
        0.00001112        0.00002271        0.00003456        0.00005067        0.00005753        0.00002987 
        0.00001325        0.00002709        0.00004104        0.00006001        0.00006812        0.00003536 
        0.00001578        0.00003226        0.00004866        0.00007096        0.00008054        0.00004181 
        0.00001876        0.00003835        0.00005760        0.00008379        0.00009508        0.00004936 
        0.00002228        0.00004554        0.00006810        0.00009880        0.00011208        0.00005819 
        0.00002642        0.00005402        0.00008042        0.00011637        0.00013199        0.00006853 
        0.00003129        0.00006398        0.00009482        0.00013684        0.00015519        0.00008058 
        0.00003699        0.00007563        0.00011161        0.00016065        0.00018215        0.00009458 
        0.00004366        0.00008928        0.00013118        0.00018832        0.00021347        0.00011084 
        0.00005145        0.00010523        0.00015396        0.00022044        0.00024980        0.00012971 
        0.00006055        0.00012386        0.00018044        0.00025766        0.00029190        0.00015157 
        0.00007116        0.00014556        0.00021117        0.00030072        0.00034060        0.00017686 
        0.00008350        0.00017083        0.00024678        0.00035048        0.00039683        0.00020606 
        0.00009784        0.00020019        0.00028798        0.00040787        0.00046168        0.00023973 
        0.00011448        0.00023426        0.00033557        0.00047398        0.00053635        0.00027850 
        0.00013375        0.00027374        0.00039048        0.00055001        0.00062218        0.00032306 
        0.00015604        0.00031940        0.00045372        0.00063731        0.00072070        0.00037421 
        0.00018179        0.00037214        0.00052645        0.00073740        0.00083362        0.00043283 
        0.00021148        0.00043296        0.00060996        0.00085199        0.00096282        0.00049991 
        0.00024566        0.00050300        0.00070572        0.00098296        0.00111044        0.00057654 
        0.00028495        0.00058352        0.00081535        0.00113244        0.00127884        0.00066396 
        0.00033006        0.00067597        0.00094067        0.00130278        0.00147065        0.00076353 
        0.00038176        0.00078194        0.00108372        0.00149660        0.00168879        0.00087675 
        0.00044093        0.00090322        0.00124674        0.00171678        0.00193649        0.00100532 
        0.00050853        0.00104183        0.00143227        0.00196655        0.00221732        0.00115107 
        0.00058567        0.00119998        0.00164308        0.00224944        0.00253524        0.00131606 
        0.00067354        0.00138017        0.00188225        0.00256936        0.00289457        0.00150253 
        0.00077349        0.00158515        0.00215320        0.00293060        0.00330010        0.00171296 
        0.00088701        0.00181798        0.00245969        0.00333788        0.00375705        0.00195005 
        0.00101575        0.00208204        0.00280586        0.00379637        0.00427116        0.00221678 
        0.00116152        0.00238108        0.00319627        0.00431172        0.00484868        0.00251639 
        0.00132632        0.00271920        0.00363589        0.00489011        0.00549645        0.00285240 
        0.00151237        0.00310093        0.00413019        0.00553825        0.00622189        0.00322868 
        0.00172209        0.00353126        0.00468515        0.00626346        0.00703307        0.00364938 
        0.00195811        0.00401563        0.00530727        0.00707367        0.00793872        0.00411903 
        0.00222335        0.00456001        0.00600364        0.00797746        0.00894831        0.00464252 
        0.00252098        0.00517089        0.00678195        0.00898412        0.01007202        0.00522512 
        0.00285443        0.00585537        0.00765054        0.01010366        0.01132084        0.00587250 
        0.00322746        0.00662116        0.00861842        0.01134683        0.01270658        0.00659077 
        0.00364414        0.00747662        0.00969536        0.01272522        0.01424188        0.00738646 
        0.00410887        0.00843080        0.01089182        0.01425120        0.01594027        0.00826656 
        0.00462641        0.00949350        0.01221911        0.01593802        0.01781621        0.00923851 
        0.00520190        0.01067526        0.01368933        0.01779984        0.01988508        0.01031027 
        0.00584086        0.01198745        0.01531542        0.01985166        0.02216323        0.01149025 
        0.00654923        0.01344225        0.01711126        0.02210949        0.02466798        0.01278739 
        0.00733335        0.01505275        0.01909159        0.02459026        0.02741767        0.01421112 
        0.00820004        0.01683290        0.02127211        0.02731185        0.03043161        0.01577141 
        0.00915653        0.01879763        0.02366950        0.03029316        0.03373017        0.01747871 
        0.01021056        0.02096280        0.02630138        0.03355403        0.03733468        0.01934402 
        0.01137032        0.02334527        0.02918641        0.03711531        0.04126752        0.02137881 
        0.01264451        0.02596291        0.03234424        0.04099884        0.04555203        0.02359508 
        0.01404232        0.02883460        0.03579553        0.04522738        0.05021253        0.02600532 
        0.01557344        0.03198027        0.03956193        0.04982469        0.05527428        0.02862247 
        0.01724808        0.03542088        0.04366615        0.05481540        0.06076343        0.03145994 
        0.01907695        0.03917841        0.04813183        0.06022507        0.06670700        0.03453154 
        0.02107127        0.04327595        0.05298362        0.06608006        0.07313282        0.03785152 
        0.02324276        0.04773751        0.05824709        0.07240756        0.08006942        0.04143444 
        0.02560361        0.05258818        0.06394872        0.07923543        0.08754597        0.04529521 
        0.02816653        0.05785398        0.07011586        0.08659226        0.09559228        0.04944901 
        0.03094465        0.06356187        0.07677667        0.09450717        0.10423864        0.05391124 
        0.03395155        0.06973972        0.08396006        0.10300984        0.11351561        0.05869745 
        0.03720123        0.07641623        0.09169555        0.11213022        0.12345411        0.06382334 
        0.04070807        0.08362083        0.10001333        0.12189866        0.13408515        0.06930461 
        0.04448680        0.09138373        0.10894404        0.13234566        0.14543976        0.07515695 
        0.04855243        0.09973567        0.11851875        0.14350173        0.15754880        0.08139594 
        0.05292027        0.10870796        0.12876877        0.15539731        0.17044289        0.08803699 
        0.05760581        0.11833224        0.13972563        0.16806264        0.18415216        0.09509521 
        0.06262472        0.12864059        0.15142091        0.18152758        0.19870609        0.10258541 
        0.06799275        0.13966519        0.16388600        0.19582145        0.21413347        0.11052191 
        0.07372569        0.15143819        0.17715211        0.21097280        0.23046200        0.11891853 
        0.07983932        0.16399176        0.19125009        0.22700949        0.24771836        0.12778841 
        0.08634928        0.17735770        0.20621008        0.24395818        0.26592779        0.13714403 
        0.09327101        0.19156750        0.22206166        0.26184443        0.28511408        0.14699703 
        0.10061974        0.20665200        0.23883346        0.28069237        0.30529931        0.15735810 
        0.10841029        0.22264132        0.25655293        0.30052465        0.32650372        0.16823697 
        0.11665712        0.23956457        0.27524638        0.32136217        0.34874529        0.17964225 
        0.12537408        0.25744978        0.29493856        0.34322366        0.37204015        0.19158132 
        0.13457446        0.27632377        0.31565276        0.36612624        0.39640146        0.20406038 
        0.14427081        0.29621160        0.33741027        0.39008439        0.42184022        0.21708420 
        0.15447491        0.31713679        0.36023051        0.41511050        0.44836473        0.23065601 
        0.16519760        0.33912104        0.38413060        0.44121414        0.47598007        0.24477777 
        0.17644876        0.36218387        0.40912542        0.46840221        0.50468862        0.25944963 
        0.18823721        0.38634235        0.43522733        0.49667904        0.53448933        0.27467024 
        0.20057055        0.41161147        0.46244586        0.52604568        0.56537837        0.29043660 
        0.21345514        0.43800324        0.49078783        0.55650020        0.59734797        0.30674374 
        0.22689606        0.46552703        0.52025694        0.58803767        0.63038760        0.32358527 
        0.24089687        0.49418926        0.55085415        0.62064976        0.66448289        0.34095278 
        0.25545970        0.52399313        0.58257651        0.65432495        0.69961596        0.35883614 
        0.27058515        0.55493855        0.61541837        0.68904811        0.73576564        0.37722349 
        0.28627205        0.58702201        0.64937025        0.72480118        0.77290708        0.39610100 
        0.30251777        0.62023681        0.68441951        0.76156229        0.81101245        0.41545337 
        0.31931773        0.65457273        0.72054964        0.79930621        0.85004956        0.43526325 
        0.33666587        0.69001496        0.75774038        0.83800477        0.88998413        0.45551199 
        0.35455397        0.72654605        0.79596865        0.87762624        0.93077755        0.47617880 
        0.37297231        0.76414418        0.83520669        0.91813546        0.97238839        0.49724191 
        0.39190915        0.80278397        0.87542403        0.95949423        1.01477253        0.51867765 
        0.41135105        0.84243649        0.91658640        1.00166178        1.05788279        0.54046106 
        0.43128267        0.88306856        0.95865554        1.04459381        1.10166943        0.56256574 
        0.45168689        0.92464381        1.00159061        1.08824337        1.14608037        0.58496451 
        0.47254482        0.96712166        1.04534709        1.13256145        1.19106042        0.60762882 
        0.49383590        1.01045859        1.08987725        1.17749536        1.23655307        0.63052893 
        0.51553774        1.05460739        1.13513052        1.22299182        1.28250015        0.65363467 
        0.53762650        1.09951806        1.18105340        1.26899457        1.32884181        0.67691499 
        0.56007671        1.14513564        1.22758949        1.31544507        1.37551594        0.70033818 
        0.58286142        1.19140494        1.27468038        1.36228406        1.42246079        0.72387218 
        0.60595238        1.23826599        1.32226491        1.40945089        1.46961284        0.74748462 
        0.62931985        1.28565753        1.37028003        1.45688248        1.51690769        0.77114320 
        0.65293318        1.33351481        1.41866136        1.50451708        1.56428254        0.79481518 
        0.67676061        1.38177133        1.46734309        1.55229032        1.61167300        0.81846839 
        0.70076895        1.43035996        1.51625681        1.60013902        1.65901506        0.84207052 
        0.72492516        1.47921073        1.56533420        1.64799786        1.70624554        0.86558998 
        0.74919468        1.52825177        1.61450636        1.69580424        1.75330198        0.88899571 
        0.77354240        1.57741272        1.66370296        1.74349368        1.80012357        0.91225719 
        0.79793334        1.62661982        1.71285462        1.79100382        1.84665024        0.93534482 
        0.82233185        1.67580020        1.76189113        1.83827209        1.89282262        0.95822960 
        0.84670222        1.72488153        1.81074274        1.88523805        1.93858469        0.98088372 
        0.87100881        1.77379000        1.85934174        1.93184114        1.98388159        1.00328088 
        0.89521587        1.82245326        1.90761864        1.97802401        2.02866030        1.02539551 
        0.91928786        1.87079966        1.95550787        2.02372956        2.07287025        1.04720283 
        0.94319040        1.91875887        2.00294304        2.06890392        2.11646342        1.06868076 
        0.96688867        1.96626019        2.04986119        2.11349440        2.15939426        1.08980727 
        0.99034911        2.01323700        2.09619999        2.15744948        2.20161963        1.11056268 
        1.01353872        2.05962205        2.14190006        2.20072246        2.24310017        1.13092828 
        1.03642547        2.10535288        2.18690300        2.24326730        2.28379750        1.15088665 
        1.05897832        2.15036607        2.23115444        2.28504014        2.32367682        1.17042267 
        1.08116734        2.19460392        2.27460122        2.32600164        2.36270785        1.18952215 
        1.10296369        2.23800874        2.31719422        2.36611414        2.40086174        1.20817268 
        1.12434018        2.28052616        2.35888648        2.40534115        2.43811107        1.22636306 
        1.14527047        2.32210684        2.39963293        2.44365215        2.47443414        1.24408424 
        1.16573012        2.36270213        2.43939400        2.48101711        2.50981021        1.26132751 
        1.18569601        2.40226793        2.47813249        2.51740909        2.54422164        1.27808654 
        1.20514667        2.44076300        2.51581287        2.55280590        2.57765603        1.29435635 
        1.22406197        2.47814870        2.55240345        2.58718395        2.61009789        1.31013215 
        1.24242365        2.51439285        2.58787727        2.62052703        2.64154005        1.32541203 
        1.26021492        2.54946280        2.62220907        2.65281916        2.67197609        1.34019423 
        1.27742100        2.58333111        2.65537810        2.68404794        2.70139956        1.35447824 
        1.29402876        2.61597562        2.68736625        2.71420145        2.72980833        1.36826503 
        1.31002641        2.64737391        2.71815729        2.74327326        2.75720382        1.38155627 
        1.32540369        2.67751169        2.74774027        2.77125764        2.78358603        1.39435410 
        1.34015238        2.70637298        2.77610588        2.79815173        2.80895925        1.40666282 
        1.35426641        2.73394847        2.80324721        2.82395363        2.83332872        1.41848612 
        1.36773980        2.76023126        2.82916260        2.84866524        2.85670066        1.42982936 
        1.38056993        2.78521776        2.85385132        2.87228894        2.87908483        1.44069767 
        1.39275420        2.80890751        2.87731457        2.89483094        2.90048957        1.45109749 
        1.40429258        2.83130240        2.89955831        2.91629744        2.92092609        1.46103466 
        1.41518569        2.85240698        2.92058921        2.93669605        2.94040585        1.47051764 
        1.42543590        2.87222838        2.94041681        2.95603824        2.95894361        1.47955227 
        1.43504643        2.89078069        2.95905256        2.97433352        2.97654986        1.48814774 
        1.44402289        2.90807152        2.97650933        2.99159622        2.99324203        1.49631119 
        1.45237041        2.92411828        2.99280262        3.00784016        3.00903463        1.50405037 
        1.46009696        2.93893743        3.00795031        3.02307844        3.02394152        1.51137388 
        1.46720970        2.95254683        3.02197027        3.03732896        3.03798127        1.51829028 
        1.47371888        2.96496916        3.03488278        3.05060792        3.05116796        1.52480757 
        1.47963333        2.97622514        3.04670691        3.06293154        3.06351900        1.53093433 
        1.48496425        2.98633718        3.05746865        3.07431936        3.07505083        1.53667879 
        1.48972321        2.99533415        3.06718802        3.08478880        3.08578086        1.54204941 
        1.49392235        3.00323939        3.07589078        3.09436131        3.09572530        1.54705381 
        1.49757469        3.01007986        3.08360195        3.10305452        3.10490227        1.55170059 
        1.50069332        3.01588464        3.09034586        3.11088896        3.11332870        1.55599797 
        1.50329149        3.02068186        3.09614968        3.11788440        3.12101889        1.55995286 
        1.50538433        3.02450109        3.10103917        3.12406325        3.12799263        1.56357419 
        1.50698602        3.02737355        3.10504127        3.12944293        3.13426447        1.56686831 
        1.50811100        3.02932811        3.10818243        3.13404608        3.13985157        1.56984305 
        1.50877476        3.03039408        3.11049056        3.13789272        3.14476871        1.57250559 
        1.50899220        3.03060389        3.11199236        3.14100409        3.14903378        1.57486331 
        1.50877857        3.02998710        3.11271358        3.14339948        3.15266156        1.57692266 
        1.50814927        3.02857542        3.11268234        3.14510059        3.15566778        1.57869029 
        1.50711966        3.02639937        3.11192489        3.14612651        3.15806675        1.58017290 
        1.50570440        3.02348590        3.11046672        3.14649820        3.15987492        1.58137667 
        1.50391972        3.01987004        3.10833597        3.14623547        3.16110516        1.58230734 
        1.50177991        3.01557660        3.10555625        3.14535761        3.16177344        1.58297253 
        1.49930036        3.01063657        3.10215282        3.14388299        3.16189265        1.58337665 
        1.49649549        3.00507951        3.09815145        3.14183354        3.16147780        1.58352637 
        1.49338007        2.99893212        3.09357595        3.13922429        3.16054225        1.58342719 
        1.48996818        2.99222207        3.08845091        3.13607740        3.15909934        1.58308458 
        1.48627412        2.98497629        3.08279729        3.13240719        3.15716243        1.58250380 
        1.48231101        2.97722101        3.07663989        3.12823510        3.15474534        1.58169091 
        1.47809315        2.96898198        3.07000017        3.12357688        3.15185976        1.58065069 
        1.47363269        2.96028376        3.06289887        3.11844826        3.14851856        1.57938838 
        1.46894300        2.95115018        3.05535841        3.11286902        3.14473462        1.57790959 
        1.46403670        2.94160485        3.04739785        3.10685468        3.14052057        1.57621884 
        1.45892501        2.93166995        3.03903699        3.10041952        3.13588762        1.57432103 
        1.45361996        2.92136765        3.03029561        3.09358120        3.13084745        1.57222223 
        1.44813311        2.91071939        3.02119184        3.08635378        3.12541270        1.56992638 
        1.44247544        2.89974523        3.01174331        3.07875228        3.11959410        1.56743860 
        1.43665659        2.88846445        3.00196695        3.07079315        3.11340404        1.56476378 
        1.43068779        2.87689638        2.99188018        3.06248927        3.10685253        1.56190705 
        1.42457831        2.86505866        2.98149753        3.05385351        3.09995127        1.55887234 
        1.41833746        2.85296845        2.97083664        3.04490185        3.09271121        1.55566525 
        1.41197455        2.84064221        2.95991111        3.03564477        3.08514357        1.55229032 
        1.40549815        2.82809711        2.94873476        3.02609706        3.07725835        1.54875124 
        1.39891660        2.81534791        2.93732333        3.01627064        3.06906557        1.54505408 
        1.39223731        2.80240870        2.92568827        3.00617695        3.06057525        1.54120243 
        1.38546848        2.78929234        2.91384315        2.99582958        3.05179882        1.53720117 
        1.37861705        2.77601480        2.90179920        2.98523784        3.04274511        1.53305531 
        1.37168944        2.76258588        2.88956928        2.97441483        3.03342557        1.52876830 
        1.36469316        2.74902034        2.87716389        2.96336985        3.02384782        1.52434528 
        1.35763359        2.73532629        2.86459422        2.95211387        3.01402235        1.51979089 
        1.35051715        2.72151732        2.85187054        2.94065690        3.00395799        1.51510859 
        1.34334886        2.70760345        2.83900237        2.92900991        2.99366426        1.51030326 
        1.33613467        2.69359279        2.82599926        2.91718054        2.98314953        1.50537896 
        1.32887900        2.67949581        2.81287050        2.90517998        2.97242355        1.50034082 
        1.32158720        2.66532159        2.79962587        2.89301682        2.96149516        1.49519157 
        1.31426322        2.65107727        2.78627110        2.88069749        2.95037127        1.48993564 
        1.30691135        2.63677144        2.77281547        2.86823320        2.93906164        1.48457813 
        1.29953611        2.62241125        2.75926661        2.85563040        2.92757344        1.47912169 
        1.29214048        2.60800481        2.74563146        2.84289694        2.91591382        1.47357118 
        1.28472853        2.59355760        2.73191738        2.83004165        2.90409327        1.46793008 
        1.27730346        2.57907510        2.71813035        2.81707120        2.89211655        1.46220195 
        1.26986837        2.56456399        2.70427704        2.80399251        2.87999249        1.45639074 
        1.26242602        2.55003095        2.69036317        2.79081130        2.86772752        1.45050013 
        1.25497937        2.53547931        2.67639494        2.77753615        2.85532975        1.44453359 
        1.24753082        2.52091503        2.66237640        2.76417232        2.84280491        1.43849480 
        1.24008274        2.50634336        2.64831495        2.75072551        2.83016014        1.43238664 
        1.23263788        2.49176669        2.63421249        2.73720217        2.81740165        1.42621326 
        1.22519743        2.47718930        2.62007737        2.72360849        2.80453658        1.41997743 
        1.21776402        2.46261740        2.60591006        2.70994759        2.79156947        1.41368246 
        1.21033895        2.44805241        2.59171891        2.69622779        2.77850723        1.40733135 
        1.20292461        2.43349886        2.57750416        2.68245149        2.76535559        1.40092731 
        1.19552219        2.41895890        2.56327319        2.66862535        2.75212097        1.39447296 
        1.18813276        2.40443563        2.54902720        2.65475464        2.73880792        1.38797140 
        1.18075860        2.38993216        2.53477120        2.64084077        2.72542095        1.38142538 
        1.17340016        2.37545085        2.52050710        2.62689090        2.71196628        1.37483823 
        1.16605937        2.36099553        2.50623918        2.61290717        2.69844818        1.36821163 
        1.15873659        2.34656668        2.49197078        2.59889483        2.68487263        1.36154866 
        1.15143347        2.33216667        2.47770262        2.58485651        2.67124224        1.35485160 
        1.14415038        2.31779790        2.46343970        2.57079720        2.65756321        1.34812319 
        1.13688838        2.30346203        2.44918370        2.55672026        2.64383912        1.34136534 
        1.12964833        2.28916168        2.43493795        2.54262757        2.63007426        1.33458030 
        1.12243128        2.27489734        2.42070317        2.52852440        2.61627221        1.32777083 
        1.11523747        2.26067138        2.40648365        2.51441240        2.60243797        1.32093847 
        1.10806775        2.24648452        2.39227939        2.50029397        2.58857274        1.31408572 
        1.10092258        2.23233867        2.37809539        2.48617482        2.57468414        1.30721390 
        1.09380257        2.21823502        2.36392975        2.47205400        2.56077147        1.30032587 
        1.08670866        2.20417452        2.34978795        2.45793724        2.54684138        1.29342306 
        1.07964087        2.19015908        2.33566952        2.44382477        2.53289485        1.28650701 
        1.07259965        2.17618895        2.32157683        2.42972016        2.51893640        1.27957928 
        1.06558514        2.16226506        2.30751228        2.41562605        2.50496864        1.27264214 
        1.05859852        2.14838886        2.29347587        2.40154314        2.49099445        1.26569724 
        1.05163944        2.13456082        2.27947021        2.38747501        2.47701573        1.25874519 
        1.04470837        2.12078166        2.26549602        2.37342381        2.46303654        1.25178838 
        1.03780591        2.10705256        2.25155497        2.35938931        2.44905782        1.24482810 
        1.03093207        2.09337449        2.23764968        2.34537649        2.43508410        1.23786521 
        1.02408731        2.07974768        2.22377944        2.33138466        2.42111611        1.23090184 
        1.01727128        2.06617236        2.20994592        2.31741691        2.40715718        1.22393858 
        1.01048505        2.05265069        2.19615149        2.30347466        2.39320827        1.21697700 
        1.00372791        2.03918147        2.18239498        2.28955865        2.37927270        1.21001816 
        0.99700123        2.02576566        2.16867876        2.27567101        2.36535192        1.20306349 
        0.99030405        2.01240468        2.15500450        2.26181388        2.35144830        1.19611382 
        0.98363721        1.99909925        2.14137316        2.24798775        2.33756280        1.18917024 
        0.97700065        1.98584855        2.12778425        2.23419452        2.32369852        1.18223381 
        0.97039443        1.97265339        2.11423922        2.22043514        2.30985689        1.17530572 
        0.96381885        1.95951450        2.10073876        2.20671058        2.29603815        1.16838670 
        0.95727390        1.94643188        2.08728480        2.19302201        2.28224468        1.16147733 
        0.95075983        1.93340647        2.07387662        2.17937183        2.26848030        1.15457904 
        0.94427657        1.92043829        2.06051612        2.16575956        2.25474310        1.14769244 
        0.93782455        1.90752780        2.04720306        2.15218735        2.24103594        1.14081812 
        0.93140352        1.89467525        2.03393888        2.13865614        2.22736073        1.13395751 
        0.92501354        1.88188112        2.02072406        2.12516546        2.21371794        1.12711072 
        0.91865492        1.86914504        2.00755882        2.11171770        2.20010853        1.12027872 
        0.91232789        1.85646760        1.99444449        2.09831405        2.18653536        1.11346221 
        0.90603209        1.84384966        1.98138106        2.08495378        2.17299819        1.10666144 
        0.89976770        1.83129084        1.96836925        2.07163954        2.15949869        1.09987760 
        0.89353508        1.81879210        1.95540988        2.05837035        2.14603734        1.09311152 
        0.88733387        1.80635273        1.94250250        2.04514909        2.13261604        1.08636272 
        0.88116437        1.79397345        1.92964911        2.03197455        2.11923504        1.07963276 
        0.87502664        1.78165436        1.91684914        2.01884794        2.10589600        1.07292211 
        0.86892051        1.76939523        1.90410328        2.00577044        2.09259868        1.06623065 
        0.86284620        1.75719702        1.89141202        1.99274218        2.07934523        1.05955946 
        0.85680372        1.74505949        1.87877548        1.97976422        2.06613636        1.05290878 
        0.85079312        1.73298264        1.86619425        1.96683705        2.05297232        1.04627919 
        0.84481430        1.72096694        1.85366905        1.95396090        2.03985381        1.03967130 
        0.83886743        1.70901239        1.84119976        1.94113648        2.02678180        1.03308475 
        0.83295250        1.69711900        1.82878685        1.92836416        2.01375699        1.02652097 
        0.82706934        1.68528688        1.81643093        1.91564476        2.00078106        1.01997960 
        0.82121813        1.67351663        1.80413198        1.90297914        1.98785269        1.01346171 
        0.81539887        1.66180742        1.79189014        1.89036679        1.97497392        1.00696695 
        0.80961150        1.65016007        1.77970612        1.87780881        1.96214509        1.00049603 
        0.80385619        1.63857424        1.76757991        1.86530530        1.94936705        0.99404931 
        0.79813266        1.62705016        1.75551188        1.85285664        1.93663955        0.98762697 
        0.79244107        1.61558795        1.74350250        1.84046364        1.92396402        0.98122954 
        0.78678143        1.60418749        1.73155105        1.82812595        1.91134012        0.97485703 
        0.78115362        1.59284914        1.71965897        1.81584477        1.89876890        0.96850991 
        0.77555764        1.58157229        1.70782530        1.80361962        1.88625073        0.96218824 
        0.76999360        1.57035792        1.69605112        1.79145110        1.87378597        0.95589274 
        0.76446134        1.55920506        1.68433654        1.77934015        1.86137533        0.94962323 
        0.75896084        1.54811442        1.67268145        1.76728594        1.84901905        0.94337988 
        0.75349236        1.53708589        1.66108561        1.75528932        1.83671689        0.93716323 
        0.74805540        1.52611935        1.64954972        1.74335051        1.82447028        0.93097347 
        0.74265021        1.51521409        1.63807392        1.73146963        1.81227899        0.92481053 
        0.73727655        1.50437117        1.62665820        1.71964741        1.80014348        0.91867483 
        0.73193455        1.49359000        1.61530232        1.70788312        1.78806388        0.91256642 
        0.72662419        1.48287046        1.60400677        1.69617760        1.77604043        0.90648568 
        0.72134531        1.47221315        1.59277165        1.68453097        1.76407397        0.90043247 
        0.71609807        1.46161747        1.58159685        1.67294312        1.75216413        0.89440727 
        0.71088207        1.45108306        1.57048190        1.66141438        1.74031150        0.88841027 
        0.70569736        1.44061089        1.55942786        1.64994490        1.72851622        0.88244098 
        0.70054406        1.43019986        1.54843438        1.63853490        1.71677864        0.87650025 
        0.69542205        1.41985047        1.53750122        1.62718415        1.70509851        0.87058783 
        0.69033122        1.40956211        1.52662849        1.61589301        1.69347656        0.86470395 
        0.68527150        1.39933527        1.51581681        1.60466182        1.68191278        0.85884869 
        0.68024284        1.38916945        1.50506520        1.59349000        1.67040718        0.85302222 
        0.67524511        1.37906480        1.49437439        1.58237815        1.65896010        0.84722477 
        0.67027831        1.36902118        1.48374426        1.57132638        1.64757144        0.84145600 
        0.66534233        1.35903847        1.47317433        1.56033432        1.63624191        0.83571637 
        0.66043711        1.34911668        1.46266520        1.54940236        1.62497103        0.83000576 
        0.65556270        1.33925509        1.45221663        1.53853047        1.61375940        0.82432437 
        0.65071869        1.32945430        1.44182825        1.52771878        1.60260677        0.81867212 
        0.64590526        1.31971359        1.43149996        1.51696670        1.59151268        0.81304914 
        0.64112222        1.31003296        1.42123234        1.50627470        1.58047843        0.80745542 
        0.63636953        1.30041265        1.41102493        1.49564314        1.56950307        0.80189133 
        0.63164699        1.29085207        1.40087759        1.48507118        1.55858719        0.79635656 
        0.62695479        1.28135133        1.39079034        1.47455919        1.54773068        0.79085112 
        0.62229252        1.27191067        1.38076305        1.46410751        1.53693306        0.78537530 
        0.61766034        1.26252902        1.37079561        1.45371532        1.52619529        0.77992892 
        0.61305773        1.25320649        1.36088800        1.44338357        1.51551688        0.77451211 
        0.60848510        1.24394321        1.35104012        1.43311131        1.50489795        0.76912493 
        0.60394210        1.23473847        1.34125221        1.42289913        1.49433827        0.76376718 
        0.59942871        1.22559309        1.33152366        1.41274655        1.48383808        0.75843912 
        0.59494472        1.21650600        1.32185423        1.40265357        1.47339749        0.75314039 
        0.59049010        1.20747745        1.31224358        1.39262009        1.46301603        0.74787158 
        0.58606476        1.19850683        1.30269289        1.38264620        1.45269358        0.74263209 
        0.58166838        1.18959439        1.29320061        1.37273145        1.44243085        0.73742217 
        0.57730108        1.18073964        1.28376758        1.36287653        1.43222749        0.73224175 
        0.57296270        1.17194247        1.27439272        1.35308015        1.42208278        0.72709101 
        0.56865317        1.16320276        1.26507652        1.34334326        1.41199780        0.72196966 
        0.56437236        1.15451992        1.25581872        1.33366525        1.40197122        0.71687788 
        0.56012011        1.14589453        1.24661958        1.32404613        1.39200377        0.71181554 
        0.55589628        1.13732564        1.23747778        1.31448531        1.38209510        0.70678246 
        0.55170065        1.12881351        1.22839403        1.30498350        1.37224555        0.70177907 
        0.54753345        1.12035739        1.21936834        1.29553998        1.36245418        0.69680458 
        0.54339427        1.11195755        1.21039975        1.28615475        1.35272181        0.69185984 
        0.53928322        1.10361350        1.20148838        1.27682745        1.34304738        0.68694401 
        0.53519982        1.09532535        1.19263458        1.26755846        1.33343160        0.68205762 
        0.53114426        1.08709228        1.18383729        1.25834727        1.32387424        0.67720002 
        0.52711618        1.07891464        1.17509723        1.24919367        1.31437457        0.67237186 
        0.52311575        1.07079196        1.16641343        1.24009764        1.30493307        0.66757250 
        0.51914257        1.06272399        1.15778613        1.23105884        1.29554927        0.66280228 
        0.51519668        1.05471075        1.14921474        1.22207737        1.28622341        0.65806097 
        0.51127791        1.04675150        1.14069963        1.21315253        1.27695429        0.65334845 
        0.50738615        1.03884602        1.13223970        1.20428419        1.26774299        0.64866465 
        0.50352114        1.03099453        1.12383580        1.19547307        1.25858915        0.64400965 
        0.49968308        1.02319658        1.11548722        1.18671834        1.24949193        0.63938320 
        0.49587137        1.01545227        1.10719383        1.17801988        1.24045181        0.63478518 
        0.49208626        1.00776076        1.09895515        1.16937745        1.23146880        0.63021600 
        0.48832747        1.00012195        1.09077120        1.16079080        1.22254169        0.62567490 
        0.48459491        0.99253595        1.08264136        1.15225959        1.21367121        0.62116241 
        0.48088846        0.98500210        1.07456613        1.14378393        1.20485699        0.61667776 
        0.47720784        0.97752029        1.06654477        1.13536358        1.19609892        0.61222160 
        0.47355315        0.97009045        1.05857766        1.12699807        1.18739617        0.60779327 
        0.46992415        0.96271181        1.05066335        1.11868763        1.17874956        0.60339308 
        0.46632066        0.95538473        1.04280281        1.11043191        1.17015839        0.59902054 
        0.46274269        0.94810867        1.03499520        1.10223007        1.16162181        0.59467596 
        0.45918992        0.94088328        1.02724051        1.09408271        1.15314078        0.59035897 
        0.45566228        0.93370855        1.01953804        1.08598888        1.14471447        0.58606982 
        0.45215976        0.92658418        1.01188815        1.07794940        1.13634264        0.58180797 
        0.44868204        0.91950959        1.00429070        1.06996322        1.12802565        0.57757360 
        0.44522911        0.91248506        0.99674481        1.06203020        1.11976278        0.57336640 
        0.44180083        0.90550989        0.98925048        1.05415010        1.11155343        0.56918657 
        0.43839696        0.89858389        0.98180759        1.04632270        1.10339820        0.56503367 
        0.43501756        0.89170688        0.97441584        1.03854811        1.09529662        0.56090784 
        0.43166226        0.88487864        0.96707511        1.03082573        1.08724797        0.55680889 
        0.42833111        0.87809879        0.95978475        1.02315533        1.07925284        0.55273670 
        0.42502397        0.87136728        0.95254505        1.01553679        1.07131028        0.54869109 
        0.42174059        0.86468363        0.94535553        1.00797021        1.06342077        0.54467219 
        0.41848090        0.85804760        0.93821543        1.00045431        1.05558348        0.54067963 
        0.41524479        0.85145909        0.93112540        0.99299020        1.04779840        0.53671342 
        0.41203204        0.84491748        0.92408460        0.98557669        1.04006517        0.53277344 
        0.40884271        0.83842295        0.91709292        0.97821379        1.03238416        0.52885962 
        0.40567636        0.83197504        0.91014999        0.97090143        1.02475441        0.52497172 
        0.40253308        0.82557344        0.90325582        0.96363908        1.01717591        0.52110982 
        0.39941266        0.81921798        0.89641023        0.95642668        1.00964832        0.51727355 
        0.39631501        0.81290823        0.88961220        0.94926381        1.00217175        0.51346302 
        0.39323997        0.80664432        0.88286251        0.94215041        0.99474549        0.50967795 
        0.39018738        0.80042547        0.87616020        0.93508625        0.98736989        0.50591838 
        0.38715714        0.79425186        0.86950511        0.92807072        0.98004407        0.50218403 
        0.38414916        0.78812277        0.86289728        0.92110407        0.97276819        0.49847475 
        0.38116327        0.78203839        0.85633612        0.91418570        0.96554190        0.49479067 
        0.37819928        0.77599829        0.84982187        0.90731555        0.95836496        0.49113160 
        0.37525705        0.77000219        0.84335357        0.90049314        0.95123708        0.48749718 
        0.37233651        0.76404977        0.83693135        0.89371860        0.94415820        0.48388758 
        0.36943755        0.75814074        0.83055496        0.88699102        0.93712765        0.48030248 
        0.36656004        0.75227505        0.82422417        0.88031119        0.93014580        0.47674179 
        0.36370379        0.74645233        0.81793869        0.87367785        0.92321181        0.47320551 
        0.36086866        0.74067241        0.81169796        0.86709100        0.91632587        0.46969345 
        0.35805458        0.73493463        0.80550224        0.86055082        0.90948755        0.46620530 
        0.35526130        0.72923917        0.79935098        0.85405666        0.90269637        0.46274129 
        0.35248888        0.72358561        0.79324400        0.84760821        0.89595246        0.45930111 
        0.34973705        0.71797395        0.78718084        0.84120536        0.88925534        0.45588452 
        0.34700572        0.71240348        0.78116173        0.83484805        0.88260490        0.45249161 
        0.34429482        0.70687419        0.77518564        0.82853574        0.87600100        0.44912225 
        0.34160405        0.70138568        0.76925302        0.82226813        0.86944294        0.44577610 
        0.33893350        0.69593799        0.76336348        0.81604528        0.86293083        0.44245309 
        0.33628282        0.69053060        0.75751632        0.80986655        0.85646433        0.43915334 
        0.33365202        0.68516326        0.75171173        0.80373204        0.85004336        0.43587649 
        0.33104107        0.67983586        0.74594945        0.79764128        0.84366721        0.43262240 
        0.32844961        0.67454821        0.74022901        0.79159409        0.83733588        0.42939112 
        0.32587764        0.66929978        0.73455012        0.78559011        0.83104944        0.42618248 
        0.32332498        0.66409069        0.72891295        0.77962923        0.82480711        0.42299619 
        0.32079160        0.65892011        0.72331685        0.77371132        0.81860900        0.41983223 
        0.31827724        0.65378845        0.71776152        0.76783574        0.81245476        0.41669059 
        0.31578198        0.64869493        0.71224689        0.76200247        0.80634403        0.41357091 
        0.31330547        0.64363974        0.70677286        0.75621122        0.80027670        0.41047329 
        0.31084767        0.63862228        0.70133883        0.75046182        0.79425246        0.40739748 
        0.30840844        0.63364261        0.69594473        0.74475408        0.78827101        0.40434340 
        0.30598772        0.62870020        0.69059020        0.73908746        0.78233230        0.40131086 
        0.30358535        0.62379497        0.68527532        0.73346186        0.77643567        0.39829984 
        0.30120116        0.61892647        0.67999953        0.72787708        0.77058136        0.39531019 
        0.29883516        0.61409473        0.67476249        0.72233260        0.76476866        0.39234167 
        0.29648709        0.60929942        0.66956413        0.71682858        0.75899786        0.38939428 
        0.29415694        0.60454023        0.66440439        0.71136469        0.75326824        0.38646784 
        0.29184443        0.59981698        0.65928280        0.70594043        0.74757969        0.38356227 
        0.28954962        0.59512943        0.65419900        0.70055574        0.74193209        0.38067740 
        0.28727224        0.59047741        0.64915299        0.69521046        0.73632509        0.37781316 
        0.28501227        0.58586067        0.64414430        0.68990403        0.73075825        0.37496936 
        0.28276953        0.58127862        0.63917297        0.68463659        0.72523177        0.37214589 
        0.28054401        0.57673138        0.63423854        0.67940748        0.71974486        0.36934268 
        0.27833548        0.57221866        0.62934083        0.67421687        0.71429777        0.36655959 
        0.27614391        0.56774038        0.62447947        0.66906428        0.70889014        0.36379647 
        0.27396902        0.56329590        0.61965466        0.66394949        0.70352155        0.36105320 
        0.27181089        0.55888528        0.61486560        0.65887213        0.69819182        0.35832965 
        0.26966932        0.55450833        0.61011237        0.65383226        0.69290066        0.35562572 
        0.26754421        0.55016464        0.60539478        0.64882964        0.68764806        0.35294133 
        0.26543528        0.54585403        0.60071230        0.64386356        0.68243343        0.35027623 
        0.26334271        0.54157645        0.59606516        0.63893449        0.67725700        0.34763050 
        0.26126623        0.53733152        0.59145254        0.63404155        0.67211813        0.34500387 
        0.25920573        0.53311884        0.58687460        0.62918472        0.66701663        0.34239623 
        0.25716111        0.52893841        0.58233106        0.62436384        0.66195226        0.33980748 
        0.25513229        0.52479005        0.57782149        0.61957854        0.65692490        0.33723754 
        0.25311908        0.52067339        0.57334596        0.61482888        0.65193450        0.33468628 
        0.25112143        0.51658809        0.56890404        0.61011434        0.64698046        0.33215350 
        0.24913925        0.51253432        0.56449556        0.60543478        0.64206260        0.32963920 
        0.24717236        0.50851172        0.56012028        0.60078990        0.63718081        0.32714310 
        0.24522075        0.50451982        0.55577809        0.59617966        0.63233489        0.32466534 
        0.24328415        0.50055879        0.55146867        0.59160346        0.62752450        0.32220557 
        0.24136256        0.49662805        0.54719162        0.58706152        0.62274939        0.31976375 
        0.23945592        0.49272773        0.54294711        0.58255345        0.61800951        0.31733972 
        0.23756406        0.48885724        0.53873461        0.57807904        0.61330438        0.31493351 
        0.23568684        0.48501655        0.53455406        0.57363778        0.60863382        0.31254491 
        0.23382424        0.48120558        0.53040504        0.56922978        0.60399777        0.31017369 
        0.23197609        0.47742397        0.52628756        0.56485474        0.59939593        0.30781990 
        0.23014231        0.47367147        0.52220124        0.56051248        0.59482813        0.30548346 
        0.22832280        0.46994796        0.51814604        0.55620265        0.59029400        0.30316409 
        0.22651744        0.46625310        0.51412135        0.55192488        0.58579326        0.30086181 
        0.22472617        0.46258697        0.51012731        0.54767936        0.58132601        0.29857638 
        0.22294883        0.45894906        0.50616378        0.54346567        0.57689172        0.29630792 
        0.22118536        0.45533940        0.50223047        0.53928363        0.57249033        0.29405600 
        0.21943562        0.45175764        0.49832687        0.53513283        0.56812149        0.29182076 
        0.21769954        0.44820356        0.49445310        0.53101319        0.56378502        0.28960195 
        0.21597701        0.44467708        0.49060890        0.52692467        0.55948097        0.28739968 
        0.21426795        0.44117805        0.48679388        0.52286690        0.55520874        0.28521359 
        0.21257225        0.43770599        0.48300809        0.51883954        0.55096823        0.28304359 
        0.21088977        0.43426093        0.47925109        0.51484251        0.54675937        0.28088963 
        0.20922053        0.43084264        0.47552285        0.51087570        0.54258174        0.27875164 
        0.20756426        0.42745093        0.47182307        0.50693876        0.53843516        0.27662957 
        0.20592101        0.42408550        0.46815157        0.50303149        0.53431964        0.27452320 
        0.20429058        0.42074630        0.46450827        0.49915388        0.53023475        0.27243239 
        0.20267297        0.41743305        0.46089271        0.49530530        0.52618027        0.27035704 
        0.20106806        0.41414565        0.45730484        0.49148589        0.52215624        0.26829723 
        0.19947568        0.41088372        0.45374453        0.48769534        0.51816219        0.26625264 
        0.19789581        0.40764728        0.45021147        0.48393357        0.51419806        0.26422331 
        0.19632837        0.40443605        0.44670549        0.48020023        0.51026356        0.26220906 
        0.19477323        0.40124992        0.44322652        0.47649506        0.50635827        0.26020977 
        0.19323029        0.39808860        0.43977410        0.47281805        0.50248259        0.25822538 
        0.19169949        0.39495188        0.43634823        0.46916890        0.49863571        0.25625581 
        0.19018073        0.39183974        0.43294883        0.46554747        0.49481770        0.25430089 
        0.18867387        0.38875186        0.42957547        0.46195355        0.49102840        0.25236061 
        0.18717892        0.38568813        0.42622796        0.45838678        0.48726749        0.25043479 
        0.18569572        0.38264829        0.42290634        0.45484722        0.48353487        0.24852335 
        0.18422420        0.37963226        0.41961023        0.45133451        0.47983012        0.24662614 
        0.18276426        0.37663978        0.41633949        0.44784847        0.47615340        0.24474318 
        0.18131588        0.37367085        0.41309392        0.44438899        0.47250426        0.24287425 
        0.17987886        0.37072495        0.40987346        0.44095585        0.46888268        0.24101938 
        0.17845316        0.36780220        0.40667775        0.43754888        0.46528828        0.23917839 
        0.17703871        0.36490241        0.40350670        0.43416777        0.46172094        0.23735118 
        0.17563546        0.36202529        0.40036017        0.43081251        0.45818049        0.23553763 
        0.17424329        0.35917073        0.39723790        0.42748281        0.45466679        0.23373777 
        0.17286208        0.35633865        0.39413974        0.42417845        0.45117953        0.23195133 
        0.17149177        0.35352859        0.39106551        0.42089942        0.44771865        0.23017831 
        0.17013234        0.35074079        0.38801503        0.41764534        0.44428387        0.22841866 
        0.16878356        0.34797472        0.38498819        0.41441610        0.44087487        0.22667219 
        0.16744551        0.34523040        0.38198474        0.41121152        0.43749177        0.22493885 
        0.16611803        0.34250763        0.37900445        0.40803146        0.43413430        0.22321855 
        0.16480103        0.33980629        0.37604731        0.40487564        0.43080223        0.22151124 
        0.16349450        0.33712614        0.37311304        0.40174410        0.42749530        0.21981673 
        0.16219826        0.33446705        0.37020147        0.39863643        0.42421332        0.21813495 
        0.16091231        0.33182883        0.36731252        0.39555261        0.42095634        0.21646592 
        0.15963651        0.32921147        0.36444592        0.39249232        0.41772395        0.21480942 
        0.15837084        0.32661471        0.36160153        0.38945556        0.41451609        0.21316542 
        0.15711521        0.32403824        0.35877925        0.38644207        0.41133258        0.21153384 
        0.15586951        0.32148212        0.35597885        0.38345158        0.40817314        0.20991461 
        0.15463370        0.31894615        0.35320014        0.38048410        0.40503773        0.20830758 
        0.15340766        0.31643018        0.35044298        0.37753931        0.40192610        0.20671268 
        0.15219137        0.31393406        0.34770733        0.37461722        0.39883807        0.20512977 
        0.15098472        0.31145748        0.34499291        0.37171745        0.39577350        0.20355892 
        0.14978762        0.30900043        0.34229949        0.36883998        0.39273223        0.20199986 
        0.14860004        0.30656287        0.33962709        0.36598465        0.38971409        0.20045266 
        0.14742190        0.30414450        0.33697543        0.36315125        0.38671887        0.19891715 
        0.14625308        0.30174515        0.33434436        0.36033961        0.38374647        0.19739322 
        0.14509356        0.29936481        0.33173379        0.35754961        0.38079667        0.19588090 
        0.14394324        0.29700318        0.32914352        0.35478100        0.37786928        0.19437999 
        0.14280209        0.29466015        0.32657343        0.35203376        0.37496424        0.19289047 
        0.14166999        0.29233569        0.32402328        0.34930763        0.37208125        0.19141223 
        0.14054687        0.29002962        0.32149300        0.34660244        0.36922026        0.18994525 
        0.13943270        0.28774163        0.31898248        0.34391811        0.36638105        0.18848935 
