        0.00000000        0.00000000        0.00000000        0.00000000        0.00000000        0.00000000        0.00000000 
        0.00000000        0.00000000        0.00000000        0.00000000        0.00000000        0.00000000        0.00000000 
        0.00000000        0.00000000        0.00000000        0.00000000        0.00000000        0.00000000        0.00000000 
        0.00000000        0.00000000        0.00000000        0.00000000        0.00000000        0.00000000        0.00000000 
        0.00000000        0.00000000        0.00000000        0.00000000        0.00000000        0.00000000        0.00000000 
        0.00000000        0.00000000        0.00000000        0.00000000        0.00000000        0.00000000        0.00000000 
        0.00000000        0.00000000        0.00000000        0.00000000        0.00000000        0.00000000        0.00000000 
        0.00000000        0.00000000        0.00000000        0.00000000        0.00000000        0.00000000        0.00000000 
        0.00000000        0.00000000        0.00000000        0.00000000        0.00000000        0.00000000        0.00000000 
        0.00000000        0.00000000        0.00000000        0.00000000        0.00000000        0.00000000        0.00000000 
        0.00000000        0.00000000        0.00000000        0.00000000        0.00000000        0.00000000        0.00000000 
        0.00000000        0.00000000        0.00000000        0.00000000        0.00000000        0.00000000        0.00000000 
        0.00000000        0.00000000        0.00000000        0.00000000        0.00000000        0.00000000        0.00000000 
        0.00000000        0.00000000        0.00000000        0.00000000        0.00000000        0.00000000        0.00000000 
        0.00000000        0.00000000        0.00000000        0.00000000        0.00000000        0.00000000        0.00000000 
        0.00000000        0.00000000        0.00000000        0.00000000        0.00000000        0.00000000        0.00000000 
        0.00000000        0.00000000        0.00000000        0.00000000        0.00000000        0.00000000        0.00000000 
        0.00000000        0.00000000        0.00000000        0.00000000        0.00000000        0.00000000        0.00000000 
        0.00000000        0.00000000        0.00000000        0.00000000        0.00000000        0.00000000        0.00000000 
        0.00000000        0.00000000        0.00000000        0.00000000        0.00000000        0.00000000        0.00000000 
        0.00000000        0.00000000        0.00000000        0.00000000        0.00000000        0.00000000        0.00000000 
        0.00000000        0.00000000        0.00000000        0.00000000        0.00000000        0.00000000        0.00000000 
        0.00000000        0.00000000        0.00000000        0.00000000        0.00000000        0.00000000        0.00000000 
        0.00000000        0.00000000        0.00000000        0.00000000        0.00000000        0.00000000        0.00000000 
        0.00000000        0.00000000        0.00000000        0.00000000        0.00000000        0.00000000        0.00000000 
        0.00000000        0.00000000        0.00000000        0.00000000        0.00000000        0.00000000        0.00000000 
        0.00000000        0.00000000        0.00000000        0.00000000        0.00000000        0.00000000        0.00000000 
        0.00000000        0.00000000        0.00000000        0.00000000        0.00000000        0.00000000        0.00000000 
        0.00000000        0.00000000        0.00000000        0.00000000        0.00000000        0.00000000        0.00000000 
        0.00000000        0.00000000        0.00000000        0.00000000        0.00000000        0.00000000        0.00000000 
        0.00000000        0.00000000        0.00000000        0.00000000        0.00000000        0.00000000        0.00000000 
        0.00000000        0.00000000        0.00000000        0.00000000        0.00000000        0.00000000        0.00000000 
        0.00000000        0.00000000        0.00000000        0.00000000        0.00000000        0.00000000        0.00000000 
        0.00000000        0.00000000        0.00000000        0.00000000        0.00000000        0.00000000        0.00000000 
        0.00000000        0.00000000        0.00000000        0.00000000        0.00000000        0.00000000        0.00000000 
        0.00000000        0.00000000        0.00000000        0.00000000        0.00000000        0.00000000        0.00000000 
        0.00000000        0.00000000        0.00000000        0.00000000        0.00000000        0.00000000        0.00000000 
        0.00000000        0.00000000        0.00000000        0.00000000        0.00000000        0.00000000        0.00000000 
        0.00000000        0.00000000        0.00000000        0.00000000        0.00000000        0.00000000        0.00000000 
        0.00000000        0.00000000        0.00000000        0.00000000        0.00000000        0.00000000        0.00000000 
        0.00000000        0.00000000        0.00000000        0.00000000        0.00000000        0.00000000        0.00000000 
        0.00000000        0.00000000        0.00000000        0.00000000        0.00000000        0.00000000        0.00000000 
        0.00000000        0.00000000        0.00000000        0.00000000        0.00000000        0.00000000        0.00000000 
        0.00000000        0.00000000        0.00000000        0.00000000        0.00000000        0.00000000        0.00000000 
        0.00000000        0.00000000        0.00000000        0.00000000        0.00000000        0.00000000        0.00000000 
        0.00000000        0.00000000        0.00000000        0.00000000        0.00000000        0.00000000        0.00000000 
        0.00000000        0.00000000        0.00000000        0.00000000        0.00000000        0.00000000        0.00000000 
        0.00000000        0.00000000        0.00000000        0.00000000        0.00000000        0.00000000        0.00000000 
        0.00000000        0.00000000        0.00000000        0.00000000        0.00000000        0.00000000        0.00000000 
        0.00000000        0.00000000        0.00000000        0.00000000        0.00000000        0.00000000        0.00000000 
        0.00000000        0.00000000        0.00000000        0.00000000        0.00000001        0.00000001        0.00000000 
        0.00000000        0.00000000        0.00000000        0.00000000        0.00000001        0.00000001        0.00000000 
        0.00000000        0.00000000        0.00000000        0.00000001        0.00000001        0.00000001        0.00000001 
        0.00000000        0.00000000        0.00000000        0.00000001        0.00000001        0.00000001        0.00000001 
        0.00000000        0.00000000        0.00000000        0.00000001        0.00000001        0.00000002        0.00000001 
        0.00000000        0.00000001        0.00000001        0.00000001        0.00000002        0.00000002        0.00000001 
        0.00000000        0.00000001        0.00000001        0.00000001        0.00000002        0.00000002        0.00000001 
        0.00000000        0.00000001        0.00000001        0.00000002        0.00000003        0.00000003        0.00000002 
        0.00000001        0.00000001        0.00000001        0.00000002        0.00000003        0.00000004        0.00000002 
        0.00000001        0.00000001        0.00000002        0.00000003        0.00000004        0.00000005        0.00000003 
        0.00000001        0.00000002        0.00000002        0.00000003        0.00000005        0.00000006        0.00000003 
        0.00000001        0.00000002        0.00000002        0.00000004        0.00000007        0.00000008        0.00000004 
        0.00000001        0.00000003        0.00000003        0.00000005        0.00000008        0.00000009        0.00000005 
        0.00000002        0.00000004        0.00000004        0.00000007        0.00000010        0.00000012        0.00000006 
        0.00000002        0.00000005        0.00000005        0.00000008        0.00000013        0.00000015        0.00000008 
        0.00000003        0.00000006        0.00000006        0.00000010        0.00000016        0.00000018        0.00000009 
        0.00000004        0.00000007        0.00000007        0.00000013        0.00000020        0.00000023        0.00000012 
        0.00000004        0.00000009        0.00000009        0.00000016        0.00000024        0.00000028        0.00000014 
        0.00000005        0.00000011        0.00000011        0.00000019        0.00000030        0.00000034        0.00000018 
        0.00000007        0.00000014        0.00000014        0.00000024        0.00000037        0.00000042        0.00000022 
        0.00000008        0.00000017        0.00000017        0.00000029        0.00000046        0.00000052        0.00000027 
        0.00000010        0.00000021        0.00000021        0.00000036        0.00000056        0.00000064        0.00000033 
        0.00000013        0.00000026        0.00000026        0.00000045        0.00000069        0.00000079        0.00000041 
        0.00000016        0.00000032        0.00000033        0.00000055        0.00000084        0.00000096        0.00000050 
        0.00000020        0.00000039        0.00000040        0.00000067        0.00000103        0.00000118        0.00000061 
        0.00000024        0.00000048        0.00000049        0.00000082        0.00000126        0.00000144        0.00000075 
        0.00000030        0.00000059        0.00000061        0.00000100        0.00000154        0.00000175        0.00000091 
        0.00000036        0.00000073        0.00000074        0.00000123        0.00000188        0.00000213        0.00000111 
        0.00000045        0.00000089        0.00000091        0.00000149        0.00000228        0.00000260        0.00000135 
        0.00000054        0.00000109        0.00000111        0.00000182        0.00000277        0.00000315        0.00000164 
        0.00000066        0.00000133        0.00000136        0.00000221        0.00000336        0.00000382        0.00000198 
        0.00000081        0.00000162        0.00000165        0.00000268        0.00000407        0.00000463        0.00000240 
        0.00000099        0.00000197        0.00000201        0.00000325        0.00000492        0.00000559        0.00000290 
        0.00000120        0.00000240        0.00000245        0.00000393        0.00000594        0.00000675        0.00000350 
        0.00000145        0.00000291        0.00000297        0.00000475        0.00000715        0.00000814        0.00000422 
        0.00000176        0.00000353        0.00000360        0.00000573        0.00000861        0.00000979        0.00000508 
        0.00000213        0.00000427        0.00000436        0.00000690        0.00001035        0.00001177        0.00000611 
        0.00000258        0.00000516        0.00000527        0.00000831        0.00001242        0.00001412        0.00000733 
        0.00000311        0.00000622        0.00000635        0.00000998        0.00001488        0.00001692        0.00000878 
        0.00000374        0.00000749        0.00000766        0.00001197        0.00001781        0.00002024        0.00001051 
        0.00000450        0.00000901        0.00000921        0.00001433        0.00002128        0.00002418        0.00001255 
        0.00000541        0.00001083        0.00001107        0.00001714        0.00002538        0.00002884        0.00001497 
        0.00000649        0.00001299        0.00001327        0.00002047        0.00003024        0.00003435        0.00001783 
        0.00000777        0.00001555        0.00001590        0.00002441        0.00003597        0.00004086        0.00002121 
        0.00000929        0.00001860        0.00001902        0.00002907        0.00004272        0.00004852        0.00002519 
        0.00001110        0.00002221        0.00002271        0.00003457        0.00005067        0.00005753        0.00002987 
        0.00001323        0.00002648        0.00002709        0.00004104        0.00006001        0.00006812        0.00003537 
        0.00001575        0.00003153        0.00003225        0.00004866        0.00007097        0.00008054        0.00004181 
        0.00001873        0.00003749        0.00003835        0.00005761        0.00008380        0.00009509        0.00004937 
        0.00002223        0.00004450        0.00004554        0.00006811        0.00009881        0.00011209        0.00005820 
        0.00002637        0.00005278        0.00005400        0.00008042        0.00011637        0.00013199        0.00006853 
        0.00003122        0.00006249        0.00006395        0.00009481        0.00013683        0.00015517        0.00008057 
        0.00003690        0.00007386        0.00007559        0.00011160        0.00016064        0.00018212        0.00009457 
        0.00004355        0.00008718        0.00008923        0.00013117        0.00018831        0.00021344        0.00011083 
        0.00005133        0.00010274        0.00010518        0.00015395        0.00022042        0.00024977        0.00012969 
        0.00006040        0.00012091        0.00012379        0.00018043        0.00025764        0.00029187        0.00015155 
        0.00007098        0.00014208        0.00014549        0.00021115        0.00030071        0.00034056        0.00017683 
        0.00008329        0.00016671        0.00017075        0.00024676        0.00035046        0.00039679        0.00020603 
        0.00009758        0.00019534        0.00020009        0.00028796        0.00040785        0.00046164        0.00023970 
        0.00011417        0.00022855        0.00023414        0.00033555        0.00047396        0.00053630        0.00027846 
        0.00013338        0.00026701        0.00027359        0.00039046        0.00054999        0.00062212        0.00032302 
        0.00015561        0.00031150        0.00031923        0.00045370        0.00063729        0.00072064        0.00037417 
        0.00018127        0.00036288        0.00037194        0.00052642        0.00073738        0.00083355        0.00043279 
        0.00021086        0.00042213        0.00043272        0.00060994        0.00085197        0.00096274        0.00049986 
        0.00024492        0.00049034        0.00050272        0.00070569        0.00098295        0.00111035        0.00057648 
        0.00028408        0.00056875        0.00058320        0.00081532        0.00113243        0.00127875        0.00066390 
        0.00032903        0.00065875        0.00067559        0.00094065        0.00130277        0.00147055        0.00076346 
        0.00038054        0.00076190        0.00078149        0.00108369        0.00149660        0.00168869        0.00087668 
        0.00043948        0.00087994        0.00090270        0.00124672        0.00171679        0.00193638        0.00100524 
        0.00050683        0.00101481        0.00104121        0.00143225        0.00196657        0.00221721        0.00115098 
        0.00058366        0.00116867        0.00119926        0.00164306        0.00224948        0.00253512        0.00131596 
        0.00067118        0.00134395        0.00137932        0.00188225        0.00256942        0.00289446        0.00150243 
        0.00077072        0.00154330        0.00158416        0.00215321        0.00293069        0.00329999        0.00171285 
        0.00088376        0.00176971        0.00181682        0.00245971        0.00333801        0.00375695        0.00194994 
        0.00101193        0.00202644        0.00208069        0.00280590        0.00379654        0.00427107        0.00221667 
        0.00115705        0.00231712        0.00237950        0.00319633        0.00431194        0.00484861        0.00251628 
        0.00132111        0.00264573        0.00271736        0.00363597        0.00489039        0.00549640        0.00285230 
        0.00150629        0.00301668        0.00309880        0.00413031        0.00553861        0.00622188        0.00322857 
        0.00171500        0.00343476        0.00352878        0.00468531        0.00626392        0.00703311        0.00364929 
        0.00194987        0.00390527        0.00401275        0.00530749        0.00707424        0.00793882        0.00411895 
        0.00221377        0.00443398        0.00455666        0.00600391        0.00797816        0.00894848        0.00464246 
        0.00250986        0.00502717        0.00516701        0.00678229        0.00898498        0.01007229        0.00522509 
        0.00284155        0.00569171        0.00585087        0.00765096        0.01010470        0.01132123        0.00587252 
        0.00321256        0.00643507        0.00661595        0.00861895        0.01134810        0.01270711        0.00659084 
        0.00362692        0.00726532        0.00747059        0.00969600        0.01272675        0.01424259        0.00738660 
        0.00408900        0.00819123        0.00842384        0.01089261        0.01425303        0.01594120        0.00826677 
        0.00460352        0.00922225        0.00948546        0.01222006        0.01594022        0.01781740        0.00923883 
        0.00517557        0.01036858        0.01066599        0.01369046        0.01780244        0.01988658        0.01031070 
        0.00581060        0.01164121        0.01197676        0.01531677        0.01985475        0.02216510        0.01149083 
        0.00651451        0.01305191        0.01342995        0.01711286        0.02211313        0.02467029        0.01278815 
        0.00729357        0.01461331        0.01503861        0.01909347        0.02459454        0.02742049        0.01421210 
        0.00815452        0.01633891        0.01681666        0.02127432        0.02731687        0.03043505        0.01577264 
        0.00910453        0.01824308        0.01877899        0.02367207        0.03029902        0.03373431        0.01748025 
        0.01015123        0.02034116        0.02094144        0.02630437        0.03356085        0.03733964        0.01934591 
        0.01130272        0.02264941        0.02332081        0.02918988        0.03712324        0.04127344        0.02138112 
        0.01256760        0.02518506        0.02593494        0.03234824        0.04100801        0.04555905        0.02359788 
        0.01395494        0.02796634        0.02880264        0.03580013        0.04523798        0.05022082        0.02600868 
        0.01547430        0.03101247        0.03194380        0.03956720        0.04983690        0.05528404        0.02862649 
        0.01713576        0.03434364        0.03537932        0.04367214        0.05482944        0.06077487        0.03146471 
        0.01894988        0.03798105        0.03913110        0.04813865        0.06024116        0.06672037        0.03453720 
        0.02092771        0.04194693        0.04322214        0.05299134        0.06609845        0.07314837        0.03785818 
        0.02308079        0.04626444        0.04767641        0.05825583        0.07242855        0.08008743        0.04144226 
        0.02542115        0.05095773        0.05251884        0.06395856        0.07925934        0.08756682        0.04530434 
        0.02796126        0.05605187        0.05777541        0.07012690        0.08661941        0.09561634        0.04945963 
        0.03071404        0.06157282        0.06347296        0.07678904        0.09453797        0.10426628        0.05392355 
        0.03369286        0.06754742        0.06963922        0.08397382        0.10304462        0.11354729        0.05871170 
        0.03691143        0.07400326        0.07630277        0.09171088        0.11216949        0.12349033        0.06383975 
        0.04038389        0.08096871        0.08349289        0.10003031        0.12194289        0.13412647        0.06932344 
        0.04412465        0.08847278        0.09123965        0.10896278        0.13239534        0.14548676        0.07517854 
        0.04814845        0.09654508        0.09957359        0.11853941        0.14355743        0.15760215        0.08142060 
        0.05247027        0.10521572        0.10852587        0.12879147        0.15545967        0.17050327        0.08806510 
        0.05710525        0.11451517        0.11812796        0.13975045        0.16813231        0.18422040        0.09512716 
        0.06206869        0.12447427        0.12841173        0.15144798        0.18160525        0.19878305        0.10262162 
        0.06737600        0.13512385        0.13940905        0.16391540        0.19590782        0.21422002        0.11056285 
        0.07304255        0.14649498        0.15115193        0.17718393        0.21106873        0.23055917        0.11896475 
        0.07908371        0.15861848        0.16367219        0.19128448        0.22711581        0.24782723        0.12784046 
        0.08551468        0.17152503        0.17700152        0.20624700        0.24407575        0.26604950        0.13720250 
        0.09235049        0.18524483        0.19117098        0.22210120        0.26197428        0.28524989        0.14706257 
        0.09960587        0.19980763        0.20621113        0.23887557        0.28083542        0.30545050        0.15743145 
        0.10729520        0.21524231        0.22215185        0.25659761        0.30068201        0.32667184        0.16831888 
        0.11543243        0.23157693        0.23902182        0.27529356        0.32153484        0.34893173        0.17973351 
        0.12403093        0.24883842        0.25684878        0.29498821        0.34341300        0.37224650        0.19168285 
        0.13310345        0.26705268        0.27565908        0.31570464        0.36633334        0.39662966        0.20417306 
        0.14266208        0.28624380        0.29547757        0.33746415        0.39031044        0.42209199        0.21720900 
        0.15271799        0.30643457        0.31632733        0.36028618        0.41535681        0.44864193        0.23079409 
        0.16328162        0.32764587        0.33822951        0.38418770        0.44148219        0.47628477        0.24493015 
        0.17436227        0.34989646        0.36120322        0.40918344        0.46869326        0.50502294        0.25961757 
        0.18596824        0.37320313        0.38526529        0.43528590        0.49699461        0.53485566        0.27485496 
        0.19810662        0.39758027        0.41042998        0.46250418        0.52638704        0.56577891        0.29063937 
        0.21078332        0.42303979        0.43670911        0.49084523        0.55686885        0.59778523        0.30696607 
        0.22400287        0.44959077        0.46411145        0.52031261        0.58843511        0.63086414        0.32382846 
        0.23776838        0.47723979        0.49264291        0.55090708        0.62107742        0.66500121        0.34121847 
        0.25208160        0.50599009        0.52230620        0.58262551        0.65478414        0.70017904        0.35912585 
        0.26694268        0.53584218        0.55310088        0.61546230        0.68954039        0.73637617        0.37753892 
        0.28235012        0.56679308        0.58502311        0.64940768        0.72532803        0.77356821        0.39644384 
        0.29830086        0.59883660        0.61806518        0.68444878        0.76212525        0.81172699        0.41582540 
        0.31479019        0.63196331        0.65221679        0.72056872        0.79990643        0.85082078        0.43566641 
        0.33181158        0.66616011        0.68746281        0.75774771        0.83864367        0.89081490        0.45594805 
        0.34935674        0.70141059        0.72378522        0.79596168        0.87830490        0.93167102        0.47664988 
        0.36741588        0.73769450        0.76116174        0.83518332        0.91885513        0.97334814        0.49774981 
        0.38597706        0.77498806        0.79956663        0.87538159        0.96025622        1.01580179        0.51922452 
        0.40502694        0.81326425        0.83897054        0.91652191        1.00246680        1.05898488        0.54104894 
        0.42455012        0.85249239        0.87934041        0.95856625        1.04544294        1.10284734        0.56319678 
        0.44452980        0.89263827        0.92063874        1.00147307        1.08913720        1.14733732        0.58564085 
        0.46494710        0.93366402        0.96282548        1.04519773        1.13350070        1.19240046        0.60835254 
        0.48578194        0.97552884        1.00585651        1.08969212        1.17848074        1.23797882        0.63130242 
        0.50701237        1.01818836        1.04968452        1.13490558        1.22402322        1.28401542        0.65445995 
        0.52861488        1.06159556        1.09425938        1.18078434        1.27007186        1.33044875        0.67779416 
        0.55056483        1.10570002        1.13952672        1.22727191        1.31656861        1.37721872        0.70127356 
        0.57283568        1.15044880        1.18543077        1.27430952        1.36345375        1.42426157        0.72486597 
        0.59540009        1.19578612        1.23191154        1.32183599        1.41066611        1.47151506        0.74853903 
        0.61822927        1.24165440        1.27890801        1.36978793        1.45814264        1.51891410        0.77226007 
        0.64129353        1.28799307        1.32635653        1.41810060        1.50582123        1.56639564        0.79599679 
        0.66456205        1.33474028        1.37419045        1.46670747        1.55363762        1.61389530        0.81971669 
        0.68800324        1.38183141        1.42234230        1.51554108        1.60152721        1.66134858        0.84338731 
        0.71158493        1.42920196        1.47074342        1.56453228        1.64942670        1.70869279        0.86697745 
        0.73527408        1.47678459        1.51932323        1.61361265        1.69727123        1.75586474        0.89045548 
        0.75903720        1.52451277        1.56801057        1.66271102        1.74499714        1.80280375        0.91379088 
        0.78284067        1.57231724        1.61673355        1.71175766        1.79254115        1.84944928        0.93695408 
        0.80665076        1.62013030        1.66542017        1.76068354        1.83984125        1.89574218        0.95991611 
        0.83043319        1.66788244        1.71399879        1.80941856        1.88683629        1.94162536        0.98264885 
        0.85415405        1.71550500        1.76239562        1.85789382        1.93346632        1.98704469        1.00512588 
        0.87778008        1.76293039        1.81054211        1.90604150        1.97967267        2.03194594        1.02732134 
        0.90127730        1.81009054        1.85836625        1.95379531        2.02539873        2.07627940        1.04921103 
        0.92461306        1.85691845        1.90579796        2.00108933        2.07059050        2.11999559        1.07077181 
        0.94775504        1.90334976        1.95277095        2.04786110        2.11519480        2.16305041        1.09198225 
        0.97067112        1.94931936        1.99921811        2.09404731        2.15916038        2.20539856        1.11282218 
        0.99333096        1.99476516        2.04507446        2.13959074        2.20244074        2.24700165        1.13327253 
        1.01570439        2.03962636        2.09027839        2.18443131        2.24498820        2.28782010        1.15331614 
        1.03776240        2.08384395        2.13477015        2.22851658        2.28676200        2.32782149        1.17293799 
        1.05947709        2.12736368        2.17849135        2.27179360        2.32772088        2.36697197        1.19212294 
        1.08082175        2.17012858        2.22138858        2.31421351        2.36782646        2.40524364        1.21085918 
        1.10177112        2.21208954        2.26340842        2.35572982        2.40704465        2.44261026        1.22913527 
        1.12230122        2.25319695        2.30450320        2.39629960        2.44534302        2.47904825        1.24694157 
        1.14238870        2.29340553        2.34462619        2.43588185        2.48269296        2.51453829        1.26426995 
        1.16201270        2.33267164        2.38373566        2.47444081        2.51906824        2.54906225        1.28111327 
        1.18115342        2.37095618        2.42179275        2.51194167        2.55444431        2.58260632        1.29746699 
        1.19979239        2.40822124        2.45876145        2.54835486        2.58880162        2.61515784        1.31332600 
        1.21791303        2.44443536        2.49460912        2.58365297        2.62212133        2.64670658        1.32868850 
        1.23549962        2.47956467        2.52930713        2.61781287        2.65438962        2.67724729        1.34355271 
        1.25253880        2.51358533        2.56283140        2.65081358        2.68559337        2.70677423        1.35791790 
        1.26901841        2.54647088        2.59515810        2.68263698        2.71572232        2.73528504        1.37178504 
        1.28492761        2.57820106        2.62626934        2.71327090        2.74477100        2.76278138        1.38515580 
        1.30025768        2.60875607        2.65614963        2.74270368        2.77273321        2.78926396        1.39803243 
        1.31500030        2.63812423        2.68478823        2.77092671        2.79960561        2.81473494        1.41041899 
        1.32914984        2.66629124        2.71217632        2.79793620        2.82539010        2.83920336        1.42231941 
        1.34270108        2.69324994        2.73830819        2.82372904        2.85008597        2.86267328        1.43373942 
        1.35565150        2.71899247        2.76318097        2.84830737        2.87369895        2.88515496        1.44468355 
        1.36799848        2.74351645        2.78679657        2.87167335        2.89623475        2.90665793        1.45515859 
        1.37974107        2.76682091        2.80915713        2.89383364        2.91769981        2.92719340        1.46517158 
        1.39088047        2.78890800        2.83026886        2.91479540        2.93810463        2.94677448        1.47472906 
        1.40141761        2.80978107        2.85013986        2.93457031        2.95745897        2.96541405        1.48383904 
        1.41135609        2.82944751        2.86878157        2.95317030        2.97577524        2.98312521        1.49250913 
        1.42069960        2.84791541        2.88620687        2.97060919        2.99306726        2.99992466        1.50074720 
        1.42945278        2.86519623        2.90243101        2.98690462        3.00934911        3.01582718        1.50856197 
        1.43762159        2.88130236        2.91747212        3.00207305        3.02463722        3.03084922        1.51596236 
        1.44521284        2.89624786        2.93134642        3.01613474        3.03894734        3.04500675        1.52295578 
        1.45223367        2.91004896        2.94407678        3.02911043        3.05229759        3.05831671        1.52955151 
        1.45869279        2.92272377        2.95568395        3.04102135        3.06470561        3.07079649        1.53575742 
        1.46459877        2.93429017        2.96619153        3.05189061        3.07619119        3.08246493        1.54158318 
        1.46996117        2.94476771        2.97562218        3.06174231        3.08677363        3.09333706        1.54703653 
        1.47479022        2.95418024        2.98400354        3.07060122        3.09647179        3.10343218        1.55212629 
        1.47909665        2.96254826        2.99136066        3.07849169        3.10530567        3.11276531        1.55686069 
        1.48289108        2.96989417        2.99771976        3.08544111        3.11329818        3.12135696        1.56124806 
        1.48618555        2.97624230        3.00310969        3.09147453        3.12046790        3.12922335        1.56529617 
        1.48899090        2.98161817        3.00755668        3.09661794        3.12683511        3.13638043        1.56901312 
        1.49132001        2.98604608        3.01108909        3.10089898        3.13242221        3.14284611        1.57240665 
        1.49318480        2.98955083        3.01373696        3.10434389        3.13724995        3.14863729        1.57548463 
        1.49459755        2.99215913        3.01552653        3.10697937        3.14133835        3.15377045        1.57825422 
        1.49557090        2.99389577        3.01648784        3.10883331        3.14470792        3.15826178        1.58072245 
        1.49611783        2.99478745        3.01664925        3.10993004        3.14738035        3.16212702        1.58289635 
        1.49625039        2.99486041        3.01603794        3.11029792        3.14937568        3.16538215        1.58478332 
        1.49598169        2.99414110        3.01468301        3.10996222        3.15071392        3.16804242        1.58638966 
        1.49532437        2.99265480        3.01261115        3.10894728        3.15141392        3.17012310        1.58772206 
        1.49429166        2.99042797        3.00985098        3.10727954        3.15149736        3.17163897        1.58878648 
        1.49289525        2.98748636        3.00642848        3.10498381        3.15098214        3.17260480        1.58958995 
        1.49114859        2.98385525        3.00237036        3.10208416        3.14988852        3.17303419        1.59013748 
        1.48906338        2.97956038        2.99770164        3.09860396        3.14823341        3.17294216        1.59043515 
        1.48665214        2.97462559        2.99244905        3.09456658        3.14603543        3.17234039        1.59048975 
        1.48392737        2.96907687        2.98663831        3.08999395        3.14331269        3.17124343        1.59030557 
        1.48090065        2.96293664        2.98029017        3.08490825        3.14008307        3.16966534        1.58988857 
        1.47758353        2.95622897        2.97342992        3.07933140        3.13636327        3.16761661        1.58924401 
        1.47398818        2.94897890        2.96608210        3.07328415        3.13217020        3.16511106        1.58837736 
        1.47012556        2.94120717        2.95826626        3.06678486        3.12751889        3.16216063        1.58729339 
        1.46600699        2.93293691        2.95000625        3.05985451        3.12242723        3.15877819        1.58599710 
        1.46164346        2.92418981        2.94132066        3.05251145        3.11690855        3.15497375        1.58449411 
        1.45704532        2.91498637        2.93223143        3.04477429        3.11097980        3.15076041        1.58278883 
        1.45222318        2.90534806        2.92275715        3.03665876        3.10465336        3.14614797        1.58088529 
        1.44718742        2.89529443        2.91291642        3.02818322        3.09794569        3.14114881        1.57878947 
        1.44194758        2.88484526        2.90272903        3.01936316        3.09086919        3.13577318        1.57650518 
        1.43651366        2.87402034        2.89221048        3.01021528        3.08343744        3.13003111        1.57403708 
        1.43089521        2.86283779        2.88138008        3.00075412        3.07566452        3.12393403        1.57139015 
        1.42510068        2.85131454        2.87025118        2.99099422        3.06756234        3.11749077        1.56856811 
        1.41913950        2.83947015        2.85884118        2.98094773        3.05914283        3.11071348        1.56557572 
        1.41302073        2.82731915        2.84716463        2.97063065        3.05041814        3.10360956        1.56241727 
        1.40675223        2.81487989        2.83523655        2.96005321        3.04139876        3.09619069        1.55909705 
        1.40034223        2.80216670        2.82307029        2.94923115        3.03209925        3.08846498        1.55561912 
        1.39379847        2.78919530        2.81067920        2.93817282        3.02252650        3.08044147        1.55198801 
        1.38712943        2.77598119        2.79807615        2.92689180        3.01269484        3.07213140        1.54820752 
        1.38034141        2.76253843        2.78527308        2.91539788        3.00261116        3.06354165        1.54428160 
        1.37344217        2.74888039        2.77228236        2.90370131        2.99228692        3.05468225        1.54021513 
        1.36643863        2.73502040        2.75911474        2.89181256        2.98173285        3.04556084        1.53601086 
        1.35933733        2.72097230        2.74578190        2.87974191        2.97095656        3.03618646        1.53167403 
        1.35214496        2.70674682        2.73229313        2.86749816        2.95996714        3.02656674        1.52720737 
        1.34486711        2.69235778        2.71865916        2.85508943        2.94877458        3.01671124        1.52261543 
        1.33751070        2.67781544        2.70488930        2.84252501        2.93738675        3.00662637        1.51790178 
        1.33008087        2.66313052        2.69099140        2.82981157        2.92581129        2.99632120        1.51307023 
        1.32258332        2.64831471        2.67697716        2.81695914        2.91405797        2.98580289        1.50812423 
        1.31502342        2.63337803        2.66285253        2.80397463        2.90213203        2.97507811        1.50306833 
        1.30740702        2.61833000        2.64862657        2.79086471        2.89004326        2.96415567        1.49790514 
        1.29973745        2.60317993        2.63430595        2.77763557        2.87779808        2.95304322        1.49263835 
        1.29202080        2.58793712        2.61989927        2.76429653        2.86540365        2.94174528        1.48727190 
        1.28426147        2.57261014        2.60541296        2.75085187        2.85286736        2.93027210        1.48180866 
        1.27646327        2.55720758        2.59085417        2.73730755        2.84019470        2.91862798        1.47625279 
        1.26863086        2.54173756        2.57622933        2.72367096        2.82739353        2.90682054        1.47060728 
        1.26076818        2.52620697        2.56154299        2.70994663        2.81446862        2.89485550        1.46487463 
        1.25287902        2.51062322        2.54680443        2.69614124        2.80142760        2.88274169        1.45905983 
        1.24496698        2.49499488        2.53201675        2.68225908        2.78827548        2.87048221        1.45316410 
        1.23703587        2.47932768        2.51718664        2.66830611        2.77501798        2.85808468        1.44719136 
        1.22908843        2.46362567        2.50231791        2.65428710        2.76166153        2.84555578        1.44114518 
        1.22112870        2.44789982        2.48741794        2.64020562        2.74821019        2.83289957        1.43502784 
        1.21315908        2.43215179        2.47248936        2.62606788        2.73467040        2.82012367        1.42884266 
        1.20518279        2.41638827        2.45753765        2.61187816        2.72104573        2.80723238        1.42259264 
        1.19720292        2.40061641        2.44256663        2.59763956        2.70734310        2.79423094        1.41628003 
        1.18922126        2.38483834        2.42758131        2.58335662        2.69356608        2.78112578        1.40990818 
        1.18124127        2.36906219        2.41258669        2.56903481        2.67972016        2.76792121        1.40347910 
        1.17326510        2.35328937        2.39758348        2.55467701        2.66580892        2.75462294        1.39699638 
        1.16529429        2.33752728        2.38257909        2.54028583        2.65183783        2.74123597        1.39046192 
        1.15733194        2.32177758        2.36757517        2.52586627        2.63780975        2.72776437        1.38387835 
        1.14937973        2.30604482        2.35257435        2.51142240        2.62372994        2.71421313        1.37724853 
        1.14143956        2.29033399        2.33758140        2.49695611        2.60960221        2.70058680        1.37057424 
        1.13351369        2.27464867        2.32259965        2.48247123        2.59543014        2.68689013        1.36385834 
        1.12560308        2.25899053        2.30763125        2.46797109        2.58121800        2.67312789        1.35710335 
        1.11771047        2.24336386        2.29267931        2.45345879        2.56696844        2.65930271        1.35031056 
        1.10983634        2.22777200        2.27774525        2.43893695        2.55268693        2.64542055        1.34348309 
        1.10198319        2.21221781        2.26283431        2.42440939        2.53837538        2.63148451        1.33662271 
        1.09415185        2.19670367        2.24794745        2.40987921        2.52403760        2.61749840        1.32973206 
        1.08634317        2.18123198        2.23308706        2.39534664        2.50967789        2.60346746        1.32281232 
        1.07855964        2.16580582        2.21825600        2.38081598        2.49529696        2.58939338        1.31586552 
        1.07080162        2.15042758        2.20345640        2.36629009        2.48089933        2.57527995        1.30889463 
        1.06307006        2.13509941        2.18869019        2.35177064        2.46648860        2.56113219        1.30190063 
        1.05536675        2.11982346        2.17395997        2.33726072        2.45206761        2.54695344        1.29488552 
        1.04769218        2.10459971        2.15926552        2.32276177        2.43763781        2.53274560        1.28785133 
        1.04004741        2.08943295        2.14461136        2.30827713        2.42320371        2.51851392        1.28079963 
        1.03243327        2.07432389        2.12999725        2.29380798        2.40876651        2.50425887        1.27373171 
        1.02485073        2.05927372        2.11542678        2.27935648        2.39432955        2.48998547        1.26664996 
        1.01730025        2.04428434        2.10090065        2.26492500        2.37989497        2.47569633        1.25955606 
        1.00978267        2.02935791        2.08642077        2.25051570        2.36546493        2.46139455        1.25245070 
        1.00229895        2.01449418        2.07198715        2.23613000        2.35104346        2.44708252        1.24533582 
        0.99484938        1.99969542        2.05760241        2.22177052        2.33663154        2.43276334        1.23821330 
        0.98743469        1.98496330        2.04326844        2.20743823        2.32223058        2.41843843        1.23108423 
        0.98005551        1.97029781        2.02898598        2.19313431        2.30784392        2.40411234        1.22394991 
        0.97271198        1.95570147        2.01475477        2.17886209        2.29347348        2.38978648        1.21681166 
        0.96540487        1.94117332        2.00057793        2.16462207        2.27912116        2.37546372        1.20967114 
        0.95813477        1.92671657        1.98645639        2.15041566        2.26478863        2.36114573        1.20252955 
        0.95090187        1.91233015        1.97239041        2.13624573        2.25047827        2.34683514        1.19538820 
        0.94370633        1.89801598        1.95838141        2.12211180        2.23619246        2.33253455        1.18824780 
        0.93654913        1.88377416        1.94443047        2.10801601        2.22193098        2.31824565        1.18111038 
        0.92943013        1.86960566        1.93053806        2.09396029        2.20769715        2.30397105        1.17397618 
        0.92234933        1.85551131        1.91670477        2.07994485        2.19349217        2.28971243        1.16684675 
        0.91530776        1.84149194        1.90293300        2.06597209        2.17931724        2.27547097        1.15972328 
        0.90830517        1.82754695        1.88922155        2.05204201        2.16517520        2.26125026        1.15260673 
        0.90134180        1.81367791        1.87557232        2.03815746        2.15106678        2.24705124        1.14549780 
        0.89441782        1.79988503        1.86198592        2.02431750        2.13699293        2.23287511        1.13839769 
        0.88753384        1.78616822        1.84846246        2.01052475        2.12295604        2.21872520        1.13130772 
        0.88068950        1.77252817        1.83500290        1.99678051        2.10895658        2.20460129        1.12422812 
        0.87388492        1.75896537        1.82160783        1.98308432        2.09499669        2.19050670        1.11716020 
        0.86712068        1.74548030        1.80827796        1.96943820        2.08107686        2.17644215        1.11010480 
        0.86039674        1.73207283        1.79501331        1.95584285        2.06719875        2.16240907        1.10306263 
        0.85371304        1.71874356        1.78181481        1.94229865        2.05336356        2.14840913        1.09603477 
        0.84706962        1.70549226        1.76868272        1.92880678        2.03957224        2.13444424        1.08902133 
        0.84046662        1.69231927        1.75561798        1.91536832        2.02582526        2.12051487        1.08202422 
        0.83390409        1.67922509        1.74261999        1.90198433        2.01212502        2.10662246        1.07504332 
        0.82738233        1.66620922        1.72968960        1.88865423        1.99847269        2.09276938        1.06807911 
        0.82090068        1.65327191        1.71682775        1.87538040        1.98486781        2.07895613        1.06113327 
        0.81445998        1.64041424        1.70403397        1.86216223        1.97131157        2.06518388        1.05420566 
        0.80805969        1.62763536        1.69130909        1.84900105        1.95780540        2.05145311        1.04729688 
        0.80169982        1.61493528        1.67865300        1.83589780        1.94435048        2.03776598        1.04040813 
        0.79538077        1.60231328        1.66606534        1.82285190        1.93094671        2.02412367        1.03353953 
        0.78910202        1.58977103        1.65354764        1.80986476        1.91759562        2.01052642        1.02669203 
        0.78286386        1.57730758        1.64109921        1.79693758        1.90429819        1.99697518        1.01986599 
        0.77666605        1.56492317        1.62872088        1.78406918        1.89105439        1.98347187        1.01306176 
        0.77050865        1.55261743        1.61641240        1.77126169        1.87786520        1.97001684        1.00628030 
        0.76439154        1.54039061        1.60417390        1.75851452        1.86473119        1.95661068        0.99952143 
        0.75831467        1.52824223        1.59200549        1.74582827        1.85165381        1.94325519        0.99278623 
        0.75227803        1.51617265        1.57990766        1.73320413        1.83863270        1.92995000        0.98607510 
        0.74628133        1.50418127        1.56787980        1.72064173        1.82566869        1.91669703        0.97938830 
        0.74032491        1.49226832        1.55592287        1.70814145        1.81276286        1.90349662        0.97272646 
        0.73440832        1.48043370        1.54403615        1.69570422        1.79991496        1.89034867        0.96608973 
        0.72853148        1.46867669        1.53222036        1.68332922        1.78712571        1.87725508        0.95947868 
        0.72269422        1.45699763        1.52047479        1.67101848        1.77439666        1.86421609        0.95289356 
        0.71689689        1.44539654        1.50880015        1.65877116        1.76172709        1.85123217        0.94633496 
        0.71113867        1.43387330        1.49719632        1.64658785        1.74911809        1.83830428        0.93980318 
        0.70542014        1.42242670        1.48566318        1.63446844        1.73656917        1.82543266        0.93329841 
        0.69974083        1.41105795        1.47420037        1.62241340        1.72408140        1.81261778        0.92682105 
        0.69410044        1.39976549        1.46280837        1.61042285        1.71165526        1.79986084        0.92037106 
        0.68849921        1.38854992        1.45148671        1.59849787        1.69929099        1.78716147        0.91394943 
        0.68293691        1.37741113        1.44023573        1.58663726        1.68698919        1.77452111        0.90755594 
        0.67741323        1.36634803        1.42905509        1.57484221        1.67474961        1.76193988        0.90119117 
        0.67192835        1.35536110        1.41794491        1.56311250        1.66257298        1.74941754        0.89485496 
        0.66648179        1.34445071        1.40690506        1.55144787        1.65045905        1.73695517        0.88854808 
        0.66107351        1.33361483        1.39593530        1.53984904        1.63840842        1.72455287        0.88227010 
        0.65570337        1.32285440        1.38503551        1.52831602        1.62642169        1.71221149        0.87602204 
        0.65037125        1.31216896        1.37420535        1.51684892        1.61449862        1.69993126        0.86980337 
        0.64507729        1.30155838        1.36344600        1.50544763        1.60263932        1.68771183        0.86361474 
        0.63982075        1.29102206        1.35275567        1.49411261        1.59084451        1.67555428        0.85745609 
        0.63460171        1.28055954        1.34213495        1.48284316        1.57911372        1.66345811        0.85132813 
        0.62942010        1.27017140        1.33158362        1.47163987        1.56744766        1.65142488        0.84523034 
        0.62427574        1.25985634        1.32110167        1.46050262        1.55584610        1.63945365        0.83916295 
        0.61916846        1.24961448        1.31068873        1.44943178        1.54430950        1.62754524        0.83312660 
        0.61409801        1.23944581        1.30034482        1.43842685        1.53283739        1.61569965        0.82712102 
        0.60906446        1.22934973        1.29006970        1.42748821        1.52143037        1.60391724        0.82114649 
        0.60406727        1.21932590        1.27986300        1.41661561        1.51008892        1.59219813        0.81520307 
        0.59910643        1.20937419        1.26972473        1.40580916        1.49881196        1.58054233        0.80929095 
        0.59418190        1.19949424        1.25965476        1.39506853        1.48760056        1.56895018        0.80341005 
        0.58929342        1.18968534        1.24965286        1.38439441        1.47645450        1.55742204        0.79756075 
        0.58444083        1.17994726        1.23971820        1.37378573        1.46537328        1.54595721        0.79174298 
        0.57962382        1.17028022        1.22985148        1.36324298        1.45435774        1.53455722        0.78595686 
        0.57484233        1.16068351        1.22005236        1.35276639        1.44340730        1.52322078        0.78020227 
        0.57009619        1.15115690        1.21032012        1.34235525        1.43252206        1.51194823        0.77447963 
        0.56538528        1.14170003        1.20065427        1.33200967        1.42170227        1.50074041        0.76878852 
        0.56070930        1.13231182        1.19105518        1.32172990        1.41094792        1.48959708        0.76312953 
        0.55606806        1.12299311        1.18152308        1.31151521        1.40025854        1.47851789        0.75750244 
        0.55146152        1.11374319        1.17205656        1.30136633        1.38963485        1.46750343        0.75190717 
        0.54688936        1.10456157        1.16265631        1.29128194        1.37907529        1.45655274        0.74634409 
        0.54235137        1.09544778        1.15332150        1.28126299        1.36858189        1.44566727        0.74081284 
        0.53784764        1.08640170        1.14405239        1.27130902        1.35815310        1.43484592        0.73531377 
        0.53337753        1.07742298        1.13484800        1.26142037        1.34778929        1.42408907        0.72984654 
        0.52894133        1.06851137        1.12570894        1.25159526        1.33749020        1.41339684        0.72441143 
        0.52453846        1.05966568        1.11663413        1.24183524        1.32725608        1.40276885        0.71900862 
        0.52016902        1.05088723        1.10762417        1.23213971        1.31708670        1.39220488        0.71363753 
        0.51583272        1.04217386        1.09867811        1.22250772        1.30698133        1.38170528        0.70829850 
        0.51152933        1.03352582        1.08979535        1.21294010        1.29694068        1.37127042        0.70299172 
        0.50725865        1.02494323        1.08097637        1.20343602        1.28696430        1.36089945        0.69771683 
        0.50302052        1.01642549        1.07222092        1.19399583        1.27705228        1.35059273        0.69247401 
        0.49881485        1.00797236        1.06352806        1.18461871        1.26720428        1.34035027        0.68726307 
        0.49464145        0.99958330        1.05489802        1.17530489        1.25741994        1.33017135        0.68208408 
        0.49049994        0.99125773        1.04633033        1.16605425        1.24769950        1.32005668        0.67693704 
        0.48639029        0.98299545        1.03782499        1.15686631        1.23804259        1.31000543        0.67182171 
        0.48231223        0.97479641        1.02938128        1.14774084        1.22844899        1.30001783        0.66673833 
        0.47826567        0.96665978        1.02099884        1.13867807        1.21891880        1.29009366        0.66168660 
        0.47425041        0.95858550        1.01267767        1.12967694        1.20945144        1.28023303        0.65666664 
        0.47026616        0.95057297        1.00441754        1.12073803        1.20004714        1.27043581        0.65167826 
        0.46631286        0.94262218        0.99621791        1.11186087        1.19070566        1.26070154        0.64672160 
        0.46239012        0.93473256        0.98807859        1.10304523        1.18142641        1.25103021        0.64179659 
        0.45849806        0.92690372        0.97999930        1.09429026        1.17220914        1.24142134        0.63690281 
        0.45463625        0.91913539        0.97197974        1.08559644        1.16305399        1.23187494        0.63204050 
        0.45080447        0.91142696        0.96401942        1.07696354        1.15396094        1.22239149        0.62720942 
        0.44700283        0.90377855        0.95611823        1.06839144        1.14493001        1.21297038        0.62240976 
        0.44323075        0.89618915        0.94827563        1.05987918        1.13595998        1.20361137        0.61764115 
        0.43948838        0.88865894        0.94049180        1.05142725        1.12705135        1.19431424        0.61290365 
        0.43577531        0.88118738        0.93276596        1.04303455        1.11820388        1.18507874        0.60819703 
        0.43209156        0.87377411        0.92509782        1.03470159        1.10941708        1.17590475        0.60352141 
        0.42843670        0.86641866        0.91748720        1.02642787        1.10069072        1.16679227        0.59887677 
        0.42481083        0.85912102        0.90993416        1.01821315        1.09202480        1.15774083        0.59426254 
        0.42121345        0.85188019        0.90243751        1.01005685        1.08341861        1.14875019        0.58967918 
        0.41764465        0.84469628        0.89499742        1.00195920        1.07487285        1.13982069        0.58512634 
        0.41410404        0.83756900        0.88761377        0.99391967        1.06638622        1.13095164        0.58060390 
        0.41059154        0.83049768        0.88028592        0.98593795        1.05795896        1.12214267        0.57611161 
        0.40710694        0.82348222        0.87301373        0.97801387        1.04959106        1.11339378        0.57164979 
        0.40365019        0.81652236        0.86579692        0.97014701        1.04128218        1.10470498        0.56721812 
        0.40022087        0.80961710        0.85863495        0.96233743        1.03303146        1.09607553        0.56281626 
        0.39681897        0.80276674        0.85152763        0.95458436        1.02483881        1.08750546        0.55844438 
        0.39344421        0.79597080        0.84447461        0.94688791        1.01670492        1.07899499        0.55410242 
        0.39009646        0.78922874        0.83747566        0.93924743        1.00862825        1.07054281        0.54979002 
        0.38677549        0.78254038        0.83053052        0.93166298        1.00060916        1.06214941        0.54550713 
        0.38348117        0.77590525        0.82363856        0.92413414        0.99264759        1.05381465        0.54125375 
        0.38021338        0.76932299        0.81679976        0.91666073        0.98474282        1.04553795        0.53702974 
        0.37697184        0.76279324        0.81001371        0.90924215        0.97689474        1.03731894        0.53283477 
        0.37375638        0.75631577        0.80327988        0.90187860        0.96910328        1.02915788        0.52866900 
        0.37056693        0.74988997        0.79659814        0.89456952        0.96136791        1.02105415        0.52453226 
        0.36740318        0.74351603        0.78996831        0.88731426        0.95368826        1.01300752        0.52042425 
        0.36426494        0.73719305        0.78338999        0.88011318        0.94606471        1.00501776        0.51634508 
        0.36115217        0.73092091        0.77686268        0.87296557        0.93849599        0.99708480        0.51229429 
        0.35806459        0.72469938        0.77038622        0.86587119        0.93098253        0.98920822        0.50827211 
        0.35500205        0.71852785        0.76396024        0.85882992        0.92352372        0.98138750        0.50427824 
        0.35196435        0.71240604        0.75758439        0.85184139        0.91611946        0.97362268        0.50031251 
        0.34895137        0.70633388        0.75125843        0.84490526        0.90876967        0.96591341        0.49637479 
        0.34596291        0.70031077        0.74498206        0.83802116        0.90147334        0.95825940        0.49246511 
        0.34299883        0.69433624        0.73875475        0.83118868        0.89423090        0.95066059        0.48858327 
        0.34005895        0.68841016        0.73257655        0.82440805        0.88704169        0.94311613        0.48472887 
        0.33714303        0.68253249        0.72644693        0.81767839        0.87990552        0.93562651        0.48090225 
        0.33425102        0.67670226        0.72036546        0.81099981        0.87282205        0.92819077        0.47710285 
        0.33138254        0.67091954        0.71433204        0.80437189        0.86579132        0.92080909        0.47333077 
        0.32853770        0.66518384        0.70834607        0.79779428        0.85881257        0.91348088        0.46958581 
        0.32571608        0.65949506        0.70240772        0.79126650        0.85188568        0.90620613        0.46586791 
        0.32291770        0.65385246        0.69651628        0.78478849        0.84501046        0.89898443        0.46217677 
        0.32014236        0.64825612        0.69067132        0.77835989        0.83818650        0.89181560        0.45851234 
        0.31738976        0.64270544        0.68487310        0.77198070        0.83141363        0.88469899        0.45487449 
        0.31465989        0.63720024        0.67912066        0.76565009        0.82469136        0.87763476        0.45126310 
        0.31195250        0.63174027        0.67341435        0.75936788        0.81801945        0.87062234        0.44767794 
        0.30926752        0.62632501        0.66775340        0.75313419        0.81139785        0.86366171        0.44411892 
        0.30660462        0.62095416        0.66213757        0.74694830        0.80482596        0.85675234        0.44058597 
        0.30396387        0.61562771        0.65656650        0.74081016        0.79830384        0.84989405        0.43707889 
        0.30134481        0.61034477        0.65104014        0.73471916        0.79183084        0.84308660        0.43359745 
        0.29874754        0.60510552        0.64555800        0.72867537        0.78540665        0.83632928        0.43014160 
        0.29617190        0.59990954        0.64011985        0.72267824        0.77903122        0.82962257        0.42671126 
        0.29361746        0.59475625        0.63472527        0.71672767        0.77270418        0.82296568        0.42330614 
        0.29108441        0.58964562        0.62937409        0.71082300        0.76642513        0.81635833        0.41992611 
        0.28857225        0.58457732        0.62406588        0.70496452        0.76019394        0.80980027        0.41657132 
        0.28608108        0.57955062        0.61880034        0.69915140        0.75401026        0.80329132        0.41324127 
        0.28361061        0.57456589        0.61357754        0.69338381        0.74787384        0.79683113        0.40993589 
        0.28116080        0.56962246        0.60839665        0.68766087        0.74178421        0.79041940        0.40665522 
        0.27873147        0.56471997        0.60325760        0.68198270        0.73574126        0.78405613        0.40339887 
        0.27632236        0.55985814        0.59816021        0.67634892        0.72974461        0.77774042        0.40016687 
        0.27393335        0.55503672        0.59310406        0.67075944        0.72379398        0.77147239        0.39695904 
        0.27156436        0.55025560        0.58808905        0.66521353        0.71788895        0.76525140        0.39377514 
        0.26921529        0.54551423        0.58311456        0.65971136        0.71202958        0.75907779        0.39061525 
        0.26688576        0.54081225        0.57818037        0.65425223        0.70621520        0.75295091        0.38747892 
        0.26457587        0.53614962        0.57328659        0.64883620        0.70044583        0.74687040        0.38436636 
        0.26228532        0.53152591        0.56843239        0.64346266        0.69472086        0.74083585        0.38127705 
        0.26001409        0.52694064        0.56361771        0.63813174        0.68904036        0.73484737        0.37821102 
        0.25776184        0.52239406        0.55884254        0.63284272        0.68340391        0.72890455        0.37516826 
        0.25552860        0.51788521        0.55410600        0.62759566        0.67781121        0.72300708        0.37214851 
        0.25331411        0.51341426        0.54940832        0.62238979        0.67226160        0.71715438        0.36915156 
        0.25111827        0.50898075        0.54474902        0.61722541        0.66675532        0.71134657        0.36617741 
        0.24894099        0.50458443        0.54012787        0.61210191        0.66129190        0.70558310        0.36322579 
        0.24678208        0.50022507        0.53554463        0.60701919        0.65587115        0.69986379        0.36029658 
        0.24464142        0.49590224        0.53099889        0.60197663        0.65049261        0.69418859        0.35738975 
        0.24251877        0.49161577        0.52649033        0.59697413        0.64515609        0.68855679        0.35450491 
        0.24041413        0.48736537        0.52201891        0.59201181        0.63986135        0.68296838        0.35164231 
        0.23832722        0.48315075        0.51758420        0.58708894        0.63460797        0.67742300        0.34880146 
        0.23625807        0.47897172        0.51318604        0.58220541        0.62939578        0.67192024        0.34598234 
        0.23420644        0.47482786        0.50882387        0.57736075        0.62422466        0.66646028        0.34318489 
        0.23217213        0.47071883        0.50449789        0.57255477        0.61909401        0.66104215        0.34040892 
        0.23015516        0.46664467        0.50020748        0.56778735        0.61400360        0.65566617        0.33765417 
        0.22815529        0.46260494        0.49595249        0.56305820        0.60895348        0.65033185        0.33492070 
        0.22617240        0.45859927        0.49173263        0.55836684        0.60394305        0.64503890        0.33220825 
        0.22420634        0.45462754        0.48754770        0.55371308        0.59897208        0.63978690        0.32951659 
        0.22225705        0.45068946        0.48339736        0.54909688        0.59404039        0.63457566        0.32684577 
        0.22032434        0.44678462        0.47928128        0.54451764        0.58914769        0.62940514        0.32419559 
        0.21840808        0.44291294        0.47519937        0.53997546        0.58429384        0.62427479        0.32156584 
        0.21650817        0.43907410        0.47115132        0.53546971        0.57947814        0.61918437        0.31895643 
        0.21462443        0.43526778        0.46713677        0.53100026        0.57470077        0.61413383        0.31636733 
        0.21275680        0.43149391        0.46315554        0.52656698        0.56996125        0.60912269        0.31379831 
        0.21090512        0.42775205        0.45920753        0.52216935        0.56525934        0.60415077        0.31124914 
        0.20906925        0.42404196        0.45529225        0.51780730        0.56059492        0.59921771        0.30871990 
        0.20724903        0.42036352        0.45140946        0.51348072        0.55596751        0.59432328        0.30621028 
        0.20544441        0.41671628        0.44755915        0.50918901        0.55137682        0.58946717        0.30372015 
        0.20365524        0.41310021        0.44374084        0.50493193        0.54682285        0.58464921        0.30124950 
        0.20188135        0.40951496        0.43995434        0.50070947        0.54230511        0.57986921        0.29879814 
        0.20012271        0.40596023        0.43619943        0.49652141        0.53782350        0.57512677        0.29636589 
        0.19837908        0.40243578        0.43247586        0.49236730        0.53337777        0.57042164        0.29395270 
        0.19665048        0.39894149        0.42878336        0.48824692        0.52896750        0.56575352        0.29155833 
        0.19493666        0.39547709        0.42512175        0.48416007        0.52459240        0.56112242        0.28918278 
        0.19323759        0.39204216        0.42149082        0.48010635        0.52025253        0.55652761        0.28682575 
        0.19155301        0.38863674        0.41789016        0.47608575        0.51594734        0.55196923        0.28448728 
        0.18988304        0.38526037        0.41431978        0.47209796        0.51167655        0.54744673        0.28216720 
        0.18822737        0.38191292        0.41077924        0.46814260        0.50744033        0.54296029        0.27986532 
        0.18658595        0.37859413        0.40726835        0.46421969        0.50323802        0.53850931        0.27758151 
        0.18495865        0.37530383        0.40378690        0.46032873        0.49906957        0.53409344        0.27531579 
        0.18334536        0.37204161        0.40033466        0.45646948        0.49493444        0.52971262        0.27306777 
        0.18174596        0.36880749        0.39691147        0.45264184        0.49083275        0.52536672        0.27083766 
        0.18016036        0.36560106        0.39351699        0.44884551        0.48676404        0.52105528        0.26862508 
        0.17858848        0.36242214        0.39015111        0.44508037        0.48272821        0.51677811        0.26642996 
        0.17703007        0.35927045        0.38681337        0.44134599        0.47872490        0.51253498        0.26425216 
        0.17548513        0.35614601        0.38350391        0.43764231        0.47475392        0.50832552        0.26209167 
        0.17395352        0.35304835        0.38022220        0.43396896        0.47081500        0.50414973        0.25994816 
        0.17243521        0.34997743        0.37696829        0.43032581        0.46690792        0.50000715        0.25782174 
        0.17092995        0.34693274        0.37374166        0.42671257        0.46303245        0.49589774        0.25571215 
        0.16943772        0.34391439        0.37054229        0.42312905        0.45918843        0.49182114        0.25361934 
        0.16795841        0.34092200        0.36736989        0.41957501        0.45537549        0.48777702        0.25154307 
        0.16649188        0.33795536        0.36422428        0.41605017        0.45159340        0.48376533        0.24948336 
        0.16503808        0.33501440        0.36110529        0.41255438        0.44784203        0.47978565        0.24744000 
        0.16359682        0.33209872        0.35801253        0.40908742        0.44412115        0.47583795        0.24541292 
        0.16216812        0.32920814        0.35494602        0.40564904        0.44043049        0.47192174        0.24340200 
        0.16075175        0.32634261        0.35190538        0.40223905        0.43676978        0.46803701        0.24140705 
        0.15934765        0.32350177        0.34889051        0.39885721        0.43313873        0.46418342        0.23942804 
        0.15795572        0.32068548        0.34590119        0.39550319        0.42953739        0.46036080        0.23746480 
        0.15657590        0.31789342        0.34293708        0.39217693        0.42596525        0.45656887        0.23551728 
        0.15520804        0.31512564        0.33999819        0.38887820        0.42242226        0.45280749        0.23358536 
        0.15385205        0.31238174        0.33708417        0.38560671        0.41890818        0.44907621        0.23166880 
        0.15250787        0.30966160        0.33419481        0.38236225        0.41542265        0.44537503        0.22976756 
        0.15117535        0.30696493        0.33133000        0.37914473        0.41196558        0.44170371        0.22788157 
        0.14985438        0.30429164        0.32848957        0.37595394        0.40853679        0.43806195        0.22601070 
        0.14854495        0.30164140        0.32567310        0.37278944        0.40513596        0.43444952        0.22415482 
        0.14724687        0.29901427        0.32288072        0.36965114        0.40176290        0.43086627        0.22231388 
        0.14596006        0.29640982        0.32011199        0.36653903        0.39841744        0.42731190        0.22048762 
        0.14468454        0.29382798        0.31736678        0.36345273        0.39509943        0.42378625        0.21867608 
        0.14342009        0.29126856        0.31464496        0.36039197        0.39180848        0.42028913        0.21687904 
        0.14216660        0.28873125        0.31194627        0.35735673        0.38854444        0.41682023        0.21509649 
        0.14092407        0.28621602        0.30927053        0.35434666        0.38530719        0.41337943        0.21332829 
        0.13969235        0.28372258        0.30661756        0.35136160        0.38209656        0.40996644        0.21157424 
        0.13847138        0.28125075        0.30398723        0.34840140        0.37891215        0.40658110        0.20983440 
        0.13726106        0.27880046        0.30137926        0.34546578        0.37575385        0.40322325        0.20810853 
        0.13606127        0.27637136        0.29879358        0.34255463        0.37262151        0.39989251        0.20639658 
        0.13487196        0.27396348        0.29622984        0.33966774        0.36951491        0.39658886        0.20469841 
        0.13369305        0.27157649        0.29368809        0.33680487        0.36643371        0.39331207        0.20301400 
        0.13252442        0.26921025        0.29116791        0.33396599        0.36337802        0.39006174        0.20134312 
        0.13136600        0.26686460        0.28866935        0.33115062        0.36034736        0.38683784        0.19968577 
        0.13021767        0.26453936        0.28619206        0.32835883        0.35734165        0.38364023        0.19804183 
        0.12907939        0.26223439        0.28373596        0.32559028        0.35436058        0.38046846        0.19641113 
        0.12795104        0.25994939        0.28130075        0.32284483        0.35140416        0.37732258        0.19479367 
        0.12683257        0.25768423        0.27888626        0.32012239        0.34847209        0.37420234        0.19318928 
        0.12572388        0.25543895        0.27649263        0.31742266        0.34556416        0.37110737        0.19159783 
        0.12462487        0.25321311        0.27411941        0.31474546        0.34268022        0.36803779        0.19001935 
        0.12353550        0.25100672        0.27176642        0.31209069        0.33982006        0.36499313        0.18845361 
        0.12245565        0.24881956        0.26943356        0.30945808        0.33698341        0.36197317        0.18690059 
        0.12138524        0.24665147        0.26712072        0.30684751        0.33417025        0.35897806        0.18536015 
        0.12032422        0.24450225        0.26482764        0.30425882        0.33138028        0.35600722        0.18383223 
        0.11927246        0.24237178        0.26255423        0.30169174        0.32861343        0.35306072        0.18231669 
        0.11822994        0.24025996        0.26030031        0.29914623        0.32586938        0.35013828        0.18081346 
        0.11719651        0.23816648        0.25806558        0.29662198        0.32314795        0.34723961        0.17932245 
        0.11617218        0.23609135        0.25585017        0.29411891        0.32044908        0.34436470        0.17784356 
        0.11515678        0.23403426        0.25365362        0.29163679        0.31777251        0.34151328        0.17637670 
        0.11415029        0.23199515        0.25147587        0.28917551        0.31511810        0.33868521        0.17492175 
        0.11315265        0.22997387        0.24931684        0.28673491        0.31248569        0.33588019        0.17347865 
        0.11216376        0.22797024        0.24717635        0.28431478        0.30987504        0.33309820        0.17204729 
        0.11118351        0.22598410        0.24505419        0.28191489        0.30728599        0.33033893        0.17062758 
        0.11021188        0.22401525        0.24295022        0.27953523        0.30471838        0.32760221        0.16921946 
