        0.00000000        0.00000000        0.00000000        0.00000000        0.00000000        0.00000000        0.00000000        0.00000000 
        0.00000000        0.00000000        0.00000000        0.00000000        0.00000000        0.00000000        0.00000000        0.00000000 
       -0.00000033       -0.00000067       -0.00000067       -0.00000067       -0.00000067       -0.00000060       -0.00000052       -0.00000026 
       -0.00000071       -0.00000142       -0.00000142       -0.00000142       -0.00000144       -0.00000143       -0.00000138       -0.00000069 
       -0.00000121       -0.00000243       -0.00000243       -0.00000243       -0.00000242       -0.00000236       -0.00000229       -0.00000115 
       -0.00000174       -0.00000347       -0.00000347       -0.00000348       -0.00000342       -0.00000322       -0.00000306       -0.00000153 
       -0.00000231       -0.00000462       -0.00000462       -0.00000462       -0.00000455       -0.00000421       -0.00000392       -0.00000196 
       -0.00000296       -0.00000592       -0.00000593       -0.00000591       -0.00000579       -0.00000532       -0.00000495       -0.00000248 
       -0.00000371       -0.00000742       -0.00000742       -0.00000737       -0.00000716       -0.00000657       -0.00000613       -0.00000307 
       -0.00000458       -0.00000915       -0.00000914       -0.00000905       -0.00000878       -0.00000798       -0.00000737       -0.00000369 
       -0.00000554       -0.00001107       -0.00001103       -0.00001089       -0.00001052       -0.00000953       -0.00000878       -0.00000440 
       -0.00000661       -0.00001322       -0.00001316       -0.00001295       -0.00001246       -0.00001124       -0.00001033       -0.00000518 
       -0.00000782       -0.00001562       -0.00001553       -0.00001525       -0.00001462       -0.00001316       -0.00001212       -0.00000607 
       -0.00000917       -0.00001830       -0.00001815       -0.00001780       -0.00001705       -0.00001532       -0.00001409       -0.00000707 
       -0.00001068       -0.00002131       -0.00002111       -0.00002066       -0.00001974       -0.00001772       -0.00001629       -0.00000817 
       -0.00001235       -0.00002463       -0.00002438       -0.00002383       -0.00002272       -0.00002036       -0.00001872       -0.00000940 
       -0.00001422       -0.00002833       -0.00002800       -0.00002734       -0.00002604       -0.00002332       -0.00002145       -0.00001077 
       -0.00001629       -0.00003245       -0.00003203       -0.00003122       -0.00002972       -0.00002662       -0.00002451       -0.00001231 
       -0.00001858       -0.00003700       -0.00003650       -0.00003555       -0.00003381       -0.00003027       -0.00002789       -0.00001401 
       -0.00002113       -0.00004206       -0.00004146       -0.00004035       -0.00003834       -0.00003432       -0.00003164       -0.00001590 
       -0.00002395       -0.00004765       -0.00004694       -0.00004565       -0.00004336       -0.00003880       -0.00003579       -0.00001800 
       -0.00002707       -0.00005385       -0.00005301       -0.00005152       -0.00004891       -0.00004378       -0.00004042       -0.00002033 
       -0.00003052       -0.00006069       -0.00005972       -0.00005803       -0.00005506       -0.00004930       -0.00004555       -0.00002292 
       -0.00003434       -0.00006826       -0.00006714       -0.00006521       -0.00006185       -0.00005538       -0.00005122       -0.00002578 
       -0.00003855       -0.00007663       -0.00007534       -0.00007314       -0.00006936       -0.00006212       -0.00005749       -0.00002894 
       -0.00004320       -0.00008585       -0.00008438       -0.00008189       -0.00007764       -0.00006955       -0.00006441       -0.00003244 
       -0.00004833       -0.00009604       -0.00009436       -0.00009156       -0.00008679       -0.00007777       -0.00007207       -0.00003630 
       -0.00005399       -0.00010726       -0.00010537       -0.00010221       -0.00009688       -0.00008684       -0.00008053       -0.00004057 
       -0.00006022       -0.00011963       -0.00011749       -0.00011395       -0.00010799       -0.00009682       -0.00008985       -0.00004527 
       -0.00006708       -0.00013325       -0.00013084       -0.00012687       -0.00012022       -0.00010783       -0.00010012       -0.00005045 
       -0.00007463       -0.00014824       -0.00014554       -0.00014110       -0.00013369       -0.00011994       -0.00011143       -0.00005616 
       -0.00008294       -0.00016473       -0.00016170       -0.00015675       -0.00014850       -0.00013327       -0.00012388       -0.00006245 
       -0.00009207       -0.00018285       -0.00017947       -0.00017395       -0.00016479       -0.00014793       -0.00013758       -0.00006936 
       -0.00010211       -0.00020277       -0.00019899       -0.00019284       -0.00018268       -0.00016404       -0.00015264       -0.00007696 
       -0.00011313       -0.00022464       -0.00022042       -0.00021359       -0.00020233       -0.00018173       -0.00016917       -0.00008531 
       -0.00012522       -0.00024863       -0.00024394       -0.00023636       -0.00022389       -0.00020114       -0.00018733       -0.00009447 
       -0.00013848       -0.00027496       -0.00026973       -0.00026133       -0.00024754       -0.00022244       -0.00020725       -0.00010453 
       -0.00015302       -0.00030381       -0.00029801       -0.00028870       -0.00027345       -0.00024579       -0.00022910       -0.00011556 
       -0.00016895       -0.00033542       -0.00032899       -0.00031868       -0.00030185       -0.00027137       -0.00025304       -0.00012764 
       -0.00018640       -0.00037003       -0.00036290       -0.00035151       -0.00033293       -0.00029938       -0.00027926       -0.00014088 
       -0.00020549       -0.00040791       -0.00040002       -0.00038743       -0.00036695       -0.00033004       -0.00030795       -0.00015536 
       -0.00022637       -0.00044935       -0.00044062       -0.00042671       -0.00040415       -0.00036357       -0.00033935       -0.00017121 
       -0.00024919       -0.00049464       -0.00048499       -0.00046965       -0.00044481       -0.00040022       -0.00037368       -0.00018854 
       -0.00027413       -0.00054412       -0.00053346       -0.00051656       -0.00048922       -0.00044026       -0.00041119       -0.00020748 
       -0.00030136       -0.00059815       -0.00058639       -0.00056778       -0.00053771       -0.00048398       -0.00045215       -0.00022816 
       -0.00033108       -0.00065711       -0.00064415       -0.00062366       -0.00059063       -0.00053169       -0.00049686       -0.00025074 
       -0.00036350       -0.00072143       -0.00070715       -0.00068461       -0.00064833       -0.00058373       -0.00054564       -0.00027537 
       -0.00039884       -0.00079154       -0.00077582       -0.00075104       -0.00071123       -0.00064046       -0.00059882       -0.00030222 
       -0.00043734       -0.00086793       -0.00085063       -0.00082341       -0.00077975       -0.00070226       -0.00065677       -0.00033148 
       -0.00047927       -0.00095111       -0.00093209       -0.00090221       -0.00085434       -0.00076955       -0.00071988       -0.00036335 
       -0.00052491       -0.00104164       -0.00102074       -0.00098796       -0.00093552       -0.00084278       -0.00078857       -0.00039804 
       -0.00057455       -0.00114011       -0.00111717       -0.00108121       -0.00102379       -0.00092243       -0.00086330       -0.00043578 
       -0.00062851       -0.00124716       -0.00122198       -0.00118258       -0.00111975       -0.00100902       -0.00094455       -0.00047681 
       -0.00068715       -0.00136347       -0.00133586       -0.00129271       -0.00122399       -0.00110309       -0.00103285       -0.00052141 
       -0.00075083       -0.00148978       -0.00145951       -0.00141228       -0.00133716       -0.00120523       -0.00112874       -0.00056984 
       -0.00081995       -0.00162687       -0.00159371       -0.00154204       -0.00145998       -0.00131609       -0.00123283       -0.00062242 
       -0.00089492       -0.00177557       -0.00173927       -0.00168277       -0.00159318       -0.00143633       -0.00134576       -0.00067946 
       -0.00097621       -0.00193679       -0.00189706       -0.00183533       -0.00173756       -0.00156668       -0.00146821       -0.00074132 
       -0.00106429       -0.00211147       -0.00206803       -0.00200061       -0.00189398       -0.00170791       -0.00160091       -0.00080835 
       -0.00115967       -0.00230064       -0.00225316       -0.00217957       -0.00206334       -0.00186085       -0.00174464       -0.00088096 
       -0.00126292       -0.00250539       -0.00245353       -0.00237324       -0.00224662       -0.00202638       -0.00190023       -0.00095957 
       -0.00137461       -0.00272689       -0.00267026       -0.00258273       -0.00244485       -0.00220543       -0.00206857       -0.00104462 
       -0.00149537       -0.00296635       -0.00290457       -0.00280918       -0.00265913       -0.00239900       -0.00225061       -0.00113660 
       -0.00162587       -0.00322511       -0.00315774       -0.00305384       -0.00289064       -0.00260816       -0.00244735       -0.00123601 
       -0.00176680       -0.00350457       -0.00343113       -0.00331804       -0.00314062       -0.00283404       -0.00265986       -0.00134339 
       -0.00191893       -0.00380620       -0.00372621       -0.00360317       -0.00341040       -0.00307784       -0.00288929       -0.00145933 
       -0.00208304       -0.00413160       -0.00404451       -0.00391072       -0.00370139       -0.00334084       -0.00313685       -0.00158443 
       -0.00226000       -0.00448244       -0.00438768       -0.00424227       -0.00401508       -0.00362440       -0.00340382       -0.00171935 
       -0.00245069       -0.00486051       -0.00475744       -0.00459951       -0.00435306       -0.00392996       -0.00369158       -0.00186478 
       -0.00265607       -0.00526769       -0.00515566       -0.00498420       -0.00471701       -0.00425904       -0.00400156       -0.00202145 
       -0.00287716       -0.00570599       -0.00558427       -0.00539824       -0.00510872       -0.00461327       -0.00433531       -0.00219014 
       -0.00311501       -0.00617751       -0.00604535       -0.00584361       -0.00553005       -0.00499436       -0.00469446       -0.00237168 
       -0.00337077       -0.00668450       -0.00654109       -0.00632243       -0.00598302       -0.00540412       -0.00508073       -0.00256693 
       -0.00364562       -0.00722934       -0.00707378       -0.00683691       -0.00646972       -0.00584446       -0.00549593       -0.00277682 
       -0.00394084       -0.00781452       -0.00764588       -0.00738942       -0.00699239       -0.00631742       -0.00594200       -0.00300233 
       -0.00425774       -0.00844268       -0.00825997       -0.00798244       -0.00755337       -0.00682514       -0.00642098       -0.00324448 
       -0.00459776       -0.00911661       -0.00891875       -0.00861859       -0.00815515       -0.00736986       -0.00693501       -0.00350437 
       -0.00496235       -0.00983925       -0.00962510       -0.00930063       -0.00880033       -0.00795398       -0.00748637       -0.00378313 
       -0.00535310       -0.01061368       -0.01038203       -0.01003147       -0.00949166       -0.00857999       -0.00807743       -0.00408199 
       -0.00577163       -0.01144318       -0.01119272       -0.01081418       -0.01023205       -0.00925054       -0.00871072       -0.00440221 
       -0.00621969       -0.01233115       -0.01206051       -0.01165197       -0.01102454       -0.00996841       -0.00938889       -0.00474515 
       -0.00669909       -0.01328121       -0.01298891       -0.01254823       -0.01187233       -0.01073652       -0.01011472       -0.00511220 
       -0.00721174       -0.01429713       -0.01398161       -0.01350651       -0.01277879       -0.01155794       -0.01089115       -0.00550486 
       -0.00775965       -0.01538288       -0.01504248       -0.01453054       -0.01374744       -0.01243590       -0.01172127       -0.00592468 
       -0.00834492       -0.01654262       -0.01617556       -0.01562423       -0.01478199       -0.01337376       -0.01260829       -0.00637330 
       -0.00896974       -0.01778072       -0.01738513       -0.01679168       -0.01588631       -0.01437509       -0.01355561       -0.00685245 
       -0.00963643       -0.01910174       -0.01867562       -0.01803718       -0.01706447       -0.01544359       -0.01456679       -0.00736391 
       -0.01034741       -0.02051045       -0.02005170       -0.01936522       -0.01832072       -0.01658314       -0.01564554       -0.00790958 
       -0.01110519       -0.02201186       -0.02151823       -0.02078048       -0.01965949       -0.01779783       -0.01679577       -0.00849144 
       -0.01191241       -0.02361118       -0.02308031       -0.02228788       -0.02108543       -0.01909189       -0.01802155       -0.00911153 
       -0.01277183       -0.02531385       -0.02474323       -0.02389252       -0.02260338       -0.02046978       -0.01932714       -0.00977203 
       -0.01368631       -0.02712556       -0.02651254       -0.02559976       -0.02421840       -0.02193611       -0.02071697       -0.01047518 
       -0.01465885       -0.02905224       -0.02839401       -0.02741514       -0.02593577       -0.02349572       -0.02219572       -0.01122334 
       -0.01569256       -0.03110004       -0.03039364       -0.02934446       -0.02776096       -0.02515367       -0.02376819       -0.01201897 
       -0.01679069       -0.03327538       -0.03251769       -0.03139374       -0.02969968       -0.02691517       -0.02543945       -0.01286461 
       -0.01795661       -0.03558494       -0.03477268       -0.03356925       -0.03175787       -0.02878569       -0.02721474       -0.01376293 
       -0.01919381       -0.03803565       -0.03716533       -0.03587750       -0.03394170       -0.03077091       -0.02909952       -0.01471669 
       -0.02050595       -0.04063470       -0.03970267       -0.03832524       -0.03625758       -0.03287671       -0.03109948       -0.01572878 
       -0.02189679       -0.04338957       -0.04239195       -0.04091948       -0.03871215       -0.03510921       -0.03322051       -0.01680218 
       -0.02337023       -0.04630796       -0.04524073       -0.04366748       -0.04131229       -0.03747476       -0.03546872       -0.01794000 
       -0.02493309       -0.04940373       -0.04826323       -0.04658390       -0.04407362       -0.03999260       -0.03786430       -0.01915107 
       -0.02658691       -0.05267940       -0.05146102       -0.04966941       -0.04699507       -0.04265692       -0.04040010       -0.02043316 
       -0.02833339       -0.05613830       -0.05483694       -0.05292574       -0.05007686       -0.04546372       -0.04307073       -0.02178473 
       -0.03017950       -0.05979444       -0.05840520       -0.05636750       -0.05333422       -0.04843125       -0.04589539       -0.02321433 
       -0.03212989       -0.06365700       -0.06217472       -0.06000327       -0.05677539       -0.05156714       -0.04888139       -0.02472566 
       -0.03418930       -0.06773534       -0.06615461       -0.06384190       -0.06040877       -0.05487918       -0.05203628       -0.02632252 
       -0.03636262       -0.07203913       -0.07035434       -0.06789246       -0.06424298       -0.05837536       -0.05536781       -0.02800886 
       -0.03865490       -0.07657839       -0.07478362       -0.07216433       -0.06828690       -0.06206391       -0.05888400       -0.02978876 
       -0.04107131       -0.08136332       -0.07945237       -0.07666709       -0.07254969       -0.06595335       -0.06259310       -0.03166637 
       -0.04361716       -0.08640446       -0.08437088       -0.08141063       -0.07704071       -0.07005236       -0.06650360       -0.03364600 
       -0.04629791       -0.09171255       -0.08954965       -0.08640511       -0.08176963       -0.07436991       -0.07062424       -0.03573209 
       -0.04911915       -0.09729872       -0.09499945       -0.09166090       -0.08674630       -0.07891522       -0.07496397       -0.03792919 
       -0.05208663       -0.10317422       -0.10073128       -0.09718865       -0.09198088       -0.08369771       -0.07953203       -0.04024198 
       -0.05520617       -0.10935070       -0.10675650       -0.10299925       -0.09748372       -0.08872703       -0.08433787       -0.04267522 
       -0.05848376       -0.11583997       -0.11308654       -0.10910377       -0.10326538       -0.09401312       -0.08939110       -0.04523383 
       -0.06192555       -0.12265411       -0.11973322       -0.11551365       -0.10933676       -0.09956608       -0.09470172       -0.04792285 
       -0.06553771       -0.12980543       -0.12670855       -0.12224040       -0.11570883       -0.10539620       -0.10027979       -0.05074739 
       -0.06932661       -0.13730647       -0.13402471       -0.12929581       -0.12239283       -0.11151404       -0.10613570       -0.05371271 
       -0.07329872       -0.14516999       -0.14169413       -0.13669196       -0.12940028       -0.11793040       -0.11227999       -0.05682419 
       -0.07746058       -0.15340900       -0.14972946       -0.14444098       -0.13674282       -0.12465621       -0.11872345       -0.06008728 
       -0.08181883       -0.16203664       -0.15814357       -0.15255526       -0.14443222       -0.13170260       -0.12547702       -0.06350752 
       -0.08638024       -0.17106628       -0.16694938       -0.16104737       -0.15248053       -0.13908082       -0.13255192       -0.06709059 
       -0.09115165       -0.18051137       -0.17616013       -0.16993004       -0.16089992       -0.14680244       -0.13995941       -0.07084224 
       -0.09613995       -0.19038559       -0.18578902       -0.17921616       -0.16970275       -0.15487903       -0.14771105       -0.07476831 
       -0.10135213       -0.20070283       -0.19584966       -0.18891867       -0.17890134       -0.16332248       -0.15581851       -0.07887471 
       -0.10679521       -0.21147685       -0.20635541       -0.19905072       -0.18850836       -0.17214461       -0.16429365       -0.08316744 
       -0.11247633       -0.22272183       -0.21732010       -0.20962548       -0.19853647       -0.18135752       -0.17314836       -0.08765255 
       -0.11840252       -0.23445177       -0.22875746       -0.22065638       -0.20899850       -0.19097336       -0.18239477       -0.09233622 
       -0.12458107       -0.24668086       -0.24068111       -0.23215663       -0.21990715       -0.20100431       -0.19204508       -0.09722457 
       -0.13101900       -0.25942326       -0.25310504       -0.24413970       -0.23127542       -0.21146278       -0.20211160       -0.10232388 
       -0.13772365       -0.27269328       -0.26604325       -0.25661904       -0.24311616       -0.22236112       -0.21260670       -0.10764041 
       -0.14470209       -0.28650495       -0.27950919       -0.26960796       -0.25544235       -0.23371170       -0.22354275       -0.11318047 
       -0.15196151       -0.30087250       -0.29351693       -0.28311992       -0.26826695       -0.24552695       -0.23493236       -0.11895040 
       -0.15950908       -0.31581014       -0.30808023       -0.29716840       -0.28160274       -0.25781938       -0.24678798       -0.12495653 
       -0.16735175       -0.33133170       -0.32321277       -0.31176651       -0.29546264       -0.27060142       -0.25912216       -0.13120522 
       -0.17549673       -0.34745133       -0.33892807       -0.32692742       -0.30985937       -0.28388533       -0.27194741       -0.13770281 
       -0.18395086       -0.36418241       -0.35523942       -0.34266439       -0.32480583       -0.29768366       -0.28527617       -0.14445566 
       -0.19272108       -0.38153893       -0.37216052       -0.35899019       -0.34031418       -0.31200844       -0.29912102       -0.15147002 
       -0.20181409       -0.39953429       -0.38970414       -0.37591761       -0.35639703       -0.32687184       -0.31349429       -0.15875219 
       -0.21123652       -0.41818115       -0.40788308       -0.39345914       -0.37306672       -0.34228608       -0.32840821       -0.16630840 
       -0.22099499       -0.43749285       -0.42671007       -0.41162711       -0.39033502       -0.35826284       -0.34387484       -0.17414482 
       -0.23109578       -0.45748192       -0.44619748       -0.43043357       -0.40821382       -0.37481385       -0.35990644       -0.18226746 
       -0.24154505       -0.47816047       -0.46635726       -0.44989026       -0.42671472       -0.39195064       -0.37651464       -0.19068238 
       -0.25234902       -0.49954066       -0.48720109       -0.47000858       -0.44584885       -0.40968439       -0.39371124       -0.19939545 
       -0.26351321       -0.52163380       -0.50874025       -0.49079975       -0.46562719       -0.42802620       -0.41150761       -0.20841253 
       -0.27504337       -0.54445106       -0.53098559       -0.51227421       -0.48606032       -0.44698673       -0.42991513       -0.21773916 
       -0.28694490       -0.56800288       -0.55394757       -0.53444242       -0.50715840       -0.46657646       -0.44894433       -0.22738102 
       -0.29922289       -0.59229976       -0.57763612       -0.55731398       -0.52893126       -0.48680532       -0.46860629       -0.23734337 
       -0.31188208       -0.61735088       -0.60206085       -0.58089858       -0.55138832       -0.50768328       -0.48891109       -0.24763151 
       -0.32492706       -0.64316565       -0.62723053       -0.60520482       -0.57453841       -0.52921957       -0.50986892       -0.25825039 
       -0.33836219       -0.66975248       -0.65315348       -0.63024110       -0.59839004       -0.55142289       -0.53148896       -0.26920491 
       -0.35219130       -0.69711864       -0.67983752       -0.65601540       -0.62295127       -0.57430220       -0.55378079       -0.28049970 
       -0.36641791       -0.72527188       -0.70728940       -0.68253404       -0.64822900       -0.59786516       -0.57675320       -0.29213917 
       -0.38104546       -0.75421852       -0.73551619       -0.70980436       -0.67423028       -0.62211925       -0.60041422       -0.30412754 
       -0.39607662       -0.78396422       -0.76452303       -0.73783183       -0.70096141       -0.64707166       -0.62477183       -0.31646866 
       -0.41151395       -0.81451362       -0.79431510       -0.76662159       -0.72842783       -0.67272872       -0.64983332       -0.32916626 
       -0.42735952       -0.84587139       -0.82489669       -0.79617816       -0.75663406       -0.69909614       -0.67560548       -0.34222379 
       -0.44361514       -0.87804049       -0.85627097       -0.82650524       -0.78558499       -0.72617954       -0.70209455       -0.35564423 
       -0.46028167       -0.91102374       -0.88844126       -0.85760576       -0.81528342       -0.75398332       -0.72930622       -0.36943054 
       -0.47736022       -0.94482237       -0.92140859       -0.88948172       -0.84573263       -0.78251141       -0.75724524       -0.38358510 
       -0.49485102       -0.97943735       -0.95517409       -0.92213422       -0.87693417       -0.81176740       -0.78591633       -0.39811006 
       -0.51275390       -1.01486850       -0.98973775       -0.95556408       -0.90888953       -0.84175342       -0.81532305       -0.41300741 
       -0.53106821       -1.05111420       -1.02509880       -0.98977065       -0.94159895       -0.87247175       -0.84546840       -0.42827851 
       -0.54979277       -1.08817339       -1.06125546       -1.02475262       -0.97506177       -0.90392333       -0.87635452       -0.44392443 
       -0.56892592       -1.12604141       -1.09820449       -1.06050766       -1.00927699       -0.93610847       -0.90798354       -0.45994604 
       -0.58846551       -1.16471457       -1.13594186       -1.09703243       -1.04424250       -0.96902704       -0.94035578       -0.47634363 
       -0.60840911       -1.20418823       -1.17446375       -1.13432348       -1.07995498       -1.00267768       -0.97347152       -0.49311718 
       -0.62875289       -1.24445546       -1.21376371       -1.17237520       -1.11641097       -1.03705835       -1.00732994       -0.51026618 
       -0.64949375       -1.28550947       -1.25383496       -1.21118128       -1.15360487       -1.07216597       -1.04192984       -0.52778989 
       -0.67062700       -1.32734144       -1.29466927       -1.25073493       -1.19153142       -1.10799742       -1.07726836       -0.54568690 
       -0.69214797       -1.36994183       -1.33625817       -1.29102826       -1.23018372       -1.14454782       -1.11334264       -0.56395572 
       -0.71405095       -1.41330004       -1.37859190       -1.33205187       -1.26955402       -1.18181133       -1.15014863       -0.58259416 
       -0.73632991       -1.45740449       -1.42165875       -1.37379622       -1.30963397       -1.21978235       -1.18768144       -0.60159928 
       -0.75897866       -1.50224221       -1.46544671       -1.41624963       -1.35041392       -1.25845349       -1.22593510       -0.62096840 
       -0.78199005       -1.54779959       -1.50994289       -1.45940030       -1.39188349       -1.29781604       -1.26490295       -0.64069808 
       -0.80535620       -1.59406173       -1.55513322       -1.50323534       -1.43403089       -1.33786178       -1.30457783       -0.66078448 
       -0.82906866       -1.64101148       -1.60100174       -1.54773939       -1.47684324       -1.37858057       -1.34495139       -0.68122274 
       -0.85311908       -1.68863249       -1.64753270       -1.59289920       -1.52030814       -1.41996157       -1.38601351       -0.70200843 
       -0.87749779       -1.73690593       -1.69470775       -1.63869679       -1.56441092       -1.46199346       -1.42775440       -0.72313619 
       -0.90219522       -1.78581274       -1.74250925       -1.68511617       -1.60913587       -1.50466299       -1.47016335       -0.74460018 
       -0.92720050       -1.83533239       -1.79091740       -1.73213840       -1.65446699       -1.54795718       -1.51322722       -0.76639414 
       -0.95250291       -1.88544321       -1.83991182       -1.77974486       -1.70038688       -1.59186137       -1.55693448       -0.78851134 
       -0.97809118       -1.93612266       -1.88947058       -1.82791567       -1.74687803       -1.63636065       -1.60127032       -0.81094474 
       -1.00395298       -1.98734760       -1.93957210       -1.87662911       -1.79392016       -1.68143809       -1.64622080       -0.83368677 
       -1.03007591       -2.03909302       -1.99019194       -1.92586398       -1.84149528       -1.72707808       -1.69176888       -0.85672933 
       -1.05644679       -2.09133339       -2.04130650       -1.97559679       -1.88958108       -1.77326167       -1.73789978       -0.88006401 
       -1.08305264       -2.14404225       -2.09288931       -2.02580452       -1.93815672       -1.81997049       -1.78459513       -0.90368158 
       -1.10987890       -2.19719291       -2.14491582       -2.07646203       -1.98719931       -1.86718488       -1.83183730       -0.92757320 
       -1.13691187       -2.25075674       -2.19735885       -2.12754464       -2.03668666       -1.91488528       -1.87960708       -0.95172858 
       -1.16413605       -2.30470443       -2.25018883       -2.17902470       -2.08659363       -1.96305001       -1.92788446       -0.97613800 
       -1.19153666       -2.35900593       -2.30337811       -2.23087716       -2.13689637       -2.01165748       -1.97664893       -1.00079048 
       -1.21909869       -2.41363239       -2.35689950       -2.28307390       -2.18756914       -2.06068540       -2.02587986       -1.02567554 
       -1.24680531       -2.46854973       -2.41071963       -2.33558559       -2.23858476       -2.11011004       -2.07555461       -1.05078101 
       -1.27463996       -2.52372837       -2.46480989       -2.38838387       -2.28991818       -2.15990782       -2.12564993       -1.07609606 
       -1.30258703       -2.57913470       -2.51913857       -2.44144011       -2.34154153       -2.21005487       -2.17614317       -1.10160804 
       -1.33062983       -2.63473630       -2.57367396       -2.49472308       -2.39342785       -2.26052499       -2.22700930       -1.12730491 
       -1.35875022       -2.69049740       -2.62838316       -2.54820251       -2.44554639       -2.31129289       -2.27822447       -1.15317333 
       -1.38693130       -2.74638653       -2.68323374       -2.60184765       -2.49786973       -2.36233234       -2.32976198       -1.17920077 
       -1.41515505       -2.80236626       -2.73819113       -2.65562534       -2.55036736       -2.41361594       -2.38159800       -1.20537376 
       -1.44340432       -2.85840321       -2.79322457       -2.70950603       -2.60301089       -2.46511745       -2.43370318       -1.23167872 
       -1.47166061       -2.91446304       -2.84829807       -2.76345587       -2.65576959       -2.51680899       -2.48605156       -1.25810170 
       -1.49990606       -2.97050858       -2.90337706       -2.81744218       -2.70861292       -2.56866217       -2.53861666       -1.28462875 
       -1.52812254       -3.02650380       -2.95842719       -2.87143278       -2.76150990       -2.62064862       -2.59136891       -1.31124520 
       -1.55629194       -3.08241391       -3.01341558       -2.92539525       -2.81442976       -2.67273974       -2.64428091       -1.33793676 
       -1.58439469       -3.13820124       -3.06830478       -2.97929502       -2.86734080       -2.72490549       -2.69732428       -1.36468852 
       -1.61241353       -3.19383001       -3.12306166       -3.03309894       -2.92021203       -2.77711701       -2.75046921       -1.39148593 
       -1.64033020       -3.24926615       -3.17765045       -3.08677435       -2.97301126       -2.82934570       -2.80368662       -1.41831338 
       -1.66812539       -3.30447054       -3.23203731       -3.14028835       -3.02570820       -2.88156104       -2.85694671       -1.44515681 
       -1.69578135       -3.35940933       -3.28618646       -3.19360685       -3.07827091       -2.93373299       -2.91021967       -1.47200000 
       -1.72328007       -3.41404438       -3.34006310       -3.24669600       -3.13066673       -2.98583198       -2.96347547       -1.49882782 
       -1.75060380       -3.46834159       -3.39363432       -3.29952502       -3.18286467       -3.03782725       -3.01668429       -1.52562487 
       -1.77773368       -3.52226734       -3.44686508       -3.35205913       -3.23483515       -3.08969116       -3.06981635       -1.55237579 
       -1.80465150       -3.57578182       -3.49972105       -3.40426683       -3.28654408       -3.14139056       -3.12284112       -1.57906556 
       -1.83134174       -3.62885499       -3.55216885       -3.45611453       -3.33796310       -3.19289923       -3.17572713       -1.60567820 
       -1.85778427       -3.68145037       -3.60417533       -3.50757122       -3.38905954       -3.24418473       -3.22844601       -1.63219869 
       -1.88396525       -3.73353601       -3.65570879       -3.55860615       -3.43980503       -3.29521823       -3.28096676       -1.65861154 
       -1.90986514       -3.78507662       -3.70673609       -3.60918736       -3.49016762       -3.34597087       -3.33325982       -1.68490100 
       -1.93546855       -3.83604121       -3.75722575       -3.65928388       -3.54011869       -3.39641309       -3.38529563       -1.71105325 
       -1.96075952       -3.88639665       -3.80714726       -3.70886636       -3.58962917       -3.44651675       -3.43704414       -1.73705173 
       -1.98572242       -3.93611217       -3.85646892       -3.75790477       -3.63867044       -3.49625397       -3.48847628       -1.76288235 
       -2.01033998       -3.98515725       -3.90516162       -3.80637050       -3.68721318       -3.54559493       -3.53956294       -1.78853023 
       -2.03459907       -4.03350258       -3.95319772       -3.85423517       -3.73523068       -3.59451222       -3.59027481       -1.81398058 
       -2.05848575       -4.08111954       -4.00054646       -3.90147066       -3.78269506       -3.64298034       -3.64058518       -1.83921909 
       -2.08198214       -4.12797832       -4.04718304       -3.94805169       -3.82958102       -3.69097066       -3.69046378       -1.86423147 
       -2.10507846       -4.17405272       -4.09307861       -3.99395084       -3.87586212       -3.73845816       -3.73988509       -1.88900375 
       -2.12775874       -4.21931744       -4.13820934       -4.03914356       -3.92151356       -3.78541684       -3.78882146       -1.91352272 
       -2.15001154       -4.26374435       -4.18254852       -4.08360434       -3.96650982       -3.83182096       -3.83724642       -1.93777490 
       -2.17182469       -4.30731058       -4.22607231       -4.12730980       -4.01082850       -3.87764692       -3.88513350       -1.96174598 
       -2.19318604       -4.34999561       -4.26875973       -4.17023706       -4.05444384       -3.92286992       -3.93245816       -1.98542428 
       -2.21408319       -4.39177275       -4.31058741       -4.21236610       -4.09733915       -3.96746778       -3.97919488       -2.00879693 
       -2.23450780       -4.43262291       -4.35153294       -4.25367308       -4.13948822       -4.01141739       -4.02531862       -2.03185105 
       -2.25444722       -4.47252607       -4.39157963       -4.29413986       -4.18087244       -4.05469561       -4.07080889       -2.05457640 
       -2.27389336       -4.51146030       -4.43070316       -4.33374548       -4.22147131       -4.09728384       -4.11563921       -2.07695985 
       -2.29283810       -4.54941177       -4.46889305       -4.37247562       -4.26126814       -4.13916111       -4.15978861       -2.09899068 
       -2.31126976       -4.58636141       -4.50612688       -4.41030884       -4.30024242       -4.18030357       -4.20323610       -2.12065864 
       -2.32918406       -4.62229204       -4.54238749       -4.44722939       -4.33837748       -4.22069931       -4.24596119       -2.14195204 
       -2.34657097       -4.65719318       -4.57766676       -4.48322535       -4.37565804       -4.26032400       -4.28794432       -2.16286230 
       -2.36342502       -4.69104671       -4.61194515       -4.51828003       -4.41207075       -4.29916477       -4.32916641       -2.18337917 
       -2.37974143       -4.72384596       -4.64521313       -4.55238247       -4.44759941       -4.33720493       -4.36960554       -2.20349360 
       -2.39551258       -4.75557518       -4.67745924       -4.58551741       -4.48222923       -4.37442589       -4.40924883       -2.22319698 
       -2.41073275       -4.78622293       -4.70867062       -4.61767626       -4.51595068       -4.41081429       -4.44807673       -2.24248075 
       -2.42540121       -4.81578541       -4.73884010       -4.64884853       -4.54875040       -4.44635677       -4.48607540       -2.26133704 
       -2.43951106       -4.84425306       -4.76795959       -4.67902517       -4.58061981       -4.48104095       -4.52322721       -2.27975845 
       -2.45306015       -4.87161827       -4.79602098       -4.70819664       -4.61154699       -4.51485300       -4.55952072       -2.29773808 
       -2.46604657       -4.89787722       -4.82301855       -4.73635817       -4.64152479       -4.54778433       -4.59494019       -2.31526899 
       -2.47846651       -4.92302227       -4.84894753       -4.76350260       -4.67054653       -4.57982063       -4.62947559       -2.33234572 
       -2.49032068       -4.94705486       -4.87380362       -4.78962421       -4.69860268       -4.61095381       -4.66311216       -2.34896135 
       -2.50160670       -4.96996927       -4.89758539       -4.81471968       -4.72568846       -4.64117718       -4.69584227       -2.36511230 
       -2.51232338       -4.99176502       -4.92028809       -4.83878708       -4.75179958       -4.67048120       -4.72765446       -2.38079333 
       -2.52247405       -5.01244545       -4.94191456       -4.86182308       -4.77693367       -4.69885874       -4.75854015       -2.39599919 
       -2.53205705       -5.03200912       -4.96246433       -4.88382816       -4.80108500       -4.72630453       -4.78849125       -2.41072655 
       -2.54107404       -5.05045700       -4.98193598       -4.90479946       -4.82425165       -4.75281143       -4.81750107       -2.42497182 
       -2.54952550       -5.06779099       -5.00033140       -4.92473745       -4.84643269       -4.77837849       -4.84556103       -2.43873310 
       -2.55741644       -5.08402014       -5.01765585       -4.94364691       -4.86762810       -4.80299854       -4.87266779       -2.45200586 
       -2.56474638       -5.09914446       -5.03391266       -4.96152735       -4.88783550       -4.82666969       -4.89881659       -2.46478987 
       -2.57152176       -5.11317539       -5.04910755       -4.97838259       -4.90705872       -4.84938955       -4.92399979       -2.47708249 
       -2.57774282       -5.12611294       -5.06324434       -4.99421883       -4.92529964       -4.87115812       -4.94822073       -2.48888302 
       -2.58341765       -5.13796854       -5.07632875       -5.00903749       -4.94256067       -4.89197493       -4.97147131       -2.50018978 
       -2.58854532       -5.14874983       -5.08837128       -5.02284670       -4.95884466       -4.91183853       -4.99375391       -2.51100230 
       -2.59313536       -5.15846539       -5.09937525       -5.03565025       -4.97415352       -4.93075228       -5.01506567       -2.52132130 
       -2.59718990       -5.16712523       -5.10935402       -5.04745817       -4.98849583       -4.94871616       -5.03540802       -2.53114676 
       -2.60071683       -5.17474318       -5.11831379       -5.05827665       -5.00187445       -4.96573400       -5.05478144       -2.54047918 
       -2.60372066       -5.18132401       -5.12626505       -5.06811285       -5.01429510       -4.98180389       -5.07318497       -2.54931998 
       -2.60620785       -5.18688536       -5.13322163       -5.07697868       -5.02576876       -4.99693727       -5.09062386       -2.55767059 
       -2.60818505       -5.19143724       -5.13919020       -5.08488178       -5.03629684       -5.01113462       -5.10709953       -2.56553221 
       -2.60965967       -5.19499493       -5.14418650       -5.09183311       -5.04589176       -5.02439976       -5.12261915       -2.57290769 
       -2.61063766       -5.19757080       -5.14822102       -5.09784222       -5.05456018       -5.03674078       -5.13718319       -2.57979941 
       -2.61112833       -5.19917917       -5.15130472       -5.10292006       -5.06231117       -5.04816008       -5.15079641       -2.58620977 
       -2.61113715       -5.19983196       -5.15345526       -5.10708189       -5.06915569       -5.05867052       -5.16346598       -2.59214187 
       -2.61067367       -5.19954824       -5.15468454       -5.11033535       -5.07510090       -5.06827450       -5.17519808       -2.59760046 
       -2.60974431       -5.19834185       -5.15500593       -5.11269474       -5.08015966       -5.07698107       -5.18599701       -2.60258746 
       -2.60835934       -5.19623041       -5.15443563       -5.11417580       -5.08434248       -5.08479977       -5.19587326       -2.60710788 
       -2.60652566       -5.19322920       -5.15298843       -5.11478853       -5.08766079       -5.09173870       -5.20483351       -2.61116624 
       -2.60425353       -5.18935776       -5.15068102       -5.11454964       -5.09012604       -5.09780598       -5.21288490       -2.61476612 
       -2.60154986       -5.18462563       -5.14752531       -5.11346722       -5.09174824       -5.10301304       -5.22003746       -2.61791229 
       -2.59842539       -5.17905617       -5.14353800       -5.11156082       -5.09254265       -5.10736752       -5.22629976       -2.62061048 
       -2.59488702       -5.17266560       -5.13873863       -5.10884333       -5.09252071       -5.11088228       -5.23168230       -2.62286520 
       -2.59094429       -5.16547060       -5.13314199       -5.10533333       -5.09169674       -5.11356688       -5.23619509       -2.62468266 
       -2.58660913       -5.15749168       -5.12676382       -5.10103941       -5.09008169       -5.11543274       -5.23984814       -2.62606788 
       -2.58188701       -5.14874268       -5.11962080       -5.09598255       -5.08769131       -5.11649275       -5.24265051       -2.62702656 
       -2.57678914       -5.13924503       -5.11173153       -5.09017420       -5.08453798       -5.11675787       -5.24461794       -2.62756467 
       -2.57132554       -5.12901545       -5.10311270       -5.08363342       -5.08063412       -5.11623669       -5.24575901       -2.62768936 
       -2.56550407       -5.11807346       -5.09377909       -5.07637119       -5.07599831       -5.11494589       -5.24608517       -2.62740588 
       -2.55933571       -5.10643578       -5.08375025       -5.06840849       -5.07064009       -5.11289644       -5.24561024       -2.62672043 
       -2.55282784       -5.09412098       -5.07304239       -5.05975628       -5.06457424       -5.11009979       -5.24434566       -2.62564063 
       -2.54599142       -5.08114767       -5.06167364       -5.05043364       -5.05781794       -5.10657263       -5.24230289       -2.62417173 
       -2.53883553       -5.06753302       -5.04965878       -5.04045582       -5.05038500       -5.10232449       -5.23949718       -2.62232161 
       -2.53136849       -5.05329704       -5.03701687       -5.02983952       -5.04228735       -5.09737015       -5.23594284       -2.62009692 
       -2.52360129       -5.03845787       -5.02376413       -5.01860046       -5.03354406       -5.09172106       -5.23164797       -2.61750412 
       -2.51554203       -5.02303267       -5.00991917       -5.00675154       -5.02416611       -5.08539200       -5.22662973       -2.61455154 
       -2.50720000       -5.00703955       -4.99549866       -4.99431276       -5.01416969       -5.07839870       -5.22090244       -2.61124444 
       -2.49858499       -4.99049568       -4.98051882       -4.98129749       -5.00356817       -5.07075071       -5.21447659       -2.60759091 
       -2.48970532       -4.97342014       -4.96499443       -4.96772289       -4.99237919       -5.06246614       -5.20737028       -2.60359859 
       -2.48057008       -4.95582867       -4.94894552       -4.95360422       -4.98061419       -5.05355406       -5.19959164       -2.59927368 
       -2.47118855       -4.93774080       -4.93238831       -4.93895483       -4.96828794       -5.04403210       -5.19115973       -2.59462428 
       -2.46156812       -4.91917086       -4.91533709       -4.92379570       -4.95541859       -5.03391218       -5.18208790       -2.58965683 
       -2.45171905       -4.90013599       -4.89780807       -4.90813541       -4.94201565       -5.02320814       -5.17238808       -2.58437991 
       -2.44164944       -4.88065672       -4.87981892       -4.89199352       -4.92809725       -5.01193571       -5.16207552       -2.57879949 
       -2.43136644       -4.86074543       -4.86138344       -4.87538195       -4.91367626       -5.00010633       -5.15116405       -2.57292318 
       -2.42087960       -4.84041977       -4.84252071       -4.85832024       -4.89876938       -4.98773575       -5.13966990       -2.56675935 
       -2.41019702       -4.81969595       -4.82324171       -4.84081888       -4.88338661       -4.97483635       -5.12760401       -2.56031370 
       -2.39932609       -4.79858923       -4.80356312       -4.82289362       -4.86754322       -4.96142197       -5.11498117       -2.55359435 
       -2.38827515       -4.77711582       -4.78350163       -4.80456018       -4.85125399       -4.94750690       -5.10181665       -2.54660797 
       -2.37705326       -4.75529099       -4.76307011       -4.78583097       -4.83453274       -4.93310308       -5.08812428       -2.53936338 
       -2.36566544       -4.73312998       -4.74228573       -4.76672029       -4.81739092       -4.91822529       -5.07391644       -2.53186512 
       -2.35411930       -4.71064472       -4.72115707       -4.74724054       -4.79984426       -4.90288734       -5.05920887       -2.52412200 
       -2.34242582       -4.68785620       -4.69970465       -4.72740936       -4.78190660       -4.88710213       -5.04401398       -2.51614094 
       -2.33058739       -4.66476917       -4.67793703       -4.70723677       -4.76358891       -4.87088108       -5.02834702       -2.50792837 
       -2.31861258       -4.64140129       -4.65586996       -4.68673658       -4.74490404       -4.85423899       -5.01221943       -2.49949098 
       -2.30651140       -4.61777210       -4.63351774       -4.66592121       -4.72586536       -4.83718729       -4.99564743       -2.49083638 
       -2.29428554       -4.59388447       -4.61089039       -4.64480495       -4.70648623       -4.81974173       -4.97864056       -2.48197126 
       -2.28194547       -4.56976080       -4.58800364       -4.62339783       -4.68677759       -4.80191088       -4.96121454       -2.47290230 
       -2.26949501       -4.54540920       -4.56486702       -4.60171461       -4.66675234       -4.78370905       -4.94338274       -2.46363592 
       -2.25694227       -4.52084064       -4.54149437       -4.57976532       -4.64642286       -4.76514959       -4.92515802       -2.45417762 
       -2.24429250       -4.49607038       -4.51789665       -4.55756140       -4.62580061       -4.74624252       -4.90654945       -2.44453573 
       -2.23155117       -4.47110796       -4.49408722       -4.53511667       -4.60489511       -4.72700167       -4.88757420       -2.43471575 
       -2.21872592       -4.44596624       -4.47007704       -4.51244068       -4.58372021       -4.70743656       -4.86824322       -2.42472386 
       -2.20581889       -4.42065716       -4.44587660       -4.48954582       -4.56228590       -4.68756104       -4.84856939       -2.41456628 
       -2.19283962       -4.39519024       -4.42149591       -4.46643972       -4.54060459       -4.66738462       -4.82856321       -2.40424943 
       -2.17979074       -4.36957312       -4.39694262       -4.44313574       -4.51868582       -4.64692259       -4.80823612       -2.39377975 
       -2.16667843       -4.34382200       -4.37223339       -4.41964293       -4.49653912       -4.62618017       -4.78760338       -2.38316107 
       -2.15350723       -4.31794357       -4.34737539       -4.39597321       -4.47417784       -4.60517216       -4.76667261       -2.37240171 
       -2.14028215       -4.29195070       -4.32237864       -4.37213230       -4.45160675       -4.58390760       -4.74545622       -2.36150599 
       -2.12700939       -4.26584768       -4.29725075       -4.34813499       -4.42884159       -4.56239891       -4.72396803       -2.35047936 
       -2.11369228       -4.23964643       -4.27200365       -4.32398891       -4.40588903       -4.54065180       -4.70221663       -2.33932853 
       -2.10033441       -4.21335793       -4.24664450       -4.29970026       -4.38275862       -4.51868200       -4.68021345       -2.32805800 
       -2.08694148       -4.18698788       -4.22118330       -4.27528238       -4.35946035       -4.49649668       -4.65796757       -2.31667304 
       -2.07351780       -4.16054630       -4.19562817       -4.25074053       -4.33600473       -4.47410679       -4.63549376       -2.30517936 
       -2.06006670       -4.13404179       -4.16998768       -4.22608423       -4.31239700       -4.45152092       -4.61279440       -2.29358125 
       -2.04659247       -4.10747910       -4.14426756       -4.20132113       -4.28864622       -4.42874813       -4.58988619       -2.28188491 
       -2.03309846       -4.08086872       -4.11847925       -4.17646217       -4.26476574       -4.40579939       -4.56677771       -2.27009463 
       -2.01958942       -4.05421972       -4.09262848       -4.15151262       -4.24075890       -4.38268232       -4.54347944       -2.25821424 
       -2.00606847       -4.02753687       -4.06672382       -4.12648201       -4.21663666       -4.35940504       -4.51999664       -2.24625015 
       -1.99253881       -4.00082684       -4.04076910       -4.10137367       -4.19240332       -4.33597755       -4.49634314       -2.23420548 
       -1.97900474       -3.97409773       -4.01477671       -4.07620049       -4.16807127       -4.31240797       -4.47252560       -2.22208595 
       -1.96546733       -3.94735551       -3.98874807       -4.05096531       -4.14364529       -4.28870487       -4.44855404       -2.20989513 
       -1.95193243       -3.92060637       -3.96269226       -4.02567673       -4.11913204       -4.26487446       -4.42443466       -2.19763756 
       -1.93840146       -3.89385772       -3.93661499       -4.00033998       -4.09454012       -4.24092722       -4.40018082       -2.18531775 
       -1.92487645       -3.86711216       -3.91052365       -3.97496438       -4.06987762       -4.21687078       -4.37579584       -2.17293882 
       -1.91136312       -3.84037948       -3.88442111       -3.94955134       -4.04514694       -4.19270945       -4.35128927       -2.16050553 
       -1.89786220       -3.81366396       -3.85831761       -3.92411304       -4.02035904       -4.16845274       -4.32667065       -2.14802194 
       -1.88437593       -3.78696942       -3.83221531       -3.89864993       -3.99551868       -4.14411020       -4.30194664       -2.13549137 
       -1.87090826       -3.76030254       -3.80612087       -3.87317252       -3.97063375       -4.11968470       -4.27712584       -2.12291765 
       -1.85746014       -3.73366737       -3.78003979       -3.84768200       -3.94570661       -4.09518623       -4.25221205       -2.11030483 
       -1.84403563       -3.70706940       -3.75397491       -3.82218623       -3.92074704       -4.07061911       -4.22721624       -2.09765649 
       -1.83063591       -3.68051434       -3.72793579       -3.79669046       -3.89575839       -4.04599142       -4.20214415       -2.08497453 
       -1.81726229       -3.65400243       -3.70192194       -3.77120042       -3.87074804       -4.02130842       -4.17700243       -2.07226372 
       -1.80391979       -3.62754393       -3.67594051       -3.74571776       -3.84571862       -3.99657583       -4.15179777       -2.05952716 
       -1.79060709       -3.60113907       -3.64999676       -3.72025132       -3.82067919       -3.97180152       -4.12653589       -2.04676795 
       -1.77732778       -3.57479191       -3.62409258       -3.69480276       -3.79563212       -3.94699097       -4.10122585       -2.03398824 
       -1.76408398       -3.54850721       -3.59823275       -3.66937709       -3.77058315       -3.92214823       -4.07587242       -2.02119303 
       -1.75087690       -3.52228928       -3.57242322       -3.64398146       -3.74553823       -3.89728093       -4.05047941       -2.00838351 
       -1.73770809       -3.49614048       -3.54666686       -3.61861706       -3.72050118       -3.87239337       -4.02505445       -1.99556315 
       -1.72457898       -3.47006369       -3.52096534       -3.59328914       -3.69547653       -3.84749079       -3.99960470       -1.98273492 
       -1.71149302       -3.44406509       -3.49532390       -3.56799984       -3.67046785       -3.82257843       -3.97413301       -1.96990108 
       -1.69844961       -3.41814494       -3.46974635       -3.54275608       -3.64548111       -3.79766059       -3.94864631       -1.95706475 
       -1.68545079       -3.39230633       -3.44423509       -3.51755881       -3.62051964       -3.77274323       -3.92315030       -1.94422781 
       -1.67249835       -3.36655450       -3.41879392       -3.49241328       -3.59558821       -3.74783182       -3.89764881       -1.93139255 
       -1.65959358       -3.34089065       -3.39342546       -3.46732187       -3.57068896       -3.72292852       -3.87214708       -1.91856253 
       -1.64673758       -3.31531835       -3.36813402       -3.44228864       -3.54582739       -3.69803834       -3.84664845       -1.90573871 
       -1.63393140       -3.28983831       -3.34292054       -3.41731668       -3.52100706       -3.67316794       -3.82116103       -1.89292443 
       -1.62117684       -3.26445460       -3.31778765       -3.39240837       -3.49623108       -3.64831924       -3.79568768       -1.88012147 
       -1.60847449       -3.23916912       -3.29274035       -3.36756730       -3.47150159       -3.62349582       -3.77023172       -1.86733174 
       -1.59582496       -3.21398377       -3.26777935       -3.34279776       -3.44682503       -3.59870315       -3.74479818       -1.85455763 
       -1.58323038       -3.18890238       -3.24290752       -3.31809998       -3.42220283       -3.57394505       -3.71939254       -1.84180069 
       -1.57069135       -3.16392469       -3.21812725       -3.29347897       -3.39763880       -3.54922414       -3.69401646       -1.82906330 
       -1.55820894       -3.13905501       -3.19344115       -3.26893520       -3.37313294       -3.52454305       -3.66867638       -1.81634724 
       -1.54578185       -3.11429310       -3.16884995       -3.24447227       -3.34869313       -3.49990845       -3.64337373       -1.80365419 
       -1.53341520       -3.08964252       -3.14435744       -3.22009325       -3.32432008       -3.47532225       -3.61811280       -1.79098558 
       -1.52110636       -3.06510305       -3.11996412       -3.19579840       -3.30001450       -3.45078635       -3.59289718       -1.77834344 
       -1.50885713       -3.04067683       -3.09567165       -3.17159128       -3.27578115       -3.42630529       -3.56773210       -1.76573026 
       -1.49666810       -3.01636672       -3.07148457       -3.14747405       -3.25162244       -3.40188169       -3.54261756       -1.75314558 
       -1.48454046       -2.99217415       -3.04740334       -3.12345052       -3.22754049       -3.37751865       -3.51755929       -1.74059272 
       -1.47247410       -2.96809888       -3.02342772       -3.09951949       -3.20353723       -3.35321927       -3.49255967       -1.72807217 
       -1.46047020       -2.94414353       -2.99956107       -3.07568431       -3.17961645       -3.32898498       -3.46762180       -1.71558583 
       -1.44852865       -2.92030907       -2.97580481       -3.05194592       -3.15577936       -3.30482101       -3.44274855       -1.70313501 
       -1.43665147       -2.89659643       -2.95215988       -3.02830815       -3.13202786       -3.28072739       -3.41794229       -1.69072127 
       -1.42483699       -2.87300706       -2.92862868       -3.00477123       -3.10836315       -3.25670648       -3.39320612       -1.67834520 
       -1.41308737       -2.84954166       -2.90521002       -2.98133588       -3.08478975       -3.23276401       -3.36854410       -1.66600907 
       -1.40140331       -2.82620239       -2.88190794       -2.95800567       -3.06130695       -3.20889807       -3.34395552       -1.65371263 
       -1.38978481       -2.80298853       -2.85872197       -2.93477988       -3.03791761       -3.18511391       -3.31944442       -1.64145851 
       -1.37823129       -2.77990341       -2.83565521       -2.91166282       -3.01462412       -3.16141200       -3.29501486       -1.62924683 
       -1.36674345       -2.75694418       -2.81270623       -2.88865328       -2.99142790       -3.13779593       -3.27066708       -1.61707890 
       -1.35532200       -2.73411345       -2.78987718       -2.86575365       -2.96832991       -3.11426663       -3.24640274       -1.60495615 
       -1.34396827       -2.71141386       -2.76716852       -2.84296417       -2.94533181       -3.09082603       -3.22222662       -1.59287918 
       -1.33268070       -2.68884468       -2.74458313       -2.82028770       -2.92243576       -3.06747603       -3.19813776       -1.58084905 
       -1.32146108       -2.66640520       -2.72211814       -2.79772329       -2.89964199       -3.04421782       -3.17414045       -1.56886625 
       -1.31030858       -2.64409804       -2.69977856       -2.77527428       -2.87695336       -3.02105451       -3.15023494       -1.55693245 
       -1.29922426       -2.62192225       -2.67756176       -2.75293994       -2.85436916       -2.99798703       -3.12642431       -1.54504800 
       -1.28820789       -2.59987903       -2.65547037       -2.73072171       -2.83189225       -2.97501636       -3.10270882       -1.53321397 
       -1.27725911       -2.57796836       -2.63350415       -2.70862007       -2.80952406       -2.95214510       -3.07909203       -1.52143073 
       -1.26637876       -2.55619121       -2.61166430       -2.68663716       -2.78726530       -2.92937469       -3.05557394       -1.50969958 
       -1.25556743       -2.53454828       -2.58995175       -2.66477275       -2.76511550       -2.90670490       -3.03215671       -1.49802029 
       -1.24482393       -2.51303864       -2.56836581       -2.64302778       -2.74307799       -2.88413858       -3.00884199       -1.48639464 
       -1.23414934       -2.49166274       -2.54690719       -2.62140274       -2.72115231       -2.86167717       -2.98563123       -1.47482228 
       -1.22354376       -2.47042346       -2.52557707       -2.59989858       -2.69934011       -2.83932066       -2.96252441       -1.46330488 
       -1.21300709       -2.44931746       -2.50437546       -2.57851624       -2.67764187       -2.81707096       -2.93952489       -1.45184219 
       -1.20253932       -2.42834783       -2.48330379       -2.55725598       -2.65605807       -2.79492903       -2.91663337       -1.44043517 
       -1.19213998       -2.40751195       -2.46235919       -2.53611755       -2.63459039       -2.77289581       -2.89384985       -1.42908442 
       -1.18181074       -2.38681173       -2.44154572       -2.51510239       -2.61323810       -2.75097251       -2.87117505       -1.41779006 
       -1.17154992       -2.36624765       -2.42086172       -2.49421096       -2.59200311       -2.72916007       -2.84861326       -1.40655243 
       -1.16135800       -2.34581804       -2.40030599       -2.47344303       -2.57088661       -2.70745873       -2.82616234       -1.39537323 
       -1.15123522       -2.32552505       -2.37988234       -2.45279932       -2.54988766       -2.68586993       -2.80382490       -1.38425159 
       -1.14118111       -2.30536604       -2.35958886       -2.43228126       -2.52900743       -2.66439438       -2.78160024       -1.37318814 
       -1.13119626       -2.28534365       -2.33942533       -2.41188717       -2.50824690       -2.64303327       -2.75949121       -1.36218357 
       -1.12128007       -2.26545620       -2.31939244       -2.39161873       -2.48760676       -2.62178779       -2.73749781       -1.35123837 
       -1.11143303       -2.24570537       -2.29949141       -2.37147617       -2.46708584       -2.60065675       -2.71561956       -1.34035277 
       -1.10165429       -2.22608805       -2.27971935       -2.35145974       -2.44668698       -2.57964230       -2.69385982       -1.32952666 
       -1.09194446       -2.20660758       -2.26007915       -2.33156776       -2.42640805       -2.55874395       -2.67221642       -1.31876099 
       -1.08230305       -2.18726087       -2.24056911       -2.31180191       -2.40625000       -2.53796291       -2.65069175       -1.30805540 
       -1.07272935       -2.16804886       -2.22118998       -2.29216290       -2.38621449       -2.51729965       -2.62928724       -1.29741061 
       -1.06322467       -2.14897180       -2.20194244       -2.27265096       -2.36630130       -2.49675512       -2.60800147       -1.28682673 
       -1.05378819       -2.13003016       -2.18282509       -2.25326538       -2.34651065       -2.47632861       -2.58683538       -1.27630413 
       -1.04441869       -2.11122155       -2.16383672       -2.23400450       -2.32684183       -2.45602179       -2.56579041       -1.26584268 
       -1.03511822       -2.09254789       -2.14497995       -2.21487141       -2.30729628       -2.43583417       -2.54486656       -1.25544310 
       -1.02588534       -2.07400799       -2.12625360       -2.19586420       -2.28787303       -2.41576648       -2.52406383       -1.24510479 
       -1.01671970       -2.05559969       -2.10765576       -2.17698407       -2.26857305       -2.39581871       -2.50338316       -1.23482847 
       -1.00762117       -2.03732729       -2.08918977       -2.15823007       -2.24939632       -2.37599158       -2.48282456       -1.22461438 
       -0.99859041       -2.01918674       -2.07085276       -2.13960171       -2.23034191       -2.35628510       -2.46238828       -1.21446216 
       -0.98962653       -2.00117826       -2.05264473       -2.12110043       -2.21141124       -2.33669901       -2.44207501       -1.20437288 
       -0.98072892       -1.98330128       -2.03456616       -2.10272503       -2.19260311       -2.31723332       -2.42188382       -1.19434500 
       -0.97189784       -1.96555674       -2.01661658       -2.08447528       -2.17391896       -2.29789042       -2.40181732       -1.18437994 
       -0.96313351       -1.94794357       -1.99879575       -2.06635189       -2.15535855       -2.27866817       -2.38187432       -1.17447770 
       -0.95443511       -1.93046188       -1.98110342       -2.04835415       -2.13692069       -2.25956702       -2.36205387       -1.16463768 
       -0.94580257       -1.91310990       -1.96353877       -2.03048086       -2.11860538       -2.24058771       -2.34235811       -1.15486073 
       -0.93723500       -1.89588809       -1.94610262       -2.01273513       -2.10041547       -2.22173071       -2.32278562       -1.14514565 
       -0.92873394       -1.87879658       -1.92879272       -1.99511254       -2.08234715       -2.20299506       -2.30333781       -1.13549364 
       -0.92029744       -1.86183369       -1.91161025       -1.97761500       -2.06440139       -2.18438077       -2.28401327       -1.12590408 
       -0.91192621       -1.84499943       -1.89455402       -1.96024203       -2.04657865       -2.16588831       -2.26481390       -1.11637688 
       -0.90361959       -1.82829380       -1.87762475       -1.94299364       -2.02887797       -2.14751697       -2.24573779       -1.10691285 
       -0.89537716       -1.81171679       -1.86082089       -1.92586887       -2.01129985       -2.12926698       -2.22678542       -1.09751141 
       -0.88719922       -1.79526651       -1.84414303       -1.90886819       -1.99384415       -2.11113858       -2.20795774       -1.08817244 
       -0.87908465       -1.77894354       -1.82759058       -1.89199066       -1.97651005       -2.09313226       -2.18925452       -1.07889616 
       -0.87103450       -1.76274681       -1.81116199       -1.87523580       -1.95929801       -2.07524729       -2.17067480       -1.06968188 
       -0.86304671       -1.74667525       -1.79485762       -1.85860395       -1.94220769       -2.05748248       -2.15221858       -1.06053007 
       -0.85512209       -1.73072934       -1.77867723       -1.84209394       -1.92523777       -2.03984022       -2.13388705       -1.05144072 
       -0.84726071       -1.71490872       -1.76262045       -1.82570636       -1.90838993       -2.02231789       -2.11567903       -1.04241347 
       -0.83946109       -1.69921172       -1.74668622       -1.80944014       -1.89166176       -2.00491595       -2.09759378       -1.03344846 
       -0.83172423       -1.68363833       -1.73087430       -1.79329479       -1.87505412       -1.98763466       -2.07963157       -1.02454519 
       -0.82404900       -1.66818798       -1.71518409       -1.77727008       -1.85856652       -1.97047317       -2.06179333       -1.01570380 
       -0.81643534       -1.65286016       -1.69961476       -1.76136601       -1.84219909       -1.95343232       -2.04407763       -1.00692475 
       -0.80888271       -1.63765419       -1.68416715       -1.74558210       -1.82595038       -1.93651056       -2.02648497       -0.99820685 
       -0.80139142       -1.62256992       -1.66883945       -1.72991717       -1.80982125       -1.91970897       -2.00901413       -0.98955029 
       -0.79396063       -1.60760617       -1.65363097       -1.71437085       -1.79381001       -1.90302575       -1.99166596       -0.98095566 
       -0.78658980       -1.59276235       -1.63854265       -1.69894350       -1.77791750       -1.88646185       -1.97443938       -0.97242177 
       -0.77927941       -1.57803893       -1.62357247       -1.68363428       -1.76214337       -1.87001705       -1.95733511       -0.96394891 
       -0.77202851       -1.56343389       -1.60872090       -1.66844261       -1.74648595       -1.85368967       -1.94035208       -0.95553714 
       -0.76483721       -1.54894733       -1.59398675       -1.65336835       -1.73094594       -1.83748019       -1.92348969       -0.94718605 
       -0.75770438       -1.53457820       -1.57936931       -1.63840985       -1.71552229       -1.82138872       -1.90674758       -0.93889523 
       -0.75063074       -1.52032650       -1.56486940       -1.62356794       -1.70021486       -1.80541444       -1.89012682       -0.93066508 
       -0.74361551       -1.50619113       -1.55048406       -1.60884166       -1.68502307       -1.78955650       -1.87362587       -0.92249513 
       -0.73665798       -1.49217117       -1.53621459       -1.59423029       -1.66994691       -1.77381563       -1.85724437       -0.91438508 
       -0.72975826       -1.47826660       -1.52205944       -1.57973337       -1.65498555       -1.75819051       -1.84098208       -0.90633434 
       -0.72291636       -1.46447730       -1.50801921       -1.56535029       -1.64013851       -1.74268115       -1.82483959       -0.89834368 
       -0.71613109       -1.45080125       -1.49409258       -1.55108154       -1.62540507       -1.72728670       -1.80881441       -0.89041215 
       -0.70940262       -1.43723834       -1.48027813       -1.53692496       -1.61078548       -1.71200788       -1.79290819       -0.88254011 
       -0.70273072       -1.42378831       -1.46657634       -1.52288091       -1.59627867       -1.69684303       -1.77711940       -0.87472659 
       -0.69611466       -1.41044998       -1.45298624       -1.50894880       -1.58188403       -1.68179202       -1.76144814       -0.86697179 
       -0.68955433       -1.39722347       -1.43950760       -1.49512780       -1.56760180       -1.66685486       -1.74589360       -0.85927546 
       -0.68304926       -1.38410711       -1.42613959       -1.48141789       -1.55343080       -1.65203083       -1.73045528       -0.85163718 
       -0.67659974       -1.37110138       -1.41288126       -1.46781766       -1.53937054       -1.63731897       -1.71513319       -0.84405708 
       -0.67020428       -1.35820436       -1.39973235       -1.45432734       -1.52542078       -1.62271965       -1.69992697       -0.83653486 
       -0.66386372       -1.34541631       -1.38669193       -1.44094574       -1.51158082       -1.60823190       -1.68483520       -0.82906997 
       -0.65757710       -1.33273661       -1.37375975       -1.42767298       -1.49785054       -1.59385550       -1.66985834       -0.82166225 
       -0.65134394       -1.32016325       -1.36093414       -1.41450715       -1.48422837       -1.57958949       -1.65499556       -0.81431186 
       -0.64516419       -1.30769742       -1.34821641       -1.40144944       -1.47071481       -1.56543398       -1.64024651       -0.80701792 
       -0.63903731       -1.29533756       -1.33560479       -1.38849831       -1.45730937       -1.55138838       -1.62561059       -0.79978061 
       -0.63296342       -1.28308260       -1.32309806       -1.37565303       -1.44401050       -1.53745174       -1.61108708       -0.79259944 
       -0.62694132       -1.27093279       -1.31069720       -1.36291313       -1.43081820       -1.52362359       -1.59667552       -0.78547412 
       -0.62097192       -1.25888658       -1.29839981       -1.35027826       -1.41773200       -1.50990343       -1.58237541       -0.77840465 
       -0.61505347       -1.24694359       -1.28620589       -1.33774710       -1.40475142       -1.49629152       -1.56818700       -0.77139068 
       -0.60918647       -1.23510349       -1.27411544       -1.32532036       -1.39187562       -1.48278666       -1.55410874       -0.76443154 
       -0.60337061       -1.22336519       -1.26212728       -1.31299686       -1.37910450       -1.46938825       -1.54014087       -0.75752771 
       -0.59760523       -1.21172869       -1.25024056       -1.30077517       -1.36643696       -1.45609570       -1.52628195       -0.75067812 
       -0.59189004       -1.20019257       -1.23845518       -1.28865552       -1.35387254       -1.44290888       -1.51253259       -0.74388301 
       -0.58622462       -1.18875599       -1.22676992       -1.27663720       -1.34141076       -1.42982686       -1.49889112       -0.73714191 
       -0.58060884       -1.17741895       -1.21518457       -1.26471925       -1.32905102       -1.41684949       -1.48535788       -0.73045480 
       -0.57504267       -1.16618097       -1.20369828       -1.25290108       -1.31679237       -1.40397573       -1.47193158       -0.72382092 
       -0.56952500       -1.15504038       -1.19231069       -1.24118268       -1.30463493       -1.39120555       -1.45861220       -0.71724021 
       -0.56405586       -1.14399755       -1.18102086       -1.22956347       -1.29257798       -1.37853801       -1.44539917       -0.71071261 
       -0.55863541       -1.13305140       -1.16982818       -1.21804166       -1.28062010       -1.36597240       -1.43229187       -0.70423728 
       -0.55326223       -1.12220097       -1.15873194       -1.20661771       -1.26876187       -1.35350871       -1.41928935       -0.69781464 
       -0.54793704       -1.11144590       -1.14773190       -1.19529080       -1.25700200       -1.34114599       -1.40639126       -0.69144386 
       -0.54265851       -1.10078502       -1.13682711       -1.18406010       -1.24533987       -1.32888401       -1.39359748       -0.68512487 
       -0.53742677       -1.09021807       -1.12601686       -1.17292511       -1.23377526       -1.31672168       -1.38090658       -0.67885727 
       -0.53224230       -1.07974529       -1.11530042       -1.16188490       -1.22230732       -1.30465889       -1.36831832       -0.67264074 
       -0.52710336       -1.06936479       -1.10467768       -1.15093935       -1.21093535       -1.29269457       -1.35583234       -0.66647524 
       -0.52201056       -1.05907583       -1.09414709       -1.14008749       -1.19965887       -1.28082883       -1.34344804       -0.66036016 
       -0.51696301       -1.04887807       -1.08370852       -1.12932909       -1.18847764       -1.26906037       -1.33116519       -0.65429550 
       -0.51196080       -1.03877175       -1.07336187       -1.11866248       -1.17739010       -1.25738883       -1.31898224       -0.64828056 
       -0.50700355       -1.02875495       -1.06310570       -1.10808849       -1.16639698       -1.24581420       -1.30689919       -0.64231563 
       -0.50209063       -1.01882732       -1.05293965       -1.09760571       -1.15549648       -1.23433459       -1.29491556       -0.63639987 
       -0.49722177       -1.00898826       -1.04286313       -1.08721328       -1.14468813       -1.22295105       -1.28303015       -0.63053304 
       -0.49239683       -0.99923736       -1.03287506       -1.07691133       -1.13397253       -1.21166182       -1.27124286       -0.62471509 
       -0.48761541       -0.98957378       -1.02297592       -1.06669879       -1.12334776       -1.20046699       -1.25955355       -0.61894560 
       -0.48287708       -0.97999686       -1.01316357       -1.05657506       -1.11281359       -1.18936515       -1.24796093       -0.61322433 
       -0.47818181       -0.97050631       -1.00343871       -1.04653966       -1.10236990       -1.17835665       -1.23646414       -0.60755092 
       -0.47352907       -0.96110100       -0.99380040       -1.03659189       -1.09201550       -1.16744053       -1.22506344       -0.60192478 
       -0.46891862       -0.95178068       -0.98424721       -1.02673078       -1.08175004       -1.15661621       -1.21375787       -0.59634614 
       -0.46434990       -0.94254428       -0.97477925       -1.01695645       -1.07157278       -1.14588261       -1.20254672       -0.59081447 
       -0.45982242       -0.93339115       -0.96539593       -1.00726783       -1.06148326       -1.13523996       -1.19142926       -0.58532947 
       -0.45533654       -0.92432141       -0.95609653       -0.99766445       -1.05148077       -1.12468696       -1.18040526       -0.57989055 
       -0.45089179       -0.91533369       -0.94687992       -0.98814553       -1.04156530       -1.11422372       -1.16947401       -0.57449782 
       -0.44648746       -0.90642768       -0.93774617       -0.97871059       -1.03173506       -1.10384917       -1.15863442       -0.56915087 
       -0.44212323       -0.89760244       -0.92869419       -0.96935892       -1.02199066       -1.09356308       -1.14788687       -0.56384939 
       -0.43779913       -0.88885742       -0.91972357       -0.96009004       -1.01233077       -1.08336401       -1.13722980       -0.55859286 
       -0.43351483       -0.88019264       -0.91083384       -0.95090336       -1.00275481       -1.07325244       -1.12666297       -0.55338120 
       -0.42926973       -0.87160677       -0.90202409       -0.94179797       -0.99326259       -1.06322730       -1.11618626       -0.54821426 
       -0.42506343       -0.86309910       -0.89329416       -0.93277413       -0.98385358       -1.05328798       -1.10579813       -0.54309136 
       -0.42089602       -0.85466951       -0.88464272       -0.92383009       -0.97452652       -1.04343379       -1.09549892       -0.53801250 
       -0.41676724       -0.84631735       -0.87606984       -0.91496587       -0.96528125       -1.03366458       -1.08528745       -0.53297710 
       -0.41267627       -0.83804172       -0.86757469       -0.90618092       -0.95611721       -1.02397919       -1.07516313       -0.52798516 
       -0.40862337       -0.82984239       -0.85915649       -0.89747447       -0.94703382       -1.01437759       -1.06512570       -0.52303618 
       -0.40460762       -0.82171804       -0.85081494       -0.88884598       -0.93803024       -1.00485873       -1.05517423       -0.51813006 
       -0.40062952       -0.81366891       -0.84254938       -0.88029504       -0.92910635       -0.99542236       -1.04530859       -0.51326615 
       -0.39668807       -0.80569369       -0.83435869       -0.87182075       -0.92026114       -0.98606783       -1.03552771       -0.50844449 
       -0.39278337       -0.79779267       -0.82624322       -0.86342275       -0.91149431       -0.97679442       -1.02583122       -0.50366461 
       -0.38891482       -0.78996432       -0.81820184       -0.85510033       -0.90280521       -0.96760190       -1.01621854       -0.49892643 
       -0.38508242       -0.78220850       -0.81023365       -0.84685290       -0.89419299       -0.95848888       -1.00668883       -0.49422926 
       -0.38128567       -0.77452469       -0.80233896       -0.83868021       -0.88565743       -0.94945580       -0.99724156       -0.48957315 
       -0.37752444       -0.76691198       -0.79451627       -0.83058131       -0.87719798       -0.94050175       -0.98787642       -0.48495752 
       -0.37379804       -0.75936997       -0.78676552       -0.82255578       -0.86881375       -0.93162578       -0.97859281       -0.48038259 
       -0.37010661       -0.75189829       -0.77908617       -0.81460285       -0.86050415       -0.92282760       -0.96938992       -0.47584754 
       -0.36644992       -0.74449611       -0.77147722       -0.80672216       -0.85226917       -0.91410673       -0.96026736       -0.47135234 
       -0.36282739       -0.73716301       -0.76393861       -0.79891324       -0.84410781       -0.90546250       -0.95122451       -0.46689653 
       -0.35923871       -0.72989821       -0.75646937       -0.79117531       -0.83601969       -0.89689445       -0.94226068       -0.46247998 
       -0.35568392       -0.72270143       -0.74906939       -0.78350788       -0.82800394       -0.88840181       -0.93337512       -0.45810220 
       -0.35216239       -0.71557194       -0.74173766       -0.77591044       -0.82006025       -0.87998414       -0.92456794       -0.45376322 
       -0.34867433       -0.70850927       -0.73447388       -0.76838237       -0.81218803       -0.87164074       -0.91583765       -0.44946244 
       -0.34521884       -0.70151263       -0.72727740       -0.76092333       -0.80438697       -0.86337161       -0.90718460       -0.44519967 
       -0.34179592       -0.69458181       -0.72014761       -0.75353235       -0.79665607       -0.85517550       -0.89860755       -0.44097480 
       -0.33840558       -0.68771613       -0.71308434       -0.74620950       -0.78899527       -0.84705222       -0.89010620       -0.43678731 
       -0.33504692       -0.68091470       -0.70608658       -0.73895371       -0.78140342       -0.83900094       -0.88167989       -0.43263707 
       -0.33172005       -0.67417735       -0.69915390       -0.73176432       -0.77388036       -0.83102167       -0.87332809       -0.42852366 
       -0.32842496       -0.66750360       -0.69228590       -0.72464138       -0.76642561       -0.82311332       -0.86505055       -0.42444700 
       -0.32516098       -0.66089284       -0.68548203       -0.71758395       -0.75903845       -0.81527561       -0.85684627       -0.42040667 
       -0.32192799       -0.65434438       -0.67874157       -0.71059155       -0.75171840       -0.80750769       -0.84871489       -0.41640240 
       -0.31872568       -0.64785790       -0.67206430       -0.70366395       -0.74446511       -0.79980946       -0.84065586       -0.41243401 
       -0.31555387       -0.64143294       -0.66544950       -0.69680017       -0.73727787       -0.79218036       -0.83266836       -0.40850094 
       -0.31241202       -0.63506836       -0.65889651       -0.69000000       -0.73015612       -0.78461951       -0.82475221       -0.40460330 
       -0.30930039       -0.62876445       -0.65240490       -0.68326247       -0.72309935       -0.77712655       -0.81690675       -0.40074050 
       -0.30621815       -0.62252039       -0.64597476       -0.67658782       -0.71610719       -0.76970094       -0.80913126       -0.39691263 
       -0.30316538       -0.61633533       -0.63960457       -0.66997486       -0.70917886       -0.76234215       -0.80142570       -0.39311901 
       -0.30014199       -0.61020929       -0.63329446       -0.66342354       -0.70231408       -0.75504982       -0.79378885       -0.38935956 
       -0.29714721       -0.60414118       -0.62704355       -0.65693313       -0.69551241       -0.74782312       -0.78622061       -0.38563412 
       -0.29418087       -0.59813070       -0.62085170       -0.65050310       -0.68877298       -0.74066174       -0.77872050       -0.38194224 
       -0.29124331       -0.59217823       -0.61471826       -0.64413291       -0.68209565       -0.73356533       -0.77128792       -0.37828386 
       -0.28833371       -0.58628207       -0.60864276       -0.63782215       -0.67547977       -0.72653306       -0.76392210       -0.37465838 
       -0.28545204       -0.58044231       -0.60262477       -0.63157034       -0.66892475       -0.71956450       -0.75662237       -0.37106583 
       -0.28259817       -0.57465816       -0.59666353       -0.62537718       -0.66243005       -0.71265912       -0.74938917       -0.36750594 
       -0.27977163       -0.56892955       -0.59075868       -0.61924165       -0.65599549       -0.70581663       -0.74222070       -0.36397818 
       -0.27697212       -0.56325579       -0.58491004       -0.61316383       -0.64962035       -0.69903624       -0.73511744       -0.36048266 
       -0.27419984       -0.55763620       -0.57911670       -0.60714293       -0.64330411       -0.69231761       -0.72807848       -0.35701895 
       -0.27145407       -0.55207056       -0.57337832       -0.60117841       -0.63704634       -0.68566018       -0.72110319       -0.35358670 
       -0.26873484       -0.54655838       -0.56769437       -0.59526974       -0.63084650       -0.67906344       -0.71419120       -0.35018563 
       -0.26604155       -0.54109889       -0.56206483       -0.58941704       -0.62470430       -0.67252707       -0.70734179       -0.34681579 
       -0.26337430       -0.53569186       -0.55648851       -0.58361918       -0.61861926       -0.66605055       -0.70055521       -0.34347668 
       -0.26073316       -0.53033692       -0.55096543       -0.57787603       -0.61259055       -0.65963316       -0.69383007       -0.34016821 
       -0.25811738       -0.52503383       -0.54549503       -0.57218671       -0.60661787       -0.65327460       -0.68716615       -0.33688989 
       -0.25552693       -0.51978159       -0.54007673       -0.56655127       -0.60070103       -0.64697433       -0.68056297       -0.33364177 
       -0.25296143       -0.51457989       -0.53471023       -0.56096894       -0.59483910       -0.64073193       -0.67402047       -0.33042336 
       -0.25042111       -0.50942856       -0.52939498       -0.55543953       -0.58903205       -0.63454688       -0.66753733       -0.32723457 
       -0.24790514       -0.50432694       -0.52413082       -0.54996246       -0.58327901       -0.62841851       -0.66111374       -0.32407495 
       -0.24541351       -0.49927431       -0.51891661       -0.54453689       -0.57757986       -0.62234676       -0.65474898       -0.32094449 
       -0.24294622       -0.49427074       -0.51375264       -0.53916311       -0.57193416       -0.61633098       -0.64844245       -0.31784287 
       -0.24050286       -0.48931563       -0.50863826       -0.53384018       -0.56634116       -0.61037076       -0.64219397       -0.31476986 
       -0.23808330       -0.48440847       -0.50357270       -0.52856761       -0.56080067       -0.60446548       -0.63600290       -0.31172514 
       -0.23568721       -0.47954878       -0.49855590       -0.52334511       -0.55531192       -0.59861481       -0.62986857       -0.30870852 
       -0.23331454       -0.47473621       -0.49358723       -0.51817244       -0.54987484       -0.59281814       -0.62379068       -0.30571994 
       -0.23096493       -0.46997043       -0.48866639       -0.51304877       -0.54448885       -0.58707517       -0.61776906       -0.30275893 
       -0.22863817       -0.46525091       -0.48379299       -0.50797397       -0.53915352       -0.58138561       -0.61180270       -0.29982534 
       -0.22633420       -0.46057722       -0.47896641       -0.50294769       -0.53386831       -0.57574844       -0.60589147       -0.29691890 
       -0.22405277       -0.45594904       -0.47418633       -0.49796912       -0.52863294       -0.57016385       -0.60003483       -0.29403946 
       -0.22179361       -0.45136592       -0.46945244       -0.49303800       -0.52344680       -0.56463122       -0.59423226       -0.29118678 
       -0.21955644       -0.44682723       -0.46476406       -0.48815408       -0.51830965       -0.55914986       -0.58848369       -0.28836060 
       -0.21734118       -0.44233283       -0.46012107       -0.48331678       -0.51322114       -0.55371952       -0.58278811       -0.28556070 
       -0.21514766       -0.43788233       -0.45552298       -0.47852582       -0.50818044       -0.54833978       -0.57714510       -0.28278682 
       -0.21297570       -0.43347532       -0.45096943       -0.47378069       -0.50318754       -0.54301029       -0.57155472       -0.28003877 
       -0.21082470       -0.42911100       -0.44645974       -0.46908090       -0.49824202       -0.53773046       -0.56601638       -0.27731642 
       -0.20869514       -0.42478964       -0.44199386       -0.46442631       -0.49334320       -0.53249997       -0.56052947       -0.27461949 
       -0.20658633       -0.42051059       -0.43757129       -0.45981619       -0.48849073       -0.52731830       -0.55509335       -0.27194774 
       -0.20449834       -0.41627315       -0.43319145       -0.45525038       -0.48368436       -0.52218497       -0.54970783       -0.26930097 
       -0.20243074       -0.41207722       -0.42885414       -0.45072842       -0.47892365       -0.51709986       -0.54437250       -0.26667887 
       -0.20038359       -0.40792257       -0.42455906       -0.44624990       -0.47420803       -0.51206237       -0.53908712       -0.26408145 
       -0.19835643       -0.40380836       -0.42030546       -0.44181442       -0.46953729       -0.50707215       -0.53385079       -0.26150823 
       -0.19634923       -0.39973456       -0.41609356       -0.43742180       -0.46491104       -0.50212848       -0.52866375       -0.25895929 
       -0.19436187       -0.39570084       -0.41192254       -0.43307135       -0.46032876       -0.49723151       -0.52352482       -0.25643411 
       -0.19239412       -0.39170668       -0.40779197       -0.42876285       -0.45579013       -0.49238035       -0.51843411       -0.25393271 
       -0.19044554       -0.38775146       -0.40370166       -0.42449588       -0.45129475       -0.48757491       -0.51339084       -0.25145486 
       -0.18851639       -0.38383549       -0.39965129       -0.42027003       -0.44684222       -0.48281476       -0.50839496       -0.24900030 
       -0.18660641       -0.37995812       -0.39564055       -0.41608509       -0.44243228       -0.47809929       -0.50344586       -0.24656883 
       -0.18471503       -0.37611857       -0.39166865       -0.41194046       -0.43806440       -0.47342822       -0.49854329       -0.24416025 
       -0.18284248       -0.37231684       -0.38773566       -0.40783593       -0.43373826       -0.46880144       -0.49368680       -0.24177442 
       -0.18098846       -0.36855286       -0.38384119       -0.40377116       -0.42945352       -0.46421814       -0.48887578       -0.23941112 
       -0.17915273       -0.36482573       -0.37998471       -0.39974573       -0.42520976       -0.45967808       -0.48411003       -0.23706998 
       -0.17733522       -0.36113539       -0.37616581       -0.39575928       -0.42100671       -0.45518094       -0.47938898       -0.23475102 
       -0.17553569       -0.35748145       -0.37238437       -0.39181134       -0.41684380       -0.45072636       -0.47471252       -0.23245400 
       -0.17375395       -0.35386363       -0.36864007       -0.38790181       -0.41272089       -0.44631395       -0.47008017       -0.23017874 
       -0.17198989       -0.35028145       -0.36493224       -0.38403004       -0.40863743       -0.44194329       -0.46549129       -0.22792491 
       -0.17024331       -0.34673479       -0.36126098       -0.38019612       -0.40459335       -0.43761408       -0.46094596       -0.22569253 
