        0.00000000        0.00000000        0.00000000        0.00000000        0.00000000        0.00000000        0.00000000        0.00000000 
        0.00000000        0.00000000        0.00000000        0.00000000        0.00000000        0.00000000        0.00000000        0.00000000 
       -0.00002029        0.00000000        0.00000000        0.00000000       -0.00002029        0.00001994        0.00000000        0.00000000 
       -0.00003773       -0.00000084        0.00000000       -0.00000084       -0.00003773        0.00003046        0.00000759        0.00000000 
       -0.00005642       -0.00001184        0.00000000       -0.00001184       -0.00005597        0.00005177        0.00001171        0.00000341 
       -0.00007861       -0.00002182       -0.00000638       -0.00002180       -0.00007726        0.00007110        0.00002085        0.00000679 
       -0.00010671       -0.00003398       -0.00001802       -0.00003372       -0.00010398        0.00009664        0.00003070        0.00001186 
       -0.00014299       -0.00005098       -0.00003105       -0.00005029       -0.00013829        0.00012874        0.00004410        0.00001700 
       -0.00019025       -0.00007283       -0.00004764       -0.00007141       -0.00018298        0.00016969        0.00006109        0.00002471 
       -0.00025140       -0.00010114       -0.00006821       -0.00009874       -0.00024077        0.00022191        0.00008280        0.00003407 
       -0.00032893       -0.00013710       -0.00009449       -0.00013343       -0.00031400        0.00028745        0.00010976        0.00004676 
       -0.00042697       -0.00018300       -0.00012811       -0.00017770       -0.00040654        0.00036984        0.00014396        0.00006247 
       -0.00054981       -0.00024142       -0.00017109       -0.00023404       -0.00052241        0.00047267        0.00018676        0.00008291 
       -0.00070321       -0.00031542       -0.00022587       -0.00030539       -0.00066699        0.00060042        0.00024103        0.00010807 
       -0.00089329       -0.00040865       -0.00029576       -0.00039526       -0.00084596        0.00075811        0.00030879        0.00014013 
       -0.00112743       -0.00052546       -0.00038386       -0.00050783       -0.00106616        0.00095153        0.00039277        0.00018023 
       -0.00141402       -0.00067097       -0.00049447       -0.00064799       -0.00133532        0.00118710        0.00049659        0.00023005 
       -0.00176255       -0.00085114       -0.00063251       -0.00082144       -0.00166218        0.00147213        0.00062381        0.00029148 
       -0.00218368       -0.00107286       -0.00080373       -0.00103477       -0.00205653        0.00181454        0.00077908        0.00036721 
       -0.00268924       -0.00134408       -0.00101479       -0.00129556       -0.00252915        0.00222328        0.00096715        0.00045974 
       -0.00329218       -0.00167364       -0.00127330       -0.00161225       -0.00309185        0.00270763        0.00119336        0.00057229 
       -0.00400652       -0.00207160       -0.00158793       -0.00199438       -0.00375733        0.00327757        0.00146381        0.00070797 
       -0.00484725       -0.00254906       -0.00196840       -0.00245253       -0.00453912        0.00394345        0.00178483        0.00087059 
       -0.00583018       -0.00311822       -0.00242555       -0.00299828       -0.00545138        0.00471576        0.00216345        0.00106433 
       -0.00697169       -0.00379232       -0.00297126       -0.00364416       -0.00650877        0.00560511        0.00260683        0.00129359 
       -0.00828842       -0.00458551       -0.00361846       -0.00440358       -0.00772598        0.00662159        0.00312248        0.00156303 
       -0.00979698       -0.00551276       -0.00438099       -0.00529065       -0.00911761        0.00777469        0.00371796        0.00187758 
       -0.01151356       -0.00658960       -0.00527352       -0.00632004       -0.01069775        0.00907283        0.00440071        0.00224222 
       -0.01345342       -0.00783192       -0.00631131       -0.00750669       -0.01247949        0.01052287        0.00517798        0.00266216 
       -0.01563046       -0.00925564       -0.00750999       -0.00886553       -0.01447453        0.01212983        0.00605637        0.00314235 
       -0.01805662       -0.01087637       -0.00888525       -0.01041116       -0.01669269        0.01389628        0.00704170        0.00368760 
       -0.02074134       -0.01270895       -0.01045252       -0.01215743       -0.01914138        0.01582193        0.00813868        0.00430234 
       -0.02369104       -0.01476705       -0.01222649       -0.01411700       -0.02182515        0.01790322        0.00935060        0.00499037 
       -0.02690849       -0.01706263       -0.01422076       -0.01630093       -0.02474516        0.02013290        0.01067904        0.00575488 
       -0.03039237       -0.01960545       -0.01644726       -0.01871810       -0.02789882        0.02249969        0.01212354        0.00659804 
       -0.03413675       -0.02240251       -0.01891581       -0.02137482       -0.03127936        0.02498805        0.01368133        0.00752087 
       -0.03813076       -0.02545757       -0.02163354       -0.02427425       -0.03487557        0.02757803        0.01534705        0.00852311 
       -0.04235834       -0.02877062       -0.02460440       -0.02741604       -0.03867161        0.03024524        0.01711255        0.00960292 
       -0.04679795       -0.03233746       -0.02782867       -0.03079586       -0.04264691        0.03296098        0.01896676        0.01075687 
       -0.05142275       -0.03614934       -0.03130252       -0.03440507       -0.04677626        0.03569244        0.02089553        0.01197968 
       -0.05620060       -0.04019257       -0.03501762       -0.03823048       -0.05103001        0.03840322        0.02288171        0.01326419 
       -0.06109447       -0.04444847       -0.03896087       -0.04225418       -0.05537439        0.04105376        0.02490522        0.01460127 
       -0.06606279       -0.04889323       -0.04311416       -0.04645357       -0.05977199        0.04360221        0.02694316        0.01597987 
       -0.07106010       -0.05349810       -0.04745445       -0.05080134       -0.06418236        0.04600512        0.02897022        0.01738703 
       -0.07603797       -0.05822942       -0.05195368       -0.05526589       -0.06856287        0.04821851        0.03095896        0.01880804 
       -0.08094554       -0.06304923       -0.05657914       -0.05981151       -0.07286927        0.05019882        0.03288035        0.02022657 
       -0.08573103       -0.06791565       -0.06129369       -0.06439895       -0.07705704        0.05190410        0.03470429        0.02162499 
       -0.09034233       -0.07278354       -0.06605647       -0.06898618       -0.08108181        0.05329498        0.03640026        0.02298455 
       -0.09472828       -0.07760549       -0.07082339       -0.07352899       -0.08490082        0.05433593        0.03793805        0.02428583 
       -0.09884003       -0.08233231       -0.07554810       -0.07798194       -0.08847355        0.05499609        0.03928840        0.02550906 
       -0.10263166       -0.08691458       -0.08018258       -0.08229917       -0.09176280        0.05525037        0.04042374        0.02663460 
       -0.10606152       -0.09130316       -0.08467848       -0.08643544       -0.09473549        0.05508008        0.04131900        0.02764334 
       -0.10909318       -0.09545054       -0.08898783       -0.09034719       -0.09736329        0.05447363        0.04195208        0.02851716 
       -0.11169605       -0.09931166       -0.09306420       -0.09399322       -0.09962334        0.05342693        0.04230475        0.02923935 
       -0.11384592       -0.10284526       -0.09686384       -0.09733582       -0.10149848        0.05194363        0.04236285        0.02979504 
       -0.11552566       -0.10601433       -0.10034636       -0.10034146       -0.10297773        0.05003496        0.04211694        0.03017160 
       -0.11672529       -0.10878719       -0.10347585       -0.10298165       -0.10405618        0.04771975        0.04156247        0.03035892 
       -0.11744226       -0.11113803       -0.10622158       -0.10523320       -0.10473517        0.04502372        0.04069998        0.03034972 
       -0.11768077       -0.11304746       -0.10855856       -0.10707907       -0.10502170        0.04197894        0.03953515        0.03013967 
       -0.11745230       -0.11450272       -0.11046816       -0.10850832       -0.10492828        0.03862320        0.03807853        0.02972761 
       -0.11677941       -0.11550292       -0.11194285       -0.10951975       -0.10446914        0.03495792        0.03628690        0.02904540 
       -0.11567977       -0.11604369       -0.11297206       -0.11011094       -0.10366870        0.03107189        0.03424151        0.02817155 
       -0.11417785       -0.11612868       -0.11355358       -0.11028653       -0.10255595        0.02704846        0.03201700        0.02717574 
       -0.11231036       -0.11577603       -0.11369901       -0.11006281       -0.10115603        0.02290006        0.02958640        0.02600420 
       -0.11011297       -0.11500518       -0.11342197       -0.10945795       -0.09949926        0.01867633        0.02697921        0.02467041 
       -0.10762372       -0.11384062       -0.11274160       -0.10849453       -0.09761718        0.01442611        0.02422674        0.02318989 
       -0.10488212       -0.11231105       -0.11168181       -0.10719904       -0.09554195        0.01019614        0.02136155        0.02157983 
       -0.10192817       -0.11044878       -0.11027067       -0.10560085       -0.09330543        0.00603033        0.01841671        0.01985886 
       -0.09880176       -0.10828870       -0.10853951       -0.10373171       -0.09093867        0.00196900        0.01542509        0.01804663 
       -0.09554173       -0.10586738       -0.10652207       -0.10162476       -0.08847172       -0.00195169        0.01241872        0.01616334 
       -0.09218518       -0.10322255       -0.10425372       -0.09931383       -0.08593248       -0.00570012        0.00942797        0.01422938 
       -0.08876715       -0.10039189       -0.10177076       -0.09683291       -0.08334699       -0.00924965        0.00648125        0.01226483 
       -0.08532017       -0.09741253       -0.09910931       -0.09421504       -0.08073881       -0.01257877        0.00360470        0.01028912 
       -0.08187371       -0.09432029       -0.09630507       -0.09149226       -0.07812916       -0.01567082        0.00082152        0.00832084 
       -0.07845407       -0.09114935       -0.09339221       -0.08869485       -0.07553627       -0.01851433       -0.00184798        0.00637724 
       -0.07508437       -0.08793136       -0.09040323       -0.08585092       -0.07297605       -0.02110229       -0.00438662        0.00447407 
       -0.07178423       -0.08469558       -0.08736827       -0.08298624       -0.07046171       -0.02343211       -0.00678045        0.00262558 
       -0.06857036       -0.08146814       -0.08431494       -0.08012380       -0.06800413       -0.02550509       -0.00901867        0.00084411 
       -0.06545594       -0.07827234       -0.08126800       -0.07728419       -0.06561177       -0.02732604       -0.01109353       -0.00085976 
       -0.06245149       -0.07512829       -0.07824916       -0.07448485       -0.06329115       -0.02890260       -0.01300019       -0.00247737 
       -0.05956471       -0.07205296       -0.07527746       -0.07174066       -0.06104682       -0.03024501       -0.01473652       -0.00400183 
       -0.05680074       -0.06906043       -0.07236854       -0.06906394       -0.05888175       -0.03136534       -0.01630276       -0.00542806 
       -0.05416272       -0.06616173       -0.06953562       -0.06646428       -0.05679746       -0.03227717       -0.01770134       -0.00675269 
       -0.05165166       -0.06336540       -0.06678887       -0.06394912       -0.05479437       -0.03299506       -0.01893656       -0.00797387 
       -0.04926708       -0.06067756       -0.06413609       -0.06152376       -0.05287180       -0.03353428       -0.02001427       -0.00909112 
       -0.04700699       -0.05810198       -0.06158285       -0.05919171       -0.05102827       -0.03391028       -0.02094151       -0.01010534 
       -0.04486842       -0.05564068       -0.05913265       -0.05695461       -0.04926188       -0.03413843       -0.02172640       -0.01101838 
       -0.04284728       -0.05329401       -0.05678720       -0.05481296       -0.04757001       -0.03423377       -0.02237763       -0.01183320 
       -0.04093921       -0.05106082       -0.05454669       -0.05276589       -0.04594998       -0.03421094       -0.02290440       -0.01255334 
       -0.03913894       -0.04893898       -0.05241008       -0.05081173       -0.04439873       -0.03408358       -0.02331623       -0.01318309 
       -0.03744118       -0.04692532       -0.05037528       -0.04894787       -0.04291316       -0.03386490       -0.02362249       -0.01372714 
       -0.03584037       -0.04501604       -0.04843935       -0.04717128       -0.04149009       -0.03356684       -0.02383270       -0.01419044 
       -0.03433087       -0.04320684       -0.04659877       -0.04547847       -0.04012639       -0.03320063       -0.02395586       -0.01457828 
       -0.03290715       -0.04149302       -0.04484956       -0.04386562       -0.03881906       -0.03277639       -0.02400083       -0.01489597 
       -0.03156384       -0.03986968       -0.04318745       -0.04232880       -0.03756513       -0.03230338       -0.02397598       -0.01514872 
       -0.03029556       -0.03833193       -0.04160802       -0.04086400       -0.03636177       -0.03178987       -0.02388914       -0.01534188 
       -0.02909740       -0.03687477       -0.04010675       -0.03946720       -0.03520631       -0.03124320       -0.02374761       -0.01548051 
       -0.02796453       -0.03549335       -0.03867918       -0.03813452       -0.03409626       -0.03066998       -0.02355827       -0.01556949 
       -0.02689255       -0.03418297       -0.03732089       -0.03686217       -0.03302915       -0.03007592       -0.02332734       -0.01561352 
       -0.02587721       -0.03293907       -0.03602768       -0.03564648       -0.03200284       -0.02946609       -0.02306047       -0.01561702 
       -0.02491459       -0.03175741       -0.03479548       -0.03448404       -0.03101520       -0.02884492       -0.02276287       -0.01558421 
       -0.02400103       -0.03063386       -0.03362049       -0.03337159       -0.03006430       -0.02821608       -0.02243926       -0.01551889 
       -0.02313320       -0.02956470       -0.03249901       -0.03230611       -0.02914835       -0.02758298       -0.02209375       -0.01542473 
       -0.02230792       -0.02854626       -0.03142771       -0.03128473       -0.02826563       -0.02694841       -0.02173014       -0.01530503 
       -0.02152243       -0.02757529       -0.03040338       -0.03030486       -0.02741458       -0.02631466       -0.02135176       -0.01516287 
       -0.02077402       -0.02664872       -0.02942314       -0.02936399       -0.02659369       -0.02568389       -0.02096158       -0.01500107 
       -0.02006030       -0.02576366       -0.02848425       -0.02845989       -0.02580163       -0.02505772       -0.02056225       -0.01482218 
       -0.01937902       -0.02491752       -0.02758418       -0.02759050       -0.02503709       -0.02443763       -0.02015604       -0.01462856 
       -0.01872817       -0.02410791       -0.02672059       -0.02675389       -0.02429887       -0.02382485       -0.01974508       -0.01442229 
       -0.01810588       -0.02333254       -0.02589138       -0.02594827       -0.02358584       -0.02322035       -0.01933108       -0.01420533 
       -0.01751034       -0.02258946       -0.02509456       -0.02517202       -0.02289689       -0.02262497       -0.01891564       -0.01397945 
       -0.01694005       -0.02187665       -0.02432836       -0.02442363       -0.02223107       -0.02203936       -0.01850013       -0.01374620 
       -0.01639350       -0.02119244       -0.02359108       -0.02370170       -0.02158738       -0.02146407       -0.01808577       -0.01350698 
       -0.01586935       -0.02053523       -0.02288115       -0.02300497       -0.02096495       -0.02089955       -0.01767358       -0.01326312 
       -0.01536636       -0.01990348       -0.02219719       -0.02233221       -0.02036293       -0.02034616       -0.01726449       -0.01301576 
       -0.01488332       -0.01929588       -0.02153787       -0.02168232       -0.01978050       -0.01980412       -0.01685930       -0.01276594 
       -0.01441920       -0.01871115       -0.02090197       -0.02105428       -0.01921688       -0.01927365       -0.01645864       -0.01251458 
       -0.01397303       -0.01814809       -0.02028834       -0.02044712       -0.01867135       -0.01875487       -0.01606314       -0.01226255 
       -0.01354389       -0.01760558       -0.01969597       -0.01985995       -0.01814324       -0.01824787       -0.01567326       -0.01201055 
       -0.01313082       -0.01708271       -0.01912383       -0.01929190       -0.01763184       -0.01775268       -0.01528946       -0.01175927 
       -0.01273312       -0.01657840       -0.01857106       -0.01874221       -0.01713654       -0.01726926       -0.01491210       -0.01150927 
       -0.01234998       -0.01609185       -0.01803676       -0.01821013       -0.01665672       -0.01679763       -0.01454145       -0.01126111 
       -0.01198075       -0.01562219       -0.01752017       -0.01769493       -0.01619182       -0.01633769       -0.01417778       -0.01101523 
       -0.01162471       -0.01516869       -0.01702050       -0.01719600       -0.01574127       -0.01588939       -0.01382124       -0.01077203 
       -0.01128129       -0.01473060       -0.01653705       -0.01671267       -0.01530452       -0.01545258       -0.01347205       -0.01053186 
       -0.01094990       -0.01430723       -0.01606919       -0.01624434       -0.01488110       -0.01502714       -0.01313026       -0.01029502 
       -0.01062998       -0.01389796       -0.01561624       -0.01579050       -0.01447049       -0.01461293       -0.01279599       -0.01006175 
       -0.01032103       -0.01350221       -0.01517762       -0.01535056       -0.01407222       -0.01420979       -0.01246925       -0.00983229 
       -0.01002255       -0.01311937       -0.01475278       -0.01492404       -0.01368588       -0.01381754       -0.01215011       -0.00960682 
       -0.00973412       -0.01274889       -0.01434121       -0.01451044       -0.01331099       -0.01343600       -0.01183853       -0.00938546 
       -0.00945529       -0.01239030       -0.01394236       -0.01410932       -0.01294717       -0.01306499       -0.01153448       -0.00916835 
       -0.00918562       -0.01204313       -0.01355578       -0.01372020       -0.01259400       -0.01270427       -0.01123796       -0.00895554 
       -0.00892479       -0.01170689       -0.01318101       -0.01334267       -0.01225113       -0.01235367       -0.01094884       -0.00874717 
       -0.00867239       -0.01138118       -0.01281759       -0.01297633       -0.01191820       -0.01201295       -0.01066708       -0.00854322 
       -0.00842808       -0.01106559       -0.01246514       -0.01262080       -0.01159483       -0.01168193       -0.01039258       -0.00834373 
       -0.00819158       -0.01075970       -0.01212324       -0.01227570       -0.01128074       -0.01136035       -0.01012523       -0.00814874 
       -0.00796253       -0.01046317       -0.01179154       -0.01194067       -0.01097559       -0.01104801       -0.00986494       -0.00795819 
       -0.00774065       -0.01017567       -0.01146964       -0.01161539       -0.01067906       -0.01074468       -0.00961156       -0.00777209 
       -0.00752567       -0.00989684       -0.01115725       -0.01129951       -0.01039089       -0.01045014       -0.00936498       -0.00759040 
       -0.00731731       -0.00962636       -0.01085401       -0.01099273       -0.01011079       -0.01016414       -0.00912507       -0.00741308 
       -0.00711534       -0.00936393       -0.01055960       -0.01069475       -0.00983850       -0.00988650       -0.00889168       -0.00724007 
       -0.00691953       -0.00910927       -0.01027373       -0.01040528       -0.00957377       -0.00961696       -0.00866466       -0.00707133 
       -0.00672962       -0.00886213       -0.00999611       -0.01012405       -0.00931635       -0.00935534       -0.00844388       -0.00690679 
       -0.00654542       -0.00862219       -0.00972647       -0.00985080       -0.00906602       -0.00910137       -0.00822919       -0.00674637 
       -0.00636669       -0.00838925       -0.00946455       -0.00958525       -0.00882256       -0.00885488       -0.00802045       -0.00659000 
       -0.00619328       -0.00816307       -0.00921009       -0.00932718       -0.00858575       -0.00861564       -0.00781749       -0.00643761 
       -0.00602498       -0.00794338       -0.00896285       -0.00907634       -0.00835540       -0.00838344       -0.00762019       -0.00628910 
       -0.00586162       -0.00773000       -0.00872259       -0.00883252       -0.00813131       -0.00815808       -0.00742839       -0.00614443 
       -0.00570300       -0.00752271       -0.00848909       -0.00859549       -0.00791329       -0.00793934       -0.00724195       -0.00600346 
       -0.00554900       -0.00732130       -0.00826215       -0.00836504       -0.00770117       -0.00772704       -0.00706071       -0.00586614 
       -0.00539943       -0.00712559       -0.00804154       -0.00814098       -0.00749478       -0.00752100       -0.00688453       -0.00573238 
       -0.00525415       -0.00693541       -0.00782707       -0.00792311       -0.00729395       -0.00732101       -0.00671329       -0.00560209 
       -0.00511304       -0.00675054       -0.00761856       -0.00771124       -0.00709852       -0.00712689       -0.00654682       -0.00547518 
       -0.00497593       -0.00657085       -0.00741582       -0.00750520       -0.00690833       -0.00693846       -0.00638501       -0.00535159 
       -0.00484272       -0.00639617       -0.00721866       -0.00730480       -0.00672326       -0.00675556       -0.00622772       -0.00523121 
       -0.00471326       -0.00622632       -0.00702694       -0.00710989       -0.00654315       -0.00657801       -0.00607482       -0.00511395 
       -0.00458744       -0.00606117       -0.00684047       -0.00692031       -0.00636785       -0.00640563       -0.00592618       -0.00499975 
       -0.00446515       -0.00590057       -0.00665911       -0.00673588       -0.00619726       -0.00623829       -0.00578166       -0.00488851 
       -0.00434626       -0.00574439       -0.00648268       -0.00655647       -0.00603122       -0.00607582       -0.00564117       -0.00478016 
       -0.00423069       -0.00559249       -0.00631107       -0.00638194       -0.00586962       -0.00591805       -0.00550457       -0.00467463 
       -0.00411831       -0.00544474       -0.00614411       -0.00621213       -0.00571235       -0.00576487       -0.00537174       -0.00457182 
       -0.00400904       -0.00530101       -0.00598169       -0.00604692       -0.00555928       -0.00561611       -0.00524259       -0.00447167 
       -0.00390277       -0.00516119       -0.00582365       -0.00588618       -0.00541029       -0.00547164       -0.00511699       -0.00437410 
       -0.00379943       -0.00502515       -0.00566988       -0.00572977       -0.00526530       -0.00533132       -0.00499484       -0.00427905 
       -0.00369891       -0.00489281       -0.00552025       -0.00557757       -0.00512417       -0.00519503       -0.00487604       -0.00418643 
       -0.00360114       -0.00476402       -0.00537464       -0.00542948       -0.00498681       -0.00506265       -0.00476048       -0.00409618 
       -0.00350604       -0.00463871       -0.00523294       -0.00528536       -0.00485312       -0.00493404       -0.00464808       -0.00400824 
       -0.00341351       -0.00451676       -0.00509505       -0.00514511       -0.00472301       -0.00480910       -0.00453873       -0.00392253 
       -0.00332350       -0.00439808       -0.00496084       -0.00500863       -0.00459638       -0.00468771       -0.00443234       -0.00383900 
       -0.00323592       -0.00428258       -0.00483021       -0.00487580       -0.00447313       -0.00456975       -0.00432883       -0.00375758 
       -0.00315071       -0.00417016       -0.00470308       -0.00474653       -0.00435318       -0.00445513       -0.00422810       -0.00367822 
       -0.00306778       -0.00406075       -0.00457933       -0.00462072       -0.00423644       -0.00434373       -0.00413009       -0.00360084 
       -0.00298709       -0.00395425       -0.00445888       -0.00449826       -0.00412281       -0.00423547       -0.00403470       -0.00352541 
       -0.00290855       -0.00385058       -0.00434163       -0.00437909       -0.00401223       -0.00413024       -0.00394185       -0.00345185 
       -0.00283214       -0.00374967       -0.00422748       -0.00426308       -0.00390461       -0.00402795       -0.00385148       -0.00338012 
       -0.00275775       -0.00365144       -0.00411637       -0.00415018       -0.00379988       -0.00392851       -0.00376350       -0.00331017 
       -0.00268536       -0.00355579       -0.00400821       -0.00404028       -0.00369794       -0.00383184       -0.00367785       -0.00324195 
       -0.00261488       -0.00346269       -0.00390291       -0.00393331       -0.00359874       -0.00373784       -0.00359445       -0.00317541 
       -0.00254630       -0.00337204       -0.00380039       -0.00382919       -0.00350220       -0.00364644       -0.00351325       -0.00311050 
       -0.00247954       -0.00328378       -0.00370058       -0.00372784       -0.00340824       -0.00355755       -0.00343417       -0.00304717 
       -0.00241453       -0.00319786       -0.00360341       -0.00362918       -0.00331681       -0.00347112       -0.00335715       -0.00298537 
       -0.00235126       -0.00311419       -0.00350880       -0.00353315       -0.00322783       -0.00338704       -0.00328214       -0.00292508 
       -0.00228967       -0.00303273       -0.00341669       -0.00343967       -0.00314123       -0.00330526       -0.00320908       -0.00286624 
       -0.00222969       -0.00295342       -0.00332701       -0.00334866       -0.00305696       -0.00322571       -0.00313789       -0.00280881 
       -0.00217131       -0.00287618       -0.00323968       -0.00326008       -0.00297494       -0.00314833       -0.00306855       -0.00275277 
       -0.00211447       -0.00280098       -0.00315466       -0.00317385       -0.00289513       -0.00307304       -0.00300098       -0.00269805 
       -0.00205913       -0.00272775       -0.00307187       -0.00308990       -0.00281746       -0.00299978       -0.00293515       -0.00264464 
       -0.00200524       -0.00265643       -0.00299127       -0.00300818       -0.00274188       -0.00292850       -0.00287099       -0.00259249 
       -0.00195277       -0.00258699       -0.00291277       -0.00292863       -0.00266832       -0.00285912       -0.00280846       -0.00254157 
       -0.00190168       -0.00251936       -0.00283634       -0.00285118       -0.00259674       -0.00279162       -0.00274751       -0.00249184 
       -0.00185194       -0.00245351       -0.00276192       -0.00277579       -0.00252708       -0.00272591       -0.00268811       -0.00244328 
       -0.00180350       -0.00238938       -0.00268946       -0.00270239       -0.00245930       -0.00266195       -0.00263020       -0.00239585 
       -0.00175633       -0.00232692       -0.00261889       -0.00263094       -0.00239333       -0.00259969       -0.00257374       -0.00234952 
       -0.00171041       -0.00226610       -0.00255018       -0.00256138       -0.00232914       -0.00253908       -0.00251869       -0.00230426 
       -0.00166568       -0.00220687       -0.00248326       -0.00249366       -0.00226667       -0.00248007       -0.00246502       -0.00226005 
       -0.00162213       -0.00214918       -0.00241811       -0.00242773       -0.00220588       -0.00242261       -0.00241267       -0.00221685 
       -0.00157971       -0.00209301       -0.00235466       -0.00236354       -0.00214672       -0.00236666       -0.00236163       -0.00217463 
       -0.00153841       -0.00203829       -0.00229287       -0.00230106       -0.00208915       -0.00231218       -0.00231184       -0.00213338 
       -0.00149818       -0.00198501       -0.00223271       -0.00224022       -0.00203313       -0.00225913       -0.00226328       -0.00209306 
       -0.00145901       -0.00193311       -0.00217412       -0.00218100       -0.00197861       -0.00220745       -0.00221591       -0.00205365 
