                  0.00000192                  0.00000192                  0.00000192                  0.00000192                  0.00000192                  0.00000192                  0.00000192                  0.00000192                  0.00000192                  0.00000192                  0.00000000                  0.00000000                  0.00000000                  0.00000000                  0.00000000                  0.00000000 
                  0.00000469                  0.00000469                  0.00000469                  0.00000469                  0.00000469                  0.00000000                  0.00000000                  0.00000000 
                  0.00000856                  0.00000856                  0.00000856                  0.00000856                  0.00000856                  0.00000000                  0.00000000                  0.00000000 
                  0.00001381                  0.00001384                  0.00001384                  0.00001384                  0.00001381                  0.00000004                  0.00000000                  0.00000000 
                  0.00002082                  0.00002093                  0.00002094                  0.00002093                  0.00002083                  0.00000011                  0.00000003                  0.00000000 
                  0.00003010                  0.00003032                  0.00003035                  0.00003032                  0.00003013                  0.00000021                  0.00000008                  0.00000002 
                  0.00004211                  0.00004266                  0.00004272                  0.00004266                  0.00004218                  0.00000051                  0.00000017                  0.00000006 
                  0.00005769                  0.00005872                  0.00005882                  0.00005872                  0.00005783                  0.00000089                  0.00000040                  0.00000013 
                  0.00007775                  0.00007950                  0.00007966                  0.00007950                  0.00007801                  0.00000138                  0.00000069                  0.00000028 
                  0.00010346                  0.00010620                  0.00010644                  0.00010620                  0.00010390                  0.00000204                  0.00000110                  0.00000050 
                  0.00013621                  0.00014029                  0.00014063                  0.00014030                  0.00013690                  0.00000290                  0.00000163                  0.00000080 
                  0.00017767                  0.00018356                  0.00018403                  0.00018357                  0.00017873                  0.00000401                  0.00000233                  0.00000120 
                  0.00022985                  0.00023813                  0.00023877                  0.00023816                  0.00023140                  0.00000543                  0.00000323                  0.00000172 
                  0.00029514                  0.00030654                  0.00030740                  0.00030658                  0.00029736                  0.00000726                  0.00000440                  0.00000239 
                  0.00037634                  0.00039178                  0.00039293                  0.00039184                  0.00037943                  0.00000958                  0.00000589                  0.00000325 
                  0.00047670                  0.00049732                  0.00049885                  0.00049740                  0.00048093                  0.00001254                  0.00000778                  0.00000436 
                  0.00059998                  0.00062721                  0.00062924                  0.00062733                  0.00060569                  0.00001626                  0.00001020                  0.00000577 
                  0.00075049                  0.00078609                  0.00078876                  0.00078625                  0.00075810                  0.00002092                  0.00001324                  0.00000757 
                  0.00093311                  0.00097923                  0.00098274                  0.00097947                  0.00094313                  0.00002672                  0.00001706                  0.00000984 
                  0.00115330                  0.00121260                  0.00121716                  0.00121293                  0.00116637                  0.00003390                  0.00002181                  0.00001268 
                  0.00141714                  0.00149283                  0.00149871                  0.00149329                  0.00143405                  0.00004272                  0.00002769                  0.00001622 
                  0.00173131                  0.00182727                  0.00183480                  0.00182788                  0.00175301                  0.00005351                  0.00003493                  0.00002061 
                  0.00210305                  0.00222392                  0.00223351                  0.00222474                  0.00213069                  0.00006661                  0.00004379                  0.00002602 
                  0.00254014                  0.00269145                  0.00270358                  0.00269254                  0.00257512                  0.00008243                  0.00005457                  0.00003264 
                  0.00305081                  0.00323910                  0.00325434                  0.00324054                  0.00309480                  0.00010143                  0.00006759                  0.00004069 
                  0.00364368                  0.00387661                  0.00389564                  0.00387850                  0.00369864                  0.00012408                  0.00008323                  0.00005044 
                  0.00432756                  0.00461410                  0.00463773                  0.00461655                  0.00439585                  0.00015094                  0.00010191                  0.00006215 
                  0.00511140                  0.00546192                  0.00549108                  0.00546506                  0.00519575                  0.00018257                  0.00012407                  0.00007614 
                  0.00600404                  0.00643044                  0.00646625                  0.00643445                  0.00610763                  0.00021960                  0.00015020                  0.00009275 
                  0.00701400                  0.00752989                  0.00757364                  0.00753498                  0.00714054                  0.00026268                  0.00018081                  0.00011235 
                  0.00814929                  0.00877009                  0.00882326                  0.00877650                  0.00830302                  0.00031248                  0.00021646                  0.00013532 
                  0.00941714                  0.01016017                  0.01022449                  0.01016821                  0.00960291                  0.00036968                  0.00025770                  0.00016209 
                  0.01082372                  0.01170834                  0.01178576                  0.01171834                  0.01104702                  0.00043497                  0.00030511                  0.00019307 
                  0.01237389                  0.01342151                  0.01351428                  0.01343390                  0.01264089                  0.00050901                  0.00035927                  0.00022872 
                  0.01407091                  0.01530507                  0.01541572                  0.01532033                  0.01438852                  0.00059245                  0.00042075                  0.00026947 
                  0.01591619                  0.01736254                  0.01749393                  0.01738124                  0.01629205                  0.00068587                  0.00049008                  0.00031575 
                  0.01790905                  0.01959531                  0.01975062                  0.01961810                  0.01835157                  0.00078978                  0.00056776                  0.00036797 
                  0.02004649                  0.02200235                  0.02218514                  0.02203000                  0.02056485                  0.00090461                  0.00065424                  0.00042652 
                  0.02232305                  0.02458003                  0.02479423                  0.02461340                  0.02292719                  0.00103068                  0.00074988                  0.00049174 
                  0.02473065                  0.02732189                  0.02757184                  0.02736198                  0.02543124                  0.00116815                  0.00085494                  0.00056391 
                  0.02725855                  0.03021858                  0.03050900                  0.03026650                  0.02806694                  0.00131706                  0.00096960                  0.00064325 
                  0.02989333                  0.03325772                  0.03359375                  0.03331475                  0.03082152                  0.00147726                  0.00109387                  0.00072987 
                  0.03261901                  0.03642397                  0.03681119                  0.03649153                  0.03367952                  0.00164844                  0.00122766                  0.00082382 
                  0.03541710                  0.03969914                  0.04014348                  0.03977877                  0.03662289                  0.00183006                  0.00137069                  0.00092503 
                  0.03826691                  0.04306225                  0.04357008                  0.04315571                  0.03963125                  0.00202141                  0.00152254                  0.00103329 
                  0.04114578                  0.04648987                  0.04706791                  0.04659906                  0.04268210                  0.00222155                  0.00168260                  0.00114829 
                  0.04402942                  0.04995641                  0.05061172                  0.05008339                  0.04575119                  0.00242935                  0.00185009                  0.00126959 
                  0.04689237                  0.05343447                  0.05417439                  0.05358148                  0.04881284                  0.00264347                  0.00202407                  0.00139659 
                  0.04970839                  0.05689530                  0.05772745                  0.05706474                  0.05184047                  0.00286240                  0.00220340                  0.00152859 
                  0.05245100                  0.06030930                  0.06124145                  0.06050373                  0.05480701                  0.00308447                  0.00238681                  0.00166474 
                  0.05509392                  0.06364651                  0.06468660                  0.06386864                  0.05768540                  0.00330786                  0.00257290                  0.00180407 
                  0.05761165                  0.06687718                  0.06803313                  0.06712987                  0.06044915                  0.00353064                  0.00276011                  0.00194552 
                  0.05997993                  0.06997229                  0.07125200                  0.07025849                  0.06307276                  0.00375081                  0.00294682                  0.00208791 
                  0.06217620                  0.07290412                  0.07431529                  0.07322688                  0.06553230                  0.00396631                  0.00313132                  0.00223002 
                  0.06418006                  0.07564669                  0.07719680                  0.07600912                  0.06780572                  0.00417509                  0.00331188                  0.00237054 
                  0.06597364                  0.07817627                  0.07987241                  0.07858150                  0.06987340                  0.00437514                  0.00348675                  0.00250815 
                  0.06754190                  0.08047178                  0.08232054                  0.08092297                  0.07171836                  0.00456452                  0.00365422                  0.00264152 
                  0.06887290                  0.08251511                  0.08452249                  0.08301537                  0.07332661                  0.00474138                  0.00381262                  0.00276934 
                  0.06995791                  0.08429144                  0.08646269                  0.08484379                  0.07468726                  0.00490405                  0.00396041                  0.00289035 
                  0.07079157                  0.08578932                  0.08812889                  0.08639669                  0.07579274                  0.00505102                  0.00409614                  0.00300335 
                  0.07137172                  0.08700085                  0.08951219                  0.08766597                  0.07663868                  0.00518102                  0.00421856                  0.00310725 
                  0.07169957                  0.08792173                  0.09060727                  0.08864714                  0.07722402                  0.00529296                  0.00432655                  0.00320107 
                  0.07177947                  0.08855126                  0.09141228                  0.08933925                  0.07755096                  0.00538602                  0.00441919                  0.00328394 
                  0.07161859                  0.08889206                  0.09192861                  0.08974460                  0.07762458                  0.00545961                  0.00449579                  0.00335516 
                  0.07122669                  0.08894991                  0.09216076                  0.08986865                  0.07745269                  0.00551344                  0.00455586                  0.00341419 
                  0.07061587                  0.08873355                  0.09211616                  0.08971974                  0.07704554                  0.00554745                  0.00459916                  0.00346065 
                  0.06980014                  0.08825433                  0.09180481                  0.08930883                  0.07641553                  0.00556185                  0.00462564                  0.00349435 
                  0.06879511                  0.08752591                  0.09123901                  0.08864910                  0.07557687                  0.00555706                  0.00463549                  0.00351523 
                  0.06761765                  0.08656388                  0.09043302                  0.08775568                  0.07454520                  0.00553375                  0.00462910                  0.00352344 
                  0.06628538                  0.08538538                  0.08940272                  0.08664525                  0.07333722                  0.00549277                  0.00460704                  0.00351925 
                  0.06481648                  0.08400875                  0.08816521                  0.08533563                  0.07197041                  0.00543514                  0.00457005                  0.00350310 
                  0.06322924                  0.08245315                  0.08673849                  0.08384547                  0.07046263                  0.00536202                  0.00451902                  0.00347555 
                  0.06154181                  0.08073819                  0.08514115                  0.08219389                  0.06883183                  0.00527470                  0.00445496                  0.00343726 
                  0.05977186                  0.07888360                  0.08339202                  0.08040014                  0.06709579                  0.00517453                  0.00437898                  0.00338901 
                  0.05793642                  0.07690900                  0.08150990                  0.07848334                  0.06527184                  0.00506295                  0.00429225                  0.00333164 
                  0.05605165                  0.07483352                  0.07951329                  0.07646219                  0.06337668                  0.00494139                  0.00419601                  0.00326603 
                  0.05413265                  0.07267568                  0.07742023                  0.07435481                  0.06142618                  0.00481131                  0.00409151                  0.00319313 
                  0.05219340                  0.07045313                  0.07524803                  0.07217845                  0.05943524                  0.00467413                  0.00397998                  0.00311390 
                  0.05024665                  0.06818253                  0.07301318                  0.06994943                  0.05741772                  0.00453125                  0.00386266                  0.00302927 
                  0.04830388                  0.06587941                  0.07073120                  0.06768303                  0.05538633                  0.00438398                  0.00374074                  0.00294018 
                  0.04637527                  0.06355811                  0.06841656                  0.06539334                  0.05335262                  0.00423358                  0.00361534                  0.00284756 
                  0.04446976                  0.06123170                  0.06608264                  0.06309327                  0.05132693                  0.00408120                  0.00348755                  0.00275225 
                  0.04259506                  0.05891202                  0.06374170                  0.06079450                  0.04931845                  0.00392793                  0.00335834                  0.00265508 
                  0.04075768                  0.05660962                  0.06140482                  0.05850751                  0.04733523                  0.00377472                  0.00322862                  0.00255681 
                  0.03896305                  0.05433379                  0.05908196                  0.05624162                  0.04538421                  0.00362245                  0.00309922                  0.00245813 
                  0.03721558                  0.05209264                  0.05678199                  0.05400496                  0.04347131                  0.00347187                  0.00297086                  0.00235967 
                  0.03551873                  0.04989314                  0.05451272                  0.05180460                  0.04160148                  0.00332364                  0.00284417                  0.00226198 
                  0.03387513                  0.04774117                  0.05228091                  0.04964657                  0.03977877                  0.00317833                  0.00271971                  0.00216555 
                  0.03228664                  0.04564163                  0.05009241                  0.04753594                  0.03800643                  0.00303641                  0.00259793                  0.00207081 
                  0.03075449                  0.04359848                  0.04795215                  0.04547691                  0.03628695                  0.00289826                  0.00247922                  0.00197810 
                  0.02927929                  0.04161485                  0.04586424                  0.04347286                  0.03462216                  0.00276418                  0.00236389                  0.00188771 
                  0.02786120                  0.03969311                  0.04383203                  0.04152645                  0.03301334                  0.00263439                  0.00225217                  0.00179990 
                  0.02649993                  0.03783493                  0.04185818                  0.03963968                  0.03146124                  0.00250907                  0.00214424                  0.00171483 
                  0.02519486                  0.03604142                  0.03994472                  0.03781398                  0.02996613                  0.00238831                  0.00204021                  0.00163265 
                  0.02394508                  0.03431313                  0.03809312                  0.03605024                  0.02852794                  0.00227218                  0.00194017                  0.00155343 
                  0.02274944                  0.03265016                  0.03630435                  0.03434893                  0.02714626                  0.00216068                  0.00184412                  0.00147725 
                  0.02160662                  0.03105221                  0.03457892                  0.03271010                  0.02582039                  0.00205379                  0.00175208                  0.00140412 
                  0.02051515                  0.02951865                  0.03291696                  0.03113347                  0.02454942                  0.00195145                  0.00166400                  0.00133403 
                  0.01947346                  0.02804856                  0.03131825                  0.02961848                  0.02333225                  0.00185359                  0.00157981                  0.00126695 
                  0.01847992                  0.02664079                  0.02978228                  0.02816431                  0.02216761                  0.00176009                  0.00149943                  0.00120285 
                  0.01753283                  0.02529399                  0.02830827                  0.02676994                  0.02105414                  0.00167085                  0.00142277                  0.00114164 
                  0.01663049                  0.02400666                  0.02689523                  0.02543417                  0.01999036                  0.00158574                  0.00134970                  0.00108326 
                  0.01577118                  0.02277716                  0.02554200                  0.02415567                  0.01897476                  0.00150461                  0.00128012                  0.00102763 
                  0.01495321                  0.02160380                  0.02424723                  0.02293300                  0.01800575                  0.00142734                  0.00121389                  0.00097464 
                  0.01417487                  0.02048477                  0.02300949                  0.02176462                  0.01708172                  0.00135376                  0.00115088                  0.00092421 
                  0.01343452                  0.01941825                  0.02182721                  0.02064893                  0.01620107                  0.00128373                  0.00109096                  0.00087623 
                  0.01273054                  0.01840236                  0.02069877                  0.01958428                  0.01536216                  0.00121711                  0.00103401                  0.00083061 
                  0.01206133                  0.01743526                  0.01962249                  0.01856897                  0.01456338                  0.00115376                  0.00097989                  0.00078724 
                  0.01142538                  0.01651506                  0.01859663                  0.01760132                  0.01380315                  0.00109353                  0.00092847                  0.00074603 
                  0.01082119                  0.01563990                  0.01761944                  0.01667960                  0.01307990                  0.00103627                  0.00087964                  0.00070688 
                  0.01024733                  0.01480796                  0.01668916                  0.01580211                  0.01239208                  0.00098187                  0.00083326                  0.00066969 
                  0.00970240                  0.01401744                  0.01580402                  0.01496713                  0.01173819                  0.00093018                  0.00078923                  0.00063438 
                  0.00918508                  0.01326655                  0.01496226                  0.01417300                  0.01111677                  0.00088108                  0.00074743                  0.00060085 
                  0.00869407                  0.01255359                  0.01416214                  0.01341805                  0.01052639                  0.00083445                  0.00070775                  0.00056902 
                  0.00822814                  0.01187686                  0.01340195                  0.01270066                  0.00996568                  0.00079017                  0.00067010                  0.00053881 
                  0.00778610                  0.01123473                  0.01268001                  0.01201923                  0.00943329                  0.00074814                  0.00063437                  0.00051014 
                  0.00736682                  0.01062563                  0.01199465                  0.01137221                  0.00892793                  0.00070824                  0.00060047                  0.00048293 
                  0.00696919                  0.01004801                  0.01134428                  0.01075807                  0.00844836                  0.00067038                  0.00056831                  0.00045711 
                  0.00659219                  0.00950041                  0.01072732                  0.01017536                  0.00799337                  0.00063445                  0.00053780                  0.00043262 
                  0.00623479                  0.00898140                  0.01014226                  0.00962263                  0.00756181                  0.00060036                  0.00050887                  0.00040939 
                  0.00589606                  0.00848961                  0.00958762                  0.00909851                  0.00715255                  0.00056803                  0.00048143                  0.00038736 
                  0.00557506                  0.00802371                  0.00906197                  0.00860165                  0.00676455                  0.00053736                  0.00045542                  0.00036647 
                  0.00527093                  0.00758245                  0.00856393                  0.00813078                  0.00639676                  0.00050829                  0.00043076                  0.00034666 
                  0.00498282                  0.00716461                  0.00809219                  0.00768463                  0.00604821                  0.00048072                  0.00040738                  0.00032788 
                  0.00470994                  0.00676902                  0.00764546                  0.00726203                  0.00571796                  0.00045459                  0.00038522                  0.00031008 
                  0.00445153                  0.00639458                  0.00722252                  0.00686182                  0.00540510                  0.00042982                  0.00036423                  0.00029321 
                  0.00420685                  0.00604022                  0.00682218                  0.00648290                  0.00510877                  0.00040636                  0.00034434                  0.00027722 
                  0.00397521                  0.00570492                  0.00644332                  0.00612421                  0.00482815                  0.00038413                  0.00032549                  0.00026208 
                  0.00375595                  0.00538770                  0.00608486                  0.00578473                  0.00456246                  0.00036307                  0.00030765                  0.00024773 
                  0.00354844                  0.00508764                  0.00574577                  0.00546351                  0.00431093                  0.00034312                  0.00029074                  0.00023414 
                  0.00335208                  0.00480386                  0.00542504                  0.00515960                  0.00407285                  0.00032424                  0.00027474                  0.00022127 
                  0.00316629                  0.00453552                  0.00512175                  0.00487214                  0.00384754                  0.00030636                  0.00025959                  0.00020909 
                  0.00299052                  0.00428180                  0.00483498                  0.00460026                  0.00363434                  0.00028943                  0.00024525                  0.00019755 
                  0.00282427                  0.00404195                  0.00456388                  0.00434317                  0.00343264                  0.00027341                  0.00023167                  0.00018664 
                  0.00266703                  0.00381523                  0.00430763                  0.00410010                  0.00324183                  0.00025825                  0.00021883                  0.00017630 
                  0.00251833                  0.00360095                  0.00406545                  0.00387031                  0.00306136                  0.00024391                  0.00020668                  0.00016652 
                  0.00237773                  0.00339846                  0.00383660                  0.00365311                  0.00289069                  0.00023034                  0.00019518                  0.00015727 
                  0.00224480                  0.00320713                  0.00362037                  0.00344784                  0.00272930                  0.00021751                  0.00018431                  0.00014852 
                  0.00211914                  0.00302636                  0.00341608                  0.00325386                  0.00257671                  0.00020537                  0.00017402                  0.00014025 
                  0.00200036                  0.00285559                  0.00322311                  0.00307057                  0.00243246                  0.00019390                  0.00016430                  0.00013242 
                  0.00188810                  0.00269428                  0.00304084                  0.00289741                  0.00229611                  0.00018305                  0.00015511                  0.00012502 
                  0.00178202                  0.00254193                  0.00286870                  0.00273383                  0.00216724                  0.00017279                  0.00014642                  0.00011802 
                  0.00168178                  0.00239804                  0.00270614                  0.00257932                  0.00204545                  0.00016309                  0.00013820                  0.00011140 
                  0.00158706                  0.00226217                  0.00255264                  0.00243339                  0.00193036                  0.00015393                  0.00013044                  0.00010515 
                  0.00149759                  0.00213387                  0.00240771                  0.00229558                  0.00182163                  0.00014527                  0.00012310                  0.00009924 
                  0.00141306                  0.00201274                  0.00227089                  0.00216544                  0.00171891                  0.00013709                  0.00011617                  0.00009366 
                  0.00133323                  0.00189838                  0.00214173                  0.00204257                  0.00162187                  0.00012936                  0.00010962                  0.00008838 
                  0.00125783                  0.00179043                  0.00201981                  0.00192656                  0.00153021                  0.00012205                  0.00010343                  0.00008340 
                  0.00118662                  0.00168853                  0.00190474                  0.00181704                  0.00144364                  0.00011515                  0.00009758                  0.00007869 
                  0.00111938                  0.00159235                  0.00179613                  0.00171366                  0.00136189                  0.00010864                  0.00009206                  0.00007424 
                  0.00105589                  0.00150158                  0.00169364                  0.00161608                  0.00128469                  0.00010249                  0.00008685                  0.00007004 
                  0.00099594                  0.00141592                  0.00159693                  0.00152398                  0.00121180                  0.00009668                  0.00008192                  0.00006607 
                  0.00093935                  0.00133508                  0.00150567                  0.00143706                  0.00114298                  0.00009119                  0.00007728                  0.00006232 
                  0.00088593                  0.00125880                  0.00141957                  0.00135503                  0.00107801                  0.00008601                  0.00007289                  0.00005879 
                  0.00083551                  0.00118684                  0.00133833                  0.00127763                  0.00101668                  0.00008112                  0.00006874                  0.00005545 
                  0.00078791                  0.00111893                  0.00126169                  0.00120460                  0.00095879                  0.00007650                  0.00006483                  0.00005229 
                  0.00074300                  0.00105488                  0.00118940                  0.00113569                  0.00090415                  0.00007215                  0.00006114                  0.00004932 
                  0.00070061                  0.00099445                  0.00112120                  0.00107068                  0.00085258                  0.00006804                  0.00005766                  0.00004651 
                  0.00066061                  0.00093744                  0.00105688                  0.00100936                  0.00080392                  0.00006415                  0.00005437                  0.00004386 
                  0.00062286                  0.00088367                  0.00099621                  0.00095150                  0.00075800                  0.00006049                  0.00005126                  0.00004135 
                  0.00058725                  0.00083296                  0.00093899                  0.00089693                  0.00071467                  0.00005704                  0.00004833                  0.00003899 
                  0.00055365                  0.00078512                  0.00088502                  0.00084546                  0.00067378                  0.00005378                  0.00004557                  0.00003677 
                  0.00052195                  0.00074001                  0.00083413                  0.00079691                  0.00063521                  0.00005070                  0.00004296                  0.00003466 
                  0.00049205                  0.00069747                  0.00078614                  0.00075112                  0.00059883                  0.00004780                  0.00004050                  0.00003268 
                  0.00046384                  0.00065735                  0.00074089                  0.00070794                  0.00056450                  0.00004506                  0.00003818                  0.00003081 
                  0.00043723                  0.00061952                  0.00069822                  0.00066722                  0.00053212                  0.00004247                  0.00003599                  0.00002904 
                  0.00041214                  0.00058385                  0.00065799                  0.00062882                  0.00050158                  0.00004004                  0.00003393                  0.00002738 
                  0.00038847                  0.00055022                  0.00062006                  0.00059262                  0.00047278                  0.00003774                  0.00003198                  0.00002581 
                  0.00036615                  0.00051851                  0.00058430                  0.00055848                  0.00044561                  0.00003557                  0.00003014                  0.00002432 
                  0.00034510                  0.00048861                  0.00055059                  0.00052629                  0.00041999                  0.00003353                  0.00002841                  0.00002293 
                  0.00032524                  0.00046042                  0.00051880                  0.00049594                  0.00039583                  0.00003160                  0.00002678                  0.00002161 
                  0.00030653                  0.00043385                  0.00048884                  0.00046733                  0.00037305                  0.00002978                  0.00002524                  0.00002037 
                  0.00028887                  0.00040880                  0.00046060                  0.00044035                  0.00035156                  0.00002807                  0.00002378                  0.00001919 
                  0.00027223                  0.00038519                  0.00043398                  0.00041493                  0.00033131                  0.00002645                  0.00002241                  0.00001809 
                  0.00025654                  0.00036293                  0.00040889                  0.00039096                  0.00031221                  0.00002493                  0.00002112                  0.00001705 
                  0.00024175                  0.00034195                  0.00038523                  0.00036836                  0.00029420                  0.00002349                  0.00001991                  0.00001607 
                  0.00022780                  0.00032217                  0.00036294                  0.00034706                  0.00027722                  0.00002213                  0.00001876                  0.00001514 
                  0.00021465                  0.00030353                  0.00034193                  0.00032699                  0.00026122                  0.00002086                  0.00001767                  0.00001427 
                  0.00020226                  0.00028597                  0.00032213                  0.00030807                  0.00024613                  0.00001965                  0.00001665                  0.00001344 
                  0.00019057                  0.00026941                  0.00030347                  0.00029024                  0.00023191                  0.00001852                  0.00001569                  0.00001267 
                  0.00017956                  0.00025381                  0.00028589                  0.00027343                  0.00021851                  0.00001745                  0.00001479                  0.00001193 
                  0.00016918                  0.00023910                  0.00026932                  0.00025759                  0.00020587                  0.00001644                  0.00001393                  0.00001124 
                  0.00015939                  0.00022525                  0.00025370                  0.00024266                  0.00019396                  0.00001549                  0.00001312                  0.00001059 
                  0.00015017                  0.00021219                  0.00023898                  0.00022860                  0.00018273                  0.00001459                  0.00001237                  0.00000998 
                  0.00014148                  0.00019988                  0.00022512                  0.00021534                  0.00017215                  0.00001375                  0.00001165                  0.00000940 
                  0.00013329                  0.00018829                  0.00021205                  0.00020285                  0.00016218                  0.00001295                  0.00001098                  0.00000886 
                  0.00012557                  0.00017736                  0.00019974                  0.00019108                  0.00015279                  0.00001220                  0.00001034                  0.00000835 
                  0.00011829                  0.00016707                  0.00018814                  0.00017999                  0.00014393                  0.00001149                  0.00000974                  0.00000786 
                  0.00011144                  0.00015737                  0.00017721                  0.00016954                  0.00013559                  0.00001083                  0.00000918                  0.00000741 
                  0.00010498                  0.00014823                  0.00016691                  0.00015969                  0.00012772                  0.00001020                  0.00000864                  0.00000698 
                  0.00009889                  0.00013961                  0.00015721                  0.00015042                  0.00012031                  0.00000961                  0.00000814                  0.00000657 
                  0.00009315                  0.00013150                  0.00014807                  0.00014168                  0.00011333                  0.00000905                  0.00000767                  0.00000619 
                  0.00008774                  0.00012386                  0.00013946                  0.00013344                  0.00010675                  0.00000853                  0.00000722                  0.00000583 
                  0.00008265                  0.00011666                  0.00013135                  0.00012568                  0.00010055                  0.00000803                  0.00000681                  0.00000549 
                  0.00007785                  0.00010987                  0.00012371                  0.00011837                  0.00009471                  0.00000756                  0.00000641                  0.00000518 
                  0.00007333                  0.00010348                  0.00011651                  0.00011149                  0.00008921                  0.00000712                  0.00000604                  0.00000487 
                  0.00006907                  0.00009746                  0.00010973                  0.00010500                  0.00008402                  0.00000671                  0.00000569                  0.00000459 
                  0.00006505                  0.00009179                  0.00010334                  0.00009889                  0.00007914                  0.00000632                  0.00000536                  0.00000432 
                  0.00006127                  0.00008645                  0.00009732                  0.00009313                  0.00007453                  0.00000595                  0.00000504                  0.00000407 
                  0.00005771                  0.00008141                  0.00009165                  0.00008771                  0.00007020                  0.00000561                  0.00000475                  0.00000384 
