        0.00000000        0.00000000        0.00000000        0.00000000        0.00000000 
        0.00000000        0.00000000        0.00000000        0.00000000        0.00000000 
       -0.00000000       -0.00000000       -0.00000000        0.00000000        0.00000000 
        0.00000000        0.00000000       -0.00000000        0.00000000        0.00000000 
        0.00000000        0.00000000       -0.00000000        0.00000000        0.00000000 
        0.00000000       -0.00000000       -0.00000000        0.00000000        0.00000000 
        0.00000000       -0.00000000       -0.00000000        0.00000000        0.00000000 
       -0.00000000       -0.00000000       -0.00000000        0.00000000        0.00000000 
       -0.00000000       -0.00000000       -0.00000000        0.00000000        0.00000000 
       -0.00000000       -0.00000000       -0.00000000        0.00000000        0.00000000 
       -0.00000000       -0.00000000       -0.00000000        0.00000000        0.00000000 
       -0.00000000       -0.00000000       -0.00000000        0.00000000        0.00000000 
       -0.00000000       -0.00000000       -0.00000000        0.00000000        0.00000000 
       -0.00000000       -0.00000000       -0.00000000        0.00000000        0.00000000 
       -0.00000000       -0.00000000       -0.00000000        0.00000000        0.00000000 
       -0.00000000       -0.00000000       -0.00000000        0.00000000        0.00000000 
       -0.00000000       -0.00000000       -0.00000000        0.00000000        0.00000000 
       -0.00000000       -0.00000000       -0.00000000        0.00000000        0.00000000 
       -0.00000000       -0.00000000       -0.00000000        0.00000000        0.00000000 
       -0.00000000       -0.00000000       -0.00000000        0.00000000        0.00000000 
       -0.00000000       -0.00000000       -0.00000000        0.00000000        0.00000000 
       -0.00000000       -0.00000000       -0.00000000        0.00000000        0.00000000 
       -0.00000000       -0.00000000       -0.00000000        0.00000000        0.00000000 
       -0.00000000       -0.00000000       -0.00000000        0.00000000        0.00000000 
       -0.00000000       -0.00000000       -0.00000000        0.00000000        0.00000000 
       -0.00000000       -0.00000000       -0.00000000        0.00000000        0.00000000 
       -0.00000000       -0.00000000       -0.00000000        0.00000000        0.00000000 
       -0.00000000       -0.00000000       -0.00000000        0.00000000        0.00000000 
       -0.00000000       -0.00000000       -0.00000000        0.00000000        0.00000000 
       -0.00000000       -0.00000000       -0.00000000        0.00000000        0.00000000 
       -0.00000000       -0.00000000       -0.00000000        0.00000000        0.00000000 
       -0.00000000       -0.00000000       -0.00000000        0.00000000        0.00000000 
       -0.00000000       -0.00000000       -0.00000000        0.00000000        0.00000000 
       -0.00000000       -0.00000000       -0.00000000        0.00000000        0.00000000 
       -0.00000000       -0.00000000       -0.00000000        0.00000000        0.00000000 
       -0.00000000       -0.00000000       -0.00000000        0.00000000        0.00000000 
       -0.00000000       -0.00000000       -0.00000000        0.00000000        0.00000000 
       -0.00000000       -0.00000000       -0.00000000        0.00000000        0.00000000 
       -0.00000000       -0.00000000       -0.00000000        0.00000000        0.00000000 
       -0.00000000       -0.00000000       -0.00000000        0.00000000        0.00000000 
       -0.00000000       -0.00000000       -0.00000000        0.00000000        0.00000000 
       -0.00000000       -0.00000000       -0.00000000        0.00000000        0.00000000 
       -0.00000000       -0.00000000       -0.00000000        0.00000000        0.00000000 
       -0.00000000       -0.00000000       -0.00000000        0.00000000        0.00000000 
       -0.00000000       -0.00000000       -0.00000001        0.00000000        0.00000000 
       -0.00000000       -0.00000000       -0.00000001        0.00000001        0.00000000 
       -0.00000000       -0.00000000       -0.00000001        0.00000001        0.00000000 
       -0.00000000       -0.00000000       -0.00000001        0.00000001        0.00000000 
       -0.00000000       -0.00000000       -0.00000002        0.00000001        0.00000001 
       -0.00000000       -0.00000000       -0.00000002        0.00000002        0.00000001 
       -0.00000000       -0.00000000       -0.00000003        0.00000002        0.00000001 
       -0.00000000       -0.00000000       -0.00000003        0.00000003        0.00000001 
       -0.00000000       -0.00000000       -0.00000004        0.00000003        0.00000001 
       -0.00000000       -0.00000000       -0.00000005        0.00000004        0.00000002 
       -0.00000000       -0.00000001       -0.00000007        0.00000005        0.00000002 
       -0.00000000       -0.00000001       -0.00000008        0.00000006        0.00000003 
       -0.00000000       -0.00000001       -0.00000010        0.00000008        0.00000004 
       -0.00000001       -0.00000001       -0.00000013        0.00000010        0.00000005 
       -0.00000001       -0.00000002       -0.00000017        0.00000013        0.00000006 
       -0.00000001       -0.00000002       -0.00000021        0.00000016        0.00000007 
       -0.00000001       -0.00000003       -0.00000026        0.00000020        0.00000009 
       -0.00000002       -0.00000003       -0.00000033        0.00000026        0.00000012 
       -0.00000002       -0.00000004       -0.00000041        0.00000032        0.00000015 
       -0.00000002       -0.00000005       -0.00000051        0.00000040        0.00000019 
       -0.00000003       -0.00000007       -0.00000063        0.00000050        0.00000023 
       -0.00000004       -0.00000008       -0.00000079        0.00000062        0.00000029 
       -0.00000005       -0.00000010       -0.00000098        0.00000077        0.00000036 
       -0.00000006       -0.00000013       -0.00000122        0.00000095        0.00000045 
       -0.00000008       -0.00000016       -0.00000151        0.00000118        0.00000056 
       -0.00000010       -0.00000020       -0.00000187        0.00000146        0.00000070 
       -0.00000012       -0.00000025       -0.00000231        0.00000181        0.00000087 
       -0.00000015       -0.00000032       -0.00000284        0.00000223        0.00000108 
       -0.00000019       -0.00000039       -0.00000350        0.00000275        0.00000133 
       -0.00000023       -0.00000049       -0.00000431        0.00000338        0.00000164 
       -0.00000029       -0.00000061       -0.00000529        0.00000415        0.00000203 
       -0.00000036       -0.00000075       -0.00000649        0.00000509        0.00000250 
       -0.00000045       -0.00000093       -0.00000794        0.00000624        0.00000307 
       -0.00000055       -0.00000115       -0.00000971        0.00000763        0.00000377 
       -0.00000068       -0.00000142       -0.00001186        0.00000932        0.00000463 
       -0.00000085       -0.00000175       -0.00001445        0.00001136        0.00000566 
       -0.00000104       -0.00000216       -0.00001759        0.00001384        0.00000693 
       -0.00000128       -0.00000265       -0.00002138        0.00001682        0.00000845 
       -0.00000158       -0.00000325       -0.00002595        0.00002043        0.00001031 
       -0.00000194       -0.00000398       -0.00003144        0.00002476        0.00001255 
       -0.00000238       -0.00000486       -0.00003805        0.00002998        0.00001525 
       -0.00000291       -0.00000594       -0.00004597        0.00003624        0.00001852 
       -0.00000356       -0.00000724       -0.00005546        0.00004374        0.00002244 
       -0.00000434       -0.00000882       -0.00006682        0.00005272        0.00002716 
       -0.00000530       -0.00001072       -0.00008038        0.00006346        0.00003283 
       -0.00000645       -0.00001302       -0.00009655        0.00007626        0.00003962 
       -0.00000784       -0.00001579       -0.00011581        0.00009152        0.00004775 
       -0.00000951       -0.00001911       -0.00013870        0.00010968        0.00005746 
       -0.00001153       -0.00002311       -0.00016587        0.00013124        0.00006904 
       -0.00001395       -0.00002789       -0.00019808        0.00015682        0.00008285 
       -0.00001687       -0.00003363       -0.00023619        0.00018711        0.00009927 
       -0.00002036       -0.00004048       -0.00028123        0.00022293        0.00011878 
       -0.00002453       -0.00004866       -0.00033437        0.00026522        0.00014191 
       -0.00002953       -0.00005840       -0.00039696        0.00031508        0.00016931 
       -0.00003548       -0.00007000       -0.00047059        0.00037379        0.00020172 
       -0.00004258       -0.00008379       -0.00055706        0.00044279        0.00023998 
       -0.00005102       -0.00010012       -0.00065845        0.00052375        0.00028507 
       -0.00006102       -0.00011947       -0.00077715        0.00061861        0.00033813 
       -0.00007290       -0.00014235       -0.00091592        0.00072962        0.00040050 
       -0.00008697       -0.00016938       -0.00107790        0.00085932        0.00047372 
       -0.00010361       -0.00020126       -0.00126670        0.00101064        0.00055953 
       -0.00012326       -0.00023881       -0.00148641        0.00118692        0.00065996 
       -0.00014645       -0.00028297       -0.00174171        0.00139197        0.00077732 
       -0.00017376       -0.00033482       -0.00203791        0.00163012        0.00091426 
       -0.00020587       -0.00039563       -0.00238105        0.00190632        0.00107382 
       -0.00024358       -0.00046681       -0.00277794        0.00222614        0.00125944 
       -0.00028780       -0.00055003       -0.00323631        0.00259595        0.00147508 
       -0.00033957       -0.00064719       -0.00376489        0.00302289        0.00172522 
       -0.00040010       -0.00076042       -0.00437349        0.00351508        0.00201494 
       -0.00047076       -0.00089223       -0.00507317        0.00408164        0.00235002 
       -0.00055315       -0.00104540       -0.00587631        0.00473282        0.00273698 
       -0.00064904       -0.00122317       -0.00679684        0.00548017        0.00318319 
       -0.00076050       -0.00142913       -0.00785027        0.00633660        0.00369697 
       -0.00088987       -0.00166745       -0.00905400        0.00731657        0.00428767 
       -0.00103981       -0.00194278       -0.01042733        0.00843623        0.00496582 
       -0.00121333       -0.00226040       -0.01199181        0.00971361        0.00574321 
       -0.00141385       -0.00262628       -0.01377133        0.01116878        0.00663306 
       -0.00164524       -0.00304710       -0.01579233        0.01282397        0.00765011 
       -0.00191186       -0.00353044       -0.01808409        0.01470391        0.00881089 
       -0.00221863       -0.00408472       -0.02067898        0.01683597        0.01013373 
       -0.00257109       -0.00471947       -0.02361260        0.01925039        0.01163903 
       -0.00297551       -0.00544521       -0.02692409        0.02198049        0.01334947 
       -0.00343870       -0.00627388       -0.03065649        0.02506297        0.01529010 
       -0.00396863       -0.00721863       -0.03485683        0.02853822        0.01748874 
       -0.00457391       -0.00829402       -0.03957665        0.03245043        0.01997602 
       -0.00526434       -0.00951651       -0.04487208        0.03684812        0.02278569 
       -0.00605077       -0.01090407       -0.05080432        0.04178423        0.02595492 
       -0.00694525       -0.01247674       -0.05743974        0.04731646        0.02952445 
       -0.00796100       -0.01425639       -0.06485057        0.05350776        0.03353900 
       -0.00911298       -0.01626757       -0.07311475        0.06042641        0.03804745 
       -0.01041764       -0.01853704       -0.08231658        0.06814647        0.04310323 
       -0.01189291       -0.02109396       -0.09254676        0.07674807        0.04876448 
       -0.01355869       -0.02397066       -0.10390288        0.08631799        0.05509435 
       -0.01543707       -0.02720237       -0.11648983        0.09694947        0.06216170 
       -0.01755220       -0.03082758       -0.13041985        0.10874297        0.07004085 
       -0.01993001       -0.03488839       -0.14581263        0.12180647        0.07881233 
       -0.02259970       -0.03943002       -0.16279614        0.13625556        0.08856305 
       -0.02559292       -0.04450238       -0.18150628        0.15221375        0.09938639 
       -0.02894390       -0.05015922       -0.20208669        0.16981307        0.11138311 
       -0.03268993       -0.05645847       -0.22469091        0.18919390        0.12466103 
       -0.03687203       -0.06346250       -0.24947929        0.21050525        0.13933581 
       -0.04153419       -0.07123959       -0.27662230        0.23390591        0.15553093 
       -0.04672325       -0.07986140       -0.30629826        0.25956303        0.17337799 
       -0.05249166       -0.08940697       -0.33869410        0.28765339        0.19301713 
       -0.05889463       -0.09995842       -0.37400484        0.31836289        0.21459711 
       -0.06599283       -0.11160541       -0.41243577        0.35188740        0.23827535 
       -0.07384801       -0.12444282       -0.45419788        0.38843215        0.26421881 
       -0.08253098       -0.13857198       -0.49951124        0.42821157        0.29260290 
       -0.09211469       -0.15409994       -0.54860353        0.47144914        0.32361293 
       -0.10267711       -0.17114067       -0.60170937        0.51837790        0.35744321 
       -0.11430264       -0.18981361       -0.65906954        0.56924033        0.39429724 
       -0.12707949       -0.21024513       -0.72092962        0.62428570        0.43438697 
       -0.14110279       -0.23256969       -0.78754234        0.68377328        0.47793543 
       -0.15647125       -0.25692511       -0.85916424        0.74796975        0.52517247 
       -0.17329073       -0.28345871       -0.93605614        0.81714725        0.57633710 
       -0.19167376       -0.31232595       -1.01847935        0.89158690        0.63167810 
       -0.21173525       -0.34368181       -1.10669899        0.97157395        0.69145000 
       -0.23359919       -0.37769413       -1.20097589        1.05740011        0.75591612 
       -0.25739288       -0.41453218       -1.30158043        1.14935970        0.82534575 
       -0.28325367       -0.45437527       -1.40876913        1.24775124        0.90001655 
       -0.31131744       -0.49740505       -1.52280045        1.35287619        0.98020887 
       -0.34173393       -0.54381275       -1.64392757        1.46503568        1.06620979 
       -0.37465000       -0.59378338       -1.77240181        1.58453035        1.15830946 
       -0.41022301       -0.64751720       -1.90845490        1.71166086        1.25680041 
       -0.44861889       -0.70521736       -2.05232430        1.84672451        1.36197901 
       -0.48999691       -0.76707935       -2.20421982        1.99001551        1.47414136 
       -0.53453064       -0.83331680       -2.36435699        2.14182019        1.59358025 
       -0.58239365       -0.90412807       -2.53291988        2.30242038        1.72059441 
       -0.63376236       -0.97972679       -2.71008968        2.47208929        1.85547066 
       -0.68881989       -1.06031799       -2.89601707        2.65108585        1.99849653 
       -0.74775124       -1.14610863       -3.09085464        2.83966208        2.14995575 
       -0.81073952       -1.23729897       -3.29470444        3.03805304        2.31011868 
       -0.87797165       -1.33409500       -3.50767708        3.24648428        2.47925138 
       -0.94963455       -1.43669319       -3.72983360        3.46515751        2.65760708 
       -1.02591515       -1.54527855       -3.96123314        3.69426203        2.84542942 
       -1.10700607       -1.66005135       -4.20189095        3.93396282        3.04294872 
       -1.19308090       -1.78117752       -4.45179939        4.18440533        3.25038052 
       -1.28432846       -1.90882874       -4.71092987        4.44571495        3.46791410 
       -1.38093185       -2.04316711       -4.97921753        4.71799040        3.69573402 
       -1.48306084       -2.18434143       -5.25657082        5.00130844        3.93399906 
       -1.59087753       -2.33248520       -5.54286957        5.29571247        4.18285275 
       -1.70455933       -2.48773003       -5.83795547        5.60121822        4.44240284 
       -1.82425690       -2.65016937       -6.14164734        5.91782665        4.71274281 
       -1.95011520       -2.81990814       -6.45373154        6.24549294        4.99393559 
       -2.08226395       -2.99702072       -6.77395630        6.58415318        5.28602886 
       -2.22085571       -3.18156433       -7.10205460        6.93371010        5.58902836 
       -2.36599731       -3.37357712       -7.43771744        7.29401875        5.90292740 
       -2.51777649       -3.57308578       -7.78060913        7.66493130        6.22767162 
       -2.67629242       -3.78009033       -8.13037491        8.04625416        6.56318665 
       -2.84165192       -3.99456024       -8.48662186        8.43775272        6.90937519 
       -3.01387405       -4.21647263       -8.84894180        8.83918381        7.26609135 
       -3.19302368       -4.44573975       -9.21688843        9.25024128        7.63317394 
       -3.37913513       -4.68229294       -9.59001160        9.67062950        8.01042175 
       -3.57221603       -4.92601395       -9.96782684       10.09999084        8.39760590 
       -3.77226257       -5.17676926      -10.34984970       10.53794575        8.79446793 
       -3.97925186       -5.43441391      -10.73553848       10.98410130        9.20071030 
       -4.19313812       -5.69876099      -11.12439728       11.43802643        9.61602020 
       -4.41384888       -5.96958542      -11.51589203       11.89926338       10.04004478 
       -4.64131927       -6.24671936      -11.90944290       12.36733437       10.47241402 
       -4.87545013       -6.52986526      -12.30451965       12.84174728       10.91271782 
       -5.11607742       -6.81877136      -12.70059204       13.32199478       11.36052513 
       -5.36310577       -7.11315155      -13.09706497       13.80750465       11.81538582 
       -5.61634064       -7.41271210      -13.49340057       14.29775238       12.27682114 
       -5.87561035       -7.71709442      -13.88903046       14.79216766       12.74433517 
       -6.14070129       -8.02597809      -14.28343964       15.29017067       13.21741104 
       -6.41138458       -8.33900452      -14.67609406       15.79117012       13.69551659 
       -6.68743896       -8.65576172      -15.06645966       16.29457855       14.17809677 
       -6.96860504       -8.97591400      -15.45402527       16.79978752       14.66459846 
       -7.25456238       -9.29901886      -15.83832550       17.30620575       15.15443802 
       -7.54505157       -9.62471008      -16.21887207       17.81323433       15.64705086 
       -7.83975220       -9.95252228      -16.59520721       18.32025719       16.14183044 
       -8.13833618      -10.28202820      -16.96691132       18.82668686       16.63818741 
       -8.44042969      -10.61283112      -17.33359528       19.33193016       17.13554382 
       -8.74574280      -10.94445038      -17.69486237       19.83539963       17.63328743 
       -9.05384064      -11.27650452      -18.05035400       20.33654022       18.13082504 
       -9.36437988      -11.60850525      -18.39975739       20.83478928       18.62759018 
       -9.67699432      -11.94001770      -18.74278259       21.32960129       19.12298965 
       -9.99124146      -12.27066040      -19.07913208       21.82043839       19.61643600 
      -10.30677032      -12.59993744      -19.40863800       22.30680084       20.10739136 
      -10.62313080      -12.92745209      -19.73102570       22.78819466       20.59531021 
      -10.93994141      -13.25281525      -20.04615021       23.26416206       21.07964325 
      -11.25679016      -13.57559204      -20.35384369       23.73423386       21.55989456 
      -11.57328796      -13.89539337      -20.65403748       24.19797897       22.03554535 
      -11.88896179      -14.21187592      -20.94660187       24.65504074       22.50613403 
      -12.20346832      -14.52465820      -21.23149872       25.10499191       22.97121429 
      -12.51636505      -14.83337402      -21.50868225       25.54750443       23.43031311 
      -12.82730865      -15.13771057      -21.77816772       25.98224640       23.88306427 
      -13.13584137      -15.43731689      -22.03997803       26.40893173       24.32904816 
      -13.44164276      -15.73198700      -22.29412079       26.82726669       24.76792526 
      -13.74429321      -16.02134705      -22.54071808       27.23701859       25.19934082 
      -14.04347229      -16.30520630      -22.77984619       27.63796997       25.62299728 
      -14.33882904      -16.58326721      -23.01158142       28.02993011       26.03858948 
      -14.62999725      -16.85534668      -23.23611450       28.41270447       26.44588470 
      -14.91670227      -17.12128448      -23.45352173       28.78618240       26.84464645 
      -15.19858551      -17.38084412      -23.66402435       29.15023041       27.23466873 
      -15.47542572      -17.63391113      -23.86778259       29.50475311       27.61575699 
      -15.74687958      -17.88035583      -24.06497192       29.84970856       27.98777390 
      -16.01271820      -18.12001801      -24.25578308       30.18502808       28.35059357 
      -16.27272797      -18.35288239      -24.44041443       30.51067734       28.70411682 
      -16.52667236      -18.57882690      -24.61912537       30.82668304       29.04822922 
      -16.77436066      -18.79777527      -24.79206848       31.13307190       29.38290787 
      -17.01557922      -19.00977325      -24.95954132       31.42979813       29.70814133 
      -17.25019836      -19.21474457      -25.12168884       31.71704483       30.02386093 
      -17.47809601      -19.41269684      -25.27879333       31.99480820       30.33011246 
      -17.69909668      -19.60369110      -25.43106079       32.26317215       30.62693024 
      -17.91311646      -19.78768158      -25.57871246       32.52223969       30.91435242 
      -18.12007141      -19.96482849      -25.72193146       32.77217102       31.19242859 
      -18.31990051      -20.13508606      -25.86102295       33.01305771       31.46125031 
      -18.51255798      -20.29862213      -25.99607086       33.24503708       31.72093201 
      -18.69798279      -20.45546722      -26.12738800       33.46828079       31.97156906 
      -18.87619019      -20.60577393      -26.25513458       33.68295288       32.21329498 
      -19.04716492      -20.74958801      -26.37949371       33.88920212       32.44622421 
      -19.21091461      -20.88708496      -26.50070953       34.08722687       32.67052078 
      -19.36752319      -21.01835632      -26.61889648       34.27715683       32.88634109 
      -19.51697540      -21.14356995      -26.73423767       34.45924759       33.09385681 
      -19.65937805      -21.26284027      -26.84687042       34.63364792       33.29319382 
      -19.79476166      -21.37631226      -26.95699310       34.80056381       33.48461151 
      -19.92324066      -21.48413849      -27.06466675       34.96022034       33.66822052 
      -20.04492950      -21.58648682      -27.17013550       35.11273575       33.84425354 
      -20.15991211      -21.68354034      -27.27343750       35.25838089       34.01288986 
      -20.26830292      -21.77540588      -27.37475586       35.39733887       34.17430878 
      -20.37024689      -21.86230469      -27.47412872       35.52982712       34.32874298 
      -20.46586609      -21.94434357      -27.57167053       35.65597916       34.47634506 
      -20.55530548      -22.02171326      -27.66750336       35.77608871       34.61734772 
      -20.63871002      -22.09459686      -27.76166534       35.89026642       34.75193024 
      -20.71623230      -22.16310120      -27.85427856       35.99878311       34.88031769 
      -20.78804779      -22.22744751      -27.94538116       36.10174179       35.00266266 
      -20.85428619      -22.28774261      -28.03504181       36.19938660       35.11918640 
      -20.91514587      -22.34416199      -28.12329865       36.29188156       35.23008347 
      -20.97078705      -22.39688110      -28.21019745       36.37944794       35.33552933 
      -21.02140808      -22.44600677      -28.29579163       36.46220779       35.43575287 
      -21.06711578      -22.49171448      -28.38012695       36.54037094       35.53088760 
      -21.10813141      -22.53411102      -28.46321106       36.61408234       35.62113190 
      -21.14459229      -22.57340240      -28.54508209       36.68353271       35.70662308 
      -21.17670441      -22.60968781      -28.62576294       36.74884415       35.78760529 
      -21.20460510      -22.64308167      -28.70521545       36.81019592       35.86419296 
      -21.22852325      -22.67369080      -28.78356934       36.86775208       35.93657303 
      -21.24855804      -22.70174408      -28.86073303       36.92161560       36.00487137 
      -21.26491547      -22.72724152      -28.93675995       36.97199249       36.06929398 
      -21.27775574      -22.75034332      -29.01166534       37.01896667       36.12993622 
      -21.28720856      -22.77117920      -29.08541107       37.06269073       36.18697739 
      -21.29347229      -22.78982544      -29.15805054       37.10326767       36.24053192 
      -21.29667664      -22.80637360      -29.22955322       37.14085388       36.29076385 
      -21.29695892      -22.82095337      -29.29991150       37.17553711       36.33775711 
      -21.29448700      -22.83367157      -29.36914825       37.20747757       36.38169098 
      -21.28939819      -22.84455109      -29.43724060       37.23672867       36.42265701 
      -21.28182983      -22.85372162      -29.50420380       37.26345062       36.46077347 
      -21.27189636      -22.86126709      -29.57003021       37.28770447       36.49615479 
      -21.25975037      -22.86725616      -29.63473511       37.30957413       36.52891159 
      -21.24552155      -22.87178040      -29.69827271       37.32921600       36.55915451 
      -21.22930145      -22.87486267      -29.76065826       37.34667206       36.58695221 
      -21.21120453      -22.87660217      -29.82189941       37.36203384       36.61244202 
      -21.19135284      -22.87705231      -29.88202667       37.37540436       36.63567734 
      -21.16986084      -22.87634277      -29.94097900       37.38684845       36.65676880 
      -21.14681244      -22.87442017      -29.99877930       37.39643097       36.67580414 
      -21.12233734      -22.87141418      -30.05542755       37.40423965       36.69284058 
      -21.09648132      -22.86732483      -30.11091614       37.41036606       36.70797729 
      -21.06933594      -22.86226654      -30.16526031       37.41481018       36.72129059 
      -21.04105377      -22.85623169      -30.21846771       37.41768265       36.73281860 
      -21.01161957      -22.84925842      -30.27047729       37.41906357       36.74266052 
      -20.98120117      -22.84140015      -30.32138824       37.41899109       36.75087738 
      -20.94981384      -22.83275604      -30.37113190       37.41752243       36.75753021 
      -20.91754150      -22.82331085      -30.41977692       37.41467667       36.76264572 
      -20.88442993      -22.81310272      -30.46725464       37.41056442       36.76633835 
      -20.85057831      -22.80219269      -30.51360321       37.40522385       36.76863098 
      -20.81600189      -22.79056549      -30.55885315       37.39862442       36.76956558 
      -20.78081512      -22.77829742      -30.60297394       37.39093399       36.76921844 
      -20.74501801      -22.76541138      -30.64601135       37.38209915       36.76762772 
      -20.70867157      -22.75191498      -30.68794250       37.37220383       36.76481247 
      -20.67182922      -22.73785400      -30.72876740       37.36125565       36.76083755 
      -20.63452148      -22.72324371      -30.76853180       37.34935379       36.75574875 
      -20.59683990      -22.70808411      -30.80725098       37.33648682       36.74958420 
      -20.55873108      -22.69244385      -30.84488678       37.32270432       36.74237823 
      -20.52033997      -22.67631531      -30.88144684       37.30798340       36.73416901 
      -20.48158264      -22.65975189      -30.91702271       37.29247284       36.72502136 
      -20.44261932      -22.64271545      -30.95155334       37.27610397       36.71490097 
      -20.40338135      -22.62525940      -30.98504639       37.25895691       36.70390701 
      -20.36392212      -22.60740662      -31.01755524       37.24102402       36.69200516 
      -20.32430267      -22.58917999      -31.04907990       37.22236252       36.67930222 
      -20.28452301      -22.57055664      -31.07962036       37.20298004       36.66574478 
      -20.24456024      -22.55162811      -31.10921478       37.18291473       36.65142441 
      -20.20451355      -22.53230286      -31.13782501       37.16215897       36.63633728 
      -20.16436768      -22.51267242      -31.16550446       37.14079285       36.62051010 
      -20.12412262      -22.49272156      -31.19226837       37.11877823       36.60396194 
      -20.08382416      -22.47248840      -31.21810913       37.09617615       36.58674622 
      -20.04344940      -22.45194244      -31.24308014       37.07300186       36.56885529 
      -20.00308228      -22.43112946      -31.26713562       37.04924011       36.55030060 
      -19.96266937      -22.41003418      -31.29033661       37.02496719       36.53113556 
      -19.92226410      -22.38872528      -31.31267548       37.00012970       36.51135254 
      -19.88186646      -22.36714172      -31.33414459       36.97480392       36.49100113 
      -19.84148407      -22.34534454      -31.35482025       36.94900131       36.47007370 
      -19.80112457      -22.32331085      -31.37466431       36.92270660       36.44857025 
      -19.76078033      -22.30104065      -31.39369202       36.89594650       36.42656326 
      -19.72050476      -22.27857208      -31.41193771       36.86875534       36.40402603 
      -19.68025970      -22.25590515      -31.42940521       36.84114075       36.38097000 
      -19.64007568      -22.23303223      -31.44610214       36.81309509       36.35744476 
      -19.59999084      -22.20999146      -31.46204376       36.78465652       36.33341980 
      -19.55995178      -22.18676758      -31.47724152       36.75582123       36.30895615 
      -19.52000427      -22.16339111      -31.49174118       36.72659302       36.28403854 
      -19.48010254      -22.13980484      -31.50550079       36.69701004       36.25870132 
      -19.44033051      -22.11610413      -31.51857376       36.66707230       36.23292923 
      -19.40062332      -22.09222412      -31.53096771       36.63678741       36.20675278 
      -19.36100769      -22.06821442      -31.54266357       36.60617447       36.18018341 
      -19.32149124      -22.04407501      -31.55369568       36.57524490       36.15322495 
      -19.28209686      -22.01978302      -31.56410599       36.54400635       36.12590027 
      -19.24279785      -21.99536514      -31.57384872       36.51245499       36.09819031 
      -19.20360947      -21.97081757      -31.58297348       36.48061371       36.07014465 
      -19.16452026      -21.94616318      -31.59143066       36.44849396       36.04174042 
      -19.12553406      -21.92140198      -31.59933472       36.41609955       36.01300430 
      -19.08669281      -21.89651871      -31.60663986       36.38344193       35.98397064 
      -19.04793549      -21.87152481      -31.61336517       36.35052490       35.95459747 
      -19.00931168      -21.84643936      -31.61951065       36.31735992       35.92495728 
      -18.97079849      -21.82125092      -31.62510300       36.28394699       35.89500046 
      -18.93241501      -21.79598999      -31.63014221       36.25032806       35.86475372 
      -18.89415359      -21.77063370      -31.63463593       36.21646500       35.83423233 
      -18.85602188      -21.74519348      -31.63860321       36.18238449       35.80344009 
      -18.81799316      -21.71966553      -31.64204025       36.14809799       35.77238846 
      -18.78008270      -21.69407272      -31.64499283       36.11362457       35.74107742 
      -18.74233246      -21.66839981      -31.64744568       36.07893753       35.70952988 
      -18.70468903      -21.64265060      -31.64940262       36.04406738       35.67773056 
      -18.66716385      -21.61685181      -31.65087891       36.00903702       35.64569473 
      -18.62977982      -21.59098053      -31.65190125       35.97379684       35.61344147 
      -18.59250641      -21.56505966      -31.65245819       35.93840790       35.58097458 
      -18.55538177      -21.53907776      -31.65256882       35.90284729       35.54830170 
      -18.51835632      -21.51304626      -31.65222931       35.86714554       35.51541901 
      -18.48147964      -21.48696899      -31.65146255       35.83127975       35.48235703 
      -18.44470215      -21.46084595      -31.65025330       35.79527283       35.44908142 
      -18.40806580      -21.43466568      -31.64865494       35.75910950       35.41563416 
      -18.37155151      -21.40845108      -31.64662552       35.72284698       35.38199997 
      -18.33515930      -21.38220978      -31.64422607       35.68644333       35.34819031 
      -18.29891968      -21.35590363      -31.64142227       35.64991760       35.31422424 
      -18.26279068      -21.32958984      -31.63825226       35.61327362       35.28009796 
      -18.22678375      -21.30322647      -31.63470078       35.57652283       35.24580383 
      -18.19089890      -21.27685547      -31.63079071       35.53965759       35.21137619 
      -18.15514755      -21.25046158      -31.62651062       35.50269318       35.17678833 
      -18.11952209      -21.22404099      -31.62188339       35.46563339       35.14206696 
      -18.08401489      -21.19759750      -31.61692810       35.42848206       35.10722351 
      -18.04864120      -21.17112350      -31.61162567       35.39123535       35.07223511 
      -18.01338959      -21.14464569      -31.60599899       35.35391998       35.03712463 
      -17.97826385      -21.11816406      -31.60003662       35.31650543       35.00189590 
      -17.94325638      -21.09166718      -31.59377289       35.27903748       34.96657181 
      -17.90839767      -21.06516266      -31.58720779       35.24149323       34.93112183 
      -17.87365723      -21.03863907      -31.58033752       35.20388031       34.89557266 
      -17.83902740      -21.01212311      -31.57318497       35.16619110       34.85991669 
      -17.80451584      -20.98559189      -31.56573486       35.12846375       34.82418060 
      -17.77014923      -20.95907593      -31.55801773       35.09067535       34.78835297 
      -17.73590469      -20.93256378      -31.55002975       35.05284119       34.75242615 
      -17.70177078      -20.90603638      -31.54174805       35.01495743       34.71643066 
      -17.66776276      -20.87951660      -31.53322220       34.97702789       34.68035126 
      -17.63388443      -20.85300064      -31.52444077       34.93906784       34.64420319 
      -17.60012054      -20.82651520      -31.51541138       34.90107346       34.60797882 
      -17.56648636      -20.80002975      -31.50613785       34.86304474       34.57169342 
      -17.53298569      -20.77356720      -31.49663544       34.82498932       34.53534698 
      -17.49958801      -20.74709702      -31.48688889       34.78691864       34.49893951 
      -17.46631622      -20.72065735      -31.47692871       34.74881744       34.46247864 
      -17.43316650      -20.69422913      -31.46672630       34.71070099       34.42598724 
      -17.40015030      -20.66782379      -31.45633125       34.67257690       34.38943863 
      -17.36724854      -20.64143372      -31.44570541       34.63442612       34.35284042 
      -17.33447266      -20.61506653      -31.43488503       34.59627914       34.31620789 
      -17.30179977      -20.58872986      -31.42387581       34.55813599       34.27953720 
      -17.26925659      -20.56240082      -31.41267204       34.51997375       34.24283218 
      -17.23683929      -20.53611755      -31.40125847       34.48182678       34.20611572 
      -17.20455170      -20.50986099      -31.38966751       34.44367981       34.16936493 
      -17.17237091      -20.48362350      -31.37790871       34.40554047       34.13259125 
      -17.14032745      -20.45741653      -31.36597061       34.36740875       34.09579468 
      -17.10839844      -20.43125153      -31.35384178       34.32929611       34.05899048 
      -17.07658005      -20.40512085      -31.34156609       34.29120255       34.02216721 
      -17.04488373      -20.37902832      -31.32912636       34.25312042       33.98534393 
      -17.01332092      -20.35298157      -31.31652069       34.21506882       33.94850922 
      -16.98187256      -20.32695007      -31.30377388       34.17702484       33.91167450 
      -16.95053482      -20.30096436      -31.29086876       34.13901901       33.87484360 
      -16.91932297      -20.27502060      -31.27782822       34.10104370       33.83801270 
      -16.88823318      -20.24912453      -31.26463127       34.06310654       33.80118561 
      -16.85725403      -20.22327232      -31.25130653       34.02519989       33.76437759 
      -16.82639313      -20.19745255      -31.23785019       33.98731995       33.72757721 
      -16.79566574      -20.17170143      -31.22426605       33.94947815       33.69078064 
      -16.76505280      -20.14597702      -31.21055222       33.91168976       33.65400696 
      -16.73457336      -20.12030029      -31.19672012       33.87393188       33.61726379 
      -16.70420074      -20.09466934      -31.18276596       33.83623505       33.58053207 
      -16.67394447      -20.06909752      -31.16870499       33.79857254       33.54382324 
      -16.64381027      -20.04356956      -31.15452194       33.76097107       33.50714874 
      -16.61380196      -20.01810074      -31.14025116       33.72342682       33.47050476 
      -16.58390045      -19.99267960      -31.12585068       33.68592834       33.43388367 
      -16.55413246      -19.96731186      -31.11137390       33.64847565       33.39730453 
      -16.52446747      -19.94200706      -31.09678268       33.61109161       33.36076355 
      -16.49493027      -19.91674423      -31.08212280       33.57377625       33.32424927 
      -16.46552277      -19.89155388      -31.06736374       33.53650665       33.28778839 
      -16.43622017      -19.86641312      -31.05250359       33.49931335       33.25136948 
      -16.40704155      -19.84133339      -31.03757477       33.46218109       33.21500015 
      -16.37798309      -19.81631660      -31.02256393       33.42512131       33.17867279 
      -16.34903717      -19.79135704      -31.00747681       33.38813019       33.14238739 
      -16.32021523      -19.76646614      -30.99231148       33.35120392       33.10616302 
      -16.29150581      -19.74162102      -30.97706795       33.31436157       33.06999588 
      -16.26292229      -19.71685410      -30.96175385       33.27758026       33.03388214 
      -16.23445320      -19.69214630      -30.94638443       33.24089050       32.99782562 
      -16.20609665      -19.66750145      -30.93095016       33.20426941       32.96182251 
      -16.17786980      -19.64292526      -30.91544914       33.16772461       32.92588806 
      -16.14975357      -19.61840057      -30.89988899       33.13126755       32.89001465 
      -16.12175751      -19.59396172      -30.88426971       33.09489059       32.85420227 
      -16.09387779      -19.56958961      -30.86859512       33.05859375       32.81845856 
      -16.06612778      -19.54527283      -30.85288429       33.02239227       32.78278351 
      -16.03848648      -19.52103806      -30.83712196       32.98627472       32.74718094 
      -16.01096535      -19.49687386      -30.82130051       32.95023346       32.71164703 
      -15.98355675      -19.47277069      -30.80543709       32.91428375       32.67618561 
      -15.95626831      -19.44874763      -30.78953743       32.87843323       32.64079666 
      -15.92909241      -19.42478561      -30.77359962       32.84267426       32.60549164 
      -15.90204430      -19.40090370      -30.75761986       32.80701065       32.57025909 
      -15.87509727      -19.37709236      -30.74160194       32.77143860       32.53510666 
      -15.84828186      -19.35335732      -30.72556496       32.73596191       32.50003815 
      -15.82158089      -19.32969666      -30.70949173       32.70058441       32.46504211 
      -15.79499435      -19.30610085      -30.69338989       32.66530609       32.43014145 
      -15.76852608      -19.28259468      -30.67726326       32.63011551       32.39532471 
      -15.74217415      -19.25916100      -30.66111374       32.59503174       32.36058807 
      -15.71593857      -19.23579025      -30.64494324       32.56005859       32.32595062 
      -15.68982315      -19.21250534      -30.62874794       32.52517700       32.29138947 
      -15.66382790      -19.18930244      -30.61253738       32.49040222       32.25692749 
      -15.63793564      -19.16617203      -30.59630775       32.45573807       32.22255707 
      -15.61216927      -19.14311981      -30.58005905       32.42117310       32.18827438 
      -15.58652115      -19.12015533      -30.56381035       32.38671112       32.15408707 
      -15.56098175      -19.09725761      -30.54754257       32.35235977       32.11999130 
      -15.53555870      -19.07444000      -30.53126335       32.31812286       32.08599854 
      -15.51026249      -19.05170631      -30.51498032       32.28399277       32.05210114 
      -15.48507977      -19.02905273      -30.49868774       32.24996948       32.01829529 
      -15.46000576      -19.00647354      -30.48238182       32.21606445       31.98459625 
      -15.43504715      -18.98398590      -30.46608353       32.18226242       31.95099068 
      -15.41020679      -18.96157455      -30.44977951       32.14858246       31.91749573 
      -15.38548374      -18.93924332      -30.43348122       32.11500931       31.88409615 
      -15.36087036      -18.91699600      -30.41719055       32.08155060       31.85080147 
      -15.33637428      -18.89483070      -30.40089035       32.04821014       31.81760788 
      -15.31198978      -18.87274742      -30.38459587       32.01498032       31.78452682 
      -15.28772449      -18.85074997      -30.36830521       31.98186874       31.75153732 
      -15.26357651      -18.82883263      -30.35202980       31.94887543       31.71866226 
      -15.23953342      -18.80700111      -30.33576012       31.91600037       31.68589401 
      -15.21561050      -18.78524780      -30.31949806       31.88323975       31.65322876 
      -15.19180393      -18.76358795      -30.30324745       31.85059738       31.62067795 
      -15.16810608      -18.74201202      -30.28700447       31.81808090       31.58823395 
      -15.14451790      -18.72051811      -30.27078056       31.78568268       31.55590439 
      -15.12104988      -18.69911194      -30.25457001       31.75339890       31.52368355 
      -15.09769249      -18.67779350      -30.23837662       31.72124100       31.49158096 
      -15.07444668      -18.65655518      -30.22219276       31.68919754       31.45958710 
      -15.05131721      -18.63540840      -30.20603943       31.65728569       31.42770386 
      -15.02830315      -18.61434364      -30.18989182       31.62548828       31.39593887 
      -15.00539207      -18.59336662      -30.17378235       31.59381104       31.36428070 
      -14.98260021      -18.57246971      -30.15768051       31.56226730       31.33274460 
      -14.95992088      -18.55166054      -30.14161110       31.53083801       31.30132294 
      -14.93735504      -18.53094101      -30.12555695       31.49953461       31.27001572 
      -14.91490269      -18.51030540      -30.10952950       31.46836090       31.23881912 
      -14.89255619      -18.48974609      -30.09353256       31.43731308       31.20774841 
      -14.87031937      -18.46928978      -30.07755470       31.40638351       31.17679596 
      -14.84819984      -18.44891739      -30.06160927       31.37558365       31.14596176 
      -14.82618713      -18.42863464      -30.04569817       31.34490204       31.11524200 
      -14.80428314      -18.40843582      -30.02980614       31.31435585       31.08464050 
      -14.78249168      -18.38832474      -30.01394463       31.28392982       31.05416298 
      -14.76081276      -18.36830139      -29.99811172       31.25363731       31.02379608 
      -14.73923874      -18.34836769      -29.98232269       31.22346115       30.99355698 
      -14.71777534      -18.32852173      -29.96655464       31.19342041       30.96343994 
      -14.69642258      -18.30875969      -29.95082474       31.16350555       30.93344116 
      -14.67518044      -18.28908157      -29.93513298       31.13372040       30.90356636 
      -14.65404510      -18.26950264      -29.91946602       31.10406494       30.87380981 
      -14.63301277      -18.25000763      -29.90384865       31.07453156       30.84417343 
      -14.61209488      -18.23060226      -29.88825798       31.04512787       30.81466293 
      -14.59128857      -18.21128273      -29.87270737       31.01585007       30.78527260 
      -14.57058811      -18.19204712      -29.85719299       30.98669815       30.75600815 
      -14.54999352      -18.17290497      -29.84171677       30.95768547       30.72686386 
      -14.52950478      -18.15384293      -29.82629013       30.92879295       30.69784164 
      -14.50912189      -18.13487625      -29.81090164       30.90003204       30.66894531 
      -14.48885155      -18.11599922      -29.79555130       30.87139511       30.64016724 
      -14.46868610      -18.09720612      -29.78023338       30.84288788       30.61152267 
      -14.44862175      -18.07850075      -29.76496696       30.81451225       30.58299637 
      -14.42866516      -18.05988693      -29.74974251       30.78626823       30.55459213 
      -14.40881920      -18.04135895      -29.73455429       30.75815201       30.52631760 
      -14.38907528      -18.02292252      -29.71941185       30.73016167       30.49816704 
      -14.36943626      -18.00456238      -29.70431137       30.70230865       30.47014046 
      -14.34990406      -17.98630524      -29.68926239       30.67458153       30.44223785 
      -14.33047485      -17.96813202      -29.67425728       30.64698410       30.41445923 
      -14.31114864      -17.95004463      -29.65929604       30.61950874       30.38681030 
      -14.29192638      -17.93204308      -29.64438057       30.59217072       30.35927963 
      -14.27281284      -17.91412544      -29.62951469       30.56495476       30.33187675 
      -14.25379467      -17.89630127      -29.61469269       30.53787613       30.30460358 
      -14.23488426      -17.87856102      -29.59992027       30.51091957       30.27744675 
      -14.21608353      -17.86091232      -29.58519554       30.48409653       30.25041962 
      -14.19737911      -17.84334183      -29.57051659       30.45739937       30.22352219 
      -14.17877483      -17.82587051      -29.55588722       30.43083191       30.19674301 
      -14.16027546      -17.80847740      -29.54130936       30.40439606       30.17008400 
      -14.14187908      -17.79117203      -29.52677345       30.37808228       30.14356232 
      -14.12358284      -17.77395821      -29.51229095       30.35190201       30.11715889 
      -14.10538292      -17.75682449      -29.49785805       30.32585144       30.09088516 
      -14.08728790      -17.73978233      -29.48347855       30.29992485       30.06473160 
      -14.06929398      -17.72282410      -29.46915436       30.27412796       30.03870583 
      -14.05139732      -17.70595169      -29.45487213       30.24845886       30.01280403 
      -14.03360367      -17.68916321      -29.44064903       30.22291565       29.98703384 
      -14.01590538      -17.67246437      -29.42647552       30.19750214       29.96138000 
      -13.99831009      -17.65585327      -29.41234970       30.17221451       29.93585587 
      -13.98081112      -17.63932610      -29.39828491       30.14705849       29.91045761 
      -13.96341133      -17.62288094      -29.38426590       30.12202072       29.88517761 
      -13.94610786      -17.60652542      -29.37030029       30.09711838       29.86003113 
      -13.92890263      -17.59025574      -29.35639191       30.07234001       29.83500099 
      -13.91179943      -17.57406616      -29.34253693       30.04768562       29.81009674 
      -13.89478970      -17.55796242      -29.32873154       30.02316284       29.78532028 
      -13.87787628      -17.54194641      -29.31498146       29.99876213       29.76066971 
      -13.86105824      -17.52601433      -29.30128288       29.97449112       29.73613548 
      -13.84433937      -17.51016045      -29.28764343       29.95034218       29.71173096 
      -13.82771492      -17.49439621      -29.27405167       29.92631912       29.68744659 
      -13.81118679      -17.47871208      -29.26052094       29.90242577       29.66328430 
      -13.79475307      -17.46311760      -29.24704361       29.87865639       29.63924599 
      -13.77841282      -17.44760323      -29.23362160       29.85500717       29.61532974 
      -13.76216888      -17.43217087      -29.22025299       29.83148766       29.59153938 
      -13.74601841      -17.41682434      -29.20693970       29.80808830       29.56786919 
      -13.72996140      -17.40156174      -29.19368362       29.78481674       29.54432487 
      -13.71399689      -17.38637733      -29.18048286       29.76166534       29.52089691 
      -13.69812489      -17.37127686      -29.16733551       29.73863792       29.49759293 
      -13.68234825      -17.35625839      -29.15424728       29.71573639       29.47441483 
      -13.66666412      -17.34132385      -29.14121437       29.69295692       29.45135307 
      -13.65106964      -17.32646942      -29.12823486       29.67029953       29.42841721 
      -13.63556576      -17.31169891      -29.11531639       29.64776230       29.40560341 
      -13.62015343      -17.29700661      -29.10245132       29.62535286       29.38290405 
      -13.60483456      -17.28239822      -29.08964729       29.60305977       29.36032867 
      -13.58960152      -17.26786995      -29.07689285       29.58089066       29.33787155 
      -13.57446098      -17.25342178      -29.06419754       29.55884171       29.31553650 
      -13.55941010      -17.23905563      -29.05155563       29.53691483       29.29331970 
      -13.54444885      -17.22476578      -29.03897476       29.51510620       29.27122688 
      -13.52957630      -17.21055984      -29.02644920       29.49341774       29.24924469 
      -13.51478863      -17.19643211      -29.01398087       29.47185135       29.22739029 
      -13.50009346      -17.18238449      -29.00156784       29.45040131       29.20565033 
      -13.48548412      -17.16841507      -28.98921585       29.42907333       29.18403053 
      -13.47096348      -17.15452576      -28.97691727       29.40785980       29.16252518 
      -13.45653057      -17.14071274      -28.96467590       29.38676453       29.14114189 
      -13.44218445      -17.12698364      -28.95249176       29.36579132       29.11987114 
      -13.42792606      -17.11332703      -28.94036484       29.34493637       29.09871674 
      -13.41374874      -17.09974670      -28.92829323       29.32419395       29.07767868 
      -13.39966011      -17.08624840      -28.91627884       29.30356979       29.05675888 
      -13.38565636      -17.07282257      -28.90432358       29.28306580       29.03595352 
      -13.37173653      -17.05947876      -28.89242554       29.26267242       29.01526833 
      -13.35790539      -17.04621124      -28.88058472       29.24239731       28.99469376 
      -13.34415340      -17.03301620      -28.86879921       29.22223854       28.97423553 
      -13.33048725      -17.01990128      -28.85707283       29.20219421       28.95389557 
      -13.31690502      -17.00685883      -28.84540367       29.18226624       28.93366814 
      -13.30340767      -16.99389648      -28.83379364       29.16245270       28.91355133 
      -13.28999043      -16.98100853      -28.82223129       29.14274788       28.89355087 
      -13.27665615      -16.96819687      -28.81072998       29.12316132       28.87366104 
      -13.26340294      -16.95545959      -28.79928780       29.10368729       28.85388565 
      -13.25023365      -16.94279480      -28.78790092       29.08432579       28.83422852 
      -13.23714447      -16.93020439      -28.77657127       29.06507492       28.81468010 
      -13.22413540      -16.91768837      -28.76530075       29.04593086       28.79524231 
      -13.21120739      -16.90524673      -28.75408363       29.02690506       28.77591515 
      -13.19836044      -16.89287949      -28.74292183       29.00798607       28.75669861 
      -13.18559074      -16.88058472      -28.73181725       28.98918152       28.73759651 
      -13.17290306      -16.86836243      -28.72077179       28.97048378       28.71859932 
      -13.16029358      -16.85621262      -28.70977592       28.95189667       28.69971466 
      -13.14776421      -16.84413528      -28.69884300       28.93342400       28.68093872 
      -13.13531208      -16.83213043      -28.68796539       28.91505241       28.66227341 
      -13.12293625      -16.82019424      -28.67714119       28.89679337       28.64371872 
      -13.11063862      -16.80833244      -28.66637802       28.87864113       28.62526703 
      -13.09841919      -16.79654312      -28.65566254       28.86059952       28.60692406 
      -13.08627796      -16.78482056      -28.64500809       28.84266281       28.58869171 
      -13.07421112      -16.77317047      -28.63441086       28.82483673       28.57056236 
