                  0.00000176                  0.00000176                  0.00000176                  0.00000176                  0.00000018                  0.00000018                  0.00000018                  0.00000018                  0.00000018                  0.00000018 
                  0.00000363                  0.00000363                  0.00000036                  0.00000036                  0.00000036 
                  0.00000560                  0.00000566                  0.00000050                  0.00000055                  0.00000055 
                  0.00000770                  0.00000786                  0.00000063                  0.00000073                  0.00000076 
                  0.00000995                  0.00001024                  0.00000077                  0.00000091                  0.00000096 
                  0.00001235                  0.00001282                  0.00000091                  0.00000109                  0.00000115 
                  0.00001494                  0.00001555                  0.00000112                  0.00000128                  0.00000135 
                  0.00001772                  0.00001848                  0.00000137                  0.00000147                  0.00000156 
                  0.00002074                  0.00002164                  0.00000160                  0.00000174                  0.00000178 
                  0.00002400                  0.00002505                  0.00000183                  0.00000201                  0.00000206 
                  0.00002756                  0.00002876                  0.00000209                  0.00000229                  0.00000238 
                  0.00003144                  0.00003279                  0.00000237                  0.00000263                  0.00000272 
                  0.00003567                  0.00003719                  0.00000270                  0.00000298                  0.00000308 
                  0.00004030                  0.00004200                  0.00000304                  0.00000336                  0.00000348 
                  0.00004537                  0.00004727                  0.00000342                  0.00000378                  0.00000391 
                  0.00005093                  0.00005304                  0.00000384                  0.00000425                  0.00000439 
                  0.00005703                  0.00005937                  0.00000430                  0.00000475                  0.00000491 
                  0.00006372                  0.00006631                  0.00000480                  0.00000530                  0.00000548 
                  0.00007107                  0.00007394                  0.00000536                  0.00000592                  0.00000610 
                  0.00007913                  0.00008231                  0.00000596                  0.00000658                  0.00000679 
                  0.00008799                  0.00009151                  0.00000663                  0.00000732                  0.00000755 
                  0.00009771                  0.00010160                  0.00000736                  0.00000813                  0.00000839 
                  0.00010839                  0.00011269                  0.00000817                  0.00000902                  0.00000930 
                  0.00012011                  0.00012487                  0.00000905                  0.00000999                  0.00001030 
                  0.00013299                  0.00013824                  0.00001002                  0.00001106                  0.00001141 
                  0.00014711                  0.00015291                  0.00001109                  0.00001223                  0.00001261 
                  0.00016260                  0.00016900                  0.00001226                  0.00001352                  0.00001394 
                  0.00017960                  0.00018665                  0.00001354                  0.00001493                  0.00001539 
                  0.00019822                  0.00020600                  0.00001494                  0.00001647                  0.00001698 
                  0.00021863                  0.00022720                  0.00001648                  0.00001817                  0.00001873 
                  0.00024097                  0.00025041                  0.00001817                  0.00002002                  0.00002064 
                  0.00026544                  0.00027582                  0.00002001                  0.00002205                  0.00002273 
                  0.00029220                  0.00030362                  0.00002203                  0.00002427                  0.00002501 
                  0.00032147                  0.00033403                  0.00002424                  0.00002669                  0.00002751 
                  0.00035346                  0.00036725                  0.00002665                  0.00002934                  0.00003025 
                  0.00038840                  0.00040355                  0.00002928                  0.00003224                  0.00003323 
                  0.00042655                  0.00044318                  0.00003216                  0.00003540                  0.00003649 
                  0.00046817                  0.00048642                  0.00003530                  0.00003885                  0.00004004 
                  0.00051357                  0.00053357                  0.00003872                  0.00004261                  0.00004391 
                  0.00056305                  0.00058497                  0.00004246                  0.00004671                  0.00004813 
                  0.00061696                  0.00064096                  0.00004652                  0.00005117                  0.00005273 
                  0.00067564                  0.00070192                  0.00005095                  0.00005603                  0.00005773 
                  0.00073950                  0.00076824                  0.00005576                  0.00006131                  0.00006317 
                  0.00080895                  0.00084037                  0.00006100                  0.00006706                  0.00006909 
                  0.00088442                  0.00091876                  0.00006669                  0.00007331                  0.00007552 
                  0.00096641                  0.00100392                  0.00007287                  0.00008009                  0.00008251 
                  0.00105542                  0.00109636                  0.00007959                  0.00008745                  0.00009008 
                  0.00115199                  0.00119665                  0.00008687                  0.00009544                  0.00009831 
                  0.00125671                  0.00130540                  0.00009477                  0.00010409                  0.00010722 
                  0.00137020                  0.00142326                  0.00010332                  0.00011348                  0.00011688 
                  0.00149311                  0.00155091                  0.00011259                  0.00012364                  0.00012734 
                  0.00162617                  0.00168908                  0.00012263                  0.00013463                  0.00013865 
                  0.00177012                  0.00183856                  0.00013349                  0.00014653                  0.00015090 
                  0.00192576                  0.00200018                  0.00014522                  0.00015938                  0.00016413 
                  0.00209393                  0.00217481                  0.00015791                  0.00017327                  0.00017843 
                  0.00227556                  0.00236340                  0.00017161                  0.00018827                  0.00019386 
                  0.00247159                  0.00256694                  0.00018639                  0.00020446                  0.00021052 
                  0.00268304                  0.00278649                  0.00020234                  0.00022192                  0.00022848 
                  0.00291100                  0.00302317                  0.00021954                  0.00024073                  0.00024784 
                  0.00315661                  0.00327816                  0.00023807                  0.00026100                  0.00026869 
                  0.00342107                  0.00355273                  0.00025802                  0.00028282                  0.00029114 
                  0.00370567                  0.00384819                  0.00027949                  0.00030630                  0.00031530 
                  0.00401177                  0.00416596                  0.00030258                  0.00033155                  0.00034127 
                  0.00434078                  0.00450751                  0.00032740                  0.00035869                  0.00036918 
                  0.00469422                  0.00487441                  0.00035407                  0.00038783                  0.00039916 
                  0.00507368                  0.00526830                  0.00038270                  0.00041911                  0.00043134 
                  0.00548083                  0.00569093                  0.00041342                  0.00045268                  0.00046585 
                  0.00591743                  0.00614411                  0.00044636                  0.00048866                  0.00050286 
                  0.00638534                  0.00662977                  0.00048167                  0.00052722                  0.00054251 
                  0.00688650                  0.00714992                  0.00051948                  0.00056851                  0.00058497 
                  0.00742295                  0.00770669                  0.00055997                  0.00061270                  0.00063041 
                  0.00799685                  0.00830230                  0.00060328                  0.00065997                  0.00067901 
                  0.00861043                  0.00893908                  0.00064959                  0.00071050                  0.00073095 
                  0.00926605                  0.00961946                  0.00069907                  0.00076448                  0.00078645 
                  0.00996618                  0.01034600                  0.00075191                  0.00082212                  0.00084570 
                  0.01071338                  0.01112136                  0.00080831                  0.00088362                  0.00090892 
                  0.01151034                  0.01194833                  0.00086847                  0.00094921                  0.00097633 
                  0.01235988                  0.01282982                  0.00093260                  0.00101912                  0.00104818 
                  0.01326490                  0.01376885                  0.00100093                  0.00109358                  0.00112470 
                  0.01422847                  0.01476858                  0.00107368                  0.00117284                  0.00120616 
                  0.01525374                  0.01583229                  0.00115109                  0.00125717                  0.00129281 
                  0.01634401                  0.01696340                  0.00123341                  0.00134683                  0.00138493 
                  0.01750271                  0.01816543                  0.00132090                  0.00144210                  0.00148282 
                  0.01873337                  0.01944208                  0.00141384                  0.00154327                  0.00158676 
                  0.02003969                  0.02079715                  0.00151249                  0.00165064                  0.00169707 
                  0.02142546                  0.02223459                  0.00161716                  0.00176453                  0.00181406 
                  0.02289464                  0.02375847                  0.00172812                  0.00188525                  0.00193807 
                  0.02445128                  0.02537302                  0.00184571                  0.00201315                  0.00206943 
                  0.02609961                  0.02708256                  0.00197022                  0.00214855                  0.00220850 
                  0.02784393                  0.02889161                  0.00210200                  0.00229182                  0.00235563 
                  0.02968874                  0.03080476                  0.00224138                  0.00244332                  0.00251121 
                  0.03163860                  0.03282678                  0.00238871                  0.00260342                  0.00267561 
                  0.03369825                  0.03496256                  0.00254434                  0.00277251                  0.00284923 
                  0.03587252                  0.03721708                  0.00270865                  0.00295099                  0.00303247 
                  0.03816639                  0.03959550                  0.00288201                  0.00313926                  0.00322575 
                  0.04058493                  0.04210307                  0.00306481                  0.00333772                  0.00342949 
                  0.04313335                  0.04474518                  0.00325744                  0.00354682                  0.00364413 
                  0.04581695                  0.04752730                  0.00346031                  0.00376698                  0.00387010 
                  0.04864116                  0.05045504                  0.00367382                  0.00399863                  0.00410786 
                  0.05161150                  0.05353409                  0.00389840                  0.00424224                  0.00435788 
                  0.05473356                  0.05677027                  0.00413447                  0.00449826                  0.00462060 
                  0.05801306                  0.06016945                  0.00438247                  0.00476715                  0.00489652 
                  0.06145577                  0.06373762                  0.00464283                  0.00504938                  0.00518610 
                  0.06506754                  0.06748082                  0.00491601                  0.00534542                  0.00548984 
                  0.06885431                  0.07140514                  0.00520245                  0.00565577                  0.00580823 
                  0.07282202                  0.07551677                  0.00550261                  0.00598090                  0.00614177 
                  0.07697670                  0.07982191                  0.00581695                  0.00632131                  0.00649095 
                  0.08132440                  0.08432681                  0.00614592                  0.00667748                  0.00685627 
                  0.08587120                  0.08903773                  0.00648999                  0.00704991                  0.00723824 
                  0.09062318                  0.09396096                  0.00684963                  0.00743910                  0.00763737 
                  0.09558641                  0.09910274                  0.00722530                  0.00784553                  0.00805415 
                  0.10076697                  0.10446935                  0.00761746                  0.00826970                  0.00848909 
                  0.10617089                  0.11006700                  0.00802658                  0.00871210                  0.00894268 
                  0.11180416                  0.11590185                  0.00845310                  0.00917322                  0.00941543 
                  0.11767273                  0.12198002                  0.00889750                  0.00965353                  0.00990782 
                  0.12378241                  0.12830754                  0.00936021                  0.01015351                  0.01042034 
                  0.13013901                  0.13489033                  0.00984168                  0.01067363                  0.01095346 
                  0.13674814                  0.14173420                  0.01034234                  0.01121434                  0.01150764 
                  0.14361532                  0.14884482                  0.01086262                  0.01177609                  0.01208334 
                  0.15074593                  0.15622772                  0.01140292                  0.01235932                  0.01268100 
                  0.15814517                  0.16388823                  0.01196365                  0.01296444                  0.01330105 
                  0.16581808                  0.17183152                  0.01254520                  0.01359187                  0.01394390 
                  0.17376944                  0.18006249                  0.01314794                  0.01424198                  0.01460994 
                  0.18200387                  0.18858586                  0.01377222                  0.01491515                  0.01529955 
                  0.19052568                  0.19740608                  0.01441838                  0.01561174                  0.01601308 
                  0.19933896                  0.20652728                  0.01508673                  0.01633205                  0.01675086 
                  0.20844746                  0.21595334                  0.01577758                  0.01707641                  0.01751320 
                  0.21785466                  0.22568777                  0.01649120                  0.01784508                  0.01830038 
                  0.22756369                  0.23573378                  0.01722782                  0.01863833                  0.01911265 
                  0.23757735                  0.24609417                  0.01798767                  0.01945636                  0.01995023 
                  0.24789801                  0.25677133                  0.01877095                  0.02029938                  0.02081332 
                  0.25852767                  0.26776734                  0.01957780                  0.02116754                  0.02170207 
                  0.26946795                  0.27908367                  0.02040838                  0.02206096                  0.02261660 
                  0.28071997                  0.29072151                  0.02126276                  0.02297974                  0.02355700 
                  0.29228440                  0.30268148                  0.02214102                  0.02392392                  0.02452331 
                  0.30416143                  0.31496370                  0.02304318                  0.02489351                  0.02551555 
                  0.31635079                  0.32756776                  0.02396923                  0.02588849                  0.02653366 
                  0.32885164                  0.34049278                  0.02491912                  0.02690878                  0.02757759 
                  0.34166262                  0.35373721                  0.02589276                  0.02795427                  0.02864719 
                  0.35478178                  0.36729896                  0.02689001                  0.02902479                  0.02974231 
                  0.36820662                  0.38117549                  0.02791069                  0.03012015                  0.03086272 
                  0.38193402                  0.39536342                  0.02895458                  0.03124008                  0.03200814 
                  0.39596030                  0.40985885                  0.03002142                  0.03238426                  0.03317827 
                  0.41028112                  0.42465726                  0.03111089                  0.03355236                  0.03437272 
                  0.42489153                  0.43975332                  0.03222262                  0.03474395                  0.03559108 
                  0.43978593                  0.45514125                  0.03335621                  0.03595858                  0.03683288 
                  0.45495805                  0.47081447                  0.03451119                  0.03719573                  0.03809757 
                  0.47040096                  0.48676574                  0.03568704                  0.03845485                  0.03938457 
                  0.48610699                  0.50298709                  0.03688321                  0.03973529                  0.04069324 
                  0.50206786                  0.51946986                  0.03809908                  0.04103639                  0.04202288 
                  0.51827466                  0.53620464                  0.03933398                  0.04235740                  0.04337273 
                  0.53471774                  0.55318141                  0.04058719                  0.04369755                  0.04474198 
                  0.55138671                  0.57038933                  0.04185794                  0.04505599                  0.04612976 
                  0.56827050                  0.58781695                  0.04314540                  0.04643181                  0.04753514 
                  0.58535743                  0.60545218                  0.04444870                  0.04782405                  0.04895713 
                  0.60263509                  0.62328202                  0.04576690                  0.04923171                  0.05039470 
                  0.62009031                  0.64129287                  0.04709904                  0.05065372                  0.05184676 
                  0.63770950                  0.65947050                  0.04844407                  0.05208896                  0.05331215 
                  0.65547824                  0.67779994                  0.04980092                  0.05353626                  0.05478967 
                  0.67338145                  0.69626558                  0.05116844                  0.05499440                  0.05627806 
                  0.69140345                  0.71485108                  0.05254547                  0.05646209                  0.05777602 
                  0.70952815                  0.73353970                  0.05393079                  0.05793802                  0.05928220 
                  0.72773850                  0.75231391                  0.05532309                  0.05942081                  0.06079518 
                  0.74601716                  0.77115571                  0.05672111                  0.06090906                  0.06231351 
                  0.76434618                  0.79004639                  0.05812346                  0.06240129                  0.06383570 
                  0.78270715                  0.80896682                  0.05952876                  0.06389602                  0.06536020 
                  0.80108088                  0.82789743                  0.06093556                  0.06539167                  0.06688545 
                  0.81944805                  0.84681809                  0.06234240                  0.06688669                  0.06840982 
                  0.83778876                  0.86570823                  0.06374778                  0.06837946                  0.06993165 
                  0.85608292                  0.88454676                  0.06515016                  0.06986833                  0.07144927 
                  0.87430972                  0.90331239                  0.06654797                  0.07135162                  0.07296097 
                  0.89244837                  0.92198360                  0.06793962                  0.07282763                  0.07446501 
                  0.91047746                  0.94053835                  0.06932351                  0.07429465                  0.07595962 
                  0.92837554                  0.95895433                  0.07069799                  0.07575092                  0.07744301 
                  0.94612098                  0.97720927                  0.07206143                  0.07719469                  0.07891340 
                  0.96369189                  0.99528062                  0.07341216                  0.07862419                  0.08036897 
                  0.98106623                  1.01314557                  0.07474850                  0.08003762                  0.08180790 
                  0.99822205                  1.03078151                  0.07606877                  0.08143319                  0.08322836 
                  1.01513708                  1.04816556                  0.07737128                  0.08280911                  0.08462854 
                  1.03178954                  1.06527495                  0.07865438                  0.08416360                  0.08600660 
                  1.04815733                  1.08208692                  0.07991635                  0.08549488                  0.08736072 
                  1.06421852                  1.09857905                  0.08115553                  0.08680116                  0.08868911 
                  1.07995141                  1.11472893                  0.08237027                  0.08808070                  0.08998996 
                  1.09533453                  1.13051450                  0.08355889                  0.08933177                  0.09126150 
                  1.11034656                  1.14591384                  0.08471980                  0.09055259                  0.09250197 
                  1.12496662                  1.16090536                  0.08585139                  0.09174149                  0.09370965 
                  1.13917398                  1.17546809                  0.08695206                  0.09289680                  0.09488285 
                  1.15294874                  1.18958092                  0.08802027                  0.09401691                  0.09601988 
                  1.16627097                  1.20322394                  0.08905450                  0.09510020                  0.09711913 
                  1.17912149                  1.21637726                  0.09005328                  0.09614512                  0.09817903 
                  1.19148171                  1.22902167                  0.09101515                  0.09715015                  0.09919804 
                  1.20333326                  1.24113882                  0.09193870                  0.09811384                  0.10017466 
                  1.21465921                  1.25271046                  0.09282262                  0.09903477                  0.10110747 
                  1.22544229                  1.26371980                  0.09366560                  0.09991157                  0.10199510 
                  1.23566675                  1.27415013                  0.09446637                  0.10074296                  0.10283621 
                  1.24531722                  1.28398597                  0.09522377                  0.10152769                  0.10362957 
                  1.25437927                  1.29321265                  0.09593665                  0.10226460                  0.10437399 
                  1.26283920                  1.30181623                  0.09660394                  0.10295257                  0.10506834 
                  1.27068436                  1.30978346                  0.09722467                  0.10359059                  0.10571159 
                  1.27790272                  1.31710255                  0.09779788                  0.10417770                  0.10630278 
                  1.28448331                  1.32376242                  0.09832272                  0.10471299                  0.10684100 
                  1.29041636                  1.32975256                  0.09879838                  0.10519566                  0.10732545 
                  1.29569292                  1.33506417                  0.09922417                  0.10562499                  0.10775539 
                  1.30030477                  1.33968925                  0.09959942                  0.10600033                  0.10813019 
                  1.30424500                  1.34362078                  0.09992360                  0.10632113                  0.10844928 
                  1.30750787                  1.34685278                  0.10019619                  0.10658688                  0.10871217 
                  1.31008852                  1.34938061                  0.10041682                  0.10679722                  0.10891851 
                  1.31198311                  1.35120046                  0.10058516                  0.10695185                  0.10906799 
                  1.31318891                  1.35230994                  0.10070097                  0.10705054                  0.10916039 
                  1.31370461                  1.35270739                  0.10076407                  0.10709316                  0.10919561 
                  1.31352937                  1.35239255                  0.10077442                  0.10707968                  0.10917360 
                  1.31266391                  1.35136640                  0.10073200                  0.10701015                  0.10909445 
                  1.31111002                  1.34963095                  0.10063692                  0.10688470                  0.10895829 
                  1.30887032                  1.34718895                  0.10048936                  0.10670356                  0.10876536 
                  1.30594862                  1.34404492                  0.10028955                  0.10646704                  0.10851602 
                  1.30235016                  1.34020388                  0.10003787                  0.10617553                  0.10821067 
                  1.29808056                  1.33567238                  0.09973471                  0.10582953                  0.10784983 
                  1.29314697                  1.33045781                  0.09938057                  0.10542960                  0.10743407 
                  1.28755748                  1.32456839                  0.09897604                  0.10497639                  0.10696407 
                  1.28132105                  1.31801391                  0.09852177                  0.10447062                  0.10644060 
                  1.27444756                  1.31080472                  0.09801849                  0.10391313                  0.10586448 
                  1.26694798                  1.30295253                  0.09746699                  0.10330477                  0.10523663 
                  1.25883436                  1.29446936                  0.09686815                  0.10264653                  0.10455805 
                  1.25011921                  1.28536892                  0.09622291                  0.10193942                  0.10382980 
                  1.24081635                  1.27566504                  0.09553228                  0.10118453                  0.10305300 
                  1.23093998                  1.26537311                  0.09479733                  0.10038306                  0.10222887 
                  1.22050536                  1.25450885                  0.09401917                  0.09953621                  0.10135865 
                  1.20952845                  1.24308872                  0.09319902                  0.09864528                  0.10044368 
                  1.19802582                  1.23113000                  0.09233809                  0.09771162                  0.09948533 
                  1.18601477                  1.21865058                  0.09143771                  0.09673661                  0.09848504 
                  1.17351305                  1.20566916                  0.09049921                  0.09572174                  0.09744428 
                  1.16053927                  1.19220519                  0.08952395                  0.09466848                  0.09636462 
                  1.14711261                  1.17827797                  0.08851337                  0.09357835                  0.09524761 
                  1.13325226                  1.16390777                  0.08746896                  0.09245296                  0.09409487 
                  1.11897826                  1.14911532                  0.08639221                  0.09129389                  0.09290804 
                  1.10431087                  1.13392162                  0.08528465                  0.09010281                  0.09168880 
                  1.08927083                  1.11834800                  0.08414783                  0.08888139                  0.09043887 
                  1.07387900                  1.10241604                  0.08298334                  0.08763130                  0.08915998 
                  1.05815649                  1.08614767                  0.08179281                  0.08635427                  0.08785386 
                  1.04212475                  1.06956494                  0.08057782                  0.08505203                  0.08652231 
                  1.02580512                  1.05269015                  0.07934003                  0.08372632                  0.08516708 
                  1.00921929                  1.03554571                  0.07808106                  0.08237888                  0.08378996 
                  0.99238890                  1.01815367                  0.07680258                  0.08101149                  0.08239275 
                  0.97533572                  1.00053656                  0.07550624                  0.07962589                  0.08097723 
                  0.95808119                  0.98271656                  0.07419369                  0.07822382                  0.07954519 
                  0.94064695                  0.96471596                  0.07286657                  0.07680704                  0.07809841 
                  0.92305440                  0.94655687                  0.07152652                  0.07537728                  0.07663865 
                  0.90532494                  0.92826104                  0.07017516                  0.07393627                  0.07516769 
                  0.88747948                  0.90985012                  0.06881410                  0.07248571                  0.07368723 
                  0.86953872                  0.89134568                  0.06744494                  0.07102727                  0.07219902 
                  0.85152322                  0.87276876                  0.06606926                  0.06956264                  0.07070473 
                  0.83345330                  0.85413992                  0.06468859                  0.06809344                  0.06920604 
                  0.81534863                  0.83547980                  0.06330447                  0.06662129                  0.06770458 
                  0.79722869                  0.81680822                  0.06191839                  0.06514776                  0.06620194 
                  0.77911252                  0.79814476                  0.06053182                  0.06367439                  0.06469970 
                  0.76101869                  0.77950847                  0.05914620                  0.06220268                  0.06319939 
                  0.74296522                  0.76091784                  0.05776292                  0.06073412                  0.06170250 
                  0.72496974                  0.74239099                  0.05638333                  0.05927011                  0.06021049 
                  0.70704931                  0.72394532                  0.05500877                  0.05781206                  0.05872474 
                  0.68922043                  0.70559764                  0.05364051                  0.05636129                  0.05724663 
                  0.67149901                  0.68736434                  0.05227977                  0.05491911                  0.05577747 
                  0.65390038                  0.66926122                  0.05092777                  0.05348676                  0.05431853 
                  0.63643932                  0.65130329                  0.04958565                  0.05206544                  0.05287101 
                  0.61913002                  0.63350487                  0.04825451                  0.05065630                  0.05143609 
                  0.60198587                  0.61587989                  0.04693541                  0.04926043                  0.05001487 
                  0.58501983                  0.59844130                  0.04562935                  0.04787888                  0.04860841 
                  0.56824398                  0.58120179                  0.04433729                  0.04651266                  0.04721772 
                  0.55166996                  0.56417292                  0.04306014                  0.04516269                  0.04584375 
                  0.53530866                  0.54736584                  0.04179876                  0.04382987                  0.04448740 
                  0.51917034                  0.53079110                  0.04055394                  0.04251504                  0.04314952 
                  0.50326461                  0.51445824                  0.03932647                  0.04121897                  0.04183089 
                  0.48760030                  0.49837640                  0.03811702                  0.03994240                  0.04053225 
                  0.47218573                  0.48255396                  0.03692628                  0.03868600                  0.03925428 
                  0.45702851                  0.46699864                  0.03575485                  0.03745039                  0.03799760 
                  0.44213563                  0.45171747                  0.03460328                  0.03623615                  0.03676280 
                  0.42751345                  0.43671682                  0.03347210                  0.03504379                  0.03555039 
                  0.41316766                  0.42200243                  0.03236175                  0.03387379                  0.03436085 
                  0.39910331                  0.40757945                  0.03127266                  0.03272656                  0.03319459 
                  0.38532493                  0.39345235                  0.03020519                  0.03160247                  0.03205198 
                  0.37183636                  0.37962499                  0.02915967                  0.03050185                  0.03093334 
                  0.35864094                  0.36610058                  0.02813637                  0.02942496                  0.02983895 
                  0.34574142                  0.35288179                  0.02713553                  0.02837204                  0.02876902 
                  0.33313996                  0.33997083                  0.02615734                  0.02734326                  0.02772375 
                  0.32083818                  0.32736924                  0.02520195                  0.02633878                  0.02670326 
                  0.30883721                  0.31507805                  0.02426946                  0.02535868                  0.02570765 
                  0.29713768                  0.30309781                  0.02335995                  0.02440302                  0.02473698 
                  0.28573978                  0.29142848                  0.02247346                  0.02347183                  0.02379124 
                  0.27464318                  0.28006965                  0.02160998                  0.02256508                  0.02287043 
                  0.26384708                  0.26902047                  0.02076947                  0.02168271                  0.02197447 
                  0.25335029                  0.25827959                  0.01995185                  0.02082464                  0.02110326 
                  0.24315123                  0.24784522                  0.01915704                  0.01999073                  0.02025669 
                  0.23324794                  0.23771529                  0.01838489                  0.01918084                  0.01943457 
                  0.22363807                  0.22788724                  0.01763525                  0.01839479                  0.01863673 
                  0.21431892                  0.21835823                  0.01690793                  0.01763235                  0.01786293 
                  0.20528744                  0.20912506                  0.01620270                  0.01689329                  0.01711294 
                  0.19654036                  0.20018423                  0.01551934                  0.01617735                  0.01638647 
                  0.18807405                  0.19153196                  0.01485758                  0.01548424                  0.01568324 
                  0.17988466                  0.18316416                  0.01421715                  0.01481364                  0.01500291 
                  0.17196804                  0.17507656                  0.01359773                  0.01416523                  0.01434517 
                  0.16431987                  0.16726461                  0.01299902                  0.01353867                  0.01370964 
                  0.15693563                  0.15972358                  0.01242067                  0.01293358                  0.01309595 
                  0.14981055                  0.15244853                  0.01186234                  0.01234959                  0.01250372 
                  0.14293975                  0.14543436                  0.01132365                  0.01178631                  0.01193253 
                  0.13631815                  0.13867584                  0.01080424                  0.01124332                  0.01138198 
                  0.12994058                  0.13216756                  0.01030371                  0.01072021                  0.01085164 
                  0.12380174                  0.12590401                  0.00982166                  0.01021656                  0.01034106 
                  0.11789621                  0.11987960                  0.00935770                  0.00973193                  0.00984981 
                  0.11221849                  0.11408863                  0.00891140                  0.00926586                  0.00937742 
                  0.10676304                  0.10852537                  0.00848234                  0.00881793                  0.00892346 
                  0.10152422                  0.10318398                  0.00807011                  0.00838767                  0.00848744 
                  0.09649639                  0.09805863                  0.00767427                  0.00797462                  0.00806890 
                  0.09167387                  0.09314343                  0.00729439                  0.00757833                  0.00766738 
                  0.08705093                  0.08843252                  0.00693004                  0.00719833                  0.00728241 
                  0.08262188                  0.08392000                  0.00658078                  0.00683417                  0.00691350 
                  0.07838103                  0.07960000                  0.00624619                  0.00648538                  0.00656021 
                  0.07432271                  0.07546667                  0.00592582                  0.00615151                  0.00622205 
                  0.07044126                  0.07151420                  0.00561925                  0.00583209                  0.00589856 
                  0.06673109                  0.06773681                  0.00532604                  0.00552668                  0.00558928 
                  0.06318662                  0.06412879                  0.00504578                  0.00523482                  0.00529374 
                  0.05980238                  0.06068448                  0.00477804                  0.00495607                  0.00501151 
                  0.05657291                  0.05739828                  0.00452241                  0.00468999                  0.00474212 
                  0.05349286                  0.05426469                  0.00427846                  0.00443613                  0.00448514 
                  0.05055693                  0.05127826                  0.00404580                  0.00419408                  0.00424012 
                  0.04775994                  0.04843368                  0.00382403                  0.00396341                  0.00400665 
                  0.04509677                  0.04572567                  0.00361275                  0.00374370                  0.00378428 
                  0.04256240                  0.04314910                  0.00341157                  0.00353455                  0.00357263 
                  0.04015192                  0.04069892                  0.00322012                  0.00333555                  0.00337126 
                  0.03786053                  0.03837020                  0.00303802                  0.00314633                  0.00317980 
                  0.03568350                  0.03615811                  0.00286491                  0.00296648                  0.00299784 
                  0.03361624                  0.03405794                  0.00270044                  0.00279565                  0.00282502 
                  0.03165428                  0.03206510                  0.00254426                  0.00263346                  0.00266095 
                  0.02979324                  0.03017511                  0.00239602                  0.00247956                  0.00250528 
                  0.02802887                  0.02838361                  0.00225540                  0.00233360                  0.00235765 
                  0.02635703                  0.02668637                  0.00212207                  0.00219525                  0.00221773 
                  0.02477371                  0.02507928                  0.00199573                  0.00206417                  0.00208518 
                  0.02327500                  0.02355834                  0.00187608                  0.00194005                  0.00195967 
                  0.02185712                  0.02211970                  0.00176280                  0.00182259                  0.00184090 
                  0.02051642                  0.02075960                  0.00165563                  0.00171147                  0.00172856 
                  0.01924935                  0.01947442                  0.00155429                  0.00160642                  0.00162235 
                  0.01805248                  0.01826067                  0.00145850                  0.00150714                  0.00152200 
                  0.01692250                  0.01711496                  0.00136801                  0.00141338                  0.00142723 
                  0.01585623                  0.01603403                  0.00128257                  0.00132488                  0.00133777 
                  0.01485058                  0.01501474                  0.00120194                  0.00124137                  0.00125337 
                  0.01390259                  0.01405406                  0.00112589                  0.00116261                  0.00117378 
                  0.01300940                  0.01314907                  0.00105418                  0.00108838                  0.00109877 
                  0.01216828                  0.01229699                  0.00098662                  0.00101845                  0.00102811 
                  0.01137657                  0.01149511                  0.00092299                  0.00095260                  0.00096157 
                  0.01063175                  0.01074085                  0.00086308                  0.00089062                  0.00089896 
                  0.00993140                  0.01003175                  0.00080672                  0.00083232                  0.00084006 
                  0.00927317                  0.00936542                  0.00075371                  0.00077750                  0.00078469 
                  0.00865485                  0.00873959                  0.00070389                  0.00072598                  0.00073265 
                  0.00807430                  0.00815210                  0.00065708                  0.00067759                  0.00068378 
                  0.00752948                  0.00760085                  0.00061312                  0.00063216                  0.00063789 
                  0.00701843                  0.00708387                  0.00057187                  0.00058952                  0.00059483 
                  0.00653930                  0.00659926                  0.00053316                  0.00054953                  0.00055445 
                  0.00609031                  0.00614521                  0.00049687                  0.00051204                  0.00051659 
                  0.00566976                  0.00572000                  0.00046285                  0.00047690                  0.00048112 
                  0.00527604                  0.00532199                  0.00043098                  0.00044400                  0.00044790 
                  0.00490762                  0.00494961                  0.00040114                  0.00041319                  0.00041680 
                  0.00456303                  0.00460137                  0.00037321                  0.00038436                  0.00038770 
                  0.00424088                  0.00427588                  0.00034708                  0.00035740                  0.00036048 
                  0.00393985                  0.00397177                  0.00032265                  0.00033219                  0.00033504 
                  0.00365869                  0.00368778                  0.00029982                  0.00030864                  0.00031127 
                  0.00339621                  0.00342271                  0.00027849                  0.00028664                  0.00028906 
                  0.00315128                  0.00317540                  0.00025858                  0.00026610                  0.00026834 
                  0.00292283                  0.00294477                  0.00023999                  0.00024693                  0.00024900 
                  0.00270985                  0.00272979                  0.00022264                  0.00022905                  0.00023096 
                  0.00251139                  0.00252950                  0.00020647                  0.00021239                  0.00021414 
                  0.00232653                  0.00234297                  0.00019140                  0.00019685                  0.00019847 
                  0.00215442                  0.00216934                  0.00017736                  0.00018239                  0.00018387 
                  0.00199426                  0.00200779                  0.00016428                  0.00016891                  0.00017028 
                  0.00184529                  0.00185753                  0.00015211                  0.00015638                  0.00015764 
                  0.00170677                  0.00171786                  0.00014079                  0.00014471                  0.00014587 
                  0.00157804                  0.00158807                  0.00013025                  0.00013387                  0.00013494 
                  0.00145845                  0.00146752                  0.00012046                  0.00012379                  0.00012477 
                  0.00134741                  0.00135560                  0.00011137                  0.00011443                  0.00011533 
                  0.00124435                  0.00125174                  0.00010292                  0.00010573                  0.00010656 
                  0.00114874                  0.00115540                  0.00009507                  0.00009766                  0.00009842 
                  0.00106007                  0.00106607                  0.00008779                  0.00009017                  0.00009087 
                  0.00097788                  0.00098329                  0.00008104                  0.00008322                  0.00008386 
                  0.00090172                  0.00090659                  0.00007478                  0.00007678                  0.00007737 
                  0.00083119                  0.00083557                  0.00006898                  0.00007082                  0.00007136 
                  0.00076589                  0.00076982                  0.00006360                  0.00006529                  0.00006578 
                  0.00070546                  0.00070899                  0.00005862                  0.00006017                  0.00006062 
                  0.00064957                  0.00065274                  0.00005402                  0.00005544                  0.00005585 
                  0.00059789                  0.00060072                  0.00004975                  0.00005105                  0.00005143 
                  0.00055012                  0.00055266                  0.00004581                  0.00004700                  0.00004735 
                  0.00050598                  0.00050826                  0.00004216                  0.00004325                  0.00004357 
                  0.00046523                  0.00046726                  0.00003879                  0.00003979                  0.00004008 
                  0.00042760                  0.00042942                  0.00003568                  0.00003660                  0.00003686 
                  0.00039289                  0.00039451                  0.00003280                  0.00003364                  0.00003389 
                  0.00036086                  0.00036231                  0.00003015                  0.00003092                  0.00003114 
                  0.00033133                  0.00033262                  0.00002770                  0.00002840                  0.00002861 
                  0.00030412                  0.00030526                  0.00002544                  0.00002609                  0.00002627 
                  0.00027904                  0.00028006                  0.00002336                  0.00002395                  0.00002412 
                  0.00025595                  0.00025685                  0.00002144                  0.00002198                  0.00002213 
                  0.00023469                  0.00023549                  0.00001968                  0.00002017                  0.00002031 
                  0.00021512                  0.00021584                  0.00001805                  0.00001850                  0.00001862 
                  0.00019712                  0.00019775                  0.00001655                  0.00001696                  0.00001708 
                  0.00018057                  0.00018113                  0.00001517                  0.00001554                  0.00001565 
                  0.00016535                  0.00016585                  0.00001390                  0.00001424                  0.00001434 
                  0.00015137                  0.00015181                  0.00001273                  0.00001304                  0.00001313 
                  0.00013853                  0.00013891                  0.00001166                  0.00001194                  0.00001203 
                  0.00012674                  0.00012708                  0.00001068                  0.00001093                  0.00001101 
                  0.00011591                  0.00011621                  0.00000977                  0.00001001                  0.00001007 
                  0.00010598                  0.00010624                  0.00000894                  0.00000915                  0.00000922 
                  0.00009686                  0.00009710                  0.00000818                  0.00000837                  0.00000843 
                  0.00008851                  0.00008871                  0.00000748                  0.00000765                  0.00000771 
                  0.00008085                  0.00008103                  0.00000683                  0.00000700                  0.00000704 
                  0.00007383                  0.00007399                  0.00000624                  0.00000639                  0.00000643 
                  0.00006740                  0.00006754                  0.00000570                  0.00000584                  0.00000588 
                  0.00006152                  0.00006164                  0.00000521                  0.00000533                  0.00000537 
                  0.00005613                  0.00005623                  0.00000476                  0.00000487                  0.00000490 
                  0.00005120                  0.00005129                  0.00000434                  0.00000444                  0.00000447 
                  0.00004669                  0.00004676                  0.00000396                  0.00000405                  0.00000408 
                  0.00004256                  0.00004263                  0.00000361                  0.00000370                  0.00000372 
                  0.00003879                  0.00003885                  0.00000330                  0.00000337                  0.00000339 
                  0.00003534                  0.00003539                  0.00000301                  0.00000307                  0.00000309 
                  0.00003219                  0.00003224                  0.00000274                  0.00000280                  0.00000282 
                  0.00002932                  0.00002935                  0.00000250                  0.00000255                  0.00000257 
                  0.00002669                  0.00002672                  0.00000227                  0.00000233                  0.00000234 
                  0.00002429                  0.00002432                  0.00000207                  0.00000212                  0.00000213 
                  0.00002210                  0.00002213                  0.00000189                  0.00000193                  0.00000194 
                  0.00002011                  0.00002013                  0.00000172                  0.00000176                  0.00000177 
                  0.00001829                  0.00001830                  0.00000156                  0.00000160                  0.00000161 
                  0.00001663                  0.00001664                  0.00000142                  0.00000145                  0.00000146 
                  0.00001512                  0.00001513                  0.00000129                  0.00000132                  0.00000133 
                  0.00001374                  0.00001375                  0.00000118                  0.00000120                  0.00000121 
                  0.00001248                  0.00001249                  0.00000107                  0.00000109                  0.00000110 
                  0.00001134                  0.00001134                  0.00000097                  0.00000099                  0.00000100 
                  0.00001030                  0.00001030                  0.00000088                  0.00000090                  0.00000091 
                  0.00000935                  0.00000935                  0.00000080                  0.00000082                  0.00000082 
                  0.00000849                  0.00000849                  0.00000073                  0.00000074                  0.00000075 
                  0.00000770                  0.00000771                  0.00000066                  0.00000068                  0.00000068 
                  0.00000699                  0.00000699                  0.00000060                  0.00000061                  0.00000062 
                  0.00000634                  0.00000634                  0.00000055                  0.00000056                  0.00000056 
                  0.00000575                  0.00000575                  0.00000049                  0.00000051                  0.00000051 
                  0.00000521                  0.00000522                  0.00000045                  0.00000046                  0.00000046 
                  0.00000473                  0.00000473                  0.00000041                  0.00000042                  0.00000042 
                  0.00000429                  0.00000429                  0.00000037                  0.00000038                  0.00000038 
                  0.00000388                  0.00000388                  0.00000033                  0.00000034                  0.00000034 
                  0.00000352                  0.00000352                  0.00000030                  0.00000031                  0.00000031 
                  0.00000319                  0.00000319                  0.00000028                  0.00000028                  0.00000028 
                  0.00000289                  0.00000289                  0.00000025                  0.00000025                  0.00000026 
                  0.00000261                  0.00000261                  0.00000023                  0.00000023                  0.00000023 
                  0.00000237                  0.00000237                  0.00000020                  0.00000021                  0.00000021 
                  0.00000214                  0.00000214                  0.00000019                  0.00000019                  0.00000019 
                  0.00000194                  0.00000194                  0.00000017                  0.00000017                  0.00000017 
                  0.00000175                  0.00000175                  0.00000015                  0.00000016                  0.00000016 
                  0.00000159                  0.00000159                  0.00000014                  0.00000014                  0.00000014 
                  0.00000144                  0.00000144                  0.00000012                  0.00000013                  0.00000013 
                  0.00000130                  0.00000130                  0.00000011                  0.00000012                  0.00000012 
                  0.00000117                  0.00000117                  0.00000010                  0.00000010                  0.00000010 
                  0.00000106                  0.00000106                  0.00000009                  0.00000009                  0.00000009 
                  0.00000096                  0.00000096                  0.00000008                  0.00000009                  0.00000009 
                  0.00000087                  0.00000087                  0.00000008                  0.00000008                  0.00000008 
                  0.00000078                  0.00000078                  0.00000007                  0.00000007                  0.00000007 
                  0.00000071                  0.00000071                  0.00000006                  0.00000006                  0.00000006 
                  0.00000064                  0.00000064                  0.00000006                  0.00000006                  0.00000006 
                  0.00000058                  0.00000058                  0.00000005                  0.00000005                  0.00000005 
                  0.00000052                  0.00000052                  0.00000005                  0.00000005                  0.00000005 
                  0.00000047                  0.00000047                  0.00000004                  0.00000004                  0.00000004 
                  0.00000043                  0.00000043                  0.00000004                  0.00000004                  0.00000004 
                  0.00000038                  0.00000038                  0.00000003                  0.00000003                  0.00000003 
                  0.00000035                  0.00000035                  0.00000003                  0.00000003                  0.00000003 
                  0.00000031                  0.00000031                  0.00000003                  0.00000003                  0.00000003 
                  0.00000028                  0.00000028                  0.00000002                  0.00000003                  0.00000003 
                  0.00000026                  0.00000026                  0.00000002                  0.00000002                  0.00000002 
                  0.00000023                  0.00000023                  0.00000002                  0.00000002                  0.00000002 
                  0.00000021                  0.00000021                  0.00000002                  0.00000002                  0.00000002 
                  0.00000019                  0.00000019                  0.00000002                  0.00000002                  0.00000002 
                  0.00000017                  0.00000017                  0.00000001                  0.00000002                  0.00000002 
                  0.00000015                  0.00000015                  0.00000001                  0.00000001                  0.00000001 
                  0.00000014                  0.00000014                  0.00000001                  0.00000001                  0.00000001 
                  0.00000012                  0.00000012                  0.00000001                  0.00000001                  0.00000001 
                  0.00000011                  0.00000011                  0.00000001                  0.00000001                  0.00000001 
                  0.00000010                  0.00000010                  0.00000001                  0.00000001                  0.00000001 
                  0.00000009                  0.00000009                  0.00000001                  0.00000001                  0.00000001 
                  0.00000008                  0.00000008                  0.00000001                  0.00000001                  0.00000001 
                  0.00000007                  0.00000007                  0.00000001                  0.00000001                  0.00000001 
                  0.00000007                  0.00000007                  0.00000001                  0.00000001                  0.00000001 
                  0.00000006                  0.00000006                  0.00000001                  0.00000001                  0.00000001 
                  0.00000005                  0.00000005                  0.00000000                  0.00000000                  0.00000000 
                  0.00000005                  0.00000005                  0.00000000                  0.00000000                  0.00000000 
                  0.00000004                  0.00000004                  0.00000000                  0.00000000                  0.00000000 
                  0.00000004                  0.00000004                  0.00000000                  0.00000000                  0.00000000 
                  0.00000004                  0.00000004                  0.00000000                  0.00000000                  0.00000000 
                  0.00000003                  0.00000003                  0.00000000                  0.00000000                  0.00000000 
                  0.00000003                  0.00000003                  0.00000000                  0.00000000                  0.00000000 
                  0.00000003                  0.00000003                  0.00000000                  0.00000000                  0.00000000 
                  0.00000002                  0.00000002                  0.00000000                  0.00000000                  0.00000000 
                  0.00000002                  0.00000002                  0.00000000                  0.00000000                  0.00000000 
                  0.00000002                  0.00000002                  0.00000000                  0.00000000                  0.00000000 
                  0.00000002                  0.00000002                  0.00000000                  0.00000000                  0.00000000 
                  0.00000002                  0.00000002                  0.00000000                  0.00000000                  0.00000000 
                  0.00000001                  0.00000001                  0.00000000                  0.00000000                  0.00000000 
                  0.00000001                  0.00000001                  0.00000000                  0.00000000                  0.00000000 
                  0.00000001                  0.00000001                  0.00000000                  0.00000000                  0.00000000 
                  0.00000001                  0.00000001                  0.00000000                  0.00000000                  0.00000000 
                  0.00000001                  0.00000001                  0.00000000                  0.00000000                  0.00000000 
                  0.00000001                  0.00000001                  0.00000000                  0.00000000                  0.00000000 
                  0.00000001                  0.00000001                  0.00000000                  0.00000000                  0.00000000 
                  0.00000001                  0.00000001                  0.00000000                  0.00000000                  0.00000000 
                  0.00000001                  0.00000001                  0.00000000                  0.00000000                  0.00000000 
                  0.00000001                  0.00000001                  0.00000000                  0.00000000                  0.00000000 
                  0.00000000                  0.00000000                  0.00000000                  0.00000000                  0.00000000 
                  0.00000000                  0.00000000                  0.00000000                  0.00000000                  0.00000000 
                  0.00000000                  0.00000000                  0.00000000                  0.00000000                  0.00000000 
                  0.00000000                  0.00000000                  0.00000000                  0.00000000                  0.00000000 
                  0.00000000                  0.00000000                  0.00000000                  0.00000000                  0.00000000 
                  0.00000000                  0.00000000                  0.00000000                  0.00000000                  0.00000000 
                  0.00000000                  0.00000000                  0.00000000                  0.00000000                  0.00000000 
                  0.00000000                  0.00000000                  0.00000000                  0.00000000                  0.00000000 
                  0.00000000                  0.00000000                  0.00000000                  0.00000000                  0.00000000 
                  0.00000000                  0.00000000                  0.00000000                  0.00000000                  0.00000000 
                  0.00000000                  0.00000000                  0.00000000                  0.00000000                  0.00000000 
                  0.00000000                  0.00000000                  0.00000000                  0.00000000                  0.00000000 
                  0.00000000                  0.00000000                  0.00000000                  0.00000000                  0.00000000 
                  0.00000000                  0.00000000                  0.00000000                  0.00000000                  0.00000000 
                  0.00000000                  0.00000000                  0.00000000                  0.00000000                  0.00000000 
                  0.00000000                  0.00000000                  0.00000000                  0.00000000                  0.00000000 
                  0.00000000                  0.00000000                  0.00000000                  0.00000000                  0.00000000 
                  0.00000000                  0.00000000                  0.00000000                  0.00000000                  0.00000000 
                  0.00000000                  0.00000000                  0.00000000                  0.00000000                  0.00000000 
                  0.00000000                  0.00000000                  0.00000000                  0.00000000                  0.00000000 
                  0.00000000                  0.00000000                  0.00000000                  0.00000000                  0.00000000 
                  0.00000000                  0.00000000                  0.00000000                  0.00000000                  0.00000000 
                  0.00000000                  0.00000000                  0.00000000                  0.00000000                  0.00000000 
                  0.00000000                  0.00000000                  0.00000000                  0.00000000                  0.00000000 
                  0.00000000                  0.00000000                  0.00000000                  0.00000000                  0.00000000 
                  0.00000000                  0.00000000                  0.00000000                  0.00000000                  0.00000000 
                  0.00000000                  0.00000000                  0.00000000                  0.00000000                  0.00000000 
                  0.00000000                  0.00000000                  0.00000000                  0.00000000                  0.00000000 
                  0.00000000                  0.00000000                  0.00000000                  0.00000000                  0.00000000 
                  0.00000000                  0.00000000                  0.00000000                  0.00000000                  0.00000000 
                  0.00000000                  0.00000000                  0.00000000                  0.00000000                  0.00000000 
                  0.00000000                  0.00000000                  0.00000000                  0.00000000                  0.00000000 
                  0.00000000                  0.00000000                  0.00000000                  0.00000000                  0.00000000 
                  0.00000000                  0.00000000                  0.00000000                  0.00000000                  0.00000000 
                  0.00000000                  0.00000000                  0.00000000                  0.00000000                  0.00000000 
                  0.00000000                  0.00000000                  0.00000000                  0.00000000                  0.00000000 
                  0.00000000                  0.00000000                  0.00000000                  0.00000000                  0.00000000 
                  0.00000000                  0.00000000                  0.00000000                  0.00000000                  0.00000000 
                  0.00000000                  0.00000000                  0.00000000                  0.00000000                  0.00000000 
                  0.00000000                  0.00000000                  0.00000000                  0.00000000                  0.00000000 
                  0.00000000                  0.00000000                  0.00000000                  0.00000000                  0.00000000 
                  0.00000000                  0.00000000                  0.00000000                  0.00000000                  0.00000000 
                  0.00000000                  0.00000000                  0.00000000                  0.00000000                  0.00000000 
                  0.00000000                  0.00000000                  0.00000000                  0.00000000                  0.00000000 
                  0.00000000                  0.00000000                  0.00000000                  0.00000000                  0.00000000 
                  0.00000000                  0.00000000                  0.00000000                  0.00000000                  0.00000000 
                  0.00000000                  0.00000000                  0.00000000                  0.00000000                  0.00000000 
                  0.00000000                  0.00000000                  0.00000000                  0.00000000                  0.00000000 
                  0.00000000                  0.00000000                  0.00000000                  0.00000000                  0.00000000 
                  0.00000000                  0.00000000                  0.00000000                  0.00000000                  0.00000000 
                  0.00000000                  0.00000000                  0.00000000                  0.00000000                  0.00000000 
                  0.00000000                  0.00000000                  0.00000000                  0.00000000                  0.00000000 
                  0.00000000                  0.00000000                  0.00000000                  0.00000000                  0.00000000 
                  0.00000000                  0.00000000                  0.00000000                  0.00000000                  0.00000000 
                  0.00000000                  0.00000000                  0.00000000                  0.00000000                  0.00000000 
                  0.00000000                  0.00000000                  0.00000000                  0.00000000                  0.00000000 
                  0.00000000                  0.00000000                  0.00000000                  0.00000000                  0.00000000 
                  0.00000000                  0.00000000                  0.00000000                  0.00000000                  0.00000000 
                  0.00000000                  0.00000000                  0.00000000                  0.00000000                  0.00000000 
                  0.00000000                  0.00000000                  0.00000000                  0.00000000                  0.00000000 
                  0.00000000                  0.00000000                  0.00000000                  0.00000000                  0.00000000 
                  0.00000000                  0.00000000                  0.00000000                  0.00000000                  0.00000000 
                  0.00000000                  0.00000000                  0.00000000                  0.00000000                  0.00000000 
                  0.00000000                  0.00000000                  0.00000000                  0.00000000                  0.00000000 
                  0.00000000                  0.00000000                  0.00000000                  0.00000000                  0.00000000 
                  0.00000000                  0.00000000                  0.00000000                  0.00000000                  0.00000000 
                  0.00000000                  0.00000000                  0.00000000                  0.00000000                  0.00000000 
                  0.00000000                  0.00000000                  0.00000000                  0.00000000                  0.00000000 
                  0.00000000                  0.00000000                  0.00000000                  0.00000000                  0.00000000 
                  0.00000000                  0.00000000                  0.00000000                  0.00000000                  0.00000000 
                  0.00000000                  0.00000000                  0.00000000                  0.00000000                  0.00000000 
                  0.00000000                  0.00000000                  0.00000000                  0.00000000                  0.00000000 
                  0.00000000                  0.00000000                  0.00000000                  0.00000000                  0.00000000 
                  0.00000000                  0.00000000                  0.00000000                  0.00000000                  0.00000000 
                  0.00000000                  0.00000000                  0.00000000                  0.00000000                  0.00000000 
                  0.00000000                  0.00000000                  0.00000000                  0.00000000                  0.00000000 
                  0.00000000                  0.00000000                  0.00000000                  0.00000000                  0.00000000 
                  0.00000000                  0.00000000                  0.00000000                  0.00000000                  0.00000000 
                  0.00000000                  0.00000000                  0.00000000                  0.00000000                  0.00000000 
                  0.00000000                  0.00000000                  0.00000000                  0.00000000                  0.00000000 
                  0.00000000                  0.00000000                  0.00000000                  0.00000000                  0.00000000 
                  0.00000000                  0.00000000                  0.00000000                  0.00000000                  0.00000000 
                  0.00000000                  0.00000000                  0.00000000                  0.00000000                  0.00000000 
                  0.00000000                  0.00000000                  0.00000000                  0.00000000                  0.00000000 
                  0.00000000                  0.00000000                  0.00000000                  0.00000000                  0.00000000 
                  0.00000000                  0.00000000                  0.00000000                  0.00000000                  0.00000000 
                  0.00000000                  0.00000000                  0.00000000                  0.00000000                  0.00000000 
                  0.00000000                  0.00000000                  0.00000000                  0.00000000                  0.00000000 
                  0.00000000                  0.00000000                  0.00000000                  0.00000000                  0.00000000 
                  0.00000000                  0.00000000                  0.00000000                  0.00000000                  0.00000000 
                  0.00000000                  0.00000000                  0.00000000                  0.00000000                  0.00000000 
                  0.00000000                  0.00000000                  0.00000000                  0.00000000                  0.00000000 
                  0.00000000                  0.00000000                  0.00000000                  0.00000000                  0.00000000 
                  0.00000000                  0.00000000                  0.00000000                  0.00000000                  0.00000000 
                  0.00000000                  0.00000000                  0.00000000                  0.00000000                  0.00000000 
