                  0.00000053                  0.00000053                  0.00000053                  0.00000053                  0.00000067                  0.00000067                  0.00000067                  0.00000067                  0.00000067                  0.00000067 
                  0.00000121                  0.00000121                  0.00000145                  0.00000145                  0.00000145 
                  0.00000208                  0.00000208                  0.00000235                  0.00000235                  0.00000235 
                  0.00000313                  0.00000312                  0.00000341                  0.00000340                  0.00000340 
                  0.00000440                  0.00000436                  0.00000463                  0.00000459                  0.00000459 
                  0.00000589                  0.00000575                  0.00000607                  0.00000600                  0.00000596 
                  0.00000763                  0.00000741                  0.00000772                  0.00000755                  0.00000750 
                  0.00000960                  0.00000932                  0.00000965                  0.00000933                  0.00000925 
                  0.00001188                  0.00001148                  0.00001185                  0.00001134                  0.00001122 
                  0.00001444                  0.00001393                  0.00001436                  0.00001363                  0.00001344 
                  0.00001732                  0.00001671                  0.00001722                  0.00001621                  0.00001595 
                  0.00002058                  0.00001980                  0.00002046                  0.00001913                  0.00001876 
                  0.00002422                  0.00002328                  0.00002410                  0.00002242                  0.00002193 
                  0.00002830                  0.00002717                  0.00002820                  0.00002611                  0.00002549 
                  0.00003285                  0.00003150                  0.00003279                  0.00003025                  0.00002948 
                  0.00003791                  0.00003633                  0.00003792                  0.00003490                  0.00003396 
                  0.00004354                  0.00004170                  0.00004365                  0.00004009                  0.00003896 
                  0.00004979                  0.00004768                  0.00005002                  0.00004588                  0.00004455 
                  0.00005672                  0.00005431                  0.00005712                  0.00005235                  0.00005078 
                  0.00006441                  0.00006165                  0.00006500                  0.00005954                  0.00005773 
                  0.00007291                  0.00006979                  0.00007375                  0.00006753                  0.00006546 
                  0.00008233                  0.00007879                  0.00008345                  0.00007641                  0.00007404 
                  0.00009274                  0.00008875                  0.00009420                  0.00008625                  0.00008356 
                  0.00010423                  0.00009976                  0.00010610                  0.00009715                  0.00009412 
                  0.00011693                  0.00011191                  0.00011926                  0.00010922                  0.00010580 
                  0.00013094                  0.00012533                  0.00013381                  0.00012257                  0.00011872 
                  0.00014639                  0.00014012                  0.00014986                  0.00013731                  0.00013300 
                  0.00016342                  0.00015643                  0.00016758                  0.00015358                  0.00014877 
                  0.00018217                  0.00017440                  0.00018712                  0.00017153                  0.00016616 
                  0.00020282                  0.00019419                  0.00020865                  0.00019131                  0.00018533 
                  0.00022554                  0.00021596                  0.00023235                  0.00021310                  0.00020645 
                  0.00025052                  0.00023990                  0.00025843                  0.00023708                  0.00022969 
                  0.00027797                  0.00026621                  0.00028711                  0.00026346                  0.00025525 
                  0.00030812                  0.00029510                  0.00031863                  0.00029245                  0.00028336 
                  0.00034122                  0.00032683                  0.00035326                  0.00032430                  0.00031423 
                  0.00037753                  0.00036163                  0.00039127                  0.00035927                  0.00034812 
                  0.00041735                  0.00039979                  0.00043297                  0.00039764                  0.00038531 
                  0.00046098                  0.00044162                  0.00047869                  0.00043970                  0.00042608 
                  0.00050876                  0.00048743                  0.00052880                  0.00048581                  0.00047077 
                  0.00056107                  0.00053757                  0.00058367                  0.00053630                  0.00051971 
                  0.00061830                  0.00059243                  0.00064373                  0.00059158                  0.00057329 
                  0.00068087                  0.00065242                  0.00070944                  0.00065205                  0.00063190 
                  0.00074925                  0.00071797                  0.00078128                  0.00071817                  0.00069598 
                  0.00082393                  0.00078957                  0.00085978                  0.00079042                  0.00076602 
                  0.00090545                  0.00086773                  0.00094552                  0.00086934                  0.00084250 
                  0.00099440                  0.00095301                  0.00103910                  0.00095549                  0.00092600 
                  0.00109138                  0.00104600                  0.00114119                  0.00104947                  0.00101708 
                  0.00119707                  0.00114734                  0.00125251                  0.00115195                  0.00111640 
                  0.00131219                  0.00125772                  0.00137381                  0.00126363                  0.00122464 
                  0.00143751                  0.00137788                  0.00150593                  0.00138527                  0.00134252 
                  0.00157386                  0.00150863                  0.00164975                  0.00151769                  0.00147085 
                  0.00172213                  0.00165080                  0.00180621                  0.00166176                  0.00161047 
                  0.00188327                  0.00180532                  0.00197635                  0.00181843                  0.00176229 
                  0.00205831                  0.00197317                  0.00216124                  0.00198870                  0.00192730 
                  0.00224833                  0.00215539                  0.00236207                  0.00217365                  0.00210652 
                  0.00245451                  0.00235311                  0.00258009                  0.00237445                  0.00230110 
                  0.00267809                  0.00256753                  0.00281664                  0.00259232                  0.00251222 
                  0.00292043                  0.00279993                  0.00307315                  0.00282859                  0.00274117 
                  0.00318293                  0.00305169                  0.00335116                  0.00308468                  0.00298933 
                  0.00346713                  0.00332426                  0.00365231                  0.00336211                  0.00325815 
                  0.00377465                  0.00361920                  0.00397834                  0.00366247                  0.00354920 
                  0.00410722                  0.00393817                  0.00433113                  0.00398751                  0.00386415 
                  0.00446668                  0.00428295                  0.00471265                  0.00433905                  0.00420478 
                  0.00485499                  0.00465542                  0.00512503                  0.00471905                  0.00457298 
                  0.00527425                  0.00505757                  0.00557051                  0.00512958                  0.00497077 
                  0.00572666                  0.00549154                  0.00605150                  0.00557288                  0.00540029 
                  0.00621459                  0.00595959                  0.00657054                  0.00605128                  0.00586384 
                  0.00674052                  0.00646412                  0.00713034                  0.00656729                  0.00636383 
                  0.00730711                  0.00700767                  0.00773378                  0.00712357                  0.00690283 
                  0.00791716                  0.00759294                  0.00838389                  0.00772294                  0.00748358 
                  0.00857366                  0.00822279                  0.00908390                  0.00836838                  0.00810898 
                  0.00927973                  0.00890023                  0.00983725                  0.00906306                  0.00878210 
                  0.01003872                  0.00962847                  0.01064756                  0.00981034                  0.00950618 
                  0.01085414                  0.01041088                  0.01151865                  0.01061376                  0.01028467 
                  0.01172970                  0.01125104                  0.01245457                  0.01147708                  0.01112119 
                  0.01266932                  0.01215270                  0.01345962                  0.01240425                  0.01201961 
                  0.01367714                  0.01311984                  0.01453830                  0.01339947                  0.01298397 
                  0.01475750                  0.01415665                  0.01569538                  0.01446715                  0.01401856 
                  0.01591499                  0.01526754                  0.01693589                  0.01561195                  0.01512789 
                  0.01715443                  0.01645713                  0.01826512                  0.01683877                  0.01631672 
                  0.01848091                  0.01773032                  0.01968864                  0.01815280                  0.01759008 
                  0.01989973                  0.01909222                  0.02121231                  0.01955945                  0.01895323 
                  0.02141651                  0.02054822                  0.02284230                  0.02106446                  0.02041172 
                  0.02303711                  0.02210396                  0.02458506                  0.02267382                  0.02197137 
                  0.02476767                  0.02376536                  0.02644740                  0.02439385                  0.02363832 
                  0.02661465                  0.02553862                  0.02843644                  0.02623117                  0.02541898 
                  0.02858479                  0.02743023                  0.03055964                  0.02819271                  0.02732009 
                  0.03068514                  0.02944699                  0.03282482                  0.03028574                  0.02934869 
                  0.03292307                  0.03159599                  0.03524017                  0.03251788                  0.03151219 
                  0.03530629                  0.03388464                  0.03781424                  0.03489709                  0.03381830 
                  0.03784282                  0.03632068                  0.04055597                  0.03743167                  0.03627511 
                  0.04054103                  0.03891217                  0.04347469                  0.04013034                  0.03889106 
                  0.04340966                  0.04166752                  0.04658015                  0.04300216                  0.04167497 
                  0.04645778                  0.04459547                  0.04988250                  0.04605659                  0.04463601 
                  0.04969484                  0.04770514                  0.05339231                  0.04930350                  0.04778378 
                  0.05313063                  0.05100596                  0.05712059                  0.05275315                  0.05112825 
                  0.05677537                  0.05450777                  0.06107878                  0.05641622                  0.05467980 
                  0.06063960                  0.05822077                  0.06527878                  0.06030383                  0.05844922 
                  0.06473431                  0.06215552                  0.06973295                  0.06442750                  0.06244774 
                  0.06907082                  0.06632296                  0.07445408                  0.06879923                  0.06668700 
                  0.07366096                  0.07073450                  0.07945545                  0.07343137                  0.07117905 
                  0.07851686                  0.07540184                  0.08475079                  0.07833683                  0.07593638 
                  0.08365098                  0.08033704                  0.09035438                  0.08352895                  0.08097203 
                  0.08907630                  0.08555260                  0.09628095                  0.08902155                  0.08629940 
                  0.09480614                  0.09106138                  0.10254572                  0.09482886                  0.09193238 
                  0.10085426                  0.09687668                  0.10916437                  0.10096560                  0.09788530 
                  0.10723479                  0.10301217                  0.11615311                  0.10744698                  0.10417296 
                  0.11396229                  0.10948192                  0.12352861                  0.11428867                  0.11081060 
                  0.12105171                  0.11630034                  0.13130803                  0.12150680                  0.11781395 
                  0.12851834                  0.12348231                  0.13950904                  0.12911800                  0.12519918 
                  0.13637795                  0.13104302                  0.14814979                  0.13713931                  0.13298297 
                  0.14464658                  0.13899802                  0.15724891                  0.14558829                  0.14118238 
                  0.15334074                  0.14736328                  0.16682552                  0.15448292                  0.14981502 
                  0.16247725                  0.15615508                  0.17689915                  0.16384169                  0.15889886 
                  0.17207329                  0.16539009                  0.18748990                  0.17368351                  0.16845237 
                  0.18214639                  0.17508528                  0.19861820                  0.18402772                  0.17849444 
                  0.19271436                  0.18525796                  0.21030499                  0.19489409                  0.18904439 
                  0.20379542                  0.19592574                  0.22257161                  0.20630288                  0.20012194 
                  0.21540797                  0.20710653                  0.23543982                  0.21827465                  0.21174724 
                  0.22757077                  0.21881852                  0.24893177                  0.23083043                  0.22394083 
                  0.24030280                  0.23108011                  0.26306999                  0.24399160                  0.23672362 
                  0.25362328                  0.24391003                  0.27787739                  0.25777993                  0.25011688 
                  0.26755166                  0.25732717                  0.29337719                  0.27221748                  0.26414225 
                  0.28210753                  0.27135068                  0.30959290                  0.28732672                  0.27882165 
                  0.29731077                  0.28599977                  0.32654837                  0.30313024                  0.29417738 
                  0.31318128                  0.30129388                  0.34426770                  0.31965110                  0.31023192 
                  0.32973912                  0.31725252                  0.36277515                  0.33691251                  0.32700810 
                  0.34700438                  0.33389536                  0.38209528                  0.35493800                  0.34452885 
                  0.36499730                  0.35124204                  0.40225270                  0.37375116                  0.36281750 
                  0.38373801                  0.36931229                  0.42327228                  0.39337578                  0.38189736 
                  0.40324670                  0.38812584                  0.44517887                  0.41383591                  0.40179199 
                  0.42354348                  0.40770239                  0.46799749                  0.43515542                  0.42252502 
                  0.44464839                  0.42806149                  0.49175310                  0.45735854                  0.44412017 
                  0.46658126                  0.44922268                  0.51647055                  0.48046935                  0.46660119 
                  0.48936182                  0.47120526                  0.54217482                  0.50451189                  0.48999178 
                  0.51300961                  0.49402830                  0.56889063                  0.52951026                  0.51431566 
                  0.53754383                  0.51771080                  0.59664273                  0.55548829                  0.53959650 
                  0.56298333                  0.54227144                  0.62545526                  0.58246982                  0.56585777 
                  0.58934677                  0.56772834                  0.65535247                  0.61047840                  0.59312272 
                  0.61665231                  0.59409964                  0.68635827                  0.63953727                  0.62141454 
                  0.64491761                  0.62140280                  0.71849597                  0.66966969                  0.65075594 
                  0.67416000                  0.64965487                  0.75178879                  0.70089811                  0.68116963 
                  0.70439607                  0.67887247                  0.78625917                  0.73324496                  0.71267772 
                  0.73564202                  0.70907164                  0.82192904                  0.76673204                  0.74530184 
                  0.76791334                  0.74026763                  0.85881990                  0.80138069                  0.77906334 
                  0.80122471                  0.77247536                  0.89695263                  0.83721173                  0.81398302 
                  0.83559024                  0.80570889                  0.93634707                  0.87424535                  0.85008097 
                  0.87102300                  0.83998162                  0.97702271                  0.91250098                  0.88737679 
                  0.90753543                  0.87530595                  1.01899791                  0.95199746                  0.92588931 
                  0.94513905                  0.91169357                  1.06229031                  0.99275267                  0.96563667 
                  0.98384434                  0.94915533                  1.10691655                  1.03478396                  1.00663638 
                  1.02366090                  0.98770106                  1.15289211                  1.07810736                  1.04890466 
                  1.06459713                  1.02733958                  1.20023179                  1.12273812                  1.09245718 
                  1.10666049                  1.06807864                  1.24894881                  1.16869068                  1.13730848 
                  1.14985728                  1.10992479                  1.29905558                  1.21597815                  1.18347228 
                  1.19419241                  1.15288401                  1.35056281                  1.26461267                  1.23096097 
                  1.23966956                  1.19696045                  1.40348017                  1.31460512                  1.27978575 
                  1.28629148                  1.24215734                  1.45781612                  1.36596537                  1.32995689 
                  1.33405948                  1.28847635                  1.51357746                  1.41870117                  1.38148355 
                  1.38297307                  1.33591855                  1.57076943                  1.47282016                  1.43437302 
                  1.43303084                  1.38448310                  1.62939572                  1.52832758                  1.48863161 
                  1.48422980                  1.43416762                  1.68945873                  1.58522761                  1.54426444 
                  1.53656530                  1.48496866                  1.75095916                  1.64352274                  1.60127485 
                  1.59003162                  1.53688121                  1.81389606                  1.70321405                  1.65966463 
                  1.64462090                  1.58989894                  1.87826610                  1.76430106                  1.71943426 
                  1.70032418                  1.64401376                  1.94406521                  1.82678163                  1.78058267 
                  1.75713062                  1.69921625                  2.01128674                  1.89065182                  1.84310675 
                  1.81502807                  1.75549519                  2.07992291                  1.95590615                  1.90700197 
                  1.87400222                  1.81283808                  2.14996290                  2.02253723                  1.97226238 
                  1.93403769                  1.87123072                  2.22139525                  2.09053588                  2.03887963 
                  1.99511719                  1.93065691                  2.29420567                  2.15989065                  2.10684419 
                  2.05722141                  1.99109960                  2.36837864                  2.23058939                  2.17614484 
                  2.12033010                  2.05253959                  2.44389534                  2.30261707                  2.24676776 
                  2.18442059                  2.11495566                  2.52073646                  2.37595725                  2.31869793 
                  2.24946928                  2.17832589                  2.59887958                  2.45059156                  2.39191818 
                  2.31545019                  2.24262595                  2.67830133                  2.52649951                  2.46640944 
                  2.38233614                  2.30783081                  2.75897479                  2.60365868                  2.54215121 
                  2.45009780                  2.37391257                  2.84087276                  2.68204451                  2.61912060 
                  2.51870418                  2.44084287                  2.92396450                  2.76163054                  2.69729280 
                  2.58812332                  2.50859070                  3.00821829                  2.84238887                  2.77664089 
                  2.65832138                  2.57712436                  3.09360003                  2.92428923                  2.85713673 
                  2.72926307                  2.64641047                  3.18007326                  3.00729966                  2.93875003 
                  2.80091119                  2.71641397                  3.26759982                  3.09138584                  3.02144814 
                  2.87322712                  2.78709793                  3.35613990                  3.17651176                  3.10519695 
                  2.94617057                  2.85842443                  3.44565105                  3.26264000                  3.18996072 
                  3.01970053                  2.93035436                  3.53608966                  3.34973073                  3.27570105 
                  3.09377408                  3.00284672                  3.62741017                  3.43774223                  3.36237860 
                  3.16834736                  3.07585955                  3.71956491                  3.52663136                  3.44995165 
                  3.24337435                  3.14934945                  3.81250429                  3.61635303                  3.53837705 
                  3.31880879                  3.22327185                  3.90617728                  3.70686030                  3.62760997 
                  3.39460254                  3.29758120                  4.00053120                  3.79810524                  3.71760368 
                  3.47070742                  3.37223029                  4.09551144                  3.89003754                  3.80831003 
                  3.54707289                  3.44717073                  4.19106293                  3.98260522                  3.89967895 
                  3.62364841                  3.52235484                  4.28712749                  4.07575560                  3.99165940 
                  3.70038176                  3.59773207                  4.38364792                  4.16943407                  4.08419847 
                  3.77722073                  3.67325234                  4.48056221                  4.26358366                  4.17724180 
                  3.85411191                  3.74886370                  4.57781029                  4.35814905                  4.27073431 
                  3.93100119                  3.82451415                  4.67532969                  4.45306969                  4.36461926 
                  4.00783443                  3.90015125                  4.77305651                  4.54828739                  4.45883894 
                  4.08455563                  3.97572160                  4.87092638                  4.64374113                  4.55333281 
                  4.16110992                  4.05117130                  4.96887398                  4.73936939                  4.64804220 
                  4.23744106                  4.12644720                  5.06683254                  4.83510971                  4.74290562 
                  4.31349373                  4.20149422                  5.16473579                  4.93089819                  4.83786154 
                  4.38921070                  4.27625751                  5.26251602                  5.02667046                  4.93284702 
                  4.46453667                  4.35068274                  5.36010504                  5.12236214                  5.02779818 
                  4.53941441                  4.42471504                  5.45743465                  5.21790743                  5.12265158 
                  4.61378860                  4.49829912                  5.55443573                  5.31324053                  5.21734238 
                  4.68760300                  4.57138062                  5.65104008                  5.40829563                  5.31180573 
                  4.76080132                  4.64390564                  5.74717760                  5.50300550                  5.40597677 
                  4.83332920                  4.71581936                  5.84278011                  5.59730434                  5.49978924 
                  4.90513134                  4.78706932                  5.93777657                  5.69112492                  5.59317732 
                  4.97615337                  4.85760117                  6.03210020                  5.78440142                  5.68607569 
                  5.04634142                  4.92736292                  6.12568235                  5.87706566                  5.77841854 
                  5.11564255                  4.99630213                  6.21845388                  5.96905327                  5.87014008 
                  5.18400478                  5.06436682                  6.31034803                  6.06029558                  5.96117592 
                  5.25137711                  5.13150787                  6.40129805                  6.15072918                  6.05146027 
                  5.31770945                  5.19767427                  6.49123669                  6.24028873                  6.14092922 
                  5.38295221                  5.26281786                  6.58009911                  6.32890940                  6.22951746 
                  5.44705725                  5.32689047                  6.66782093                  6.41652775                  6.31716251 
                  5.50997734                  5.38984680                  6.75433922                  6.50307941                  6.40380239 
                  5.57166672                  5.45163965                  6.83959007                  6.58850431                  6.48937464 
                  5.63208199                  5.51222515                  6.92351437                  6.67274094                  6.57381773 
                  5.69117975                  5.57156038                  7.00605106                  6.75572920                  6.65707254 
                  5.74891806                  5.62960482                  7.08714104                  6.83740997                  6.73907948 
                  5.80525684                  5.68631697                  7.16672850                  6.91772556                  6.81978226 
                  5.86015797                  5.74165869                  7.24475670                  6.99662066                  6.89912319 
                  5.91358519                  5.79559231                  7.32117271                  7.07404041                  6.97704792 
                  5.96550274                  5.84808254                  7.39592457                  7.14992952                  7.05350208 
                  6.01587725                  5.89909554                  7.46896076                  7.22423840                  7.12843323 
                  6.06467628                  5.94859982                  7.54023314                  7.29691744                  7.20179129 
                  6.11187124                  5.99656200                  7.60969543                  7.36791658                  7.27352667 
                  6.15743303                  6.04295540                  7.67730284                  7.43719006                  7.34359264 
                  6.20133638                  6.08775139                  7.74301195                  7.50469255                  7.41194344 
                  6.24355555                  6.13092518                  7.80678272                  7.57038260                  7.47853422 
                  6.28406858                  6.17245388                  7.86857605                  7.63421774                  7.54332352 
                  6.32285452                  6.21231461                  7.92835569                  7.69615889                  7.60627031 
                  6.35989523                  6.25048590                  7.98608828                  7.75616884                  7.66733789 
                  6.39517307                  6.28695202                  8.04174042                  7.81421375                  7.72648907 
                  6.42867422                  6.32169533                  8.09528160                  7.87025976                  7.78368998 
                  6.46038437                  6.35470200                  8.14668655                  7.92427683                  7.83890724 
                  6.49029303                  6.38595963                  8.19592857                  7.97623491                  7.89211321 
                  6.51839161                  6.41545677                  8.24298477                  8.02610874                  7.94327831 
                  6.54467201                  6.44318485                  8.28783321                  8.07387543                  7.99237680 
                  6.56912947                  6.46913624                  8.33045673                  8.11950970                  8.03938580 
                  6.59176064                  6.49330568                  8.37083912                  8.16299248                  8.08428192 
                  6.61256313                  6.51569033                  8.40896702                  8.20430756                  8.12704754 
                  6.63153839                  6.53628778                  8.44482708                  8.24343872                  8.16766357 
                  6.64868784                  6.55509901                  8.47841263                  8.28037167                  8.20611763 
                  6.66401482                  6.57212496                  8.50971413                  8.31509590                  8.24239445 
                  6.67752600                  6.58736944                  8.53872776                  8.34760380                  8.27648354 
                  6.68922710                  6.60083866                  8.56545258                  8.37788773                  8.30837727 
                  6.69912815                  6.61253786                  8.58988667                  8.40594292                  8.33806896 
                  6.70723915                  6.62247658                  8.61203194                  8.43176746                  8.36555481 
                  6.71357155                  6.63066435                  8.63189220                  8.45536041                  8.39083195 
                  6.71814060                  6.63711262                  8.64947319                  8.47672462                  8.41390038 
                  6.72096062                  6.64183474                  8.66478348                  8.49586296                  8.43476105 
                  6.72204876                  6.64484501                  8.67783451                  8.51278114                  8.45341969 
                  6.72142172                  6.64616013                  8.68863583                  8.52748680                  8.46988010 
                  6.71910000                  6.64579630                  8.69720364                  8.53999043                  8.48415089 
                  6.71510315                  6.64377213                  8.70355225                  8.55030251                  8.49624348 
                  6.70945406                  6.64010715                  8.70770073                  8.55843735                  8.50616741 
                  6.70217514                  6.63482285                  8.70966816                  8.56441021                  8.51393604 
                  6.69329071                  6.62794209                  8.70947647                  8.56823826                  8.51956558 
                  6.68282604                  6.61948729                  8.70714664                  8.56993961                  8.52307224 
                  6.67080641                  6.60948277                  8.70270348                  8.56953621                  8.52447510 
                  6.65726042                  6.59795332                  8.69617271                  8.56704903                  8.52379417 
                  6.64221573                  6.58492565                  8.68758297                  8.56250000                  8.52104950 
                  6.62570095                  6.57042599                  8.67696095                  8.55591583                  8.51626778 
                  6.60774517                  6.55448341                  8.66433907                  8.54732227                  8.50947094 
                  6.58837986                  6.53712511                  8.64974689                  8.53674698                  8.50068474 
                  6.56763601                  6.51838064                  8.63321781                  8.52421856                  8.48993778 
                  6.54554415                  6.49828100                  8.61478519                  8.50976849                  8.47725868 
                  6.52213764                  6.47685623                  8.59448338                  8.49342728                  8.46267700 
                  6.49744892                  6.45413733                  8.57234859                  8.47522736                  8.44622421 
                  6.47151089                  6.43015480                  8.54841614                  8.45520210                  8.42793083 
                  6.44435692                  6.40494204                  8.52272511                  8.43338585                  8.40783119 
                  6.41602087                  6.37853098                  8.49531174                  8.40981388                  8.38595963 
                  6.38653755                  6.35095358                  8.46621609                  8.38452053                  8.36235046 
                  6.35594082                  6.32224369                  8.43547821                  8.35754776                  8.33703995 
                  6.32426453                  6.29243469                  8.40313721                  8.32892799                  8.31006336 
                  6.29154348                  6.26155996                  8.36923409                  8.29870319                  8.28145885 
                  6.25781345                  6.22965240                  8.33381176                  8.26690960                  8.25126362 
                  6.22310829                  6.19674587                  8.29691029                  8.23358727                  8.21951771 
                  6.18746328                  6.16287279                  8.25857067                  8.19877815                  8.18625832 
                  6.15091276                  6.12806892                  8.21883678                  8.16252136                  8.15152454 
                  6.11349058                  6.09236670                  8.17775059                  8.12485695                  8.11535740 
                  6.07523251                  6.05580044                  8.13535309                  8.08582592                  8.07779694 
                  6.03617191                  6.01840305                  8.09168911                  8.04547024                  8.03888321 
                  5.99634314                  5.98020792                  8.04680252                  8.00382996                  7.99865723 
                  5.95578003                  5.94124889                  8.00073242                  7.96094704                  7.95716000 
                  5.91451597                  5.90155792                  7.95352364                  7.91686296                  7.91443157 
                  5.87258434                  5.86116791                  7.90521908                  7.87161922                  7.87051392 
                  5.83001804                  5.82011223                  7.85585976                  7.82525635                  7.82544708 
                  5.78684950                  5.77842093                  7.80548906                  7.77781725                  7.77927303 
                  5.74311066                  5.73612690                  7.75414753                  7.72934294                  7.73203230 
                  5.69883299                  5.69326115                  7.70187855                  7.67987442                  7.68376637 
                  5.65404797                  5.64985561                  7.64872265                  7.62945271                  7.63451529 
                  5.60878754                  5.60593987                  7.59472084                  7.57811737                  7.58432007 
                  5.56308079                  5.56154442                  7.53991413                  7.52591085                  7.53322029 
                  5.51695728                  5.51669836                  7.48434305                  7.47287178                  7.48125648 
                  5.47044706                  5.47143030                  7.42804670                  7.41904020                  7.42846775 
                  5.42357874                  5.42577028                  7.37106562                  7.36445522                  7.37489414 
                  5.37638044                  5.37974548                  7.31343842                  7.30915642                  7.32057381 
                  5.32887983                  5.33338451                  7.25520325                  7.25318146                  7.26554537 
                  5.28110313                  5.28671360                  7.19639683                  7.19656849                  7.20984793 
                  5.23307800                  5.23975945                  7.13705730                  7.13935566                  7.15351772 
                  5.18482971                  5.19254923                  7.07722092                  7.08157873                  7.09659243 
                  5.13638401                  5.14510727                  7.01692343                  7.02327442                  7.03910923 
                  5.08776474                  5.09745884                  6.95620060                  6.96447897                  6.98110247 
                  5.03899670                  5.04962778                  6.89508724                  6.90522671                  6.92260933 
                  4.99010324                  5.00163794                  6.83361626                  6.84555292                  6.86366415 
                  4.94110680                  4.95351267                  6.77182198                  6.78549147                  6.80430031 
                  4.89203072                  4.90527391                  6.70973587                  6.72507477                  6.74455261 
                  4.84289551                  4.85694504                  6.64739037                  6.66433620                  6.68445349 
                  4.79372215                  4.80854654                  6.58481646                  6.60330820                  6.62403488 
                  4.74453115                  4.76009941                  6.52204466                  6.54202080                  6.56332922 
                  4.69534206                  4.71162319                  6.45910501                  6.48050451                  6.50236702 
                  4.64617491                  4.66313791                  6.39602518                  6.41878986                  6.44117880 
                  4.59704733                  4.61466312                  6.33283281                  6.35690546                  6.37979460 
                  4.54797745                  4.56621647                  6.26955700                  6.29488039                  6.31824255 
                  4.49898291                  4.51781654                  6.20622396                  6.23274231                  6.25655127 
                  4.45007944                  4.46947956                  6.14285994                  6.17051792                  6.19474840 
                  4.40128469                  4.42122269                  6.07948971                  6.10823298                  6.13285971 
                  4.35261297                  4.37306213                  6.01613712                  6.04591417                  6.07091236 
                  4.30408001                  4.32501364                  5.95282650                  5.98358536                  6.00893116 
                  4.25570011                  4.27709198                  5.88958025                  5.92127085                  5.94694090 
                  4.20748711                  4.22931147                  5.82642031                  5.85899401                  5.88496590 
                  4.15945435                  4.18168545                  5.76336908                  5.79677773                  5.82302856 
                  4.11161423                  4.13422871                  5.70044661                  5.73464394                  5.76115179 
                  4.06397963                  4.08695269                  5.63767385                  5.67261410                  5.69935703 
                  4.01656199                  4.03987074                  5.57506990                  5.61070776                  5.63766575 
                  3.96937275                  3.99299407                  5.51265335                  5.54894447                  5.57609844 
                  3.92242217                  3.94633412                  5.45044184                  5.48734474                  5.51467419 
                  3.87572098                  3.89990234                  5.38845301                  5.42592669                  5.45341301 
                  3.82927871                  3.85370874                  5.32670307                  5.36470699                  5.39233303 
                  3.78310490                  3.80776262                  5.26520824                  5.30370378                  5.33145142 
                  3.73720813                  3.76207399                  5.20398378                  5.24293375                  5.27078485 
                  3.69159675                  3.71665192                  5.14304495                  5.18241215                  5.21035051 
                  3.64627910                  3.67150474                  5.08240461                  5.12215471                  5.15016317 
                  3.60126257                  3.62664080                  5.02207661                  5.06217527                  5.09023952 
                  3.55655408                  3.58206749                  4.96207476                  5.00248814                  5.03059292 
                  3.51216078                  3.53779173                  4.90241051                  4.94310713                  4.97123671 
                  3.46808863                  3.49382091                  4.84309530                  4.88404369                  4.91218567 
                  3.42434359                  3.45016170                  4.78414011                  4.82531118                  4.85345125 
                  3.38093114                  3.40681982                  4.72555685                  4.76692009                  4.79504585 
                  3.33785677                  3.36380100                  4.66735411                  4.70888233                  4.73698092 
                  3.29512548                  3.32111096                  4.60954189                  4.65120792                  4.67926788 
                  3.25274134                  3.27875447                  4.55212975                  4.59390688                  4.62191629 
                  3.21070862                  3.23673677                  4.49512434                  4.53698921                  4.56493711 
                  3.16903138                  3.19506168                  4.43853521                  4.48046350                  4.50833893 
                  3.12771320                  3.15373302                  4.38236952                  4.42433739                  4.45213127 
                  3.08675742                  3.11275482                  4.32663393                  4.36861992                  4.39632225 
                  3.04616666                  3.07213044                  4.27133465                  4.31331825                  4.34091949 
                  3.00594378                  3.03186369                  4.21647882                  4.25843954                  4.28593063 
                  2.96609139                  2.99195647                  4.16207218                  4.20398951                  4.23136234 
                  2.92661166                  2.95241213                  4.10811901                  4.14997530                  4.17722082 
                  2.88750648                  2.91323280                  4.05462503                  4.09640217                  4.12351322 
                  2.84877706                  2.87442017                  4.00159407                  4.04327536                  4.07024431 
                  2.81042528                  2.83597636                  3.94903064                  3.99059916                  4.01741982 
                  2.77245188                  2.79790282                  3.89693880                  3.93837881                  3.96504450 
                  2.73485851                  2.76020122                  3.84532166                  3.88661861                  3.91312265 
                  2.69764543                  2.72287273                  3.79418230                  3.83532190                  3.86165857 
                  2.66081333                  2.68591785                  3.74352336                  3.78449178                  3.81065607 
                  2.62436271                  2.64933753                  3.69334698                  3.73413229                  3.76011848 
                  2.58829355                  2.61313248                  3.64365578                  3.68424535                  3.71004891 
                  2.55260611                  2.57730246                  3.59445143                  3.63483381                  3.66044998 
                  2.51729989                  2.54184866                  3.54573464                  3.58589935                  3.61132407 
                  2.48237467                  2.50677061                  3.49750757                  3.53744435                  3.56267309 
                  2.44783020                  2.47206759                  3.44977093                  3.48946953                  3.51449919 
                  2.41366529                  2.43773985                  3.40252566                  3.44197655                  3.46680355 
                  2.37987995                  2.40378666                  3.35577154                  3.39496636                  3.41958785 
                  2.34647274                  2.37020731                  3.30950904                  3.34843993                  3.37285256 
                  2.31344271                  2.33700132                  3.26373816                  3.30239749                  3.32659864 
                  2.28078890                  2.30416727                  3.21845865                  3.25683928                  3.28082681 
                  2.24850941                  2.27170444                  3.17367053                  3.21176529                  3.23553681 
                  2.21660328                  2.23961186                  3.12937284                  3.16717529                  3.19072866 
                  2.18506908                  2.20788789                  3.08556437                  3.12306905                  3.14640212 
                  2.15390491                  2.17653108                  3.04224396                  3.07944560                  3.10255742 
                  2.12310910                  2.14554024                  2.99941111                  3.03630447                  3.05919337 
                  2.09267974                  2.11491346                  2.95706415                  2.99364471                  3.01630926 
                  2.06261492                  2.08464932                  2.91520143                  2.95146513                  2.97390389 
                  2.03291273                  2.05474591                  2.87382102                  2.90976429                  2.93197608 
                  2.00357103                  2.02520084                  2.83292127                  2.86854053                  2.89052463 
                  1.97458780                  1.99601293                  2.79250002                  2.82779217                  2.84954810 
                  1.94596052                  1.96717966                  2.75255561                  2.78751755                  2.80904484 
                  1.91768706                  1.93869889                  2.71308565                  2.74771452                  2.76901293 
                  1.88976502                  1.91056824                  2.67408729                  2.70838094                  2.72945046 
                  1.86219192                  1.88278592                  2.63555861                  2.66951466                  2.69035530 
                  1.83496535                  1.85534918                  2.59749651                  2.63111377                  2.65172529 
                  1.80808282                  1.82825589                  2.55989838                  2.59317541                  2.61355782 
                  1.78154182                  1.80150342                  2.52276158                  2.55569720                  2.57585073 
                  1.75533938                  1.77508974                  2.48608303                  2.51867652                  2.53860116 
                  1.72947323                  1.74901175                  2.44986010                  2.48211050                  2.50180674 
                  1.70394027                  1.72326708                  2.41408944                  2.44599605                  2.46546459 
                  1.67873812                  1.69785273                  2.37876773                  2.41033030                  2.42957211 
                  1.65386367                  1.67276645                  2.34389210                  2.37511063                  2.39412594 
                  1.62931442                  1.64800537                  2.30945897                  2.34033322                  2.35912323 
                  1.60508728                  1.62356699                  2.27546477                  2.30599546                  2.32456112 
                  1.58117938                  1.59944832                  2.24190688                  2.27209353                  2.29043627 
                  1.55758786                  1.57564664                  2.20878124                  2.23862505                  2.25674510 
                  1.53430986                  1.55215907                  2.17608452                  2.20558596                  2.22348475 
                  1.51134253                  1.52898264                  2.14381313                  2.17297268                  2.19065142 
                  1.48868275                  1.50611448                  2.11196327                  2.14078236                  2.15824199 
                  1.46632779                  1.48355174                  2.08053160                  2.10901117                  2.12625337 
                  1.44427443                  1.46129179                  2.04951406                  2.07765555                  2.09468126 
                  1.42251992                  1.43933153                  2.01890731                  2.04671168                  2.06352258 
                  1.40106106                  1.41766787                  1.98870718                  2.01617599                  2.03277373 
                  1.37989473                  1.39629793                  1.95891023                  1.98604500                  2.00243092 
                  1.35901833                  1.37521911                  1.92951238                  1.95631492                  1.97249067 
                  1.33842862                  1.35442793                  1.90050983                  1.92698240                  1.94294918 
                  1.31812263                  1.33392167                  1.87189901                  1.89804316                  1.91380286 
                  1.29809725                  1.31369734                  1.84367597                  1.86949360                  1.88504779 
                  1.27834952                  1.29375207                  1.81583667                  1.84133005                  1.85668039 
                  1.25887644                  1.27408290                  1.78837740                  1.81354868                  1.82869661 
                  1.23967493                  1.25468659                  1.76129413                  1.78614545                  1.80109286 
                  1.22074223                  1.23556042                  1.73458314                  1.75911641                  1.77386534 
                  1.20207512                  1.21670127                  1.70824051                  1.73245800                  1.74701011 
                  1.18367064                  1.19810629                  1.68226230                  1.70616651                  1.72052336 
                  1.16552579                  1.17977262                  1.65664458                  1.68023789                  1.69440138 
                  1.14763761                  1.16169715                  1.63138342                  1.65466845                  1.66864014 
                  1.13000321                  1.14387691                  1.60647488                  1.62945414                  1.64323592 
                  1.11261964                  1.12630916                  1.58191526                  1.60459125                  1.61818492 
                  1.09548402                  1.10899091                  1.55770051                  1.58007586                  1.59348333 
                  1.07859313                  1.09191906                  1.53382695                  1.55590403                  1.56912732 
                  1.06194437                  1.07509089                  1.51029050                  1.53207207                  1.54511309 
                  1.04553473                  1.05850363                  1.48708749                  1.50857627                  1.52143657 
                  1.02936137                  1.04215431                  1.46421385                  1.48541260                  1.49809432 
                  1.01342142                  1.02604020                  1.44166577                  1.46257746                  1.47508228 
                  0.99771202                  1.01015818                  1.41943991                  1.44006658                  1.45239687 
                  0.98223037                  0.99450564                  1.39753199                  1.41787660                  1.43003416 
                  0.96697360                  0.97907972                  1.37593818                  1.39600384                  1.40799034 
                  0.95193899                  0.96387756                  1.35465503                  1.37444448                  1.38626170 
                  0.93712378                  0.94889647                  1.33367872                  1.35319483                  1.36484444 
                  0.92252511                  0.93413383                  1.31300545                  1.33225095                  1.34373510 
                  0.90814036                  0.91958678                  1.29263163                  1.31160915                  1.32292986 
                  0.89396673                  0.90525264                  1.27255356                  1.29126608                  1.30242503 
                  0.88000149                  0.89112872                  1.25276744                  1.27121782                  1.28221703 
                  0.86624205                  0.87721229                  1.23326969                  1.25146091                  1.26230204 
                  0.85268575                  0.86350077                  1.21405673                  1.23199153                  1.24267662 
                  0.83932990                  0.84999150                  1.19512510                  1.21280622                  1.22333705 
                  0.82617199                  0.83668184                  1.17647111                  1.19390142                  1.20428002 
                  0.81320935                  0.82356918                  1.15809143                  1.17527354                  1.18550169 
                  0.80043948                  0.81065094                  1.13998234                  1.15691936                  1.16699862 
                  0.78785974                  0.79792476                  1.12214041                  1.13883531                  1.14876735 
                  0.77546775                  0.78538799                  1.10456216                  1.12101746                  1.13080454 
                  0.76326096                  0.77303803                  1.08724415                  1.10346293                  1.11310661 
                  0.75123692                  0.76087254                  1.07018328                  1.08616817                  1.09567022 
                  0.73939312                  0.74888903                  1.05337596                  1.06912971                  1.07849193 
                  0.72772717                  0.73708504                  1.03681898                  1.05234432                  1.06156850 
                  0.71623671                  0.72545826                  1.02050877                  1.03580856                  1.04489648 
                  0.70491934                  0.71400619                  1.00444233                  1.01951933                  1.02847266 
                  0.69377273                  0.70272648                  0.98861623                  1.00347304                  1.01229382 
                  0.68279439                  0.69161689                  0.97302741                  0.98766679                  0.99635655 
                  0.67198211                  0.68067503                  0.95767260                  0.97209728                  0.98065770 
                  0.66133374                  0.66989857                  0.94254857                  0.95676136                  0.96519411 
                  0.65084696                  0.65928519                  0.92765236                  0.94165581                  0.94996256 
                  0.64051950                  0.64883286                  0.91298091                  0.92677760                  0.93496001 
                  0.63034916                  0.63853914                  0.89853114                  0.91212356                  0.92018336 
                  0.62033367                  0.62840199                  0.88429993                  0.89769077                  0.90562952 
                  0.61047101                  0.61841923                  0.87028426                  0.88347614                  0.89129555 
                  0.60075897                  0.60858864                  0.85648113                  0.86947680                  0.87717831 
                  0.59119540                  0.59890813                  0.84288770                  0.85568964                  0.86327487 
                  0.58177829                  0.58937562                  0.82950109                  0.84211189                  0.84958237 
                  0.57250547                  0.57998908                  0.81631833                  0.82874054                  0.83609784 
                  0.56337506                  0.57074618                  0.80333668                  0.81557274                  0.82281840 
                  0.55438501                  0.56164515                  0.79055333                  0.80260563                  0.80974120 
                  0.54553318                  0.55268383                  0.77796555                  0.78983647                  0.79686344 
                  0.53681773                  0.54386032                  0.76557040                  0.77726251                  0.78418237 
                  0.52823663                  0.53517270                  0.75336528                  0.76488090                  0.77169526 
                  0.51978797                  0.52661902                  0.74134761                  0.75268900                  0.75939929 
                  0.51146984                  0.51819730                  0.72951454                  0.74068415                  0.74729192 
                  0.50328040                  0.50990564                  0.71786350                  0.72886372                  0.73537028 
                  0.49521777                  0.50174224                  0.70639193                  0.71722507                  0.72363174 
                  0.48728013                  0.49370518                  0.69509727                  0.70576566                  0.71207386 
                  0.47946566                  0.48579270                  0.68397689                  0.69448280                  0.70069396 
                  0.47177255                  0.47800297                  0.67302841                  0.68337411                  0.68948960 
                  0.46419907                  0.47033414                  0.66224939                  0.67243701                  0.67845815 
                  0.45674345                  0.46278453                  0.65163732                  0.66166902                  0.66759723 
                  0.44940397                  0.45535237                  0.64118981                  0.65106773                  0.65690434 
                  0.44217893                  0.44803593                  0.63090444                  0.64063072                  0.64637709 
                  0.43506667                  0.44083357                  0.62077886                  0.63035566                  0.63601309 
                  0.42806554                  0.43374360                  0.61081058                  0.62024021                  0.62580979 
                  0.42117387                  0.42676431                  0.60099757                  0.61028194                  0.61576515 
                  0.41439003                  0.41989410                  0.59133744                  0.60047859                  0.60587668 
                  0.40771246                  0.41313139                  0.58182794                  0.59082806                  0.59614205 
                  0.40113956                  0.40647459                  0.57246691                  0.58132797                  0.58655918 
                  0.39466977                  0.39992213                  0.56325221                  0.57197607                  0.57712579 
                  0.38830158                  0.39347246                  0.55418152                  0.56277031                  0.56783962 
                  0.38203347                  0.38712406                  0.54525286                  0.55370849                  0.55869853 
                  0.37586394                  0.38087541                  0.53646410                  0.54478848                  0.54970050 
                  0.36979151                  0.37472498                  0.52781314                  0.53600806                  0.54084331 
                  0.36381474                  0.36867136                  0.51929796                  0.52736539                  0.53212488 
                  0.35793215                  0.36271310                  0.51091653                  0.51885831                  0.52354312 
                  0.35214242                  0.35684872                  0.50266683                  0.51048470                  0.51509607 
                  0.34644410                  0.35107687                  0.49454695                  0.50224280                  0.50678170 
                  0.34083581                  0.34539613                  0.48655486                  0.49413049                  0.49859804 
                  0.33531621                  0.33980519                  0.47868875                  0.48614591                  0.49054313 
                  0.32988393                  0.33430260                  0.47094664                  0.47828704                  0.48261505 
                  0.32453766                  0.32888705                  0.46332672                  0.47055209                  0.47481194 
                  0.31927615                  0.32355726                  0.45582715                  0.46293920                  0.46713185 
                  0.31409806                  0.31831190                  0.44844615                  0.45544657                  0.45957300 
                  0.30900216                  0.31314969                  0.44118190                  0.44807228                  0.45213354 
                  0.30398712                  0.30806941                  0.43403262                  0.44081464                  0.44481167 
                  0.29905176                  0.30306980                  0.42699659                  0.43367183                  0.43760562 
                  0.29419488                  0.29814953                  0.42007202                  0.42664215                  0.43051362 
                  0.28941527                  0.29330745                  0.41325733                  0.41972381                  0.42353398 
                  0.28471175                  0.28854242                  0.40655082                  0.41291520                  0.41666499 
                  0.28008312                  0.28385323                  0.39995083                  0.40621465                  0.40990496 
                  0.27552828                  0.27923870                  0.39345568                  0.39962053                  0.40325218 
                  0.27104607                  0.27469775                  0.38706386                  0.39313120                  0.39670509 
                  0.26663536                  0.27022922                  0.38077375                  0.38674501                  0.39026207 
                  0.26229507                  0.26583195                  0.37458381                  0.38046047                  0.38392153 
                  0.25802413                  0.26150489                  0.36849248                  0.37427598                  0.37768191 
                  0.25382143                  0.25724697                  0.36249825                  0.36818999                  0.37154168 
                  0.24968597                  0.25305709                  0.35659963                  0.36220104                  0.36549926 
                  0.24561667                  0.24893421                  0.35079521                  0.35630754                  0.35955322 
                  0.24161255                  0.24487729                  0.34508345                  0.35050812                  0.35370204 
                  0.23767258                  0.24088530                  0.33946297                  0.34480137                  0.34794423 
                  0.23379575                  0.23695728                  0.33393240                  0.33918580                  0.34227839 
                  0.22998106                  0.23309220                  0.32849029                  0.33366001                  0.33670309 
                  0.22622760                  0.22928910                  0.32313529                  0.32822260                  0.33121696 
                  0.22253439                  0.22554699                  0.31786606                  0.32287219                  0.32581863 
                  0.21890049                  0.22186494                  0.31268129                  0.31760749                  0.32050669 
                  0.21532498                  0.21824205                  0.30757961                  0.31242716                  0.31527984 
                  0.21180694                  0.21467735                  0.30255973                  0.30732986                  0.31013677 
                  0.20834547                  0.21116993                  0.29762048                  0.30231428                  0.30507618 
                  0.20493972                  0.20771892                  0.29276049                  0.29737920                  0.30009675 
                  0.20158879                  0.20432347                  0.28797859                  0.29252335                  0.29519725 
                  0.19829184                  0.20098266                  0.28327355                  0.28774551                  0.29037645 
                  0.19504800                  0.19769564                  0.27864420                  0.28304446                  0.28563309 
                  0.19185644                  0.19446161                  0.27408934                  0.27841896                  0.28096598 
                  0.18871638                  0.19127968                  0.26960778                  0.27386793                  0.27637392 
                  0.18562698                  0.18814908                  0.26519838                  0.26939017                  0.27185574 
                  0.18258743                  0.18506898                  0.26086003                  0.26498446                  0.26741031 
                  0.17959696                  0.18203861                  0.25659162                  0.26064974                  0.26303649 
                  0.17665480                  0.17905717                  0.25239205                  0.25638488                  0.25873312 
                  0.17376018                  0.17612389                  0.24826020                  0.25218880                  0.25449917 
                  0.17091237                  0.17323801                  0.24419503                  0.24806042                  0.25033346 
                  0.16811064                  0.17039880                  0.24019553                  0.24399865                  0.24623498 
                  0.16535422                  0.16760549                  0.23626061                  0.24000245                  0.24220267 
                  0.16264245                  0.16485739                  0.23238927                  0.23607083                  0.23823547 
                  0.15997458                  0.16215377                  0.22858053                  0.23220271                  0.23433235 
                  0.15734991                  0.15949392                  0.22483338                  0.22839712                  0.23049232 
                  0.15476778                  0.15687716                  0.22114687                  0.22465307                  0.22671437 
                  0.15222752                  0.15430281                  0.21752003                  0.22096960                  0.22299752 
                  0.14972843                  0.15177017                  0.21395190                  0.21734574                  0.21934080 
                  0.14726990                  0.14927861                  0.21044157                  0.21378057                  0.21574329 
                  0.14485127                  0.14682747                  0.20698814                  0.21027313                  0.21220402 
                  0.14247188                  0.14441611                  0.20359069                  0.20682251                  0.20872211 
                  0.14013115                  0.14204390                  0.20024832                  0.20342785                  0.20529661 
                  0.13782844                  0.13971023                  0.19696018                  0.20008822                  0.20192665 
                  0.13556314                  0.13741444                  0.19372539                  0.19680277                  0.19861135 
                  0.13333468                  0.13515598                  0.19054313                  0.19357061                  0.19534983 
                  0.13114247                  0.13293421                  0.18741253                  0.19039094                  0.19214123 
                  0.12898590                  0.13074857                  0.18433282                  0.18726289                  0.18898472 
                  0.12686443                  0.12859848                  0.18130311                  0.18418567                  0.18587950 
                  0.12477750                  0.12648340                  0.17832267                  0.18115845                  0.18282470 
                  0.12272454                  0.12440272                  0.17539068                  0.17818044                  0.17981955 
                  0.12070502                  0.12235592                  0.17250638                  0.17525081                  0.17686328 
                  0.11871839                  0.12034245                  0.16966902                  0.17236885                  0.17395508 
                  0.11676414                  0.11836177                  0.16687784                  0.16953379                  0.17109419 
                  0.11484174                  0.11641338                  0.16413212                  0.16674487                  0.16827986 
                  0.11295069                  0.11449675                  0.16143110                  0.16400138                  0.16551133 
                  0.11109049                  0.11261138                  0.15877409                  0.16130257                  0.16278788 
                  0.10926063                  0.11075675                  0.15616038                  0.15864770                  0.16010879 
                  0.10746063                  0.10893238                  0.15358928                  0.15603609                  0.15747336 
                  0.10569002                  0.10713778                  0.15106010                  0.15346707                  0.15488087 
                  0.10394833                  0.10537249                  0.14857218                  0.15093994                  0.15233064 
                  0.10223508                  0.10363601                  0.14612484                  0.14845400                  0.14982201 
                  0.10054981                  0.10192791                  0.14371745                  0.14600861                  0.14735430 
                  0.09889208                  0.10024770                  0.14134936                  0.14360315                  0.14492686 
                  0.09726145                  0.09859496                  0.13901992                  0.14123696                  0.14253904 
                  0.09565748                  0.09696923                  0.13672854                  0.13890941                  0.14019020 
                  0.09407975                  0.09537007                  0.13447459                  0.13661987                  0.13787970 
                  0.09252782                  0.09379706                  0.13225749                  0.13436772                  0.13560696 
                  0.09100129                  0.09224978                  0.13007662                  0.13215239                  0.13337135 
                  0.08949973                  0.09072783                  0.12793140                  0.12997326                  0.13117228 
                  0.08802276                  0.08923078                  0.12582126                  0.12782976                  0.12900917 
                  0.08656996                  0.08775824                  0.12374564                  0.12572132                  0.12688142 
                  0.08514097                  0.08630981                  0.12170399                  0.12364736                  0.12478847 
                  0.08373537                  0.08488510                  0.11969575                  0.12160734                  0.12272976 
                  0.08235281                  0.08348372                  0.11772039                  0.11960071                  0.12070472 
                  0.08099291                  0.08210531                  0.11577737                  0.11762692                  0.11871284 
                  0.07965530                  0.08074947                  0.11386618                  0.11568545                  0.11675357 
                  0.07833962                  0.07941589                  0.11198629                  0.11377577                  0.11482638 
                  0.07704552                  0.07810415                  0.11013719                  0.11189738                  0.11293075 
                  0.07577264                  0.07681393                  0.10831840                  0.11004975                  0.11106619 
                  0.07452063                  0.07554486                  0.10652943                  0.10823242                  0.10923218 
                  0.07328917                  0.07429662                  0.10476978                  0.10644487                  0.10742824 
                  0.07207793                  0.07306886                  0.10303899                  0.10468663                  0.10565386 
                  0.07088657                  0.07186125                  0.10133658                  0.10295723                  0.10390858 
                  0.06971478                  0.07067345                  0.09966212                  0.10125618                  0.10219193 
                  0.06856222                  0.06950516                  0.09801513                  0.09958304                  0.10050342 
                  0.06742860                  0.06835606                  0.09639517                  0.09793736                  0.09884263 
                  0.06631360                  0.06722583                  0.09480181                  0.09631869                  0.09720910 
                  0.06521692                  0.06611416                  0.09323461                  0.09472658                  0.09560238 
                  0.06413826                  0.06502077                  0.09169315                  0.09316063                  0.09402204 
                  0.06307733                  0.06394535                  0.09017699                  0.09162039                  0.09246764 
                  0.06203384                  0.06288759                  0.08868576                  0.09010544                  0.09093877 
                  0.06100751                  0.06184724                  0.08721903                  0.08861539                  0.08943502 
