        0.00000000        0.00000000        0.00000000        0.00000000        0.00000000        0.00000000        0.00000000 
        0.00000000        0.00000000        0.00000000        0.00000000        0.00000000        0.00000000        0.00000000 
        0.00000000        0.00000000        0.00000026        0.00000052        0.00000052        0.00000052        0.00000026 
        0.00000000        0.00000000        0.00000059        0.00000128        0.00000138        0.00000138        0.00000069 
        0.00000000        0.00000000        0.00000091        0.00000199        0.00000223        0.00000229        0.00000115 
        0.00000002        0.00000004        0.00000115        0.00000252        0.00000289        0.00000303        0.00000153 
        0.00000027        0.00000055        0.00000163        0.00000309        0.00000361        0.00000382        0.00000194 
        0.00000050        0.00000101        0.00000217        0.00000379        0.00000444        0.00000474        0.00000242 
        0.00000076        0.00000152        0.00000283        0.00000469        0.00000545        0.00000579        0.00000296 
        0.00000102        0.00000206        0.00000353        0.00000566        0.00000653        0.00000689        0.00000351 
        0.00000132        0.00000265        0.00000430        0.00000670        0.00000774        0.00000818        0.00000416 
        0.00000164        0.00000331        0.00000517        0.00000786        0.00000907        0.00000960        0.00000488 
        0.00000200        0.00000405        0.00000613        0.00000913        0.00001054        0.00001120        0.00000570 
        0.00000241        0.00000489        0.00000720        0.00001055        0.00001216        0.00001293        0.00000658 
        0.00000286        0.00000583        0.00000841        0.00001211        0.00001394        0.00001485        0.00000757 
        0.00000339        0.00000691        0.00000976        0.00001386        0.00001591        0.00001695        0.00000865 
        0.00000398        0.00000813        0.00001129        0.00001580        0.00001810        0.00001930        0.00000986 
        0.00000463        0.00000948        0.00001299        0.00001797        0.00002052        0.00002189        0.00001118 
        0.00000536        0.00001099        0.00001489        0.00002038        0.00002320        0.00002474        0.00001264 
        0.00000618        0.00001267        0.00001699        0.00002305        0.00002617        0.00002790        0.00001426 
        0.00000708        0.00001454        0.00001933        0.00002601        0.00002947        0.00003140        0.00001605 
        0.00000808        0.00001661        0.00002192        0.00002929        0.00003311        0.00003526        0.00001802 
        0.00000920        0.00001891        0.00002479        0.00003292        0.00003713        0.00003951        0.00002019 
        0.00001044        0.00002146        0.00002797        0.00003692        0.00004157        0.00004422        0.00002260 
        0.00001181        0.00002430        0.00003149        0.00004135        0.00004648        0.00004941        0.00002524 
        0.00001333        0.00002743        0.00003537        0.00004623        0.00005189        0.00005513        0.00002816 
        0.00001502        0.00003091        0.00003967        0.00005162        0.00005785        0.00006143        0.00003138 
        0.00001688        0.00003475        0.00004441        0.00005756        0.00006442        0.00006837        0.00003492 
        0.00001895        0.00003899        0.00004964        0.00006411        0.00007166        0.00007601        0.00003881 
        0.00002122        0.00004367        0.00005541        0.00007131        0.00007962        0.00008441        0.00004310 
        0.00002374        0.00004884        0.00006176        0.00007924        0.00008838        0.00009366        0.00004781 
        0.00002651        0.00005454        0.00006875        0.00008795        0.00009801        0.00010381        0.00005299 
        0.00002957        0.00006082        0.00007644        0.00009752        0.00010858        0.00011497        0.00005868 
        0.00003293        0.00006773        0.00008489        0.00010804        0.00012018        0.00012721        0.00006492 
        0.00003664        0.00007534        0.00009419        0.00011957        0.00013291        0.00014064        0.00007176 
        0.00004071        0.00008372        0.00010439        0.00013223        0.00014687        0.00015536        0.00007927 
        0.00004520        0.00009292        0.00011560        0.00014610        0.00016217        0.00017149        0.00008749 
        0.00005012        0.00010303        0.00012789        0.00016130        0.00017892        0.00018915        0.00009649 
        0.00005553        0.00011413        0.00014136        0.00017794        0.00019725        0.00020848        0.00010635 
        0.00006146        0.00012631        0.00015613        0.00019615        0.00021731        0.00022963        0.00011713 
        0.00006797        0.00013967        0.00017230        0.00021607        0.00023924        0.00025274        0.00012891 
        0.00007510        0.00015432        0.00019001        0.00023784        0.00026321        0.00027800        0.00014178 
        0.00008291        0.00017036        0.00020937        0.00026163        0.00028938        0.00030558        0.00015584 
        0.00009146        0.00018792        0.00023054        0.00028760        0.00031794        0.00033567        0.00017117 
        0.00010082        0.00020714        0.00025368        0.00031594        0.00034910        0.00036850        0.00018790 
        0.00011106        0.00022815        0.00027895        0.00034686        0.00038307        0.00040429        0.00020614 
        0.00012225        0.00025112        0.00030653        0.00038055        0.00042008        0.00044328        0.00022601 
        0.00013447        0.00027621        0.00033661        0.00041726        0.00046039        0.00048573        0.00024765 
        0.00014781        0.00030360        0.00036942        0.00045723        0.00050427        0.00053194        0.00027119 
        0.00016237        0.00033349        0.00040516        0.00050073        0.00055200        0.00058219        0.00029680 
        0.00017825        0.00036609        0.00044409        0.00054803        0.00060389        0.00063683        0.00032464 
        0.00019555        0.00040162        0.00048647        0.00059946        0.00066027        0.00069618        0.00035489 
        0.00021441        0.00044032        0.00053258        0.00065533        0.00072151        0.00076064        0.00038773 
        0.00023493        0.00048246        0.00058270        0.00071600        0.00078798        0.00083059        0.00042337 
        0.00025727        0.00052831        0.00063718        0.00078184        0.00086008        0.00090646        0.00046203 
        0.00028156        0.00057818        0.00069635        0.00085326        0.00093825        0.00098871        0.00050393 
        0.00030797        0.00063239        0.00076058        0.00093067        0.00102296        0.00107783        0.00054933 
        0.00033665        0.00069128        0.00083026        0.00101455        0.00111470        0.00117433        0.00059850 
        0.00036780        0.00075522        0.00090583        0.00110538        0.00121400        0.00127876        0.00065170 
        0.00040160        0.00082460        0.00098772        0.00120368        0.00132143        0.00139173        0.00070925 
        0.00043826        0.00089985        0.00107642        0.00131001        0.00143758        0.00151385        0.00077146 
        0.00047800        0.00098143        0.00117245        0.00142496        0.00156310        0.00164580        0.00083867 
        0.00052106        0.00106981        0.00127635        0.00154917        0.00169866        0.00178828        0.00091124 
        0.00056768        0.00116550        0.00138870        0.00168329        0.00184498        0.00194206        0.00098957 
        0.00061814        0.00126906        0.00151014        0.00182806        0.00200284        0.00210794        0.00107406 
        0.00067271        0.00138108        0.00164131        0.00198422        0.00217306        0.00228676        0.00116513 
        0.00073171        0.00150217        0.00178293        0.00215258        0.00235648        0.00247944        0.00126326 
        0.00079545        0.00163300        0.00193575        0.00233400        0.00255405        0.00268693        0.00136893 
        0.00086429        0.00177427        0.00210055        0.00252938        0.00276671        0.00291025        0.00148265 
        0.00093858        0.00192674        0.00227818        0.00273967        0.00299552        0.00315047        0.00160498 
        0.00101872        0.00209121        0.00246954        0.00296590        0.00324154        0.00340873        0.00173648 
        0.00110512        0.00226851        0.00267557        0.00320914        0.00350594        0.00368622        0.00187777 
        0.00119822        0.00245955        0.00289728        0.00347052        0.00378992        0.00398423        0.00202950 
        0.00129847        0.00266528        0.00313573        0.00375125        0.00409478        0.00430408        0.00219234 
        0.00140638        0.00288671        0.00339205        0.00405259        0.00442187        0.00464718        0.00236702 
        0.00152246        0.00312490        0.00366743        0.00437588        0.00477261        0.00501504        0.00255428 
        0.00164727        0.00338099        0.00396311        0.00472252        0.00514851        0.00540920        0.00275493 
        0.00178139        0.00365616        0.00428043        0.00509401        0.00555115        0.00583132        0.00296980 
        0.00192542        0.00395167        0.00462078        0.00549190        0.00598219        0.00628314        0.00319977 
        0.00208003        0.00426887        0.00498564        0.00591784        0.00644340        0.00676647        0.00344577 
        0.00224590        0.00460914        0.00537656        0.00637356        0.00693659        0.00728323        0.00370877 
        0.00242375        0.00497398        0.00579517        0.00686087        0.00746372        0.00783543        0.00398979 
        0.00261433        0.00536493        0.00624318        0.00738167        0.00802679        0.00842517        0.00428989 
        0.00281846        0.00578365        0.00672241        0.00793798        0.00862794        0.00905465        0.00461020 
        0.00303697        0.00623185        0.00723475        0.00853188        0.00926938        0.00972618        0.00495189 
        0.00327076        0.00671135        0.00778218        0.00916557        0.00995343        0.01044217        0.00531618 
        0.00352075        0.00722406        0.00836680        0.00984134        0.01068253        0.01120515        0.00570435 
        0.00378791        0.00777197        0.00899078        0.01056160        0.01145922        0.01201775        0.00611774 
        0.00407327        0.00835718        0.00965642        0.01132886        0.01228615        0.01288273        0.00655774 
        0.00437792        0.00898188        0.01036612        0.01214573        0.01316610        0.01380294        0.00702581 
        0.00470296        0.00964839        0.01112237        0.01301496        0.01410192        0.01478138        0.00752347 
        0.00504958        0.01035910        0.01192779        0.01393939        0.01509665        0.01582116        0.00805229 
        0.00541901        0.01111653        0.01278511        0.01492199        0.01615340        0.01692551        0.00861390 
        0.00581254        0.01192331        0.01369719        0.01596587        0.01727541        0.01809779        0.00921003 
        0.00623150        0.01278220        0.01466698        0.01707422        0.01846608        0.01934150        0.00984243 
        0.00667730        0.01369604        0.01569758        0.01825040        0.01972891        0.02066026        0.01051294 
        0.00715139        0.01466783        0.01679220        0.01949788        0.02106754        0.02205784        0.01122347 
        0.00765531        0.01570067        0.01795420        0.02082025        0.02248574        0.02353813        0.01197600 
        0.00819063        0.01679780        0.01918705        0.02222126        0.02398742        0.02510514        0.01277255 
        0.00875899        0.01796258        0.02049435        0.02370476        0.02557661        0.02676306        0.01361524 
        0.00936592        0.01920502        0.02188567        0.02528200        0.02726663        0.02852820        0.01451331 
        0.01000938        0.02052222        0.02335904        0.02695015        0.02905482        0.03039491        0.01546201 
        0.01068795        0.02191233        0.02491355        0.02870675        0.03093349        0.03235356        0.01645738 
        0.01140679        0.02338490        0.02655825        0.03056265        0.03291730        0.03442128        0.01750807 
        0.01216793        0.02494399        0.02829754        0.03252248        0.03501096        0.03660289        0.01861656 
        0.01297342        0.02659379        0.03013585        0.03459094        0.03721935        0.03890342        0.01978537 
        0.01382537        0.02833863        0.03207777        0.03677286        0.03954749        0.04132803        0.02101709 
        0.01472599        0.03018303        0.03412808        0.03907321        0.04200053        0.04388197        0.02231441 
        0.01567756        0.03213164        0.03629168        0.04149714        0.04458377        0.04657071        0.02368008 
        0.01668238        0.03418918        0.03857354        0.04404988        0.04730261        0.04939978        0.02511688 
        0.01774287        0.03636052        0.04097882        0.04673682        0.05016264        0.05237487        0.02662770 
        0.01886147        0.03865069        0.04351282        0.04956349        0.05316951        0.05550179        0.02821548 
        0.02004075        0.04106485        0.04618099        0.05253559        0.05632906        0.05878650        0.02988320 
        0.02128329        0.04360832        0.04898889        0.05565888        0.05964723        0.06223505        0.03163395 
        0.02259179        0.04628655        0.05194222        0.05893928        0.06313007        0.06585361        0.03347081 
        0.02396899        0.04910513        0.05504680        0.06238281        0.06678379        0.06964853        0.03539700 
        0.02541770        0.05206980        0.05830863        0.06599564        0.07061467        0.07362618        0.03741571 
        0.02694082        0.05518641        0.06173376        0.06978402        0.07462914        0.07779305        0.03953025 
        0.02854128        0.05846097        0.06532846        0.07375435        0.07883365        0.08215578        0.04174393 
        0.03022209        0.06189957        0.06909902        0.07791308        0.08323486        0.08672108        0.04406013 
        0.03198634        0.06550848        0.07305191        0.08226677        0.08783942        0.09149572        0.04648226 
        0.03383714        0.06929406        0.07719369        0.08682211        0.09265412        0.09648656        0.04901377 
        0.03577768        0.07326274        0.08153107        0.09158590        0.09768578        0.10170056        0.05165816 
        0.03781121        0.07742114        0.08607072        0.09656487        0.10294133        0.10714467        0.05441893 
        0.03994101        0.08177588        0.09081957        0.10176598        0.10842773        0.11282595        0.05729964 
        0.04217042        0.08633383        0.09578454        0.10719617        0.11415197        0.11875150        0.06030383 
        0.04450282        0.09110178        0.10097262        0.11286251        0.12012114        0.12492842        0.06343508 
        0.04694165        0.09608667        0.10639089        0.11877199        0.12634231        0.13136379        0.06669696 
        0.04949037        0.10129556        0.11204652        0.12493180        0.13282260        0.13806482        0.07009305 
        0.05215247        0.10673552        0.11794668        0.13134898        0.13956910        0.14503862        0.07362694 
        0.05493148        0.11241365        0.12409861        0.13803072        0.14658895        0.15229233        0.07730220 
        0.05783095        0.11833718        0.13050953        0.14498413        0.15388922        0.15983300        0.08112236 
        0.06085444        0.12451327        0.13718674        0.15221637        0.16147706        0.16766773        0.08509095 
        0.06400552        0.13094918        0.14413750        0.15973459        0.16935940        0.17580350        0.08921151 
        0.06728780        0.13765219        0.15136908        0.16754568        0.17754324        0.18424731        0.09348747 
        0.07070487        0.14462952        0.15888880        0.17565688        0.18603553        0.19300595        0.09792227 
        0.07426032        0.15188836        0.16670384        0.18407510        0.19484311        0.20208624        0.10251930 
        0.07795770        0.15943606        0.17482133        0.19280718        0.20397268        0.21149482        0.10728186 
        0.08180059        0.16727966        0.18324845        0.20185998        0.21343088        0.22123820        0.11221317 
        0.08579255        0.17542633        0.19199221        0.21124023        0.22322430        0.23132284        0.11731645 
        0.08993708        0.18388312        0.20105967        0.22095445        0.23335923        0.24175496        0.12259482 
        0.09423766        0.19265708        0.21045756        0.23100911        0.24384192        0.25254065        0.12805125 
        0.09869768        0.20175506        0.22019272        0.24141061        0.25467831        0.26368567        0.13368864 
        0.10332055        0.21118380        0.23027165        0.25216496        0.26587442        0.27519596        0.13950987 
        0.10810960        0.22094998        0.24070095        0.26327816        0.27743578        0.28707665        0.14551756 
        0.11306807        0.23106004        0.25148681        0.27475607        0.28936791        0.29933324        0.15171432 
        0.11819912        0.24152048        0.26263538        0.28660417        0.30167609        0.31197077        0.15810263 
        0.12350589        0.25233728        0.27415264        0.29882792        0.31436509        0.32499364        0.16468477 
        0.12899132        0.26351652        0.28604412        0.31143224        0.32743981        0.33840659        0.17146294 
        0.13465835        0.27506396        0.29831544        0.32442200        0.34090453        0.35221365        0.17843907 
        0.14050974        0.28698531        0.31097177        0.33780178        0.35476345        0.36641863        0.18561505 
        0.14654823        0.29928550        0.32401806        0.35157585        0.36902028        0.38102505        0.19299267 
        0.15277629        0.31196991        0.33745900        0.36574826        0.38367864        0.39603603        0.20057334 
        0.15919641        0.32504317        0.35129896        0.38032246        0.39874154        0.41145450        0.20835838 
        0.16581079        0.33850974        0.36554199        0.39530188        0.41421184        0.42728281        0.21634902 
        0.17262165        0.35237375        0.38019177        0.41068944        0.43009195        0.44352287        0.22454610 
        0.17963092        0.36663908        0.39525169        0.42648762        0.44638386        0.46017650        0.23295046 
        0.18684034        0.38130924        0.41072491        0.44269881        0.46308932        0.47724485        0.24156255 
        0.19425157        0.39638731        0.42661378        0.45932457        0.48020941        0.49472880        0.25038272 
        0.20186606        0.41187599        0.44292080        0.47636652        0.49774495        0.51262861        0.25941110 
        0.20968500        0.42777771        0.45964769        0.49382538        0.51569623        0.53094411        0.26864746 
        0.21770954        0.44409436        0.47679573        0.51170176        0.53406340        0.54967523        0.27809155 
        0.22594041        0.46082744        0.49436596        0.52999592        0.55284584        0.56882036        0.28774264 
        0.23437831        0.47797805        0.51235896        0.54870725        0.57204229        0.58837837        0.29760003 
        0.24302362        0.49554679        0.53077477        0.56783497        0.59165132        0.60834724        0.30766252 
        0.25187644        0.51353371        0.54961264        0.58737779        0.61167139        0.62872463        0.31792882 
        0.26093680        0.53193867        0.56887209        0.60733396        0.63209963        0.64950711        0.32839730 
        0.27020440        0.55076075        0.58855134        0.62770075        0.65293294        0.67069173        0.33906621 
        0.27967870        0.56999862        0.60864878        0.64847594        0.67416817        0.69227433        0.34993345 
        0.28935882        0.58965033        0.62916154        0.66965568        0.69580138        0.71425045        0.36099651 
        0.29924366        0.60971367        0.65008712        0.69123667        0.71782780        0.73661482        0.37225300 
        0.30933204        0.63018578        0.67142135        0.71321398        0.74024272        0.75936252        0.38369989 
        0.31962228        0.65106297        0.69316089        0.73558301        0.76304030        0.78248692        0.39533412 
        0.33011261        0.67234170        0.71530056        0.75833839        0.78621477        0.80598199        0.40715227 
        0.34080082        0.69401681        0.73783541        0.78147388        0.80975932        0.82984036        0.41915080 
        0.35168457        0.71608371        0.76075977        0.80498338        0.83366722        0.85405439        0.43132567 
        0.36276105        0.73853672        0.78406751        0.82885957        0.85793042        0.87861609        0.44367284 
        0.37402746        0.76136923        0.80775160        0.85309517        0.88254112        0.90351701        0.45618787 
        0.38548040        0.78457481        0.83180451        0.87768191        0.90749097        0.92874801        0.46886620 
        0.39711654        0.80814606        0.85621852        0.90261132        0.93277049        0.95429975        0.48170280 
        0.40893194        0.83207500        0.88098532        0.92787433        0.95837033        0.98016214        0.49469274 
        0.42092255        0.85635298        0.90609568        0.95346141        0.98427993        1.00632429        0.50783056 
        0.43308395        0.88097137        0.93153989        0.97936237        1.01048934        1.03277564        0.52111077 
        0.44541165        0.90592021        0.95730811        1.00556672        1.03698742        1.05950475        0.53452748 
        0.45790064        0.93118942        0.98338956        1.03206289        1.06376266        1.08649945        0.54807454 
        0.47054574        0.95676851        1.00977302        1.05884004        1.09080255        1.11374772        0.56174618 
        0.48334157        0.98264629        1.03644681        1.08588564        1.11809564        1.14123738        0.57553566 
        0.49628225        1.00881064        1.06339920        1.11318791        1.14562893        1.16895437        0.58943647 
        0.50936204        1.03524947        1.09061682        1.14073288        1.17338884        1.19688606        0.60344177 
        0.52257460        1.06195045        1.11808729        1.16850793        1.20136273        1.22501898        0.61754477 
        0.53591347        1.08889985        1.14579642        1.19649947        1.22953558        1.25333810        0.63173807 
        0.54937214        1.11608422        1.17373061        1.22469294        1.25789380        1.28182900        0.64601475 
        0.56294334        1.14348924        1.20187533        1.25307477        1.28642297        1.31047761        0.66036719 
        0.57662010        1.17110026        1.23021555        1.28162885        1.31510818        1.33926916        0.67478800 
        0.59039515        1.19890225        1.25873578        1.31034088        1.34393394        1.36818755        0.68926930 
        0.60426074        1.22688043        1.28742087        1.33919513        1.37288523        1.39721763        0.70380342 
        0.61820912        1.25501812        1.31625533        1.36817610        1.40194571        1.42634368        0.71838266 
        0.63223249        1.28329945        1.34522128        1.39726698        1.43110013        1.45554996        0.73299891 
        0.64632249        1.31170797        1.37430334        1.42645228        1.46033227        1.48482049        0.74764395 
        0.66047108        1.34022701        1.40348482        1.45571530        1.48962510        1.51413846        0.76231009 
        0.67466962        1.36883938        1.43274772        1.48503971        1.51896393        1.54348838        0.77698892 
        0.68890965        1.39752722        1.46207547        1.51440775        1.54833019        1.57285380        0.79167235 
        0.70318246        1.42627370        1.49144971        1.54380298        1.57770860        1.60221756        0.80635208 
        0.71747923        1.45506024        1.52085340        1.57320845        1.60708177        1.63156319        0.82101995 
        0.73179072        1.48386955        1.55026782        1.60260630        1.63643301        1.66087449        0.83566773 
        0.74610835        1.51268268        1.57967603        1.63197970        1.66574574        1.69013512        0.85028714 
        0.76042289        1.54148185        1.60905886        1.66131079        1.69500232        1.71932793        0.86487013 
        0.77472496        1.57024860        1.63839865        1.69058287        1.72418690        1.74843693        0.87940836 
        0.78900570        1.59896386        1.66767681        1.71977758        1.75328195        1.77744567        0.89389384 
        0.80325556        1.62760949        1.69687545        1.74887848        1.78227139        1.80633771        0.90831852 
        0.81746560        1.65616727        1.72597599        1.77786767        1.81113815        1.83509696        0.92267424 
        0.83162612        1.68461776        1.75496006        1.80672765        1.83986521        1.86370718        0.93695337 
        0.84572834        1.71294296        1.78380966        1.83544207        1.86843705        1.89215302        0.95114785 
        0.85976291        1.74112415        1.81250656        1.86399293        1.89683688        1.92041838        0.96524990 
        0.87372041        1.76914287        1.84103286        1.89236403        1.92504847        1.94848716        0.97925204 
        0.88759166        1.79698133        1.86937106        1.92053807        1.95305657        1.97634602        0.99314684 
        0.90136808        1.82462084        1.89750290        1.94849908        1.98084521        2.00397801        1.00692689 
        0.91503990        1.85204434        1.92541134        1.97623014        2.00839877        2.03136921        1.02058482 
        0.92859906        1.87923241        1.95307934        2.00371647        2.03570247        2.05850530        1.03411376 
        0.94203603        1.90616930        1.98048913        2.03094029        2.06274128        2.08537197        1.04750693 
        0.95534271        1.93283677        2.00762463        2.05788779        2.08950067        2.11195540        1.06075704 
        0.96850997        1.95921862        2.03446889        2.08454251        2.11596632        2.13824177        1.07385814 
        0.98152983        1.98529744        2.06100726        2.11089087        2.14212394        2.16421938        1.08680344 
        0.99439389        2.01105666        2.08722162        2.13691664        2.16796112        2.18987322        1.09958696 
        1.00709426        2.03648114        2.11309886        2.16260743        2.19346333        2.21519232        1.11220264 
        1.01962292        2.06155515        2.13862228        2.18794775        2.21861839        2.24016523        1.12464464 
        1.03197205        2.08626342        2.16377759        2.21292543        2.24341393        2.26477909        1.13690674 
        1.04413426        2.11059046        2.18855143        2.23752713        2.26783824        2.28902364        1.14898527 
        1.05610204        2.13452268        2.21292996        2.26174045        2.29187942        2.31288743        1.16087341 
        1.06786895        2.15804625        2.23689890        2.28555226        2.31552577        2.33636093        1.17256689 
        1.07942760        2.18114734        2.26044703        2.30895352        2.33876824        2.35943413        1.18406093 
        1.09077132        2.20381379        2.28355956        2.33192897        2.36159492        2.38209724        1.19535077 
        1.10189426        2.22603226        2.30622673        2.35447073        2.38399649        2.40434146        1.20643234 
        1.11279011        2.24779129        2.32843781        2.37656808        2.40596414        2.42615819        1.21730196 
        1.12345302        2.26908040        2.35018039        2.39821053        2.42748809        2.44754028        1.22795510 
        1.13387740        2.28988814        2.37144446        2.41939020        2.44856167        2.46847868        1.23838866 
        1.14405799        2.31020284        2.39222097        2.44009686        2.46917534        2.48896813        1.24859893 
        1.15399015        2.33001781        2.41250014        2.46032333        2.48932219        2.50900054        1.25858343 
        1.16366875        2.34932184        2.43227458        2.48006105        2.50899601        2.52857041        1.26833844 
        1.17308927        2.36810660        2.45153522        2.49930334        2.52818847        2.54767203        1.27786171 
        1.18224823        2.38636565        2.47027445        2.51804352        2.54689646        2.56629968        1.28715098 
        1.19114125        2.40409040        2.48848629        2.53627539        2.56511235        2.58444929        1.29620397 
        1.19976509        2.42127466        2.50616312        2.55399227        2.58283138        2.60211587        1.30501819 
        1.20811641        2.43791318        2.52330136        2.57119203        2.60005093        2.61929631        1.31359315 
        1.21619225        2.45399809        2.53989410        2.58786654        2.61676455        2.63598824        1.32192600 
        1.22399032        2.46952701        2.55593777        2.60401440        2.63297081        2.65218663        1.33001578 
        1.23150778        2.48449492        2.57142758        2.61962986        2.64866447        2.66788912        1.33786178 
        1.23874319        2.49889803        2.58636141        2.63471270        2.66384578        2.68309593        1.34546316 
        1.24569440        2.51273227        2.60073447        2.64925766        2.67851043        2.69780350        1.35281873 
        1.25236022        2.52599645        2.61454558        2.66326380        2.69265771        2.71201086        1.35992801 
        1.25873959        2.53868842        2.62779355        2.67672992        2.70628572        2.72571778        1.36679113 
        1.26483130        2.55080748        2.64047718        2.68965530        2.71939540        2.73892426        1.37340808 
        1.27063537        2.56235242        2.65259433        2.70203757        2.73198414        2.75162816        1.37977850 
        1.27615118        2.57332182        2.66414690        2.71387982        2.74405432        2.76383233        1.38590336 
        1.28137887        2.58371806        2.67513347        2.72517896        2.75560355        2.77553654        1.39178216 
        1.28631854        2.59353995        2.68555641        2.73593879        2.76663661        2.78674197        1.39741600 
        1.29097104        2.60279202        2.69541574        2.74615860        2.77715135        2.79745102        1.40280592 
        1.29533732        2.61147285        2.70471454        2.75584006        2.78715134        2.80766368        1.40795338 
        1.29941797        2.61958766        2.71345544        2.76498652        2.79663777        2.81738400        1.41285801 
        1.30321479        2.62713742        2.72163987        2.77360058        2.80561399        2.82661247        1.41752231 
        1.30672920        2.63412619        2.72927189        2.78168392        2.81408191        2.83535385        1.42194688 
        1.30996299        2.64055872        2.73635459        2.78924036        2.82204485        2.84360933        1.42613411 
        1.31291866        2.64643764        2.74289298        2.79627466        2.82950664        2.85138440        1.43008518 
        1.31559765        2.65176940        2.74889207        2.80278993        2.83647132        2.85868096        1.43380213 
        1.31800318        2.65655875        2.75435543        2.80878973        2.84294105        2.86550355        1.43728673 
        1.32013738        2.66081047        2.75928950        2.81428027        2.84892273        2.87185740        1.44054091 
        1.32200396        2.66453147        2.76369858        2.81926584        2.85441875        2.87774396        1.44356716 
        1.32360530        2.66772890        2.76758957        2.82375193        2.85943532        2.88317132        1.44636726 
        1.32494450        2.67040634        2.77096748        2.82774377        2.86397767        2.88814187        1.44894373 
        1.32602584        2.67257380        2.77384162        2.83124757        2.86804962        2.89266133        1.45129943 
        1.32685232        2.67423677        2.77621651        2.83426881        2.87165809        2.89673543        1.45343709 
        1.32742763        2.67540455        2.77809978        2.83681536        2.87480974        2.90036893        1.45535815 
        1.32775605        2.67608404        2.77949882        2.83889294        2.87750840        2.90356731        1.45706606 
        1.32784152        2.67628217        2.78042173        2.84050822        2.87976074        2.90633678        1.45856345 
        1.32768774        2.67600918        2.78087640        2.84166861        2.88157415        2.90868282        1.45985353 
        1.32729959        2.67527342        2.78087068        2.84238124        2.88295507        2.91061115        1.46093845 
        1.32668102        2.67408347        2.78041172        2.84265256        2.88390851        2.91212845        1.46182191 
        1.32583690        2.67244720        2.77951002        2.84249115        2.88444233        2.91324067        1.46250665 
        1.32477176        2.67037511        2.77817249        2.84190416        2.88456416        2.91395426        1.46299517 
        1.32348990        2.66787577        2.77640843        2.84089994        2.88427925        2.91427493        1.46329081 
        1.32199633        2.66495872        2.77422714        2.83948517        2.88359547        2.91420913        1.46339703 
        1.32029581        2.66163421        2.77163768        2.83767080        2.88252139        2.91376448        1.46331644 
        1.31839287        2.65791082        2.76864791        2.83546090        2.88106251        2.91294789        1.46305287 
        1.31629288        2.65379882        2.76526737        2.83286667        2.87922668        2.91176367        1.46260881 
        1.31400061        2.64930773        2.76150608        2.82989502        2.87702203        2.91022134        1.46198773 
        1.31152093        2.64444757        2.75737190        2.82655406        2.87445450        2.90832543        1.46119297 
        1.30885875        2.63922834        2.75287557        2.82285357        2.87153339        2.90608382        1.46022761 
        1.30601966        2.63365912        2.74802566        2.81880116        2.86826515        2.90350413        1.45909512 
        1.30300796        2.62775207        2.74283075        2.81440377        2.86465740        2.90059137        1.45779872 
        1.29982901        2.62151384        2.73730159        2.80967164        2.86071825        2.89735341        1.45634115 
        1.29648793        2.61495638        2.73144674        2.80461311        2.85645413        2.89379692        1.45472586 
        1.29298937        2.60808802        2.72527528        2.79923534        2.85187411        2.88992882        1.45295691 
        1.28933847        2.60092187        2.71879673        2.79354835        2.84698391        2.88575602        1.45103633 
        1.28554058        2.59346390        2.71202016        2.78755999        2.84179401        2.88128471        1.44896853 
        1.28160024        2.58572507        2.70495605        2.78127766        2.83630824        2.87652183        1.44675565 
        1.27752221        2.57771635        2.69761062        2.77470994        2.83053637        2.87147403        1.44440162 
        1.27331197        2.56944585        2.68999624        2.76786590        2.82448578        2.86614943        1.44190919 
        1.26897371        2.56092215        2.68211889        2.76075339        2.81816363        2.86055398        1.43928218 
        1.26451254        2.55215740        2.67398882        2.75337958        2.81157684        2.85469294        1.43652320 
        1.25993335        2.54315901        2.66561460        2.74575377        2.80473375        2.84857512        1.43363523 
        1.25524032        2.53393555        2.65700555        2.73788381        2.79763985        2.84220552        1.43062174 
        1.25043869        2.52449679        2.64816880        2.72977710        2.79030490        2.83559179        1.42748582 
        1.24553227        2.51485181        2.63911414        2.72144151        2.78273296        2.82873869        1.42423081 
        1.24052584        2.50500917        2.62984872        2.71288443        2.77493334        2.82165456        1.42085934 
        1.23542404        2.49497747        2.62038231        2.70411420        2.76691222        2.81434536        1.41737437 
        1.23023081        2.48476458        2.61072040        2.69513798        2.75867724        2.80681610        1.41377878 
        1.22495079        2.47437954        2.60087347        2.68596268        2.75023413        2.79907417        1.41007626 
        1.21958768        2.46382952        2.59084797        2.67659712        2.74159074        2.79112554        1.40626955 
        1.21414590        2.45312381        2.58065200        2.66704655        2.73275208        2.78297615        1.40236092 
        1.20863008        2.44226885        2.57029223        2.65731883        2.72372675        2.77463245        1.39835346 
        1.20304286        2.43127298        2.55977726        2.64742088        2.71451902        2.76609921        1.39425027 
        1.19738877        2.42014360        2.54911423        2.63736010        2.70513654        2.75738335        1.39005435 
        1.19167137        2.40888786        2.53830767        2.62714219        2.69558597        2.74849010        1.38576806 
        1.18589449        2.39751363        2.52736831        2.61677432        2.68587232        2.73942566        1.38139415 
        1.18006194        2.38602614        2.51630020        2.60626292        2.67600226        2.73019576        1.37693524 
        1.17417657        2.37443423        2.50511074        2.59561396        2.66598201        2.72080493        1.37239432 
        1.16824222        2.36274290        2.49380636        2.58483458        2.65581679        2.71125913        1.36777389 
        1.16226256        2.35095859        2.48239255        2.57393003        2.64551330        2.70156360        1.36307621 
        1.15623987        2.33908892        2.47087741        2.56290603        2.63507581        2.69172478        1.35830450 
        1.15017784        2.32713890        2.45926523        2.55176854        2.62451029        2.68174577        1.35346043 
        1.14407945        2.31511450        2.44756198        2.54052353        2.61382413        2.67163491        1.34854770 
        1.13794768        2.30302095        2.43577433        2.52917671        2.60301948        2.66139317        1.34356725 
        1.13178515        2.29086447        2.42390656        2.51773286        2.59210324        2.65102768        1.33852255 
        1.12559474        2.27865148        2.41196394        2.50619793        2.58108068        2.64054441        1.33341539 
        1.11937940        2.26638484        2.39995217        2.49457598        2.56995606        2.62994552        1.32824850 
        1.11314130        2.25407100        2.38787627        2.48287296        2.55873489        2.61923909        1.32302392 
        1.10688341        2.24171495        2.37574100        2.47109413        2.54742265        2.60842609        1.31774390 
        1.10060775        2.22932029        2.36355162        2.45924234        2.53602147        2.59751320        1.31241059 
        1.09431696        2.21689343        2.35131216        2.44732475        2.52453852        2.58650351        1.30702662 
        1.08801281        2.20443654        2.33902645        2.43534374        2.51297665        2.57540226        1.30159378 
        1.08169818        2.19195533        2.32670021        2.42330527        2.50134158        2.56421375        1.29611349 
        1.07537448        2.17945385        2.31433702        2.41121244        2.48963594        2.55294228        1.29058933 
        1.06904399        2.16693497        2.30193973        2.39907026        2.47786570        2.54159141        1.28502214 
        1.06270897        2.15440392        2.28951454        2.38688231        2.46603274        2.53016472        1.27941430 
        1.05637097        2.14186287        2.27706289        2.37465191        2.45414329        2.51866794        1.27376747 
        1.05003166        2.12931633        2.26459026        2.36238384        2.44220018        2.50710297        1.26808345 
        1.04369295        2.11676717        2.25209951        2.35008168        2.43020749        2.49547434        1.26236463 
        1.03735673        2.10421920        2.23959255        2.33774853        2.41816807        2.48378563        1.25661302 
        1.03102374        2.09167528        2.22707510        2.32538724        2.40608525        2.47204089        1.25082958 
        1.02469647        2.07913733        2.21454930        2.31300330        2.39396453        2.46024299        1.24501669 
        1.01837599        2.06660891        2.20201778        2.30059767        2.38180709        2.44839597        1.23917568 
        1.01206338        2.05409336        2.18948293        2.28817391        2.36961722        2.43650174        1.23330820 
        1.00576055        2.04159307        2.17694879        2.27573633        2.35739803        2.42456555        1.22741628 
        0.99946821        2.02911019        2.16441798        2.26328611        2.34515166        2.41258931        1.22150147 
        0.99318784        2.01664710        2.15189219        2.25082803        2.33288240        2.40057588        1.21556520 
        0.98692048        2.00420523        2.13937473        2.23836327        2.32059360        2.38852954        1.20960879 
        0.98066735        1.99178898        2.12686682        2.22589517        2.30828643        2.37645245        1.20363402 
        0.97442931        1.97939801        2.11437178        2.21342587        2.29596519        2.36434770        1.19764233 
        0.96820772        1.96703613        2.10189247        2.20095754        2.28362989        2.35221696        1.19163537 
        0.96200293        1.95470369        2.08942914        2.18849421        2.27128720        2.34006572        1.18561363 
        0.95581633        1.94240367        2.07698512        2.17603588        2.25893641        2.32789397        1.17957973 
        0.94964844        1.93013692        2.06456280        2.16358685        2.24658108        2.31570530        1.17353392 
        0.94350046        1.91790569        2.05216169        2.15114689        2.23422360        2.30350232        1.16747844 
        0.93737262        1.90571117        2.03978610        2.13872075        2.22186637        2.29128742        1.16141391 
        0.93126601        1.89355493        2.02743626        2.12630892        2.20951128        2.27906275        1.15534163 
        0.92518121        1.88143814        2.01511526        2.11391354        2.19715953        2.26683044        1.14926291 
        0.91911888        1.86936200        2.00282264        2.10153556        2.18481541        2.25459337        1.14317930 
        0.91307956        1.85732830        1.99056137        2.08917832        2.17247915        2.24235368        1.13709068 
        0.90706372        1.84533763        1.97833228        2.07684231        2.16015339        2.23011398        1.13099957 
        0.90107197        1.83339155        1.96613693        2.06452990        2.14783955        2.21787429        1.12490642 
        0.89510512        1.82149005        1.95397651        2.05224204        2.13554001        2.20563889        1.11881268 
        0.88916308        1.80963588        1.94185185        2.03998089        2.12325644        2.19340825        1.11271870 
        0.88324666        1.79782832        1.92976475        2.02774692        2.11098933        2.18118548        1.10662603 
        0.87735617        1.78606904        1.91771603        2.01554275        2.09874201        2.16897154        1.10053539 
        0.87149209        1.77435875        1.90570760        2.00336862        2.08651543        2.15676832        1.09444761 
        0.86565441        1.76269817        1.89373863        1.99122632        2.07431030        2.14457703        1.08836377 
        0.85984385        1.75108743        1.88181174        1.97911716        2.06212950        2.13240075        1.08228493 
        0.85406041        1.73952866        1.86992645        1.96704149        2.04997325        2.12023973        1.07621157 
        0.84830493        1.72802079        1.85808492        1.95500135        2.03784370        2.10809660        1.07014465 
        0.84257692        1.71656537        1.84628713        1.94299734        2.02574158        2.09597254        1.06408513 
        0.83687711        1.70516276        1.83453441        1.93103075        2.01366830        2.08386898        1.05803382 
        0.83120561        1.69381332        1.82282710        1.91910255        2.00162458        2.07178593        1.05199111 
        0.82556254        1.68251717        1.81116605        1.90721333        1.98961329        2.05972695        1.04595780 
        0.81994820        1.67127562        1.79955161        1.89536369        1.97763324        2.04769278        1.03993499 
        0.81436247        1.66008842        1.78798485        1.88355553        1.96568716        2.03568387        1.03392279 
        0.80880588        1.64895582        1.77646589        1.87178886        1.95377576        2.02370214        1.02792287 
        0.80327857        1.63787866        1.76499593        1.86006451        1.94189894        2.01174784        1.02193463 
        0.79778039        1.62685704        1.75357509        1.84838402        1.93005931        1.99982357        1.01595938 
        0.79231149        1.61589122        1.74220359        1.83674669        1.91825628        1.98792946        1.00999761 
        0.78687197        1.60498130        1.73088229        1.82515407        1.90649188        1.97606683        1.00404990 
        0.78146201        1.59412766        1.71961164        1.81360662        1.89476621        1.96423662        0.99811673 
        0.77608168        1.58333051        1.70839107        1.80210471        1.88308060        1.95243979        0.99219859 
        0.77073085        1.57258928        1.69722271        1.79064989        1.87143540        1.94067764        0.98629647 
        0.76540971        1.56190562        1.68610585        1.77924144        1.85983121        1.92895031        0.98041010 
        0.76011825        1.55127835        1.67504084        1.76788068        1.84826934        1.91725969        0.97454065 
        0.75485671        1.54070807        1.66402769        1.75656736        1.83675003        1.90560591        0.96868819 
        0.74962485        1.53019500        1.65306759        1.74530244        1.82527375        1.89399004        0.96285319 
        0.74442273        1.51973903        1.64215970        1.73408628        1.81384134        1.88241255        0.95703608 
        0.73925042        1.50934005        1.63130546        1.72291923        1.80245340        1.87087488        0.95123756 
        0.73410779        1.49899876        1.62050402        1.71180177        1.79111063        1.85937679        0.94545770 
        0.72899491        1.48871481        1.60975635        1.70073438        1.77981305        1.84791946        0.93969715 
        0.72391170        1.47848785        1.59906220        1.68971753        1.76856208        1.83650398        0.93395615 
        0.71885818        1.46831846        1.58842146        1.67875040        1.75735688        1.82512999        0.92823458 
        0.71383452        1.45820606        1.57783508        1.66783440        1.74619925        1.81379914        0.92253375 
        0.70884049        1.44815123        1.56730294        1.65696967        1.73508859        1.80251122        0.91685325 
        0.70387566        1.43815362        1.55682456        1.64615607        1.72402573        1.79126728        0.91119343 
        0.69894063        1.42821300        1.54640079        1.63539457        1.71301115        1.78006721        0.90555471 
        0.69403523        1.41832960        1.53603077        1.62468421        1.70204484        1.76891243        0.89993775 
        0.68915886        1.40850377        1.52571630        1.61402619        1.69112742        1.75780272        0.89434254 
        0.68431211        1.39873409        1.51545548        1.60342026        1.68025911        1.74673867        0.88876879 
        0.67949468        1.38902175        1.50524986        1.59286737        1.66944051        1.73572063        0.88321769 
        0.67470628        1.37936604        1.49509895        1.58236670        1.65867186        1.72474945        0.87768894 
        0.66994721        1.36976755        1.48500180        1.57191837        1.64795291        1.71382487        0.87218267 
        0.66521722        1.36022544        1.47496057        1.56152332        1.63728392        1.70294774        0.86669940 
        0.66051596        1.35073960        1.46497285        1.55118060        1.62666571        1.69211829        0.86123914 
        0.65584397        1.34131062        1.45504034        1.54089105        1.61609781        1.68133652        0.85580218 
        0.65120059        1.33193791        1.44516301        1.53065526        1.60558128        1.67060316        0.85038859 
        0.64658588        1.32262111        1.43534005        1.52047253        1.59511542        1.65991831        0.84499860 
        0.64199996        1.31336081        1.42557120        1.51034272        1.58470142        1.64928210        0.83963215 
        0.63744265        1.30415559        1.41585755        1.50026631        1.57433856        1.63869524        0.83428997 
        0.63291365        1.29500663        1.40619862        1.49024343        1.56402707        1.62815821        0.82897186 
        0.62841314        1.28591311        1.39659393        1.48027408        1.55376756        1.61767006        0.82367784 
        0.62394077        1.27687514        1.38704371        1.47035801        1.54355955        1.60723197        0.81840831 
        0.61949664        1.26789260        1.37754750        1.46049488        1.53340316        1.59684348        0.81316292 
        0.61508048        1.25896478        1.36810660        1.45068586        1.52329922        1.58650529        0.80794251 
        0.61069232        1.25009239        1.35871923        1.44093025        1.51324737        1.57621729        0.80274636 
        0.60633224        1.24127436        1.34938657        1.43122804        1.50324750        1.56597984        0.79757512 
        0.60199976        1.23251128        1.34010744        1.42157936        1.49329984        1.55579293        0.79242879 
        0.59769493        1.22380245        1.33088267        1.41198397        1.48340428        1.54565704        0.78730750 
        0.59341747        1.21514821        1.32171214        1.40244198        1.47356129        1.53557193        0.78221112 
        0.58916759        1.20654738        1.31259453        1.39295316        1.46377051        1.52553785        0.77713978 
        0.58494502        1.19800067        1.30353165        1.38351798        1.45403194        1.51555455        0.77209359 
        0.58074957        1.18950796        1.29452181        1.37413597        1.44434583        1.50562227        0.76707256 
        0.57658124        1.18106830        1.28556490        1.36480713        1.43471253        1.49574137        0.76207691 
        0.57244009        1.17268229        1.27666199        1.35553110        1.42513084        1.48591173        0.75710654 
        0.56832558        1.16434848        1.26781237        1.34630835        1.41560125        1.47613299        0.75216168 
        0.56423807        1.15606868        1.25901556        1.33713853        1.40612483        1.46640575        0.74724209 
        0.56017697        1.14784122        1.25027168        1.32802165        1.39670038        1.45673001        0.74234766 
        0.55614245        1.13966632        1.24158072        1.31895733        1.38732791        1.44710577        0.73747915 
        0.55213434        1.13154340        1.23294246        1.30994594        1.37800789        1.43753302        0.73263568 
        0.54815257        1.12347305        1.22435629        1.30098701        1.36874008        1.42801118        0.72781795 
        0.54419684        1.11545432        1.21582270        1.29208052        1.35952425        1.41854131        0.72302544 
        0.54026723        1.10748708        1.20734143        1.28322661        1.35036087        1.40912259        0.71825856 
        0.53636360        1.09957123        1.19891202        1.27442455        1.34124887        1.39975488        0.71351725 
        0.53248566        1.09170699        1.19053435        1.26567483        1.33218920        1.39043891        0.70880133 
        0.52863359        1.08389366        1.18220878        1.25697732        1.32318115        1.38117445        0.70411104 
        0.52480704        1.07613075        1.17393458        1.24833119        1.31422460        1.37196076        0.69944608 
        0.52100587        1.06841850        1.16571152        1.23973691        1.30531967        1.36279857        0.69480687 
        0.51723015        1.06075680        1.15753913        1.23119414        1.29646659        1.35368729        0.69019288 
        0.51347959        1.05314505        1.14941871        1.22270322        1.28766501        1.34462774        0.68560427 
        0.50975406        1.04558349        1.14134896        1.21426356        1.27891469        1.33561862        0.68104136 
        0.50605357        1.03807139        1.13332927        1.20587480        1.27021575        1.32666087        0.67650360 
        0.50237793        1.03060925        1.12536049        1.19753706        1.26156747        1.31775391        0.67199135 
        0.49872690        1.02319586        1.11744213        1.18925035        1.25297046        1.30889750        0.66750419 
        0.49510056        1.01583159        1.10957360        1.18101394        1.24442410        1.30009210        0.66304266 
        0.49149868        1.00851572        1.10175490        1.17282844        1.23592877        1.29133749        0.65860629 
        0.48792109        1.00124872        1.09398603        1.16469324        1.22748399        1.28263319        0.65419501 
        0.48436782        0.99403006        1.08626676        1.15660799        1.21908951        1.27397931        0.64980900 
        0.48083863        0.98685962        1.07859647        1.14857292        1.21074533        1.26537573        0.64544821 
        0.47733337        0.97973692        1.07097554        1.14058781        1.20245147        1.25682259        0.64111239 
        0.47385213        0.97266197        1.06340361        1.13265240        1.19420755        1.24831915        0.63680160 
        0.47039446        0.96563429        1.05588031        1.12476635        1.18601346        1.23986578        0.63251567 
        0.46696046        0.95865381        1.04840553        1.11692953        1.17786908        1.23146236        0.62825495 
        0.46354991        0.95172012        1.04097879        1.10914207        1.16977453        1.22310913        0.62401885 
        0.46016270        0.94483334        1.03360045        1.10140336        1.16172934        1.21480489        0.61980772 
        0.45679885        0.93799287        1.02627003        1.09371376        1.15373337        1.20655012        0.61562109 
        0.45345801        0.93119872        1.01898682        1.08607209        1.14578617        1.19834447        0.61145937 
        0.45014024        0.92445076        1.01175141        1.07847929        1.13788807        1.19018841        0.60732234 
        0.44684532        0.91774827        1.00456321        1.07093441        1.13003886        1.18208122        0.60320956 
        0.44357309        0.91109133        0.99742234        1.06343806        1.12223816        1.17402303        0.59912145 
        0.44032353        0.90447986        0.99032795        1.05598903        1.11448610        1.16601372        0.59505779 
        0.43709645        0.89791328        0.98328036        1.04858792        1.10678220        1.15805280        0.59101838 
        0.43389177        0.89139146        0.97627920        1.04123378        1.09912550        1.15013969        0.58700335 
        0.43070930        0.88491428        0.96932399        1.03392720        1.09151781        1.14227569        0.58301240 
        0.42754897        0.87848163        0.96241480        1.02666759        1.08395743        1.13445985        0.57904553 
        0.42441064        0.87209296        0.95555151        1.01945484        1.07644451        1.12669122        0.57510263 
        0.42129421        0.86574799        0.94873339        1.01228857        1.06897879        1.11897051        0.57118380 
        0.41819951        0.85944676        0.94196075        1.00516844        1.06156003        1.11129797        0.56728899 
        0.41512653        0.85318905        0.93523335        0.99809486        1.05418849        1.10367262        0.56341779 
        0.41207495        0.84697437        0.92855072        0.99106735        1.04686368        1.09609389        0.55957031 
        0.40904480        0.84080273        0.92191267        0.98408532        1.03958523        1.08856261        0.55574656 
        0.40603590        0.83467364        0.91531914        0.97714901        1.03235328        1.08107829        0.55194622 
        0.40304819        0.82858717        0.90876973        0.97025782        1.02516770        1.07364082        0.54816943 
        0.40008143        0.82254273        0.90226436        0.96341187        1.01802790        1.06624973        0.54441601 
        0.39713556        0.81654018        0.89580268        0.95661098        1.01093364        1.05890489        0.54068583 
        0.39421052        0.81057948        0.88938433        0.94985449        1.00388491        1.05160618        0.53697884 
        0.39130607        0.80466050        0.88300961        0.94314271        0.99688184        1.04435349        0.53329498 
        0.38842219        0.79878259        0.87667763        0.93647504        0.98992378        1.03714609        0.52963406 
        0.38555878        0.79294574        0.87038875        0.92985159        0.98301053        1.02998483        0.52599609 
        0.38271558        0.78714967        0.86414254        0.92327195        0.97614229        1.02286875        0.52238095 
        0.37989256        0.78139406        0.85793841        0.91673589        0.96931845        1.01579785        0.51878852 
        0.37708959        0.77567899        0.85177678        0.91024327        0.96253884        1.00877190        0.51521868 
        0.37430650        0.77000380        0.84565693        0.90379381        0.95580333        1.00179076        0.51167136 
        0.37154326        0.76436859        0.83957875        0.89738715        0.94911194        0.99485469        0.50814664 
        0.36879963        0.75877285        0.83354229        0.89102358        0.94246393        0.98796225        0.50464404 
        0.36607569        0.75321668        0.82754683        0.88470244        0.93585968        0.98111445        0.50116390 
        0.36337110        0.74769968        0.82159239        0.87842351        0.92929870        0.97431058        0.49770576 
        0.36068588        0.74222153        0.81567883        0.87218660        0.92278051        0.96755028        0.49426964 
        0.35801995        0.73678195        0.80980575        0.86599153        0.91630530        0.96083367        0.49085554 
        0.35537297        0.73138094        0.80397332        0.85983837        0.90987283        0.95416063        0.48746333 
        0.35274503        0.72601813        0.79818070        0.85372627        0.90348256        0.94753051        0.48409280 
        0.35013589        0.72069329        0.79242814        0.84765571        0.89713484        0.94094360        0.48074403 
        0.34754559        0.71540624        0.78671533        0.84162587        0.89082867        0.93439919        0.47741675 
        0.34497380        0.71015674        0.78104198        0.83563691        0.88456458        0.92789757        0.47411087 
        0.34242058        0.70494461        0.77540761        0.82968849        0.87834197        0.92143810        0.47082639 
        0.33988577        0.69976950        0.76981241        0.82378036        0.87216073        0.91502106        0.46756309 
        0.33736917        0.69463110        0.76425600        0.81791246        0.86602080        0.90864575        0.46432096 
        0.33487073        0.68952960        0.75873810        0.81208432        0.85992163        0.90231216        0.46109983 
        0.33239028        0.68446422        0.75325859        0.80629569        0.85386294        0.89602011        0.45789981 
        0.32992789        0.67943519        0.74781710        0.80054671        0.84784490        0.88976920        0.45472035 
        0.32748318        0.67444217        0.74241352        0.79483688        0.84186715        0.88355958        0.45156181 
        0.32505631        0.66948485        0.73704749        0.78916603        0.83592939        0.87739092        0.44842389 
        0.32264692        0.66456288        0.73171908        0.78353393        0.83003169        0.87126297        0.44530636 
        0.32025501        0.65967625        0.72642773        0.77794033        0.82417339        0.86517525        0.44220933 
        0.31788045        0.65482467        0.72117341        0.77238524        0.81835449        0.85912776        0.43913269 
        0.31552318        0.65000784        0.71595591        0.76686817        0.81257492        0.85312057        0.43607619 
        0.31318298        0.64522582        0.71077502        0.76138908        0.80683440        0.84715319        0.43303978 
        0.31085986        0.64047807        0.70563036        0.75594741        0.80113232        0.84122515        0.43002343 
        0.30855361        0.63576436        0.70052189        0.75054353        0.79546911        0.83533674        0.42702693 
        0.30626416        0.63108474        0.69544929        0.74517655        0.78984392        0.82948750        0.42405012 
        0.30399144        0.62643915        0.69041216        0.73984665        0.78425694        0.82367706        0.42109317 
        0.30173531        0.62182653        0.68541056        0.73455375        0.77870798        0.81790560        0.41815567 
        0.29949561        0.61724752        0.68044442        0.72929734        0.77319652        0.81217265        0.41523769 
        0.29727229        0.61270142        0.67551285        0.72407717        0.76772273        0.80647820        0.41233918 
        0.29506522        0.60818827        0.67061645        0.71889323        0.76228613        0.80082166        0.40945980 
        0.29287431        0.60370791        0.66575456        0.71374530        0.75688636        0.79520309        0.40659979 
        0.29069945        0.59925991        0.66092694        0.70863295        0.75152355        0.78962219        0.40375867 
        0.28854051        0.59484410        0.65613359        0.70355612        0.74619734        0.78407896        0.40093639 
        0.28639734        0.59046018        0.65137404        0.69851470        0.74090761        0.77857298        0.39813322 
        0.28426996        0.58610821        0.64664829        0.69350827        0.73565412        0.77310413        0.39534858 
        0.28215817        0.58178782        0.64195609        0.68853670        0.73043650        0.76767212        0.39258268 
        0.28006184        0.57749891        0.63729727        0.68359989        0.72525448        0.76227665        0.38983533 
        0.27798101        0.57324111        0.63267142        0.67869753        0.72010821        0.75691766        0.38710642 
        0.27591541        0.56901431        0.62807852        0.67382932        0.71499735        0.75159496        0.38439575 
        0.27386504        0.56481820        0.62351817        0.66899502        0.70992142        0.74630845        0.38170347 
        0.27182975        0.56065261        0.61899036        0.66419464        0.70488042        0.74105757        0.37902915 
        0.26980951        0.55651754        0.61449480        0.65942788        0.69987428        0.73584259        0.37637296 
        0.26780400        0.55241251        0.61003119        0.65469426        0.69490254        0.73066276        0.37373459 
        0.26581344        0.54833746        0.60559958        0.64999419        0.68996519        0.72551811        0.37111405 
        0.26383746        0.54429221        0.60119957        0.64532697        0.68506187        0.72040856        0.36851123 
        0.26187614        0.54027659        0.59683108        0.64069247        0.68019235        0.71533382        0.36592600 
        0.25992930        0.53629023        0.59249377        0.63609052        0.67535639        0.71029359        0.36335832 
        0.25799683        0.53233302        0.58818734        0.63152081        0.67055410        0.70528781        0.36080799 
        0.25607866        0.52840465        0.58391184        0.62698334        0.66578501        0.70031631        0.35827500 
        0.25417462        0.52450514        0.57966691        0.62247795        0.66104907        0.69537884        0.35575920 
        0.25228477        0.52063435        0.57545227        0.61800402        0.65634584        0.69047475        0.35326049 
        0.25040886        0.51679170        0.57126814        0.61356187        0.65167534        0.68560457        0.35077891 
        0.24854682        0.51297730        0.56711394        0.60915101        0.64703733        0.68076777        0.34831393 
        0.24669862        0.50919098        0.56298947        0.60477132        0.64243150        0.67596382        0.34586591 
        0.24486414        0.50543237        0.55889469        0.60042250        0.63785779        0.67119318        0.34343460 
        0.24304320        0.50170130        0.55482936        0.59610450        0.63331592        0.66645515        0.34101984 
        0.24123585        0.49799773        0.55079329        0.59181690        0.62880552        0.66174966        0.33862156 
        0.23944183        0.49432135        0.54678619        0.58755970        0.62432671        0.65707660        0.33623967 
        0.23766117        0.49067205        0.54280812        0.58333290        0.61987925        0.65243584        0.33387420 
        0.23589379        0.48704967        0.53885853        0.57913572        0.61546254        0.64782679        0.33152479 
        0.23413947        0.48345381        0.53493744        0.57496840        0.61107695        0.64324969        0.32919148 
        0.23239826        0.47988454        0.53104454        0.57083070        0.60672200        0.63870418        0.32687426 
        0.23066996        0.47634137        0.52717990        0.56672239        0.60239732        0.63418996        0.32457289 
        0.22895455        0.47282442        0.52334303        0.56264323        0.59810317        0.62970692        0.32228726 
        0.22725190        0.46933341        0.51953387        0.55859298        0.59383881        0.62525475        0.32001737 
        0.22556195        0.46586823        0.51575238        0.55457163        0.58960444        0.62083346        0.31776312 
        0.22388457        0.46242854        0.51199812        0.55057883        0.58539987        0.61644292        0.31552437 
        0.22221968        0.45901421        0.50827092        0.54661453        0.58122468        0.61208242        0.31330106 
        0.22056723        0.45562509        0.50457078        0.54267830        0.57707876        0.60775262        0.31109303 
        0.21892709        0.45226109        0.50089741        0.53877014        0.57296205        0.60345250        0.30890018 
        0.21729916        0.44892192        0.49725074        0.53489000        0.56887442        0.59918249        0.30672249 
        0.21568342        0.44560742        0.49363038        0.53103745        0.56481528        0.59494191        0.30455986 
        0.21407972        0.44231734        0.49003628        0.52721238        0.56078476        0.59073085        0.30241212 
        0.21248798        0.43905175        0.48646820        0.52341461        0.55678278        0.58654928        0.30027923 
        0.21090817        0.43581021        0.48292616        0.51964396        0.55280888        0.58239663        0.29816115 
        0.20934011        0.43259278        0.47940972        0.51590037        0.54886299        0.57827276        0.29605767 
        0.20778383        0.42939910        0.47591886        0.51218337        0.54494482        0.57417768        0.29396877 
        0.20623916        0.42622906        0.47245324        0.50849307        0.54105437        0.57011110        0.29189435 
        0.20470603        0.42308247        0.46901286        0.50482929        0.53719151        0.56607312        0.28983432 
        0.20318438        0.41995931        0.46559748        0.50119156        0.53335571        0.56206310        0.28778854 
        0.20167416        0.41685930        0.46220699        0.49757987        0.52954715        0.55808103        0.28575701 
        0.20017514        0.41378218        0.45884109        0.49399418        0.52576542        0.55412674        0.28373954 
        0.19868742        0.41072792        0.45549968        0.49043408        0.52201056        0.55020034        0.28173608 
        0.19721080        0.40769619        0.45218259        0.48689958        0.51828218        0.54630113        0.27974662 
        0.19574527        0.40468708        0.44888970        0.48339030        0.51458019        0.54242933        0.27777094 
        0.19429074        0.40170047        0.44562072        0.47990626        0.51090431        0.53858453        0.27580890 
        0.19284709        0.39873579        0.44237563        0.47644731        0.50725466        0.53476679        0.27386075 
        0.19141422        0.39579332        0.43915421        0.47301316        0.50363076        0.53097552        0.27192596 
        0.18999211        0.39287263        0.43595612        0.46960360        0.50003242        0.52721083        0.27000478 
        0.18858071        0.38997355        0.43278149        0.46621871        0.49645987        0.52347279        0.26809701 
        0.18717983        0.38709614        0.42962998        0.46285799        0.49291253        0.51976091        0.26620248 
        0.18578951        0.38424003        0.42650154        0.45952150        0.48939028        0.51607496        0.26432121 
        0.18440957        0.38140529        0.42339584        0.45620900        0.48589313        0.51241493        0.26245296 
        0.18304001        0.37859157        0.42031276        0.45292029        0.48242080        0.50878042        0.26059785 
        0.18168075        0.37579876        0.41725218        0.44965523        0.47897318        0.50517160        0.25875574 
        0.18033166        0.37302658        0.41421413        0.44641382        0.47555006        0.50158828        0.25692645 
        0.17899275        0.37027532        0.41119814        0.44319564        0.47215128        0.49802995        0.25510994 
        0.17766382        0.36754438        0.40820426        0.44000068        0.46877664        0.49449667        0.25330615 
        0.17634495        0.36483380        0.40523219        0.43682870        0.46542597        0.49098828        0.25151500 
        0.17503592        0.36214331        0.40228194        0.43367967        0.46209925        0.48750460        0.24973641 
        0.17373678        0.35947293        0.39935321        0.43055332        0.45879617        0.48404545        0.24797024 
        0.17244737        0.35682246        0.39644593        0.42744946        0.45551661        0.48061061        0.24621645 
        0.17116764        0.35419175        0.39355984        0.42436796        0.45226038        0.47720000        0.24447501 
        0.16989759        0.35158065        0.39069501        0.42130879        0.44902733        0.47381335        0.24274568 
        0.16863702        0.34898895        0.38785109        0.41827166        0.44581738        0.47045073        0.24102859 
        0.16738595        0.34641656        0.38502792        0.41525638        0.44263032        0.46711171        0.23932347 
        0.16614428        0.34386331        0.38222554        0.41226307        0.43946594        0.46379623        0.23763032 
        0.16491196        0.34132919        0.37944353        0.40929124        0.43632427        0.46050426        0.23594910 
        0.16368891        0.33881393        0.37668201        0.40634093        0.43320498        0.45723552        0.23427963 
        0.16247506        0.33631745        0.37394074        0.40341192        0.43010789        0.45398983        0.23262200 
        0.16127032        0.33383957        0.37121952        0.40050408        0.42703292        0.45076701        0.23097593 
        0.16007465        0.33138019        0.36851826        0.39761731        0.42398000        0.44756705        0.22934148 
        0.15888801        0.32893914        0.36583677        0.39475131        0.42094871        0.44438958        0.22771850 
        0.15771027        0.32651633        0.36317500        0.39190611        0.41793931        0.44123474        0.22610699 
        0.15654139        0.32411158        0.36053273        0.38908154        0.41495121        0.43810207        0.22450675 
