                  0.00000000                  0.00000000                  0.00000000                  0.00000000                  0.00000000                  0.00000000                  0.00000000                  0.00000000                  0.00000000                  0.00000000 
                  0.00000000                  0.00000000                  0.00000000                  0.00000000                  0.00000000 
                  0.00000000                  0.00000000                  0.00000000                  0.00000000                  0.00000000 
                  0.00000000                  0.00000000                  0.00000000                  0.00000000                  0.00000000 
                  0.00000000                  0.00000000                  0.00000000                  0.00000000                  0.00000000 
                  0.00000000                  0.00000000                  0.00000000                  0.00000000                  0.00000000 
                  0.00000000                  0.00000000                  0.00000000                  0.00000000                  0.00000000 
                  0.00000000                  0.00000000                  0.00000000                  0.00000000                  0.00000000 
                  0.00000000                  0.00000000                  0.00000000                  0.00000000                  0.00000000 
                  0.00000000                  0.00000000                  0.00000000                  0.00000000                  0.00000000 
                  0.00000000                  0.00000000                  0.00000000                  0.00000000                  0.00000000 
                  0.00000000                  0.00000000                  0.00000000                  0.00000000                  0.00000000 
                  0.00000000                  0.00000000                  0.00000000                  0.00000000                  0.00000000 
                  0.00000000                  0.00000000                  0.00000000                  0.00000000                  0.00000000 
                  0.00000000                  0.00000000                  0.00000000                  0.00000000                  0.00000000 
                  0.00000000                  0.00000000                  0.00000000                  0.00000000                  0.00000000 
                  0.00000000                  0.00000000                  0.00000000                  0.00000000                  0.00000000 
                  0.00000000                  0.00000000                  0.00000000                  0.00000000                  0.00000000 
                  0.00000000                  0.00000000                  0.00000000                  0.00000000                  0.00000000 
                  0.00000000                  0.00000000                  0.00000000                  0.00000000                  0.00000000 
                  0.00000000                  0.00000000                  0.00000000                  0.00000000                  0.00000000 
                  0.00000000                  0.00000000                  0.00000000                  0.00000000                  0.00000000 
                  0.00000000                  0.00000000                  0.00000000                  0.00000000                  0.00000000 
                  0.00000000                  0.00000000                  0.00000000                  0.00000000                  0.00000000 
                  0.00000000                  0.00000000                  0.00000000                  0.00000000                  0.00000000 
                  0.00000000                  0.00000000                  0.00000000                  0.00000000                  0.00000000 
                  0.00000000                  0.00000000                  0.00000000                  0.00000000                  0.00000000 
                  0.00000000                  0.00000000                  0.00000000                  0.00000000                  0.00000000 
                  0.00000000                  0.00000000                  0.00000000                  0.00000000                  0.00000000 
                  0.00000000                  0.00000000                  0.00000000                  0.00000000                  0.00000000 
                  0.00000000                  0.00000000                  0.00000000                  0.00000000                  0.00000000 
                  0.00000000                  0.00000000                  0.00000000                  0.00000000                  0.00000000 
                  0.00000000                  0.00000000                  0.00000000                  0.00000000                  0.00000000 
                  0.00000000                  0.00000000                  0.00000000                  0.00000000                  0.00000000 
                  0.00000000                  0.00000000                  0.00000000                  0.00000000                  0.00000000 
                  0.00000000                  0.00000000                  0.00000000                  0.00000000                  0.00000000 
                  0.00000000                  0.00000000                  0.00000000                  0.00000000                  0.00000000 
                  0.00000000                  0.00000000                  0.00000000                  0.00000000                  0.00000000 
                  0.00000000                  0.00000000                  0.00000000                  0.00000000                  0.00000000 
                  0.00000000                  0.00000000                  0.00000000                  0.00000000                  0.00000000 
                  0.00000000                  0.00000000                  0.00000000                  0.00000000                  0.00000000 
                  0.00000000                  0.00000000                  0.00000000                  0.00000000                  0.00000000 
                  0.00000000                  0.00000000                  0.00000000                  0.00000000                  0.00000000 
                  0.00000000                  0.00000000                  0.00000000                  0.00000000                  0.00000000 
                  0.00000000                  0.00000000                  0.00000000                  0.00000000                  0.00000000 
                  0.00000000                  0.00000000                  0.00000000                  0.00000000                  0.00000000 
                  0.00000000                  0.00000000                  0.00000000                  0.00000000                  0.00000000 
                  0.00000000                  0.00000000                  0.00000000                  0.00000000                  0.00000000 
                  0.00000000                  0.00000000                  0.00000000                  0.00000000                  0.00000000 
                  0.00000000                  0.00000000                  0.00000000                  0.00000000                  0.00000000 
                  0.00000000                  0.00000000                  0.00000000                  0.00000000                  0.00000000 
                  0.00000000                  0.00000000                  0.00000000                  0.00000000                  0.00000000 
                  0.00000000                  0.00000000                  0.00000000                  0.00000000                  0.00000000 
                  0.00000000                  0.00000000                  0.00000000                  0.00000000                  0.00000000 
                  0.00000000                  0.00000000                  0.00000000                  0.00000000                  0.00000000 
                  0.00000000                  0.00000000                  0.00000000                  0.00000000                  0.00000000 
                  0.00000000                  0.00000000                  0.00000000                  0.00000000                  0.00000000 
                  0.00000000                  0.00000000                  0.00000000                  0.00000000                  0.00000000 
                  0.00000000                  0.00000000                  0.00000000                  0.00000000                  0.00000000 
                  0.00000000                  0.00000000                  0.00000000                  0.00000000                  0.00000000 
                  0.00000000                  0.00000000                  0.00000000                  0.00000000                  0.00000000 
                  0.00000000                  0.00000000                  0.00000000                  0.00000000                  0.00000000 
                  0.00000000                  0.00000000                  0.00000000                  0.00000000                  0.00000000 
                  0.00000000                  0.00000000                  0.00000000                  0.00000000                  0.00000000 
                  0.00000000                  0.00000000                  0.00000000                  0.00000000                  0.00000000 
                  0.00000000                  0.00000000                  0.00000000                  0.00000000                  0.00000000 
                  0.00000000                  0.00000000                  0.00000000                  0.00000000                  0.00000000 
                  0.00000000                  0.00000000                  0.00000000                  0.00000000                  0.00000000 
                  0.00000000                  0.00000000                  0.00000000                  0.00000000                  0.00000000 
                  0.00000000                  0.00000000                  0.00000000                  0.00000000                  0.00000000 
                  0.00000000                  0.00000000                  0.00000000                  0.00000000                  0.00000000 
                  0.00000000                  0.00000000                  0.00000000                  0.00000000                  0.00000000 
                  0.00000000                  0.00000000                  0.00000000                  0.00000000                  0.00000000 
                  0.00000000                  0.00000000                  0.00000000                  0.00000000                  0.00000000 
                  0.00000000                  0.00000000                  0.00000000                  0.00000000                  0.00000000 
                  0.00000000                  0.00000000                  0.00000000                  0.00000000                  0.00000000 
                  0.00000000                  0.00000000                  0.00000000                  0.00000000                  0.00000000 
                  0.00000000                  0.00000000                  0.00000000                  0.00000000                  0.00000000 
                  0.00000000                  0.00000000                  0.00000000                  0.00000000                  0.00000000 
                  0.00000000                  0.00000000                  0.00000000                  0.00000000                  0.00000000 
                  0.00000000                  0.00000000                  0.00000000                  0.00000000                  0.00000000 
                  0.00000000                  0.00000000                  0.00000000                  0.00000000                  0.00000000 
                  0.00000000                  0.00000000                  0.00000000                  0.00000000                  0.00000000 
                  0.00000000                  0.00000000                  0.00000000                  0.00000000                  0.00000000 
                  0.00000000                  0.00000000                  0.00000000                  0.00000000                  0.00000000 
                  0.00000000                  0.00000000                  0.00000000                  0.00000000                  0.00000000 
                  0.00000000                  0.00000000                  0.00000000                  0.00000000                  0.00000000 
                  0.00000000                  0.00000000                  0.00000000                  0.00000000                  0.00000000 
                  0.00000000                  0.00000000                  0.00000000                  0.00000000                  0.00000000 
                  0.00000000                  0.00000000                  0.00000000                  0.00000000                  0.00000000 
                  0.00000000                  0.00000000                  0.00000000                  0.00000000                  0.00000000 
                  0.00000000                  0.00000000                  0.00000000                  0.00000000                  0.00000000 
                  0.00000000                  0.00000000                  0.00000000                  0.00000000                  0.00000000 
                  0.00000000                  0.00000000                  0.00000000                  0.00000000                  0.00000000 
                  0.00000000                  0.00000000                  0.00000000                  0.00000000                  0.00000000 
                  0.00000000                  0.00000000                  0.00000000                  0.00000000                  0.00000000 
                  0.00000000                  0.00000000                  0.00000000                  0.00000000                  0.00000000 
                  0.00000000                  0.00000000                  0.00000000                  0.00000000                  0.00000000 
                  0.00000000                  0.00000000                  0.00000000                  0.00000000                  0.00000000 
                  0.00000000                  0.00000000                  0.00000000                  0.00000000                  0.00000000 
                  0.00000000                  0.00000000                  0.00000000                  0.00000000                  0.00000000 
                  0.00000000                  0.00000000                  0.00000000                  0.00000000                  0.00000000 
                  0.00000000                  0.00000000                  0.00000000                  0.00000000                  0.00000000 
                  0.00000000                  0.00000000                  0.00000000                  0.00000000                  0.00000000 
                  0.00000000                  0.00000000                  0.00000000                  0.00000000                  0.00000000 
                  0.00000000                  0.00000000                  0.00000000                  0.00000000                  0.00000000 
                  0.00000000                  0.00000000                  0.00000000                  0.00000000                  0.00000000 
                  0.00000000                  0.00000000                  0.00000000                  0.00000000                  0.00000000 
                  0.00000000                  0.00000000                  0.00000000                  0.00000000                  0.00000000 
                  0.00000000                  0.00000000                  0.00000000                  0.00000000                  0.00000000 
                  0.00000000                  0.00000000                  0.00000000                  0.00000000                  0.00000000 
                  0.00000000                  0.00000000                  0.00000000                  0.00000000                  0.00000000 
                  0.00000000                  0.00000000                  0.00000000                  0.00000000                  0.00000000 
                  0.00000000                  0.00000000                  0.00000000                  0.00000000                  0.00000000 
                  0.00000000                  0.00000000                  0.00000000                  0.00000000                  0.00000000 
                  0.00000000                  0.00000000                  0.00000000                  0.00000000                  0.00000000 
                  0.00000000                  0.00000000                  0.00000000                  0.00000000                  0.00000000 
                  0.00000000                  0.00000000                  0.00000000                  0.00000000                  0.00000000 
                  0.00000000                  0.00000000                  0.00000000                  0.00000000                  0.00000000 
                  0.00000000                  0.00000000                  0.00000000                  0.00000000                  0.00000000 
                  0.00000000                  0.00000000                  0.00000000                  0.00000000                  0.00000000 
                  0.00000000                  0.00000000                  0.00000000                  0.00000000                  0.00000000 
                  0.00000000                  0.00000000                  0.00000000                  0.00000000                  0.00000000 
                  0.00000000                  0.00000000                  0.00000000                  0.00000000                  0.00000000 
                  0.00000000                  0.00000000                  0.00000000                  0.00000000                  0.00000000 
                  0.00000001                  0.00000001                  0.00000001                  0.00000000                  0.00000000 
                  0.00000001                  0.00000001                  0.00000001                  0.00000001                  0.00000001 
                  0.00000001                  0.00000001                  0.00000001                  0.00000001                  0.00000001 
                  0.00000002                  0.00000002                  0.00000002                  0.00000002                  0.00000002 
                  0.00000004                  0.00000004                  0.00000004                  0.00000002                  0.00000002 
                  0.00000006                  0.00000006                  0.00000006                  0.00000004                  0.00000004 
                  0.00000009                  0.00000009                  0.00000009                  0.00000006                  0.00000006 
                  0.00000013                  0.00000013                  0.00000013                  0.00000009                  0.00000009 
                  0.00000020                  0.00000020                  0.00000020                  0.00000014                  0.00000014 
                  0.00000030                  0.00000030                  0.00000030                  0.00000021                  0.00000021 
                  0.00000045                  0.00000045                  0.00000046                  0.00000031                  0.00000031 
                  0.00000067                  0.00000067                  0.00000068                  0.00000046                  0.00000047 
                  0.00000100                  0.00000100                  0.00000101                  0.00000069                  0.00000069 
                  0.00000148                  0.00000148                  0.00000149                  0.00000101                  0.00000102 
                  0.00000217                  0.00000217                  0.00000219                  0.00000149                  0.00000150 
                  0.00000317                  0.00000316                  0.00000320                  0.00000217                  0.00000218 
                  0.00000460                  0.00000458                  0.00000464                  0.00000315                  0.00000317 
                  0.00000663                  0.00000661                  0.00000669                  0.00000454                  0.00000456 
                  0.00000950                  0.00000947                  0.00000959                  0.00000651                  0.00000654 
                  0.00001354                  0.00001349                  0.00001366                  0.00000927                  0.00000931 
                  0.00001917                  0.00001910                  0.00001934                  0.00001313                  0.00001318 
                  0.00002699                  0.00002689                  0.00002723                  0.00001848                  0.00001856 
                  0.00003777                  0.00003763                  0.00003810                  0.00002586                  0.00002596 
                  0.00005254                  0.00005235                  0.00005300                  0.00003597                  0.00003611 
                  0.00007266                  0.00007240                  0.00007329                  0.00004974                  0.00004992 
                  0.00009990                  0.00009952                  0.00010074                  0.00006837                  0.00006862 
                  0.00013652                  0.00013600                  0.00013766                  0.00009343                  0.00009375 
                  0.00018547                  0.00018476                  0.00018700                  0.00012691                  0.00012733 
                  0.00025050                  0.00024951                  0.00025252                  0.00017138                  0.00017192 
                  0.00033632                  0.00033498                  0.00033900                  0.00023006                  0.00023077 
                  0.00044891                  0.00044708                  0.00045241                  0.00030703                  0.00030793 
                  0.00059566                  0.00059320                  0.00060023                  0.00040733                  0.00040848 
                  0.00078575                  0.00078246                  0.00079166                  0.00053725                  0.00053869 
                  0.00103045                  0.00102606                  0.00103805                  0.00070444                  0.00070624 
                  0.00134345                  0.00133765                  0.00135315                  0.00091828                  0.00092050 
                  0.00174132                  0.00173368                  0.00175360                  0.00119004                  0.00119275 
                  0.00224387                  0.00223388                  0.00225933                  0.00153324                  0.00153652 
                  0.00287465                  0.00286166                  0.00289397                  0.00196393                  0.00196786 
                  0.00366139                  0.00364460                  0.00368534                  0.00250100                  0.00250565 
                  0.00463643                  0.00461486                  0.00466593                  0.00316650                  0.00317193 
                  0.00583720                  0.00580965                  0.00587326                  0.00398589                  0.00399214 
                  0.00730657                  0.00727158                  0.00735030                  0.00498837                  0.00499545 
                  0.00909318                  0.00904900                  0.00914582                  0.00620704                  0.00621491 
                  0.01125167                  0.01119623                  0.01131454                  0.00767906                  0.00768763 
                  0.01384278                  0.01377362                  0.01391726                  0.00944573                  0.00945481 
                  0.01693328                  0.01684749                  0.01702079                  0.01155243                  0.01156173 
                  0.02059572                  0.02048993                  0.02069766                  0.01404844                  0.01405751 
                  0.02490793                  0.02477824                  0.02502564                  0.01698659                  0.01699483 
                  0.02995230                  0.02979424                  0.03008699                  0.02042280                  0.02042937 
                  0.03581480                  0.03562325                  0.03596742                  0.02441533                  0.02441917 
                  0.04258358                  0.04235282                  0.04275480                  0.02902392                  0.02902364 
                  0.05034748                  0.05007107                  0.05053749                  0.03430867                  0.03430256 
                  0.05919401                  0.05886482                  0.05940244                  0.04032877                  0.04031468 
                  0.06920721                  0.06881741                  0.06943302                  0.04714093                  0.04711632 
                  0.08046522                  0.08000628                  0.08070646                  0.05479779                  0.05475961 
                  0.09303755                  0.09250028                  0.09329132                  0.06334610                  0.06329075 
                  0.10698235                  0.10635694                  0.10724456                  0.07282473                  0.07274809 
                  0.12234350                  0.12161960                  0.12260877                  0.08326285                  0.08316018 
                  0.13914774                  0.13831457                  0.13940929                  0.09467790                  0.09454388 
                  0.15740201                  0.15644844                  0.15765150                  0.10707380                  0.10690248 
                  0.17709084                  0.17600551                  0.17731829                  0.12043919                  0.12022404 
                  0.19817419                  0.19694579                  0.19836800                  0.13474603                  0.13447998 
                  0.22058581                  0.21920314                  0.22073264                  0.14994846                  0.14962389 
                  0.24423198                  0.24268419                  0.24431680                  0.16598189                  0.16559081 
                  0.26899099                  0.26726779                  0.26899725                  0.18276283                  0.18229690 
                  0.29471332                  0.29280519                  0.29462296                  0.20018896                  0.19963956 
                  0.32122254                  0.31912100                  0.32101637                  0.21813977                  0.21749821 
                  0.34831715                  0.34601504                  0.34797493                  0.23647776                  0.23573543 
                  0.37577307                  0.37326458                  0.37527385                  0.25505033                  0.25419876 
                  0.40334693                  0.40062785                  0.40266943                  0.27369180                  0.27272302 
                  0.43077996                  0.42784801                  0.42990291                  0.29222643                  0.29113293 
                  0.45780265                  0.45465755                  0.45670545                  0.31047124                  0.30924630 
                  0.48413998                  0.48078337                  0.48280278                  0.32823968                  0.32687747 
                  0.50951642                  0.50595212                  0.50792086                  0.34534523                  0.34384099 
                  0.53366184                  0.52989590                  0.53179133                  0.36160511                  0.35995531 
                  0.55631673                  0.55235755                  0.55415720                  0.37684417                  0.37504667 
                  0.57723808                  0.57309592                  0.57477784                  0.39089847                  0.38895255 
                  0.59620386                  0.59189123                  0.59343451                  0.40361857                  0.40152508 
                  0.61301810                  0.60854918                  0.60993439                  0.41487285                  0.41263422 
                  0.62751412                  0.62290478                  0.62411439                  0.42454988                  0.42217010 
                  0.63955820                  0.63482577                  0.63584447                  0.43256044                  0.43004519 
                  0.64905149                  0.64421457                  0.64502949                  0.43883926                  0.43619567 
                  0.65593153                  0.65100956                  0.65161079                  0.44334579                  0.44058239 
                  0.66017258                  0.65518570                  0.65556622                  0.44606441                  0.44319099 
                  0.66178507                  0.65675396                  0.65690958                  0.44700390                  0.44403148 
                  0.66081452                  0.65575957                  0.65568954                  0.44619673                  0.44313732 
                  0.65733892                  0.65228045                  0.65198690                  0.44369754                  0.44056392 
                  0.65146619                  0.64642411                  0.64591205                  0.43958104                  0.43638659 
                  0.64333093                  0.63832414                  0.63760149                  0.43393973                  0.43069819 
                  0.63309002                  0.62813681                  0.62721360                  0.42688131                  0.42360651 
                  0.62091899                  0.61603630                  0.61492479                  0.41852564                  0.41523153 
                  0.60700744                  0.60221082                  0.60092527                  0.40900207                  0.40570229 
                  0.59155482                  0.58685839                  0.58541447                  0.39844641                  0.39515430 
                  0.57476610                  0.57018250                  0.56859696                  0.38699803                  0.38372627 
                  0.55684781                  0.55238813                  0.55067849                  0.37479714                  0.37155774 
                  0.53800446                  0.53367817                  0.53186226                  0.36198229                  0.35878646 
                  0.51843518                  0.51424998                  0.51234585                  0.34868830                  0.34554631 
                  0.49833077                  0.49429286                  0.49231821                  0.33504415                  0.33196530 
                  0.47787136                  0.47398543                  0.47195750                  0.32117149                  0.31816396 
                  0.45722461                  0.45349401                  0.45142919                  0.30718333                  0.30425429 
                  0.43654421                  0.43297079                  0.43088466                  0.29318309                  0.29033872 
                  0.41596895                  0.41255343                  0.41046032                  0.27926409                  0.27650946 
                  0.39562225                  0.39236420                  0.39027727                  0.26550919                  0.26284826 
                  0.37561196                  0.37250996                  0.37044111                  0.25199050                  0.24942636 
                  0.35603070                  0.35308248                  0.35104221                  0.23876995                  0.23630473 
                  0.33695623                  0.33415878                  0.33215633                  0.22589928                  0.22353435 
                  0.31845230                  0.31580198                  0.31384519                  0.21342084                  0.21115671 
                  0.30056956                  0.29806221                  0.29615766                  0.20136809                  0.19920459 
                  0.28334653                  0.28097755                  0.27913067                  0.18976627                  0.18770264 
                  0.26681086                  0.26457524                  0.26279032                  0.17863332                  0.17666824 
                  0.25098032                  0.24887297                  0.24715321                  0.16798058                  0.16611227 
                  0.23586407                  0.23387969                  0.23222737                  0.15781361                  0.15603986 
                  0.22146389                  0.21959710                  0.21801367                  0.14813294                  0.14645126 
                  0.20777518                  0.20602052                  0.20450670                  0.13893488                  0.13734251 
                  0.19478793                  0.19314000                  0.19169585                  0.13021220                  0.12870613 
                  0.18248780                  0.18094125                  0.17956626                  0.12195468                  0.12053180 
                  0.17085686                  0.16940649                  0.16809969                  0.11414979                  0.11280687 
                  0.15987448                  0.15851519                  0.15727518                  0.10678324                  0.10551696 
                  0.14951792                  0.14824472                  0.14706987                  0.09983929                  0.09864634 
                  0.13976294                  0.13857104                  0.13745943                  0.09330129                  0.09217834 
                  0.13058431                  0.12946908                  0.12841861                  0.08715194                  0.08609571 
                  0.12195627                  0.12091327                  0.11992169                  0.08137364                  0.08038083 
                  0.11385282                  0.11287780                  0.11194279                  0.07594862                  0.07501605 
                  0.10624807                  0.10533698                  0.10445616                  0.07085926                  0.06998382 
                  0.09911646                  0.09826545                  0.09743640                  0.06608817                  0.06526683 
                  0.09243295                  0.09163835                  0.09085865                  0.06161832                  0.06084818 
                  0.08617315                  0.08543149                  0.08469874                  0.05743318                  0.05671142 
                  0.08031345                  0.07962142                  0.07893328                  0.05351674                  0.05284066 
                  0.07483108                  0.07418557                  0.07353973                  0.04985359                  0.04922059 
                  0.06970419                  0.06910226                  0.06849647                  0.04642895                  0.04583655 
                  0.06491183                  0.06435070                  0.06378280                  0.04322867                  0.04267450 
                  0.06043405                  0.05991109                  0.05937900                  0.04023926                  0.03972107 
                  0.05625181                  0.05576457                  0.05526628                  0.03744790                  0.03696353 
                  0.05234705                  0.05189320                  0.05142676                  0.03484239                  0.03438981 
                  0.04870263                  0.04827998                  0.04784356                  0.03241120                  0.03198845 
                  0.04530230                  0.04490881                  0.04450065                  0.03014337                  0.02974864 
                  0.04213072                  0.04176445                  0.04138288                  0.02802859                  0.02766014 
                  0.03917338                  0.03883254                  0.03847595                  0.02605711                  0.02571329 
                  0.03641661                  0.03609949                  0.03576638                  0.02421974                  0.02389900 
                  0.03384752                  0.03355254                  0.03324146                  0.02250780                  0.02220868 
                  0.03145396                  0.03117963                  0.03088922                  0.02091316                  0.02063428 
                  0.02922451                  0.02896943                  0.02869841                  0.01942814                  0.01916821 
                  0.02714843                  0.02691130                  0.02665845                  0.01804554                  0.01780334 
                  0.02521564                  0.02499523                  0.02475940                  0.01675861                  0.01653297 
                  0.02341665                  0.02321183                  0.02299194                  0.01556098                  0.01535083 
                  0.02174257                  0.02155228                  0.02134730                  0.01444671                  0.01425103 
                  0.02018508                  0.02000830                  0.01981729                  0.01341021                  0.01322805 
                  0.01873636                  0.01857216                  0.01839420                  0.01244625                  0.01227671 
                  0.01738907                  0.01723659                  0.01707084                  0.01154993                  0.01139218 
                  0.01613637                  0.01599479                  0.01584044                  0.01071666                  0.01056991 
                  0.01497185                  0.01484041                  0.01469671                  0.00994217                  0.00980567 
                  0.01388948                  0.01376748                  0.01363373                  0.00922242                  0.00909549 
                  0.01288367                  0.01277044                  0.01264598                  0.00855368                  0.00843566 
                  0.01194916                  0.01184408                  0.01172829                  0.00793242                  0.00782272 
                  0.01108104                  0.01098355                  0.01087584                  0.00735539                  0.00725342 
                  0.01027473                  0.01018429                  0.01008412                  0.00681950                  0.00672476 
                  0.00952595                  0.00944206                  0.00934893                  0.00632192                  0.00623389 
                  0.00883071                  0.00875290                  0.00866633                  0.00585997                  0.00577820 
                  0.00818527                  0.00811312                  0.00803265                  0.00543117                  0.00535522 
                  0.00758617                  0.00751926                  0.00744449                  0.00503319                  0.00496267 
                  0.00703014                  0.00696811                  0.00689864                  0.00466388                  0.00459840 
                  0.00651418                  0.00645668                  0.00639214                  0.00432121                  0.00426043 
                  0.00603545                  0.00598215                  0.00592221                  0.00400331                  0.00394689 
                  0.00559134                  0.00554194                  0.00548628                  0.00370843                  0.00365607 
                  0.00517939                  0.00513361                  0.00508193                  0.00343493                  0.00338634 
                  0.00479732                  0.00475491                  0.00470692                  0.00318129                  0.00313621 
                  0.00444302                  0.00440372                  0.00435918                  0.00294611                  0.00290429 
                  0.00411449                  0.00407809                  0.00403675                  0.00272806                  0.00268927 
                  0.00380991                  0.00377619                  0.00373783                  0.00252593                  0.00248995 
                  0.00352756                  0.00349633                  0.00346074                  0.00233856                  0.00230520 
                  0.00326585                  0.00323692                  0.00320391                  0.00216491                  0.00213398 
                  0.00302330                  0.00299651                  0.00296588                  0.00200398                  0.00197531 
                  0.00279852                  0.00277372                  0.00274531                  0.00185486                  0.00182828 
                  0.00259025                  0.00256728                  0.00254094                  0.00171670                  0.00169206 
                  0.00239728                  0.00237602                  0.00235159                  0.00158870                  0.00156587 
                  0.00221851                  0.00219883                  0.00217618                  0.00147014                  0.00144897 
                  0.00205291                  0.00203469                  0.00201370                  0.00136031                  0.00134071 
                  0.00189953                  0.00188267                  0.00186321                  0.00125860                  0.00124043 
                  0.00175748                  0.00174187                  0.00172384                  0.00116441                  0.00114758 
                  0.00162594                  0.00161149                  0.00159478                  0.00107718                  0.00106160 
                  0.00150413                  0.00149076                  0.00147528                  0.00099643                  0.00098199 
                  0.00139135                  0.00137898                  0.00136463                  0.00092166                  0.00090829 
                  0.00128693                  0.00127549                  0.00126220                  0.00085244                  0.00084006 
                  0.00119028                  0.00117969                  0.00116738                  0.00078837                  0.00077691 
                  0.00110081                  0.00109101                  0.00107961                  0.00072907                  0.00071845 
                  0.00101799                  0.00100893                  0.00099837                  0.00067419                  0.00066436 
                  0.00094135                  0.00093297                  0.00092319                  0.00062339                  0.00061430 
                  0.00087043                  0.00086268                  0.00085362                  0.00057639                  0.00056797 
                  0.00080479                  0.00079763                  0.00078924                  0.00053290                  0.00052511 
                  0.00074407                  0.00073744                  0.00072967                  0.00049266                  0.00048545 
                  0.00068788                  0.00068175                  0.00067456                  0.00045544                  0.00044876 
                  0.00063590                  0.00063023                  0.00062358                  0.00042100                  0.00041482 
                  0.00058781                  0.00058257                  0.00057641                  0.00038914                  0.00038343 
                  0.00054333                  0.00053849                  0.00053279                  0.00035968                  0.00035439 
                  0.00050219                  0.00049771                  0.00049244                  0.00033243                  0.00032753 
                  0.00046414                  0.00046000                  0.00045512                  0.00030722                  0.00030270 
                  0.00042895                  0.00042512                  0.00042060                  0.00028391                  0.00027973 
                  0.00039640                  0.00039286                  0.00038868                  0.00026236                  0.00025849 
                  0.00036631                  0.00036304                  0.00035917                  0.00024243                  0.00023885 
                  0.00033848                  0.00033546                  0.00033188                  0.00022401                  0.00022069 
                  0.00031275                  0.00030996                  0.00030665                  0.00020697                  0.00020391 
                  0.00028897                  0.00028639                  0.00028333                  0.00019122                  0.00018839 
                  0.00026698                  0.00026459                  0.00026176                  0.00017666                  0.00017404 
                  0.00024665                  0.00024444                  0.00024183                  0.00016320                  0.00016078 
                  0.00022786                  0.00022582                  0.00022340                  0.00015076                  0.00014852 
                  0.00021049                  0.00020861                  0.00020637                  0.00013926                  0.00013719 
                  0.00019443                  0.00019270                  0.00019063                  0.00012864                  0.00012672 
                  0.00017960                  0.00017799                  0.00017608                  0.00011882                  0.00011705 
                  0.00016588                  0.00016440                  0.00016263                  0.00010974                  0.00010810 
                  0.00015321                  0.00015184                  0.00015021                  0.00010135                  0.00009984 
                  0.00014150                  0.00014024                  0.00013872                  0.00009360                  0.00009221 
                  0.00013068                  0.00012951                  0.00012812                  0.00008644                  0.00008515 
                  0.00012069                  0.00011960                  0.00011831                  0.00007983                  0.00007863 
                  0.00011145                  0.00011045                  0.00010926                  0.00007371                  0.00007261 
                  0.00010291                  0.00010199                  0.00010089                  0.00006807                  0.00006705 
                  0.00009503                  0.00009418                  0.00009316                  0.00006285                  0.00006191 
                  0.00008774                  0.00008696                  0.00008602                  0.00005803                  0.00005716 
                  0.00008102                  0.00008029                  0.00007942                  0.00005358                  0.00005277 
                  0.00007480                  0.00007413                  0.00007333                  0.00004947                  0.00004872 
                  0.00006906                  0.00006844                  0.00006770                  0.00004567                  0.00004498 
                  0.00006376                  0.00006319                  0.00006250                  0.00004216                  0.00004153 
                  0.00005886                  0.00005833                  0.00005770                  0.00003892                  0.00003833 
                  0.00005434                  0.00005385                  0.00005326                  0.00003593                  0.00003539 
                  0.00005016                  0.00004971                  0.00004917                  0.00003316                  0.00003267 
                  0.00004630                  0.00004589                  0.00004539                  0.00003061                  0.00003015 
                  0.00004274                  0.00004236                  0.00004189                  0.00002826                  0.00002783 
                  0.00003945                  0.00003910                  0.00003867                  0.00002608                  0.00002569 
                  0.00003641                  0.00003608                  0.00003569                  0.00002407                  0.00002371 
                  0.00003361                  0.00003331                  0.00003294                  0.00002222                  0.00002188 
                  0.00003102                  0.00003074                  0.00003040                  0.00002050                  0.00002019 
                  0.00002863                  0.00002837                  0.00002806                  0.00001892                  0.00001864 
                  0.00002642                  0.00002618                  0.00002589                  0.00001746                  0.00001720 
                  0.00002438                  0.00002416                  0.00002390                  0.00001612                  0.00001587 
                  0.00002250                  0.00002230                  0.00002205                  0.00001487                  0.00001465 
                  0.00002076                  0.00002058                  0.00002035                  0.00001372                  0.00001352 
                  0.00001916                  0.00001899                  0.00001878                  0.00001266                  0.00001247 
                  0.00001768                  0.00001752                  0.00001733                  0.00001168                  0.00001151 
                  0.00001631                  0.00001617                  0.00001599                  0.00001078                  0.00001062 
                  0.00001505                  0.00001492                  0.00001475                  0.00000995                  0.00000980 
                  0.00001389                  0.00001376                  0.00001361                  0.00000918                  0.00000904 
                  0.00001281                  0.00001270                  0.00001256                  0.00000847                  0.00000834 
                  0.00001182                  0.00001172                  0.00001159                  0.00000781                  0.00000769 
                  0.00001091                  0.00001081                  0.00001069                  0.00000721                  0.00000710 
                  0.00001006                  0.00000997                  0.00000986                  0.00000665                  0.00000655 
                  0.00000928                  0.00000920                  0.00000910                  0.00000613                  0.00000604 
                  0.00000856                  0.00000849                  0.00000839                  0.00000566                  0.00000557 
                  0.00000790                  0.00000783                  0.00000774                  0.00000522                  0.00000514 
                  0.00000729                  0.00000722                  0.00000714                  0.00000482                  0.00000474 
                  0.00000672                  0.00000666                  0.00000659                  0.00000444                  0.00000437 
                  0.00000620                  0.00000615                  0.00000608                  0.00000410                  0.00000404 
                  0.00000572                  0.00000567                  0.00000561                  0.00000378                  0.00000372 
                  0.00000528                  0.00000523                  0.00000517                  0.00000349                  0.00000343 
                  0.00000487                  0.00000482                  0.00000477                  0.00000322                  0.00000317 
                  0.00000449                  0.00000445                  0.00000440                  0.00000297                  0.00000292 
                  0.00000414                  0.00000410                  0.00000406                  0.00000274                  0.00000269 
                  0.00000382                  0.00000378                  0.00000374                  0.00000252                  0.00000248 
                  0.00000352                  0.00000349                  0.00000345                  0.00000233                  0.00000229 
                  0.00000325                  0.00000322                  0.00000318                  0.00000215                  0.00000211 
                  0.00000300                  0.00000297                  0.00000294                  0.00000198                  0.00000195 
                  0.00000276                  0.00000274                  0.00000271                  0.00000183                  0.00000180 
                  0.00000255                  0.00000253                  0.00000250                  0.00000168                  0.00000166 
                  0.00000235                  0.00000233                  0.00000230                  0.00000155                  0.00000153 
                  0.00000217                  0.00000215                  0.00000212                  0.00000143                  0.00000141 
                  0.00000200                  0.00000198                  0.00000196                  0.00000132                  0.00000130 
                  0.00000184                  0.00000183                  0.00000181                  0.00000122                  0.00000120 
                  0.00000170                  0.00000168                  0.00000167                  0.00000112                  0.00000111 
                  0.00000157                  0.00000155                  0.00000154                  0.00000104                  0.00000102 
                  0.00000145                  0.00000143                  0.00000142                  0.00000095                  0.00000094 
                  0.00000133                  0.00000132                  0.00000131                  0.00000088                  0.00000087 
                  0.00000123                  0.00000122                  0.00000120                  0.00000081                  0.00000080 
                  0.00000113                  0.00000112                  0.00000111                  0.00000075                  0.00000074 
                  0.00000104                  0.00000104                  0.00000102                  0.00000069                  0.00000068 
                  0.00000096                  0.00000095                  0.00000094                  0.00000064                  0.00000063 
                  0.00000089                  0.00000088                  0.00000087                  0.00000059                  0.00000058 
                  0.00000082                  0.00000081                  0.00000080                  0.00000054                  0.00000053 
                  0.00000075                  0.00000075                  0.00000074                  0.00000050                  0.00000049 
                  0.00000070                  0.00000069                  0.00000068                  0.00000046                  0.00000045 
                  0.00000064                  0.00000064                  0.00000063                  0.00000042                  0.00000042 
                  0.00000059                  0.00000059                  0.00000058                  0.00000039                  0.00000038 
                  0.00000055                  0.00000054                  0.00000053                  0.00000036                  0.00000035 
                  0.00000050                  0.00000050                  0.00000049                  0.00000033                  0.00000033 
                  0.00000046                  0.00000046                  0.00000045                  0.00000031                  0.00000030 
                  0.00000043                  0.00000042                  0.00000042                  0.00000028                  0.00000028 
                  0.00000039                  0.00000039                  0.00000039                  0.00000026                  0.00000026 
                  0.00000036                  0.00000036                  0.00000036                  0.00000024                  0.00000024 
                  0.00000033                  0.00000033                  0.00000033                  0.00000022                  0.00000022 
                  0.00000031                  0.00000031                  0.00000030                  0.00000020                  0.00000020 
                  0.00000028                  0.00000028                  0.00000028                  0.00000019                  0.00000018 
                  0.00000026                  0.00000026                  0.00000026                  0.00000017                  0.00000017 
                  0.00000024                  0.00000024                  0.00000024                  0.00000016                  0.00000016 
                  0.00000022                  0.00000022                  0.00000022                  0.00000015                  0.00000014 
                  0.00000021                  0.00000020                  0.00000020                  0.00000014                  0.00000013 
                  0.00000019                  0.00000019                  0.00000019                  0.00000012                  0.00000012 
                  0.00000017                  0.00000017                  0.00000017                  0.00000012                  0.00000011 
                  0.00000016                  0.00000016                  0.00000016                  0.00000011                  0.00000010 
                  0.00000015                  0.00000015                  0.00000015                  0.00000010                  0.00000010 
                  0.00000014                  0.00000014                  0.00000013                  0.00000009                  0.00000009 
                  0.00000013                  0.00000012                  0.00000012                  0.00000008                  0.00000008 
                  0.00000012                  0.00000012                  0.00000011                  0.00000008                  0.00000008 
                  0.00000011                  0.00000011                  0.00000010                  0.00000007                  0.00000007 
                  0.00000010                  0.00000010                  0.00000010                  0.00000007                  0.00000006 
                  0.00000009                  0.00000009                  0.00000009                  0.00000006                  0.00000006 
                  0.00000008                  0.00000008                  0.00000008                  0.00000006                  0.00000005 
                  0.00000008                  0.00000008                  0.00000008                  0.00000005                  0.00000005 
                  0.00000007                  0.00000007                  0.00000007                  0.00000005                  0.00000005 
                  0.00000007                  0.00000006                  0.00000006                  0.00000004                  0.00000004 
                  0.00000006                  0.00000006                  0.00000006                  0.00000004                  0.00000004 
                  0.00000006                  0.00000006                  0.00000005                  0.00000004                  0.00000004 
                  0.00000005                  0.00000005                  0.00000005                  0.00000003                  0.00000003 
                  0.00000005                  0.00000005                  0.00000005                  0.00000003                  0.00000003 
                  0.00000004                  0.00000004                  0.00000004                  0.00000003                  0.00000003 
                  0.00000004                  0.00000004                  0.00000004                  0.00000003                  0.00000003 
                  0.00000004                  0.00000004                  0.00000004                  0.00000002                  0.00000002 
                  0.00000003                  0.00000003                  0.00000003                  0.00000002                  0.00000002 
                  0.00000003                  0.00000003                  0.00000003                  0.00000002                  0.00000002 
                  0.00000003                  0.00000003                  0.00000003                  0.00000002                  0.00000002 
                  0.00000003                  0.00000003                  0.00000003                  0.00000002                  0.00000002 
                  0.00000002                  0.00000002                  0.00000002                  0.00000002                  0.00000002 
                  0.00000002                  0.00000002                  0.00000002                  0.00000001                  0.00000001 
                  0.00000002                  0.00000002                  0.00000002                  0.00000001                  0.00000001 
                  0.00000002                  0.00000002                  0.00000002                  0.00000001                  0.00000001 
                  0.00000002                  0.00000002                  0.00000002                  0.00000001                  0.00000001 
                  0.00000002                  0.00000002                  0.00000002                  0.00000001                  0.00000001 
                  0.00000002                  0.00000001                  0.00000001                  0.00000001                  0.00000001 
                  0.00000001                  0.00000001                  0.00000001                  0.00000001                  0.00000001 
                  0.00000001                  0.00000001                  0.00000001                  0.00000001                  0.00000001 
                  0.00000001                  0.00000001                  0.00000001                  0.00000001                  0.00000001 
                  0.00000001                  0.00000001                  0.00000001                  0.00000001                  0.00000001 
                  0.00000001                  0.00000001                  0.00000001                  0.00000001                  0.00000001 
                  0.00000001                  0.00000001                  0.00000001                  0.00000001                  0.00000001 
                  0.00000001                  0.00000001                  0.00000001                  0.00000001                  0.00000001 
                  0.00000001                  0.00000001                  0.00000001                  0.00000001                  0.00000001 
                  0.00000001                  0.00000001                  0.00000001                  0.00000000                  0.00000000 
                  0.00000001                  0.00000001                  0.00000001                  0.00000000                  0.00000000 
                  0.00000001                  0.00000001                  0.00000001                  0.00000000                  0.00000000 
                  0.00000001                  0.00000001                  0.00000001                  0.00000000                  0.00000000 
                  0.00000001                  0.00000001                  0.00000001                  0.00000000                  0.00000000 
                  0.00000000                  0.00000000                  0.00000000                  0.00000000                  0.00000000 
                  0.00000000                  0.00000000                  0.00000000                  0.00000000                  0.00000000 
                  0.00000000                  0.00000000                  0.00000000                  0.00000000                  0.00000000 
                  0.00000000                  0.00000000                  0.00000000                  0.00000000                  0.00000000 
                  0.00000000                  0.00000000                  0.00000000                  0.00000000                  0.00000000 
                  0.00000000                  0.00000000                  0.00000000                  0.00000000                  0.00000000 
                  0.00000000                  0.00000000                  0.00000000                  0.00000000                  0.00000000 
                  0.00000000                  0.00000000                  0.00000000                  0.00000000                  0.00000000 
                  0.00000000                  0.00000000                  0.00000000                  0.00000000                  0.00000000 
                  0.00000000                  0.00000000                  0.00000000                  0.00000000                  0.00000000 
                  0.00000000                  0.00000000                  0.00000000                  0.00000000                  0.00000000 
                  0.00000000                  0.00000000                  0.00000000                  0.00000000                  0.00000000 
                  0.00000000                  0.00000000                  0.00000000                  0.00000000                  0.00000000 
                  0.00000000                  0.00000000                  0.00000000                  0.00000000                  0.00000000 
                  0.00000000                  0.00000000                  0.00000000                  0.00000000                  0.00000000 
                  0.00000000                  0.00000000                  0.00000000                  0.00000000                  0.00000000 
                  0.00000000                  0.00000000                  0.00000000                  0.00000000                  0.00000000 
                  0.00000000                  0.00000000                  0.00000000                  0.00000000                  0.00000000 
                  0.00000000                  0.00000000                  0.00000000                  0.00000000                  0.00000000 
                  0.00000000                  0.00000000                  0.00000000                  0.00000000                  0.00000000 
                  0.00000000                  0.00000000                  0.00000000                  0.00000000                  0.00000000 
                  0.00000000                  0.00000000                  0.00000000                  0.00000000                  0.00000000 
                  0.00000000                  0.00000000                  0.00000000                  0.00000000                  0.00000000 
                  0.00000000                  0.00000000                  0.00000000                  0.00000000                  0.00000000 
                  0.00000000                  0.00000000                  0.00000000                  0.00000000                  0.00000000 
                  0.00000000                  0.00000000                  0.00000000                  0.00000000                  0.00000000 
                  0.00000000                  0.00000000                  0.00000000                  0.00000000                  0.00000000 
                  0.00000000                  0.00000000                  0.00000000                  0.00000000                  0.00000000 
                  0.00000000                  0.00000000                  0.00000000                  0.00000000                  0.00000000 
                  0.00000000                  0.00000000                  0.00000000                  0.00000000                  0.00000000 
                  0.00000000                  0.00000000                  0.00000000                  0.00000000                  0.00000000 
                  0.00000000                  0.00000000                  0.00000000                  0.00000000                  0.00000000 
                  0.00000000                  0.00000000                  0.00000000                  0.00000000                  0.00000000 
                  0.00000000                  0.00000000                  0.00000000                  0.00000000                  0.00000000 
                  0.00000000                  0.00000000                  0.00000000                  0.00000000                  0.00000000 
                  0.00000000                  0.00000000                  0.00000000                  0.00000000                  0.00000000 
                  0.00000000                  0.00000000                  0.00000000                  0.00000000                  0.00000000 
                  0.00000000                  0.00000000                  0.00000000                  0.00000000                  0.00000000 
                  0.00000000                  0.00000000                  0.00000000                  0.00000000                  0.00000000 
                  0.00000000                  0.00000000                  0.00000000                  0.00000000                  0.00000000 
                  0.00000000                  0.00000000                  0.00000000                  0.00000000                  0.00000000 
                  0.00000000                  0.00000000                  0.00000000                  0.00000000                  0.00000000 
                  0.00000000                  0.00000000                  0.00000000                  0.00000000                  0.00000000 
                  0.00000000                  0.00000000                  0.00000000                  0.00000000                  0.00000000 
                  0.00000000                  0.00000000                  0.00000000                  0.00000000                  0.00000000 
                  0.00000000                  0.00000000                  0.00000000                  0.00000000                  0.00000000 
                  0.00000000                  0.00000000                  0.00000000                  0.00000000                  0.00000000 
                  0.00000000                  0.00000000                  0.00000000                  0.00000000                  0.00000000 
                  0.00000000                  0.00000000                  0.00000000                  0.00000000                  0.00000000 
                  0.00000000                  0.00000000                  0.00000000                  0.00000000                  0.00000000 
                  0.00000000                  0.00000000                  0.00000000                  0.00000000                  0.00000000 
                  0.00000000                  0.00000000                  0.00000000                  0.00000000                  0.00000000 
                  0.00000000                  0.00000000                  0.00000000                  0.00000000                  0.00000000 
                  0.00000000                  0.00000000                  0.00000000                  0.00000000                  0.00000000 
                  0.00000000                  0.00000000                  0.00000000                  0.00000000                  0.00000000 
                  0.00000000                  0.00000000                  0.00000000                  0.00000000                  0.00000000 
                  0.00000000                  0.00000000                  0.00000000                  0.00000000                  0.00000000 
                  0.00000000                  0.00000000                  0.00000000                  0.00000000                  0.00000000 
                  0.00000000                  0.00000000                  0.00000000                  0.00000000                  0.00000000 
                  0.00000000                  0.00000000                  0.00000000                  0.00000000                  0.00000000 
                  0.00000000                  0.00000000                  0.00000000                  0.00000000                  0.00000000 
                  0.00000000                  0.00000000                  0.00000000                  0.00000000                  0.00000000 
                  0.00000000                  0.00000000                  0.00000000                  0.00000000                  0.00000000 
                  0.00000000                  0.00000000                  0.00000000                  0.00000000                  0.00000000 
                  0.00000000                  0.00000000                  0.00000000                  0.00000000                  0.00000000 
                  0.00000000                  0.00000000                  0.00000000                  0.00000000                  0.00000000 
                  0.00000000                  0.00000000                  0.00000000                  0.00000000                  0.00000000 
                  0.00000000                  0.00000000                  0.00000000                  0.00000000                  0.00000000 
                  0.00000000                  0.00000000                  0.00000000                  0.00000000                  0.00000000 
                  0.00000000                  0.00000000                  0.00000000                  0.00000000                  0.00000000 
                  0.00000000                  0.00000000                  0.00000000                  0.00000000                  0.00000000 
                  0.00000000                  0.00000000                  0.00000000                  0.00000000                  0.00000000 
                  0.00000000                  0.00000000                  0.00000000                  0.00000000                  0.00000000 
                  0.00000000                  0.00000000                  0.00000000                  0.00000000                  0.00000000 
                  0.00000000                  0.00000000                  0.00000000                  0.00000000                  0.00000000 
                  0.00000000                  0.00000000                  0.00000000                  0.00000000                  0.00000000 
                  0.00000000                  0.00000000                  0.00000000                  0.00000000                  0.00000000 
                  0.00000000                  0.00000000                  0.00000000                  0.00000000                  0.00000000 
                  0.00000000                  0.00000000                  0.00000000                  0.00000000                  0.00000000 
                  0.00000000                  0.00000000                  0.00000000                  0.00000000                  0.00000000 
                  0.00000000                  0.00000000                  0.00000000                  0.00000000                  0.00000000 
                  0.00000000                  0.00000000                  0.00000000                  0.00000000                  0.00000000 
                  0.00000000                  0.00000000                  0.00000000                  0.00000000                  0.00000000 
                  0.00000000                  0.00000000                  0.00000000                  0.00000000                  0.00000000 
                  0.00000000                  0.00000000                  0.00000000                  0.00000000                  0.00000000 
                  0.00000000                  0.00000000                  0.00000000                  0.00000000                  0.00000000 
                  0.00000000                  0.00000000                  0.00000000                  0.00000000                  0.00000000 
                  0.00000000                  0.00000000                  0.00000000                  0.00000000                  0.00000000 
                  0.00000000                  0.00000000                  0.00000000                  0.00000000                  0.00000000 
                  0.00000000                  0.00000000                  0.00000000                  0.00000000                  0.00000000 
                  0.00000000                  0.00000000                  0.00000000                  0.00000000                  0.00000000 
                  0.00000000                  0.00000000                  0.00000000                  0.00000000                  0.00000000 
                  0.00000000                  0.00000000                  0.00000000                  0.00000000                  0.00000000 
                  0.00000000                  0.00000000                  0.00000000                  0.00000000                  0.00000000 
                  0.00000000                  0.00000000                  0.00000000                  0.00000000                  0.00000000 
                  0.00000000                  0.00000000                  0.00000000                  0.00000000                  0.00000000 
                  0.00000000                  0.00000000                  0.00000000                  0.00000000                  0.00000000 
                  0.00000000                  0.00000000                  0.00000000                  0.00000000                  0.00000000 
                  0.00000000                  0.00000000                  0.00000000                  0.00000000                  0.00000000 
                  0.00000000                  0.00000000                  0.00000000                  0.00000000                  0.00000000 
                  0.00000000                  0.00000000                  0.00000000                  0.00000000                  0.00000000 
                  0.00000000                  0.00000000                  0.00000000                  0.00000000                  0.00000000 
                  0.00000000                  0.00000000                  0.00000000                  0.00000000                  0.00000000 
                  0.00000000                  0.00000000                  0.00000000                  0.00000000                  0.00000000 
                  0.00000000                  0.00000000                  0.00000000                  0.00000000                  0.00000000 
                  0.00000000                  0.00000000                  0.00000000                  0.00000000                  0.00000000 
                  0.00000000                  0.00000000                  0.00000000                  0.00000000                  0.00000000 
                  0.00000000                  0.00000000                  0.00000000                  0.00000000                  0.00000000 
                  0.00000000                  0.00000000                  0.00000000                  0.00000000                  0.00000000 
                  0.00000000                  0.00000000                  0.00000000                  0.00000000                  0.00000000 
                  0.00000000                  0.00000000                  0.00000000                  0.00000000                  0.00000000 
                  0.00000000                  0.00000000                  0.00000000                  0.00000000                  0.00000000 
                  0.00000000                  0.00000000                  0.00000000                  0.00000000                  0.00000000 
                  0.00000000                  0.00000000                  0.00000000                  0.00000000                  0.00000000 
                  0.00000000                  0.00000000                  0.00000000                  0.00000000                  0.00000000 
                  0.00000000                  0.00000000                  0.00000000                  0.00000000                  0.00000000 
                  0.00000000                  0.00000000                  0.00000000                  0.00000000                  0.00000000 
                  0.00000000                  0.00000000                  0.00000000                  0.00000000                  0.00000000 
                  0.00000000                  0.00000000                  0.00000000                  0.00000000                  0.00000000 
                  0.00000000                  0.00000000                  0.00000000                  0.00000000                  0.00000000 
                  0.00000000                  0.00000000                  0.00000000                  0.00000000                  0.00000000 
                  0.00000000                  0.00000000                  0.00000000                  0.00000000                  0.00000000 
                  0.00000000                  0.00000000                  0.00000000                  0.00000000                  0.00000000 
                  0.00000000                  0.00000000                  0.00000000                  0.00000000                  0.00000000 
                  0.00000000                  0.00000000                  0.00000000                  0.00000000                  0.00000000 
                  0.00000000                  0.00000000                  0.00000000                  0.00000000                  0.00000000 
                  0.00000000                  0.00000000                  0.00000000                  0.00000000                  0.00000000 
                  0.00000000                  0.00000000                  0.00000000                  0.00000000                  0.00000000 
                  0.00000000                  0.00000000                  0.00000000                  0.00000000                  0.00000000 
                  0.00000000                  0.00000000                  0.00000000                  0.00000000                  0.00000000 
                  0.00000000                  0.00000000                  0.00000000                  0.00000000                  0.00000000 
                  0.00000000                  0.00000000                  0.00000000                  0.00000000                  0.00000000 
                  0.00000000                  0.00000000                  0.00000000                  0.00000000                  0.00000000 
                  0.00000000                  0.00000000                  0.00000000                  0.00000000                  0.00000000 
                  0.00000000                  0.00000000                  0.00000000                  0.00000000                  0.00000000 
                  0.00000000                  0.00000000                  0.00000000                  0.00000000                  0.00000000 
                  0.00000000                  0.00000000                  0.00000000                  0.00000000                  0.00000000 
                  0.00000000                  0.00000000                  0.00000000                  0.00000000                  0.00000000 
