        0.00000000        0.00000000        0.00000000        0.00000000        0.00000000        0.00000000 
        0.00000000        0.00000000        0.00000000        0.00000000        0.00000000        0.00000000 
        0.00000000        0.00000000        0.00000000        0.00000000        0.00000000        0.00000000 
        0.00000000        0.00000000        0.00000000        0.00000000        0.00000000        0.00000000 
        0.00000000        0.00000000        0.00000000        0.00000000        0.00000000        0.00000000 
        0.00000000        0.00000000        0.00000000        0.00000000        0.00000000        0.00000000 
        0.00000000        0.00000000        0.00000000        0.00000000        0.00000000        0.00000000 
        0.00000000        0.00000000        0.00000000        0.00000000        0.00000000        0.00000000 
        0.00000000        0.00000000        0.00000000        0.00000000        0.00000000        0.00000000 
        0.00000000        0.00000000        0.00000000        0.00000000        0.00000000        0.00000000 
        0.00000000        0.00000000        0.00000000        0.00000000        0.00000000        0.00000000 
        0.00000000        0.00000000        0.00000000        0.00000000        0.00000000        0.00000000 
        0.00000000        0.00000000        0.00000000        0.00000000        0.00000000        0.00000000 
        0.00000000        0.00000000        0.00000000        0.00000000        0.00000000        0.00000000 
        0.00000000        0.00000000        0.00000000        0.00000000        0.00000000        0.00000000 
        0.00000000        0.00000000        0.00000000        0.00000000        0.00000000        0.00000000 
        0.00000000        0.00000000        0.00000000        0.00000000        0.00000000        0.00000000 
        0.00000000        0.00000000        0.00000000        0.00000000        0.00000000        0.00000000 
        0.00000000        0.00000000        0.00000000        0.00000000        0.00000000        0.00000000 
        0.00000000        0.00000000        0.00000000        0.00000000        0.00000000        0.00000000 
        0.00000000        0.00000000        0.00000000        0.00000000        0.00000000        0.00000000 
        0.00000000        0.00000000        0.00000000        0.00000000        0.00000000        0.00000000 
        0.00000000        0.00000000        0.00000000        0.00000000        0.00000000        0.00000000 
        0.00000000        0.00000000        0.00000000        0.00000000        0.00000000        0.00000000 
        0.00000000        0.00000000        0.00000000        0.00000000        0.00000000        0.00000000 
        0.00000000        0.00000000        0.00000000        0.00000000        0.00000000        0.00000000 
        0.00000000        0.00000000        0.00000000        0.00000000        0.00000000        0.00000000 
        0.00000000        0.00000000        0.00000000        0.00000000        0.00000000        0.00000000 
        0.00000000        0.00000000        0.00000000        0.00000000        0.00000000        0.00000000 
        0.00000000        0.00000000        0.00000000        0.00000000        0.00000000        0.00000000 
        0.00000000        0.00000000        0.00000000        0.00000000        0.00000000        0.00000000 
        0.00000000        0.00000000        0.00000000        0.00000000        0.00000000        0.00000000 
        0.00000000        0.00000000        0.00000000        0.00000000        0.00000000        0.00000000 
        0.00000000        0.00000000        0.00000000        0.00000000        0.00000000        0.00000000 
        0.00000000        0.00000000        0.00000000        0.00000000        0.00000000        0.00000000 
        0.00000000        0.00000000        0.00000000        0.00000000        0.00000000        0.00000000 
        0.00000000        0.00000000        0.00000000        0.00000000        0.00000000        0.00000000 
       -0.00000000       -0.00000000       -0.00000000       -0.00000000        0.00000000        0.00000000 
       -0.00000000       -0.00000000       -0.00000000       -0.00000000       -0.00000000       -0.00000000 
       -0.00000000       -0.00000000       -0.00000000       -0.00000000       -0.00000000       -0.00000000 
       -0.00000000       -0.00000000       -0.00000000       -0.00000000       -0.00000000       -0.00000000 
       -0.00000000       -0.00000000       -0.00000000       -0.00000000       -0.00000000       -0.00000000 
       -0.00000000       -0.00000000       -0.00000000       -0.00000000       -0.00000000       -0.00000000 
       -0.00000000       -0.00000000       -0.00000000       -0.00000000       -0.00000000       -0.00000000 
       -0.00000000       -0.00000000       -0.00000000       -0.00000000       -0.00000000       -0.00000000 
       -0.00000000       -0.00000000       -0.00000000       -0.00000000       -0.00000000       -0.00000000 
       -0.00000000       -0.00000000       -0.00000000       -0.00000000       -0.00000000       -0.00000000 
       -0.00000000       -0.00000000       -0.00000000       -0.00000000       -0.00000000       -0.00000000 
       -0.00000000       -0.00000000       -0.00000000       -0.00000000       -0.00000000       -0.00000000 
       -0.00000000       -0.00000000       -0.00000000       -0.00000000       -0.00000000       -0.00000000 
       -0.00000000       -0.00000000       -0.00000000       -0.00000000       -0.00000000       -0.00000000 
       -0.00000000       -0.00000000       -0.00000000       -0.00000000       -0.00000000       -0.00000000 
       -0.00000000       -0.00000000       -0.00000000       -0.00000000       -0.00000000       -0.00000000 
       -0.00000000       -0.00000000       -0.00000000       -0.00000000       -0.00000000       -0.00000000 
       -0.00000000       -0.00000000       -0.00000000       -0.00000000       -0.00000000       -0.00000000 
       -0.00000000       -0.00000000       -0.00000000       -0.00000000       -0.00000000       -0.00000000 
       -0.00000000       -0.00000000       -0.00000000       -0.00000000       -0.00000000       -0.00000000 
       -0.00000000       -0.00000000       -0.00000000       -0.00000000       -0.00000000       -0.00000000 
       -0.00000000       -0.00000000       -0.00000000       -0.00000000       -0.00000000       -0.00000000 
       -0.00000000       -0.00000000       -0.00000000       -0.00000000       -0.00000000       -0.00000000 
       -0.00000000       -0.00000000       -0.00000000       -0.00000000       -0.00000000       -0.00000000 
       -0.00000000       -0.00000000       -0.00000000       -0.00000000       -0.00000000       -0.00000000 
       -0.00000000       -0.00000000       -0.00000000       -0.00000000       -0.00000000       -0.00000000 
       -0.00000000       -0.00000000       -0.00000000       -0.00000000       -0.00000000       -0.00000000 
       -0.00000000       -0.00000000       -0.00000000       -0.00000000       -0.00000000       -0.00000000 
       -0.00000000       -0.00000000       -0.00000000       -0.00000000       -0.00000000       -0.00000000 
       -0.00000000       -0.00000000       -0.00000000       -0.00000000       -0.00000000       -0.00000000 
       -0.00000000       -0.00000000       -0.00000000       -0.00000000       -0.00000000       -0.00000000 
       -0.00000000       -0.00000000       -0.00000000       -0.00000000       -0.00000000       -0.00000000 
       -0.00000000       -0.00000000       -0.00000000       -0.00000000       -0.00000000       -0.00000000 
       -0.00000000       -0.00000000       -0.00000000       -0.00000000       -0.00000000       -0.00000000 
       -0.00000000       -0.00000000       -0.00000000       -0.00000000       -0.00000000       -0.00000000 
       -0.00000000       -0.00000000       -0.00000000       -0.00000000       -0.00000000       -0.00000000 
       -0.00000000       -0.00000000       -0.00000000       -0.00000000       -0.00000000       -0.00000000 
       -0.00000000       -0.00000000       -0.00000000       -0.00000000       -0.00000000       -0.00000000 
       -0.00000000       -0.00000000       -0.00000000       -0.00000000       -0.00000000       -0.00000000 
       -0.00000000       -0.00000000       -0.00000000       -0.00000000       -0.00000000       -0.00000000 
       -0.00000000       -0.00000000       -0.00000000       -0.00000000       -0.00000000       -0.00000000 
       -0.00000000       -0.00000000       -0.00000000       -0.00000000       -0.00000000       -0.00000000 
       -0.00000000       -0.00000000       -0.00000000       -0.00000000       -0.00000000       -0.00000000 
       -0.00000000       -0.00000000       -0.00000000       -0.00000000       -0.00000000       -0.00000000 
       -0.00000000       -0.00000000       -0.00000000       -0.00000000       -0.00000000       -0.00000000 
       -0.00000000       -0.00000000       -0.00000000       -0.00000000       -0.00000000       -0.00000000 
       -0.00000000       -0.00000000       -0.00000000       -0.00000000       -0.00000000       -0.00000000 
       -0.00000000       -0.00000000       -0.00000000       -0.00000000       -0.00000000       -0.00000000 
       -0.00000000       -0.00000000       -0.00000000       -0.00000000       -0.00000000       -0.00000000 
       -0.00000000       -0.00000000       -0.00000000       -0.00000000       -0.00000000       -0.00000000 
       -0.00000000       -0.00000000       -0.00000000       -0.00000000       -0.00000000       -0.00000000 
       -0.00000000       -0.00000000       -0.00000000       -0.00000000       -0.00000000       -0.00000000 
       -0.00000000       -0.00000000       -0.00000000       -0.00000000       -0.00000000       -0.00000000 
       -0.00000000       -0.00000000       -0.00000000       -0.00000000       -0.00000000       -0.00000000 
       -0.00000000       -0.00000000       -0.00000000       -0.00000000       -0.00000000       -0.00000000 
       -0.00000000       -0.00000000       -0.00000000       -0.00000000       -0.00000000       -0.00000000 
       -0.00000000       -0.00000000       -0.00000000       -0.00000000       -0.00000000       -0.00000000 
       -0.00000000       -0.00000000       -0.00000000       -0.00000000       -0.00000000       -0.00000000 
       -0.00000000       -0.00000000       -0.00000000       -0.00000000       -0.00000000       -0.00000000 
       -0.00000000       -0.00000000       -0.00000000       -0.00000000       -0.00000000       -0.00000000 
       -0.00000000       -0.00000000       -0.00000000       -0.00000000       -0.00000000       -0.00000000 
       -0.00000000       -0.00000000       -0.00000000       -0.00000000       -0.00000000       -0.00000000 
       -0.00000000       -0.00000000       -0.00000000       -0.00000000       -0.00000000       -0.00000000 
       -0.00000000       -0.00000000       -0.00000000       -0.00000000       -0.00000000       -0.00000000 
       -0.00000000       -0.00000000       -0.00000000       -0.00000000       -0.00000000       -0.00000000 
       -0.00000000       -0.00000000       -0.00000000       -0.00000000       -0.00000000       -0.00000000 
       -0.00000000       -0.00000000       -0.00000000       -0.00000000       -0.00000000       -0.00000000 
       -0.00000000       -0.00000000       -0.00000000       -0.00000000       -0.00000000       -0.00000000 
       -0.00000000       -0.00000000       -0.00000000       -0.00000000       -0.00000000       -0.00000000 
       -0.00000000       -0.00000000       -0.00000000       -0.00000000       -0.00000000       -0.00000000 
       -0.00000000       -0.00000000       -0.00000000       -0.00000000       -0.00000000       -0.00000000 
       -0.00000000       -0.00000000       -0.00000000       -0.00000000       -0.00000000       -0.00000000 
       -0.00000000       -0.00000000       -0.00000000       -0.00000000       -0.00000000       -0.00000000 
       -0.00000000       -0.00000000       -0.00000000       -0.00000000       -0.00000000       -0.00000000 
       -0.00000000       -0.00000000       -0.00000000       -0.00000000       -0.00000000       -0.00000000 
       -0.00000000       -0.00000000       -0.00000000       -0.00000000       -0.00000000       -0.00000000 
       -0.00000000       -0.00000000       -0.00000000       -0.00000000       -0.00000000       -0.00000000 
       -0.00000000       -0.00000000       -0.00000000       -0.00000000       -0.00000000       -0.00000000 
       -0.00000000       -0.00000000       -0.00000000       -0.00000000       -0.00000000       -0.00000000 
       -0.00000000       -0.00000000       -0.00000000       -0.00000000       -0.00000000       -0.00000000 
       -0.00000000       -0.00000000       -0.00000000       -0.00000000       -0.00000000       -0.00000000 
       -0.00000000       -0.00000000       -0.00000000       -0.00000000       -0.00000000       -0.00000000 
       -0.00000000       -0.00000000       -0.00000000       -0.00000000       -0.00000000       -0.00000000 
       -0.00000000       -0.00000000       -0.00000000       -0.00000000       -0.00000000       -0.00000000 
       -0.00000000       -0.00000000       -0.00000000       -0.00000000       -0.00000000       -0.00000000 
       -0.00000000       -0.00000000       -0.00000000       -0.00000000       -0.00000000       -0.00000000 
       -0.00000000       -0.00000000       -0.00000000       -0.00000000       -0.00000000       -0.00000000 
       -0.00000000       -0.00000000       -0.00000000       -0.00000000       -0.00000000       -0.00000000 
       -0.00000000       -0.00000001       -0.00000001       -0.00000001       -0.00000001       -0.00000000 
       -0.00000001       -0.00000001       -0.00000001       -0.00000001       -0.00000001       -0.00000001 
       -0.00000001       -0.00000002       -0.00000002       -0.00000002       -0.00000002       -0.00000001 
       -0.00000002       -0.00000003       -0.00000003       -0.00000003       -0.00000003       -0.00000001 
       -0.00000002       -0.00000005       -0.00000005       -0.00000005       -0.00000004       -0.00000002 
       -0.00000004       -0.00000008       -0.00000008       -0.00000007       -0.00000007       -0.00000004 
       -0.00000006       -0.00000012       -0.00000012       -0.00000011       -0.00000011       -0.00000005 
       -0.00000009       -0.00000019       -0.00000019       -0.00000018       -0.00000017       -0.00000008 
       -0.00000015       -0.00000029       -0.00000029       -0.00000027       -0.00000026       -0.00000013 
       -0.00000022       -0.00000044       -0.00000044       -0.00000041       -0.00000040       -0.00000020 
       -0.00000034       -0.00000067       -0.00000066       -0.00000063       -0.00000060       -0.00000030 
       -0.00000051       -0.00000102       -0.00000100       -0.00000095       -0.00000090       -0.00000045 
       -0.00000077       -0.00000153       -0.00000151       -0.00000143       -0.00000136       -0.00000068 
       -0.00000115       -0.00000229       -0.00000225       -0.00000213       -0.00000202       -0.00000101 
       -0.00000171       -0.00000340       -0.00000334       -0.00000316       -0.00000300       -0.00000150 
       -0.00000252       -0.00000502       -0.00000493       -0.00000466       -0.00000442       -0.00000221 
       -0.00000370       -0.00000737       -0.00000724       -0.00000683       -0.00000648       -0.00000324 
       -0.00000540       -0.00001075       -0.00001056       -0.00000995       -0.00000943       -0.00000472 
       -0.00000783       -0.00001559       -0.00001531       -0.00001441       -0.00001365       -0.00000683 
       -0.00001129       -0.00002248       -0.00002207       -0.00002075       -0.00001964       -0.00000983 
       -0.00001619       -0.00003223       -0.00003162       -0.00002970       -0.00002810       -0.00001406 
       -0.00002307       -0.00004593       -0.00004504       -0.00004227       -0.00003996       -0.00002000 
       -0.00003269       -0.00006507       -0.00006378       -0.00005980       -0.00005650       -0.00002828 
       -0.00004606       -0.00009165       -0.00008980       -0.00008410       -0.00007941       -0.00003975 
       -0.00006450       -0.00012834       -0.00012568       -0.00011760       -0.00011097       -0.00005554 
       -0.00008982       -0.00017867       -0.00017489       -0.00016347       -0.00015415       -0.00007716 
       -0.00012434       -0.00024729       -0.00024193       -0.00022591       -0.00021288       -0.00010656 
       -0.00017113       -0.00034029       -0.00033274       -0.00031038       -0.00029229       -0.00014631 
       -0.00023417       -0.00046555       -0.00045498       -0.00042396       -0.00039898       -0.00019973 
       -0.00031858       -0.00063324       -0.00061852       -0.00057574       -0.00054146       -0.00027107 
       -0.00043091       -0.00085636       -0.00083599       -0.00077735       -0.00073057       -0.00036577 
       -0.00057952       -0.00115144       -0.00112341       -0.00104349       -0.00098003       -0.00049069 
       -0.00077489       -0.00153930       -0.00150095       -0.00139267       -0.00130710       -0.00065449 
       -0.00103021       -0.00204602       -0.00199386       -0.00184801       -0.00173329       -0.00086795 
       -0.00136184       -0.00270401       -0.00263346       -0.00243816       -0.00228526       -0.00114443 
       -0.00178996       -0.00355323       -0.00345838       -0.00319837       -0.00299577       -0.00150035 
       -0.00233932       -0.00464261       -0.00451580       -0.00417167       -0.00390479       -0.00195575 
       -0.00303996       -0.00603159       -0.00586303       -0.00541018       -0.00506068       -0.00253489 
       -0.00392814       -0.00779181       -0.00756903       -0.00697658       -0.00652155       -0.00326689 
       -0.00504723       -0.01000899       -0.00971622       -0.00894559       -0.00835661       -0.00418649 
       -0.00644875       -0.01278481       -0.01240226       -0.01140564       -0.01064770       -0.00533474 
       -0.00819336       -0.01623900       -0.01574196       -0.01446049       -0.01349077       -0.00675979 
       -0.01035193       -0.02051131       -0.01986917       -0.01823088       -0.01699738       -0.00851764 
       -0.01300654       -0.02576355       -0.02493864       -0.02285612       -0.02129617       -0.01067288 
       -0.01625148       -0.03218144       -0.03112769       -0.02849558       -0.02653415       -0.01329935 
       -0.02019412       -0.03997630       -0.03863778       -0.03532996       -0.03287790       -0.01648072 
       -0.02495559       -0.04938639       -0.04769567       -0.04356221       -0.04051443       -0.02031098 
       -0.03067133       -0.06067788       -0.05855418       -0.05341820       -0.04965168       -0.02489467 
       -0.03749130       -0.07414523       -0.07149250       -0.06514680       -0.06051869       -0.03034700 
       -0.04557991       -0.09011099       -0.08681583       -0.07901949       -0.07336511       -0.03679360 
       -0.05511555       -0.10892475       -0.10485415       -0.09532913       -0.08846034       -0.04437010 
       -0.06628961       -0.13096119       -0.12596036       -0.11438828       -0.10609164       -0.05322125 
       -0.07930513       -0.15661734       -0.15050739       -0.13652641       -0.12656197       -0.06349976 
       -0.09437480       -0.18630856       -0.17888427       -0.16208640       -0.15018664       -0.07536476 
       -0.11171848       -0.22046348       -0.21149121       -0.19142020       -0.17728938       -0.08897977 
       -0.13156009       -0.25951809       -0.24873383       -0.22488353       -0.20819789       -0.10451046 
       -0.15412402       -0.30390826       -0.29101601       -0.26282960       -0.24323791       -0.12212188 
       -0.17963086       -0.35406169       -0.33873221       -0.30560276       -0.28272769       -0.14197539 
       -0.20829307       -0.41038921       -0.39225909       -0.35353041       -0.32697108       -0.16422543 
       -0.24030967       -0.47327420       -0.45194596       -0.40691563       -0.37625027       -0.18901603 
       -0.27586129       -0.54306322       -0.51810545       -0.46602884       -0.43081942       -0.21647717 
       -0.31510469       -0.62005538       -0.59100407       -0.53109932       -0.49089661       -0.24672109 
       -0.35816753       -0.70449144       -0.67085218       -0.60230798       -0.55665714       -0.27983901 
       -0.40514314       -0.79654509       -0.75779581       -0.67977917       -0.62822753       -0.31589758 
       -0.45608592       -0.89631283       -0.85190815       -0.76357442       -0.70567882       -0.35493630 
       -0.51100701       -1.00380599       -0.95318174       -0.85368669       -0.78902251       -0.39696443 
       -0.56987095       -1.11894572       -1.06152499       -0.95003659       -0.87820661       -0.44196007 
       -0.63259315       -1.24155593       -1.17675591       -1.05246902       -0.97311276       -0.48986793 
       -0.69903809       -1.37136292       -1.29860282       -1.16075230       -1.07355690       -0.54059947 
       -0.76901948       -1.50799310       -1.42670250       -1.27457869       -1.17928803       -0.59403288 
       -0.84230018       -1.65097654       -1.56060350       -1.39356852       -1.28999209       -0.65001434 
       -0.91859537       -1.79974985       -1.69977200       -1.51727283       -1.40529478       -0.70835984 
       -0.99757457       -1.95366442       -1.84359765       -1.64518070       -1.52476835       -0.76885784 
       -1.07886732       -2.11199355       -1.99140191       -1.77672720       -1.64793706       -0.83127284 
       -1.16206777       -2.27394557       -2.14245081       -1.91130292       -1.77428663       -0.89534867 
       -1.24674201       -2.43867636       -2.29596663       -2.04826474       -1.90327179       -0.96081364 
       -1.33243418       -2.60530162       -2.45114040       -2.18694663       -2.03432703       -1.02738488 
       -1.41867602       -2.77291417       -2.60714865       -2.32667303       -2.16687632       -1.09477317 
       -1.50499225       -2.94060087       -2.76316452       -2.46676826       -2.30034232       -1.16268814 
       -1.59091222       -3.10745454       -2.91837549       -2.60657144       -2.43415880       -1.23084378 
       -1.67597508       -3.27259469       -3.07199717       -2.74544621       -2.56777525       -1.29896092 
       -1.75973821       -3.43517494       -3.22328281       -2.88278937       -2.70067000       -1.36677408 
       -1.84178555       -3.59440565       -3.37153983       -3.01804376       -2.83235478       -1.43403280 
       -1.92173266       -3.74955845       -3.51613593       -3.15070176       -2.96238089       -1.50050640 
       -1.99923122       -3.89997792       -3.65651011       -3.28031301       -3.09034562       -1.56598496 
       -2.07397532       -4.04509163       -3.79217696       -3.40648985       -3.21589398       -1.63028264 
       -2.14570260       -4.18441296       -3.92273021       -3.52890754       -3.33871794       -1.69323647 
       -2.21419740       -4.31754303       -4.04784584       -3.64730334       -3.45856452       -1.75470889 
       -2.27929187       -4.44418001       -4.16728115       -3.76148152       -3.57522655       -1.81458616 
       -2.34086251       -4.56410122       -4.28087425       -3.87130547       -3.68854451       -1.87277746 
       -2.39883375       -4.67718172       -4.38853550       -3.97669435       -3.79840374       -1.92921412 
       -2.45317078       -4.78336716       -4.49024773       -4.07762003       -3.90473032       -1.98384690 
       -2.50387979       -4.88268614       -4.58605719       -4.17410183       -4.00748301       -2.03664589 
       -2.55100155       -4.97522926       -4.67606306       -4.26619864       -4.10665655       -2.08759618 
       -2.59461021       -5.06114769       -4.76041603       -4.35400295       -4.20226812       -2.13669538 
       -2.63480639       -5.14064360       -4.83930349       -4.43763351       -4.29435730       -2.18395472 
       -2.67171359       -5.21395874       -4.91294575       -4.51722956       -4.38297987       -2.22939229 
       -2.70547295       -5.28136730       -4.98158789       -4.59295034       -4.46820545       -2.27303362 
       -2.73623943       -5.34316730       -5.04548502       -4.66495419       -4.55010891       -2.31491017 
       -2.76417732       -5.39967203       -5.10490608       -4.73340988       -4.62877226       -2.35505605 
       -2.78945589       -5.45120049       -5.16012049       -4.79848671       -4.70427799       -2.39350724 
       -2.81224680       -5.49807644       -5.21139526       -4.86034727       -4.77670717       -2.43030262 
       -2.83271909       -5.54061651       -5.25898790       -4.91914701       -4.84614468       -2.46547818 
       -2.85104108       -5.57913256       -5.30314922       -4.97503185       -4.91266108       -2.49907136 
       -2.86737013       -5.61391449       -5.34411001       -5.02814293       -4.97633219       -2.53111887 
       -2.88186026       -5.64524841       -5.38209248       -5.07860565       -5.03722525       -2.56165433 
       -2.89465594       -5.67339420       -5.41729498       -5.12653160       -5.09540272       -2.59071231 
       -2.90588927       -5.69859695       -5.44990492       -5.17202854       -5.15092278       -2.61832571 
       -2.91568613       -5.72107983       -5.48008633       -5.21518373       -5.20384169       -2.64452553 
       -2.92415881       -5.74104691       -5.50799131       -5.25608540       -5.25421095       -2.66934252 
       -2.93141127       -5.75868368       -5.53375292       -5.29480314       -5.30207682       -2.69280648 
       -2.93753600       -5.77415800       -5.55748987       -5.33140182       -5.34749079       -2.71494818 
       -2.94261909       -5.78761673       -5.57930708       -5.36594152       -5.39049387       -2.73579621 
       -2.94673514       -5.79919481       -5.59930086       -5.39847517       -5.43113422       -2.75538230 
       -2.94995046       -5.80901003       -5.61755037       -5.42905235       -5.46945953       -2.77373362 
       -2.95232773       -5.81717157       -5.63412905       -5.45771694       -5.50550890       -2.79088306 
       -2.95391917       -5.82377005       -5.64910460       -5.48451042       -5.53933430       -2.80685949 
       -2.95477128       -5.82888889       -5.66253185       -5.50947189       -5.57098103       -2.82169557 
       -2.95492816       -5.83260393       -5.67446613       -5.53264427       -5.60050058       -2.83542156 
       -2.95442796       -5.83498049       -5.68495274       -5.55406332       -5.62793970       -2.84806967 
       -2.95330477       -5.83608103       -5.69404078       -5.57377100       -5.65335226       -2.85967350 
       -2.95158863       -5.83595848       -5.70176744       -5.59180355       -5.67678976       -2.87026429 
       -2.94930720       -5.83466434       -5.70817327       -5.60819960       -5.69830561       -2.87987423 
       -2.94648767       -5.83224440       -5.71329832       -5.62300062       -5.71795368       -2.88853669 
       -2.94315124       -5.82873917       -5.71717501       -5.63624382       -5.73579025       -2.89628363 
       -2.93932271       -5.82419205       -5.71984196       -5.64797258       -5.75186777       -2.90314698 
       -2.93501973       -5.81863976       -5.72133112       -5.65822840       -5.76624298       -2.90915823 
       -2.93026137       -5.81211662       -5.72167778       -5.66704798       -5.77897120       -2.91434884 
       -2.92506647       -5.80465889       -5.72091722       -5.67447853       -5.79010630       -2.91874790 
       -2.91945267       -5.79629803       -5.71907711       -5.68055677       -5.79970074       -2.92238593 
       -2.91343546       -5.78706837       -5.71619701       -5.68532753       -5.80780745       -2.92529202 
       -2.90703011       -5.77699757       -5.71230412       -5.68882847       -5.81448126       -2.92749333 
       -2.90025187       -5.76611567       -5.70743275       -5.69110298       -5.81976843       -2.92901611 
       -2.89311552       -5.75445318       -5.70161200       -5.69219017       -5.82371807       -2.92988753 
       -2.88563442       -5.74203825       -5.69487667       -5.69212866       -5.82638216       -2.93013263 
       -2.87782145       -5.72889566       -5.68725252       -5.69095898       -5.82780361       -2.92977476 
       -2.86969042       -5.71505404       -5.67876959       -5.68871450       -5.82802868       -2.92883754 
       -2.86125302       -5.70053864       -5.66945934       -5.68543625       -5.82709980       -2.92734289 
       -2.85252213       -5.68537283       -5.65935183       -5.68115997       -5.82505846       -2.92531180 
       -2.84350920       -5.66958332       -5.64847040       -5.67591715       -5.82194424       -2.92276502 
       -2.83422470       -5.65319109       -5.63684511       -5.66974306       -5.81779718       -2.91972208 
       -2.82468128       -5.63622093       -5.62449932       -5.66267061       -5.81265450       -2.91620111 
       -2.81488752       -5.61869287       -5.61145973       -5.65473223       -5.80655098       -2.91222072 
       -2.80485415       -5.60063028       -5.59775209       -5.64595509       -5.79951906       -2.90779757 
       -2.79459095       -5.58205223       -5.58339882       -5.63637066       -5.79159737       -2.90294838 
       -2.78410745       -5.56297970       -5.56842375       -5.62600899       -5.78281498       -2.89768815 
       -2.77341223       -5.54342794       -5.55284834       -5.61489487       -5.77320004       -2.89203405 
       -2.76251364       -5.52342224       -5.53669548       -5.60305452       -5.76278353       -2.88599777 
       -2.75142217       -5.50297451       -5.51998615       -5.59051466       -5.75159311       -2.87959599 
       -2.74014425       -5.48210621       -5.50273943       -5.57730007       -5.73965645       -2.87283993 
       -2.72868752       -5.46083069       -5.48497391       -5.56343222       -5.72700071       -2.86574340 
       -2.71706009       -5.43916416       -5.46670961       -5.54893446       -5.71365070       -2.85831928 
       -2.70526862       -5.41712332       -5.44796562       -5.53382969       -5.69962931       -2.85057926 
       -2.69332051       -5.39472342       -5.42875719       -5.51813841       -5.68496084       -2.84253478 
       -2.68122244       -5.37197828       -5.40910435       -5.50188303       -5.66966867       -2.83419681 
       -2.66898084       -5.34890270       -5.38902235       -5.48508072       -5.65377331       -2.82557559 
       -2.65660238       -5.32550859       -5.36852646       -5.46775246       -5.63729572       -2.81668305 
       -2.64409161       -5.30180931       -5.34763288       -5.44991589       -5.62025738       -2.80752802 
       -2.63145590       -5.27781773       -5.32635593       -5.43158770       -5.60267782       -2.79812026 
       -2.61870003       -5.25354862       -5.30471230       -5.41278839       -5.58457661       -2.78846931 
       -2.60583019       -5.22901154       -5.28271389       -5.39353323       -5.56596994       -2.77858424 
       -2.59285212       -5.20421743       -5.26037550       -5.37383938       -5.54687881       -2.76847386 
       -2.57976937       -5.17917824       -5.23771048       -5.35372114       -5.52732038       -2.75814629 
       -2.56658864       -5.15390730       -5.21473503       -5.33319759       -5.50730991       -2.74761105 
       -2.55331540       -5.12841415       -5.19145823       -5.31228113       -5.48686457       -2.73687553 
       -2.53995180       -5.10270739       -5.16789341       -5.29099035       -5.46600056       -2.72594690 
       -2.52650571       -5.07680082       -5.14405537       -5.26933527       -5.44473600       -2.71483397 
       -2.51297998       -5.05070353       -5.11995316       -5.24733257       -5.42308664       -2.70354366 
       -2.49938059       -5.02442598       -5.09560204       -5.22499704       -5.40106535       -2.69208336 
       -2.48571062       -4.99797535       -5.07101202       -5.20234537       -5.37868834       -2.68046141 
       -2.47197533       -4.97136593       -5.04619265       -5.17938471       -5.35597086       -2.66868305 
       -2.45817971       -4.94460487       -5.02116108       -5.15613461       -5.33292675       -2.65675807 
       -2.44432664       -4.91770124       -4.99592209       -5.13260460       -5.30957174       -2.64468956 
       -2.43042207       -4.89066553       -4.97049093       -5.10881042       -5.28591824       -2.63248658 
       -2.41646910       -4.86350584       -4.94487667       -5.08476257       -5.26198006       -2.62015510 
       -2.40247178       -4.83623028       -4.91908932       -5.06047487       -5.23777390       -2.60770202 
       -2.38843441       -4.80884981       -4.89314079       -5.03596115       -5.21330976       -2.59513307 
       -2.37436056       -4.78137255       -4.86703920       -5.01122952       -5.18860102       -2.58245349 
       -2.36025476       -4.75380611       -4.84079885       -4.98629856       -5.16366434       -2.56967163 
       -2.34612131       -4.72615862       -4.81442165       -4.96117163       -5.13850594       -2.55679131 
       -2.33196259       -4.69844007       -4.78792429       -4.93586636       -5.11314106       -2.54381967 
       -2.31778216       -4.67065191       -4.76131153       -4.91039038       -5.08758402       -2.53075957 
       -2.30358481       -4.64281178       -4.73459625       -4.88475704       -5.06184244       -2.51762009 
       -2.28937244       -4.61491823       -4.70778227       -4.85897350       -5.03592920       -2.50440383 
       -2.27514887       -4.58698225       -4.68088150       -4.83305216       -5.00985241       -2.49111652 
       -2.26091719       -4.55901051       -4.65390158       -4.80700254       -4.98362732       -2.47776341 
       -2.24668169       -4.53101015       -4.62685013       -4.78083324       -4.95725965       -2.46434903 
       -2.23244333       -4.50298500       -4.59973383       -4.75455379       -4.93076181       -2.45087695 
       -2.21820569       -4.47494459       -4.57255936       -4.72817087       -4.90413904       -2.43735170 
       -2.20397186       -4.44689131       -4.54533577       -4.70169592       -4.87740612       -2.42377973 
       -2.18974447       -4.41883230       -4.51806927       -4.67513466       -4.85056877       -2.41016245 
       -2.17552590       -4.39077663       -4.49076796       -4.64849758       -4.82363367       -2.39650488 
       -2.16131878       -4.36272669       -4.46343613       -4.62178993       -4.79660940       -2.38281083 
       -2.14712429       -4.33468580       -4.43607807       -4.59501839       -4.76950598       -2.36908317 
       -2.13294601       -4.30666208       -4.40870476       -4.56819010       -4.74232769       -2.35532594 
       -2.11878633       -4.27865839       -4.38131714       -4.54131222       -4.71508360       -2.34154272 
       -2.10464621       -4.25067902       -4.35392284       -4.51439381       -4.68777990       -2.32773590 
       -2.09052896       -4.22273064       -4.32652617       -4.48743391       -4.66042233       -2.31390953 
       -2.07643509       -4.19481516       -4.29913473       -4.46044636       -4.63301897       -2.30006599 
       -2.06236744       -4.16693783       -4.27175045       -4.43343306       -4.60557508       -2.28620815 
       -2.04832721       -4.13910341       -4.24437952       -4.40639877       -4.57809496       -2.27233934 
       -2.03431702       -4.11131382       -4.21702576       -4.37934971       -4.55058956       -2.25846195 
       -2.02033782       -4.08357430       -4.18969345       -4.35229206       -4.52305746       -2.24457955 
       -2.00639105       -4.05588818       -4.16238976       -4.32523155       -4.49551010       -2.23069334 
       -1.99247909       -4.02825785       -4.13511515       -4.29817200       -4.46794939       -2.21680498 
       -1.97860301       -4.00068808       -4.10787439       -4.27111530       -4.44038010       -2.20291948 
       -1.96476448       -3.97318125       -4.08067131       -4.24406767       -4.41280890       -2.18903804 
       -1.95096421       -3.94573975       -4.05351114       -4.21703672       -4.38523912       -2.17516255 
       -1.93720472       -3.91836882       -4.02639723       -4.19002342       -4.35767746       -2.16129518 
       -1.92348611       -3.89106941       -3.99933147       -4.16303349       -4.33012533       -2.14743853 
       -1.90980983       -3.86384487       -3.97231793       -4.13606930       -4.30259228       -2.13359499 
       -1.89617765       -3.83669782       -3.94536066       -4.10913706       -4.27507782       -2.11976528 
       -1.88259053       -3.80963111       -3.91846251       -4.08223915       -4.24758577       -2.10595298 
       -1.86905026       -3.78264618       -3.89162540       -4.05537987       -4.22012520       -2.09215951 
       -1.85555661       -3.75574803       -3.86485362       -4.02856112       -4.19269466       -2.07838655 
       -1.84211147       -3.72893691       -3.83815050       -4.00178766       -4.16530132       -2.06463504 
       -1.82871568       -3.70221400       -3.81151700       -3.97506380       -4.13794756       -2.05090857 
       -1.81537056       -3.67558527       -3.78495741       -3.94839215       -4.11063862       -2.03720737 
       -1.80207622       -3.64904928       -3.75847292       -3.92177463       -4.08337450       -2.02353358 
       -1.78883469       -3.62261033       -3.73206758       -3.89521623       -4.05616188       -2.00988841 
       -1.77564549       -3.59626818       -3.70574212       -3.86871910       -4.02900362       -1.99627399 
       -1.76251054       -3.57002735       -3.67950034       -3.84228587       -4.00190163       -1.98269176 
       -1.74942994       -3.54388785       -3.65334439       -3.81591988       -3.97485924       -1.96914279 
       -1.73640513       -3.51785064       -3.62727475       -3.78962207       -3.94787979       -1.95562863 
       -1.72343588       -3.49191856       -3.60129547       -3.76339793       -3.92096686       -1.94215071 
       -1.71052444       -3.46609449       -3.57540774       -3.73724842       -3.89412141       -1.92871058 
       -1.69766963       -3.44037771       -3.54961371       -3.71117496       -3.86734796       -1.91530848 
       -1.68487370       -3.41477108       -3.52391434       -3.68518162       -3.84064841       -1.90194678 
       -1.67213607       -3.38927507       -3.49831319       -3.65927052       -3.81402564       -1.88862622 
       -1.65945804       -3.36389184       -3.47281051       -3.63344359       -3.78748250       -1.87534857 
       -1.64684045       -3.33862329       -3.44740915       -3.60770226       -3.76101875       -1.86211360 
       -1.63428259       -3.31346822       -3.42210960       -3.58204961       -3.73463941       -1.84892321 
       -1.62178588       -3.28843045       -3.39691472       -3.55648613       -3.70834517       -1.83577836 
       -1.60935068       -3.26350880       -3.37182355       -3.53101516       -3.68213868       -1.82268047 
       -1.59697759       -3.23870659       -3.34684062       -3.50563765       -3.65602303       -1.80962956 
       -1.58466673       -3.21402359       -3.32196498       -3.48035598       -3.62999916       -1.79662681 
       -1.57241821       -3.18946099       -3.29719901       -3.45517159       -3.60406876       -1.78367352 
       -1.56023312       -3.16501951       -3.27254415       -3.43008614       -3.57823348       -1.77077055 
       -1.54811215       -3.14070058       -3.24800062       -3.40510058       -3.55249596       -1.75791860 
       -1.53605413       -3.11650419       -3.22357035       -3.38021779       -3.52685714       -1.74511778 
       -1.52406085       -3.09243178       -3.19925356       -3.35543799       -3.50131965       -1.73236954 
       -1.51213205       -3.06848407       -3.17505288       -3.33076382       -3.47588372       -1.71967459 
       -1.50026810       -3.04466248       -3.15096807       -3.30619454       -3.45055151       -1.70703363 
       -1.48846936       -3.02096629       -3.12700009       -3.28173280       -3.42532396       -1.69444680 
       -1.47673559       -2.99739647       -3.10314941       -3.25737858       -3.40020347       -1.68191564 
       -1.46506774       -2.97395325       -3.07941818       -3.23313522       -3.37519097       -1.66944015 
       -1.45346534       -2.95063829       -3.05580688       -3.20900273       -3.35028720       -1.65702069 
       -1.44192910       -2.92745161       -3.03231621       -3.18498254       -3.32549429       -1.64465880 
       -1.43045866       -2.90439343       -3.00894594       -3.16107512       -3.30081201       -1.63235354 
       -1.41905499       -2.88146472       -2.98569798       -3.13728142       -3.27624345       -1.62010646 
       -1.40771735       -2.85866594       -2.96257281       -3.11360240       -3.25178885       -1.60791802 
       -1.39644682       -2.83599663       -2.93956995       -3.09003949       -3.22744799       -1.59578836 
       -1.38524222       -2.81345797       -2.91669130       -3.06659293       -3.20322394       -1.58371794 
       -1.37410474       -2.79104853       -2.89393663       -3.04326415       -3.17911649       -1.57170796 
       -1.36303461       -2.76877213       -2.87130713       -3.02005267       -3.15512490       -1.55975771 
       -1.35203099       -2.74662471       -2.84880137       -2.99695992       -3.13125300       -1.54786789 
       -1.34109473       -2.72460985       -2.82642245       -2.97398710       -3.10750031       -1.53603935 
       -1.33022547       -2.70272589       -2.80416942       -2.95113492       -3.08386636       -1.52427173 
       -1.31942368       -2.68097544       -2.78204250       -2.92840195       -3.06035471       -1.51256585 
       -1.30868840       -2.65935493       -2.76004243       -2.90579128       -3.03696299       -1.50092149 
       -1.29802036       -2.63786674       -2.73816919       -2.88330197       -3.01369429       -1.48933959 
       -1.28741980       -2.61651182       -2.71642351       -2.86093545       -2.99054718       -1.47781992 
       -1.27688622       -2.59528828       -2.69480515       -2.83869100       -2.96752405       -1.46636319 
       -1.26642025       -2.57419610       -2.67331386       -2.81656981       -2.94462371       -1.45496917 
       -1.25602078       -2.55323672       -2.65195155       -2.79457211       -2.92184830       -1.44363809 
       -1.24568808       -2.53240871       -2.63071585       -2.77269816       -2.89919662       -1.43237042 
       -1.23542297       -2.51171327       -2.60960937       -2.75094867       -2.87667036       -1.42116594 
       -1.22522473       -2.49115038       -2.58863115       -2.72932363       -2.85426950       -1.41002524 
       -1.21509326       -2.47071934       -2.56778121       -2.70782304       -2.83199310       -1.39894843 
       -1.20502865       -2.45041943       -2.54705858       -2.68644714       -2.80984449       -1.38793576 
       -1.19503033       -2.43025136       -2.52646565       -2.66519737       -2.78782153       -1.37698662 
       -1.18509889       -2.41021585       -2.50600123       -2.64407253       -2.76592565       -1.36610210 
       -1.17523396       -2.39031076       -2.48566508       -2.62307358       -2.74415636       -1.35528123 
       -1.16543508       -2.37053728       -2.46545625       -2.60219884       -2.72251320       -1.34452486 
       -1.15570283       -2.35089469       -2.44537735       -2.58145118       -2.70099854       -1.33383262 
       -1.14603627       -2.33138371       -2.42542648       -2.56082940       -2.67961121       -1.32320523 
       -1.13643587       -2.31200290       -2.40560317       -2.54033327       -2.65835094       -1.31264186 
       -1.12690139       -2.29275274       -2.38590837       -2.51996374       -2.63721871       -1.30214310 
       -1.11743236       -2.27363300       -2.36634159       -2.49971890       -2.61621428       -1.29170895 
       -1.10802865       -2.25464368       -2.34690309       -2.47960067       -2.59533715       -1.28133929 
       -1.09869063       -2.23578286       -2.32759166       -2.45960784       -2.57458782       -1.27103412 
       -1.08941770       -2.21705174       -2.30840755       -2.43974161       -2.55396700       -1.26079345 
       -1.08020949       -2.19844890       -2.28935075       -2.42000103       -2.53347349       -1.25061703 
       -1.07106626       -2.17997599       -2.27042127       -2.40038610       -2.51310849       -1.24050510 
       -1.06198740       -2.16163111       -2.25161862       -2.38089728       -2.49287105       -1.23045790 
       -1.05297315       -2.14341426       -2.23294282       -2.36153340       -2.47276068       -1.22047436 
       -1.04402316       -2.12532520       -2.21439314       -2.34229493       -2.45277834       -1.21055555 
       -1.03513706       -2.10736346       -2.19596958       -2.32318258       -2.43292427       -1.20070076 
       -1.02631438       -2.08952785       -2.17767143       -2.30419421       -2.41319633       -1.19091010 
       -1.01755583       -2.07181978       -2.15949917       -2.28533125       -2.39359665       -1.18118346 
       -1.00886035       -2.05423713       -2.14145136       -2.26659226       -2.37412381       -1.17152059 
       -1.00022757       -2.03678083       -2.12352943       -2.24797845       -2.35477734       -1.16192138 
       -0.99165803       -2.01944876       -2.10573125       -2.22948885       -2.33555841       -1.15238643 
       -0.98315066       -2.00224209       -2.08805752       -2.21112251       -2.31646538       -1.14291465 
       -0.97470587       -1.98515940       -2.07050753       -2.19287968       -2.29749942       -1.13350618 
       -0.96632320       -1.96820092       -2.05308080       -2.17476082       -2.27865863       -1.12416136 
       -0.95800257       -1.95136583       -2.03577662       -2.15676475       -2.25994349       -1.11487937 
       -0.94974333       -1.93465400       -2.01859522       -2.13889122       -2.24135494       -1.10566092 
       -0.94154567       -1.91806412       -2.00153685       -2.12114120       -2.22289133       -1.09650493 
       -0.93340904       -1.90159655       -1.98459959       -2.10351276       -2.20455241       -1.08741176 
       -0.92533296       -1.88525057       -1.96778405       -2.08600569       -2.18633819       -1.07838094 
       -0.91731739       -1.86902535       -1.95108926       -2.06862092       -2.16824889       -1.06941259 
       -0.90936244       -1.85292077       -1.93451524       -2.05135679       -2.15028310       -1.06050634 
       -0.90146738       -1.83693612       -1.91806078       -2.03421330       -2.13244128       -1.05166209 
       -0.89363205       -1.82107079       -1.90172601       -2.01719069       -2.11472225       -1.04287958 
       -0.88585627       -1.80532491       -1.88551068       -2.00028777       -2.09712696       -1.03415871 
       -0.87813944       -1.78969657       -1.86941385       -1.98350441       -2.07965374       -1.02549911 
       -0.87048191       -1.77418649       -1.85343468       -1.96684027       -2.06230307       -1.01690090 
       -0.86288279       -1.75879383       -1.83757353       -1.95029414       -2.04507422       -1.00836372 
       -0.85534167       -1.74351752       -1.82182968       -1.93386698       -2.02796650       -0.99988747 
       -0.84785908       -1.72835767       -1.80620241       -1.91755772       -2.01097965       -0.99147135 
       -0.84043354       -1.71331322       -1.79069149       -1.90136576       -1.99411404       -0.98311579 
       -0.83306599       -1.69838417       -1.77529597       -1.88529086       -1.97736800       -0.97482032 
       -0.82575548       -1.68356919       -1.76001573       -1.86933243       -1.96074224       -0.96658468 
       -0.81850159       -1.66886842       -1.74485016       -1.85349000       -1.94423544       -0.95840877 
       -0.81130445       -1.65428102       -1.72979879       -1.83776331       -1.92784715       -0.95029181 
       -0.80416363       -1.63980663       -1.71486068       -1.82215118       -1.91157746       -0.94223446 
       -0.79707861       -1.62544405       -1.70003581       -1.80665433       -1.89542544       -0.93423605 
       -0.79004902       -1.61119282       -1.68532324       -1.79127145       -1.87939084       -0.92629588 
       -0.78307486       -1.59705305       -1.67072284       -1.77600205       -1.86347330       -0.91841465 
       -0.77615595       -1.58302367       -1.65623343       -1.76084554       -1.84767246       -0.91059136 
       -0.76929158       -1.56910372       -1.64185512       -1.74580204       -1.83198714       -0.90282583 
       -0.76248163       -1.55529320       -1.62758696       -1.73087060       -1.81641746       -0.89511818 
       -0.75572598       -1.54159117       -1.61342859       -1.71605098       -1.80096316       -0.88746786 
       -0.74902391       -1.52799749       -1.59937918       -1.70134187       -1.78562260       -0.87987453 
       -0.74237531       -1.51451075       -1.58543861       -1.68674362       -1.77039599       -0.87233818 
       -0.73577988       -1.50113082       -1.57160580       -1.67225516       -1.75528300       -0.86485839 
       -0.72923732       -1.48785710       -1.55788028       -1.65787637       -1.74028265       -0.85743475 
       -0.72274756       -1.47468960       -1.54426181       -1.64360666       -1.72539485       -0.85006732 
       -0.71630967       -1.46162641       -1.53074980       -1.62944531       -1.71061873       -0.84275562 
       -0.70992374       -1.44866753       -1.51734304       -1.61539137       -1.69595361       -0.83549935 
       -0.70358956       -1.43581295       -1.50404179       -1.60144532       -1.68139982       -0.82829833 
       -0.69730675       -1.42306101       -1.49084496       -1.58760571       -1.66695547       -0.82115221 
       -0.69107443       -1.41041148       -1.47775185       -1.57387209       -1.65262139       -0.81406099 
       -0.68489331       -1.39786422       -1.46476197       -1.56024456       -1.63839591       -0.80702382 
       -0.67876238       -1.38541782       -1.45187497       -1.54672194       -1.62427914       -0.80004066 
       -0.67268139       -1.37307227       -1.43909025       -1.53330398       -1.61027002       -0.79311144 
       -0.66665018       -1.36082733       -1.42640722       -1.51998937       -1.59636867       -0.78623587 
       -0.66066813       -1.34868085       -1.41382480       -1.50677896       -1.58257389       -0.77941322 
       -0.65473551       -1.33663356       -1.40134263       -1.49367070       -1.56888533       -0.77264363 
       -0.64885139       -1.32468486       -1.38896108       -1.48066521       -1.55530238       -0.76592684 
       -0.64301598       -1.31283307       -1.37667787       -1.46776128       -1.54182494       -0.75926226 
       -0.63722849       -1.30107856       -1.36449349       -1.45495784       -1.52845132       -0.75264966 
       -0.63148904       -1.28942060       -1.35240710       -1.44225550       -1.51518202       -0.74608892 
       -0.62579685       -1.27785766       -1.34041798       -1.42965317       -1.50201619       -0.73957956 
       -0.62015206       -1.26639044       -1.32852578       -1.41715014       -1.48895311       -0.73312128 
       -0.61455417       -1.25501752       -1.31672978       -1.40474594       -1.47599220       -0.72671407 
       -0.60900271       -1.24373841       -1.30502915       -1.39243960       -1.46313298       -0.72035736 
       -0.60349786       -1.23255253       -1.29342377       -1.38023126       -1.45037448       -0.71405089 
       -0.59803849       -1.22145939       -1.28191268       -1.36812019       -1.43771660       -0.70779443 
       -0.59262502       -1.21045804       -1.27049530       -1.35610497       -1.42515886       -0.70158768 
       -0.58725679       -1.19954824       -1.25917125       -1.34418619       -1.41270006       -0.69543034 
       -0.58193380       -1.18872917       -1.24793935       -1.33236194       -1.40033996       -0.68932211 
       -0.57665533       -1.17800033       -1.23679984       -1.32063317       -1.38807797       -0.68326259 
       -0.57142127       -1.16736114       -1.22575188       -1.30899823       -1.37591362       -0.67725164 
       -0.56623143       -1.15681064       -1.21479452       -1.29745674       -1.36384606       -0.67128873 
       -0.56108516       -1.14634860       -1.20392740       -1.28600860       -1.35187495       -0.66537386 
       -0.55598247       -1.13597453       -1.19314969       -1.27465260       -1.33999944       -0.65950650 
       -0.55092317       -1.12568748       -1.18246114       -1.26338816       -1.32821941       -0.65368652 
       -0.54590648       -1.11548698       -1.17186141       -1.25221550       -1.31653368       -0.64791358 
       -0.54093266       -1.10537255       -1.16134882       -1.24113321       -1.30494213       -0.64218742 
       -0.53600091       -1.09534323       -1.15092409       -1.23014116       -1.29344380       -0.63650751 
       -0.53111136       -1.08539867       -1.14058566       -1.21923864       -1.28203833       -0.63087386 
       -0.52626324       -1.07553828       -1.13033319       -1.20842469       -1.27072525       -0.62528598 
       -0.52145654       -1.06576169       -1.12016630       -1.19769919       -1.25950348       -0.61974353 
       -0.51669121       -1.05606806       -1.11008453       -1.18706131       -1.24837291       -0.61424643 
       -0.51196635       -1.04645646       -1.10008705       -1.17651105       -1.23733234       -0.60879403 
       -0.50728196       -1.03692687       -1.09017301       -1.16604710       -1.22638178       -0.60338646 
       -0.50263792       -1.02747858       -1.08034241       -1.15566909       -1.21552122       -0.59802336 
       -0.49803376       -1.01811063       -1.07059431       -1.14537680       -1.20474875       -0.59270406 
       -0.49346915       -1.00882292       -1.06092787       -1.13516903       -1.19406474       -0.58742869 
       -0.48894387       -0.99961418       -1.05134332       -1.12504566       -1.18346739       -0.58219653 
       -0.48445767       -0.99048477       -1.04183900       -1.11500573       -1.17295802       -0.57700795 
       -0.48001024       -0.98143363       -1.03241539       -1.10504937       -1.16253436       -0.57186198 
       -0.47560120       -0.97246009       -1.02307153       -1.09517574       -1.15219676       -0.56675863 
       -0.47123021       -0.96356380       -1.01380694       -1.08538413       -1.14194429       -0.56169754 
       -0.46689728       -0.95474416       -1.00462031       -1.07567358       -1.13177681       -0.55667865 
       -0.46260184       -0.94600022       -0.99551225       -1.06604433       -1.12169302       -0.55170131 
       -0.45834383       -0.93733215       -0.98648155       -1.05649507       -1.11169291       -0.54676551 
       -0.45412275       -0.92873877       -0.97752762       -1.04702604       -1.10177577       -0.54187089 
       -0.44993842       -0.92021972       -0.96865004       -1.03763568       -1.09194052       -0.53701687 
       -0.44579053       -0.91177452       -0.95984823       -1.02832472       -1.08218765       -0.53220361 
       -0.44167885       -0.90340245       -0.95112169       -1.01909125       -1.07251561       -0.52743071 
       -0.43760321       -0.89510310       -0.94246966       -1.00993550       -1.06292427       -0.52269751 
       -0.43356329       -0.88687593       -0.93389171       -1.00085688       -1.05341291       -0.51800418 
       -0.42955846       -0.87872016       -0.92538744       -0.99185473       -1.04398119       -0.51335031 
       -0.42558888       -0.87063539       -0.91695601       -0.98292834       -1.03462851       -0.50873566 
       -0.42165411       -0.86262125       -0.90859729       -0.97407722       -1.02535403       -0.50415981 
       -0.41775393       -0.85467708       -0.90031052       -0.96530139       -1.01615751       -0.49962279 
       -0.41388801       -0.84680223       -0.89209503       -0.95659947       -1.00703859       -0.49512386 
       -0.41005599       -0.83899623       -0.88395029       -0.94797134       -0.99799597       -0.49066308 
       -0.40625790       -0.83125854       -0.87587601       -0.93941653       -0.98902971       -0.48623997 
       -0.40249330       -0.82358885       -0.86787170       -0.93093425       -0.98013908       -0.48185444 
       -0.39876190       -0.81598634       -0.85993642       -0.92252415       -0.97132349       -0.47750616 
       -0.39506334       -0.80845058       -0.85206991       -0.91418576       -0.96258235       -0.47319475 
       -0.39139760       -0.80098122       -0.84427196       -0.90591836       -0.95391548       -0.46891996 
       -0.38776442       -0.79357743       -0.83654147       -0.89772177       -0.94532192       -0.46468174 
       -0.38416323       -0.78623885       -0.82887805       -0.88959503       -0.93680125       -0.46047950 
       -0.38059413       -0.77896523       -0.82128143       -0.88153756       -0.92835295       -0.45631328 
       -0.37705660       -0.77175534       -0.81375074       -0.87354940       -0.91997683       -0.45218268 
       -0.37355062       -0.76460952       -0.80628604       -0.86562955       -0.91167170       -0.44808730 
       -0.37007585       -0.75752676       -0.79888636       -0.85777795       -0.90343738       -0.44402707 
       -0.36663181       -0.75050664       -0.79155135       -0.84999359       -0.89527363       -0.44000179 
       -0.36321855       -0.74354869       -0.78428030       -0.84227616       -0.88717949       -0.43601093 
       -0.35983583       -0.73665261       -0.77707309       -0.83462524       -0.87915468       -0.43205428 
       -0.35648325       -0.72981769       -0.76992911       -0.82704037       -0.87119842       -0.42813179 
       -0.35316056       -0.72304332       -0.76284742       -0.81952071       -0.86331040       -0.42424306 
       -0.34986770       -0.71632928       -0.75582814       -0.81206620       -0.85549021       -0.42038786 
       -0.34660426       -0.70967495       -0.74887055       -0.80467600       -0.84773690       -0.41656595 
       -0.34336993       -0.70307988       -0.74197412       -0.79734981       -0.84005070       -0.41277701 
       -0.34016475       -0.69654369       -0.73513854       -0.79008710       -0.83243024       -0.40902084 
       -0.33698818       -0.69006568       -0.72836286       -0.78288734       -0.82487565       -0.40529716 
       -0.33384022       -0.68364549       -0.72164708       -0.77575004       -0.81738615       -0.40160578 
       -0.33072057       -0.67728269       -0.71499050       -0.76867491       -0.80996144       -0.39794639 
       -0.32762885       -0.67097682       -0.70839286       -0.76166123       -0.80260086       -0.39431885 
       -0.32456505       -0.66472739       -0.70185339       -0.75470835       -0.79530382       -0.39072272 
       -0.32152897       -0.65853423       -0.69537205       -0.74781632       -0.78807014       -0.38715789 
       -0.31852010       -0.65239620       -0.68894780       -0.74098438       -0.78089905       -0.38362417 
       -0.31553826       -0.64631331       -0.68258065       -0.73421192       -0.77379018       -0.38012111 
       -0.31258354       -0.64028519       -0.67627013       -0.72749871       -0.76674300       -0.37664866 
       -0.30965549       -0.63431102       -0.67001522       -0.72084409       -0.75975716       -0.37320656 
       -0.30675384       -0.62839073       -0.66381627       -0.71424794       -0.75283217       -0.36979449 
       -0.30387837       -0.62252361       -0.65767223       -0.70770931       -0.74596733       -0.36641222 
       -0.30102909       -0.61670947       -0.65158296       -0.70122814       -0.73916239       -0.36305964 
       -0.29820549       -0.61094755       -0.64554787       -0.69480371       -0.73241675       -0.35973632 
       -0.29540765       -0.60523784       -0.63956672       -0.68843585       -0.72573012       -0.35644218 
       -0.29263502       -0.59957939       -0.63363874       -0.68212384       -0.71910173       -0.35317701 
       -0.28988767       -0.59397215       -0.62776387       -0.67586744       -0.71253151       -0.34994039 
       -0.28716525       -0.58841562       -0.62194127       -0.66966611       -0.70601857       -0.34673244 
       -0.28446758       -0.58290935       -0.61617076       -0.66351926       -0.69956285       -0.34355247 
       -0.28179440       -0.57745266       -0.61045182       -0.65742660       -0.69316345       -0.34040058 
       -0.27914554       -0.57204545       -0.60478407       -0.65138775       -0.68682063       -0.33727643 
       -0.27652103       -0.56668770       -0.59916735       -0.64540243       -0.68053341       -0.33417994 
       -0.27392033       -0.56137818       -0.59360081       -0.63946968       -0.67430133       -0.33111069 
       -0.27134329       -0.55611694       -0.58808428       -0.63358968       -0.66812390       -0.32806855 
       -0.26878959       -0.55090332       -0.58261740       -0.62776160       -0.66200113       -0.32505324 
       -0.26625955       -0.54573721       -0.57719946       -0.62198526       -0.65593219       -0.32206461 
       -0.26375249       -0.54061812       -0.57183033       -0.61626005       -0.64991689       -0.31910259 
       -0.26126835       -0.53554547       -0.56650943       -0.61058563       -0.64395463       -0.31616670 
       -0.25880700       -0.53051925       -0.56123650       -0.60496157       -0.63804483       -0.31325683 
       -0.25636816       -0.52553874       -0.55601108       -0.59938753       -0.63218713       -0.31037268 
       -0.25395164       -0.52060348       -0.55083275       -0.59386277       -0.62638170       -0.30751431 
       -0.25155723       -0.51571333       -0.54570121       -0.58838749       -0.62062728       -0.30468127 
       -0.24918482       -0.51086771       -0.54061574       -0.58296072       -0.61492401       -0.30187336 
       -0.24683425       -0.50606650       -0.53557646       -0.57758248       -0.60927111       -0.29909042 
       -0.24450508       -0.50130904       -0.53058279       -0.57225215       -0.60366857       -0.29633236 
       -0.24219744       -0.49659505       -0.52563411       -0.56696934       -0.59811556       -0.29359880 
       -0.23991106       -0.49192438       -0.52073026       -0.56173366       -0.59261197       -0.29088959 
       -0.23764561       -0.48729628       -0.51587081       -0.55654472       -0.58715713       -0.28820461 
       -0.23540106       -0.48271066       -0.51105553       -0.55140233       -0.58175093       -0.28554359 
       -0.23317719       -0.47816697       -0.50628370       -0.54630572       -0.57639277       -0.28290626 
       -0.23097378       -0.47366512       -0.50155520       -0.54125482       -0.57108235       -0.28029254 
       -0.22879063       -0.46920431       -0.49686965       -0.53624904       -0.56581920       -0.27770221 
       -0.22662774       -0.46478477       -0.49222672       -0.53128821       -0.56060320       -0.27513510 
       -0.22448473       -0.46040556       -0.48762590       -0.52637184       -0.55543339       -0.27259097 
       -0.22236151       -0.45606670       -0.48306698       -0.52149963       -0.55030990       -0.27006957 
       -0.22025789       -0.45176765       -0.47854957       -0.51667118       -0.54523230       -0.26757085 
       -0.21817376       -0.44750816       -0.47407314       -0.51188612       -0.54020000       -0.26509458 
       -0.21610886       -0.44328797       -0.46963760       -0.50714403       -0.53521281       -0.26264045 
       -0.21406308       -0.43910661       -0.46524245       -0.50244457       -0.53027016       -0.26020846 
       -0.21203624       -0.43496379       -0.46088746       -0.49778759       -0.52537173       -0.25779822 
       -0.21002808       -0.43085906       -0.45657206       -0.49317235       -0.52051723       -0.25540969 
       -0.20803860       -0.42679217       -0.45229611       -0.48859873       -0.51570624       -0.25304270 
       -0.20606759       -0.42276293       -0.44805926       -0.48406634       -0.51093841       -0.25069696 
       -0.20411484       -0.41877079       -0.44386104       -0.47957489       -0.50621349       -0.24837233 
       -0.20218021       -0.41481557       -0.43970120       -0.47512385       -0.50153112       -0.24606884 
       -0.20026360       -0.41089699       -0.43557948       -0.47071305       -0.49689046       -0.24378592 
       -0.19836462       -0.40701434       -0.43149531       -0.46634206       -0.49229184       -0.24152374 
       -0.19648334       -0.40316775       -0.42744875       -0.46201077       -0.48773444       -0.23928192 
       -0.19461964       -0.39935684       -0.42343917       -0.45771855       -0.48321819       -0.23706037 
       -0.19277319       -0.39558116       -0.41946638       -0.45346516       -0.47874248       -0.23485890 
       -0.19094396       -0.39184046       -0.41552994       -0.44925025       -0.47430727       -0.23267742 
       -0.18913169       -0.38813427       -0.41162965       -0.44507360       -0.46991199       -0.23051557 
       -0.18733640       -0.38446259       -0.40776515       -0.44093472       -0.46555626       -0.22837327 
       -0.18555769       -0.38082495       -0.40393627       -0.43683359       -0.46123999       -0.22625047 
