        0.00000000        0.00000000        0.00000000        0.00000000        0.00000000        0.00000000 
        0.00000000        0.00000000        0.00000000        0.00000000        0.00000000        0.00000000 
        0.00000000        0.00000000        0.00000000        0.00000000        0.00000000        0.00000000 
        0.00000000        0.00000000        0.00000000        0.00000000        0.00000000        0.00000000 
        0.00000000        0.00000000        0.00000000        0.00000000        0.00000000        0.00000000 
        0.00000000        0.00000000        0.00000000        0.00000000        0.00000000        0.00000000 
        0.00000000        0.00000000        0.00000000        0.00000000        0.00000000        0.00000000 
        0.00000000        0.00000000        0.00000000        0.00000000        0.00000000        0.00000000 
        0.00000000        0.00000000        0.00000000        0.00000000        0.00000000        0.00000000 
        0.00000000        0.00000000        0.00000000        0.00000000        0.00000000        0.00000000 
        0.00000000        0.00000000        0.00000000        0.00000000        0.00000000        0.00000000 
        0.00000000        0.00000000        0.00000000        0.00000000        0.00000000        0.00000000 
        0.00000000        0.00000000        0.00000000        0.00000000        0.00000000        0.00000000 
        0.00000000        0.00000000        0.00000000        0.00000000        0.00000000        0.00000000 
        0.00000000        0.00000000        0.00000000        0.00000000        0.00000000        0.00000000 
        0.00000000        0.00000000        0.00000000        0.00000000        0.00000000        0.00000000 
        0.00000000        0.00000000        0.00000000        0.00000000        0.00000000        0.00000000 
        0.00000000        0.00000000        0.00000000        0.00000000        0.00000000        0.00000000 
        0.00000000        0.00000000        0.00000000        0.00000000        0.00000000        0.00000000 
        0.00000000        0.00000000        0.00000000        0.00000000        0.00000000        0.00000000 
        0.00000000        0.00000000        0.00000000        0.00000000        0.00000000        0.00000000 
        0.00000000        0.00000000        0.00000000        0.00000000        0.00000000        0.00000000 
        0.00000000        0.00000000        0.00000000        0.00000000        0.00000000        0.00000000 
        0.00000000        0.00000000        0.00000000        0.00000000        0.00000000        0.00000000 
        0.00000000        0.00000000        0.00000000        0.00000000        0.00000000        0.00000000 
        0.00000000        0.00000000        0.00000000        0.00000000        0.00000000        0.00000000 
        0.00000000        0.00000000        0.00000000        0.00000000        0.00000000        0.00000000 
        0.00000000        0.00000000        0.00000000        0.00000000        0.00000000        0.00000000 
        0.00000000        0.00000000        0.00000000        0.00000000        0.00000000        0.00000000 
        0.00000000        0.00000000        0.00000000        0.00000000        0.00000000        0.00000000 
        0.00000000        0.00000000        0.00000000        0.00000000        0.00000000        0.00000000 
        0.00000000        0.00000000        0.00000000        0.00000000        0.00000000        0.00000000 
        0.00000000        0.00000000        0.00000000        0.00000000        0.00000000        0.00000000 
        0.00000000        0.00000000        0.00000000        0.00000000        0.00000000        0.00000000 
        0.00000000        0.00000000        0.00000000        0.00000000        0.00000000        0.00000000 
        0.00000000        0.00000000        0.00000000        0.00000000        0.00000000        0.00000000 
        0.00000000        0.00000000        0.00000000        0.00000000        0.00000000        0.00000000 
        0.00000000        0.00000000        0.00000000        0.00000000        0.00000000        0.00000000 
        0.00000000        0.00000000        0.00000000        0.00000000        0.00000000        0.00000000 
        0.00000000        0.00000000        0.00000000        0.00000000        0.00000000        0.00000000 
        0.00000000        0.00000000        0.00000000        0.00000000        0.00000000        0.00000000 
        0.00000000        0.00000000        0.00000000        0.00000000        0.00000000        0.00000000 
        0.00000000        0.00000000        0.00000000        0.00000000        0.00000000        0.00000000 
        0.00000000        0.00000000        0.00000000        0.00000000        0.00000000        0.00000000 
        0.00000000        0.00000000        0.00000000        0.00000000        0.00000000        0.00000000 
        0.00000000        0.00000000        0.00000000        0.00000000        0.00000000        0.00000000 
        0.00000000        0.00000000        0.00000000        0.00000000        0.00000000        0.00000000 
        0.00000000        0.00000000        0.00000000        0.00000000        0.00000000        0.00000000 
        0.00000000        0.00000000        0.00000000        0.00000000        0.00000000        0.00000000 
        0.00000000        0.00000000        0.00000000        0.00000000        0.00000000        0.00000000 
        0.00000000        0.00000000        0.00000000        0.00000000        0.00000000        0.00000000 
        0.00000000        0.00000000        0.00000000        0.00000000        0.00000000        0.00000000 
        0.00000000        0.00000000        0.00000000        0.00000000        0.00000000        0.00000000 
        0.00000000        0.00000000        0.00000000        0.00000000        0.00000000        0.00000000 
        0.00000000        0.00000000        0.00000000        0.00000000        0.00000000        0.00000000 
        0.00000000        0.00000000        0.00000000        0.00000000        0.00000000        0.00000000 
        0.00000000        0.00000000        0.00000000        0.00000000        0.00000000        0.00000000 
        0.00000000        0.00000000        0.00000000        0.00000000        0.00000000        0.00000000 
        0.00000000        0.00000000        0.00000000        0.00000000        0.00000000        0.00000000 
        0.00000000        0.00000000        0.00000000        0.00000000        0.00000000        0.00000000 
        0.00000000        0.00000000        0.00000000        0.00000000        0.00000000        0.00000000 
        0.00000000        0.00000000        0.00000000        0.00000000        0.00000000        0.00000000 
        0.00000000        0.00000000        0.00000000        0.00000000        0.00000000        0.00000000 
        0.00000000        0.00000000        0.00000000        0.00000000        0.00000000        0.00000000 
        0.00000000        0.00000000        0.00000000        0.00000000        0.00000000        0.00000000 
        0.00000000        0.00000000        0.00000000        0.00000000        0.00000000        0.00000000 
        0.00000000        0.00000000        0.00000000        0.00000000        0.00000000        0.00000000 
        0.00000000        0.00000000        0.00000000        0.00000000        0.00000000        0.00000000 
        0.00000000        0.00000000        0.00000000        0.00000000        0.00000000        0.00000000 
        0.00000000        0.00000000        0.00000000        0.00000000        0.00000000        0.00000000 
        0.00000000        0.00000000        0.00000000        0.00000000        0.00000000        0.00000000 
        0.00000000        0.00000000        0.00000000        0.00000000        0.00000000        0.00000000 
        0.00000000        0.00000000        0.00000000        0.00000000        0.00000000        0.00000000 
        0.00000000        0.00000000        0.00000000        0.00000000        0.00000000        0.00000000 
        0.00000000        0.00000000        0.00000000        0.00000000        0.00000000        0.00000000 
        0.00000000        0.00000000        0.00000000        0.00000000        0.00000000        0.00000000 
        0.00000000        0.00000000        0.00000000        0.00000000        0.00000000        0.00000000 
        0.00000000        0.00000000        0.00000000        0.00000000        0.00000000        0.00000000 
        0.00000000        0.00000000        0.00000000        0.00000000        0.00000000        0.00000000 
        0.00000000        0.00000000        0.00000000        0.00000000        0.00000000        0.00000000 
        0.00000000        0.00000000        0.00000000        0.00000000        0.00000000        0.00000000 
        0.00000000        0.00000000        0.00000000        0.00000000        0.00000000        0.00000000 
        0.00000000        0.00000000        0.00000000        0.00000000        0.00000000        0.00000000 
        0.00000000        0.00000000        0.00000000        0.00000000        0.00000000        0.00000000 
        0.00000000        0.00000000        0.00000000        0.00000000        0.00000000        0.00000000 
        0.00000000        0.00000000        0.00000000        0.00000000        0.00000000        0.00000000 
        0.00000000        0.00000000        0.00000000        0.00000000        0.00000000        0.00000000 
        0.00000000        0.00000000        0.00000000        0.00000000        0.00000000        0.00000000 
        0.00000000        0.00000000        0.00000000        0.00000000        0.00000000        0.00000000 
        0.00000000        0.00000000        0.00000000        0.00000000        0.00000000        0.00000000 
        0.00000000        0.00000000        0.00000000        0.00000000        0.00000000        0.00000000 
        0.00000000        0.00000000        0.00000000        0.00000000        0.00000000        0.00000000 
        0.00000000        0.00000000        0.00000000        0.00000000        0.00000000        0.00000000 
        0.00000000        0.00000000        0.00000000        0.00000000        0.00000000        0.00000000 
        0.00000000        0.00000000        0.00000000        0.00000000        0.00000000        0.00000000 
        0.00000000        0.00000000        0.00000000        0.00000000        0.00000000        0.00000000 
        0.00000000        0.00000000        0.00000000        0.00000000        0.00000000        0.00000000 
        0.00000000        0.00000000        0.00000000        0.00000000        0.00000000        0.00000000 
        0.00000000        0.00000000        0.00000000        0.00000000        0.00000000        0.00000000 
        0.00000000        0.00000000        0.00000000        0.00000000        0.00000000        0.00000000 
        0.00000000        0.00000000        0.00000000        0.00000000        0.00000000        0.00000000 
        0.00000000        0.00000000        0.00000000        0.00000000        0.00000000        0.00000000 
        0.00000000        0.00000000        0.00000000        0.00000000        0.00000000        0.00000000 
        0.00000000        0.00000000        0.00000000        0.00000000        0.00000000        0.00000000 
        0.00000000        0.00000000        0.00000000        0.00000000        0.00000000        0.00000000 
        0.00000000        0.00000000        0.00000000        0.00000000        0.00000000        0.00000000 
        0.00000000        0.00000000        0.00000000        0.00000000        0.00000000        0.00000000 
        0.00000000        0.00000000        0.00000000        0.00000000        0.00000000        0.00000000 
        0.00000000        0.00000000        0.00000000        0.00000000        0.00000000        0.00000000 
        0.00000000        0.00000000        0.00000000        0.00000000        0.00000000        0.00000000 
        0.00000000        0.00000000        0.00000000        0.00000000        0.00000000        0.00000000 
        0.00000000        0.00000000        0.00000000        0.00000000        0.00000000        0.00000000 
        0.00000000        0.00000000        0.00000000        0.00000000        0.00000000        0.00000000 
        0.00000000        0.00000000        0.00000000        0.00000000        0.00000000        0.00000000 
        0.00000000        0.00000000        0.00000000        0.00000000        0.00000000        0.00000000 
        0.00000000        0.00000000        0.00000000        0.00000000        0.00000000        0.00000000 
        0.00000000        0.00000000        0.00000000        0.00000000        0.00000000        0.00000000 
        0.00000000        0.00000000        0.00000000        0.00000000        0.00000000        0.00000000 
        0.00000000        0.00000000        0.00000000        0.00000000        0.00000000        0.00000000 
        0.00000001        0.00000001        0.00000001        0.00000001        0.00000001        0.00000001 
        0.00000001        0.00000001        0.00000001        0.00000001        0.00000001        0.00000001 
        0.00000002        0.00000002        0.00000002        0.00000002        0.00000002        0.00000002 
        0.00000003        0.00000003        0.00000003        0.00000003        0.00000003        0.00000003 
        0.00000005        0.00000005        0.00000005        0.00000005        0.00000005        0.00000005 
        0.00000009        0.00000009        0.00000009        0.00000008        0.00000008        0.00000008 
        0.00000014        0.00000014        0.00000014        0.00000012        0.00000012        0.00000012 
        0.00000022        0.00000022        0.00000022        0.00000019        0.00000019        0.00000019 
        0.00000035        0.00000035        0.00000035        0.00000031        0.00000030        0.00000030 
        0.00000055        0.00000055        0.00000055        0.00000048        0.00000048        0.00000048 
        0.00000086        0.00000086        0.00000085        0.00000075        0.00000075        0.00000075 
        0.00000133        0.00000133        0.00000132        0.00000117        0.00000116        0.00000116 
        0.00000206        0.00000205        0.00000205        0.00000181        0.00000179        0.00000179 
        0.00000316        0.00000316        0.00000314        0.00000277        0.00000274        0.00000274 
        0.00000483        0.00000482        0.00000480        0.00000423        0.00000418        0.00000417 
        0.00000733        0.00000732        0.00000728        0.00000641        0.00000634        0.00000633 
        0.00001107        0.00001104        0.00001099        0.00000966        0.00000955        0.00000953 
        0.00001661        0.00001656        0.00001648        0.00001448        0.00001430        0.00001427 
        0.00002477        0.00002470        0.00002456        0.00002156        0.00002129        0.00002125 
        0.00003672        0.00003661        0.00003641        0.00003193        0.00003150        0.00003145 
        0.00005412        0.00005396        0.00005365        0.00004700        0.00004635        0.00004626 
        0.00007930        0.00007905        0.00007858        0.00006877        0.00006780        0.00006766 
        0.00011551        0.00011514        0.00011444        0.00010004        0.00009859        0.00009837 
        0.00016727        0.00016673        0.00016567        0.00014468        0.00014251        0.00014218 
        0.00024082        0.00024001        0.00023843        0.00020800        0.00020480        0.00020430 
        0.00034468        0.00034348        0.00034114        0.00029729        0.00029258        0.00029182 
        0.00049046        0.00048870        0.00048526        0.00042242        0.00041553        0.00041441 
        0.00069384        0.00069128        0.00068623        0.00059673        0.00058671        0.00058504 
        0.00097586        0.00097214        0.00096480        0.00083806        0.00082357        0.00082110 
        0.00136455        0.00135920        0.00134857        0.00117014        0.00114931        0.00114570 
        0.00189702        0.00188935        0.00187408        0.00162434        0.00159456        0.00158930 
        0.00262205        0.00261112        0.00258929        0.00224179        0.00219947        0.00219185 
        0.00360328        0.00358780        0.00355680        0.00307607        0.00301629        0.00300531 
        0.00492325        0.00490145        0.00485767        0.00419650        0.00411252        0.00409682 
        0.00668815        0.00665764        0.00659617        0.00569210        0.00557481        0.00555248 
        0.00903373        0.00899126        0.00890547        0.00767642        0.00751354        0.00748199 
        0.01213221        0.01207346        0.01195443        0.01029324        0.01006835        0.01002401 
        0.01620061        0.01611979        0.01595560        0.01372330        0.01341456        0.01335264 
        0.02151035        0.02139982        0.02117468        0.01819219        0.01777075        0.01768478 
        0.02839848        0.02824819        0.02794125        0.02397938        0.02340741        0.02328873 
        0.03728046        0.03707726        0.03666126        0.03142862        0.03065674        0.03049391 
        0.04866459        0.04839147        0.04783088        0.04095948        0.03992373        0.03970161 
        0.06316817        0.06280315        0.06205210        0.05308032        0.05169836        0.05139714 
        0.08153511        0.08105008        0.08004963        0.06840232        0.06656884        0.06616274 
        0.10465516        0.10401432        0.10268928        0.08765473        0.08523589        0.08469155 
        0.13358411        0.13274224        0.13099732        0.11170073        0.10852762        0.10780222 
        0.16956501        0.16846530        0.16618057        0.14155421        0.13741495        0.13645379 
        0.21404959        0.21262121        0.20964657        0.17839622        0.17302686        0.17176068 
        0.26871949        0.26687473        0.26302373        0.22359151        0.21666534        0.21500684 
        0.33550647        0.33313733        0.32818002        0.27870390        0.26981923        0.26765919 
        0.41661075        0.41358516        0.40723944        0.34550968        0.33417612        0.33137888 
        0.51451653        0.51067424        0.50259662        0.42600974        0.41163218        0.40803027 
        0.63200301        0.62715083        0.61692584        0.52243656        0.50429833        0.49968636 
        0.77215153        0.76605773        0.75318658        0.63725913        0.61450225        0.60863024 
        0.93834484        0.93073440        0.91462106        0.77318108        0.74478626        0.73735142 
        1.13425982        1.12480736        1.10474646        0.93313354        0.89789778        0.88853693 
        1.36385155        1.35217559        1.32733679        1.12026203        1.07677555        1.06505501 
        1.63132763        1.61698425        1.58639634        1.33790445        1.28452706        1.26993310 
        1.94111085        1.92358589        1.88612294        1.58956206        1.52439809        1.50632691 
        2.29779410        2.27649760        2.23086166        1.87886155        1.79973829        1.77748311 
        2.70608068        2.68034029        2.62504601        2.20951080        2.11395407        2.08669686 
        3.17071509        3.13976955        3.07312989        2.58524299        2.47045755        2.43725538 
        3.69640398        3.65939927        3.57951260        3.00975823        2.87260818        2.83238339 
        4.28772736        4.24371147        4.14844751        3.48665142        3.32365108        3.27518106 
        4.94904327        4.89696169        4.78395653        4.01934481        3.82664490        3.76855373 
        5.68438387        5.62307930        5.48972654        4.61100817        4.38439560        4.31514549 
        6.49735022        6.42556429        6.26901245        5.26447964        4.99938393        4.91726971 
        7.39100742        7.30738020        7.12453747        5.98219681        5.67369604        5.57684517 
        8.36778545        8.27085972        8.05839634        6.76611090        6.40895844        6.29532671 
        9.42937565        9.31760216        9.07196808        7.61762094        7.20627975        7.07365942 
       10.57664490       10.44839859       10.16583729        8.53751945        8.06619644        7.91222334 
       11.80956650       11.66315079       11.33972359        9.52593994        8.98863602        8.81080055 
       13.12716103       12.96082020       12.59244347       10.58230019        9.97289276        9.76855564 
       14.52744770       14.33939266       13.92185974       11.70531082       11.01759815       10.78401756 
       16.00743484       15.79585266       15.32489300       12.89293575       12.12074280       11.85509396 
       17.56312370       17.32619858       16.79751396       14.14241505       13.27966976       12.97908592 
       19.18951988       18.92546272       18.33478737       15.45028305       14.49112606       14.15272713 
       20.88070869       20.58777428       19.93092346       16.81241035       15.75129414       15.37223244 
       22.62990570       22.30642128       21.57935715       18.22405624       17.05585098       16.63335991 
       24.42955399       24.07394981       23.27283287       19.67995071       18.40005493       17.93147659 
       26.27145767       25.88226509       25.00354385       21.17435646       19.77880669       19.26167297 
       28.14687729       27.72278595       26.76321220       22.70117569       21.18674088       20.61879730 
       30.04670334       29.58655739       28.54329300       24.25404930       22.61832619       21.99760246 
       31.96157455       31.46440887       30.33505249       25.82645035       24.06796837       23.39280701 
       33.88206100       33.34710693       32.12975693       27.41179657       25.53006172       24.79919624 
       35.79879379       35.22550201       33.91878891       29.00355339       26.99914360       26.21169853 
       37.70262146       37.09067154       35.69380569       30.59533119       28.46990395       27.62547493 
       39.58474731       38.93405914       37.44686508       32.18096542       29.93731308       29.03597069 
       41.43686676       40.74759293       39.17052460       33.75464249       31.39667320       30.43899536 
       43.25127792       42.52381134       40.85794067       35.31089020       32.84363937       31.83073235 
       45.02095032       44.25592804       42.50298691       36.84473038       34.27429962       33.20778656 
       46.73963165       45.93791962       44.10026550       38.35163879       35.68516922       34.56721115 
       48.40190506       47.56458282       45.64517975       39.82763672       37.07323074       35.90649796 
       50.00316238       49.13153076       47.13395691       41.26928711       38.43589401       37.22356415 
       51.53973389       50.63526535       48.56363297       42.67369080       39.77104950       38.51671982 
       53.00874329       52.07310104       49.93204498       44.03848648       41.07698441       39.78472137 
       54.40818024       53.44318390       51.23779678       45.36181641       42.35237885       41.02658463 
       55.73685837       54.74444580       52.48024368       46.64236450       43.59629822       42.24171448 
       56.99428558       55.97654343       53.65938950       47.87922668       44.80809021       43.42972946 
       58.18067932       57.13977432       54.77585602       49.07193375       45.98743057       44.59049225 
       59.29689407       58.23506927       55.83079529       50.22039795       47.13420486       45.72401428 
       60.34428406       59.26383972       56.82578659       51.32485199       48.24849701       46.83046722 
       61.32468033       60.22797394       57.76285553       52.38579559       49.33056641       47.91009903 
       62.24028397       61.12968063       58.64427185       53.40398788       50.38076401       48.96320724 
       63.09360886       61.97148514       59.47258759       54.38036346       51.39955139       49.99013901 
       63.88738632       62.75611877       60.25048065       55.31602097       52.38745499       50.99121857 
       64.62451935       63.48647308       60.98075104       56.21214294       53.34499741       51.96677399 
       65.30799866       64.16551971       61.66623306       57.07001114       54.27275085       52.91707993 
       65.94086456       64.79625702       62.30976486       57.89093399       55.17126083       53.84238815 
       66.52615356       65.38166046       62.91413498       58.67624283       56.04106903       54.74291229 
       67.06684113       65.92468262       63.48205948       59.42727280       56.88270950       55.61878586 
       67.56584167       66.42819214       64.01612854       60.14533997       57.69664383       56.47014618 
       68.02591705       66.89488220       64.51880646       60.83172226       58.48336792       57.29705429 
       68.44977570       67.32740021       64.99240875       61.48764801       59.24329758       58.09956360 
       68.83992004       67.72819519       65.43908691       62.11429596       59.97683334       58.87768936 
       69.19871521       68.09957123       65.86087036       62.71279526       60.68439865       59.63145447 
       69.52840424       68.44363403       66.25955963       63.28420639       61.36632919       60.36087418 
       69.83099365       68.76242828       66.63684845       63.82951736       62.02299500       61.06594086 
       70.10842133       69.05776978       66.99423218       64.34970093       62.65475082       61.74670792 
       70.36243439       69.33132935       67.33309174       64.84562683       63.26193619       62.40319824 
       70.59465027       69.58460236       67.65466309       65.31810760       63.84490585       63.03551102 
       70.80651093       69.81902313       67.95998383       65.76798248       64.40398407       63.64371872 
       70.99936676       70.03584290       68.25007629       66.19588470       64.93954468       64.22798920 
       71.17442322       70.23617554       68.52575684       66.60258484       65.45194244       64.78845215 
       71.33281708       70.42103577       68.78782654       66.98868561       65.94155884       65.32535553 
       71.47554016       70.59139252       69.03688812       67.35479736       66.40877533       65.83891296 
       71.60352325       70.74803925       69.27356720       67.70153809       66.85395813       66.32941437 
       71.71758270       70.89171600       69.49835205       68.02939606       67.27754974       66.79715729 
       71.81850433       71.02312469       69.71166992       68.33892059       67.67993164       67.24250031 
       71.90696716       71.14284515       69.91396332       68.63060760       68.06154633       67.66578674 
       71.98361206       71.25140381       70.10553741       68.90491486       68.42282104       68.06742859 
       72.04898834       71.34931183       70.28667450       69.16231537       68.76419067       68.44782257 
       72.10366821       71.43698120       70.45766449       69.40324402       69.08608246       68.80741882 
       72.14808655       71.51481628       70.61874390       69.62810516       69.38896942       69.14665985 
       72.18271637       71.58318329       70.77008820       69.83733368       69.67328644       69.46598816 
       72.20795441       71.64240265       70.91191101       70.03129578       69.93949127       69.76585388 
       72.22418213       71.69276428       71.04440308       70.21039581       70.18801117       70.04677582 
       72.23174286       71.73453522       71.16767883       70.37500763       70.41930389       70.30918121 
       72.23097229       71.76798248       71.28189087       70.52550507       70.63382721       70.55357361 
       72.22214508       71.79331207       71.38720703       70.66223907       70.83199310       70.78041840 
       72.20553589       71.81075287       71.48371887       70.78556824       71.01425171       70.99017334 
       72.18138885       71.82050323       71.57157898       70.89581299       71.18103027       71.18331909 
       72.15000153       71.82273865       71.65089417       70.99334717       71.33275604       71.36033630 
       72.11154938       71.81762695       71.72177124       71.07845306       71.46982574       71.52162933 
       72.06622314       71.80532837       71.78435516       71.15148926       71.59263611       71.66767120 
       72.01428223       71.78601837       71.83872223       71.21275330       71.70161438       71.79893494 
       71.95584106       71.75984192       71.88500214       71.26255798       71.79717255       71.91579437 
       71.89114380       71.72691345       71.92331696       71.30120850       71.87963867       72.01866913 
       71.82030487       71.68737030       71.95375061       71.32901764       71.94944000       72.10803986 
       71.74346924       71.64139557       71.97644043       71.34628296       72.00688934       72.18424988 
       71.66081238       71.58902740       71.99149323       71.35323334       72.05241394       72.24769592 
       71.57245636       71.53047180       71.99899292       71.35020447       72.08630371       72.29878235 
       71.47853851       71.46578979       71.99907684       71.33747101       72.10891724       72.33789062 
       71.37918091       71.39510345       71.99187469       71.31529236       72.12061310       72.36534119 
       71.27447510       71.31852722       71.97747803       71.28392029       72.12169647       72.38153839 
       71.16458130       71.23619843       71.95597076       71.24363708       72.11248779       72.38681793 
       71.04958344       71.14816284       71.92751312       71.19470215       72.09331512       72.38150787 
       70.92958069       71.05457306       71.89217377       71.13733673       72.06449890       72.36596680 
       70.80469513       70.95550537       71.85009003       71.07180786       72.02628326       72.34046173 
       70.67496490       70.85104370       71.80133057       70.99836731       71.97901154       72.30538177 
       70.54055786       70.74131012       71.74606323       70.91723633       71.92292786       72.26099396 
       70.40152740       70.62639618       71.68434906       70.82863617       71.85834503       72.20759583 
       70.25795746       70.50637817       71.61631775       70.73281097       71.78550720       72.14549255 
       70.10994720       70.38135529       71.54204559       70.62998199       71.70468140       72.07498169 
       69.95757294       70.25141907       71.46166229       70.52038574       71.61617279       71.99629211 
       69.80090332       70.11665344       71.37526703       70.40419006       71.52017975       71.90974426 
       69.64003754       69.97714996       71.28293610       70.28161621       71.41695404       71.81560516 
       69.47502899       69.83300018       71.18479156       70.15290070       71.30675507       71.71408844 
       69.30599213       69.68427277       71.08092499       70.01821899       71.18981934       71.60546112 
       69.13294983       69.53105927       70.97145844       69.87778473       71.06634521       71.48999786 
       68.95603180       69.37345123       70.85646820       69.73177338       70.93659973       71.36789703 
       68.77527618       69.21154022       70.73601532       69.58037567       70.80075073       71.23941040 
       68.59075928       69.04539490       70.61027527       69.42377472       70.65904999       71.10475159 
       68.40259552       68.87506866       70.47927856       69.26215363       70.51167297       70.96414948 
       68.21080780       68.70069122       70.34314728       69.09568787       70.35887146       70.81781769 
       68.01549530       68.52231598       70.20195770       68.92451477       70.20075989       70.66594696 
       67.81670380       68.34003448       70.05582428       68.74884033       70.03756714       70.50874329 
       67.61454010       68.15390778       69.90483856       68.56880188       69.86949158       70.34641266 
       67.40905762       67.96405029       69.74910736       68.38455963       69.69667053       70.17910767 
       67.20033264       67.77053070       69.58871460       68.19625092       69.51933289       70.00703430 
       66.98845673       67.57341003       69.42373657       68.00404358       69.33756256       69.83037567 
       66.77348328       67.37281036       69.25431824       67.80805969       69.15157318       69.64924622 
       66.55547333       67.16875458       69.08055115       67.60842896       68.96150970       69.46387482 
       66.33454132       66.96136475       68.90248108       67.40531158       68.76753235       69.27439117 
       66.11074066       66.75071716       68.72026825       67.19882202       68.56974030       69.08091736 
       65.88412476       66.53690338       68.53395081       66.98905945       68.36831665       68.88365173 
       65.65480804       66.31999207       68.34368896       66.77619171       68.16336060       68.68267822 
       65.42284393       66.10006714       68.14955902       66.56029510       67.95503235       68.47818756 
       65.18830872       65.87720490       67.95166779       66.34149170       67.74343109       68.27026367 
       64.95125580       65.65149689       67.75009918       66.11989594       67.52871704       68.05905914 
       64.71179199       65.42301941       67.54497528       65.89560699       67.31094360       67.84469604 
       64.46997833       65.19185638       67.33638000       65.66873169       67.09026337       67.62724304 
       64.22589874       64.95809174       67.12442017       65.43936157       66.86676788       67.40687561 
       63.97961044       64.72179413       66.90917206       65.20755768       66.64058685       67.18366241 
       63.73118973       64.48306274       66.69077301       64.97348022       66.41178131       66.95770264 
       63.48070908       64.24195099       66.46930695       64.73718262       66.18047333       66.72911835 
       63.22824478       63.99855804       66.24485016       64.49875641       65.94675446       66.49801636 
       62.97388458       63.75295258       66.01753235       64.25827789       65.71069336       66.26448059 
       62.71765900       63.50520325       65.78739166       64.01583862       65.47242737       66.02858734 
       62.45965958       63.25540543       65.55457306       63.77153397       65.23200226       65.79044342 
       62.19995880       63.00363159       65.31912994       63.52540588       64.98951721       65.55011749 
       61.93861389       62.74992371       65.08118439       63.27753448       64.74504852       65.30770874 
       61.67570496       62.49439240       64.84081268       63.02803421       64.49868011       65.06328583 
       61.41128159       62.23711014       64.59807587       62.77693939       64.25048828       64.81694031 
       61.14540863       61.97811890       64.35307312       62.52433014       64.00055695       64.56875610 
       60.87817383       61.71751404       64.10588837       62.27027893       63.74892807       64.31878662 
       60.60960770       61.45533371       63.85661697       62.01485825       63.49570847       64.06713104 
       60.33979416       61.19166946       63.60530472       61.75811386       63.24096298       63.81382751 
       60.06878281       60.92657471       63.35203552       61.50012589       62.98473740       63.55898285 
       59.79664612       60.66013336       63.09689713       61.24095917       62.72712708       63.30263901 
       59.52341843       60.39238739       62.83996201       60.98067093       62.46817398       63.04488754 
       59.24919510       60.12340546       62.58127594       60.71931839       62.20796204       62.78576660 
       58.97397995       59.85324478       62.32094574       60.45696640       61.94653320       62.52536392 
       58.69787979       59.58197403       62.05903625       60.19366074       61.68395996       62.26372528 
       58.42089844       59.30965042       61.79558945       59.92946243       61.42030716       62.00091171 
       58.14313889       59.03632355       61.53068542       59.66442871       61.15562820       61.73699951 
       57.86463165       58.76204300       61.26438904       59.39859772       60.88997650       61.47203445 
       57.58541107       58.48688507       60.99675751       59.13203812       60.62340164       61.20607758 
       57.30555344       58.21089172       60.72785187       58.86478424       60.35596085       60.93918228 
       57.02508926       57.93410492       60.45774460       58.59690475       60.08770752       60.67141342 
       56.74407578       57.65660095       60.18649292       58.32843399       59.81871033       60.40280533 
       56.46255493       57.37839127       59.91415024       58.05941391       59.54900360       60.13341904 
       56.18056488       57.09956360       59.64076614       57.78990555       59.27863693       59.86330414 
       55.89817047       56.82014847       59.36641693       57.51993942       59.00767136       59.59252167 
       55.61540222       56.54019547       59.09114075       57.24956131       58.73613739       59.32110977 
       55.33230972       56.25974655       58.81499481       56.97882843       58.46408844       59.04911804 
       55.04891968       55.97885513       58.53803635       56.70775986       58.19156647       58.77658844 
       54.76528931       55.69756699       58.26031876       56.43639755       57.91862106       58.50357056 
       54.48145294       55.41592789       57.98188400       56.16480255       57.64528275       58.23011017 
       54.19745636       55.13396454       57.70278549       55.89299774       57.37160110       57.95624542 
       53.91332626       54.85171890       57.42307663       55.62101746       57.09762573       57.68202209 
       53.62910461       54.56924820       57.14280701       55.34889984       56.82339478       57.40748215 
       53.34482956       54.28656769       56.86201859       55.07667923       56.54891968       57.13265228 
       53.06053925       54.00376129       56.58073807       54.80439758       56.27426529       56.85759735 
       52.77626419       53.72082138       56.29905701       54.53207397       55.99947357       56.58233261 
       52.49203110       53.43779755       56.01697159       54.25974655       55.72455215       56.30690765 
       52.20789337       53.15472794       55.73455048       53.98746109       55.44955063       56.03135300 
       51.92386246       52.87165833       55.45182419       53.71524429       55.17451096       55.75571060 
       51.63998032       52.58860397       55.16885376       53.44311523       54.89944458       55.47999191 
       51.35628510       52.30562210       54.88566208       53.17110825       54.62440109       55.20426941 
       51.07279205       52.02272797       54.60229111       52.89926147       54.34942627       54.92855072 
       50.78954315       51.73995590       54.31878662       52.62759018       54.07452774       54.65286636 
       50.50656891       51.45733261       54.03517532       52.35612488       53.79973602       54.37725830 
       50.22387695       51.17490005       53.75150299       52.08489990       53.52510071       54.10174942 
       49.94152069       50.89268875       53.46780014       51.81393051       53.25063324       53.82637405 
       49.65950775       50.61073303       53.18412018       51.54325867       52.97635651       53.55115509 
       49.37787628       50.32905197       52.90047836       51.27288818       52.70231628       53.27613831 
       49.09664917       50.04766464       52.61690521       51.00284958       52.42852402       53.00131989 
       48.81585312       49.76661682       52.33345032       50.73316574       52.15501022       52.72675705 
       48.53550720       49.48592758       52.05012894       50.46385956       51.88180542       52.45246124 
       48.25563812       49.20562363       51.76699066       50.19496155       51.60893631       52.17845535 
       47.97626877       48.92573166       51.48405457       49.92649078       51.33640289       51.90477753 
       47.69742203       48.64627075       51.20134735       49.65846634       51.06425476       51.63143921 
       47.41911697       48.36727524       50.91890335       49.39091492       50.79250336       51.35847092 
       47.14138794       48.08875656       50.63676071       49.12384033       50.52117157       51.08589554 
       46.86423874       47.81074524       50.35492706       48.85726547       50.25028610       50.81372833 
       46.58769989       47.53327179       50.07345963       48.59121323       49.97986221       50.54199219 
       46.31179047       47.25633240       49.79234695       48.32571411       49.70991898       50.27071381 
       46.03652573       46.97998047       49.51164627       48.06077957       49.44047928       49.99991226 
       45.76193237       46.70421219       49.23137283       47.79641342       49.17156982       49.72961044 
       45.48802185       46.42906570       48.95154190       47.53264999       48.90318680       49.45982742 
       45.21482468       46.15454865       48.67218018       47.26948929       48.63536835       49.19056320 
       44.94234085       45.88067245       48.39333344       47.00695801       48.36813354       48.92185211 
       44.67060089       45.60747528       48.11499786       46.74507523       48.10148621       48.65371704 
       44.39960480       45.33496475       47.83720779       46.48384857       47.83545685       48.38617325 
       44.12938309       45.06316757       47.55998993       46.22329330       47.57004929       48.11922836 
       43.85995483       44.79209518       47.28334808       45.96341705       47.30528259       47.85290146 
       43.59131241       44.52174759       47.00732040       45.70424652       47.04117584       47.58721161 
       43.32350159       44.25217438       46.73191833       45.44579315       46.77773666       47.32218552 
       43.05651855       43.98337555       46.45716095       45.18806076       46.51499557       47.05782700 
       42.79037857       43.71536255       46.18307114       44.93107224       46.25295639       46.79414368 
       42.52510834       43.44815445       45.90965271       44.67483521       45.99162674       46.53115845 
       42.26068878       43.18175888       45.63694382       44.41935349       45.73102951       46.26888657 
       41.99716568       42.91620636       45.36495209       44.16464996       45.47116852       46.00732803 
       41.73453903       42.65149307       45.09369659       43.91072845       45.21206665       45.74651718 
       41.47281647       42.38764191       44.82318878       43.65760803       44.95372772       45.48645401 
       41.21201706       42.12466049       44.55345917       43.40528870       44.69615936       45.22715378 
       40.95215225       41.86256409       44.28451157       43.15378571       44.43939209       44.96863174 
       40.69322586       41.60136032       44.01635361       42.90310287       44.18341446       44.71088791 
       40.43525696       41.34107590       43.74901581       42.65326691       43.92825317       44.45394516 
       40.17824554       41.08171082       43.48249817       42.40427017       43.67391586       44.19779968 
       39.92221069       40.82327271       43.21683121       42.15612411       43.42040634       43.94247437 
       39.66715240       40.56577682       42.95200348       41.90884018       43.16773605       43.68797302 
       39.41309357       40.30923462       42.68806458       41.66242981       42.91590881       43.43431854 
       39.16002655       40.05366135       42.42499161       41.41689682       42.66494370       43.18149948 
       38.90797806       39.79904556       42.16281509       41.17224884       42.41484833       42.92953873 
       38.65693665       39.54542542       41.90154648       40.92848587       42.16562271       42.67843628 
       38.40692139       39.29278183       41.64118195       40.68562698       41.91727829       42.42821121 
       38.15794754       39.04113388       41.38175201       40.44367218       41.66983795       42.17886734 
       37.91000366       38.79050064       41.12325668       40.20262909       41.42328644       41.93041611 
       37.66310501       38.54087830       40.86570740       39.96250534       41.17764282       41.68285370 
       37.41726303       38.29227448       40.60912323       39.72331619       40.93290710       41.43619537 
       37.17248154       38.04470444       40.35349655       39.48503876       40.68910217       41.19045639 
       36.92875671       37.79817200       40.09883881       39.24771500       40.44620514       40.94562149 
       36.68610764       37.55267715       39.84518051       39.01132202       40.20425797       40.70171738 
       36.44453430       37.30823517       39.59251022       38.77588272       39.96324158       40.45874405 
       36.20404434       37.06484604       39.34083557       38.54139709       39.72316742       40.21670151 
       35.96464920       36.82252502       39.09018326       38.30786896       39.48403549       39.97560120 
       35.72633743       36.58127213       38.84054565       38.07528687       39.24586868       39.73545837 
       35.48912048       36.34108353       38.59192276       37.84366989       39.00865555       39.49625397 
       35.25300980       36.10198212       38.34433365       37.61303329       38.77240753       39.25801849 
       35.01800156       35.86395264       38.09778976       37.38336182       38.53712463       39.02074051 
       34.78410721       35.62701797       37.85228348       37.15467072       38.30281830       38.78442383 
       34.55131912       35.39117050       37.60783005       36.92694855       38.06948090       38.54908371 
       34.31965637       35.15642548       37.36442184       36.70021439       37.83713150       38.31472015 
       34.08910370       34.92277145       37.12208939       36.47446823       37.60577011       38.08132935 
       33.85967636       34.69023132       36.88082123       36.24970627       37.37538528       37.84893036 
       33.63137054       34.45879364       36.64062500       36.02593231       37.14599991       37.61750793 
       33.40419769       34.22846603       36.40150452       35.80315781       36.91760635       37.38708496 
       33.17815018       33.99925232       36.16346741       35.58137894       36.69020844       37.15765762 
       32.95323563       33.77114868       35.92651749       35.36058426       36.46380997       36.92921829 
       32.72945404       33.54417038       35.69065475       35.14080429       36.23841476       36.70177460 
       32.50680923       33.31831360       35.45589447       34.92201996       36.01401901       36.47534943 
       32.28529739       33.09357452       35.22222519       34.70424652       35.79063797       36.24991989 
       32.06492996       32.86996460       34.98965836       34.48747635       35.56826019       36.02549744 
       31.84569740       32.64748383       34.75819397       34.27170944       35.34689713       35.80207825 
       31.62760925       32.42613220       34.52783585       34.05694580       35.12654495       35.57967377 
       31.41065788       32.20590973       34.29859543       33.84319305       34.90720367       35.35828781 
       31.19485474       31.98681641       34.07046509       33.63045120       34.68888092       35.13790894 
       30.98019028       31.76885605       33.84344864       33.41872025       34.47158432       34.91854858 
       30.76667404       31.55203438       33.61755371       33.20800781       34.25529480       34.70021057 
       30.55430031       31.33634377       33.39277649       32.99829483       34.04002762       34.48289108 
       30.34306717       31.12178421       33.16911697       32.78960037       33.82577896       34.26659012 
       30.13297844       30.90836716       32.94658279       32.58191299       33.61256409       34.05130005 
       29.92403603       30.69608307       32.72517014       32.37524796       33.40035629       33.83703995 
       29.71623421       30.48493004       32.50488663       32.16958618       33.18917465       33.62380600 
       29.50958252       30.27491760       32.28573227       31.96494484       32.97901917       33.41158676 
       29.30406952       30.06604195       32.06770325       31.76130486       32.76988983       33.20039749 
       29.09969711       29.85830307       31.85080719       31.55868530       32.56177902       32.99021912 
       28.89646530       29.65169525       31.63503456       31.35707855       32.35469437       32.78108215 
       28.69437218       29.44622421       31.42039680       31.15648651       32.14862823       32.57295609 
       28.49341965       29.24188805       31.20688438       30.95689774       31.94358826       32.36586761 
       28.29360390       29.03868675       30.99450111       30.75832367       31.73957062       32.15979767 
       28.09492302       28.83662033       30.78325272       30.56075859       31.53657532       31.95475006 
       27.89738083       28.63567734       30.57313156       30.36420631       31.33460426       31.75072479 
       27.70096779       28.43586731       30.36414337       30.16865921       31.13365173       31.54772377 
       27.50568390       28.23719215       30.15628433       29.97411919       30.93371964       31.34574127 
       27.31153297       28.03964424       29.94955063       29.78058624       30.73480797       31.14478493 
       27.11851120       27.84321785       29.74395180       29.58805847       30.53691483       30.94485092 
       26.92660904       27.64791489       29.53947830       29.39653397       30.34004021       30.74593544 
       26.73583412       27.45373535       29.33613205       29.20600891       30.14418221       30.54804230 
       26.54618263       27.26067734       29.13390923       29.01648712       29.94934082       30.35116386 
       26.35765076       27.06873894       28.93281174       28.82796669       29.75551224       30.15530396 
       26.17023468       26.87791824       28.73283386       28.64044762       29.56270027       29.96046066 
       25.98393059       26.68821335       28.53398132       28.45392036       29.37089729       29.76663399 
       25.79874039       26.49962044       28.33625031       28.26838684       29.18010139       29.57382011 
       25.61466217       26.31213951       28.13963318       28.08384705       28.99031639       29.38201904 
       25.43169022       26.12576103       27.94414139       27.90029716       28.80154419       29.19122505 
       25.24981689       25.94049263       27.74975967       27.71773529       28.61376953       29.00144005 
       25.06904984       25.75633049       27.55649376       27.53616524       28.42700195       28.81266594 
       24.88938141       25.57326508       27.36433601       27.35557556       28.24123764       28.62489700 
       24.71080399       25.39129829       27.17329597       27.17597198       28.05646896       28.43812943 
       24.53332138       25.21042633       26.98335838       26.99735069       27.87270355       28.25236320 
       24.35692596       25.03064346       26.79452515       26.81970406       27.68993378       28.06760025 
       24.18161964       24.85195160       26.60679436       26.64303589       27.50815392       27.88382912 
       24.00739479       24.67434692       26.42016983       26.46733856       27.32736588       27.70105934 
       23.83424759       24.49782372       26.23464203       26.29261589       27.14756966       27.51928329 
       23.66217804       24.32238388       26.05020523       26.11886024       26.96876144       27.33849716 
       23.49117851       24.14801788       25.86686707       25.94607162       26.79093742       27.15870476 
       23.32125092       23.97472382       25.68461800       25.77425003       26.61409378       26.97989655 
       23.15238571       23.80250359       25.50345230       25.60338783       26.43823051       26.80207443 
       22.98458481       23.63134956       25.32337379       25.43348694       26.26334763       26.62523270 
       22.81783676       23.46125603       25.14437485       25.26453972       26.08943748       26.44937325 
       22.65214729       23.29222870       24.96645355       25.09654808       25.91650009       26.27449226 
       22.48751068       23.12425232       24.78960991       24.92950439       25.74453163       26.10058212 
       22.32392120       22.95733070       24.61383629       24.76341057       25.57353020       25.92764664 
       22.16136551       22.79146004       24.43913269       24.59826469       25.40349579       25.75568199 
       21.99985886       22.62663269       24.26549530       24.43405533       25.23442078       25.58468056 
       21.83938408       22.46284294       24.09292221       24.27079201       25.06630516       25.41464806 
       21.67994118       22.30009842       23.92140770       24.10845947       24.89914703       25.24557495 
       21.52152061       22.13838387       23.75094986       23.94706345       24.73293686       25.07745552 
       21.36413002       21.97769928       23.58154488       23.78660011       24.56767845       24.91029739 
       21.20775795       21.81804085       23.41318703       23.62705994       24.40336990       24.74409485 
       21.05239868       21.65940666       23.24587250       23.46844673       24.24000549       24.57883644 
       20.89804840       21.50178909       23.07960510       23.31075668       24.07757568       24.41452599 
       20.74470711       21.34518433       22.91437149       23.15397835       23.91608810       24.25116539 
       20.59236526       21.18959808       22.75017166       22.99811935       23.75553894       24.08873940 
       20.44102669       21.03501129       22.58700180       22.84317207       23.59591484       23.92725563 
       20.29067993       20.88143158       22.42486191       22.68913078       23.43722153       23.76670456 
       20.14132118       20.72883987       22.26374245       22.53599548       23.27945518       23.60708046 
       19.99295044       20.57725143       22.10364342       22.38375854       23.12261200       23.44839096 
       19.84555626       20.42664909       21.94455719       22.23241997       22.96668434       23.29062462 
       19.69914246       20.27703094       21.78648186       22.08197784       22.81167603       23.13377953 
       19.55369949       20.12839317       21.62941551       21.93242645       22.65757942       22.97785378 
       19.40922546       19.98073387       21.47335243       21.78376770       22.50439072       22.82284546 
       19.26571274       19.83404732       21.31828880       21.63598824       22.35210800       22.66874695 
       19.12316132       19.68832970       21.16421890       21.48909378       22.20072556       22.51555634 
       18.98156357       19.54357338       21.01113510       21.34307671       22.05024529       22.36327171 
       18.84091377       19.39978027       20.85904121       21.19793510       21.90066147       22.21188545 
       18.70121002       19.25694084       20.70792770       21.05366325       21.75197029       22.06139946 
       18.56244659       19.11505127       20.55779648       20.91026115       21.60416603       21.91180801 
       18.42462349       18.97410774       20.40863991       20.76772499       21.45724487       21.76310730 
       18.28772736       18.83410454       20.26044846       20.62604713       21.31120491       21.61529732 
       18.15176010       18.69504166       20.11322784       20.48522377       21.16604614       21.46836853 
       18.01671600       18.55690956       19.96696472       20.34526062       21.02175903       21.32232666 
       17.88258743       18.41970634       19.82165718       20.20614243       20.87834549       21.17715454 
       17.74937439       18.28342628       19.67730713       20.06786919       20.73579979       21.03286552 
       17.61707115       18.14806557       19.53390503       19.93044090       20.59411430       20.88944054 
       17.48567009       18.01361847       19.39144897       19.79385185       20.45328903       20.74688339 
       17.35516739       17.88008118       19.24992752       19.65810204       20.31332207       20.60519218 
       17.22556114       17.74745178       19.10934639       19.52318001       20.17420578       20.46435738 
       17.09684563       17.61572075       18.96969414       19.38908768       20.03594017       20.32438469 
       16.96901321       17.48488808       18.83096695       19.25581932       19.89851952       20.18525887 
       16.84206390       17.35494614       18.69316292       19.12337303       19.76194382       20.04698181 
       16.71599007       17.22589493       18.55627251       18.99174309       19.62620354       19.90955353 
       16.59078789       17.09771919       18.42029762       18.86092949       19.49130058       19.77296638 
       16.46645164       16.97042656       18.28523064       18.73092270       19.35722733       19.63721657 
       16.34298134       16.84400940       18.15107155       18.60172272       19.22397804       19.50230026 
       16.22036362       16.71845818       18.01781082       18.47332954       19.09155464       19.36821747 
       16.09860420       16.59377098       17.88544464       18.34572983       18.95994949       19.23495865 
       15.97769070       16.46994209       17.75396729       18.21893120       18.82916260       19.10252190 
       15.85762119       16.34697151       17.62337685       18.09292030       18.69918633       18.97090721 
       15.73839092       16.22484970       17.49366760       17.96769714       18.57002068       18.84010887 
       15.61999512       16.10357285       17.36483574       17.84325981       18.44165802       18.71011925 
       15.50242901       15.98313713       17.23687553       17.71960068       18.31410217       18.58094025 
       15.38569069       15.86354065       17.10978699       17.59672165       18.18733597       18.45256805 
       15.26976967       15.74477482       16.98356247       17.47461510       18.06136703       18.32499313 
       15.15466499       15.62683678       16.85819244       17.35327339       17.93618965       18.19821739 
       15.04036808       15.50972080       16.73367882       17.23270226       17.81179810       18.07223320 
       14.92688084       15.39342403       16.61001778       17.11288834       17.68818474       17.94703674 
       14.81419563       15.27794075       16.48719978       16.99383545       17.56535530       17.82262802 
       14.70230961       15.16326809       16.36522102       16.87553978       17.44329643       17.69900131 
       14.59121513       15.04939651       16.24408340       16.75799179       17.32201195       17.57615280 
       14.48090649       14.93632698       16.12377548       16.64119339       17.20149422       17.45407867 
       14.37138271       14.82405090       16.00429153       16.52513695       17.08174133       17.33277702 
       14.26263714       14.71256828       15.88563251       16.40982056       16.96274567       17.21224213 
       14.15466785       14.60186863       15.76779175       16.29524040       16.84450912       17.09247017 
       14.04746628       14.49195194       15.65076542       16.18139076       16.72702217       16.97345734 
       13.94103050       14.38281345       15.53454781       16.06827164       16.61028481       16.85520172 
       13.83535576       14.27444553       15.41913414       15.95587730       16.49429131       16.73769569 
       13.73043728       14.16684723       15.30452156       15.84420490       16.37904167       16.62094116 
       13.62627220       14.06001091       15.19070625       15.73324776       16.26452827       16.50492859 
       13.52285194       13.95393467       15.07768154       15.62300587       16.15074921       16.38965797 
       13.42017460       13.84861279       14.96544361       15.51347160       16.03770065       16.27512550 
       13.31823635       13.74404049       14.85398579       15.40464687       15.92537880       16.16132736 
       13.21702862       13.64021587       14.74330521       15.29652405       15.81377792       16.04825592 
       13.11655140       13.53713036       14.63340092       15.18909836       15.70289516       15.93591213 
       13.01679707       13.43478203       14.52426529       15.08237171       15.59272766       15.82429028 
       12.91776371       13.33316517       14.41589355       14.97633362       15.48327351       15.71338749 
       12.81944847       13.23227787       14.30827999       14.87098503       15.37452507       15.60319805 
       12.72184181       13.13211155       14.20142651       14.76632118       15.26648140       15.49371910 
       12.62494087       13.03266525       14.09531975       14.66233730       15.15913677       15.38495064 
       12.52874470       12.93393326       13.98995876       14.55903053       15.05249023       15.27688503 
       12.43324471       12.83591080       13.88534164       14.45639801       14.94653511       15.16951752 
       12.33843994       12.73859310       13.78146172       14.35443497       14.84127235       15.06284809 
       12.24432468       12.64198017       13.67831707       14.25314236       14.73669147       14.95686913 
       12.15089417       12.54606342       13.57590199       14.15250778       14.63279343       14.85158157 
       12.05814362       12.45083809       13.47420979       14.05253410       14.52957344       14.74697781 
       11.96607113       12.35630131       13.37324047       13.95321560       14.42702866       14.64305496 
       11.87466812       12.26244736       13.27298641       13.85454941       14.32515526       14.53981018 
       11.78393269       12.16927624       13.17344284       13.75652981       14.22394848       14.43723965 
       11.69386101       12.07677841       13.07460785       13.65915489       14.12340641       14.33534145 
       11.60444832       11.98495293       12.97647476       13.56242275       14.02352333       14.23410988 
       11.51568985       11.89379406       12.87904072       13.46632957       13.92429543       14.13354015 
       11.42758369       11.80329895       12.78230095       13.37086964       13.82572269       14.03362942 
       11.34012222       11.71345997       12.68625164       13.27604103       13.72779942       13.93437862 
       11.25330353       11.62427616       12.59088802       13.18183708       13.63051987       13.83577919 
       11.16712475       11.53574085       12.49620628       13.08825874       13.53388405       13.73782635 
       11.08158112       11.44785309       12.40220451       12.99530029       13.43788624       13.64052105 
       10.99666405       11.36060810       12.30887413       12.90295887       13.34252167       13.54385567 
       10.91237450       11.27399826       12.21621418       12.81123161       13.24779034       13.44783020 
       10.82870579       11.18802357       12.12421894       12.72011280       13.15368652       13.35243702 
       10.74565506       11.10267735       12.03288364       12.62960148       13.06020737       13.25767708 
       10.66321850       11.01795578       11.94220638       12.53969097       12.96734715       13.16354465 
       10.58139038       10.93385696       11.85217857       12.45038223       12.87510490       13.07003403 
       10.50016785       10.85037518       11.76279926       12.36166763       12.78347683       12.97714615 
       10.41954517       10.76750565       11.67406464       12.27354622       12.69246006       12.88487530 
       10.33952141       10.68524742       11.58596897       12.18601513       12.60204983       12.79321671 
       10.26009083       10.60359192       11.49851227       12.09906769       12.51224232       12.70217037 
       10.18125057       10.52253914       11.41168690       12.01270390       12.42303467       12.61172771 
       10.10299397       10.44208145       11.32549000       11.92691898       12.33442402       12.52189064 
       10.02532196       10.36221695       11.23991680       11.84170723       12.24640656       12.43265152 
        9.94822502       10.28294277       11.15496254       11.75706959       12.15897846       12.34400940 
        9.87170315       10.20425224       11.07062721       11.67300034       12.07213688       12.25596046 
        9.79574966       10.12614441       10.98690224       11.58949852       11.98587799       12.16850090 
        9.72036171       10.04861450       10.90378380       11.50655556       11.90019894       12.08162594 
        9.64553738        9.97165680       10.82126999       11.42417526       11.81509495       11.99533463 
        9.57127190        9.89527130       10.73935795       11.34235001       11.73056507       11.90962315 
        9.49755955        9.81944942       10.65804100       11.26107597       11.64660263       11.82448673 
        9.42439747        9.74419117       10.57731628       11.18035126       11.56320763       11.73992252 
        9.35178185        9.66949177       10.49718094       11.10017395       11.48037624       11.65592766 
