        0.00000000        0.00000000        0.00000000        0.00000000        0.00000000        0.00000000 
        0.00000000        0.00000000        0.00000000        0.00000000        0.00000000        0.00000000 
        0.00000000        0.00000000        0.00000000        0.00000000        0.00000000        0.00000000 
        0.00000000        0.00000000        0.00000000        0.00000000        0.00000000        0.00000000 
        0.00000000        0.00000000        0.00000000        0.00000000        0.00000000        0.00000000 
        0.00000000        0.00000000        0.00000000        0.00000000        0.00000000        0.00000000 
        0.00000000        0.00000000        0.00000000        0.00000000        0.00000000        0.00000000 
        0.00000000        0.00000000        0.00000000        0.00000000        0.00000000        0.00000000 
        0.00000000        0.00000000        0.00000000        0.00000000        0.00000000        0.00000000 
        0.00000000        0.00000000        0.00000000        0.00000000        0.00000000        0.00000000 
        0.00000000        0.00000000        0.00000000        0.00000000        0.00000000        0.00000000 
        0.00000000        0.00000000        0.00000000        0.00000000        0.00000000        0.00000000 
        0.00000000        0.00000000        0.00000000        0.00000000        0.00000000        0.00000000 
        0.00000000        0.00000000        0.00000000        0.00000000        0.00000000        0.00000000 
        0.00000000        0.00000000        0.00000000        0.00000000        0.00000000        0.00000000 
        0.00000000        0.00000000        0.00000000        0.00000000        0.00000000        0.00000000 
        0.00000000        0.00000000        0.00000000        0.00000000        0.00000000        0.00000000 
        0.00000000        0.00000000        0.00000000        0.00000000        0.00000000        0.00000000 
        0.00000000        0.00000000        0.00000000        0.00000000        0.00000000        0.00000000 
        0.00000000        0.00000000        0.00000000        0.00000000        0.00000000        0.00000000 
        0.00000000        0.00000000        0.00000000        0.00000000        0.00000000        0.00000000 
        0.00000000        0.00000000        0.00000000        0.00000000        0.00000000        0.00000000 
        0.00000000        0.00000000        0.00000000        0.00000000        0.00000000        0.00000000 
        0.00000000        0.00000000        0.00000000        0.00000000        0.00000000        0.00000000 
        0.00000000        0.00000000        0.00000000        0.00000000        0.00000000        0.00000000 
        0.00000000        0.00000000        0.00000000        0.00000000        0.00000000        0.00000000 
        0.00000000        0.00000000        0.00000000        0.00000000        0.00000000        0.00000000 
        0.00000000        0.00000000        0.00000000        0.00000000        0.00000000        0.00000000 
        0.00000000        0.00000000        0.00000000        0.00000000        0.00000000        0.00000000 
        0.00000000        0.00000000        0.00000000        0.00000000        0.00000000        0.00000000 
        0.00000000        0.00000000        0.00000000        0.00000000        0.00000000        0.00000000 
        0.00000000        0.00000000        0.00000000        0.00000000        0.00000000        0.00000000 
        0.00000000        0.00000000        0.00000000        0.00000000        0.00000000        0.00000000 
        0.00000000        0.00000000        0.00000000        0.00000000        0.00000000        0.00000000 
        0.00000000        0.00000000        0.00000000        0.00000000        0.00000000        0.00000000 
        0.00000000        0.00000000        0.00000000        0.00000000        0.00000000        0.00000000 
        0.00000000        0.00000000        0.00000000        0.00000000        0.00000000        0.00000000 
        0.00000000        0.00000000        0.00000000        0.00000000        0.00000000        0.00000000 
        0.00000000        0.00000000        0.00000000        0.00000000        0.00000000        0.00000000 
        0.00000000        0.00000000        0.00000000        0.00000000        0.00000000        0.00000000 
        0.00000000        0.00000000        0.00000000        0.00000000        0.00000000        0.00000000 
        0.00000000        0.00000000        0.00000000        0.00000000        0.00000000        0.00000000 
        0.00000000        0.00000000        0.00000000        0.00000000        0.00000000        0.00000000 
        0.00000000        0.00000000        0.00000000        0.00000000        0.00000000        0.00000000 
        0.00000000        0.00000000        0.00000000        0.00000000        0.00000000        0.00000000 
        0.00000000        0.00000000        0.00000000        0.00000000        0.00000000        0.00000000 
        0.00000000        0.00000000        0.00000000        0.00000000        0.00000000        0.00000000 
        0.00000000        0.00000000        0.00000000        0.00000000        0.00000000        0.00000000 
        0.00000000        0.00000000        0.00000000        0.00000000        0.00000000        0.00000000 
        0.00000000        0.00000000        0.00000000        0.00000000        0.00000000        0.00000000 
        0.00000000        0.00000000        0.00000000        0.00000000        0.00000000        0.00000000 
        0.00000000        0.00000000        0.00000000        0.00000000        0.00000000        0.00000000 
        0.00000000        0.00000000        0.00000000        0.00000000        0.00000000        0.00000000 
        0.00000000        0.00000000        0.00000000        0.00000000        0.00000000        0.00000000 
        0.00000000        0.00000000        0.00000000        0.00000000        0.00000000        0.00000000 
        0.00000000        0.00000000        0.00000000        0.00000000        0.00000000        0.00000000 
        0.00000000        0.00000000        0.00000000        0.00000000        0.00000000        0.00000000 
        0.00000000        0.00000000        0.00000000        0.00000000        0.00000000        0.00000000 
        0.00000000        0.00000000        0.00000000        0.00000000        0.00000000        0.00000000 
        0.00000000        0.00000000        0.00000000        0.00000000        0.00000000        0.00000000 
        0.00000000        0.00000000        0.00000000        0.00000000        0.00000000        0.00000000 
        0.00000000        0.00000000        0.00000000        0.00000000        0.00000000        0.00000000 
        0.00000000        0.00000000        0.00000000        0.00000000        0.00000000        0.00000000 
        0.00000000        0.00000000        0.00000000        0.00000000        0.00000000        0.00000000 
        0.00000000        0.00000000        0.00000000        0.00000000        0.00000000        0.00000000 
        0.00000000        0.00000000        0.00000000        0.00000000        0.00000000        0.00000000 
        0.00000000        0.00000000        0.00000000        0.00000000        0.00000000        0.00000000 
        0.00000000        0.00000000        0.00000000        0.00000000        0.00000000        0.00000000 
        0.00000000        0.00000000        0.00000000        0.00000000        0.00000000        0.00000000 
        0.00000000        0.00000000        0.00000000        0.00000000        0.00000000        0.00000000 
        0.00000000        0.00000000        0.00000000        0.00000000        0.00000000        0.00000000 
        0.00000000        0.00000000        0.00000000        0.00000000        0.00000000        0.00000000 
        0.00000000        0.00000000        0.00000000        0.00000000        0.00000000        0.00000000 
        0.00000000        0.00000000        0.00000000        0.00000000        0.00000000        0.00000000 
        0.00000000        0.00000000        0.00000000        0.00000000        0.00000000        0.00000000 
        0.00000000        0.00000000        0.00000000        0.00000000        0.00000000        0.00000000 
        0.00000000        0.00000000        0.00000000        0.00000000        0.00000000        0.00000000 
        0.00000000        0.00000000        0.00000000        0.00000000        0.00000000        0.00000000 
        0.00000000        0.00000000        0.00000000        0.00000000        0.00000000        0.00000000 
        0.00000000        0.00000000        0.00000000        0.00000000        0.00000000        0.00000000 
        0.00000000        0.00000000        0.00000000        0.00000000        0.00000000        0.00000000 
        0.00000000        0.00000000        0.00000000        0.00000000        0.00000000        0.00000000 
        0.00000000        0.00000000        0.00000000        0.00000000        0.00000000        0.00000000 
        0.00000000        0.00000000        0.00000000        0.00000000        0.00000000        0.00000000 
        0.00000000        0.00000000        0.00000000        0.00000000        0.00000000        0.00000000 
        0.00000000        0.00000000        0.00000000        0.00000000        0.00000000        0.00000000 
        0.00000000        0.00000000        0.00000000        0.00000000        0.00000000        0.00000000 
        0.00000000        0.00000000        0.00000000        0.00000000        0.00000000        0.00000000 
        0.00000000        0.00000000        0.00000000        0.00000000        0.00000000        0.00000000 
        0.00000000        0.00000000        0.00000000        0.00000000        0.00000000        0.00000000 
        0.00000000        0.00000000        0.00000000        0.00000000        0.00000000        0.00000000 
        0.00000000        0.00000000        0.00000000        0.00000000        0.00000000        0.00000000 
        0.00000000        0.00000000        0.00000000        0.00000000        0.00000000        0.00000000 
        0.00000000        0.00000000        0.00000000        0.00000000        0.00000000        0.00000000 
        0.00000000        0.00000000        0.00000000        0.00000000        0.00000000        0.00000000 
        0.00000000        0.00000000        0.00000000        0.00000000        0.00000000        0.00000000 
        0.00000000        0.00000000        0.00000000        0.00000000        0.00000000        0.00000000 
        0.00000000        0.00000000        0.00000000        0.00000000        0.00000000        0.00000000 
        0.00000000        0.00000000        0.00000000        0.00000000        0.00000000        0.00000000 
        0.00000000        0.00000000        0.00000000        0.00000000        0.00000000        0.00000000 
        0.00000000        0.00000000        0.00000000        0.00000000        0.00000000        0.00000000 
        0.00000000        0.00000000        0.00000000        0.00000000        0.00000000        0.00000000 
        0.00000000        0.00000000        0.00000000        0.00000000        0.00000000        0.00000000 
        0.00000000        0.00000000        0.00000000        0.00000000        0.00000000        0.00000000 
        0.00000000        0.00000000        0.00000000        0.00000000        0.00000000        0.00000000 
        0.00000000        0.00000000        0.00000000        0.00000000        0.00000000        0.00000000 
        0.00000000        0.00000000        0.00000000        0.00000000        0.00000000        0.00000000 
        0.00000000        0.00000000        0.00000000        0.00000000        0.00000000        0.00000000 
        0.00000000        0.00000000        0.00000000        0.00000000        0.00000000        0.00000000 
        0.00000000        0.00000000        0.00000000        0.00000000        0.00000000        0.00000000 
        0.00000000        0.00000000        0.00000000        0.00000000        0.00000000        0.00000000 
        0.00000000        0.00000000        0.00000000        0.00000000        0.00000000        0.00000000 
        0.00000000        0.00000000        0.00000000        0.00000000        0.00000000        0.00000000 
        0.00000000        0.00000000        0.00000000        0.00000000        0.00000000        0.00000000 
        0.00000000        0.00000000        0.00000000        0.00000000        0.00000000        0.00000000 
        0.00000000        0.00000000        0.00000000        0.00000000        0.00000000        0.00000000 
        0.00000000        0.00000000        0.00000000        0.00000000        0.00000000        0.00000000 
        0.00000001        0.00000001        0.00000001        0.00000000        0.00000000        0.00000000 
        0.00000001        0.00000001        0.00000001        0.00000000        0.00000000        0.00000000 
        0.00000002        0.00000002        0.00000002        0.00000001        0.00000001        0.00000001 
        0.00000003        0.00000003        0.00000003        0.00000001        0.00000001        0.00000001 
        0.00000005        0.00000005        0.00000005        0.00000002        0.00000002        0.00000002 
        0.00000008        0.00000008        0.00000008        0.00000003        0.00000003        0.00000003 
        0.00000013        0.00000013        0.00000014        0.00000004        0.00000005        0.00000005 
        0.00000021        0.00000021        0.00000022        0.00000007        0.00000007        0.00000007 
        0.00000033        0.00000033        0.00000035        0.00000011        0.00000012        0.00000012 
        0.00000053        0.00000053        0.00000055        0.00000017        0.00000019        0.00000019 
        0.00000083        0.00000083        0.00000088        0.00000027        0.00000030        0.00000030 
        0.00000131        0.00000131        0.00000138        0.00000043        0.00000047        0.00000047 
        0.00000205        0.00000205        0.00000215        0.00000066        0.00000073        0.00000074 
        0.00000318        0.00000318        0.00000335        0.00000103        0.00000113        0.00000114 
        0.00000490        0.00000490        0.00000517        0.00000159        0.00000174        0.00000176 
        0.00000752        0.00000752        0.00000794        0.00000243        0.00000266        0.00000270 
        0.00001147        0.00001147        0.00001211        0.00000370        0.00000405        0.00000412 
        0.00001738        0.00001739        0.00001838        0.00000559        0.00000614        0.00000624 
        0.00002620        0.00002620        0.00002772        0.00000841        0.00000924        0.00000940 
        0.00003925        0.00003926        0.00004157        0.00001258        0.00001383        0.00001407 
        0.00005845        0.00005847        0.00006195        0.00001869        0.00002058        0.00002094 
        0.00008654        0.00008656        0.00009180        0.00002762        0.00003043        0.00003098 
        0.00012737        0.00012740        0.00013521        0.00004056        0.00004473        0.00004555 
        0.00018635        0.00018640        0.00019799        0.00005922        0.00006537        0.00006659 
        0.00027104        0.00027112        0.00028822        0.00008595        0.00009496        0.00009676 
        0.00039190        0.00039203        0.00041711        0.00012401        0.00013714        0.00013978 
        0.00056333        0.00056353        0.00060009        0.00017787        0.00019687        0.00020073 
        0.00080500        0.00080530        0.00085829        0.00025361        0.00028095        0.00028656 
        0.00114361        0.00114406        0.00122041        0.00035949        0.00039859        0.00040668 
        0.00161515        0.00161583        0.00172521        0.00050656        0.00056215        0.00057377 
        0.00226780        0.00226882        0.00242459        0.00070961        0.00078818        0.00080475 
        0.00316561        0.00316714        0.00338768        0.00098824        0.00109861        0.00112210 
        0.00439315        0.00439543        0.00470584        0.00136821        0.00152234        0.00155545 
        0.00606130        0.00606466        0.00649904        0.00188321        0.00209716        0.00214356 
        0.00831438        0.00831932        0.00892362        0.00257696        0.00287216        0.00293681 
        0.01133897        0.01134618        0.01218201        0.00350577        0.00391065        0.00400019 
        0.01537454        0.01538502        0.01653437        0.00474165        0.00529366        0.00541693 
        0.02072625        0.02074139        0.02231270        0.00637605        0.00712417        0.00729290 
        0.02778019        0.02780191        0.02993767        0.00852425        0.00953209        0.00976170 
        0.03702124        0.03705227        0.03993843        0.01133049        0.01268015        0.01299076 
        0.04905399        0.04909803        0.05297577        0.01497391        0.01677056        0.01718828 
        0.06462664        0.06468881        0.06986874        0.01967535        0.02205279        0.02261130 
        0.08465826        0.08474553        0.09162509        0.02570497        0.02883226        0.02957462 
        0.11026928        0.11039108        0.11947551        0.03339076        0.03747996        0.03846093 
        0.14281520        0.14298427        0.15491134        0.04312783        0.04844308        0.04973177 
        0.18392327        0.18415658        0.19972610        0.05538839        0.06225630        0.06393936 
        0.23553169        0.23585182        0.25605997        0.07073239        0.07955389        0.08173919 
        0.29993051        0.30036733        0.32644635        0.08981833        0.10108199        0.10390283 
        0.37980384        0.38039663        0.41386032        0.11341431        0.12771106        0.13133106 
        0.47827175        0.47907162        0.52176684        0.14240877        0.16044797        0.16506644 
        0.59893054        0.60000378        0.65416801        0.17782046        0.20044722        0.20630524 
        0.74588966        0.74732172        0.81564659        0.22080740        0.24902071        0.25640768 
        0.92380399        0.92570406        1.01140440        0.27267405        0.30764550        0.31690618 
        1.13789785        1.14040482        1.24729300        0.33487612        0.37796879        0.38951090 
        1.39398062        1.39726996        1.52983391        0.40902260        0.46180946        0.47611123 
        1.69844890        1.70274055        1.86622453        0.49687421        0.56115520        0.57877332 
        2.05827522        2.06384397        2.26433015        0.60033768        0.67815489        0.69973189 
        2.48097992        2.48816586        2.73265529        0.72145551        0.81510538        0.84137708 
        2.97458386        2.98380518        3.28029370        0.86239028        0.97443205        1.00623333 
        3.54754114        3.55930877        3.91685677        1.02540326        1.15866196        1.19693303 
        4.20864820        4.22358274        4.65237474        1.21282923        1.37039292        1.41618121 
        4.96693516        4.98578501        5.49717283        1.42704225        1.61225200        1.66671526 
        5.83153009        5.85519171        6.46172190        1.67041910        1.88685083        1.95125461 
        6.81150484        6.84104395        7.55646467        1.94529688        2.19673347        2.27244854 
        7.91570377        7.95237875        8.79161549        2.25392485        2.54432106        2.63281345 
        9.15255165        9.19783878       10.17694283        2.59841466        2.93184853        3.03467083 
       10.52985668       10.58547688       11.72154045        2.98069048        3.36130571        3.48007917 
       12.05460072       12.12253952       13.43357563        3.40243340        3.83437324        3.97077012 
       13.73273373       13.81526947       15.32004738        3.86503077        4.35236073        4.50807667 
       15.56895638       15.66869259       17.38654327        4.36952639        4.91614962        5.09287930 
       17.56655693       17.68642426       19.63699913        4.91657877        5.52614403        5.72554255 
       19.72721291       19.87050629       22.07349777        5.50642014        6.18222427        6.40587378 
       22.05084991       22.22123718       24.69606972        6.13882780        6.88371849        7.13308716 
       24.53553391       24.73706436       27.50255013        6.81309843        7.62937546        7.90577745 
       27.17739868       27.41448975       30.48846626        7.52804518        8.41736412        8.72191238 
       29.97058868       30.24804688       33.64697647        8.28199005        9.24527550        9.57883739 
       32.90728760       33.23027802       36.96887970        9.07278633       10.11014748       10.47330570 
       35.97777557       36.35179901       40.44262314        9.89782524       11.00850010       11.40151596 
       39.17053604       39.60138702       44.05444717       10.75409317       11.93638802       12.35915089 
       42.47237778       42.96611786       47.78852844       11.63820267       12.88946629       13.34148121 
       45.86869812       46.43155670       51.62719727       12.54644585       13.86306381       14.34341335 
       49.34360886       49.98195648       55.55120087       13.47487831       14.85227013       15.35961342 
       52.88030243       53.60052109       59.54000473       14.41936016       15.85203266       16.38458633 
       56.46128082       57.26969147       63.57213593       15.37564754       16.85724068       17.41279221 
       60.06863785       60.97142410       67.62549591       16.33946228       17.86283684       18.43876076 
       63.68444061       64.68746185       71.67784119       17.30656242       18.86390686       19.45717621 
       67.29093170       68.39968872       75.70701599       18.27281380       19.85575867       20.46300888 
       70.87092590       72.09033966       79.69147491       19.23426056       20.83401680       21.45158005 
       74.40798950       75.74237823       83.61047363       20.18717575       21.79470253       22.41864967 
       77.88674164       79.33960724       87.44456482       21.12811661       22.73426437       23.36049843 
       81.29302216       82.86698914       91.17565918       22.05396271       23.64965439       24.27395821 
       84.61411285       86.31078339       94.78749847       22.96195030       24.53832436       25.15645790 
       87.83882141       89.65866852       98.26568604       23.84969330       25.39828491       26.00605011 
       90.95756531       92.89987183      101.59789276       24.71518135       26.22807503       26.82139206 
       93.96243286       96.02525330      104.77394867       25.55680656       27.02674675       27.60174942 
       96.84722137       99.02720642      107.78583527       26.37332726       27.79386711       28.34695625 
       99.60729218      101.89981079      110.62774658       27.16386223       28.52945709       29.05737877 
      102.23962402      104.63867188      113.29592896       27.92787743       29.23396301       29.73386192 
      104.74262238      107.24086761      115.78868866       28.66513443       29.90818405       30.37765121 
      107.11599731      109.70484924      118.10620880       29.37568474       30.55323792       30.99035645 
      109.36068726      112.03033447      120.25032806       30.05981636       31.17049217       31.57385254 
      111.47866058      114.21817017      122.22444153       30.71801186       31.76149178       32.13022232 
      113.47274780      116.27020264      124.03331757       31.35093498       32.32793045       32.66167831 
      115.34645844      118.18907166      125.68278503       31.95937729       32.87155533       33.17049026 
      117.10391998      119.97820282      127.17960358       32.54423904       33.39416504       33.65895081 
      118.74955750      121.64151764      128.53125000       33.10645676       33.89750671       34.12929916 
      120.28817749      123.18344116      129.74574280       33.64704514       34.38330078       34.58365250 
      121.72462463      124.60865021      130.83142090       34.16701508       34.85313797       35.02400589 
      123.06384277      125.92211151      131.79679871       34.66736984       35.30854034       35.45220184 
      124.31069183      127.12891388      132.65043640       35.14910507       35.75084686       35.86986542 
      125.46987915      128.23413086      133.40071106       35.61316681       36.18128204       36.27842712 
      126.54594421      129.24288940      134.05596924       36.06045914       36.60089493       36.67910385 
      127.54320526      130.16018677      134.62409973       36.49183655       37.01060486       37.07288361 
      128.46568298      130.99092102      135.11268616       36.90808105       37.41114044       37.46057892 
      129.31715393      131.73982239      135.52890015       37.30992889       37.80310822       37.84278107 
      130.10110474      132.41152954      135.87951660       37.69805527       38.18697739       38.21989822 
      130.82066345      133.01036072      136.17077637       38.07304764       38.56308365       38.59218216 
      131.47886658      133.54055786      136.40844727       38.43547058       38.93166733       38.95974350 
      132.07830811      134.00604248      136.59785461       38.78579330       39.29284668       39.32254791 
      132.62153625      134.41062927      136.74377441       39.12447739       39.64666748       39.68045807 
      133.11074829      134.75788879      136.85060120       39.45188141       39.99311829       40.03326035 
      133.54798889      135.05117798      136.92231750       39.76835251       40.33211899       40.38067245 
      133.93521118      135.29367065      136.96246338       40.07420349       40.66354370       40.72234344 
      134.27418518      135.48835754      136.97413635       40.36967850       40.98723984       41.05791473 
      134.56658936      135.63806152      136.96018982       40.65502167       41.30302811       41.38699722 
      134.81393433      135.74548340      136.92308044       40.93041992       41.61074066       41.70919037 
      135.01779175      135.81301880      136.86497498       41.19604874       41.91016769       42.02410507 
      135.17959595      135.84312439      136.78776550       41.45207596       42.20113373       42.33135986 
      135.30067444      135.83790588      136.69314575       41.69862366       42.48344421       42.63060760 
      135.38247681      135.79939270      136.58251953       41.93581772       42.75694275       42.92150497 
      135.42622375      135.72956848      136.45716858       42.16377258       43.02146530       43.20375824 
      135.43330383      135.63023376      136.31817627       42.38257217       43.27689362       43.47710037 
      135.40498352      135.50305176      136.16641235       42.59233475       43.52309418       43.74129486 
      135.34251404      135.34959412      136.00262451       42.79310989       43.75999451       43.99613190 
      135.24720764      135.17134094      135.82754517       42.98501205       43.98750305       44.24146271 
      135.12030029      134.96968079      135.64172363       43.16810608       44.20557404       44.47717285 
      134.96298218      134.74591064      135.44558716       43.34246826       44.41417694       44.70312881 
      134.77648926      134.50115967      135.23953247       43.50819397       44.61328506       44.91928864 
      134.56210327      134.23661804      135.02392578       43.66532898       44.80293274       45.12558746 
      134.32099915      133.95327759      134.79898071       43.81399155       44.98311615       45.32204819 
      134.05429077      133.65213013      134.56489563       43.95423889       45.15389633       45.50864792 
      133.76316833      133.33407593      134.32189941       44.08617401       45.31532288       45.68546295 
      133.44877625      132.99998474      134.07014465       44.20986557       45.46746826       45.85251617 
      133.11221313      132.65063477      133.80972290       44.32543945       45.61040115       46.00988388 
      132.75451660      132.28678894      133.54075623       44.43296051       45.74423599       46.15765762 
      132.37675476      131.90910339      133.26327515       44.53253555       45.86904907       46.29595184 
      131.97999573      131.51829529      132.97743225       44.62426758       45.98497391       46.42486191 
      131.56517029      131.11491394      132.68324280       44.70825195       46.09213638       46.54451752 
      131.13323975      130.69958496      132.38079834       44.78461075       46.19062805       46.65505981 
      130.68511963      130.27281189      132.07011414       44.85344315       46.28061676       46.75661469 
      130.22171021      129.83518982      131.75126648       44.91486740       46.36220932       46.84932327 
      129.74388123      129.38713074      131.42434692       44.96899033       46.43556213       46.93335724 
      129.25241089      128.92910767      131.08938599       45.01594162       46.50082397       47.00885391 
      128.74807739      128.46160889      130.74645996       45.05582428       46.55812836       47.07596588 
      128.23165894      127.98499298      130.39562988       45.08877182       46.60761642       47.13488007 
      127.70387268      127.49974060      130.03695679       45.11491394       46.64945984       47.18572617 
      127.16537476      127.00616455      129.67060852       45.13435364       46.68379211       47.22867966 
      126.61685181      126.50468445      129.29656982       45.14722824       46.71076584       47.26390457 
      126.05886841      125.99565125      128.91499329       45.15365601       46.73053741       47.29155731 
      125.49208069      125.47939301      128.52595520       45.15378189       46.74325943       47.31181717 
      124.91701508      124.95622253      128.12959290       45.14770508       46.74907684       47.32483673 
      124.33419037      124.42644501      127.72592163       45.13558197       46.74814987       47.33076477 
      123.74417114      123.89041901      127.31516266       45.11751556       46.74063110       47.32978821 
      123.14738464      123.34838867      126.89735413       45.09365082       46.72665024       47.32205963 
      122.54432678      122.80066681      126.47269440       45.06411743       46.70637512       47.30772018 
      121.93542480      122.24752045      126.04125977       45.02904510       46.67996597       47.28694153 
      121.32109833      121.68919373      125.60316467       44.98854065       46.64754105       47.25988388 
      120.70169830      121.12596130      125.15860748       44.94276047       46.60927200       47.22668839 
      120.07763672      120.55805969      124.70764160       44.89180756       46.56528473       47.18753052 
      119.44928741      119.98573303      124.25046539       44.83580780       46.51573944       47.14254379 
      118.81692505      119.40922546      123.78718567       44.77491379       46.46075821       47.09188461 
      118.18090057      118.82872772      123.31794739       44.70924759       46.40050888       47.03570175 
      117.54154968      118.24449158      122.84290314       44.63890457       46.33511353       46.97414398 
      116.89910126      117.65670776      122.36218262       44.56402206       46.26472473       46.90735245 
      116.25388336      117.06557465      121.87595367       44.48474121       46.18945694       46.83545685 
      115.60612488      116.47130585      121.38433838       44.40115356       46.10945892       46.75862885 
      114.95607758      115.87406158      120.88748932       44.31339264       46.02485275       46.67697144 
      114.30397797      115.27407074      120.38554382       44.22157288       45.93578339       46.59064484 
      113.65005493      114.67147827      119.87864685       44.12580872       45.84237289       46.49977875 
      112.99452209      114.06646729      119.36699677       44.02621460       45.74473953       46.40449905 
      112.33757782      113.45921326      118.85065460       43.92290497       45.64301682       46.30494308 
      111.67942047      112.84987640      118.32984161       43.81597900       45.53732300       46.20122147 
      111.02023315      112.23860168      117.80467224       43.70555496       45.42777634       46.09346771 
      110.36020660      111.62553406      117.27530670       43.59173965       45.31449127       45.98180008 
      109.69949341      111.01087189      116.74192047       43.47462463       45.19758224       45.86635590 
      109.03823090      110.39470673      116.20461273       43.35431671       45.07716370       45.74722672 
      108.37661743      109.77721405      115.66354370       43.23091507       44.95333862       45.62453461 
      107.71480560      109.15850067      115.11888885       43.10452652       44.82622147       45.49840546 
      107.05289459      108.53871918      114.57078552       42.97523117       44.69591904       45.36892700 
      106.39104462      107.91799927      114.01936340       42.84311676       44.56251907       45.23620987 
      105.72938538      107.29646301      113.46479034       42.70829010       44.42612839       45.10036087 
      105.06803131      106.67421722      112.90720367       42.57083130       44.28684998       44.96149445 
      104.40709686      106.05139160      112.34672546       42.43081665       44.14476776       44.81969070 
      103.74673462      105.42810059      111.78354645       42.28835297       43.99998856       44.67505646 
      103.08699036      104.80442047      111.21778107       42.14350510       43.85258484       44.52767944 
      102.42802429      104.18054962      110.64956665       41.99635315       43.70266342       44.37765121 
      101.76990509      103.55649567      110.07904816       41.84699631       43.55028915       44.22506714 
      101.11276245      102.93241119      109.50635529       41.69547653       43.39557266       44.07002258 
      100.45663452      102.30837250      108.93161774       41.54189682       43.23857117       43.91259003 
       99.80165100      101.68450165      108.35498047       41.38632965       43.07938004       43.75285721 
       99.14789581      101.06087494      107.77656555       41.22884369       42.91807938       43.59090424 
       98.49541473      100.43758392      107.19649506       41.06949997       42.75473785       43.42682648 
       97.84432983       99.81473541      106.61490631       40.90838242       42.58943558       43.26068115 
       97.19467926       99.19239044      106.03189850       40.74554443       42.42225266       43.09257126 
       96.54656219       98.57064819      105.44763947       40.58105850       42.25323486       42.92253876 
       95.90005493       97.94959259      104.86219788       40.41499329       42.08248901       42.75068665 
       95.25520325       97.32929230      104.27572632       40.24742508       41.91006470       42.57706833 
       94.61206055       96.70980835      103.68828583       40.07837677       41.73604202       42.40175629 
       93.97072601       96.09123230      103.10005188       39.90795135       41.56046677       42.22483826 
       93.33122253       95.47365570      102.51106262       39.73619843       41.38341904       42.04635239 
       92.69361115       94.85713959      101.92148590       39.56316376       41.20495987       41.86639023 
       92.05797577       94.24171448      101.33135986       39.38891602       41.02515030       41.68500137 
       91.42434692       93.62748718      100.74083710       39.21349716       40.84404373       41.50225067 
       90.79275513       93.01452637      100.14999390       39.03698730       40.66171646       41.31821060 
       90.16329193       92.40288544       99.55892944       38.85941315       40.47821808       41.13293076 
       89.53597260       91.79261017       98.96773529       38.68084335       40.29360199       40.94646835 
       88.91085052       91.18377686       98.37649536       38.50133514       40.10792923       40.75889206 
       88.28797913       90.57643127       97.78530121       38.32091904       39.92124939       40.57024384 
       87.66737366       89.97064209       97.19425201       38.13965225       39.73361969       40.38059235 
       87.04909515       89.36644745       96.60340881       37.95758820       39.54508591       40.18998337 
       86.43318176       88.76390839       96.01289368       37.77478027       39.35570908       39.99847031 
       85.81963348       88.16306305       95.42273712       37.59125900       39.16553116       39.80611038 
       85.20854187       87.56399536       94.83306122       37.40707397       38.97459793       39.61293793 
       84.59989166       86.96670532       94.24389648       37.22225571       38.78295135       39.41902161 
       83.99374390       86.37126160       93.65534973       37.03686905       38.59066010       39.22439194 
       83.39012146       85.77772522       93.06748199       36.85095596       38.39775085       39.02911758 
       82.78905487       85.18611908       92.48038483       36.66454315       38.20426559       38.83321762 
       82.19055939       84.59648895       91.89409637       36.47766876       38.01026535       38.63676071 
       81.59467316       84.00888062       91.30870056       36.29037476       37.81576157       38.43976212 
       81.00139618       83.42330933       90.72426605       36.10270309       37.62082672       38.24229050 
       80.41078186       82.83984375       90.14083862       35.91468811       37.42547989       38.04436874 
       79.82288361       82.25852203       89.55851746       35.72636032       37.22977448       37.84605408 
       79.23764038       81.67935181       88.97732544       35.53775787       37.03374100       37.64737701 
       78.65513611       81.10238647       88.39733887       35.34892273       36.83740234       37.44836044 
       78.07539368       80.52762604       87.81860352       35.15987778       36.64080429       37.24906158 
       77.49839783       79.95513153       87.24119568       34.97066116       36.44400406       37.04951096 
       76.92416382       79.38494110       86.66515350       34.78129578       36.24700546       36.84974670 
       76.35275269       78.81707001       86.09054565       34.59181595       36.04984283       36.64979553 
       75.78413391       78.25154114       85.51739502       34.40225983       35.85256195       36.44969177 
       75.21834564       77.68839264       84.94576263       34.21264267       35.65519714       36.24947357 
       74.65540314       77.12764740       84.37571716       34.02300262       35.45776367       36.04916763 
       74.09531403       76.56933594       83.80730438       33.83336639       35.26030731       35.84881592 
       73.53809357       76.01345825       83.24053192       33.64376068       35.06283951       35.64842606 
       72.98374939       75.46006775       82.67546844       33.45420456       34.86540222       35.44805145 
       72.43231201       74.90917969       82.11215210       33.26472855       34.66802216       35.24770737 
       71.88375092       74.36079407       81.55065155       33.07535934       34.47071838       35.04742050 
       71.33812714       73.81493378       80.99097443       32.88611603       34.27352905       34.84722519 
       70.79540253       73.27165222       80.43318176       32.69702530       34.07646179       34.64715195 
       70.25562286       72.73092651       79.87728119       32.50811005       33.87956238       34.44720840 
       69.71878815       72.19280243       79.32334137       32.31938934       33.68283463       34.24744034 
       69.18488312       71.65727997       78.77137756       32.13089752       33.48631287       34.04785156 
       68.65391541       71.12438965       78.22143555       31.94263458       33.29001617       33.84849167 
       68.12591553       70.59412384       77.67354584       31.75462914       33.09396744       33.64935684 
       67.60089111       70.06652069       77.12773132       31.56690788       32.89819336       33.45048141 
       67.07881927       69.54157257       76.58403015       31.37948990       32.70270538       33.25189209 
       66.55972290       69.01931000       76.04246521       31.19238472       32.50753021       33.05359268 
       66.04360199       68.49974060       75.50308990       31.00561714       32.31268311       32.85562515 
       65.53046417       67.98285675       74.96588135       30.81920242       32.11819077       32.65799713 
       65.02029419       67.46868896       74.43092346       30.63315201       31.92407227       32.46072388 
       64.51310730       66.95724487       73.89819336       30.44749641       31.73033333       32.26383972 
       64.00890350       66.44853973       73.36774445       30.26223755       31.53700447       32.06735229 
       63.50769424       65.94256592       72.83960724       30.07740021       31.34409332       31.87128448 
       63.00945663       65.43933868       72.31378937       29.89299774       31.15162659       31.67564392 
       62.51421738       64.93887329       71.79027557       29.70903969       30.95960617       31.48045731 
       62.02195358       64.44114685       71.26915741       29.52554893       30.76805687       31.28573418 
       61.53268433       63.94620514       70.75039673       29.34253502       30.57699776       31.09149361 
       61.04638672       63.45402908       70.23407745       29.16001129       30.38643456       30.89775085 
       60.56307220       62.96463394       69.72013855       28.97798920       30.19638443       30.70452309 
       60.08274460       62.47802353       69.20865631       28.79648399       30.00686646       30.51181602 
       59.60538101       61.99420166       68.69963074       28.61550713       29.81788635       30.31965446 
       59.13101196       61.51316452       68.19306183       28.43506622       29.62945938       30.12804604 
       58.65959930       61.03491974       67.68898010       28.25517845       29.44160080       29.93700218 
       58.19115448       60.55947113       67.18737793       28.07585335       29.25431633       29.74654007 
       57.72567368       60.08681870       66.68830109       27.89710426       29.06763077       29.55667305 
       57.26315689       59.61695862       66.19174957       27.71893501       28.88153839       29.36740303 
       56.80359650       59.14990234       65.69773102       27.54136467       28.69606018       29.17875290 
       56.34698105       58.68563843       65.20625305       27.36439323       28.51120567       28.99072647 
       55.89330673       58.22417450       64.71734619       27.18803978       28.32697868       28.80333710 
       55.44257736       57.76550674       64.23099518       27.01230049       28.14339638       28.61659241 
       54.99477768       57.30964661       63.74722672       26.83719826       27.96047211       28.43050575 
       54.54991150       56.85657501       63.26603699       26.66272736       27.77820396       28.24508667 
       54.10796356       56.40630722       62.78744125       26.48890877       27.59660721       28.06034470 
       53.66893387       55.95881653       62.31145096       26.31573868       27.41568756       27.87628174 
       53.23281479       55.51414490       61.83805847       26.14323807       27.23546028       27.69291306 
       52.79959488       55.07223892       61.36727905       25.97140312       27.05592537       27.51025200 
       52.36926270       54.63311005       60.89912415       25.80024719       26.87709236       27.32829475 
       51.94182205       54.19677353       60.43359375       25.62977409       26.69896507       27.14705467 
       51.51726913       53.76322174       59.97068787       25.45999527       26.52155685       26.96654129 
       51.09557343       53.33243561       59.51041794       25.29090309       26.34486961       26.78676224 
       50.67674637       52.90442657       59.05278778       25.12251282       26.16891289       26.60771370 
       50.26076889       52.47918320       58.59779358       24.95483398       25.99369431       26.42941284 
       49.84764099       52.05669022       58.14544296       24.78786278       25.81921959       26.25185966 
       49.43734741       51.63695908       57.69573593       24.62161064       25.64548683       26.07506752 
       49.02987671       51.21996689       57.24867249       24.45607948       25.47251129       25.89903259 
       48.62522888       50.80573273       56.80426025       24.29127502       25.30028915       25.72377205 
       48.22338867       50.39422607       56.36248779       24.12720490       25.12883377       25.54928398 
       47.82434464       49.98545074       55.92337799       23.96387482       24.95814323       25.37557220 
       47.42808914       49.57940292       55.48689651       23.80127716       24.78822517       25.20264244 
       47.03461456       49.17607117       55.05308151       23.63942909       24.61908531       25.03049850 
       46.64390945       48.77544403       54.62189865       23.47832680       24.45072365       24.85914612 
       46.25594330       48.37753296       54.19336700       23.31796837       24.28314781       24.68859482 
       45.87074661       47.98231888       53.76748657       23.15836906       24.11635971       24.51883888 
       45.48827362       47.58978653       53.34424210       22.99952698       23.95035934       24.34988403 
       45.10853577       47.19993210       52.92364120       22.84144783       23.78515625       24.18173981 
       44.73150253       46.81274796       52.50568008       22.68413162       23.62075043       24.01440239 
       44.35718536       46.42822266       52.09033966       22.52757835       23.45714378       23.84787750 
       43.98554993       46.04635620       51.67764282       22.37179184       23.29434013       23.68216896 
       43.61661148       45.66713715       51.26756668       22.21677399       23.13234520       23.51727676 
       43.25033569       45.29055405       50.86011887       22.06253242       22.97115517       23.35320473 
       42.88672256       44.91658783       50.45528793       21.90905762       22.81077385       23.18995476 
       42.52574539       44.54525757       50.05305862       21.75636482       22.65120506       23.02753448 
       42.16741943       44.17651367       49.65345001       21.60444832       22.49245453       22.86593437 
       41.81171036       43.81039047       49.25645065       21.45331001       22.33451653       22.70516586 
       41.45860672       43.44684219       48.86204147       21.30295372       22.17738724       22.54522896 
       41.10811234       43.08587646       48.47021866       21.15337753       22.02108002       22.38611984 
       40.76019287       42.72748566       48.08099365       21.00458336       21.86559486       22.22784615 
       40.41485596       42.37165451       47.69434357       20.85656738       21.71092606       22.07040787 
       40.07207489       42.01836395       47.31027222       20.70934296       21.55707932       21.91380119 
       39.73185349       41.66761780       46.92877197       20.56290054       21.40406036       21.75803375 
       39.39416504       41.31941605       46.54981995       20.41724396       21.25185776       21.60309792 
       39.05900955       40.97371292       46.17343140       20.27236938       21.10048103       21.44900131 
       38.72636414       40.63052368       45.79958725       20.12828064       20.94992638       21.29574394 
       38.39621735       40.28982162       45.42827606       19.98497963       20.80019188       21.14332008 
       38.06855392       39.95161438       45.05950546       19.84246635       20.65128517       20.99173927 
       37.74337769       39.61587906       44.69325256       19.70073509       20.50319862       20.84099770 
       37.42065430       39.28260803       44.32952118       19.55979156       20.35593796       20.69108963 
       37.10037994       38.95178223       43.96828842       19.41963577       20.20950127       20.54202271 
       36.78255081       38.62339401       43.60955429       19.28026390       20.06388474       20.39379120 
       36.46714020       38.29743958       43.25331497       19.14167786       19.91909027       20.24639893 
       36.15414047       37.97389984       42.89955139       19.00387383       19.77512169       20.09984589 
       35.84354019       37.65276337       42.54827118       18.86685181       19.63197517       19.95412636 
       35.53532410       37.33402252       42.19943619       18.73061371       19.48964882       19.80924606 
       35.22947693       37.01765823       41.85305786       18.59516144       19.34814644       19.66519737 
       34.92598724       36.70367813       41.50912857       18.46048737       19.20745850       19.52198219 
       34.62484360       36.39204788       41.16762924       18.32659531       19.06758690       19.37960052 
       34.32602692       36.08275986       40.82855988       18.19348145       18.92853737       19.23805237 
       34.02954102       35.77580643       40.49190521       18.06114388       18.79030037       19.09733582 
       33.73535538       35.47118378       40.15764618       17.92958450       18.65288353       18.95744514 
       33.44346237       35.16885757       39.82579422       17.79879951       18.51627350       18.81838417 
       33.15385056       34.86883926       39.49631882       17.66878700       18.38047600       18.68015671 
       32.86650085       34.57109451       39.16922760       17.53955078       18.24549103       18.54274750 
       32.58140182       34.27563477       38.84449005       17.41108322       18.11130905       18.40616417 
       32.29854584       33.98243332       38.52210999       17.28338623       17.97794342       18.27040482 
       32.01791763       33.69148254       38.20207214       17.15645790       17.84537888       18.13546562 
       31.73950195       33.40275955       37.88436508       17.03029442       17.71361923       18.00134468 
       31.46328354       33.11626434       37.56898499       16.90489578       17.58265877       17.86804008 
       31.18925476       32.83197784       37.25590897       16.78025818       17.45249748       17.73555183 
       30.91739655       32.54990005       36.94513702       16.65638351       17.32313728       17.60387802 
       30.64770508       32.27000046       36.63665771       16.53326797       17.19457245       17.47301674 
       30.38014984       31.99227333       36.33045197       16.41090584       17.06680489       17.34296036 
       30.11473083       31.71671295       36.02651215       16.28930092       16.93982697       17.21371460 
       29.85143471       31.44330025       35.72483444       16.16845131       16.81363869       17.08527374 
       29.59024429       31.17201996       35.42539597       16.04834938       16.68823814       16.95763206 
       29.33114815       30.90286827       35.12818527       15.92899513       16.56362152       16.83079338 
       29.07413292       30.63582420       34.83319855       15.81038952       16.43978500       16.70474625 
       28.81918335       30.37087822       34.54042435       15.69252586       16.31673431       16.57950211 
       28.56628990       30.10802078       34.24985123       15.57540607       16.19445992       16.45504951 
       28.31543350       29.84723473       33.96145630       15.45902348       16.07296181       16.33138466 
       28.06660461       29.58850861       33.67524338       15.34337997       15.95223808       16.20850754 
       27.81979561       29.33183861       33.39119720       15.22846889       15.83228111       16.08642006 
       27.57498550       29.07719612       33.10930252       15.11429024       15.71309662       15.96511364 
       27.33216095       28.82458305       32.82954025       15.00084209       15.59467411       15.84458637 
       27.09132004       28.57397842       32.55191803       14.88812065       15.47701454       15.72483635 
       26.85242653       28.32537460       32.27640915       14.77612305       15.36011696       15.60586262 
       26.61549377       28.07875252       32.00300217       14.66484642       15.24397469       15.48765850 
       26.38048935       27.83410454       31.73168945       14.55428886       15.12858772       15.37022495 
       26.14741135       27.59141541       31.46246338       14.44444847       15.01395130       15.25355530 
       25.91624641       27.35067749       31.19530296       14.33531952       14.90006256       15.13764954 
       25.68697739       27.11187363       30.93020439       14.22690105       14.78692150       15.02250385 
       25.45959282       26.87499428       30.66714859       14.11919308       14.67452240       14.90811634 
       25.23408127       26.64002609       30.40612602       14.01218987       14.56286430       14.79448414 
       25.01042938       26.40695381       30.14712715       13.90589142       14.45194149       14.68160152 
       24.78862572       26.17576981       29.89013863       13.80029297       14.34175396       14.56946754 
       24.56865311       25.94645691       29.63515091       13.69538975       14.23229599       14.45808029 
       24.35050392       25.71900940       29.38214684       13.59117985       14.12356758       14.34743309 
       24.13416100       25.49340630       29.13112450       13.48766041       14.01556301       14.23752594 
       23.91961288       25.26964378       28.88206100       13.38482952       13.90828037       14.12835312 
       23.70685196       25.04770660       28.63494682       13.28268433       13.80171490       14.01991558 
       23.49585915       24.82757378       28.38977051       13.18122196       13.69586658       13.91220474 
       23.28662491       24.60925102       28.14652443       13.08043957       13.59073257       13.80522060 
       23.07913971       24.39271164       27.90519333       12.98033237       13.48630619       13.69896126 
       22.87338448       24.17794609       27.66576576       12.88089752       13.38258553       13.59341908 
       22.66935539       23.96494675       27.42822456       12.78213501       13.27956963       13.48859692 
       22.46702957       23.75369644       27.19256783       12.68403625       13.17725086       13.38448429 
       22.26640320       23.54418755       26.95878410       12.58660603       13.07562828       13.28108406 
       22.06746101       23.33640289       26.72684479       12.48983383       12.97469997       13.17838955 
       21.87019348       23.13034058       26.49675751       12.39372063       12.87445927       13.07639980 
       21.67458725       22.92597580       26.26850128       12.29826260       12.77490711       12.97510815 
       21.48062706       22.72330475       26.04206467       12.20345497       12.67603970       12.87451267 
       21.28830338       22.52231598       25.81743813       12.10929775       12.57785130       12.77461338 
       21.09760666       22.32299232       25.59460258       12.01578426       12.48033905       12.67540073 
       20.90851974       22.12532997       25.37355614       11.92291355       12.38349724       12.57687855 
       20.72103691       21.92930603       25.15428543       11.83068275       12.28732777       12.47903824 
       20.53514481       21.73491478       24.93677521       11.73908710       12.19182587       12.38187504 
       20.35082436       21.54215050       24.72101593       11.64812374       12.09698677       12.28539085 
       20.16807938       21.35099220       24.50699806       11.55779266       12.00280762       12.18957996 
       19.98687744       21.16143036       24.29470062       11.46808624       11.90928650       12.09443569 
       19.80722427       20.97345734       24.08412361       11.37900543       11.81641769       11.99995899 
       19.62910271       20.78706169       23.87524605       11.29054165       11.72419834       11.90614605 
       19.45249748       20.60222626       23.66806602       11.20269680       11.63262463       11.81298923 
       19.27740097       20.41894913       23.46256256       11.11546326       11.54169559       11.72049046 
       19.10380554       20.23721313       23.25873375       11.02884007       11.45140457       11.62864208 
       18.93169403       20.05700302       23.05655861       10.94282532       11.36175251       11.53744411 
       18.76105499       19.87831688       22.85603142       10.85741615       11.27273273       11.44689178 
       18.59188271       19.70113373       22.65714264       10.77260590       11.18434238       11.35697937 
       18.42416000       19.52545166       22.45987511       10.68839359       11.09657860       11.26770782 
       18.25787926       19.35125160       22.26422119       10.60477829       11.00943756       11.17907143 
       18.09302711       19.17852402       22.07017326       10.52175236       10.92291737       11.09106541 
       17.92960167       19.00726509       21.87770844       10.43931484       10.83701324       11.00368786 
       17.76758194       18.83745384       21.68683052       10.35746098       10.75172043       10.91693306 
       17.60695648       18.66909027       21.49751663       10.27619076       10.66703606       10.83080101 
       17.44771957       18.50215149       21.30975914       10.19549847       10.58295918       10.74528694 
       17.28985977       18.33663750       21.12355614       10.11538029       10.49948406       10.66038799 
       17.13336182       18.17253304       20.93888092       10.03583622       10.41661072       10.57609844 
       16.97822380       18.00982666       20.75573730        9.95685959       10.33433151       10.49241543 
       16.82442856       17.84851074       20.57409859        9.87844944       10.25264549       10.40933704 
       16.67196846       17.68857002       20.39396477        9.80060101       10.17154980       10.32685947 
       16.52083015       17.52999878       20.21532249        9.72331047       10.09103489       10.24497604 
       16.37100601       17.37278366       20.03816032        9.64657688       10.01110649       10.16368866 
       16.22248459       17.21691322       19.86247063        9.57039738        9.93175793       10.08299160 
       16.07525253       17.06238174       19.68824387        9.49476719        9.85298252       10.00288010 
       15.92930794       16.90917397       19.51546097        9.41968346        9.77478027        9.92335320 
       15.78463364       16.75728607       19.34412003        9.34514427        9.69714546        9.84440517 
       15.64122391       16.60670471       19.17420959        9.27114201        9.62007904        9.76603603 
       15.49906445       16.45741653       19.00571442        9.19767857        9.54357338        9.68823719 
       15.35814857       16.30941582       18.83863068        9.12474918        9.46762657        9.61100864 
       15.21846676       16.16269112       18.67294312        9.05235004        9.39223576        9.53434563 
       15.08000565       16.01722908       18.50863457        8.98047733        9.31739616        9.45824528 
       14.94275856       15.87302685       18.34571075        8.90913200        9.24310589        9.38270378 
       14.80671501       15.73006725       18.18414688        8.83830738        9.16936016        9.30771923 
       14.67186546       15.58834839       18.02394295        8.76799965        9.09615803        9.23328876 
       14.53819752       15.44785404       17.86508179        8.69820690        9.02349472        9.15940762 
       14.40570831       15.30857754       17.70756340        8.62892723        8.95136642        9.08607197 
       14.27437878       15.17050743       17.55136299        8.56015587        8.87977123        9.01327991 
       14.14420986       15.03363705       17.39648438        8.49188995        8.80870628        8.94102573 
       14.01518440       14.89795399       17.24291039        8.42412853        8.73816681        8.86930847 
       13.88729858       14.76345158       17.09063148        8.35686588        8.66814995        8.79812336 
       13.76054096       14.63011837       16.93964005        8.29009914        8.59865284        8.72746563 
       13.63490200       14.49794769       16.78992462        8.22382545        8.52967072        8.65733624 
       13.51037216       14.36692715       16.64147758        8.15804386        8.46120358        8.58772945 
       13.38694191       14.23704815       16.49428749        8.09274864        8.39324379        8.51864243 
       13.26460552       14.10830307       16.34834480        8.02793789        8.32579231        8.45007229 
       13.14335251       13.98068237       16.20363998        7.96360922        8.25884342        8.38201237 
       13.02317047       13.85417843       16.06015968        7.89975834        8.19239616        8.31446457 
       12.90405655       13.72877884       15.91790676        7.83638239        8.12644577        8.24742317 
       12.78599930       13.60447502       15.77685928        7.77347851        8.06098938        8.18088341 
       12.66898823       13.48125935       15.63701534        7.71104383        7.99602318        8.11484432 
       12.55301380       13.35912609       15.49836063        7.64907646        7.93154573        8.04930305 
       12.43807507       13.23806190       15.36088848        7.58757257        7.86755133        7.98425436 
       12.32415390       13.11805916       15.22458744        7.52652788        7.80403996        7.91969633 
       12.21125031       12.99911213       15.08945370        7.46594286        7.74100637        7.85562611 
       12.09935093       12.88120842       14.95547485        7.40581036        7.67844725        7.79203892 
       11.98844719       12.76434326       14.82263947        7.34612989        7.61636114        7.72893286 
       11.87853241       12.64850426       14.69093990        7.28689814        7.55474424        7.66630554 
       11.76959801       12.53368568       14.56037045        7.22811270        7.49359226        7.60415220 
       11.66163731       12.41987991       14.43091869        7.16976976        7.43290472        7.54247141 
       11.55463982       12.30707741       14.30257797        7.11186600        7.37267685        7.48125935 
       11.44859695       12.19527054       14.17533875        7.05439997        7.31290627        7.42051125 
       11.34350300       12.08444881       14.04919243        6.99736834        7.25358820        7.36022663 
       11.23934841       11.97460651       13.92412949        6.94076920        7.19472218        7.30040121 
       11.13612747       11.86573505       13.80014420        6.88459730        7.13630342        7.24103165 
       11.03383064       11.75782490       13.67722511        6.82885218        7.07833004        7.18211555 
       10.93245220       11.65087032       13.55536652        6.77352953        7.02079916        7.12364912 
       10.83197975       11.54486084       13.43455601        6.71862745        6.96370697        7.06563091 
       10.73241043       11.43979263       13.31478786        6.66414309        6.90705109        7.00805712 
       10.63373375       11.33565521       13.19605350        6.61007261        6.85082769        6.95092297 
       10.53594398       11.23244095       13.07834435        6.55641508        6.79503584        6.89422941 
       10.43903065       11.13014126       12.96165371        6.50316525        6.73967075        6.83796978 
       10.34299278       11.02875137       12.84597301        6.45032167        6.68473053        6.78214264 
       10.24781513       10.92826080       12.73129177        6.39788198        6.63021183        6.72674561 
       10.15349483       10.82866287       12.61760139        6.34584379        6.57611227        6.67177439 
       10.06002522       10.72995281       12.50489712        6.29420328        6.52242899        6.61722755 
        9.96739674       10.63211823       12.39317036        6.24295902        6.46915817        6.56310081 
        9.87560272       10.53515720       12.28241158        6.19210672        6.41629839        6.50939178 
        9.78463554       10.43905926       12.17261600        6.14164543        6.36384583        6.45609808 
        9.69449139       10.34381771       12.06377411        6.09157181        6.31179810        6.40321589 
        9.60515785       10.24942589       11.95587540        6.04188299        6.26015282        6.35074329 
        9.51663208       10.15587616       11.84891605        5.99257708        6.20890522        6.29867697 
        9.42890549       10.06315804       11.74288845        5.94365072        6.15805626        6.24701500 
        9.34197330        9.97127056       11.63778305        5.89510155        6.10759974        6.19575357 
        9.25582600        9.88020420       11.53359318        5.84692621        6.05753374        6.14489031 
        9.17045975        9.78995037       11.43031120        5.79912233        6.00785685        6.09442234 
        9.08586597        9.70050335       11.32793045        5.75168896        5.95856667        6.04434776 
