        0.00000000        0.00000000        0.00000000        0.00000000        0.00000000        0.00000000        0.00000000 
        0.00000000        0.00000000        0.00000000        0.00000000        0.00000000        0.00000000        0.00000000 
       -0.00000033       -0.00000067       -0.00000067       -0.00000060       -0.00000052       -0.00000052       -0.00000026 
       -0.00000071       -0.00000142       -0.00000144       -0.00000143       -0.00000138       -0.00000138       -0.00000069 
       -0.00000121       -0.00000243       -0.00000242       -0.00000236       -0.00000229       -0.00000229       -0.00000115 
       -0.00000174       -0.00000348       -0.00000342       -0.00000322       -0.00000306       -0.00000306       -0.00000153 
       -0.00000231       -0.00000462       -0.00000455       -0.00000421       -0.00000392       -0.00000392       -0.00000196 
       -0.00000296       -0.00000591       -0.00000579       -0.00000532       -0.00000494       -0.00000494       -0.00000247 
       -0.00000371       -0.00000737       -0.00000717       -0.00000658       -0.00000612       -0.00000612       -0.00000306 
       -0.00000456       -0.00000905       -0.00000878       -0.00000798       -0.00000734       -0.00000734       -0.00000367 
       -0.00000550       -0.00001090       -0.00001052       -0.00000951       -0.00000874       -0.00000874       -0.00000438 
       -0.00000655       -0.00001295       -0.00001246       -0.00001122       -0.00001026       -0.00001026       -0.00000514 
       -0.00000772       -0.00001525       -0.00001460       -0.00001312       -0.00001201       -0.00001202       -0.00000602 
       -0.00000902       -0.00001779       -0.00001703       -0.00001526       -0.00001392       -0.00001392       -0.00000697 
       -0.00001048       -0.00002065       -0.00001971       -0.00001763       -0.00001608       -0.00001608       -0.00000806 
       -0.00001210       -0.00002381       -0.00002268       -0.00002024       -0.00001844       -0.00001844       -0.00000924 
       -0.00001388       -0.00002730       -0.00002597       -0.00002316       -0.00002109       -0.00002110       -0.00001058 
       -0.00001586       -0.00003118       -0.00002963       -0.00002641       -0.00002405       -0.00002405       -0.00001206 
       -0.00001806       -0.00003549       -0.00003368       -0.00002999       -0.00002730       -0.00002731       -0.00001370 
       -0.00002050       -0.00004026       -0.00003817       -0.00003396       -0.00003090       -0.00003093       -0.00001552 
       -0.00002320       -0.00004554       -0.00004314       -0.00003837       -0.00003493       -0.00003495       -0.00001753 
       -0.00002618       -0.00005137       -0.00004863       -0.00004325       -0.00003937       -0.00003941       -0.00001978 
       -0.00002947       -0.00005783       -0.00005471       -0.00004863       -0.00004428       -0.00004434       -0.00002226 
       -0.00003312       -0.00006496       -0.00006143       -0.00005459       -0.00004971       -0.00004979       -0.00002500 
       -0.00003714       -0.00007282       -0.00006883       -0.00006117       -0.00005572       -0.00005581       -0.00002803 
       -0.00004158       -0.00008150       -0.00007701       -0.00006843       -0.00006236       -0.00006247       -0.00003138 
       -0.00004647       -0.00009108       -0.00008603       -0.00007645       -0.00006968       -0.00006982       -0.00003508 
       -0.00005186       -0.00010163       -0.00009597       -0.00008528       -0.00007774       -0.00007793       -0.00003916 
       -0.00005780       -0.00011325       -0.00010691       -0.00009500       -0.00008664       -0.00008686       -0.00004365 
       -0.00006433       -0.00012604       -0.00011896       -0.00010572       -0.00009644       -0.00009670       -0.00004861 
       -0.00007152       -0.00014011       -0.00013222       -0.00011751       -0.00010723       -0.00010754       -0.00005406 
       -0.00007943       -0.00015559       -0.00014680       -0.00013048       -0.00011910       -0.00011947       -0.00006007 
       -0.00008812       -0.00017260       -0.00016281       -0.00014473       -0.00013214       -0.00013258       -0.00006667 
       -0.00009767       -0.00019127       -0.00018040       -0.00016038       -0.00014647       -0.00014698       -0.00007392 
       -0.00010814       -0.00021178       -0.00019972       -0.00017757       -0.00016221       -0.00016280       -0.00008188 
       -0.00011964       -0.00023427       -0.00022091       -0.00019642       -0.00017949       -0.00018016       -0.00009062 
       -0.00013224       -0.00025894       -0.00024414       -0.00021710       -0.00019843       -0.00019921       -0.00010021 
       -0.00014606       -0.00028596       -0.00026959       -0.00023976       -0.00021920       -0.00022008       -0.00011072 
       -0.00016119       -0.00031556       -0.00029747       -0.00026457       -0.00024195       -0.00024295       -0.00012224 
       -0.00017775       -0.00034797       -0.00032799       -0.00029174       -0.00026686       -0.00026799       -0.00013485 
       -0.00019587       -0.00038342       -0.00036137       -0.00032147       -0.00029411       -0.00029539       -0.00014864 
       -0.00021568       -0.00042219       -0.00039787       -0.00035397       -0.00032392       -0.00032536       -0.00016373 
       -0.00023734       -0.00046455       -0.00043776       -0.00038949       -0.00035649       -0.00035812       -0.00018023 
       -0.00026099       -0.00051081       -0.00048132       -0.00042828       -0.00039208       -0.00039389       -0.00019824 
       -0.00028681       -0.00056132       -0.00052887       -0.00047063       -0.00043093       -0.00043296       -0.00021792 
       -0.00031498       -0.00061643       -0.00058075       -0.00051683       -0.00047332       -0.00047558       -0.00023938 
       -0.00034570       -0.00067651       -0.00063731       -0.00056720       -0.00051954       -0.00052207       -0.00026279 
       -0.00037917       -0.00074200       -0.00069894       -0.00062209       -0.00056992       -0.00057273       -0.00028831 
       -0.00041564       -0.00081332       -0.00076607       -0.00068188       -0.00062480       -0.00062792       -0.00031611 
       -0.00045534       -0.00089096       -0.00083915       -0.00074697       -0.00068455       -0.00068801       -0.00034638 
       -0.00049853       -0.00097544       -0.00091864       -0.00081778       -0.00074955       -0.00075340       -0.00037931 
       -0.00054551       -0.00106730       -0.00100508       -0.00089477       -0.00082025       -0.00082451       -0.00041513 
       -0.00059656       -0.00116713       -0.00109901       -0.00097845       -0.00089709       -0.00090180       -0.00045406 
       -0.00065201       -0.00127557       -0.00120103       -0.00106933       -0.00098055       -0.00098576       -0.00049636 
       -0.00071222       -0.00139329       -0.00131178       -0.00116799       -0.00107117       -0.00107692       -0.00054228 
       -0.00077754       -0.00152102       -0.00143193       -0.00127502       -0.00116950       -0.00117584       -0.00059212 
       -0.00084838       -0.00165952       -0.00156221       -0.00139109       -0.00127613       -0.00128312       -0.00064617 
       -0.00092516       -0.00180964       -0.00170340       -0.00151688       -0.00139171       -0.00139941       -0.00070476 
       -0.00100833       -0.00197224       -0.00185633       -0.00165313       -0.00151692       -0.00152540       -0.00076824 
       -0.00109838       -0.00214828       -0.00202187       -0.00180062       -0.00165248       -0.00166181       -0.00083698 
       -0.00119582       -0.00233875       -0.00220098       -0.00196021       -0.00179918       -0.00180943       -0.00091137 
       -0.00130119       -0.00254473       -0.00239465       -0.00213279       -0.00195783       -0.00196910       -0.00099182 
       -0.00141509       -0.00276736       -0.00260396       -0.00231930       -0.00212933       -0.00214169       -0.00107880 
       -0.00153813       -0.00300784       -0.00283004       -0.00252077       -0.00231460       -0.00232817       -0.00117278 
       -0.00167097       -0.00326748       -0.00307410       -0.00273828       -0.00251464       -0.00252952       -0.00127426 
       -0.00181431       -0.00354763       -0.00333744       -0.00297297       -0.00273053       -0.00274683       -0.00138379 
       -0.00196890       -0.00384975       -0.00362140       -0.00322606       -0.00296337       -0.00298123       -0.00150194 
       -0.00213554       -0.00417539       -0.00392745       -0.00349885       -0.00321438       -0.00323393       -0.00162931 
       -0.00231505       -0.00452618       -0.00425711       -0.00379270       -0.00348481       -0.00350620       -0.00176655 
       -0.00250833       -0.00490386       -0.00461201       -0.00410908       -0.00377601       -0.00379940       -0.00191436 
       -0.00271632       -0.00531027       -0.00499388       -0.00444951       -0.00408941       -0.00411497       -0.00207345 
       -0.00294001       -0.00574734       -0.00540454       -0.00481564       -0.00442652       -0.00445443       -0.00224458 
       -0.00318046       -0.00621713       -0.00584591       -0.00520917       -0.00478892       -0.00481939       -0.00242859 
       -0.00343879       -0.00672182       -0.00632003       -0.00563194       -0.00517832       -0.00521155       -0.00262632 
       -0.00371615       -0.00726369       -0.00682905       -0.00608587       -0.00559648       -0.00563272       -0.00283868 
       -0.00401380       -0.00784516       -0.00737524       -0.00657298       -0.00604530       -0.00608479       -0.00306663 
       -0.00433304       -0.00846879       -0.00796098       -0.00709541       -0.00652675       -0.00656977       -0.00331119 
       -0.00467525       -0.00913726       -0.00858881       -0.00765543       -0.00704294       -0.00708976       -0.00357342 
       -0.00504188       -0.00985340       -0.00926137       -0.00825540       -0.00759605       -0.00764701       -0.00385444 
       -0.00543445       -0.01062018       -0.00998145       -0.00889782       -0.00818843       -0.00824384       -0.00415545 
       -0.00585456       -0.01144073       -0.01075198       -0.00958533       -0.00882250       -0.00888272       -0.00447768 
       -0.00630391       -0.01231835       -0.01157605       -0.01032068       -0.00950083       -0.00956625       -0.00482244 
       -0.00678426       -0.01325648       -0.01245688       -0.01110677       -0.01022613       -0.01029716       -0.00519111 
       -0.00729746       -0.01425873       -0.01339788       -0.01194665       -0.01100121       -0.01107829       -0.00558514 
       -0.00784547       -0.01532890       -0.01440261       -0.01284351       -0.01182906       -0.01191266       -0.00600605 
       -0.00843031       -0.01647096       -0.01547477       -0.01380068       -0.01271277       -0.01280340       -0.00645541 
       -0.00905411       -0.01768908       -0.01661827       -0.01482167       -0.01365563       -0.01375381       -0.00693490 
       -0.00971911       -0.01898759       -0.01783719       -0.01591014       -0.01466102       -0.01476735       -0.00744625 
       -0.01042764       -0.02037104       -0.01913578       -0.01706991       -0.01573252       -0.01584761       -0.00799130 
       -0.01118212       -0.02184417       -0.02051850       -0.01830498       -0.01687387       -0.01699837       -0.00857195 
       -0.01198509       -0.02341193       -0.02198998       -0.01961952       -0.01808895       -0.01822356       -0.00919018 
       -0.01283920       -0.02507947       -0.02355506       -0.02101788       -0.01938184       -0.01952730       -0.00984809 
       -0.01374719       -0.02685217       -0.02521877       -0.02250459       -0.02075676       -0.02091387       -0.01054782 
       -0.01471195       -0.02873562       -0.02698636       -0.02408437       -0.02221813       -0.02238774       -0.01129164 
       -0.01573645       -0.03073562       -0.02886328       -0.02576215       -0.02377056       -0.02395355       -0.01208191 
       -0.01682378       -0.03285823       -0.03085521       -0.02754302       -0.02541882       -0.02561616       -0.01292106 
       -0.01797716       -0.03510972       -0.03296802       -0.02943229       -0.02716788       -0.02738058       -0.01381165 
       -0.01919993       -0.03749658       -0.03520780       -0.03143546       -0.02902290       -0.02925204       -0.01475631 
       -0.02049555       -0.04002557       -0.03758091       -0.03355823       -0.03098925       -0.03123597       -0.01575779 
       -0.02186758       -0.04270366       -0.04009386       -0.03580654       -0.03307248       -0.03333800       -0.01681893 
       -0.02332580       -0.04555140       -0.04277084       -0.03821324       -0.03530913       -0.03558774       -0.01795284 
       -0.02486793       -0.04856304       -0.04560161       -0.04075816       -0.03767474       -0.03796841       -0.01915326 
       -0.02649274       -0.05173449       -0.04857806       -0.04342414       -0.04014789       -0.04046379       -0.02041303 
       -0.02820960       -0.05508547       -0.05172291       -0.04624154       -0.04276238       -0.04310178       -0.02174479 
       -0.03002270       -0.05862428       -0.05504402       -0.04921747       -0.04552478       -0.04588927       -0.02315207 
       -0.03193641       -0.06235934       -0.05854937       -0.05235912       -0.04844192       -0.04883312       -0.02463837 
       -0.03395518       -0.06629939       -0.06224710       -0.05567393       -0.05152079       -0.05194044       -0.02620727 
       -0.03608360       -0.07045335       -0.06614561       -0.05916952       -0.05476861       -0.05521856       -0.02786249 
       -0.03832637       -0.07483043       -0.07025352       -0.06285373       -0.05819281       -0.05867499       -0.02960783 
       -0.04068834       -0.07944002       -0.07457969       -0.06673463       -0.06180105       -0.06231749       -0.03144721 
       -0.04317446       -0.08429182       -0.07913323       -0.07082047       -0.06560117       -0.06615402       -0.03338465 
       -0.04578980       -0.08939577       -0.08392344       -0.07511976       -0.06960122       -0.07019272       -0.03542430 
       -0.04853956       -0.09476195       -0.08895983       -0.07964119       -0.07380947       -0.07444199       -0.03757039 
       -0.05142904       -0.10040073       -0.09425217       -0.08439365       -0.07823437       -0.07891042       -0.03982726 
       -0.05446367       -0.10632264       -0.09981035       -0.08938622       -0.08288459       -0.08360679       -0.04219937 
       -0.05764896       -0.11253851       -0.10564457       -0.09462819       -0.08776895       -0.08854003       -0.04469126 
       -0.06099056       -0.11905928       -0.11176514       -0.10012908       -0.09289658       -0.09371939       -0.04730756 
       -0.06449418       -0.12589617       -0.11818263       -0.10589848       -0.09827662       -0.09915420       -0.05005304 
       -0.06816562       -0.13306050       -0.12490766       -0.11194627       -0.10391852       -0.10485402       -0.05293252 
       -0.07201082       -0.14056379       -0.13195120       -0.11828240       -0.10983183       -0.11082859       -0.05595093 
       -0.07603575       -0.14841774       -0.13932416       -0.12491707       -0.11602634       -0.11708779       -0.05911328 
       -0.08024646       -0.15663417       -0.14703779       -0.13186052       -0.12251194       -0.12364168       -0.06242467 
       -0.08464911       -0.16522507       -0.15510343       -0.13912329       -0.12929866       -0.13050048       -0.06589027 
       -0.08924986       -0.17420261       -0.16353242       -0.14671588       -0.13639666       -0.13767456       -0.06951532 
       -0.09405498       -0.18357883       -0.17233634       -0.15464894       -0.14381635       -0.14517440       -0.07330515 
       -0.09907074       -0.19336613       -0.18152678       -0.16293332       -0.15156811       -0.15301055       -0.07726513 
       -0.10430351       -0.20357683       -0.19111550       -0.17157993       -0.15966250       -0.16119382       -0.08140066 
       -0.10975959       -0.21422343       -0.20111425       -0.18059964       -0.16811012       -0.16973497       -0.08571727 
       -0.11544540       -0.22531824       -0.21153480       -0.19000351       -0.17692176       -0.17864496       -0.09022042 
       -0.12136728       -0.23687384       -0.22238898       -0.19980261       -0.18610822       -0.18793474       -0.09491574 
       -0.12753162       -0.24890265       -0.23368861       -0.21000797       -0.19568026       -0.19761524       -0.09980875 
       -0.13394479       -0.26141712       -0.24544564       -0.22063081       -0.20564885       -0.20769776       -0.10490511 
       -0.14061311       -0.27442971       -0.25767165       -0.23168218       -0.21602483       -0.21819319       -0.11021040 
       -0.14754283       -0.28795260       -0.27037856       -0.24317315       -0.22681916       -0.22911271       -0.11573030 
       -0.15474032       -0.30199808       -0.28357795       -0.25511476       -0.23804267       -0.24046741       -0.12147038 
       -0.16221160       -0.31657827       -0.29728130       -0.26751804       -0.24970637       -0.25226840       -0.12743628 
       -0.16996290       -0.33170512       -0.31150019       -0.28039384       -0.26182094       -0.26452672       -0.13363358 
       -0.17800015       -0.34739044       -0.32624575       -0.29375300       -0.27439722       -0.27725324       -0.14006785 
       -0.18632928       -0.36364579       -0.34152931       -0.30760610       -0.28744590       -0.29045889       -0.14674453 
       -0.19495609       -0.38048241       -0.35736150       -0.32196379       -0.30097744       -0.30415440       -0.15366918 
       -0.20388623       -0.39791155       -0.37375319       -0.33683640       -0.31500238       -0.31835058       -0.16084711 
       -0.21312515       -0.41594422       -0.39071491       -0.35223398       -0.32953098       -0.33305770       -0.16828372 
       -0.22267833       -0.43459040       -0.40825653       -0.36816666       -0.34457365       -0.34828636       -0.17598414 
       -0.23255087       -0.45386079       -0.42638823       -0.38464403       -0.36013964       -0.36404634       -0.18395361 
       -0.24274762       -0.47376484       -0.44511932       -0.40167558       -0.37623924       -0.38034788       -0.19219705 
       -0.25327349       -0.49431199       -0.46445912       -0.41927052       -0.39288187       -0.39720047       -0.20071946 
       -0.26413301       -0.51551151       -0.48441628       -0.43743759       -0.41007671       -0.41461366       -0.20952559 
       -0.27533048       -0.53737164       -0.50499934       -0.45618543       -0.42783254       -0.43259662       -0.21861999 
       -0.28686985       -0.55990040       -0.52621621       -0.47552222       -0.44615820       -0.45115802       -0.22800720 
       -0.29875496       -0.58310521       -0.54807413       -0.49545562       -0.46506196       -0.47030649       -0.23769152 
       -0.31098938       -0.60699362       -0.57058078       -0.51599312       -0.48455179       -0.49005002       -0.24767706 
       -0.32357621       -0.63157135       -0.59374183       -0.53714162       -0.50463527       -0.51039660       -0.25796777 
       -0.33651844       -0.65684426       -0.61756349       -0.55890775       -0.52531958       -0.53135341       -0.26856726 
       -0.34981841       -0.68281782       -0.64205122       -0.58129710       -0.54661143       -0.55292761       -0.27947918 
       -0.36347863       -0.70949620       -0.66720957       -0.60431564       -0.56851727       -0.57512504       -0.29070675 
       -0.37750071       -0.73688340       -0.69304311       -0.62796795       -0.59104300       -0.59795249       -0.30225292 
       -0.39188623       -0.76498258       -0.71955472       -0.65225887       -0.61419398       -0.62141538       -0.31412056 
       -0.40663612       -0.79379570       -0.74674761       -0.67719197       -0.63797498       -0.64551824       -0.32631215 
       -0.42175129       -0.82332462       -0.77462381       -0.70277041       -0.66239029       -0.67026579       -0.33882993 
       -0.43723208       -0.85357022       -0.80318457       -0.72899717       -0.68744385       -0.69566184       -0.35167584 
       -0.45307818       -0.88453215       -0.83243090       -0.75587410       -0.71313864       -0.72170979       -0.36485147 
       -0.46928915       -0.91620982       -0.86236221       -0.78340238       -0.73947752       -0.74841225       -0.37835833 
       -0.48586398       -0.94860178       -0.89297801       -0.81158286       -0.76646245       -0.77577120       -0.39219728 
       -0.50280118       -0.98170483       -0.92427671       -0.84041548       -0.79409474       -0.80378813       -0.40636906 
       -0.52009881       -1.01551592       -0.95625550       -0.86989981       -0.82237512       -0.83246398       -0.42087406 
       -0.53775454       -1.05003083       -0.98891127       -0.90003389       -0.85130376       -0.86179858       -0.43571225 
       -0.55576557       -1.08524394       -1.02224004       -0.93081599       -0.88088000       -0.89179140       -0.45088330 
       -0.57412857       -1.12114978       -1.05623662       -0.96224290       -0.91110253       -0.92244130       -0.46638653 
       -0.59283966       -1.15774024       -1.09089494       -0.99431127       -0.94196910       -0.95374596       -0.48222083 
       -0.61189467       -1.19500744       -1.12620890       -1.02701652       -0.97347748       -0.98570287       -0.49838474 
       -0.63128865       -1.23294258       -1.16217041       -1.06035340       -1.00562382       -1.01830816       -0.51487648 
       -0.65101624       -1.27153623       -1.19877124       -1.09431565       -1.03840423       -1.05155802       -0.53169382 
       -0.67107207       -1.31077659       -1.23600185       -1.12889647       -1.07181358       -1.08544707       -0.54883415 
       -0.69144946       -1.35065246       -1.27385247       -1.16408908       -1.10584629       -1.11996973       -0.56629431 
       -0.71214157       -1.39115000       -1.31231117       -1.19988430       -1.14049566       -1.15511870       -0.58407128 
       -0.73314166       -1.43225634       -1.35136652       -1.23627329       -1.17575479       -1.19088733       -0.60216081 
       -0.75444138       -1.47395670       -1.39100564       -1.27324593       -1.21161532       -1.22726738       -0.62055898 
       -0.77603292       -1.51623476       -1.43121481       -1.31079113       -1.24806941       -1.26425004       -0.63926119 
       -0.79790747       -1.55907428       -1.47197890       -1.34889781       -1.28510654       -1.30182517       -0.65826207 
       -0.82005554       -1.60245776       -1.51328325       -1.38755357       -1.32271731       -1.33998215       -0.67755675 
       -0.84246773       -1.64636624       -1.55511069       -1.42674506       -1.36088979       -1.37871027       -0.69713908 
       -0.86513382       -1.69078112       -1.59744442       -1.46645832       -1.39961255       -1.41799664       -0.71700293 
       -0.88804334       -1.73568153       -1.64026666       -1.50667906       -1.43887329       -1.45782876       -0.73714167 
       -0.91118520       -1.78104699       -1.68355823       -1.54739106       -1.47865868       -1.49819314       -0.75754839 
       -0.93454796       -1.82685518       -1.72729981       -1.58857894       -1.51895463       -1.53907537       -0.77821571 
       -0.95811981       -1.87308359       -1.77147138       -1.63022554       -1.55974638       -1.58046007       -0.79913574 
       -0.98188841       -1.91970849       -1.81605148       -1.67231393       -1.60101879       -1.62233222       -0.82030028 
       -1.00584137       -1.96670628       -1.86101866       -1.71482444       -1.64275515       -1.66467357       -0.84170109 
       -1.02996552       -2.01405120       -1.90635002       -1.75773907       -1.68493974       -1.70746839       -0.86332917 
       -1.05424738       -2.06171823       -1.95202291       -1.80103815       -1.72755313       -1.75069761       -0.88517535 
       -1.07867336       -2.10968018       -1.99801338       -1.84470129       -1.77057934       -1.79434371       -0.90723008 
       -1.10322988       -2.15791130       -2.04429722       -1.88870835       -1.81399822       -1.83838618       -0.92948341 
       -1.12790239       -2.20638394       -2.09084988       -1.93303680       -1.85779119       -1.88280630       -0.95192516 
       -1.15267563       -2.25506926       -2.13764501       -1.97766590       -1.90193868       -1.92758286       -0.97454488 
       -1.17753565       -2.30393982       -2.18465805       -2.02257252       -1.94641876       -1.97269511       -0.99733168 
       -1.20246732       -2.35296655       -2.23186183       -2.06773400       -1.99121165       -2.01812077       -1.02027464 
       -1.22745526       -2.40211892       -2.27922940       -2.11312699       -2.03629565       -2.06383848       -1.04336226 
       -1.25248361       -2.45136833       -2.32673383       -2.15872812       -2.08164859       -2.10982490       -1.06658292 
       -1.27753782       -2.50068426       -2.37434816       -2.20451307       -2.12724781       -2.15605760       -1.08992529 
       -1.30260134       -2.55003643       -2.42204404       -2.25045633       -2.17307162       -2.20251322       -1.11337650 
       -1.32765806       -2.59939456       -2.46979380       -2.29653430       -2.21909523       -2.24916649       -1.13692486 
       -1.35269296       -2.64872789       -2.51756859       -2.34272051       -2.26529646       -2.29599452       -1.16055763 
       -1.37768960       -2.69800472       -2.56534004       -2.38899064       -2.31165051       -2.34297156       -1.18426239 
       -1.40263152       -2.74719548       -2.61308193       -2.43532085       -2.35813212       -2.39007282       -1.20802605 
       -1.42750347       -2.79626775       -2.66076207       -2.48168254       -2.40471935       -2.43727398       -1.23183620 
       -1.45228875       -2.84519053       -2.70835400       -2.52805066       -2.45138550       -2.48454785       -1.25567925 
       -1.47697175       -2.89393353       -2.75582814       -2.57439899       -2.49810672       -2.53187013       -1.27954233 
       -1.50153637       -2.94246650       -2.80315638       -2.62070179       -2.54485726       -2.57921433       -1.30341232 
       -1.52596676       -2.99075747       -2.85031033       -2.66693425       -2.59161258       -2.62655497       -1.32727575 
       -1.55024767       -3.03877687       -2.89726043       -2.71306777       -2.63834691       -2.67386484       -1.35111916 
       -1.57436264       -3.08649397       -2.94398022       -2.75907779       -2.68503547       -2.72111917       -1.37492967 
       -1.59829664       -3.13387847       -2.99044061       -2.80493903       -2.73165154       -2.76829052       -1.39869332 
       -1.62203467       -3.18090153       -3.03661418       -2.85062408       -2.77817106       -2.81535411       -1.42239702 
       -1.64556146       -3.22753286       -3.08247232       -2.89610791       -2.82456899       -2.86228323       -1.44602728 
       -1.66886199       -3.27374411       -3.12798953       -2.94136596       -2.87081861       -2.90905094       -1.46957111 
       -1.69192207       -3.31950903       -3.17313886       -2.98637104       -2.91689587       -2.95563173       -1.49301529 
       -1.71472728       -3.36479521       -3.21789193       -3.03109980       -2.96277618       -3.00200081       -1.51634622 
       -1.73726356       -3.40957999       -3.26222539       -3.07552600       -3.00843358       -3.04813099       -1.53955102 
       -1.75951755       -3.45383430       -3.30611324       -3.11962676       -3.05384374       -3.09399891       -1.56261718 
       -1.78147566       -3.49753237       -3.34952998       -3.16337848       -3.09898400       -3.13957787       -1.58553135 
       -1.80312490       -3.54064894       -3.39245105       -3.20675468       -3.14382839       -3.18484354       -1.60828090 
       -1.82445216       -3.58315921       -3.43485379       -3.24973583       -3.18835354       -3.22977138       -1.63085413 
       -1.84544671       -3.62504029       -3.47671509       -3.29229689       -3.23253703       -3.27433825       -1.65323758 
       -1.86609566       -3.66626763       -3.51801133       -3.33441544       -3.27635407       -3.31851840       -1.67542017 
       -1.88638711       -3.70681787       -3.55872107       -3.37607121       -3.31978416       -3.36228943       -1.69738948 
       -1.90631139       -3.74667311       -3.59882450       -3.41724181       -3.36280370       -3.40562916       -1.71913409 
       -1.92585719       -3.78580785       -3.63829947       -3.45790696       -3.40539074       -3.44851422       -1.74064231 
       -1.94501436       -3.82420516       -3.67712617       -3.49804616       -3.44752431       -3.49092221       -1.76190341 
       -1.96377325       -3.86184692       -3.71528888       -3.53764105       -3.48918390       -3.53283286       -1.78290606 
       -1.98212564       -3.89871311       -3.75276518       -3.57667112       -3.53035069       -3.57422590       -1.80364037 
       -2.00006294       -3.93478584       -3.78954005       -3.61511827       -3.57100129       -3.61507893       -1.82409501 
       -2.01757550       -3.97005105       -3.82559776       -3.65296626       -3.61111879       -3.65537333       -1.84426105 
       -2.03465700       -4.00449228       -3.86092091       -3.69019675       -3.65068483       -3.69509101       -1.86412811 
       -2.05130029       -4.03809547       -3.89549708       -3.72679520       -3.68968058       -3.73421073       -1.88368738 
       -2.06749821       -4.07084656       -3.92930794       -3.76274395       -3.72808862       -3.77271748       -1.90292931 
       -2.08324480       -4.10273600       -3.96234608       -3.79802966       -3.76589274       -3.81059289       -1.92184591 
       -2.09853411       -4.13374805       -3.99459434       -3.83263707       -3.80307603       -3.84781981       -1.94042802 
       -2.11336207       -4.16387367       -4.02604485       -3.86655426       -3.83962321       -3.88438344       -1.95866776 
       -2.12772346       -4.19310617       -4.05668402       -3.89976740       -3.87552094       -3.92026830       -1.97655845 
       -2.14161420       -4.22143221       -4.08650541       -3.93226480       -3.91075325       -3.95546055       -1.99409223 
       -2.15503168       -4.24884939       -4.11549807       -3.96403480       -3.94530725       -3.98994541       -2.01126242 
       -2.16797090       -4.27534771       -4.14365435       -3.99506783       -3.97917008       -4.02370977       -2.02806187 
       -2.18043113       -4.30092335       -4.17096710       -4.02535295       -4.01232862       -4.05674124       -2.04448509 
       -2.19240904       -4.32557154       -4.19743156       -4.05488396       -4.04477262       -4.08902931       -2.06052685 
       -2.20390463       -4.34928656       -4.22304106       -4.08365059       -4.07649136       -4.12056351       -2.07617998 
       -2.21491551       -4.37206888       -4.24779034       -4.11164379       -4.10747576       -4.15133238       -2.09144187 
       -2.22544169       -4.39391279       -4.27167749       -4.13885832       -4.13771439       -4.18132877       -2.10630655 
       -2.23548341       -4.41481972       -4.29469776       -4.16528940       -4.16720057       -4.21054268       -2.12076974 
       -2.24503970       -4.43479061       -4.31685162       -4.19093037       -4.19592571       -4.23896503       -2.13482881 
       -2.25411224       -4.45382357       -4.33813524       -4.21577835       -4.22388029       -4.26658964       -2.14847898 
       -2.26270270       -4.47192240       -4.35855007       -4.23982620       -4.25106192       -4.29341173       -2.16171741 
       -2.27081275       -4.48908806       -4.37809515       -4.26307392       -4.27746248       -4.31942415       -2.17454290 
       -2.27844262       -4.50532532       -4.39677143       -4.28551674       -4.30307627       -4.34462214       -2.18695092 
       -2.28559589       -4.52063465       -4.41458082       -4.30715370       -4.32789993       -4.36900187       -2.19894075 
       -2.29227710       -4.53502607       -4.43152523       -4.32798433       -4.35193062       -4.39256096       -2.21051097 
       -2.29848695       -4.54850101       -4.44760799       -4.34800577       -4.37516356       -4.41529322       -2.22166014 
       -2.30423045       -4.56106758       -4.46283484       -4.36722183       -4.39759636       -4.43720007       -2.23238730 
       -2.30951118       -4.57273102       -4.47720575       -4.38563061       -4.41922760       -4.45827723       -2.24269223 
       -2.31433368       -4.58350182       -4.49073172       -4.40323496       -4.44005537       -4.47852659       -2.25257444 
       -2.31870174       -4.59338379       -4.50341129       -4.42003489       -4.46008062       -4.49794626       -2.26203394 
       -2.32262111       -4.60239029       -4.51525640       -4.43603373       -4.47930145       -4.51653719       -2.27107096 
       -2.32609677       -4.61052656       -4.52627039       -4.45123577       -4.49772072       -4.53430080       -2.27968788 
       -2.32913327       -4.61780548       -4.53646278       -4.46564245       -4.51533747       -4.55123854       -2.28788424 
       -2.33173847       -4.62423515       -4.54583883       -4.47925997       -4.53215361       -4.56735277       -2.29566121 
       -2.33391547       -4.62982655       -4.55440903       -4.49209118       -4.54817343       -4.58264685       -2.30302167 
       -2.33567333       -4.63459349       -4.56217957       -4.50414181       -4.56339645       -4.59712172       -2.30996728 
       -2.33701539       -4.63854265       -4.56916046       -4.51541805       -4.57783031       -4.61078501       -2.31650019 
       -2.33795071       -4.64169312       -4.57536411       -4.52592611       -4.59147358       -4.62363958       -2.32262254 
       -2.33848524       -4.64404964       -4.58079529       -4.53567171       -4.60433435       -4.63569021       -2.32833767 
       -2.33862567       -4.64563036       -4.58546686       -4.54465866       -4.61641598       -4.64694214       -2.33364797 
       -2.33837891       -4.64644527       -4.58938885       -4.55289984       -4.62772560       -4.65740299       -2.33855796 
       -2.33775306       -4.64651155       -4.59257364       -4.56039858       -4.63826466       -4.66707563       -2.34307003 
       -2.33675456       -4.64583874       -4.59503174       -4.56716633       -4.64804459       -4.67597151       -2.34718776 
       -2.33539128       -4.64444208       -4.59677076       -4.57320738       -4.65706587       -4.68409443       -2.35091543 
       -2.33367062       -4.64233637       -4.59780693       -4.57853222       -4.66534090       -4.69145155       -2.35425711 
       -2.33160043       -4.63953590       -4.59815121       -4.58315134       -4.67287350       -4.69805384       -2.35721755 
       -2.32918811       -4.63605165       -4.59781170       -4.58706999       -4.67967176       -4.70390844       -2.35979939 
       -2.32644200       -4.63190365       -4.59680653       -4.59030056       -4.68574476       -4.70902395       -2.36201096 
       -2.32336926       -4.62710094       -4.59514380       -4.59285164       -4.69109821       -4.71340895       -2.36385417 
       -2.31997848       -4.62166262       -4.59283686       -4.59473276       -4.69574308       -4.71707344       -2.36533356 
       -2.31627584       -4.61560106       -4.58990002       -4.59595394       -4.69968748       -4.72002554       -2.36645603 
       -2.31227112       -4.60893202       -4.58634472       -4.59652710       -4.70293903       -4.72227669       -2.36722541 
       -2.30797029       -4.60166788       -4.58218241       -4.59646177       -4.70550871       -4.72383642       -2.36764765 
       -2.30338311       -4.59382725       -4.57742739       -4.59576607       -4.70740509       -4.72471476       -2.36772871 
       -2.29851604       -4.58542156       -4.57209158       -4.59445333       -4.70863914       -4.72492313       -2.36747313 
       -2.29337740       -4.57646799       -4.56618690       -4.59253216       -4.70921850       -4.72447252       -2.36688709 
       -2.28797603       -4.56698132       -4.55973148       -4.59001684       -4.70915222       -4.72337198       -2.36597681 
       -2.28231764       -4.55697346       -4.55273390       -4.58691692       -4.70845413       -4.72163153       -2.36474681 
       -2.27641082       -4.54645967       -4.54520464       -4.58324051       -4.70713377       -4.71926641       -2.36320353 
       -2.27026296       -4.53545713       -4.53716183       -4.57900143       -4.70519876       -4.71628428       -2.36135316 
       -2.26388216       -4.52397919       -4.52861595       -4.57421207       -4.70266199       -4.71269798       -2.35920024 
       -2.25727463       -4.51203632       -4.51957846       -4.56888008       -4.69953680       -4.70852041       -2.35675335 
       -2.25044942       -4.49964714       -4.51006222       -4.56301737       -4.69582891       -4.70375967       -2.35401654 
       -2.24341249       -4.48682308       -4.50008249       -4.55663967       -4.69155073       -4.69843006       -2.35099649 
       -2.23617148       -4.47357941       -4.48964930       -4.54975367       -4.68671417       -4.69254398       -2.34769869 
       -2.22873306       -4.45992661       -4.47877550       -4.54237223       -4.68133116       -4.68611050       -2.34413075 
       -2.22110510       -4.44588184       -4.46747255       -4.53450394       -4.67541075       -4.67914438       -2.34029722 
       -2.21329355       -4.43145800       -4.45575523       -4.52616549       -4.66896439       -4.67165279       -2.33620405 
       -2.20530581       -4.41666555       -4.44363403       -4.51736307       -4.66200209       -4.66365290       -2.33185887 
       -2.19714761       -4.40151739       -4.43111944       -4.50811005       -4.65453815       -4.65515423       -2.32726669 
       -2.18882704       -4.38602829       -4.41822386       -4.49841595       -4.64658213       -4.64616680       -2.32243419 
       -2.18034935       -4.37021065       -4.40496063       -4.48829174       -4.63814116       -4.63670158       -2.31736612 
       -2.17172074       -4.35407448       -4.39134026       -4.47775078       -4.62923336       -4.62677670       -2.31206918 
       -2.16294789       -4.33763504       -4.37737226       -4.46680117       -4.61986542       -4.61639690       -2.30655026 
       -2.15403628       -4.32089853       -4.36307049       -4.45545626       -4.61004782       -4.60557604       -2.30081391 
       -2.14499235       -4.30388260       -4.34844494       -4.44372463       -4.59979343       -4.59432602       -2.29486704 
       -2.13582206       -4.28659678       -4.33350420       -4.43161583       -4.58911276       -4.58265829       -2.28871441 
       -2.12653041       -4.26904869       -4.31826258       -4.41914368       -4.57801771       -4.57058620       -2.28236270 
       -2.11712241       -4.25125265       -4.30272818       -4.40631628       -4.56651497       -4.55811548       -2.27581763 
       -2.10760570       -4.23321819       -4.28691053       -4.39314270       -4.55462027       -4.54526281       -2.26908422 
       -2.09798384       -4.21495533       -4.27082157       -4.37963676       -4.54234076       -4.53203583       -2.26216841 
       -2.08826208       -4.19647646       -4.25447226       -4.36580420       -4.52968740       -4.51844597       -2.25507665 
       -2.07844520       -4.17778826       -4.23786879       -4.35165977       -4.51667166       -4.50450420       -2.24781346 
       -2.06853867       -4.15890169       -4.22102308       -4.33720875       -4.50330305       -4.49022198       -2.24038363 
       -2.05854797       -4.13982725       -4.20394373       -4.32246161       -4.48959208       -4.47561026       -2.23279381 
       -2.04847574       -4.12057352       -4.18664122       -4.30743074       -4.47554827       -4.46067667       -2.22504902 
       -2.03832793       -4.10114813       -4.16912174       -4.29212046       -4.46118307       -4.44543457       -2.21715403 
       -2.02810836       -4.08156013       -4.15139818       -4.27654552       -4.44650602       -4.42989302       -2.20911384 
       -2.01782250       -4.06182098       -4.13347387       -4.26071119       -4.43152571       -4.41406345       -2.20093441 
       -2.00747275       -4.04193497       -4.11536217       -4.24462795       -4.41624975       -4.39795113       -2.19261956 
       -1.99706376       -4.02191162       -4.09706783       -4.22830248       -4.40069294       -4.38157034       -2.18417501 
       -1.98659992       -4.00176048       -4.07860041       -4.21174669       -4.38485956       -4.36492968       -2.17560554 
       -1.97608531       -3.98148799       -4.05996990       -4.19496679       -4.36876202       -4.34803677       -2.16691494 
       -1.96552265       -3.96110106       -4.04118204       -4.17797279       -4.35240841       -4.33090258       -2.15810895 
       -1.95491552       -3.94060707       -4.02224255       -4.16077185       -4.33580732       -4.31353474       -2.14919162 
       -1.94426858       -3.92001486       -4.00316000       -4.14337015       -4.31896734       -4.29594326       -2.14016771 
       -1.93358445       -3.89932871       -3.98394299       -4.12577772       -4.30189800       -4.27813768       -2.13104177 
       -1.92286551       -3.87855649       -3.96459794       -4.10800266       -4.28460789       -4.26012516       -2.12181711 
       -1.91211641       -3.85770488       -3.94513130       -4.09005356       -4.26710558       -4.24191380       -2.11249757 
       -1.90133977       -3.83678031       -3.92555022       -4.07193470       -4.24939585       -4.22351360       -2.10309029 
       -1.89053810       -3.81578779       -3.90586042       -4.05365419       -4.23149157       -4.20493126       -2.09359646 
       -1.87971473       -3.79473448       -3.88606858       -4.03522158       -4.21339941       -4.18617487       -2.08402061 
       -1.86887264       -3.77362537       -3.86618280       -4.01664114       -4.19512463       -4.16725492       -2.07436705 
       -1.85801363       -3.75246620       -3.84620571       -3.99792075       -4.17667723       -4.14817429       -2.06463981 
       -1.84714127       -3.73126221       -3.82614565       -3.97906828       -4.15806246       -4.12894154       -2.05484104 
       -1.83625722       -3.71001863       -3.80600786       -3.96008825       -4.13929129       -4.10956764       -2.04497695 
       -1.82536447       -3.68874216       -3.78579855       -3.94098854       -4.12036896       -4.09005785       -2.03504896 
       -1.81446576       -3.66743445       -3.76552010       -3.92177534       -4.10130215       -4.07041788       -2.02506113 
       -1.80356240       -3.64610338       -3.74518228       -3.90245509       -4.08209753       -4.05065632       -2.01501727 
       -1.79265785       -3.62475228       -3.72478771       -3.88303280       -4.06276274       -4.03077602       -2.00492048 
       -1.78175282       -3.60338521       -3.70434237       -3.86351562       -4.04330444       -4.01078987       -1.99477327 
       -1.77084994       -3.58200765       -3.68385029       -3.84390831       -4.02372932       -3.99070001       -1.98457992 
       -1.75995111       -3.56062245       -3.66331744       -3.82421637       -4.00404263       -3.97051287       -1.97434282 
       -1.74905932       -3.53923559       -3.64274764       -3.80444622       -3.98425031       -3.95023608       -1.96406519 
       -1.73817492       -3.51784945       -3.62214541       -3.78460312       -3.96436024       -3.92987418       -1.95374954 
       -1.72730041       -3.49646616       -3.60151434       -3.76469135       -3.94437695       -3.90943360       -1.94339979 
       -1.71643770       -3.47509408       -3.58086061       -3.74471736       -3.92430758       -3.88892055       -1.93301702 
       -1.70558727       -3.45373368       -3.56018829       -3.72468519       -3.90415549       -3.86833858       -1.92260540 
       -1.69475269       -3.43238807       -3.53949928       -3.70460010       -3.88392830       -3.84769583       -1.91216695 
       -1.68393350       -3.41106200       -3.51879930       -3.68446612       -3.86363125       -3.82699513       -1.90170395 
       -1.67313266       -3.38975811       -3.49809217       -3.66429019       -3.84326816       -3.80624294       -1.89121938 
       -1.66235089       -3.36848021       -3.47738147       -3.64407420       -3.82284546       -3.78544378       -1.88071561 
       -1.65159047       -3.34723020       -3.45666909       -3.62382317       -3.80236721       -3.76460266       -1.87019467 
       -1.64085150       -3.32601118       -3.43596125       -3.60354280       -3.78184128       -3.74372482       -1.85965943 
       -1.63013554       -3.30482721       -3.41526008       -3.58323622       -3.76126719       -3.72281337       -1.84911144 
       -1.61944401       -3.28367901       -3.39456868       -3.56290746       -3.74065423       -3.70187426       -1.83855307 
       -1.60877883       -3.26257133       -3.37389064       -3.54256010       -3.72000456       -3.68091130       -1.82798696 
       -1.59814048       -3.24150562       -3.35322905       -3.52219892       -3.69932246       -3.65992761       -1.81741428 
       -1.58752930       -3.22048378       -3.33258629       -3.50182772       -3.67861319       -3.63892913       -1.80683768 
       -1.57694805       -3.19950891       -3.31196642       -3.48144865       -3.65788221       -3.61791921       -1.79625857 
       -1.56639624       -3.17858362       -3.29137135       -3.46106768       -3.63713098       -3.59690118       -1.78567946 
       -1.55587566       -3.15771031       -3.27080512       -3.44068623       -3.61636472       -3.57587981       -1.77510154 
       -1.54538703       -3.13688970       -3.25026894       -3.42030859       -3.59558749       -3.55485797       -1.76452720 
       -1.53493178       -3.11612535       -3.22976542       -3.39993715       -3.57480145       -3.53383827       -1.75395727 
       -1.52451026       -3.09541869       -3.20929861       -3.37957716       -3.55401206       -3.51282573       -1.74339414 
       -1.51412296       -3.07477140       -3.18886924       -3.35922909       -3.53322244       -3.49182391       -1.73283911 
       -1.50377166       -3.05418444       -3.16848040       -3.33889794       -3.51243639       -3.47083521       -1.72229373 
       -1.49345660       -3.03366232       -3.14813471       -3.31858540       -3.49165630       -3.44986320       -1.71176016 
       -1.48317802       -3.01320410       -3.12783360       -3.29829502       -3.47088575       -3.42891002       -1.70123887 
       -1.47293735       -2.99281216       -3.10757995       -3.27802968       -3.45012856       -3.40797949       -1.69073188 
       -1.46273553       -2.97248936       -3.08737516       -3.25779152       -3.42938590       -3.38707423       -1.68023980 
       -1.45257187       -2.95223594       -3.06722188       -3.23758268       -3.40866423       -3.36619759       -1.66976535 
       -1.44244814       -2.93205237       -3.04712224       -3.21740699       -3.38796282       -3.34535193       -1.65930843 
       -1.43236518       -2.91194296       -3.02707672       -3.19726491       -3.36728621       -3.32453895       -1.64887118 
       -1.42232287       -2.89190650       -3.00708842       -3.17716146       -3.34663701       -3.30376124       -1.63845432 
       -1.41232216       -2.87194681       -2.98715949       -3.15709710       -3.32601810       -3.28302407       -1.62805915 
       -1.40236366       -2.85206151       -2.96728992       -3.13707447       -3.30543065       -3.26232553       -1.61768675 
       -1.39244723       -2.83225489       -2.94748211       -3.11709547       -3.28487897       -3.24167156       -1.60733855 
       -1.38257420       -2.81252813       -2.92773867       -3.09716249       -3.26436424       -3.22106242       -1.59701526 
       -1.37274420       -2.79288006       -2.90805936       -3.07727718       -3.24388933       -3.20050049       -1.58671772 
       -1.36295831       -2.77331305       -2.88844705       -3.05744243       -3.22345710       -3.17998815       -1.57644713 
       -1.35321605       -2.75382757       -2.86890221       -3.03765845       -3.20306778       -3.15952682       -1.56620467 
       -1.34351885       -2.73442698       -2.84942698       -3.01792836       -3.18272471       -3.13911939       -1.55599082 
       -1.33386731       -2.71510839       -2.83002186       -2.99825358       -3.16243100       -3.11876798       -1.54580700 
       -1.32426035       -2.69587541       -2.81068873       -2.97863603       -3.14218736       -3.09847307       -1.53565335 
       -1.31469941       -2.67672753       -2.79142809       -2.95907664       -3.12199473       -3.07823682       -1.52553153 
       -1.30518532       -2.65766716       -2.77224231       -2.93957829       -3.10185719       -3.05806136       -1.51544142 
       -1.29571676       -2.63869309       -2.75313044       -2.92014003       -3.08177423       -3.03794742       -1.50538433 
       -1.28629506       -2.61980724       -2.73409581       -2.90076637       -3.06174850       -3.01789761       -1.49536097 
       -1.27692056       -2.60101056       -2.71513796       -2.88145638       -3.04178405       -2.99791336       -1.48537195 
       -1.26759279       -2.58230209       -2.69625878       -2.86221266       -3.02187848       -2.97799587       -1.47541809 
       -1.25831318       -2.56368446       -2.67745972       -2.84303665       -3.00203586       -2.95814681       -1.46550012 
       -1.24908066       -2.54515719       -2.65873957       -2.82392907       -2.98225689       -2.93836546       -1.45561779 
       -1.23989642       -2.52672076       -2.64010096       -2.80489039       -2.96254277       -2.91865563       -1.44577312 
       -1.23076046       -2.50837660       -2.62154412       -2.78592324       -2.94289565       -2.89901781       -1.43596530 
       -1.22167230       -2.49012423       -2.60307002       -2.76702905       -2.92331719       -2.87945414       -1.42619598 
       -1.21263278       -2.47196388       -2.58467817       -2.74820566       -2.90380692       -2.85996342       -1.41646492 
       -1.20364189       -2.45389700       -2.56637192       -2.72945857       -2.88436723       -2.84054804       -1.40677345 
       -1.19469988       -2.43592381       -2.54814935       -2.71078491       -2.86499929       -2.82121015       -1.39712107 
       -1.18580627       -2.41804338       -2.53001189       -2.69218826       -2.84570432       -2.80194902       -1.38750887 
       -1.17696190       -2.40025830       -2.51196241       -2.67366910       -2.82648325       -2.78276730       -1.37793708 
       -1.16816700       -2.38256836       -2.49399853       -2.65522766       -2.80733633       -2.76366353       -1.36840665 
       -1.15942085       -2.36497164       -2.47612095       -2.63686395       -2.78826594       -2.74464011       -1.35891688 
       -1.15072453       -2.34747005       -2.45833135       -2.61858034       -2.76927161       -2.72569752       -1.34946930 
       -1.14207721       -2.33006501       -2.44063091       -2.60037732       -2.75035596       -2.70683885       -1.34006369 
       -1.13347924       -2.31275487       -2.42301846       -2.58225513       -2.73151922       -2.68806100       -1.33070028 
       -1.12493122       -2.29554129       -2.40549493       -2.56421447       -2.71276116       -2.66936707       -1.32138002 
       -1.11643243       -2.27842283       -2.38806081       -2.54625559       -2.69408345       -2.65075684       -1.31210279 
       -1.10798323       -2.26139998       -2.37071562       -2.52837968       -2.67548823       -2.63223267       -1.30286896 
       -1.09958386       -2.24447513       -2.35346222       -2.51058817       -2.65697289       -2.61379242       -1.29367876 
       -1.09123349       -2.22764611       -2.33629966       -2.49288082       -2.63854241       -2.59543920       -1.28453255 
       -1.08293331       -2.21091223       -2.31922626       -2.47525764       -2.62019372       -2.57717204       -1.27543044 
       -1.07468259       -2.19427657       -2.30224490       -2.45772004       -2.60192943       -2.55899310       -1.26637316 
       -1.06648147       -2.17773747       -2.28535485       -2.44026804       -2.58374929       -2.54090071       -1.25736010 
       -1.05833018       -2.16129518       -2.26855588       -2.42290115       -2.56565428       -2.52289677       -1.24839222 
       -1.05022812       -2.14494991       -2.25185013       -2.40562224       -2.54764438       -2.50498104       -1.23946977 
       -1.04217565       -2.12870026       -2.23523474       -2.38842964       -2.52972174       -2.48715496       -1.23059225 
       -1.03417289       -2.11254811       -2.21871209       -2.37132359       -2.51188540       -2.46941805       -1.22176003 
       -1.02621937       -2.09649253       -2.20228195       -2.35430598       -2.49413562       -2.45177126       -1.21297371 
       -1.01831579       -2.08053422       -2.18594432       -2.33737612       -2.47647381       -2.43421483       -1.20423317 
       -1.01046097       -2.06467199       -2.16969895       -2.32053447       -2.45889926       -2.41674781       -1.19553888 
       -1.00265586       -2.04890704       -2.15354633       -2.30378103       -2.44141412       -2.39937282       -1.18689048 
       -0.99489951       -2.03323817       -2.13748670       -2.28711677       -2.42401671       -2.38208771       -1.17828798 
       -0.98719257       -2.01766634       -2.12152028       -2.27054238       -2.40670943       -2.36489534       -1.16973186 
       -0.97953475       -2.00219107       -2.10564685       -2.25405622       -2.38949060       -2.34779382       -1.16122246 
       -0.97192597       -1.98681176       -2.08986545       -2.23765993       -2.37236190       -2.33078408       -1.15275896 
       -0.96436596       -1.97152853       -2.07417774       -2.22135282       -2.35532260       -2.31386662       -1.14434242 
       -0.95685446       -1.95634174       -2.05858254       -2.20513535       -2.33837271       -2.29704022       -1.13597250 
       -0.94939172       -1.94125009       -2.04307961       -2.18900776       -2.32151389       -2.28030777       -1.12764907 
       -0.94197786       -1.92625487       -2.02767015       -2.17297053       -2.30474591       -2.26366687       -1.11937237 
       -0.93461233       -1.91135478       -2.01235366       -2.15702295       -2.28806853       -2.24711847       -1.11114275 
       -0.92729503       -1.89655030       -1.99713004       -2.14116621       -2.27148151       -2.23066306       -1.10295987 
       -0.92002612       -1.88184130       -1.98199928       -2.12539983       -2.25498557       -2.21430063       -1.09482372 
       -0.91280478       -1.86722660       -1.96696091       -2.10972428       -2.23858190       -2.19803119       -1.08673465 
       -0.90563184       -1.85270727       -1.95201480       -2.09413719       -2.22226810       -2.18185377       -1.07869148 
       -0.89850670       -1.83828223       -1.93716049       -2.07864141       -2.20604610       -2.16576958       -1.07069612 
       -0.89142931       -1.82395160       -1.92239940       -2.06323576       -2.18991590       -2.14977860       -1.06274736 
       -0.88439888       -1.80971432       -1.90772986       -2.04792094       -2.17387700       -2.13388062       -1.05484533 
       -0.87741637       -1.79557168       -1.89315271       -2.03269625       -2.15792966       -2.11807537       -1.04699039 
       -0.87048095       -1.78152263       -1.87866724       -2.01756167       -2.14207315       -2.10236216       -1.03918183 
       -0.86359245       -1.76756668       -1.86427331       -2.00251722       -2.12630892       -2.08674288       -1.03142035 
       -0.85675102       -1.75370395       -1.84997094       -1.98756289       -2.11063552       -2.07121611       -1.02370548 
       -0.84995621       -1.73993337       -1.83576012       -1.97269881       -2.09505439       -2.05578208       -1.01603734 
       -0.84320784       -1.72625566       -1.82164001       -1.95792472       -2.07956433       -2.04044056       -1.00841582 
       -0.83650619       -1.71267021       -1.80761087       -1.94324076       -2.06416535       -2.02519202       -1.00084054 
       -0.82985032       -1.69917607       -1.79367256       -1.92864597       -2.04885888       -2.01003551       -0.99331200 
       -0.82324064       -1.68577361       -1.77982473       -1.91414130       -2.03364325       -1.99497163       -0.98582971 
       -0.81667715       -1.67246270       -1.76606691       -1.89972568       -2.01851916       -1.97999907       -0.97839397 
       -0.81015909       -1.65924239       -1.75239909       -1.88539946       -2.00348496       -1.96511948       -0.97100413 
       -0.80368680       -1.64611316       -1.73882067       -1.87116265       -1.98854268       -1.95033193       -0.96366078 
       -0.79725963       -1.63307393       -1.72533226       -1.85701501       -1.97369075       -1.93563521       -0.95636344 
       -0.79087788       -1.62012434       -1.71193278       -1.84295630       -1.95892990       -1.92103088       -0.94911212 
       -0.78454101       -1.60726452       -1.69862211       -1.82898581       -1.94425988       -1.90651774       -0.94190645 
       -0.77824849       -1.59449375       -1.68540037       -1.81510401       -1.92968047       -1.89209616       -0.93474686 
       -0.77200091       -1.58181190       -1.67226696       -1.80131066       -1.91519070       -1.87776542       -0.92763275 
       -0.76579797       -1.56921899       -1.65922153       -1.78760529       -1.90079176       -1.86352491       -0.92056417 
       -0.75963855       -1.55671382       -1.64626408       -1.77398777       -1.88648248       -1.84937549       -0.91354102 
       -0.75352359       -1.54429650       -1.63339365       -1.76045752       -1.87226295       -1.83531678       -0.90656340 
       -0.74745232       -1.53196669       -1.62061107       -1.74701476       -1.85813284       -1.82134748       -0.89963090 
       -0.74142480       -1.51972365       -1.60791492       -1.73365963       -1.84409249       -1.80746889       -0.89274335 
       -0.73544019       -1.50756717       -1.59530532       -1.72039115       -1.83014131       -1.79367995       -0.88590086 
       -0.72949892       -1.49549699       -1.58278203       -1.70720923       -1.81627870       -1.77997971       -0.87910289 
       -0.72360069       -1.48351288       -1.57034445       -1.69411373       -1.80250478       -1.76636910       -0.87234986 
       -0.71774530       -1.47161412       -1.55799282       -1.68110430       -1.78881931       -1.75284684       -0.86564124 
       -0.71193254       -1.45980072       -1.54572582       -1.66817999       -1.77522218       -1.73941350       -0.85897702 
       -0.70616186       -1.44807112       -1.53354359       -1.65534222       -1.76171303       -1.72606874       -0.85235703 
       -0.70043355       -1.43642664       -1.52144670       -1.64258969       -1.74829173       -1.71281207       -0.84578127 
       -0.69474709       -1.42486608       -1.50943351       -1.62992179       -1.73495758       -1.69964278       -0.83924913 
       -0.68910229       -1.41338885       -1.49750435       -1.61733890       -1.72171116       -1.68656135       -0.83276087 
       -0.68349892       -1.40199482       -1.48565865       -1.60484040       -1.70855093       -1.67356694       -0.82631636 
       -0.67793697       -1.39068294       -1.47389555       -1.59242547       -1.69547737       -1.66065884       -0.81991512 
       -0.67241585       -1.37945366       -1.46221530       -1.58009410       -1.68249071       -1.64783812       -0.81355715 
       -0.66693574       -1.36830616       -1.45061767       -1.56784666       -1.66958916       -1.63510299       -0.80724245 
       -0.66149646       -1.35724068       -1.43910193       -1.55568230       -1.65677440       -1.62245393       -0.80097038 
       -0.65609705       -1.34625506       -1.42766798       -1.54360104       -1.64404440       -1.60989058       -0.79474133 
       -0.65073818       -1.33535075       -1.41631532       -1.53160191       -1.63139999       -1.59741271       -0.78855491 
       -0.64541924       -1.32452679       -1.40504324       -1.51968515       -1.61884022       -1.58501947       -0.78241086 
       -0.64014006       -1.31378210       -1.39385140       -1.50784945       -1.60636473       -1.57271063       -0.77630901 
       -0.63490063       -1.30311728       -1.38274026       -1.49609590       -1.59397340       -1.56048596       -0.77024931 
       -0.62970030       -1.29253113       -1.37170839       -1.48442340       -1.58166552       -1.54834509       -0.76423150 
       -0.62453890       -1.28202343       -1.36075616       -1.47283137       -1.56944168       -1.53628802       -0.75825530 
       -0.61941642       -1.27159393       -1.34988284       -1.46131968       -1.55730104       -1.52431428       -0.75232077 
       -0.61433268       -1.26124179       -1.33908749       -1.44988859       -1.54524291       -1.51242304       -0.74642760 
       -0.60928762       -1.25096703       -1.32837057       -1.43853664       -1.53326750       -1.50061417       -0.74057537 
       -0.60428035       -1.24076891       -1.31773150       -1.42726398       -1.52137387       -1.48888743       -0.73476440 
       -0.59931129       -1.23064721       -1.30716980       -1.41607070       -1.50956213       -1.47724211       -0.72899401 
       -0.59438014       -1.22060120       -1.29668438       -1.40495551       -1.49783158       -1.46567774       -0.72326416 
       -0.58948600       -1.21063066       -1.28627586       -1.39391875       -1.48618281       -1.45419538       -0.71757478 
       -0.58462942       -1.20073509       -1.27594340       -1.38295972       -1.47461414       -1.44279349       -0.71192569 
       -0.57981002       -1.19091451       -1.26568723       -1.37207878       -1.46312582       -1.43147123       -0.70631659 
       -0.57502747       -1.18116808       -1.25550580       -1.36127460       -1.45171750       -1.42022908       -0.70074719 
       -0.57028151       -1.17149520       -1.24539948       -1.35054696       -1.44038892       -1.40906620       -0.69521755 
       -0.56557196       -1.16189599       -1.23536766       -1.33989596       -1.42913973       -1.39798260       -0.68972737 
       -0.56089866       -1.15236926       -1.22541010       -1.32932103       -1.41796911       -1.38697755       -0.68427622 
       -0.55626148       -1.14291525       -1.21552575       -1.31882155       -1.40687680       -1.37605083       -0.67886430 
       -0.55165976       -1.13353324       -1.20571494       -1.30839682       -1.39586318       -1.36520159       -0.67349124 
       -0.54709363       -1.12422276       -1.19597709       -1.29804754       -1.38492703       -1.35443044       -0.66815650 
       -0.54256302       -1.11498320       -1.18631160       -1.28777242       -1.37406766       -1.34373534       -0.66286033 
       -0.53806728       -1.10581470       -1.17671800       -1.27757144       -1.36328602       -1.33311808       -0.65760255 
       -0.53360671       -1.09671617       -1.16719604       -1.26744413       -1.35258067       -1.32257652       -0.65238267 
       -0.52918059       -1.08768785       -1.15774560       -1.25739014       -1.34195161       -1.31211150       -0.64720070 
       -0.52478886       -1.07872880       -1.14836562       -1.24740899       -1.33139777       -1.30172122       -0.64205617 
       -0.52043134       -1.06983852       -1.13905597       -1.23750019       -1.32092023       -1.29140651       -0.63694948 
       -0.51610774       -1.06101644       -1.12981629       -1.22766352       -1.31051731       -1.28116643       -0.63187963 
       -0.51181823       -1.05226362       -1.12064660       -1.21789873       -1.30018878       -1.27100062       -0.62684685 
       -0.50756192       -1.04357743       -1.11154556       -1.20820510       -1.28993475       -1.26090848       -0.62185097 
       -0.50333917       -1.03495896       -1.10251343       -1.19858253       -1.27975488       -1.25089014       -0.61689150 
       -0.49914953       -1.02640772       -1.09354985       -1.18903053       -1.26964772       -1.24094462       -0.61196870 
       -0.49499279       -1.01792216       -1.08465385       -1.17954862       -1.25961423       -1.23107183       -0.60708213 
       -0.49086872       -1.00950289       -1.07582533       -1.17013633       -1.24965310       -1.22127140       -0.60223114 
       -0.48677701       -1.00114906       -1.06706393       -1.16079342       -1.23976433       -1.21154296       -0.59741634 
       -0.48271775       -0.99286067       -1.05836952       -1.15151942       -1.22994769       -1.20188606       -0.59263694 
       -0.47869048       -0.98463714       -1.04974115       -1.14231408       -1.22020221       -1.19229984       -0.58789301 
       -0.47469506       -0.97647762       -1.04117858       -1.13317668       -1.21052814       -1.18278468       -0.58318424 
       -0.47073111       -0.96838206       -1.03268135       -1.12410736       -1.20092440       -1.17333949       -0.57851028 
       -0.46679863       -0.96034986       -1.02424943       -1.11510551       -1.19139111       -1.16396439       -0.57387125 
       -0.46289730       -0.95238054       -1.01588213       -1.10617018       -1.18192756       -1.15465832       -0.56926686 
       -0.45902708       -0.94447416       -1.00757861       -1.09730136       -1.17253339       -1.14542162       -0.56469661 
       -0.45518759       -0.93662971       -0.99933928       -1.08849919       -1.16320848       -1.13625336       -0.56016070 
       -0.45137852       -0.92884725       -0.99116331       -1.07976270       -1.15395272       -1.12715375       -0.55565852 
       -0.44759989       -0.92112595       -0.98305017       -1.07109118       -1.14476466       -1.11812174       -0.55119038 
       -0.44385150       -0.91346574       -0.97499973       -1.06248522       -1.13564479       -1.10915720       -0.54675549 
       -0.44013292       -0.90586603       -0.96701151       -1.05394351       -1.12659228       -1.10025942       -0.54235405 
       -0.43644404       -0.89832646       -0.95908511       -1.04546607       -1.11760712       -1.09142840       -0.53798580 
       -0.43278468       -0.89084655       -0.95121992       -1.03705251       -1.10868812       -1.08266377       -0.53365046 
       -0.42915463       -0.88342613       -0.94341600       -1.02870238       -1.09983563       -1.07396448       -0.52934778 
       -0.42555374       -0.87606424       -0.93567228       -1.02041519       -1.09104919       -1.06533086       -0.52507758 
       -0.42198181       -0.86876142       -0.92798907       -1.01219046       -1.08232856       -1.05676246       -0.52083981 
       -0.41843858       -0.86151636       -0.92036545       -1.00402820       -1.07367265       -1.04825842       -0.51663417 
       -0.41492373       -0.85432905       -0.91280133       -0.99592757       -1.06508172       -1.03981888       -0.51246041 
       -0.41143715       -0.84719890       -0.90529609       -0.98788846       -1.05655479       -1.03144252       -0.50831819 
       -0.40797880       -0.84012586       -0.89784962       -0.97991073       -1.04809201       -1.02313006       -0.50420767 
       -0.40454826       -0.83310926       -0.89046133       -0.97199339       -1.03969228       -1.01488030       -0.50012845 
       -0.40114552       -0.82614875       -0.88313079       -0.96413648       -1.03135645       -1.00669312       -0.49608037 
       -0.39777017       -0.81924403       -0.87585789       -0.95633966       -1.02308297       -0.99856848       -0.49206319 
       -0.39442220       -0.81239468       -0.86864191       -0.94860208       -1.01487160       -0.99050510       -0.48807654 
       -0.39110136       -0.80560017       -0.86148238       -0.94092375       -1.00672269       -0.98250377       -0.48412073 
       -0.38780743       -0.79886013       -0.85437948       -0.93330413       -0.99863499       -0.97456300       -0.48019499 
       -0.38454005       -0.79217440       -0.84733236       -0.92574304       -0.99060881       -0.96668315       -0.47629952 
       -0.38129938       -0.78554225       -0.84034067       -0.91823989       -0.98264319       -0.95886326       -0.47243392 
       -0.37808493       -0.77896363       -0.83340412       -0.91079456       -0.97473812       -0.95110345       -0.46859798 
       -0.37489665       -0.77243799       -0.82652235       -0.90340620       -0.96689308       -0.94340312       -0.46479169 
       -0.37173438       -0.76596498       -0.81969494       -0.89607471       -0.95910752       -0.93576157       -0.46101463 
       -0.36859789       -0.75954437       -0.81292158       -0.88879997       -0.95138139       -0.92817897       -0.45726684 
       -0.36548689       -0.75317538       -0.80620164       -0.88158101       -0.94371408       -0.92065448       -0.45354795 
       -0.36240134       -0.74685806       -0.79953498       -0.87441808       -0.93610519       -0.91318792       -0.44985771 
       -0.35934103       -0.74059170       -0.79292136       -0.86731035       -0.92855448       -0.90577900       -0.44619614 
       -0.35630557       -0.73437625       -0.78636014       -0.86025763       -0.92106164       -0.89842719       -0.44256294 
       -0.35329500       -0.72821099       -0.77985096       -0.85325950       -0.91362578       -0.89113218       -0.43895796 
       -0.35030910       -0.72209567       -0.77339363       -0.84631592       -0.90624720       -0.88389337       -0.43538091 
       -0.34734771       -0.71603036       -0.76698762       -0.83942598       -0.89892519       -0.87671071       -0.43183172 
       -0.34441063       -0.71001422       -0.76063275       -0.83258963       -0.89165938       -0.86958379       -0.42831010 
       -0.34149748       -0.70404714       -0.75432873       -0.82580656       -0.88444948       -0.86251181       -0.42481583 
       -0.33860835       -0.69812822       -0.74807477       -0.81907618       -0.87729508       -0.85549492       -0.42134899 
       -0.33574292       -0.69225782       -0.74187076       -0.81239837       -0.87019551       -0.84853244       -0.41790909 
       -0.33290100       -0.68643510       -0.73571634       -0.80577254       -0.86315095       -0.84162438       -0.41449609 
       -0.33008263       -0.68065995       -0.72961116       -0.79919857       -0.85616076       -0.83476973       -0.41110969 
       -0.32728732       -0.67493194       -0.72355491       -0.79267585       -0.84922457       -0.82796866       -0.40774989 
       -0.32451507       -0.66925085       -0.71754748       -0.78620434       -0.84234190       -0.82122070       -0.40441650 
       -0.32176572       -0.66361588       -0.71158767       -0.77978307       -0.83551258       -0.81452513       -0.40110904 
       -0.31903905       -0.65802741       -0.70567632       -0.77341264       -0.82873619       -0.80788213       -0.39782760 
       -0.31633484       -0.65248442       -0.69981188       -0.76709193       -0.82201242       -0.80129093       -0.39457202 
       -0.31365302       -0.64698696       -0.69399482       -0.76082081       -0.81534082       -0.79475129       -0.39134189 
       -0.31099334       -0.64153451       -0.68822443       -0.75459892       -0.80872101       -0.78826296       -0.38813728 
       -0.30835569       -0.63612676       -0.68250078       -0.74842608       -0.80215275       -0.78182548       -0.38495791 
       -0.30573982       -0.63076335       -0.67682308       -0.74230176       -0.79563540       -0.77543849       -0.38180357 
       -0.30314562       -0.62544417       -0.67119122       -0.73622572       -0.78916919       -0.76910174       -0.37867406 
       -0.30057287       -0.62016851       -0.66560465       -0.73019737       -0.78275305       -0.76281470       -0.37556931 
       -0.29802164       -0.61493617       -0.66006315       -0.72421664       -0.77638716       -0.75657707       -0.37248909 
       -0.29549149       -0.60974717       -0.65456665       -0.71828341       -0.77007091       -0.75038856       -0.36943316 
       -0.29298231       -0.60460079       -0.64911455       -0.71239698       -0.76380414       -0.74424887       -0.36640146 
       -0.29049402       -0.59949684       -0.64370650       -0.70655704       -0.75758666       -0.73815781       -0.36339381 
       -0.28802642       -0.59443492       -0.63834220       -0.70076323       -0.75141746       -0.73211455       -0.36040995 
       -0.28557932       -0.58941489       -0.63302147       -0.69501549       -0.74529660       -0.72611892       -0.35744971 
       -0.28315258       -0.58443624       -0.62774378       -0.68931311       -0.73922384       -0.72017086       -0.35451305 
       -0.28074601       -0.57949853       -0.62250900       -0.68365604       -0.73319882       -0.71426976       -0.35159960 
       -0.27835959       -0.57460165       -0.61731654       -0.67804378       -0.72722107       -0.70841545       -0.34870943 
       -0.27599302       -0.56974542       -0.61216635       -0.67247623       -0.72129035       -0.70260739       -0.34584215 
       -0.27364606       -0.56492931       -0.60705811       -0.66695297       -0.71540624       -0.69684553       -0.34299782 
       -0.27131891       -0.56015325       -0.60199147       -0.66147363       -0.70956856       -0.69112933       -0.34017602 
       -0.26901105       -0.55541658       -0.59696597       -0.65603781       -0.70377690       -0.68545842       -0.33737677 
       -0.26672241       -0.55071908       -0.59198129       -0.65064532       -0.69803083       -0.67983276       -0.33459982 
       -0.26445308       -0.54606062       -0.58703732       -0.64529586       -0.69233000       -0.67425156       -0.33184502 
       -0.26220259       -0.54144078       -0.58213365       -0.63998890       -0.68667436       -0.66871500       -0.32911235 
       -0.25997099       -0.53685939       -0.57727009       -0.63472456       -0.68106323       -0.66322225       -0.32640141 
       -0.25775799       -0.53231591       -0.57244593       -0.62950200       -0.67549664       -0.65777355       -0.32371223 
       -0.25556356       -0.52781022       -0.56766146       -0.62432134       -0.66997409       -0.65236819       -0.32104453 
       -0.25338751       -0.52334201       -0.56291598       -0.61918217       -0.66449535       -0.64700592       -0.31839821 
       -0.25122964       -0.51891088       -0.55820930       -0.61408401       -0.65905982       -0.64168632       -0.31577301 
       -0.24908997       -0.51451677       -0.55354124       -0.60902679       -0.65366751       -0.63640940       -0.31316894 
       -0.24696825       -0.51015919       -0.54891115       -0.60400999       -0.64831805       -0.63117456       -0.31058574 
       -0.24486430       -0.50583780       -0.54431921       -0.59903353       -0.64301097       -0.62598163       -0.30802330 
       -0.24277803       -0.50155246       -0.53976482       -0.59409678       -0.63774592       -0.62083024       -0.30548140 
       -0.24070929       -0.49730298       -0.53524774       -0.58919978       -0.63252300       -0.61572003       -0.30295998 
       -0.23865794       -0.49308887       -0.53076768       -0.58434218       -0.62734151       -0.61065084       -0.30045882 
       -0.23662384       -0.48890999       -0.52632445       -0.57952350       -0.62220114       -0.60562229       -0.29797783 
       -0.23460683       -0.48476595       -0.52191770       -0.57474357       -0.61710197       -0.60063398       -0.29551682 
       -0.23260678       -0.48065650       -0.51754725       -0.57000220       -0.61204332       -0.59568596       -0.29307559 
       -0.23062357       -0.47658139       -0.51321250       -0.56529903       -0.60702497       -0.59077734       -0.29065403 
       -0.22865704       -0.47254023       -0.50891358       -0.56063360       -0.60204685       -0.58590847       -0.28825194 
