        0.00000000        0.00000000        0.00000000        0.00000000        0.00000000        0.00000000        0.00000000 
        0.00000000        0.00000000        0.00000000        0.00000000        0.00000000        0.00000000        0.00000000 
        0.00000000        0.00000000        0.00000000        0.00000000       -0.00000000        0.00000000        0.00000000 
        0.00000000       -0.00000000        0.00000000        0.00000000       -0.00000000        0.00000000        0.00000000 
       -0.00000000        0.00000000        0.00000000       -0.00000000       -0.00000000        0.00000000        0.00000000 
       -0.00000000        0.00000000        0.00000000       -0.00000000       -0.00000000        0.00000000        0.00000000 
        0.00000000        0.00000000        0.00000000       -0.00000000       -0.00000000        0.00000000        0.00000000 
        0.00000000        0.00000000       -0.00000000       -0.00000000       -0.00000000        0.00000000        0.00000000 
        0.00000000       -0.00000000       -0.00000000       -0.00000000       -0.00000000        0.00000000        0.00000000 
       -0.00000000       -0.00000000       -0.00000000       -0.00000000       -0.00000000        0.00000000        0.00000000 
       -0.00000000       -0.00000000       -0.00000000       -0.00000000       -0.00000000        0.00000000        0.00000000 
       -0.00000000       -0.00000000       -0.00000000       -0.00000000       -0.00000000        0.00000000        0.00000000 
       -0.00000000       -0.00000000       -0.00000000       -0.00000000       -0.00000000        0.00000000        0.00000000 
       -0.00000000       -0.00000000       -0.00000000       -0.00000000       -0.00000000        0.00000000        0.00000000 
       -0.00000000       -0.00000000       -0.00000000       -0.00000000       -0.00000000        0.00000000        0.00000000 
       -0.00000000       -0.00000000       -0.00000000       -0.00000000       -0.00000000        0.00000000        0.00000000 
       -0.00000000       -0.00000000       -0.00000000       -0.00000000       -0.00000000        0.00000000        0.00000000 
       -0.00000000       -0.00000000       -0.00000000       -0.00000000       -0.00000000        0.00000000        0.00000000 
       -0.00000000       -0.00000000       -0.00000000       -0.00000000       -0.00000000        0.00000000        0.00000000 
       -0.00000000       -0.00000000       -0.00000000       -0.00000000       -0.00000000        0.00000000        0.00000000 
       -0.00000000       -0.00000000       -0.00000000       -0.00000000       -0.00000000        0.00000000        0.00000000 
       -0.00000000       -0.00000000       -0.00000000       -0.00000000       -0.00000000        0.00000000        0.00000000 
       -0.00000000       -0.00000000       -0.00000000       -0.00000000       -0.00000000        0.00000000        0.00000000 
       -0.00000000       -0.00000000       -0.00000000       -0.00000000       -0.00000000        0.00000000        0.00000000 
       -0.00000000       -0.00000000       -0.00000000       -0.00000000       -0.00000000        0.00000000        0.00000000 
       -0.00000000       -0.00000000       -0.00000000       -0.00000000       -0.00000000        0.00000000        0.00000000 
       -0.00000000       -0.00000000       -0.00000000       -0.00000000       -0.00000000        0.00000000        0.00000000 
       -0.00000000       -0.00000000       -0.00000000       -0.00000000       -0.00000000        0.00000000        0.00000000 
       -0.00000000       -0.00000000       -0.00000000       -0.00000000       -0.00000000        0.00000000        0.00000000 
       -0.00000000       -0.00000000       -0.00000000       -0.00000000       -0.00000000        0.00000000        0.00000000 
       -0.00000000       -0.00000000       -0.00000000       -0.00000000       -0.00000000        0.00000000        0.00000000 
       -0.00000000       -0.00000000       -0.00000000       -0.00000000       -0.00000000        0.00000000        0.00000000 
       -0.00000000       -0.00000000       -0.00000000       -0.00000000       -0.00000000        0.00000000        0.00000000 
       -0.00000000       -0.00000000       -0.00000000       -0.00000000       -0.00000000        0.00000000        0.00000000 
       -0.00000000       -0.00000000       -0.00000000       -0.00000000       -0.00000000        0.00000000        0.00000000 
       -0.00000000       -0.00000000       -0.00000000       -0.00000000       -0.00000000        0.00000000        0.00000000 
       -0.00000000       -0.00000000       -0.00000000       -0.00000000       -0.00000000        0.00000000        0.00000000 
       -0.00000000       -0.00000000       -0.00000000       -0.00000000       -0.00000000        0.00000000        0.00000000 
       -0.00000000       -0.00000000       -0.00000000       -0.00000000       -0.00000000        0.00000000        0.00000000 
       -0.00000000       -0.00000000       -0.00000000       -0.00000000       -0.00000000        0.00000000        0.00000000 
       -0.00000000       -0.00000000       -0.00000000       -0.00000000       -0.00000000        0.00000000        0.00000000 
       -0.00000000       -0.00000000       -0.00000000       -0.00000000       -0.00000000        0.00000000        0.00000000 
       -0.00000000       -0.00000000       -0.00000000       -0.00000000       -0.00000000        0.00000000        0.00000000 
       -0.00000000       -0.00000000       -0.00000000       -0.00000000       -0.00000000        0.00000000        0.00000000 
       -0.00000000       -0.00000000       -0.00000000       -0.00000000       -0.00000000        0.00000000        0.00000000 
       -0.00000000       -0.00000000       -0.00000000       -0.00000000       -0.00000000        0.00000000        0.00000000 
       -0.00000000       -0.00000000       -0.00000000       -0.00000000       -0.00000000        0.00000000        0.00000000 
       -0.00000000       -0.00000000       -0.00000000       -0.00000000       -0.00000000        0.00000000        0.00000000 
       -0.00000000       -0.00000000       -0.00000000       -0.00000000       -0.00000000        0.00000000        0.00000000 
       -0.00000000       -0.00000000       -0.00000000       -0.00000000       -0.00000000        0.00000000        0.00000000 
       -0.00000000       -0.00000000       -0.00000000       -0.00000000       -0.00000001        0.00000000        0.00000000 
       -0.00000000       -0.00000000       -0.00000000       -0.00000000       -0.00000001        0.00000001        0.00000000 
       -0.00000000       -0.00000000       -0.00000000       -0.00000000       -0.00000001        0.00000001        0.00000000 
       -0.00000000       -0.00000000       -0.00000000       -0.00000000       -0.00000001        0.00000001        0.00000000 
       -0.00000000       -0.00000000       -0.00000000       -0.00000000       -0.00000001        0.00000001        0.00000000 
       -0.00000000       -0.00000000       -0.00000000       -0.00000000       -0.00000002        0.00000001        0.00000001 
       -0.00000000       -0.00000000       -0.00000000       -0.00000000       -0.00000002        0.00000002        0.00000001 
       -0.00000000       -0.00000000       -0.00000000       -0.00000000       -0.00000003        0.00000002        0.00000001 
       -0.00000000       -0.00000000       -0.00000000       -0.00000000       -0.00000003        0.00000003        0.00000001 
       -0.00000000       -0.00000000       -0.00000000       -0.00000000       -0.00000004        0.00000003        0.00000002 
       -0.00000000       -0.00000000       -0.00000000       -0.00000001       -0.00000005        0.00000004        0.00000002 
       -0.00000000       -0.00000000       -0.00000000       -0.00000001       -0.00000007        0.00000005        0.00000002 
       -0.00000000       -0.00000000       -0.00000000       -0.00000001       -0.00000008        0.00000006        0.00000003 
       -0.00000000       -0.00000000       -0.00000000       -0.00000001       -0.00000010        0.00000008        0.00000004 
       -0.00000000       -0.00000000       -0.00000000       -0.00000001       -0.00000012        0.00000010        0.00000005 
       -0.00000000       -0.00000000       -0.00000001       -0.00000002       -0.00000015        0.00000012        0.00000006 
       -0.00000000       -0.00000000       -0.00000001       -0.00000002       -0.00000019        0.00000015        0.00000007 
       -0.00000000       -0.00000000       -0.00000001       -0.00000002       -0.00000024        0.00000019        0.00000009 
       -0.00000000       -0.00000001       -0.00000001       -0.00000003       -0.00000029        0.00000023        0.00000011 
       -0.00000000       -0.00000001       -0.00000001       -0.00000004       -0.00000036        0.00000028        0.00000014 
       -0.00000001       -0.00000001       -0.00000002       -0.00000005       -0.00000044        0.00000035        0.00000017 
       -0.00000001       -0.00000001       -0.00000002       -0.00000006       -0.00000054        0.00000042        0.00000021 
       -0.00000001       -0.00000001       -0.00000003       -0.00000007       -0.00000066        0.00000052        0.00000026 
       -0.00000001       -0.00000002       -0.00000003       -0.00000009       -0.00000080        0.00000063        0.00000031 
       -0.00000001       -0.00000002       -0.00000004       -0.00000011       -0.00000098        0.00000077        0.00000039 
       -0.00000002       -0.00000003       -0.00000005       -0.00000014       -0.00000119        0.00000094        0.00000047 
       -0.00000002       -0.00000003       -0.00000006       -0.00000017       -0.00000145        0.00000115        0.00000058 
       -0.00000003       -0.00000004       -0.00000007       -0.00000020       -0.00000176        0.00000140        0.00000070 
       -0.00000003       -0.00000005       -0.00000009       -0.00000025       -0.00000213        0.00000169        0.00000086 
       -0.00000004       -0.00000006       -0.00000011       -0.00000031       -0.00000258        0.00000205        0.00000104 
       -0.00000005       -0.00000007       -0.00000014       -0.00000037       -0.00000312        0.00000248        0.00000127 
       -0.00000006       -0.00000009       -0.00000017       -0.00000045       -0.00000377        0.00000300        0.00000154 
       -0.00000007       -0.00000011       -0.00000021       -0.00000055       -0.00000454        0.00000362        0.00000186 
       -0.00000009       -0.00000013       -0.00000025       -0.00000067       -0.00000547        0.00000436        0.00000225 
       -0.00000011       -0.00000016       -0.00000031       -0.00000082       -0.00000657        0.00000524        0.00000272 
       -0.00000014       -0.00000020       -0.00000037       -0.00000099       -0.00000788        0.00000629        0.00000328 
       -0.00000017       -0.00000024       -0.00000045       -0.00000120       -0.00000944        0.00000754        0.00000395 
       -0.00000020       -0.00000029       -0.00000055       -0.00000145       -0.00001129        0.00000902        0.00000475 
       -0.00000025       -0.00000036       -0.00000066       -0.00000175       -0.00001348        0.00001078        0.00000570 
       -0.00000030       -0.00000043       -0.00000080       -0.00000211       -0.00001607        0.00001287        0.00000683 
       -0.00000037       -0.00000052       -0.00000097       -0.00000254       -0.00001913        0.00001534        0.00000818 
       -0.00000044       -0.00000063       -0.00000117       -0.00000306       -0.00002274        0.00001825        0.00000977 
       -0.00000054       -0.00000076       -0.00000141       -0.00000367       -0.00002699        0.00002168        0.00001166 
       -0.00000065       -0.00000092       -0.00000169       -0.00000440       -0.00003199        0.00002571        0.00001389 
       -0.00000078       -0.00000111       -0.00000203       -0.00000526       -0.00003785        0.00003046        0.00001653 
       -0.00000095       -0.00000133       -0.00000243       -0.00000628       -0.00004472        0.00003602        0.00001964 
       -0.00000114       -0.00000160       -0.00000291       -0.00000750       -0.00005276        0.00004254        0.00002330 
       -0.00000137       -0.00000192       -0.00000348       -0.00000893       -0.00006214        0.00005016        0.00002760 
       -0.00000164       -0.00000230       -0.00000415       -0.00001062       -0.00007308        0.00005906        0.00003264 
       -0.00000197       -0.00000275       -0.00000494       -0.00001261       -0.00008581        0.00006943        0.00003855 
       -0.00000235       -0.00000327       -0.00000587       -0.00001494       -0.00010060        0.00008148        0.00004543 
       -0.00000281       -0.00000389       -0.00000696       -0.00001768       -0.00011776        0.00009549        0.00005348 
       -0.00000335       -0.00000463       -0.00000826       -0.00002091       -0.00013765        0.00011176        0.00006288 
       -0.00000399       -0.00000550       -0.00000978       -0.00002468       -0.00016065        0.00013060        0.00007382 
       -0.00000475       -0.00000653       -0.00001157       -0.00002909       -0.00018720        0.00015240        0.00008654 
       -0.00000564       -0.00000774       -0.00001366       -0.00003424       -0.00021781        0.00017757        0.00010130 
       -0.00000669       -0.00000915       -0.00001610       -0.00004025       -0.00025305        0.00020658        0.00011840 
       -0.00000792       -0.00001081       -0.00001896       -0.00004723       -0.00029353        0.00023998        0.00013819 
       -0.00000937       -0.00001275       -0.00002229       -0.00005534       -0.00033997        0.00027836        0.00016104 
       -0.00001107       -0.00001502       -0.00002617       -0.00006475       -0.00039315        0.00032240        0.00018739 
       -0.00001305       -0.00001767       -0.00003068       -0.00007565       -0.00045396        0.00037285        0.00021774 
       -0.00001536       -0.00002075       -0.00003592       -0.00008825       -0.00052337        0.00043056        0.00025262 
       -0.00001806       -0.00002433       -0.00004198       -0.00010280       -0.00060247        0.00049646        0.00029267 
       -0.00002121       -0.00002849       -0.00004900       -0.00011956       -0.00069247        0.00057159        0.00033856 
       -0.00002486       -0.00003331       -0.00005711       -0.00013886       -0.00079469        0.00065712        0.00039108 
       -0.00002910       -0.00003889       -0.00006647       -0.00016103       -0.00091061        0.00075432        0.00045107 
       -0.00003401       -0.00004534       -0.00007725       -0.00018646       -0.00104185        0.00086463        0.00051951 
       -0.00003970       -0.00005278       -0.00008964       -0.00021559       -0.00119017        0.00098959        0.00059745 
       -0.00004626       -0.00006135       -0.00010388       -0.00024890       -0.00135754        0.00113094        0.00068607 
       -0.00005384       -0.00007122       -0.00012020       -0.00028693       -0.00154607        0.00129056        0.00078668 
       -0.00006256       -0.00008255       -0.00013888       -0.00033029       -0.00175809        0.00147055        0.00090073 
       -0.00007259       -0.00009554       -0.00016023       -0.00037963       -0.00199613        0.00167315        0.00102980 
       -0.00008411       -0.00011042       -0.00018461       -0.00043569       -0.00226293        0.00190086        0.00117564 
       -0.00009731       -0.00012743       -0.00021238       -0.00049929       -0.00256148        0.00215638        0.00134017 
       -0.00011242       -0.00014686       -0.00024398       -0.00057133       -0.00289497        0.00244264        0.00152550 
       -0.00012968       -0.00016899       -0.00027987       -0.00065279       -0.00326689        0.00276284        0.00173391 
       -0.00014938       -0.00019419       -0.00032059       -0.00074477       -0.00368094        0.00312040        0.00196793 
       -0.00017182       -0.00022282       -0.00036670       -0.00084845       -0.00414112        0.00351907        0.00223027 
       -0.00019735       -0.00025530       -0.00041885       -0.00096514       -0.00465172        0.00396283        0.00252390 
       -0.00022634       -0.00029209       -0.00047771       -0.00109625       -0.00521727        0.00445602        0.00285202 
       -0.00025921       -0.00033371       -0.00054408       -0.00124332       -0.00584263        0.00500323        0.00321812 
       -0.00029642       -0.00038071       -0.00061878       -0.00140805       -0.00653294        0.00560942        0.00362593 
       -0.00033849       -0.00043371       -0.00070271       -0.00159224       -0.00729363        0.00627986        0.00407948 
       -0.00038597       -0.00049337       -0.00079690       -0.00179787       -0.00813043        0.00702015        0.00458310 
       -0.00043947       -0.00056045       -0.00090242       -0.00202706       -0.00904936        0.00783625        0.00514143 
       -0.00049967       -0.00063573       -0.00102045       -0.00228208       -0.01005673        0.00873446        0.00575942 
       -0.00056730       -0.00072008       -0.00115227       -0.00256540       -0.01115914        0.00972143        0.00644235 
       -0.00064314       -0.00081448       -0.00129927       -0.00287964       -0.01236343        0.01080418        0.00719584 
       -0.00072808       -0.00091993       -0.00146292       -0.00322760       -0.01367670        0.01199007        0.00802583 
       -0.00082305       -0.00103756       -0.00164485       -0.00361228       -0.01510630        0.01328679        0.00893863 
       -0.00092907       -0.00116856       -0.00184677       -0.00403683       -0.01665978        0.01470239        0.00994090 
       -0.00104724       -0.00131423       -0.00207053       -0.00450464       -0.01834485        0.01624522        0.01103961 
       -0.00117876       -0.00147595       -0.00231812       -0.00501924       -0.02016941        0.01792398        0.01224210 
       -0.00132488       -0.00165524       -0.00259162       -0.00558439       -0.02214146        0.01974763        0.01355606 
       -0.00148700       -0.00185366       -0.00289327       -0.00620403       -0.02426905        0.02172540        0.01498948 
       -0.00166655       -0.00207295       -0.00322547       -0.00688228       -0.02656031        0.02386677        0.01655069 
       -0.00186513       -0.00231490       -0.00359071       -0.00762343       -0.02902331        0.02618145        0.01824830 
       -0.00208440       -0.00258143       -0.00399165       -0.00843198       -0.03166605        0.02867931        0.02009122 
       -0.00232612       -0.00287458       -0.00443113       -0.00931255       -0.03449642        0.03137033        0.02208864 
       -0.00259217       -0.00319654       -0.00491205       -0.01026994       -0.03752213        0.03426465        0.02424993 
       -0.00288456       -0.00354954       -0.00543747       -0.01130911       -0.04075058        0.03737240        0.02658471 
       -0.00320536       -0.00393603       -0.00601055       -0.01243515       -0.04418885        0.04070371        0.02910274 
       -0.00355682       -0.00435846       -0.00663471       -0.01365320       -0.04784365        0.04426865        0.03181394 
       -0.00394121       -0.00481939       -0.00731348       -0.01496850       -0.05172119        0.04807717        0.03472826 
       -0.00436093       -0.00532173       -0.00805029       -0.01638643       -0.05582706        0.05213899        0.03785574 
       -0.00481859       -0.00586812       -0.00884892       -0.01791234       -0.06016629        0.05646360        0.04120634 
       -0.00531681       -0.00646158       -0.00971309       -0.01955163       -0.06474310        0.06106015        0.04479001 
       -0.00585819       -0.00710525       -0.01064675       -0.02130960       -0.06956095        0.06593734        0.04861650 
       -0.00644567       -0.00780211       -0.01165377       -0.02319158       -0.07462237        0.07110342        0.05269539 
       -0.00708213       -0.00855541       -0.01273824       -0.02520274       -0.07992891        0.07656598        0.05703599 
       -0.00777048       -0.00936848       -0.01390417       -0.02734816       -0.08548100        0.08233201        0.06164723 
       -0.00851381       -0.01024450       -0.01515568       -0.02963277       -0.09127809        0.08840784        0.06653755 
       -0.00931522       -0.01118707       -0.01649676       -0.03206111       -0.09731816        0.09479866        0.07171510 
       -0.01017790       -0.01219941       -0.01793145       -0.03463775       -0.10359806        0.10150908        0.07718726 
       -0.01110492       -0.01328503       -0.01946386       -0.03736664       -0.11011320        0.10854249        0.08296074 
       -0.01209955       -0.01444741       -0.02109783       -0.04025145       -0.11685777        0.11590133        0.08904156 
       -0.01316493       -0.01568985       -0.02283728       -0.04329558       -0.12382400        0.12358681        0.09543485 
       -0.01430441       -0.01701567       -0.02468580       -0.04650181       -0.13100320        0.13159873        0.10214487 
       -0.01552092       -0.01842833       -0.02664701       -0.04987243       -0.13838474        0.13993579        0.10917488 
       -0.01681772       -0.01993099       -0.02872411       -0.05340926       -0.14595634        0.14859530        0.11652684 
       -0.01819770       -0.02152660       -0.03092048       -0.05711336       -0.15370448        0.15757290        0.12420183 
       -0.01966375       -0.02321857       -0.03323856       -0.06098519       -0.16161384        0.16686296        0.13219951 
       -0.02121877       -0.02500928       -0.03568137       -0.06502429       -0.16966741        0.17645800        0.14051828 
       -0.02286556       -0.02690153       -0.03825066       -0.06922980       -0.17784674        0.18634933        0.14915505 
       -0.02460651       -0.02889756       -0.04094874       -0.07359969       -0.18613212        0.19652629        0.15810546 
       -0.02644371       -0.03099997       -0.04377659       -0.07813147       -0.19450167        0.20697647        0.16736344 
       -0.02837933       -0.03321046       -0.04673564       -0.08282115       -0.20293275        0.21768636        0.17692137 
       -0.03041561       -0.03553026       -0.04982619       -0.08766446       -0.21140122        0.22864015        0.18677023 
       -0.03255331       -0.03796138       -0.05304830       -0.09265600       -0.21988165        0.23982067        0.19689919 
       -0.03479457       -0.04050431       -0.05640122       -0.09778903       -0.22834750        0.25120920        0.20729581 
       -0.03714009       -0.04315937       -0.05988424       -0.10305616       -0.23677124        0.26278511        0.21794608 
       -0.03959016       -0.04592707       -0.06349550       -0.10844918       -0.24512446        0.27452636        0.22883423 
       -0.04214512       -0.04880740       -0.06723242       -0.11395833       -0.25337821        0.28640983        0.23994263 
       -0.04480506       -0.05179889       -0.07109259       -0.11957327       -0.26150268        0.29840994        0.25125259 
       -0.04756936       -0.05490073       -0.07507198       -0.12528232       -0.26946825        0.31050092        0.26274329 
       -0.05043669       -0.05811143       -0.07916594       -0.13107371       -0.27724445        0.32265511        0.27439255 
       -0.05340585       -0.06142822       -0.08337018       -0.13693348       -0.28480083        0.33484358        0.28617698 
       -0.05647538       -0.06484857       -0.08767812       -0.14284781       -0.29210746        0.34703702        0.29807103 
       -0.05964196       -0.06836929       -0.09208420       -0.14880128       -0.29913503        0.35920453        0.31004876 
       -0.06290326       -0.07198656       -0.09658057       -0.15477803       -0.30585414        0.37131482        0.32208222 
       -0.06625593       -0.07569557       -0.10115933       -0.16076179       -0.31223655        0.38333553        0.33414286 
       -0.06969562       -0.07949120       -0.10581308       -0.16673452       -0.31825501        0.39523491        0.34620073 
       -0.07321848       -0.08336886       -0.11053038       -0.17267928       -0.32388306        0.40697944        0.35822532 
       -0.07681908       -0.08732176       -0.11530286       -0.17857683       -0.32909638        0.41853648        0.37018508 
       -0.08049222       -0.09134275       -0.12012011       -0.18440895       -0.33387110        0.42987317        0.38204837 
       -0.08423187       -0.09542563       -0.12497003       -0.19015574       -0.33818662        0.44095680        0.39378232 
       -0.08803173       -0.09956145       -0.12984177       -0.19579905       -0.34202242        0.45175505        0.40535408 
       -0.09188451       -0.10374387       -0.13472173       -0.20131804       -0.34536177        0.46223563        0.41673118 
       -0.09578355       -0.10796147       -0.13959928       -0.20669386       -0.34818891        0.47236833        0.42788079 
       -0.09972033       -0.11220776       -0.14445862       -0.21190700       -0.35049099        0.48212162        0.43877006 
       -0.10368741       -0.11647075       -0.14928806       -0.21693859       -0.35225719        0.49146762        0.44936687 
       -0.10767539       -0.12074160       -0.15407377       -0.22176920       -0.35347950        0.50037766        0.45963979 
       -0.11167562       -0.12501021       -0.15880007       -0.22638112       -0.35415295        0.50882512        0.46955726 
       -0.11567850       -0.12926508       -0.16345465       -0.23075621       -0.35427424        0.51678479        0.47909003 
       -0.11967567       -0.13349497       -0.16802150       -0.23487753       -0.35384288        0.52423358        0.48820856 
       -0.12365524       -0.13768920       -0.17248856       -0.23872803       -0.35286313        0.53114873        0.49688607 
       -0.12760988       -0.14183608       -0.17683831       -0.24229327       -0.35133797        0.53751135        0.50509489 
       -0.13152681       -0.14592464       -0.18105808       -0.24555877       -0.34927711        0.54330295        0.51281166 
       -0.13539679       -0.14994326       -0.18513331       -0.24851102       -0.34669039        0.54850751        0.52001190 
       -0.13920929       -0.15388052       -0.18904996       -0.25113875       -0.34359008        0.55311137        0.52667516 
       -0.14295517       -0.15772261       -0.19279613       -0.25342917       -0.33999363        0.55710310        0.53278202 
       -0.14662045       -0.16146155       -0.19635804       -0.25537479       -0.33591616        0.56047356        0.53831404 
       -0.15019915       -0.16508451       -0.19972141       -0.25696644       -0.33138004        0.56321621        0.54325646 
       -0.15367970       -0.16857888       -0.20287573       -0.25819850       -0.32640579        0.56532425        0.54759634 
       -0.15705054       -0.17193502       -0.20581168       -0.25906444       -0.32101929        0.56679773        0.55132186 
       -0.16030382       -0.17514224       -0.20851509       -0.25956348       -0.31524462        0.56763405        0.55442601 
       -0.16342898       -0.17819190       -0.21097709       -0.25969142       -0.30910829        0.56783742        0.55690020 
       -0.16641739       -0.18107180       -0.21319067       -0.25944892       -0.30263942        0.56740981        0.55874157 
       -0.16925986       -0.18377370       -0.21514565       -0.25883806       -0.29586813        0.56635886        0.55994856 
       -0.17194812       -0.18628925       -0.21683526       -0.25786006       -0.28882569        0.56469345        0.56052083 
       -0.17447430       -0.18861125       -0.21825285       -0.25652060       -0.28154105        0.56242305        0.56046158 
       -0.17683013       -0.19073078       -0.21939522       -0.25482523       -0.27404714        0.55956227        0.55977458 
       -0.17900968       -0.19264179       -0.22025621       -0.25278118       -0.26637605        0.55612087        0.55847043 
       -0.18100658       -0.19433707       -0.22083277       -0.25039783       -0.25856164        0.55211890        0.55655438 
       -0.18281418       -0.19581285       -0.22112373       -0.24768558       -0.25063178        0.54757291        0.55403996 
       -0.18442999       -0.19706078       -0.22112867       -0.24465489       -0.24262208        0.54250246        0.55093914 
       -0.18584602       -0.19808049       -0.22084661       -0.24132052       -0.23456034        0.53692603        0.54726815 
       -0.18706000       -0.19886690       -0.22028026       -0.23769423       -0.22648002        0.53086668        0.54304290 
       -0.18806568       -0.19942275       -0.21942930       -0.23379323       -0.21840756        0.52434689        0.53828180 
       -0.18886578       -0.19973917       -0.21829905       -0.22963053       -0.21037380        0.51739061        0.53300524 
       -0.18945377       -0.19982100       -0.21689397       -0.22522388       -0.20240480        0.51002038        0.52723396 
       -0.18983176       -0.19966391       -0.21521853       -0.22059216       -0.19452600        0.50226462        0.52098918 
       -0.18999723       -0.19927146       -0.21328023       -0.21575095       -0.18676291        0.49414611        0.51429605 
       -0.18994911       -0.19864589       -0.21108648       -0.21071956       -0.17913763        0.48569244        0.50717747 
       -0.18969022       -0.19778857       -0.20864308       -0.20551816       -0.17167081        0.47692859        0.49965978 
       -0.18922231       -0.19670135       -0.20596123       -0.20016441       -0.16438144        0.46788168        0.49176776 
       -0.18854593       -0.19539045       -0.20304917       -0.19467731       -0.15728915        0.45857981        0.48352635 
       -0.18766442       -0.19385824       -0.19991879       -0.18907626       -0.15040925        0.44904441        0.47496465 
       -0.18658155       -0.19211258       -0.19657867       -0.18338047       -0.14375494        0.43930656        0.46610737 
       -0.18529859       -0.19015706       -0.19304527       -0.17760843       -0.13733906        0.42939055        0.45698160 
       -0.18382235       -0.18799973       -0.18932489       -0.17177869       -0.13117182        0.41931927        0.44761479 
       -0.18215896       -0.18564525       -0.18543231       -0.16591120       -0.12525904        0.40912089        0.43803251 
       -0.18030980       -0.18310450       -0.18137971       -0.16002156       -0.11961226        0.39881593        0.42826104 
       -0.17828202       -0.18038309       -0.17718279       -0.15412767       -0.11423331        0.38842902        0.41832724 
       -0.17608207       -0.17749344       -0.17285068       -0.14824471       -0.10912561        0.37798497        0.40825453 
       -0.17371824       -0.17443657       -0.16840111       -0.14239019       -0.10429228        0.36750239        0.39806893 
       -0.17119336       -0.17122827       -0.16384459       -0.13657989       -0.09973145        0.35700238        0.38779420 
       -0.16852076       -0.16787170       -0.15919644       -0.13082731       -0.09544216        0.34650838        0.37745231 
       -0.16569977       -0.16438404       -0.15446867       -0.12514456       -0.09142501        0.33603528        0.36706764 
       -0.16274549       -0.16077161       -0.14967299       -0.11954409       -0.08767059        0.32560205        0.35665977 
       -0.15966122       -0.15704413       -0.14482506       -0.11403877       -0.08417705        0.31522635        0.34624985 
       -0.15645657       -0.15321212       -0.13993493       -0.10863885       -0.08093873        0.30492315        0.33585942 
       -0.15313904       -0.14928363       -0.13501932       -0.10335377       -0.07794634        0.29470599        0.32550398 
       -0.14971772       -0.14526919       -0.13008744       -0.09819314       -0.07519417        0.28459486        0.31520033 
       -0.14619964       -0.14118370       -0.12514830       -0.09316273       -0.07267189        0.27459311        0.30496803 
       -0.14259331       -0.13703145       -0.12021837       -0.08826966       -0.07036993        0.26471794        0.29482099 
       -0.13890845       -0.13282308       -0.11530498       -0.08352149       -0.06828001        0.25497955        0.28477412 
       -0.13515303       -0.12856670       -0.11042067       -0.07892159       -0.06639009        0.24538721        0.27483839 
       -0.13133195       -0.12427689       -0.10557224       -0.07447545       -0.06469124        0.23594832        0.26502785 
       -0.12745573       -0.11996082       -0.10077080       -0.07018343       -0.06316907        0.22667265        0.25535312 
       -0.12353274       -0.11562319       -0.09602654       -0.06604829       -0.06181919        0.21756762        0.24582234 
       -0.11957105       -0.11127774       -0.09134202       -0.06207286       -0.06062330        0.20863472        0.23644738 
       -0.11557355       -0.10693221       -0.08672919       -0.05825799       -0.05957575        0.19988251        0.22723415 
       -0.11155308       -0.10259289       -0.08219326       -0.05460330       -0.05865981        0.19131339        0.21819031 
       -0.10751749       -0.09826382       -0.07773948       -0.05110828       -0.05786962        0.18293455        0.20932096 
       -0.10346817       -0.09395917       -0.07337669       -0.04776864       -0.05719435        0.17474416        0.20063171 
       -0.09941795       -0.08967962       -0.06910590       -0.04458750       -0.05662117        0.16674647        0.19212772 
       -0.09536856       -0.08543726       -0.06493269       -0.04155874       -0.05613978        0.15894270        0.18381251 
       -0.09132627       -0.08123704       -0.06086150       -0.03868083       -0.05574401        0.15133348        0.17568806 
       -0.08729897       -0.07708307       -0.05689448       -0.03595113       -0.05542003        0.14391850        0.16775639 
       -0.08329631       -0.07297368       -0.05303722       -0.03336619       -0.05516199        0.13669798        0.16001955 
       -0.07931524       -0.06892688       -0.04928862       -0.03091849       -0.05495871        0.12967247        0.15247729 
       -0.07536650       -0.06494231       -0.04564967       -0.02860430       -0.05480855        0.12283915        0.14513019 
       -0.07145111       -0.06102130       -0.04212430       -0.02642611       -0.05469307        0.11619528        0.13798040 
       -0.06757636       -0.05717042       -0.03871115       -0.02437094       -0.05461618        0.10974196        0.13102272 
       -0.06374677       -0.05339149       -0.03541285       -0.02243643       -0.05456435        0.10347518        0.12425882 
       -0.05996649       -0.04968619       -0.03222752       -0.02061925       -0.05453385        0.09739269        0.11768590 
       -0.05623801       -0.04605804       -0.02915443       -0.01891388       -0.05451935        0.09149313        0.11130188 
       -0.05256336       -0.04251249       -0.02619564       -0.01731219       -0.05451293        0.08577091        0.10510644 
       -0.04894771       -0.03904990       -0.02334440       -0.01581293       -0.05451341        0.08022428        0.09909242 
       -0.04539564       -0.03566785       -0.02060379       -0.01440988       -0.05451447        0.07485044        0.09326123 
       -0.04190501       -0.03237478       -0.01797089       -0.01309547       -0.05451484        0.06964414        0.08760840 
       -0.03848100       -0.02916544       -0.01544514       -0.01186930       -0.05450673        0.06460250        0.08213101 
       -0.03512897       -0.02603967       -0.01302372       -0.01072007       -0.05449009        0.05972239        0.07682419 
       -0.03184167       -0.02300778       -0.01070313       -0.00964945       -0.05446158        0.05500184        0.07168433 
       -0.02862861       -0.02006041       -0.00848132       -0.00864923       -0.05441885        0.05043197        0.06671064 
       -0.02548888       -0.01720013       -0.00635719       -0.00771702       -0.05435900        0.04601327        0.06189486 
       -0.02242215       -0.01442998       -0.00432539       -0.00684537       -0.05428426        0.04174033        0.05723779 
       -0.01942939       -0.01174677       -0.00238638       -0.00603232       -0.05418763        0.03761130        0.05273015 
       -0.01651556       -0.00914756       -0.00053620       -0.00527298       -0.05407132        0.03361793        0.04837341 
       -0.01367772       -0.00663448        0.00122818       -0.00456253       -0.05393311        0.02976004        0.04415935 
       -0.01091640       -0.00420700        0.00291123       -0.00390159       -0.05377227        0.02603410        0.04008655 
       -0.00823294       -0.00186179        0.00451268       -0.00328209       -0.05358939        0.02243213        0.03615087 
       -0.00562499        0.00039698        0.00604011       -0.00270205       -0.05338478        0.01895456        0.03234763 
       -0.00309510        0.00257616        0.00749255       -0.00215925       -0.05315614        0.01559821        0.02867241 
       -0.00064247        0.00467802        0.00887163       -0.00164901       -0.05290577        0.01235536        0.02512321 
        0.00173458        0.00669848        0.01018364       -0.00116941       -0.05263180        0.00922760        0.02169453 
        0.00403612        0.00864254        0.01142945       -0.00071738       -0.05233745        0.00620723        0.01838414 
        0.00626091        0.01051269        0.01261388       -0.00029251       -0.05202064        0.00329146        0.01518866 
        0.00841142        0.01230675        0.01373804        0.00011125       -0.05168229        0.00048034        0.01210152 
        0.01048927        0.01402984        0.01480378        0.00049239       -0.05132443       -0.00223431        0.00912398 
        0.01249381        0.01568140        0.01581677        0.00085364       -0.05094421       -0.00485076        0.00624828 
        0.01442501        0.01726735        0.01677480        0.00119891       -0.05054754       -0.00737374        0.00347261 
        0.01628750        0.01878189        0.01768541        0.00152914       -0.05013265       -0.00980823        0.00079459 
        0.01808022        0.02023546        0.01854400        0.00184353       -0.04969820       -0.01215814       -0.00178926 
        0.01980370        0.02162163        0.01936437        0.00214449       -0.04924874       -0.01441956       -0.00428125 
        0.02145785        0.02295182        0.02013534        0.00243560       -0.04878233       -0.01659963       -0.00668697 
        0.02305003        0.02421828        0.02086599        0.00271760       -0.04830210       -0.01870255       -0.00900559 
        0.02457557        0.02542862        0.02155835        0.00298870       -0.04780561       -0.02072914       -0.01124291 
        0.02603815        0.02658154        0.02221433        0.00325160       -0.04729824       -0.02268028       -0.01340164 
        0.02743954        0.02768035        0.02283351        0.00350768       -0.04677714       -0.02455957       -0.01548268 
        0.02877931        0.02872681        0.02341955        0.00375693       -0.04624273       -0.02637042       -0.01748790 
        0.03005990        0.02972304        0.02397413        0.00399965       -0.04569907       -0.02811703       -0.01942073 
        0.03128337        0.03066902        0.02449653        0.00424028       -0.04514800       -0.02979608       -0.02128527 
        0.03245121        0.03156954        0.02498854        0.00447422       -0.04458532       -0.03141330       -0.02308086 
        0.03356459        0.03242187        0.02545555        0.00470261       -0.04401314       -0.03296791       -0.02481276 
        0.03462297        0.03323128        0.02589576        0.00492897       -0.04343557       -0.03446583       -0.02648082 
        0.03563160        0.03399536        0.02631259        0.00515041       -0.04284972       -0.03590581       -0.02808836 
        0.03659027        0.03471936        0.02670213        0.00537140       -0.04225771       -0.03729214       -0.02963567 
        0.03749903        0.03540330        0.02707199        0.00558734       -0.04166086       -0.03862411       -0.03112793 
        0.03835965        0.03605120        0.02741772        0.00580134       -0.04105815       -0.03990647       -0.03256169 
        0.03917590        0.03665845        0.02774594        0.00601406       -0.04045279       -0.04113694       -0.03394474 
        0.03994629        0.03723211        0.02805245        0.00622451       -0.03984250       -0.04231910       -0.03527494 
        0.04067507        0.03777128        0.02834055        0.00643104       -0.03922935       -0.04345624       -0.03655535 
        0.04135996        0.03827765        0.02861157        0.00663635       -0.03861187       -0.04454745       -0.03778681 
        0.04200643        0.03874988        0.02886663        0.00684108       -0.03799564       -0.04559578       -0.03897198 
        0.04261246        0.03919320        0.02910489        0.00704424       -0.03737675       -0.04659949       -0.04011206 
        0.04318239        0.03960602        0.02932775        0.00724413       -0.03675582       -0.04756470       -0.04120740 
        0.04371459        0.03999202        0.02953634        0.00744300       -0.03613552       -0.04849100       -0.04225922 
        0.04421228        0.04034777        0.02973134        0.00764105       -0.03551386       -0.04937683       -0.04327187 
        0.04467351        0.04068309        0.02991112        0.00783590       -0.03489323       -0.05022527       -0.04424401 
        0.04510386        0.04098864        0.03007911        0.00803220       -0.03427415       -0.05104147       -0.04517680 
        0.04550232        0.04127135        0.03023473        0.00822391       -0.03365399       -0.05181874       -0.04607397 
        0.04587089        0.04152961        0.03038056        0.00841329       -0.03303562       -0.05256456       -0.04693300 
        0.04620986        0.04176613        0.03051374        0.00860451       -0.03242220       -0.05327547       -0.04775907 
        0.04651990        0.04198325        0.03063437        0.00879090       -0.03180674       -0.05395792       -0.04854995 
        0.04680206        0.04217823        0.03074727        0.00897775       -0.03119642       -0.05460992       -0.04930682 
        0.04706075        0.04235268        0.03084908        0.00916113       -0.03058654       -0.05522920       -0.05003347 
        0.04729302        0.04250764        0.03094232        0.00934436       -0.02998090       -0.05582078       -0.05073030 
        0.04749965        0.04264822        0.03102661        0.00952305       -0.02937891       -0.05638567       -0.05139613 
        0.04768457        0.04276728        0.03110292        0.00970208       -0.02878013       -0.05692312       -0.05203243 
        0.04784728        0.04287028        0.03117025        0.00987763       -0.02818333       -0.05743353       -0.05264120 
        0.04798695        0.04295978        0.03122894        0.01005223       -0.02759206       -0.05791925       -0.05322361 
        0.04810853        0.04303107        0.03128013        0.01022400       -0.02700317       -0.05838141       -0.05377847 
        0.04820813        0.04308942        0.03132603        0.01039388       -0.02642088       -0.05881816       -0.05430923 
        0.04829109        0.04313349        0.03136048        0.01056274       -0.02584244       -0.05923370       -0.05481346 
        0.04835518        0.04316344        0.03139112        0.01072755       -0.02526736       -0.05962574       -0.05529553 
        0.04840107        0.04317989        0.03141591        0.01089215       -0.02469769       -0.05999750       -0.05575266 
        0.04842874        0.04318641        0.03143398        0.01105253       -0.02413300       -0.06034827       -0.05618735 
        0.04844362        0.04318083        0.03144393        0.01120932       -0.02357095       -0.06067783       -0.05660161 
        0.04844278        0.04316105        0.03145006        0.01136672       -0.02301627       -0.06098917       -0.05699314 
        0.04842779        0.04313146        0.03145020        0.01151970       -0.02246541       -0.06127930       -0.05736594 
        0.04839724        0.04309268        0.03144459        0.01167107       -0.02192007       -0.06155328       -0.05771768 
        0.04835271        0.04304438        0.03143521        0.01181970       -0.02138147       -0.06180739       -0.05805065 
        0.04829887        0.04298501        0.03141916        0.01196547       -0.02084784       -0.06204465       -0.05836454 
        0.04822914        0.04291891        0.03139973        0.01210785       -0.02031870       -0.06226571       -0.05866061 
        0.04815082        0.04284162        0.03137365        0.01225046       -0.01979673       -0.06247081       -0.05893888 
        0.04806116        0.04275680        0.03134507        0.01238653       -0.01927869       -0.06265964       -0.05919990 
        0.04795979        0.04266513        0.03131060        0.01252314       -0.01876731       -0.06283203       -0.05944519 
        0.04784851        0.04256668        0.03127187        0.01265680       -0.01826131       -0.06299061       -0.05967437 
        0.04772726        0.04246049        0.03123071        0.01278556       -0.01776119       -0.06313708       -0.05988596 
        0.04759942        0.04234412        0.03118548        0.01291393       -0.01726718       -0.06326720       -0.06008440 
        0.04746110        0.04222504        0.03113588        0.01303828       -0.01677856       -0.06338505       -0.06026798 
        0.04731595        0.04209724        0.03108389        0.01315928       -0.01629587       -0.06348836       -0.06043723 
        0.04716150        0.04196581        0.03102694        0.01327849       -0.01581903       -0.06358097       -0.06059173 
        0.04700085        0.04182726        0.03096740        0.01339508       -0.01534891       -0.06366031       -0.06073354 
        0.04683395        0.04168295        0.03090493        0.01350813       -0.01488347       -0.06372693       -0.06086303 
        0.04665821        0.04153668        0.03083793        0.01361967       -0.01442567       -0.06378324       -0.06097940 
        0.04647651        0.04138517        0.03076807        0.01372803       -0.01397368       -0.06382686       -0.06108364 
        0.04629027        0.04122756        0.03069578        0.01383331       -0.01352610       -0.06386064       -0.06117633 
        0.04609618        0.04106750        0.03062144        0.01393536       -0.01308533       -0.06388386       -0.06125729 
        0.04590049        0.04090013        0.03054362        0.01403601       -0.01265103       -0.06389685       -0.06132650 
        0.04569560        0.04073300        0.03046290        0.01413413       -0.01222268       -0.06390196       -0.06138493 
        0.04548900        0.04055829        0.03038140        0.01422831       -0.01179992       -0.06389427       -0.06143428 
        0.04527565        0.04038507        0.03029490        0.01432053       -0.01138317       -0.06387883       -0.06147227 
        0.04506005        0.04020422        0.03020934        0.01440895       -0.01097187       -0.06385505       -0.06150056 
        0.04484102        0.04002188        0.03011861        0.01449532       -0.01056728       -0.06382166       -0.06151956 
        0.04461714        0.03983666        0.03002706        0.01457967       -0.01016806       -0.06378105       -0.06152891 
        0.04439013        0.03964905        0.02993340        0.01465964       -0.00977407       -0.06373176       -0.06152950 
        0.04416038        0.03945748        0.02983904        0.01473820       -0.00938679       -0.06367439       -0.06152087 
        0.04392783        0.03926378        0.02974197        0.01481366       -0.00900519       -0.06360905       -0.06150521 
        0.04369131        0.03907100        0.02964110        0.01488710       -0.00863046       -0.06353535       -0.06148100 
        0.04345379        0.03887176        0.02954227        0.01495769       -0.00826067       -0.06345785       -0.06144686 
        0.04321110        0.03867524        0.02943890        0.01502576       -0.00789626       -0.06337070       -0.06140673 
        0.04296800        0.03847411        0.02933543        0.01509133       -0.00753754       -0.06327647       -0.06135967 
        0.04272400        0.03827095        0.02922929        0.01515518       -0.00718550       -0.06317599       -0.06130503 
        0.04247823        0.03806672        0.02912213        0.01521620       -0.00683960       -0.06307103       -0.06124149 
        0.04222939        0.03786227        0.02901350        0.01527282       -0.00649665       -0.06295921       -0.06117307 
        0.04197866        0.03765602        0.02890432        0.01532927       -0.00616173       -0.06284027       -0.06109768 
        0.04172859        0.03744697        0.02879402        0.01538200       -0.00583059       -0.06271715       -0.06101504 
        0.04147612        0.03723817        0.02868097        0.01543336       -0.00550606       -0.06258726       -0.06092726 
        0.04122136        0.03703062        0.02856681        0.01548186       -0.00518709       -0.06245312       -0.06083277 
        0.04096764        0.03681883        0.02845331        0.01552772       -0.00487362       -0.06231327       -0.06073339 
        0.04071274        0.03660692        0.02833744        0.01557148       -0.00456434       -0.06217092       -0.06062602 
        0.04045560        0.03639647        0.02822023        0.01561366       -0.00426143       -0.06201886       -0.06051633 
        0.04019938        0.03618313        0.02810343        0.01565308       -0.00396387       -0.06186551       -0.06039867 
        0.03994222        0.03597047        0.02798412        0.01569037       -0.00367038       -0.06170638       -0.06027782 
        0.03968456        0.03575704        0.02786502        0.01572499       -0.00338318       -0.06154339       -0.06015086 
        0.03942717        0.03554284        0.02774636        0.01575671       -0.00310074       -0.06137484       -0.06002040 
        0.03916794        0.03532992        0.02762511        0.01578782       -0.00282373       -0.06120433       -0.05988419 
        0.03891063        0.03511448        0.02750340        0.01581710       -0.00255141       -0.06103010       -0.05974306 
        0.03865290        0.03490012        0.02738015        0.01584391       -0.00228459       -0.06085153       -0.05959827 
        0.03839488        0.03468511        0.02725884        0.01586656       -0.00202065       -0.06066853       -0.05944911 
        0.03813707        0.03447109        0.02713431        0.01588977       -0.00176406       -0.06048158       -0.05929698 
        0.03787891        0.03425644        0.02701059        0.01591057       -0.00151106       -0.06029312       -0.05913885 
        0.03762130        0.03404358        0.02688514        0.01592794       -0.00126255       -0.06010063       -0.05897774 
        0.03736428        0.03382890        0.02676012        0.01594464       -0.00101861       -0.05990501       -0.05881284 
        0.03710872        0.03361338        0.02663485        0.01596013       -0.00078192       -0.05970520       -0.05864513 
        0.03685118        0.03340166        0.02650878        0.01597206       -0.00054794       -0.05950281       -0.05847360 
        0.03659724        0.03318692        0.02638172        0.01598248       -0.00031782       -0.05929823       -0.05829893 
        0.03634242        0.03297418        0.02625496        0.01599087       -0.00009241       -0.05909161       -0.05812053 
        0.03608671        0.03276191        0.02612834        0.01599835        0.00012824       -0.05888137       -0.05793904 
        0.03583340        0.03254948        0.02600058        0.01600442        0.00034433       -0.05866851       -0.05775511 
        0.03557964        0.03233870        0.02587327        0.01600768        0.00055637       -0.05845366       -0.05756767 
        0.03532847        0.03212671        0.02574483        0.01600916        0.00076355       -0.05823669       -0.05737811 
        0.03507753        0.03191579        0.02561645        0.01600975        0.00096729       -0.05801699       -0.05718583 
        0.03482742        0.03170501        0.02548921        0.01600799        0.00116549       -0.05779590       -0.05698983 
        0.03457781        0.03149585        0.02535957        0.01600613        0.00135972       -0.05757116       -0.05679305 
        0.03433083        0.03128562        0.02523001        0.01600192        0.00155102       -0.05734524       -0.05659293 
        0.03408219        0.03107941        0.02510072        0.01599518        0.00173790       -0.05711898       -0.05638996 
        0.03383689        0.03086999        0.02497213        0.01598797        0.00192007       -0.05688900       -0.05618571 
        0.03359140        0.03066326        0.02484298        0.01597910        0.00209897       -0.05665854       -0.05597907 
        0.03334706        0.03045710        0.02471333        0.01596909        0.00227290       -0.05642588       -0.05577001 
        0.03310423        0.03025128        0.02458464        0.01595620        0.00244498       -0.05619192       -0.05555952 
        0.03286195        0.03004758        0.02445407        0.01594330        0.00261259       -0.05595633       -0.05534640 
        0.03262078        0.02984346        0.02432543        0.01592875        0.00277568       -0.05571906       -0.05513217 
        0.03238192        0.02964076        0.02419522        0.01591176        0.00293592       -0.05548057       -0.05491574 
        0.03214291        0.02943851        0.02406628        0.01589429        0.00309307       -0.05524054       -0.05469809 
        0.03190628        0.02923636        0.02393750        0.01587597        0.00324454       -0.05499992       -0.05447875 
        0.03167003        0.02903595        0.02380869        0.01585511        0.00339442       -0.05475689       -0.05425787 
        0.03143451        0.02883721        0.02367937        0.01583363        0.00354094       -0.05451392       -0.05403553 
        0.03120125        0.02863882        0.02354988        0.01581152        0.00368240       -0.05426960       -0.05381180 
        0.03097028        0.02843966        0.02342158        0.01578682        0.00382220       -0.05402458       -0.05358654 
        0.03073955        0.02824240        0.02329316        0.01576182        0.00395812       -0.05377935       -0.05335927 
        0.03050955        0.02804692        0.02316424        0.01573590        0.00409034       -0.05353130       -0.05313230 
        0.03028071        0.02785305        0.02303543        0.01570774        0.00422010       -0.05328348       -0.05290363 
        0.03005354        0.02765942        0.02290669        0.01567978        0.00434577       -0.05303583       -0.05267291 
        0.02982928        0.02746440        0.02277928        0.01565047        0.00446888       -0.05278639       -0.05244242 
        0.02960442        0.02727348        0.02265097        0.01561964        0.00458868       -0.05253638       -0.05221028 
        0.02938113        0.02708220        0.02252359        0.01558829        0.00470606       -0.05228483       -0.05197758 
        0.02916027        0.02689182        0.02239567        0.01555551        0.00481956       -0.05203452       -0.05174402 
        0.02894053        0.02670266        0.02226797        0.01552167        0.00493128       -0.05178317       -0.05150928 
        0.02872159        0.02651460        0.02214095        0.01548752        0.00503848       -0.05153007       -0.05127440 
        0.02850313        0.02632812        0.02201479        0.01545136        0.00514409       -0.05127816       -0.05103816 
        0.02828792        0.02614168        0.02188791        0.01541490        0.00524676       -0.05102468       -0.05080148 
        0.02807373        0.02595596        0.02176153        0.01537763        0.00534647       -0.05077095       -0.05056424 
        0.02786062        0.02577227        0.02163563        0.01533897        0.00544307       -0.05051737       -0.05032644 
        0.02764845        0.02558942        0.02150999        0.01529963        0.00553760       -0.05026470       -0.05008738 
        0.02743767        0.02540770        0.02138476        0.01525927        0.00562929       -0.05001035       -0.04984847 
        0.02722892        0.02522701        0.02125908        0.01521862        0.00571859       -0.04975630       -0.04960876 
        0.02702156        0.02504633        0.02113461        0.01517695        0.00580503       -0.04950198       -0.04936871 
        0.02681544        0.02486767        0.02100976        0.01513458        0.00588918       -0.04924648       -0.04912873 
        0.02661062        0.02468925        0.02088554        0.01509188        0.00597035       -0.04899297       -0.04888793 
        0.02640741        0.02451220        0.02076235        0.01504755        0.00604968       -0.04873816       -0.04864669 
        0.02620519        0.02433694        0.02063840        0.01500262        0.00612687       -0.04848308       -0.04840550 
        0.02600455        0.02416227        0.02051602        0.01495633        0.00620122       -0.04822872       -0.04816386 
        0.02580530        0.02398864        0.02039257        0.01491093        0.00627349       -0.04797456       -0.04792179 
        0.02560665        0.02381660        0.02027022        0.01486439        0.00634307       -0.04771964       -0.04768007 
        0.02541057        0.02364473        0.02014795        0.01481709        0.00641122       -0.04746477       -0.04743864 
        0.02521599        0.02347330        0.02002692        0.01476874        0.00647651       -0.04721031       -0.04719649 
        0.02502159        0.02330464        0.01990534        0.01471977        0.00654045       -0.04695691       -0.04695392 
        0.02482924        0.02313603        0.01978439        0.01467104        0.00660122       -0.04670241       -0.04671203 
        0.02463820        0.02296889        0.01966344        0.01462123        0.00666075       -0.04644865       -0.04646993 
        0.02444834        0.02280267        0.01954327        0.01457086        0.00671758       -0.04619536       -0.04622749 
        0.02425962        0.02263734        0.01942436        0.01451947        0.00677337       -0.04594255       -0.04598507 
        0.02407289        0.02247309        0.01930453        0.01446848        0.00682584       -0.04568978       -0.04574265 
        0.02388685        0.02230988        0.01918568        0.01441697        0.00687752       -0.04543701       -0.04550080 
        0.02370286        0.02214719        0.01906720        0.01436475        0.00692626       -0.04518471       -0.04525898 
        0.02351964        0.02198621        0.01894943        0.01431120        0.00697443       -0.04493313       -0.04501722 
        0.02333702        0.02182706        0.01883185        0.01425747        0.00702049       -0.04468134       -0.04477578 
        0.02315712        0.02166770        0.01871478        0.01420319        0.00706444       -0.04443011       -0.04453456 
        0.02297889        0.02150803        0.01859802        0.01414991        0.00710654       -0.04417960       -0.04429333 
        0.02280048        0.02135214        0.01848113        0.01409505        0.00714744       -0.04392985       -0.04405212 
        0.02262410        0.02119584        0.01836525        0.01403985        0.00718622       -0.04367963       -0.04381164 
        0.02244898        0.02104046        0.01824997        0.01398476        0.00722342       -0.04343019       -0.04357133 
        0.02227473        0.02088635        0.01813545        0.01392889        0.00725824       -0.04318193       -0.04333093 
        0.02210135        0.02073410        0.01802080        0.01387214        0.00729286       -0.04293318       -0.04309107 
        0.02193078        0.02058091        0.01790724        0.01381583        0.00732439       -0.04268524       -0.04285225 
        0.02176046        0.02043052        0.01779317        0.01375873        0.00735520       -0.04243786       -0.04261345 
        0.02159114        0.02028095        0.01767992        0.01370162        0.00738462       -0.04219079       -0.04237524 
        0.02142409        0.02013087        0.01756754        0.01364429        0.00741265       -0.04194519       -0.04213659 
        0.02125759        0.01998329        0.01745478        0.01358651        0.00743885       -0.04169991       -0.04189847 
        0.02109272        0.01983555        0.01734330        0.01352869        0.00746379       -0.04145510       -0.04166093 
        0.02092809        0.01968945        0.01723301        0.01346979        0.00748724       -0.04121087       -0.04142423 
        0.02076623        0.01954432        0.01712169        0.01341087        0.00750909       -0.04096696       -0.04118783 
        0.02060425        0.01940041        0.01701141        0.01335200        0.00753010       -0.04072448       -0.04095174 
        0.02044358        0.01925739        0.01690167        0.01329294        0.00754909       -0.04048251       -0.04071619 
        0.02028519        0.01911439        0.01679217        0.01323390        0.00756728       -0.04023992       -0.04048210 
        0.02012668        0.01897297        0.01668393        0.01317418        0.00758456       -0.03999929       -0.04024737 
        0.01997048        0.01883213        0.01657538        0.01311455        0.00759976       -0.03975888       -0.04001364 
        0.01981405        0.01869347        0.01646785        0.01305448        0.00761421       -0.03951988       -0.03978008 
        0.01966007        0.01855463        0.01636023        0.01299433        0.00762763       -0.03928123       -0.03954723 
        0.01950661        0.01841722        0.01625368        0.01293348        0.00763937       -0.03904290       -0.03931578 
        0.01935464        0.01828009        0.01614726        0.01287356        0.00765043       -0.03880551       -0.03908388 
        0.01920385        0.01814428        0.01604148        0.01281251        0.00766048       -0.03856922       -0.03885324 
        0.01905383        0.01800955        0.01593622        0.01275192        0.00766865       -0.03833370       -0.03862286 
        0.01890503        0.01787611        0.01583089        0.01269063        0.00767685       -0.03809832       -0.03839339 
        0.01875723        0.01774299        0.01572679        0.01262970        0.00768361       -0.03786477       -0.03816401 
        0.01861126        0.01761034        0.01562265        0.01256891        0.00768878       -0.03763103       -0.03793612 
        0.01846601        0.01747925        0.01551919        0.01250734        0.00769353       -0.03739858       -0.03770851 
        0.01832134        0.01734945        0.01541610        0.01244604        0.00769692       -0.03716699       -0.03748187 
        0.01817865        0.01721938        0.01531370        0.01238473        0.00769920       -0.03693585       -0.03725552 
        0.01803669        0.01709020        0.01521236        0.01232316        0.00770102       -0.03670591       -0.03703021 
        0.01789529        0.01696278        0.01511103        0.01226162        0.00770172       -0.03647702       -0.03680538 
        0.01775515        0.01683631        0.01500985        0.01219991        0.00770147       -0.03624803       -0.03658151 
        0.01761597        0.01671087        0.01490913        0.01213828        0.00770063       -0.03602093       -0.03635789 
        0.01747837        0.01658545        0.01480950        0.01207625        0.00769837       -0.03579414       -0.03613569 
        0.01734161        0.01646118        0.01470991        0.01201461        0.00769594       -0.03556879       -0.03591350 
        0.01720559        0.01633809        0.01461112        0.01195242        0.00769251       -0.03534326       -0.03569292 
        0.01707052        0.01621561        0.01451297        0.01189061        0.00768817       -0.03511936       -0.03547253 
        0.01693736        0.01609334        0.01441500        0.01182920        0.00768243       -0.03489634       -0.03525286 
        0.01680476        0.01597222        0.01431763        0.01176719        0.00767661       -0.03467388       -0.03503437 
        0.01667294        0.01585214        0.01422087        0.01170556        0.00766966       -0.03445276       -0.03481631 
        0.01654222        0.01573311        0.01412452        0.01164331        0.00766193       -0.03423243       -0.03459905 
        0.01641233        0.01561507        0.01402844        0.01158140        0.00765375       -0.03401261       -0.03438262 
        0.01628388        0.01549692        0.01393351        0.01151959        0.00764484       -0.03379421       -0.03416707 
        0.01615601        0.01538036        0.01383825        0.01145795        0.00763553       -0.03357672       -0.03395210 
        0.01602934        0.01526462        0.01374331        0.01139631        0.00762556       -0.03335984       -0.03373846 
        0.01590327        0.01514962        0.01364969        0.01133465        0.00761392       -0.03314383       -0.03352551 
        0.01577823        0.01503531        0.01355654        0.01127273        0.00760213       -0.03292879       -0.03331345 
        0.01565466        0.01492136        0.01346363        0.01121123        0.00759005       -0.03271469       -0.03310198 
        0.01553126        0.01480909        0.01337110        0.01114981        0.00757695       -0.03250198       -0.03289112 
        0.01540897        0.01469756        0.01327904        0.01108816        0.00756372       -0.03228940       -0.03268185 
        0.01528804        0.01458580        0.01318778        0.01102694        0.00754965       -0.03207804       -0.03247306 
        0.01516799        0.01447536        0.01309693        0.01096534        0.00753523       -0.03186811       -0.03226466 
        0.01504837        0.01436600        0.01300639        0.01090415        0.00752005       -0.03165872       -0.03205777 
        0.01493017        0.01425692        0.01291648        0.01084305        0.00750434       -0.03145031       -0.03185152 
        0.01481302        0.01414864        0.01282690        0.01078189        0.00748793       -0.03124299       -0.03164608 
        0.01469624        0.01404137        0.01273807        0.01072077        0.00747147       -0.03103663       -0.03144169 
        0.01458066        0.01393492        0.01264948        0.01065966        0.00745388       -0.03083153       -0.03123796 
        0.01446584        0.01382883        0.01256168        0.01059903        0.00743608       -0.03062683       -0.03103511 
        0.01435145        0.01372417        0.01247380        0.01053848        0.00741803       -0.03042313       -0.03083345 
        0.01423863        0.01361979        0.01238670        0.01047801        0.00739933       -0.03022052       -0.03063256 
        0.01412607        0.01351606        0.01230057        0.01041747        0.00738029       -0.03001925       -0.03043228 
        0.01401440        0.01341359        0.01221427        0.01035731        0.00736052       -0.02981868       -0.03023294 
        0.01390420        0.01331109        0.01212883        0.01029702        0.00734044       -0.02961871       -0.03003469 
        0.01379437        0.01320969        0.01204369        0.01023684        0.00732023       -0.02941963       -0.02983735 
        0.01368597        0.01310841        0.01195912        0.01017729        0.00729932       -0.02922226       -0.02964093 
        0.01357756        0.01300867        0.01187499        0.01011737        0.00727836       -0.02902548       -0.02944533 
        0.01347057        0.01290936        0.01179116        0.01005780        0.00725645       -0.02882976       -0.02925051 
        0.01336388        0.01281125        0.01170800        0.00999786        0.00723471       -0.02863496       -0.02905685 
        0.01325849        0.01271274        0.01162570        0.00993861        0.00721245       -0.02844106       -0.02886403 
        0.01315361        0.01261584        0.01154308        0.00987972        0.00718961       -0.02824828       -0.02867202 
        0.01304955        0.01251963        0.01146113        0.00982050        0.00716664       -0.02805635       -0.02848097 
        0.01294643        0.01242362        0.01138005        0.00976159        0.00714326       -0.02786541       -0.02829083 
        0.01284414        0.01232784        0.01129960        0.00970292        0.00711980       -0.02767533       -0.02810173 
        0.01274229        0.01223347        0.01121940        0.00964436        0.00709572       -0.02748656       -0.02791329 
        0.01264129        0.01214005        0.01113917        0.00958596        0.00707170       -0.02729867       -0.02772605 
        0.01254131        0.01204669        0.01106003        0.00952770        0.00704706       -0.02711144       -0.02753964 
        0.01244187        0.01195407        0.01098119        0.00946987        0.00702212       -0.02692576       -0.02735390 
        0.01234325        0.01186260        0.01090258        0.00941161        0.00699731       -0.02674051       -0.02716928 
        0.01224577        0.01177088        0.01082447        0.00935419        0.00697208       -0.02655640       -0.02698560 
        0.01214827        0.01168066        0.01074714        0.00929658        0.00694648       -0.02637332       -0.02680289 
        0.01205173        0.01159105        0.01067019        0.00923917        0.00692043       -0.02619102       -0.02662113 
        0.01195649        0.01150165        0.01059326        0.00918201        0.00689462       -0.02600999       -0.02644014 
        0.01186116        0.01141339        0.01051730        0.00912503        0.00686825       -0.02582974       -0.02626010 
        0.01176760        0.01132466        0.01044179        0.00906835        0.00684170       -0.02565050       -0.02608113 
        0.01167404        0.01123739        0.01036639        0.00901192        0.00681491       -0.02547261       -0.02590281 
        0.01158113        0.01115104        0.01029140        0.00895561        0.00678810       -0.02529520       -0.02572534 
        0.01148885        0.01106500        0.01021726        0.00889938        0.00676115       -0.02511868       -0.02554928 
        0.01139759        0.01097949        0.01014340        0.00884329        0.00673383       -0.02494342       -0.02537380 
        0.01130712        0.01089472        0.01006971        0.00878757        0.00670650       -0.02476900       -0.02519937 
        0.01121717        0.01081019        0.00999705        0.00873196        0.00667854       -0.02459569       -0.02502562 
        0.01112752        0.01072691        0.00992457        0.00867658        0.00665076       -0.02442329       -0.02485288 
        0.01103911        0.01064349        0.00985256        0.00862171        0.00662278       -0.02425168       -0.02468132 
        0.01095144        0.01056089        0.00978082        0.00856670        0.00659450       -0.02408090       -0.02451049 
        0.01086382        0.01047948        0.00970977        0.00851168        0.00656632       -0.02391164       -0.02434049 
        0.01077763        0.01039789        0.00963872        0.00845744        0.00653791       -0.02374258       -0.02417165 
        0.01069155        0.01031750        0.00956836        0.00840302        0.00650931       -0.02357535       -0.02400335 
        0.01060658        0.01023695        0.00949867        0.00834892        0.00648058       -0.02340846       -0.02383650 
        0.01052161        0.01015790        0.00942908        0.00829496        0.00645197       -0.02324273       -0.02367010 
        0.01043776        0.01007891        0.00936015        0.00824139        0.00642277       -0.02307801       -0.02350457 
        0.01035452        0.01000037        0.00929157        0.00818801        0.00639394       -0.02291382       -0.02334037 
        0.01027174        0.00992245        0.00922376        0.00813449        0.00636479       -0.02275099       -0.02317687 
        0.01018967        0.00984529        0.00915584        0.00808170        0.00633563       -0.02258904       -0.02301420 
        0.01010837        0.00976843        0.00908851        0.00802890        0.00630638       -0.02242800       -0.02285244 
        0.01002744        0.00969254        0.00902176        0.00797621        0.00627692       -0.02226767       -0.02269183 
        0.00994709        0.00961713        0.00895527        0.00792401        0.00624723       -0.02210857       -0.02253177 
        0.00986763        0.00954200        0.00888922        0.00787184        0.00621777       -0.02195013       -0.02237287 
        0.00978852        0.00946767        0.00882345        0.00782012        0.00618818       -0.02179284       -0.02221473 
        0.00971061        0.00939324        0.00875841        0.00776832        0.00615862       -0.02163651       -0.02205744 
        0.00963285        0.00931974        0.00869371        0.00771688        0.00612880       -0.02148121       -0.02190122 
        0.00955549        0.00924693        0.00862936        0.00766589        0.00609884       -0.02132679       -0.02174557 
        0.00947885        0.00917480        0.00856534        0.00761498        0.00606894       -0.02117287       -0.02159116 
        0.00940293        0.00910274        0.00850200        0.00756422        0.00603909       -0.02102039       -0.02143746 
        0.00932748        0.00903160        0.00843869        0.00751391        0.00600900       -0.02086818       -0.02128481 
        0.00925273        0.00896052        0.00837607        0.00746379        0.00597906       -0.02071786       -0.02113283 
        0.00917840        0.00889056        0.00831354        0.00741378        0.00594901       -0.02056747       -0.02098197 
        0.00910497        0.00882051        0.00825174        0.00736399        0.00591889       -0.02041822       -0.02083188 
        0.00903162        0.00875146        0.00819031        0.00731434        0.00588881       -0.02027030       -0.02068261 
        0.00895904        0.00868270        0.00812916        0.00726528        0.00585872       -0.02012329       -0.02053402 
        0.00888714        0.00861436        0.00806851        0.00721612        0.00582866       -0.01997662       -0.02038665 
        0.00881551        0.00854687        0.00800812        0.00716735        0.00579828       -0.01983116       -0.02024028 
        0.00874481        0.00847952        0.00794812        0.00711879        0.00576817       -0.01968641       -0.02009451 
        0.00867439        0.00841271        0.00788868        0.00707037        0.00573820       -0.01954294       -0.01994951 
        0.00860445        0.00834656        0.00782963        0.00702226        0.00570788       -0.01939997       -0.01980558 
        0.00853523        0.00828086        0.00777060        0.00697448        0.00567769       -0.01925814       -0.01966243 
        0.00846640        0.00821546        0.00771249        0.00692684        0.00564762       -0.01911712       -0.01952003 
        0.00839837        0.00815058        0.00765451        0.00687936        0.00561749       -0.01897688       -0.01937876 
        0.00833051        0.00808642        0.00759678        0.00683239        0.00558727       -0.01883747       -0.01923817 
