                  0.00000000                  0.00000000                  0.00000000                  0.00000000                  0.00000000                  0.00000000                  0.00000000                  0.00000000                  0.00000000                  0.00000000 
                  0.00000000                  0.00000000                  0.00000000                  0.00000000                  0.00000000 
                  0.00000000                  0.00000000                  0.00000000                  0.00000000                  0.00000000 
                  0.00000000                  0.00000000                  0.00000000                  0.00000000                  0.00000000 
                  0.00000000                  0.00000000                  0.00000000                  0.00000000                  0.00000000 
                  0.00000000                  0.00000000                  0.00000000                  0.00000000                  0.00000000 
                  0.00000000                  0.00000000                  0.00000000                  0.00000000                  0.00000000 
                  0.00000000                  0.00000000                  0.00000000                  0.00000000                  0.00000000 
                  0.00000000                  0.00000000                  0.00000000                  0.00000000                  0.00000000 
                  0.00000000                  0.00000000                  0.00000000                  0.00000000                  0.00000000 
                  0.00000000                  0.00000000                  0.00000000                  0.00000000                  0.00000000 
                  0.00000000                  0.00000000                  0.00000000                  0.00000000                  0.00000000 
                  0.00000000                  0.00000000                  0.00000000                  0.00000000                  0.00000000 
                  0.00000000                  0.00000000                  0.00000000                  0.00000000                  0.00000000 
                  0.00000000                  0.00000000                  0.00000000                  0.00000000                  0.00000000 
                  0.00000000                  0.00000000                  0.00000000                  0.00000000                  0.00000000 
                  0.00000000                  0.00000000                  0.00000000                  0.00000000                  0.00000000 
                  0.00000000                  0.00000000                  0.00000000                  0.00000000                  0.00000000 
                  0.00000000                  0.00000000                  0.00000000                  0.00000000                  0.00000000 
                  0.00000000                  0.00000000                  0.00000000                  0.00000000                  0.00000000 
                  0.00000000                  0.00000000                  0.00000000                  0.00000000                  0.00000000 
                  0.00000000                  0.00000000                  0.00000000                  0.00000000                  0.00000000 
                  0.00000000                  0.00000000                  0.00000000                  0.00000000                  0.00000000 
                  0.00000000                  0.00000000                  0.00000000                  0.00000000                  0.00000000 
                  0.00000000                  0.00000000                  0.00000000                  0.00000000                  0.00000000 
                  0.00000000                  0.00000000                  0.00000000                  0.00000000                  0.00000000 
                  0.00000000                  0.00000000                  0.00000000                  0.00000000                  0.00000000 
                  0.00000000                  0.00000000                  0.00000000                  0.00000000                  0.00000000 
                  0.00000000                  0.00000000                  0.00000000                  0.00000000                  0.00000000 
                  0.00000000                  0.00000000                  0.00000000                  0.00000000                  0.00000000 
                  0.00000000                  0.00000000                  0.00000000                  0.00000000                  0.00000000 
                  0.00000000                  0.00000000                  0.00000000                  0.00000000                  0.00000000 
                  0.00000000                  0.00000000                  0.00000000                  0.00000000                  0.00000000 
                  0.00000000                  0.00000000                  0.00000000                  0.00000000                  0.00000000 
                  0.00000000                  0.00000000                  0.00000000                  0.00000000                  0.00000000 
                  0.00000000                  0.00000000                  0.00000000                  0.00000000                  0.00000000 
                  0.00000000                  0.00000000                  0.00000000                  0.00000000                  0.00000000 
                  0.00000000                  0.00000000                  0.00000000                  0.00000000                  0.00000000 
                  0.00000000                  0.00000000                  0.00000000                  0.00000000                  0.00000000 
                  0.00000000                  0.00000000                  0.00000000                  0.00000000                  0.00000000 
                  0.00000000                  0.00000000                  0.00000000                  0.00000000                  0.00000000 
                  0.00000000                  0.00000000                  0.00000000                  0.00000000                  0.00000000 
                  0.00000000                  0.00000000                  0.00000000                  0.00000000                  0.00000000 
                  0.00000000                  0.00000000                  0.00000000                  0.00000000                  0.00000000 
                  0.00000000                  0.00000000                  0.00000000                  0.00000000                  0.00000000 
                  0.00000000                  0.00000000                  0.00000000                  0.00000000                  0.00000000 
                  0.00000000                  0.00000000                  0.00000000                  0.00000000                  0.00000000 
                  0.00000000                  0.00000000                  0.00000000                  0.00000000                  0.00000000 
                  0.00000000                  0.00000000                  0.00000000                  0.00000000                  0.00000000 
                  0.00000000                  0.00000000                  0.00000000                  0.00000000                  0.00000000 
                  0.00000000                  0.00000000                  0.00000000                  0.00000000                  0.00000000 
                  0.00000000                  0.00000000                  0.00000000                  0.00000000                  0.00000000 
                  0.00000000                  0.00000000                  0.00000000                  0.00000000                  0.00000000 
                  0.00000000                  0.00000000                  0.00000000                  0.00000000                  0.00000000 
                  0.00000000                  0.00000000                  0.00000000                  0.00000000                  0.00000000 
                  0.00000000                  0.00000000                  0.00000000                  0.00000000                  0.00000000 
                  0.00000000                  0.00000000                  0.00000000                  0.00000000                  0.00000000 
                  0.00000000                  0.00000000                  0.00000000                  0.00000000                  0.00000000 
                  0.00000000                  0.00000000                  0.00000000                  0.00000000                  0.00000000 
                  0.00000000                  0.00000000                  0.00000000                  0.00000000                  0.00000000 
                  0.00000000                  0.00000000                  0.00000000                  0.00000000                  0.00000000 
                  0.00000000                  0.00000000                  0.00000000                  0.00000000                  0.00000000 
                  0.00000000                  0.00000000                  0.00000000                  0.00000000                  0.00000000 
                  0.00000000                  0.00000000                  0.00000000                  0.00000000                  0.00000000 
                  0.00000000                  0.00000000                  0.00000000                  0.00000000                  0.00000000 
                  0.00000000                  0.00000000                  0.00000000                  0.00000000                  0.00000000 
                  0.00000000                  0.00000000                  0.00000000                  0.00000000                  0.00000000 
                  0.00000000                  0.00000000                  0.00000000                  0.00000000                  0.00000000 
                  0.00000000                  0.00000000                  0.00000000                  0.00000000                  0.00000000 
                  0.00000000                  0.00000000                  0.00000000                  0.00000000                  0.00000000 
                  0.00000000                  0.00000000                  0.00000000                  0.00000000                  0.00000000 
                  0.00000000                  0.00000000                  0.00000000                  0.00000000                  0.00000000 
                  0.00000000                  0.00000000                  0.00000000                  0.00000000                  0.00000000 
                  0.00000000                  0.00000000                  0.00000000                  0.00000000                  0.00000000 
                  0.00000000                  0.00000000                  0.00000000                  0.00000000                  0.00000000 
                  0.00000000                  0.00000000                  0.00000000                  0.00000000                  0.00000000 
                  0.00000000                  0.00000000                  0.00000000                  0.00000000                  0.00000000 
                  0.00000000                  0.00000000                  0.00000000                  0.00000000                  0.00000000 
                  0.00000000                  0.00000000                  0.00000000                  0.00000000                  0.00000000 
                  0.00000000                  0.00000000                  0.00000000                  0.00000000                  0.00000000 
                  0.00000000                  0.00000000                  0.00000000                  0.00000000                  0.00000000 
                  0.00000000                  0.00000000                  0.00000000                  0.00000000                  0.00000000 
                  0.00000000                  0.00000000                  0.00000000                  0.00000000                  0.00000000 
                  0.00000000                  0.00000000                  0.00000000                  0.00000000                  0.00000000 
                  0.00000000                  0.00000000                  0.00000000                  0.00000000                  0.00000000 
                  0.00000000                  0.00000000                  0.00000000                  0.00000000                  0.00000000 
                  0.00000000                  0.00000000                  0.00000000                  0.00000000                  0.00000000 
                  0.00000000                  0.00000000                  0.00000000                  0.00000000                  0.00000000 
                  0.00000000                  0.00000000                  0.00000000                  0.00000000                  0.00000000 
                  0.00000000                  0.00000000                  0.00000000                  0.00000000                  0.00000000 
                  0.00000000                  0.00000000                  0.00000000                  0.00000000                  0.00000000 
                  0.00000000                  0.00000000                  0.00000000                  0.00000000                  0.00000000 
                  0.00000000                  0.00000000                  0.00000000                  0.00000000                  0.00000000 
                  0.00000000                  0.00000000                  0.00000000                  0.00000000                  0.00000000 
                  0.00000000                  0.00000000                  0.00000000                  0.00000000                  0.00000000 
                  0.00000000                  0.00000000                  0.00000000                  0.00000000                  0.00000000 
                  0.00000000                  0.00000000                  0.00000000                  0.00000000                  0.00000000 
                  0.00000000                  0.00000000                  0.00000000                  0.00000000                  0.00000000 
                  0.00000000                  0.00000000                  0.00000000                  0.00000000                  0.00000000 
                  0.00000000                  0.00000000                  0.00000000                  0.00000000                  0.00000000 
                  0.00000000                  0.00000000                  0.00000000                  0.00000000                  0.00000000 
                  0.00000000                  0.00000000                  0.00000000                  0.00000000                  0.00000000 
                  0.00000000                  0.00000000                  0.00000000                  0.00000000                  0.00000000 
                  0.00000000                  0.00000000                  0.00000000                  0.00000000                  0.00000000 
                  0.00000000                  0.00000000                  0.00000000                  0.00000000                  0.00000000 
                  0.00000000                  0.00000000                  0.00000000                  0.00000000                  0.00000000 
                  0.00000000                  0.00000000                  0.00000000                  0.00000000                  0.00000000 
                  0.00000000                  0.00000000                  0.00000000                  0.00000000                  0.00000000 
                  0.00000000                  0.00000000                  0.00000000                  0.00000000                  0.00000000 
                  0.00000000                  0.00000000                  0.00000000                  0.00000000                  0.00000000 
                  0.00000000                  0.00000000                  0.00000000                  0.00000000                  0.00000000 
                  0.00000000                  0.00000000                  0.00000000                  0.00000000                  0.00000000 
                  0.00000000                  0.00000000                  0.00000000                  0.00000000                  0.00000000 
                  0.00000000                  0.00000000                  0.00000000                  0.00000000                  0.00000000 
                  0.00000000                  0.00000000                  0.00000000                  0.00000000                  0.00000000 
                  0.00000000                  0.00000000                  0.00000000                  0.00000000                  0.00000000 
                  0.00000000                  0.00000000                  0.00000000                  0.00000000                  0.00000000 
                  0.00000000                  0.00000000                  0.00000000                  0.00000000                  0.00000000 
                  0.00000000                  0.00000000                  0.00000000                  0.00000000                  0.00000000 
                  0.00000000                  0.00000000                  0.00000000                  0.00000000                  0.00000000 
                  0.00000000                  0.00000000                  0.00000000                  0.00000000                  0.00000000 
                  0.00000001                  0.00000001                  0.00000000                  0.00000000                  0.00000000 
                  0.00000001                  0.00000001                  0.00000000                  0.00000000                  0.00000000 
                  0.00000002                  0.00000002                  0.00000000                  0.00000000                  0.00000000 
                  0.00000002                  0.00000003                  0.00000000                  0.00000000                  0.00000000 
                  0.00000004                  0.00000004                  0.00000000                  0.00000000                  0.00000000 
                  0.00000006                  0.00000006                  0.00000001                  0.00000001                  0.00000001 
                  0.00000010                  0.00000010                  0.00000001                  0.00000001                  0.00000001 
                  0.00000015                  0.00000016                  0.00000001                  0.00000001                  0.00000001 
                  0.00000024                  0.00000025                  0.00000002                  0.00000002                  0.00000002 
                  0.00000037                  0.00000038                  0.00000003                  0.00000003                  0.00000004 
                  0.00000057                  0.00000059                  0.00000005                  0.00000005                  0.00000005 
                  0.00000088                  0.00000090                  0.00000007                  0.00000008                  0.00000008 
                  0.00000133                  0.00000137                  0.00000011                  0.00000012                  0.00000013 
                  0.00000202                  0.00000207                  0.00000016                  0.00000018                  0.00000019 
                  0.00000303                  0.00000312                  0.00000024                  0.00000028                  0.00000029 
                  0.00000453                  0.00000465                  0.00000036                  0.00000041                  0.00000043 
                  0.00000672                  0.00000691                  0.00000054                  0.00000061                  0.00000063 
                  0.00000991                  0.00001020                  0.00000079                  0.00000090                  0.00000093 
                  0.00001454                  0.00001497                  0.00000116                  0.00000132                  0.00000137 
                  0.00002121                  0.00002184                  0.00000169                  0.00000193                  0.00000199 
                  0.00003074                  0.00003166                  0.00000245                  0.00000279                  0.00000288 
                  0.00004428                  0.00004563                  0.00000352                  0.00000401                  0.00000415 
                  0.00006342                  0.00006536                  0.00000504                  0.00000573                  0.00000594 
                  0.00009028                  0.00009308                  0.00000716                  0.00000815                  0.00000844 
                  0.00012776                  0.00013176                  0.00001011                  0.00001152                  0.00001192 
                  0.00017973                  0.00018540                  0.00001420                  0.00001617                  0.00001675 
                  0.00025132                  0.00025932                  0.00001983                  0.00002258                  0.00002339 
                  0.00034934                  0.00036057                  0.00002751                  0.00003133                  0.00003246 
                  0.00048270                  0.00049837                  0.00003795                  0.00004322                  0.00004479 
                  0.00066302                  0.00068475                  0.00005204                  0.00005927                  0.00006142 
                  0.00090531                  0.00093525                  0.00007094                  0.00008079                  0.00008373 
                  0.00122880                  0.00126983                  0.00009614                  0.00010946                  0.00011347 
                  0.00165803                  0.00171389                  0.00012950                  0.00014744                  0.00015286 
                  0.00222396                  0.00229957                  0.00017342                  0.00019741                  0.00020469 
                  0.00296544                  0.00306717                  0.00023087                  0.00026276                  0.00027247 
                  0.00393082                  0.00406687                  0.00030554                  0.00034766                  0.00036055 
                  0.00517979                  0.00536063                  0.00040198                  0.00045728                  0.00047427 
                  0.00678543                  0.00702439                  0.00052575                  0.00059791                  0.00062017 
                  0.00883658                  0.00915043                  0.00068361                  0.00077718                  0.00080617 
                  0.01144023                  0.01184998                  0.00088365                  0.00100425                  0.00104177 
                  0.01472425                  0.01525600                  0.00113557                  0.00129005                  0.00133830 
                  0.01884008                  0.01952602                  0.00145079                  0.00164744                  0.00170912 
                  0.02396557                  0.02484511                  0.00184273                  0.00209153                  0.00216986 
                  0.03030764                  0.03142867                  0.00232694                  0.00263978                  0.00273866 
                  0.03810484                  0.03952510                  0.00292134                  0.00331229                  0.00343634 
                  0.04762950                  0.04941809                  0.00364634                  0.00413191                  0.00428656 
                  0.05918946                  0.06142844                  0.00452498                  0.00512434                  0.00531595 
                  0.07312908                  0.07591508                  0.00558298                  0.00631826                  0.00655418 
                  0.08982932                  0.09327526                  0.00684873                  0.00774520                  0.00803388 
                  0.10970682                  0.11394351                  0.00835324                  0.00943953                  0.00979056 
                  0.13321161                  0.13838936                  0.01012995                  0.01143816                  0.01186237 
                  0.16082336                  0.16711335                  0.01221443                  0.01378023                  0.01428967 
                  0.19304597                  0.20064145                  0.01464400                  0.01650658                  0.01711459 
                  0.23040034                  0.23951744                  0.01745718                  0.01965919                  0.02038032 
                  0.27341530                  0.28429338                  0.02069299                  0.02328030                  0.02413029 
                  0.32261646                  0.33551815                  0.02439018                  0.02741157                  0.02840721 
                  0.37851354                  0.39372376                  0.02858628                  0.03209292                  0.03325192 
                  0.44158569                  0.45941031                  0.03331650                  0.03736137                  0.03870215 
                  0.51226538                  0.53302884                  0.03861260                  0.04324973                  0.04479114 
                  0.59092122                  0.61496353                  0.04450162                  0.04978515                  0.05154622 
                  0.67784023                  0.70551288                  0.05100460                  0.05698781                  0.05898730 
                  0.77320969                  0.80487037                  0.05813525                  0.06486934                  0.06712544 
                  0.87709928                  0.91310626                  0.06589871                  0.07343161                  0.07596143 
                  0.98944521                  1.03015018                  0.07429036                  0.08266540                  0.08548449 
                  1.11003482                  1.15577519                  0.08329475                  0.09254926                  0.09567121 
                  1.23849463                  1.28958607                  0.09288473                  0.10304881                  0.10648467 
                  1.37428164                  1.43100882                  0.10302086                  0.11411598                  0.11787385 
                  1.51667857                  1.57928598                  0.11365101                  0.12568890                  0.12977345 
                  1.66479266                  1.73347545                  0.12471033                  0.13769189                  0.14210401 
                  1.81755984                  1.89245641                  0.13612154                  0.15003604                  0.15477245 
                  1.97375464                  2.05493712                  0.14779568                  0.16262008                  0.16767314 
                  2.13200426                  2.21947265                  0.15963303                  0.17533168                  0.18068922 
                  2.29080915                  2.38448381                  0.17152457                  0.18804911                  0.19369444 
                  2.44856548                  2.54828334                  0.18335378                  0.20064344                  0.20655532 
                  2.60359526                  2.70910764                  0.19499849                  0.21298069                  0.21913359 
                  2.75417757                  2.86514878                  0.20633337                  0.22492453                  0.23128891 
                  2.89858437                  3.01459193                  0.21723223                  0.23633909                  0.24288189 
                  3.03511477                  3.15565443                  0.22757065                  0.24709171                  0.25377682 
                  3.16213274                  3.28662324                  0.23722866                  0.25705588                  0.26384470 
                  3.27810311                  3.40589333                  0.24609312                  0.26611388                  0.27296615 
                  3.38162494                  3.51200438                  0.25406042                  0.27415943                  0.28103384 
                  3.47146273                  3.60367250                  0.26103839                  0.28109992                  0.28795502 
                  3.54657292                  3.67981911                  0.26694846                  0.28685835                  0.29365322 
                  3.60612679                  3.73959279                  0.27172720                  0.29137486                  0.29806992 
                  3.64952517                  3.78238678                  0.27532744                  0.29460794                  0.30116564 
                  3.67640972                  3.80785108                  0.27771923                  0.29653487                  0.30292031 
                  3.68666697                  3.81589389                  0.27889007                  0.29715186                  0.30333343 
                  3.68042493                  3.80667973                  0.27884480                  0.29647383                  0.30242363 
                  3.65804601                  3.78062010                  0.27760518                  0.29453355                  0.30022764 
                  3.62011242                  3.73835778                  0.27520883                  0.29138023                  0.29679909 
                  3.56740642                  3.68074584                  0.27170822                  0.28707817                  0.29220662 
                  3.50088835                  3.60882378                  0.26716882                  0.28170481                  0.28653216 
                  3.42166924                  3.52378750                  0.26166737                  0.27534863                  0.27986842 
                  3.33098269                  3.42695856                  0.25528994                  0.26810685                  0.27231684 
                  3.23015404                  3.31975245                  0.24812990                  0.26008320                  0.26398498 
                  3.12057090                  3.20364571                  0.24028565                  0.25138563                  0.25498414 
                  3.00365233                  3.08014393                  0.23185861                  0.24212387                  0.24542728 
                  2.88082075                  2.95075226                  0.22295114                  0.23240760                  0.23542663 
                  2.75347662                  2.81694579                  0.21366465                  0.22234432                  0.22509183 
                  2.62297273                  2.68014717                  0.20409796                  0.21203765                  0.21452823 
                  2.49059582                  2.54170322                  0.19434576                  0.20158595                  0.20383540 
                  2.35754943                  2.40286756                  0.18449733                  0.19108097                  0.19310589 
                  2.22493911                  2.26478839                  0.17463550                  0.18060705                  0.18242443 
                  2.09376407                  2.12849665                  0.16483590                  0.17024034                  0.17186722 
                  1.96491003                  1.99490154                  0.15516639                  0.16004841                  0.16150160 
                  1.83914673                  1.86478639                  0.14568678                  0.15009007                  0.15138584 
                  1.71712756                  1.73881030                  0.13644868                  0.14041539                  0.14156927 
                  1.59939170                  1.61751115                  0.12749562                  0.13106588                  0.13209254 
                  1.48636901                  1.50131023                  0.11886325                  0.12207486                  0.12298798 
                  1.37838626                  1.39052105                  0.11057974                  0.11346797                  0.11428017 
                  1.27567482                  1.28535700                  0.10266627                  0.10526371                  0.10598651 
                  1.17837989                  1.18594110                  0.09513753                  0.09747410                  0.09811790 
                  1.08656895                  1.09231639                  0.08800245                  0.09010534                  0.09067950 
                  1.00024164                  1.00445700                  0.08126472                  0.08315854                  0.08367136 
                  0.91933930                  0.92227709                  0.07492349                  0.07663036                  0.07708923 
                  0.84375411                  0.84564191                  0.06897399                  0.07051373                  0.07092512 
                  0.77333772                  0.77437687                  0.06340818                  0.06479847                  0.06516804 
                  0.70790976                  0.70827579                  0.05821535                  0.05947187                  0.05980456 
                  0.64726496                  0.64710933                  0.05338259                  0.05451927                  0.05481937 
                  0.59117997                  0.59063166                  0.04889534                  0.04992453                  0.05019574 
                  0.53941935                  0.53858662                  0.04473785                  0.04567046                  0.04591600 
                  0.49174052                  0.49071309                  0.04089350                  0.04173922                  0.04196187 
                  0.44789833                  0.44674930                  0.03734524                  0.03811263                  0.03831481 
                  0.40764859                  0.40643644                  0.03407580                  0.03477248                  0.03495628 
                  0.37075108                  0.36952159                  0.03106797                  0.03170071                  0.03186796 
                  0.33697185                  0.33576003                  0.02830480                  0.02887964                  0.02903195 
                  0.30608526                  0.30491683                  0.02576976                  0.02629208                  0.02643086 
                  0.27787510                  0.27676824                  0.02344684                  0.02392149                  0.02404797 
                  0.25213566                  0.25110236                  0.02132068                  0.02175201                  0.02186732 
                  0.22867236                  0.22771963                  0.01937664                  0.01976858                  0.01987369 
                  0.20730199                  0.20643294                  0.01760080                  0.01795689                  0.01805270 
                  0.18785295                  0.18706763                  0.01598003                  0.01630349                  0.01639081 
                  0.17016496                  0.16946119                  0.01450200                  0.01479575                  0.01487530 
                  0.15408894                  0.15346296                  0.01315513                  0.01342183                  0.01349427 
                  0.13948663                  0.13893361                  0.01192865                  0.01217070                  0.01223666 
                  0.12623009                  0.12574454                  0.01081249                  0.01103212                  0.01109213 
                  0.11420131                  0.11377736                  0.00979735                  0.00999655                  0.01005114 
                  0.10329155                  0.10292331                  0.00887458                  0.00905521                  0.00910483 
                  0.09340091                  0.09308259                  0.00803622                  0.00819994                  0.00824504 
                  0.08443770                  0.08416373                  0.00727491                  0.00742326                  0.00746422 
                  0.07631791                  0.07608305                  0.00658388                  0.00671826                  0.00675544 
                  0.06896465                  0.06876406                  0.00595690                  0.00607858                  0.00611232 
                  0.06230764                  0.06213691                  0.00538827                  0.00549842                  0.00552902 
                  0.05628274                  0.05613789                  0.00487274                  0.00497242                  0.00500017 
                  0.05083144                  0.05070888                  0.00440553                  0.00449570                  0.00452085 
                  0.04590039                  0.04579696                  0.00398223                  0.00406379                  0.00408657 
                  0.04144105                  0.04135394                  0.00359886                  0.00367260                  0.00369323 
                  0.03740920                  0.03733598                  0.00325174                  0.00331840                  0.00333708 
                  0.03376466                  0.03370322                  0.00293754                  0.00299778                  0.00301468 
                  0.03047091                  0.03041942                  0.00265321                  0.00270764                  0.00272293 
                  0.02749476                  0.02745166                  0.00239597                  0.00244514                  0.00245897 
                  0.02480610                  0.02477003                  0.00216332                  0.00220772                  0.00222022 
                  0.02237757                  0.02234740                  0.00195293                  0.00199302                  0.00200432 
                  0.02018439                  0.02015915                  0.00176273                  0.00179893                  0.00180914 
                  0.01820407                  0.01818293                  0.00159082                  0.00162349                  0.00163271 
                  0.01641622                  0.01639850                  0.00143547                  0.00146495                  0.00147328 
                  0.01480238                  0.01478750                  0.00129511                  0.00132171                  0.00132923 
                  0.01334582                  0.01333330                  0.00116832                  0.00119231                  0.00119910 
                  0.01203138                  0.01202083                  0.00105380                  0.00107545                  0.00108158 
                  0.01084537                  0.01083644                  0.00095040                  0.00096992                  0.00097545 
                  0.00977536                  0.00976777                  0.00085704                  0.00087464                  0.00087963 
                  0.00881013                  0.00880366                  0.00077276                  0.00078863                  0.00079313 
                  0.00793952                  0.00793398                  0.00069670                  0.00071100                  0.00071506 
                  0.00715434                  0.00714957                  0.00062805                  0.00064095                  0.00064461 
                  0.00644628                  0.00644216                  0.00056611                  0.00057774                  0.00058104 
                  0.00580784                  0.00580426                  0.00051023                  0.00052071                  0.00052369 
                  0.00523223                  0.00522911                  0.00045983                  0.00046926                  0.00047195 
                  0.00471333                  0.00471058                  0.00041436                  0.00042286                  0.00042528 
                  0.00424558                  0.00424315                  0.00037336                  0.00038102                  0.00038320 
                  0.00382398                  0.00382183                  0.00033639                  0.00034329                  0.00034525 
                  0.00344402                  0.00344210                  0.00030305                  0.00030926                  0.00031103 
                  0.00310160                  0.00309989                  0.00027300                  0.00027859                  0.00028019 
                  0.00279306                  0.00279152                  0.00024590                  0.00025094                  0.00025238 
                  0.00251505                  0.00251367                  0.00022148                  0.00022602                  0.00022732 
                  0.00226458                  0.00226333                  0.00019947                  0.00020356                  0.00020473 
                  0.00203893                  0.00203780                  0.00017964                  0.00018332                  0.00018437 
                  0.00183566                  0.00183464                  0.00016177                  0.00016508                  0.00016602 
                  0.00165257                  0.00165164                  0.00014566                  0.00014865                  0.00014950 
                  0.00148766                  0.00148681                  0.00013115                  0.00013384                  0.00013461 
                  0.00133914                  0.00133836                  0.00011808                  0.00012050                  0.00012119 
                  0.00120538                  0.00120467                  0.00010631                  0.00010848                  0.00010911 
                  0.00108494                  0.00108429                  0.00009570                  0.00009766                  0.00009822 
                  0.00097648                  0.00097588                  0.00008615                  0.00008791                  0.00008842 
                  0.00087882                  0.00087828                  0.00007755                  0.00007913                  0.00007959 
                  0.00079089                  0.00079040                  0.00006980                  0.00007123                  0.00007164 
                  0.00071173                  0.00071128                  0.00006282                  0.00006411                  0.00006447 
                  0.00064047                  0.00064005                  0.00005654                  0.00005770                  0.00005803 
                  0.00057632                  0.00057594                  0.00005089                  0.00005193                  0.00005222 
                  0.00051857                  0.00051822                  0.00004579                  0.00004673                  0.00004700 
                  0.00046659                  0.00046627                  0.00004121                  0.00004205                  0.00004229 
                  0.00041981                  0.00041952                  0.00003708                  0.00003784                  0.00003806 
                  0.00037770                  0.00037743                  0.00003337                  0.00003405                  0.00003424 
                  0.00033980                  0.00033956                  0.00003002                  0.00003063                  0.00003081 
                  0.00030570                  0.00030548                  0.00002701                  0.00002756                  0.00002772 
                  0.00027501                  0.00027481                  0.00002430                  0.00002480                  0.00002494 
                  0.00024739                  0.00024720                  0.00002186                  0.00002231                  0.00002244 
                  0.00022254                  0.00022237                  0.00001967                  0.00002007                  0.00002019 
                  0.00020018                  0.00020002                  0.00001770                  0.00001806                  0.00001816 
                  0.00018006                  0.00017992                  0.00001592                  0.00001624                  0.00001634 
                  0.00016195                  0.00016183                  0.00001432                  0.00001461                  0.00001469 
                  0.00014567                  0.00014555                  0.00001288                  0.00001314                  0.00001322 
                  0.00013102                  0.00013091                  0.00001159                  0.00001182                  0.00001189 
                  0.00011783                  0.00011774                  0.00001042                  0.00001063                  0.00001069 
                  0.00010598                  0.00010589                  0.00000937                  0.00000956                  0.00000962 
                  0.00009531                  0.00009523                  0.00000843                  0.00000860                  0.00000865 
                  0.00008571                  0.00008564                  0.00000758                  0.00000774                  0.00000778 
                  0.00007708                  0.00007702                  0.00000682                  0.00000696                  0.00000700 
                  0.00006932                  0.00006926                  0.00000613                  0.00000626                  0.00000629 
                  0.00006233                  0.00006228                  0.00000552                  0.00000563                  0.00000566 
                  0.00005605                  0.00005600                  0.00000496                  0.00000506                  0.00000509 
                  0.00005040                  0.00005036                  0.00000446                  0.00000455                  0.00000458 
                  0.00004532                  0.00004528                  0.00000401                  0.00000409                  0.00000412 
                  0.00004075                  0.00004072                  0.00000361                  0.00000368                  0.00000370 
                  0.00003664                  0.00003661                  0.00000324                  0.00000331                  0.00000333 
                  0.00003295                  0.00003292                  0.00000292                  0.00000298                  0.00000299 
                  0.00002962                  0.00002960                  0.00000262                  0.00000268                  0.00000269 
                  0.00002663                  0.00002661                  0.00000236                  0.00000241                  0.00000242 
                  0.00002395                  0.00002393                  0.00000212                  0.00000216                  0.00000218 
                  0.00002153                  0.00002151                  0.00000191                  0.00000194                  0.00000196 
                  0.00001936                  0.00001934                  0.00000171                  0.00000175                  0.00000176 
                  0.00001740                  0.00001739                  0.00000154                  0.00000157                  0.00000158 
                  0.00001565                  0.00001563                  0.00000139                  0.00000141                  0.00000142 
                  0.00001407                  0.00001405                  0.00000125                  0.00000127                  0.00000128 
                  0.00001265                  0.00001263                  0.00000112                  0.00000114                  0.00000115 
                  0.00001137                  0.00001136                  0.00000101                  0.00000103                  0.00000103 
                  0.00001022                  0.00001021                  0.00000091                  0.00000092                  0.00000093 
                  0.00000919                  0.00000918                  0.00000081                  0.00000083                  0.00000083 
                  0.00000826                  0.00000825                  0.00000073                  0.00000075                  0.00000075 
                  0.00000742                  0.00000742                  0.00000066                  0.00000067                  0.00000067 
                  0.00000667                  0.00000667                  0.00000059                  0.00000060                  0.00000061 
                  0.00000600                  0.00000599                  0.00000053                  0.00000054                  0.00000055 
                  0.00000539                  0.00000539                  0.00000048                  0.00000049                  0.00000049 
                  0.00000485                  0.00000484                  0.00000043                  0.00000044                  0.00000044 
                  0.00000436                  0.00000435                  0.00000039                  0.00000039                  0.00000040 
                  0.00000392                  0.00000391                  0.00000035                  0.00000035                  0.00000036 
                  0.00000352                  0.00000352                  0.00000031                  0.00000032                  0.00000032 
                  0.00000316                  0.00000316                  0.00000028                  0.00000029                  0.00000029 
                  0.00000284                  0.00000284                  0.00000025                  0.00000026                  0.00000026 
                  0.00000256                  0.00000255                  0.00000023                  0.00000023                  0.00000023 
                  0.00000230                  0.00000230                  0.00000020                  0.00000021                  0.00000021 
                  0.00000207                  0.00000206                  0.00000018                  0.00000019                  0.00000019 
                  0.00000186                  0.00000185                  0.00000016                  0.00000017                  0.00000017 
                  0.00000167                  0.00000167                  0.00000015                  0.00000015                  0.00000015 
                  0.00000150                  0.00000150                  0.00000013                  0.00000014                  0.00000014 
                  0.00000135                  0.00000135                  0.00000012                  0.00000012                  0.00000012 
                  0.00000121                  0.00000121                  0.00000011                  0.00000011                  0.00000011 
                  0.00000109                  0.00000109                  0.00000010                  0.00000010                  0.00000010 
                  0.00000098                  0.00000098                  0.00000009                  0.00000009                  0.00000009 
                  0.00000088                  0.00000088                  0.00000008                  0.00000008                  0.00000008 
                  0.00000079                  0.00000079                  0.00000007                  0.00000007                  0.00000007 
                  0.00000071                  0.00000071                  0.00000006                  0.00000006                  0.00000006 
                  0.00000064                  0.00000064                  0.00000006                  0.00000006                  0.00000006 
                  0.00000057                  0.00000057                  0.00000005                  0.00000005                  0.00000005 
                  0.00000052                  0.00000052                  0.00000005                  0.00000005                  0.00000005 
                  0.00000046                  0.00000046                  0.00000004                  0.00000004                  0.00000004 
                  0.00000042                  0.00000042                  0.00000004                  0.00000004                  0.00000004 
                  0.00000037                  0.00000037                  0.00000003                  0.00000003                  0.00000003 
                  0.00000034                  0.00000034                  0.00000003                  0.00000003                  0.00000003 
                  0.00000030                  0.00000030                  0.00000003                  0.00000003                  0.00000003 
                  0.00000027                  0.00000027                  0.00000002                  0.00000002                  0.00000002 
                  0.00000024                  0.00000024                  0.00000002                  0.00000002                  0.00000002 
                  0.00000022                  0.00000022                  0.00000002                  0.00000002                  0.00000002 
                  0.00000020                  0.00000020                  0.00000002                  0.00000002                  0.00000002 
                  0.00000018                  0.00000018                  0.00000002                  0.00000002                  0.00000002 
                  0.00000016                  0.00000016                  0.00000001                  0.00000001                  0.00000001 
                  0.00000014                  0.00000014                  0.00000001                  0.00000001                  0.00000001 
                  0.00000013                  0.00000013                  0.00000001                  0.00000001                  0.00000001 
                  0.00000012                  0.00000012                  0.00000001                  0.00000001                  0.00000001 
                  0.00000010                  0.00000010                  0.00000001                  0.00000001                  0.00000001 
                  0.00000009                  0.00000009                  0.00000001                  0.00000001                  0.00000001 
                  0.00000008                  0.00000008                  0.00000001                  0.00000001                  0.00000001 
                  0.00000008                  0.00000008                  0.00000001                  0.00000001                  0.00000001 
                  0.00000007                  0.00000007                  0.00000001                  0.00000001                  0.00000001 
                  0.00000006                  0.00000006                  0.00000001                  0.00000001                  0.00000001 
                  0.00000005                  0.00000005                  0.00000000                  0.00000000                  0.00000000 
                  0.00000005                  0.00000005                  0.00000000                  0.00000000                  0.00000000 
                  0.00000004                  0.00000004                  0.00000000                  0.00000000                  0.00000000 
                  0.00000004                  0.00000004                  0.00000000                  0.00000000                  0.00000000 
                  0.00000004                  0.00000004                  0.00000000                  0.00000000                  0.00000000 
                  0.00000003                  0.00000003                  0.00000000                  0.00000000                  0.00000000 
                  0.00000003                  0.00000003                  0.00000000                  0.00000000                  0.00000000 
                  0.00000003                  0.00000003                  0.00000000                  0.00000000                  0.00000000 
                  0.00000002                  0.00000002                  0.00000000                  0.00000000                  0.00000000 
                  0.00000002                  0.00000002                  0.00000000                  0.00000000                  0.00000000 
                  0.00000002                  0.00000002                  0.00000000                  0.00000000                  0.00000000 
                  0.00000002                  0.00000002                  0.00000000                  0.00000000                  0.00000000 
                  0.00000002                  0.00000002                  0.00000000                  0.00000000                  0.00000000 
                  0.00000001                  0.00000001                  0.00000000                  0.00000000                  0.00000000 
                  0.00000001                  0.00000001                  0.00000000                  0.00000000                  0.00000000 
                  0.00000001                  0.00000001                  0.00000000                  0.00000000                  0.00000000 
                  0.00000001                  0.00000001                  0.00000000                  0.00000000                  0.00000000 
                  0.00000001                  0.00000001                  0.00000000                  0.00000000                  0.00000000 
                  0.00000001                  0.00000001                  0.00000000                  0.00000000                  0.00000000 
                  0.00000001                  0.00000001                  0.00000000                  0.00000000                  0.00000000 
                  0.00000001                  0.00000001                  0.00000000                  0.00000000                  0.00000000 
                  0.00000001                  0.00000001                  0.00000000                  0.00000000                  0.00000000 
                  0.00000001                  0.00000001                  0.00000000                  0.00000000                  0.00000000 
                  0.00000000                  0.00000000                  0.00000000                  0.00000000                  0.00000000 
                  0.00000000                  0.00000000                  0.00000000                  0.00000000                  0.00000000 
                  0.00000000                  0.00000000                  0.00000000                  0.00000000                  0.00000000 
                  0.00000000                  0.00000000                  0.00000000                  0.00000000                  0.00000000 
                  0.00000000                  0.00000000                  0.00000000                  0.00000000                  0.00000000 
                  0.00000000                  0.00000000                  0.00000000                  0.00000000                  0.00000000 
                  0.00000000                  0.00000000                  0.00000000                  0.00000000                  0.00000000 
                  0.00000000                  0.00000000                  0.00000000                  0.00000000                  0.00000000 
                  0.00000000                  0.00000000                  0.00000000                  0.00000000                  0.00000000 
                  0.00000000                  0.00000000                  0.00000000                  0.00000000                  0.00000000 
                  0.00000000                  0.00000000                  0.00000000                  0.00000000                  0.00000000 
                  0.00000000                  0.00000000                  0.00000000                  0.00000000                  0.00000000 
                  0.00000000                  0.00000000                  0.00000000                  0.00000000                  0.00000000 
                  0.00000000                  0.00000000                  0.00000000                  0.00000000                  0.00000000 
                  0.00000000                  0.00000000                  0.00000000                  0.00000000                  0.00000000 
                  0.00000000                  0.00000000                  0.00000000                  0.00000000                  0.00000000 
                  0.00000000                  0.00000000                  0.00000000                  0.00000000                  0.00000000 
                  0.00000000                  0.00000000                  0.00000000                  0.00000000                  0.00000000 
                  0.00000000                  0.00000000                  0.00000000                  0.00000000                  0.00000000 
                  0.00000000                  0.00000000                  0.00000000                  0.00000000                  0.00000000 
                  0.00000000                  0.00000000                  0.00000000                  0.00000000                  0.00000000 
                  0.00000000                  0.00000000                  0.00000000                  0.00000000                  0.00000000 
                  0.00000000                  0.00000000                  0.00000000                  0.00000000                  0.00000000 
                  0.00000000                  0.00000000                  0.00000000                  0.00000000                  0.00000000 
                  0.00000000                  0.00000000                  0.00000000                  0.00000000                  0.00000000 
                  0.00000000                  0.00000000                  0.00000000                  0.00000000                  0.00000000 
                  0.00000000                  0.00000000                  0.00000000                  0.00000000                  0.00000000 
                  0.00000000                  0.00000000                  0.00000000                  0.00000000                  0.00000000 
                  0.00000000                  0.00000000                  0.00000000                  0.00000000                  0.00000000 
                  0.00000000                  0.00000000                  0.00000000                  0.00000000                  0.00000000 
                  0.00000000                  0.00000000                  0.00000000                  0.00000000                  0.00000000 
                  0.00000000                  0.00000000                  0.00000000                  0.00000000                  0.00000000 
                  0.00000000                  0.00000000                  0.00000000                  0.00000000                  0.00000000 
                  0.00000000                  0.00000000                  0.00000000                  0.00000000                  0.00000000 
                  0.00000000                  0.00000000                  0.00000000                  0.00000000                  0.00000000 
                  0.00000000                  0.00000000                  0.00000000                  0.00000000                  0.00000000 
                  0.00000000                  0.00000000                  0.00000000                  0.00000000                  0.00000000 
                  0.00000000                  0.00000000                  0.00000000                  0.00000000                  0.00000000 
                  0.00000000                  0.00000000                  0.00000000                  0.00000000                  0.00000000 
                  0.00000000                  0.00000000                  0.00000000                  0.00000000                  0.00000000 
                  0.00000000                  0.00000000                  0.00000000                  0.00000000                  0.00000000 
                  0.00000000                  0.00000000                  0.00000000                  0.00000000                  0.00000000 
                  0.00000000                  0.00000000                  0.00000000                  0.00000000                  0.00000000 
                  0.00000000                  0.00000000                  0.00000000                  0.00000000                  0.00000000 
                  0.00000000                  0.00000000                  0.00000000                  0.00000000                  0.00000000 
                  0.00000000                  0.00000000                  0.00000000                  0.00000000                  0.00000000 
                  0.00000000                  0.00000000                  0.00000000                  0.00000000                  0.00000000 
                  0.00000000                  0.00000000                  0.00000000                  0.00000000                  0.00000000 
                  0.00000000                  0.00000000                  0.00000000                  0.00000000                  0.00000000 
                  0.00000000                  0.00000000                  0.00000000                  0.00000000                  0.00000000 
                  0.00000000                  0.00000000                  0.00000000                  0.00000000                  0.00000000 
                  0.00000000                  0.00000000                  0.00000000                  0.00000000                  0.00000000 
                  0.00000000                  0.00000000                  0.00000000                  0.00000000                  0.00000000 
                  0.00000000                  0.00000000                  0.00000000                  0.00000000                  0.00000000 
                  0.00000000                  0.00000000                  0.00000000                  0.00000000                  0.00000000 
                  0.00000000                  0.00000000                  0.00000000                  0.00000000                  0.00000000 
                  0.00000000                  0.00000000                  0.00000000                  0.00000000                  0.00000000 
                  0.00000000                  0.00000000                  0.00000000                  0.00000000                  0.00000000 
                  0.00000000                  0.00000000                  0.00000000                  0.00000000                  0.00000000 
                  0.00000000                  0.00000000                  0.00000000                  0.00000000                  0.00000000 
                  0.00000000                  0.00000000                  0.00000000                  0.00000000                  0.00000000 
                  0.00000000                  0.00000000                  0.00000000                  0.00000000                  0.00000000 
                  0.00000000                  0.00000000                  0.00000000                  0.00000000                  0.00000000 
                  0.00000000                  0.00000000                  0.00000000                  0.00000000                  0.00000000 
                  0.00000000                  0.00000000                  0.00000000                  0.00000000                  0.00000000 
                  0.00000000                  0.00000000                  0.00000000                  0.00000000                  0.00000000 
                  0.00000000                  0.00000000                  0.00000000                  0.00000000                  0.00000000 
                  0.00000000                  0.00000000                  0.00000000                  0.00000000                  0.00000000 
                  0.00000000                  0.00000000                  0.00000000                  0.00000000                  0.00000000 
                  0.00000000                  0.00000000                  0.00000000                  0.00000000                  0.00000000 
                  0.00000000                  0.00000000                  0.00000000                  0.00000000                  0.00000000 
                  0.00000000                  0.00000000                  0.00000000                  0.00000000                  0.00000000 
                  0.00000000                  0.00000000                  0.00000000                  0.00000000                  0.00000000 
                  0.00000000                  0.00000000                  0.00000000                  0.00000000                  0.00000000 
                  0.00000000                  0.00000000                  0.00000000                  0.00000000                  0.00000000 
                  0.00000000                  0.00000000                  0.00000000                  0.00000000                  0.00000000 
                  0.00000000                  0.00000000                  0.00000000                  0.00000000                  0.00000000 
                  0.00000000                  0.00000000                  0.00000000                  0.00000000                  0.00000000 
                  0.00000000                  0.00000000                  0.00000000                  0.00000000                  0.00000000 
                  0.00000000                  0.00000000                  0.00000000                  0.00000000                  0.00000000 
                  0.00000000                  0.00000000                  0.00000000                  0.00000000                  0.00000000 
                  0.00000000                  0.00000000                  0.00000000                  0.00000000                  0.00000000 
                  0.00000000                  0.00000000                  0.00000000                  0.00000000                  0.00000000 
                  0.00000000                  0.00000000                  0.00000000                  0.00000000                  0.00000000 
                  0.00000000                  0.00000000                  0.00000000                  0.00000000                  0.00000000 
                  0.00000000                  0.00000000                  0.00000000                  0.00000000                  0.00000000 
                  0.00000000                  0.00000000                  0.00000000                  0.00000000                  0.00000000 
                  0.00000000                  0.00000000                  0.00000000                  0.00000000                  0.00000000 
                  0.00000000                  0.00000000                  0.00000000                  0.00000000                  0.00000000 
                  0.00000000                  0.00000000                  0.00000000                  0.00000000                  0.00000000 
                  0.00000000                  0.00000000                  0.00000000                  0.00000000                  0.00000000 
                  0.00000000                  0.00000000                  0.00000000                  0.00000000                  0.00000000 
                  0.00000000                  0.00000000                  0.00000000                  0.00000000                  0.00000000 
                  0.00000000                  0.00000000                  0.00000000                  0.00000000                  0.00000000 
                  0.00000000                  0.00000000                  0.00000000                  0.00000000                  0.00000000 
                  0.00000000                  0.00000000                  0.00000000                  0.00000000                  0.00000000 
                  0.00000000                  0.00000000                  0.00000000                  0.00000000                  0.00000000 
                  0.00000000                  0.00000000                  0.00000000                  0.00000000                  0.00000000 
                  0.00000000                  0.00000000                  0.00000000                  0.00000000                  0.00000000 
                  0.00000000                  0.00000000                  0.00000000                  0.00000000                  0.00000000 
                  0.00000000                  0.00000000                  0.00000000                  0.00000000                  0.00000000 
                  0.00000000                  0.00000000                  0.00000000                  0.00000000                  0.00000000 
                  0.00000000                  0.00000000                  0.00000000                  0.00000000                  0.00000000 
                  0.00000000                  0.00000000                  0.00000000                  0.00000000                  0.00000000 
                  0.00000000                  0.00000000                  0.00000000                  0.00000000                  0.00000000 
                  0.00000000                  0.00000000                  0.00000000                  0.00000000                  0.00000000 
                  0.00000000                  0.00000000                  0.00000000                  0.00000000                  0.00000000 
                  0.00000000                  0.00000000                  0.00000000                  0.00000000                  0.00000000 
                  0.00000000                  0.00000000                  0.00000000                  0.00000000                  0.00000000 
                  0.00000000                  0.00000000                  0.00000000                  0.00000000                  0.00000000 
                  0.00000000                  0.00000000                  0.00000000                  0.00000000                  0.00000000 
                  0.00000000                  0.00000000                  0.00000000                  0.00000000                  0.00000000 
                  0.00000000                  0.00000000                  0.00000000                  0.00000000                  0.00000000 
                  0.00000000                  0.00000000                  0.00000000                  0.00000000                  0.00000000 
                  0.00000000                  0.00000000                  0.00000000                  0.00000000                  0.00000000 
                  0.00000000                  0.00000000                  0.00000000                  0.00000000                  0.00000000 
                  0.00000000                  0.00000000                  0.00000000                  0.00000000                  0.00000000 
                  0.00000000                  0.00000000                  0.00000000                  0.00000000                  0.00000000 
                  0.00000000                  0.00000000                  0.00000000                  0.00000000                  0.00000000 
                  0.00000000                  0.00000000                  0.00000000                  0.00000000                  0.00000000 
                  0.00000000                  0.00000000                  0.00000000                  0.00000000                  0.00000000 
                  0.00000000                  0.00000000                  0.00000000                  0.00000000                  0.00000000 
                  0.00000000                  0.00000000                  0.00000000                  0.00000000                  0.00000000 
                  0.00000000                  0.00000000                  0.00000000                  0.00000000                  0.00000000 
                  0.00000000                  0.00000000                  0.00000000                  0.00000000                  0.00000000 
                  0.00000000                  0.00000000                  0.00000000                  0.00000000                  0.00000000 
                  0.00000000                  0.00000000                  0.00000000                  0.00000000                  0.00000000 
                  0.00000000                  0.00000000                  0.00000000                  0.00000000                  0.00000000 
                  0.00000000                  0.00000000                  0.00000000                  0.00000000                  0.00000000 
                  0.00000000                  0.00000000                  0.00000000                  0.00000000                  0.00000000 
                  0.00000000                  0.00000000                  0.00000000                  0.00000000                  0.00000000 
                  0.00000000                  0.00000000                  0.00000000                  0.00000000                  0.00000000 
                  0.00000000                  0.00000000                  0.00000000                  0.00000000                  0.00000000 
                  0.00000000                  0.00000000                  0.00000000                  0.00000000                  0.00000000 
                  0.00000000                  0.00000000                  0.00000000                  0.00000000                  0.00000000 
                  0.00000000                  0.00000000                  0.00000000                  0.00000000                  0.00000000 
                  0.00000000                  0.00000000                  0.00000000                  0.00000000                  0.00000000 
                  0.00000000                  0.00000000                  0.00000000                  0.00000000                  0.00000000 
                  0.00000000                  0.00000000                  0.00000000                  0.00000000                  0.00000000 
                  0.00000000                  0.00000000                  0.00000000                  0.00000000                  0.00000000 
                  0.00000000                  0.00000000                  0.00000000                  0.00000000                  0.00000000 
                  0.00000000                  0.00000000                  0.00000000                  0.00000000                  0.00000000 
                  0.00000000                  0.00000000                  0.00000000                  0.00000000                  0.00000000 
                  0.00000000                  0.00000000                  0.00000000                  0.00000000                  0.00000000 
                  0.00000000                  0.00000000                  0.00000000                  0.00000000                  0.00000000 
                  0.00000000                  0.00000000                  0.00000000                  0.00000000                  0.00000000 
                  0.00000000                  0.00000000                  0.00000000                  0.00000000                  0.00000000 
                  0.00000000                  0.00000000                  0.00000000                  0.00000000                  0.00000000 
                  0.00000000                  0.00000000                  0.00000000                  0.00000000                  0.00000000 
                  0.00000000                  0.00000000                  0.00000000                  0.00000000                  0.00000000 
                  0.00000000                  0.00000000                  0.00000000                  0.00000000                  0.00000000 
                  0.00000000                  0.00000000                  0.00000000                  0.00000000                  0.00000000 
                  0.00000000                  0.00000000                  0.00000000                  0.00000000                  0.00000000 
                  0.00000000                  0.00000000                  0.00000000                  0.00000000                  0.00000000 
                  0.00000000                  0.00000000                  0.00000000                  0.00000000                  0.00000000 
                  0.00000000                  0.00000000                  0.00000000                  0.00000000                  0.00000000 
                  0.00000000                  0.00000000                  0.00000000                  0.00000000                  0.00000000 
                  0.00000000                  0.00000000                  0.00000000                  0.00000000                  0.00000000 
                  0.00000000                  0.00000000                  0.00000000                  0.00000000                  0.00000000 
                  0.00000000                  0.00000000                  0.00000000                  0.00000000                  0.00000000 
                  0.00000000                  0.00000000                  0.00000000                  0.00000000                  0.00000000 
                  0.00000000                  0.00000000                  0.00000000                  0.00000000                  0.00000000 
                  0.00000000                  0.00000000                  0.00000000                  0.00000000                  0.00000000 
                  0.00000000                  0.00000000                  0.00000000                  0.00000000                  0.00000000 
                  0.00000000                  0.00000000                  0.00000000                  0.00000000                  0.00000000 
                  0.00000000                  0.00000000                  0.00000000                  0.00000000                  0.00000000 
                  0.00000000                  0.00000000                  0.00000000                  0.00000000                  0.00000000 
                  0.00000000                  0.00000000                  0.00000000                  0.00000000                  0.00000000 
                  0.00000000                  0.00000000                  0.00000000                  0.00000000                  0.00000000 
                  0.00000000                  0.00000000                  0.00000000                  0.00000000                  0.00000000 
                  0.00000000                  0.00000000                  0.00000000                  0.00000000                  0.00000000 
                  0.00000000                  0.00000000                  0.00000000                  0.00000000                  0.00000000 
                  0.00000000                  0.00000000                  0.00000000                  0.00000000                  0.00000000 
                  0.00000000                  0.00000000                  0.00000000                  0.00000000                  0.00000000 
                  0.00000000                  0.00000000                  0.00000000                  0.00000000                  0.00000000 
                  0.00000000                  0.00000000                  0.00000000                  0.00000000                  0.00000000 
                  0.00000000                  0.00000000                  0.00000000                  0.00000000                  0.00000000 
                  0.00000000                  0.00000000                  0.00000000                  0.00000000                  0.00000000 
                  0.00000000                  0.00000000                  0.00000000                  0.00000000                  0.00000000 
                  0.00000000                  0.00000000                  0.00000000                  0.00000000                  0.00000000 
                  0.00000000                  0.00000000                  0.00000000                  0.00000000                  0.00000000 
                  0.00000000                  0.00000000                  0.00000000                  0.00000000                  0.00000000 
