                  0.00000000                  0.00000000                  0.00000000                  0.00000000                  0.00000000                  0.00000000                  0.00000000                  0.00000000                  0.00000000                  0.00000000 
                  0.00000000                  0.00000000                  0.00000000                  0.00000000                  0.00000000 
                  0.00000000                  0.00000000                  0.00000000                  0.00000000                  0.00000000 
                  0.00000000                  0.00000000                  0.00000000                  0.00000000                  0.00000000 
                  0.00000000                  0.00000000                  0.00000000                  0.00000000                  0.00000000 
                  0.00000000                  0.00000000                  0.00000000                  0.00000000                  0.00000000 
                  0.00000000                  0.00000000                  0.00000000                  0.00000000                  0.00000000 
                  0.00000000                  0.00000000                  0.00000000                  0.00000000                  0.00000000 
                  0.00000000                  0.00000000                  0.00000000                  0.00000000                  0.00000000 
                  0.00000000                  0.00000000                  0.00000000                  0.00000000                  0.00000000 
                  0.00000000                  0.00000000                  0.00000000                  0.00000000                  0.00000000 
                  0.00000000                  0.00000000                  0.00000000                  0.00000000                  0.00000000 
                  0.00000000                  0.00000000                  0.00000000                  0.00000000                  0.00000000 
                  0.00000000                  0.00000000                  0.00000000                  0.00000000                  0.00000000 
                  0.00000000                  0.00000000                  0.00000000                  0.00000000                  0.00000000 
                  0.00000000                  0.00000000                  0.00000000                  0.00000000                  0.00000000 
                  0.00000000                  0.00000000                  0.00000000                  0.00000000                  0.00000000 
                  0.00000000                  0.00000000                  0.00000000                  0.00000000                  0.00000000 
                  0.00000000                  0.00000000                  0.00000000                  0.00000000                  0.00000000 
                  0.00000000                  0.00000000                  0.00000000                  0.00000000                  0.00000000 
                  0.00000000                  0.00000000                  0.00000000                  0.00000000                  0.00000000 
                  0.00000000                  0.00000000                  0.00000000                  0.00000000                  0.00000000 
                  0.00000000                  0.00000000                  0.00000000                  0.00000000                  0.00000000 
                  0.00000000                  0.00000000                  0.00000000                  0.00000000                  0.00000000 
                  0.00000000                  0.00000000                  0.00000000                  0.00000000                  0.00000000 
                  0.00000000                  0.00000000                  0.00000000                  0.00000000                  0.00000000 
                  0.00000000                  0.00000000                  0.00000000                  0.00000000                  0.00000000 
                  0.00000000                  0.00000000                  0.00000000                  0.00000000                  0.00000000 
                  0.00000000                  0.00000000                  0.00000000                  0.00000000                  0.00000000 
                  0.00000000                  0.00000000                  0.00000000                  0.00000000                  0.00000000 
                  0.00000000                  0.00000000                  0.00000000                  0.00000000                  0.00000000 
                  0.00000000                  0.00000000                  0.00000000                  0.00000000                  0.00000000 
                  0.00000000                  0.00000000                  0.00000000                  0.00000000                  0.00000000 
                  0.00000000                  0.00000000                  0.00000000                  0.00000000                  0.00000000 
                  0.00000000                  0.00000000                  0.00000000                  0.00000000                  0.00000000 
                  0.00000000                  0.00000000                  0.00000000                  0.00000000                  0.00000000 
                  0.00000000                  0.00000000                  0.00000000                  0.00000000                  0.00000000 
                  0.00000000                  0.00000000                  0.00000000                  0.00000000                  0.00000000 
                  0.00000000                  0.00000000                  0.00000000                  0.00000000                  0.00000000 
                  0.00000000                  0.00000000                  0.00000000                  0.00000000                  0.00000000 
                  0.00000000                  0.00000000                  0.00000000                  0.00000000                  0.00000000 
                  0.00000000                  0.00000000                  0.00000000                  0.00000000                  0.00000000 
                  0.00000000                  0.00000000                  0.00000000                  0.00000000                  0.00000000 
                  0.00000000                  0.00000000                  0.00000000                  0.00000000                  0.00000000 
                  0.00000000                  0.00000000                  0.00000000                  0.00000000                  0.00000000 
                  0.00000000                  0.00000000                  0.00000000                  0.00000000                  0.00000000 
                  0.00000000                  0.00000000                  0.00000000                  0.00000000                  0.00000000 
                  0.00000000                  0.00000000                  0.00000000                  0.00000000                  0.00000000 
                  0.00000000                  0.00000000                  0.00000000                  0.00000000                  0.00000000 
                  0.00000000                  0.00000000                  0.00000000                  0.00000000                  0.00000000 
                  0.00000000                  0.00000000                  0.00000000                  0.00000000                  0.00000000 
                  0.00000000                  0.00000000                  0.00000000                  0.00000000                  0.00000000 
                  0.00000000                  0.00000000                  0.00000000                  0.00000000                  0.00000000 
                  0.00000000                  0.00000000                  0.00000000                  0.00000000                  0.00000000 
                  0.00000000                  0.00000000                  0.00000000                  0.00000000                  0.00000000 
                  0.00000000                  0.00000000                  0.00000000                  0.00000000                  0.00000000 
                  0.00000000                  0.00000000                  0.00000000                  0.00000000                  0.00000000 
                  0.00000000                  0.00000000                  0.00000000                  0.00000000                  0.00000000 
                  0.00000000                  0.00000000                  0.00000000                  0.00000000                  0.00000000 
                  0.00000000                  0.00000000                  0.00000000                  0.00000000                  0.00000000 
                  0.00000000                  0.00000000                  0.00000000                  0.00000000                  0.00000000 
                  0.00000000                  0.00000000                  0.00000000                  0.00000000                  0.00000000 
                  0.00000000                  0.00000000                  0.00000000                  0.00000000                  0.00000000 
                  0.00000000                  0.00000000                  0.00000000                  0.00000000                  0.00000000 
                  0.00000000                  0.00000000                  0.00000000                  0.00000000                  0.00000000 
                  0.00000000                  0.00000000                  0.00000000                  0.00000000                  0.00000000 
                  0.00000000                  0.00000000                  0.00000000                  0.00000000                  0.00000000 
                  0.00000000                  0.00000000                  0.00000000                  0.00000000                  0.00000000 
                  0.00000000                  0.00000000                  0.00000000                  0.00000000                  0.00000000 
                  0.00000000                  0.00000000                  0.00000000                  0.00000000                  0.00000000 
                  0.00000000                  0.00000000                  0.00000000                  0.00000000                  0.00000000 
                  0.00000000                  0.00000000                  0.00000000                  0.00000000                  0.00000000 
                  0.00000000                  0.00000000                  0.00000000                  0.00000000                  0.00000000 
                  0.00000000                  0.00000000                  0.00000000                  0.00000000                  0.00000000 
                  0.00000000                  0.00000000                  0.00000000                  0.00000000                  0.00000000 
                  0.00000000                  0.00000000                  0.00000000                  0.00000000                  0.00000000 
                  0.00000000                  0.00000000                  0.00000000                  0.00000000                  0.00000000 
                  0.00000000                  0.00000000                  0.00000000                  0.00000000                  0.00000000 
                  0.00000000                  0.00000000                  0.00000000                  0.00000000                  0.00000000 
                  0.00000000                  0.00000000                  0.00000000                  0.00000000                  0.00000000 
                  0.00000000                  0.00000000                  0.00000000                  0.00000000                  0.00000000 
                  0.00000000                  0.00000000                  0.00000000                  0.00000000                  0.00000000 
                  0.00000000                  0.00000000                  0.00000000                  0.00000000                  0.00000000 
                  0.00000000                  0.00000000                  0.00000000                  0.00000000                  0.00000000 
                  0.00000000                  0.00000000                  0.00000000                  0.00000000                  0.00000000 
                  0.00000000                  0.00000000                  0.00000000                  0.00000000                  0.00000000 
                  0.00000000                  0.00000000                  0.00000000                  0.00000000                  0.00000000 
                  0.00000000                  0.00000000                  0.00000000                  0.00000000                  0.00000000 
                  0.00000000                  0.00000000                  0.00000000                  0.00000000                  0.00000000 
                  0.00000000                  0.00000000                  0.00000000                  0.00000000                  0.00000000 
                  0.00000000                  0.00000000                  0.00000000                  0.00000000                  0.00000000 
                  0.00000000                  0.00000000                  0.00000000                  0.00000000                  0.00000000 
                  0.00000000                  0.00000000                  0.00000000                  0.00000000                  0.00000000 
                  0.00000000                  0.00000000                  0.00000000                  0.00000000                  0.00000000 
                  0.00000000                  0.00000000                  0.00000000                  0.00000000                  0.00000000 
                  0.00000000                  0.00000000                  0.00000000                  0.00000000                  0.00000000 
                  0.00000000                  0.00000000                  0.00000000                  0.00000000                  0.00000000 
                  0.00000000                  0.00000000                  0.00000000                  0.00000000                  0.00000000 
                  0.00000000                  0.00000000                  0.00000000                  0.00000000                  0.00000000 
                  0.00000000                  0.00000000                  0.00000000                  0.00000000                  0.00000000 
                  0.00000000                  0.00000000                  0.00000000                  0.00000000                  0.00000000 
                  0.00000000                  0.00000000                  0.00000000                  0.00000000                  0.00000000 
                  0.00000000                  0.00000000                  0.00000000                  0.00000000                  0.00000000 
                  0.00000000                  0.00000000                  0.00000000                  0.00000000                  0.00000000 
                  0.00000000                  0.00000000                  0.00000000                  0.00000000                  0.00000000 
                  0.00000000                  0.00000000                  0.00000000                  0.00000000                  0.00000000 
                  0.00000000                  0.00000000                  0.00000000                  0.00000000                  0.00000000 
                  0.00000000                  0.00000000                  0.00000000                  0.00000000                  0.00000000 
                  0.00000000                  0.00000000                  0.00000000                  0.00000000                  0.00000000 
                  0.00000000                  0.00000000                  0.00000000                  0.00000000                  0.00000000 
                  0.00000000                  0.00000000                  0.00000000                  0.00000000                  0.00000000 
                  0.00000000                  0.00000000                  0.00000000                  0.00000000                  0.00000000 
                  0.00000000                  0.00000000                  0.00000000                  0.00000000                  0.00000000 
                  0.00000000                  0.00000000                  0.00000000                  0.00000000                  0.00000000 
                  0.00000000                  0.00000000                  0.00000000                  0.00000000                  0.00000000 
                  0.00000000                  0.00000000                  0.00000000                  0.00000000                  0.00000000 
                  0.00000000                  0.00000000                  0.00000000                  0.00000000                  0.00000000 
                  0.00000000                  0.00000000                  0.00000000                  0.00000000                  0.00000000 
                  0.00000000                  0.00000000                  0.00000000                  0.00000000                  0.00000000 
                  0.00000000                  0.00000000                  0.00000000                  0.00000000                  0.00000000 
                  0.00000000                  0.00000000                  0.00000000                  0.00000000                  0.00000000 
                  0.00000000                  0.00000000                  0.00000000                  0.00000000                  0.00000000 
                  0.00000001                  0.00000001                  0.00000001                  0.00000001                  0.00000001 
                  0.00000001                  0.00000001                  0.00000001                  0.00000001                  0.00000001 
                  0.00000001                  0.00000001                  0.00000002                  0.00000001                  0.00000001 
                  0.00000002                  0.00000002                  0.00000002                  0.00000002                  0.00000002 
                  0.00000004                  0.00000004                  0.00000004                  0.00000004                  0.00000004 
                  0.00000006                  0.00000006                  0.00000006                  0.00000006                  0.00000006 
                  0.00000009                  0.00000009                  0.00000010                  0.00000009                  0.00000009 
                  0.00000015                  0.00000014                  0.00000015                  0.00000015                  0.00000015 
                  0.00000023                  0.00000022                  0.00000023                  0.00000023                  0.00000023 
                  0.00000035                  0.00000034                  0.00000036                  0.00000035                  0.00000035 
                  0.00000054                  0.00000053                  0.00000056                  0.00000054                  0.00000054 
                  0.00000083                  0.00000081                  0.00000085                  0.00000082                  0.00000082 
                  0.00000125                  0.00000122                  0.00000129                  0.00000125                  0.00000125 
                  0.00000189                  0.00000185                  0.00000194                  0.00000188                  0.00000188 
                  0.00000284                  0.00000277                  0.00000292                  0.00000282                  0.00000282 
                  0.00000424                  0.00000414                  0.00000435                  0.00000421                  0.00000419 
                  0.00000629                  0.00000614                  0.00000644                  0.00000623                  0.00000621 
                  0.00000928                  0.00000905                  0.00000949                  0.00000918                  0.00000914 
                  0.00001361                  0.00001327                  0.00001390                  0.00001343                  0.00001338 
                  0.00001984                  0.00001933                  0.00002024                  0.00001955                  0.00001947 
                  0.00002875                  0.00002801                  0.00002930                  0.00002827                  0.00002816 
                  0.00004142                  0.00004034                  0.00004216                  0.00004066                  0.00004049 
                  0.00005933                  0.00005776                  0.00006032                  0.00005814                  0.00005788 
                  0.00008449                  0.00008222                  0.00008580                  0.00008263                  0.00008225 
                  0.00011962                  0.00011636                  0.00012133                  0.00011677                  0.00011620 
                  0.00016837                  0.00016373                  0.00017058                  0.00016405                  0.00016322 
                  0.00023563                  0.00022906                  0.00023843                  0.00022914                  0.00022792 
                  0.00032785                  0.00031859                  0.00033135                  0.00031820                  0.00031643 
                  0.00045354                  0.00044057                  0.00045783                  0.00043932                  0.00043677 
                  0.00062383                  0.00060575                  0.00062896                  0.00060305                  0.00059939 
                  0.00085313                  0.00082808                  0.00085909                  0.00082304                  0.00081783 
                  0.00116005                  0.00112555                  0.00116672                  0.00111683                  0.00110944 
                  0.00156841                  0.00152116                  0.00157546                  0.00150682                  0.00149641 
                  0.00210846                  0.00204410                  0.00211530                  0.00202138                  0.00200679 
                  0.00281839                  0.00273125                  0.00282401                  0.00269621                  0.00267590 
                  0.00374607                  0.00362872                  0.00374884                  0.00357592                  0.00354779 
                  0.00495102                  0.00479389                  0.00494847                  0.00471581                  0.00467707 
                  0.00650678                  0.00629756                  0.00649527                  0.00618397                  0.00613092 
                  0.00850349                  0.00822647                  0.00847780                  0.00806361                  0.00799138 
                  0.01105087                  0.01068612                  0.01100370                  0.01045564                  0.01035787 
                  0.01428145                  0.01380386                  0.01420275                  0.01348157                  0.01334996 
                  0.01835411                  0.01773222                  0.01823029                  0.01728656                  0.01711039 
                  0.02345789                  0.02265258                  0.02327087                  0.02204267                  0.02180821 
                  0.02981595                  0.02877885                  0.02954198                  0.02795236                  0.02764206 
                  0.03768967                  0.03636140                  0.03729801                  0.03525188                  0.03484352 
                  0.04738278                  0.04569091                  0.04683411                  0.04421474                  0.04368035 
                  0.05924535                  0.05710206                  0.05848997                  0.05515502                  0.05445964 
                  0.07367750                  0.07097708                  0.07265336                  0.06843040                  0.06753058 
                  0.09113271                  0.08774876                  0.08976319                  0.08444475                  0.08328687 
                  0.11212048                  0.10790283                  0.11031207                  0.10365011                  0.10216848 
                  0.13720816                  0.13197961                  0.13484798                  0.12654801                  0.12466265 
                  0.16702174                  0.16057460                  0.16397496                  0.15368979                  0.15130399 
                  0.20224522                  0.19433779                  0.19835277                  0.18567576                  0.18267339 
                  0.24361876                  0.23397160                  0.23869500                  0.22315323                  0.21939585 
                  0.29193488                  0.28022724                  0.28576571                  0.26681310                  0.26213673 
                  0.34803289                  0.33389920                  0.34037435                  0.31738484                  0.31159666 
                  0.41279146                  0.39581802                  0.40336916                  0.37562999                  0.36850494 
                  0.48711896                  0.46684104                  0.47562823                  0.44233418                  0.43361142 
                  0.57194197                  0.54784107                  0.55804926                  0.51829743                  0.50767690 
                  0.66819143                  0.63969398                  0.65153742                  0.60432279                  0.59146202 
                  0.77678752                  0.74326313                  0.75699127                  0.70120460                  0.68571532 
                  0.89862233                  0.85938412                  0.87528819                  0.80971438                  0.79116023 
                  1.03454185                  0.98884696                  1.00726771                  0.93058693                  0.90848136 
                  1.18532610                  1.13237846                  1.15371466                  1.06450605                  1.03831053 
                  1.35167050                  1.29062343                  1.31534195                  1.21208954                  1.18121326 
                  1.53416574                  1.46412671                  1.49277437                  1.37387443                  1.33767545 
                  1.73327899                  1.65331650                  1.68653047                  1.55030537                  1.50809133 
                  1.94933653                  1.85848725                  1.89700937                  1.74172080                  1.69275272 
                  2.18250799                  2.07978606                  2.12447643                  1.94834352                  1.89183998 
                  2.43279338                  2.31720090                  2.36905169                  2.17027211                  2.10541582 
                  2.70001364                  2.57055140                  2.63070226                  2.40747571                  2.33342099 
                  2.98380232                  2.83948493                  2.90923500                  2.65979028                  2.57567215 
                  3.28360438                  3.12347221                  3.20429564                  2.92691946                  2.83186388 
                  3.59867668                  3.42181110                  3.51536870                  3.20843506                  3.10157299 
                  3.92809367                  3.73363137                  3.84178281                  3.50378394                  3.38426471 
                  4.27075672                  4.05790472                  4.18271685                  3.81229687                  3.67930150 
                  4.62540770                  4.39345932                  4.53721189                  4.13319731                  3.98595572 
                  4.99064684                  4.73899364                  4.90418434                  4.46561575                  4.30342150 
                  5.36495209                  5.09309959                  5.28244352                  4.80860376                  4.63082933 
                  5.74670506                  5.45428181                  5.67070866                  5.16114759                  4.96726418 
                  6.13421202                  5.82098293                  6.06762886                  5.52218819                  5.31177664 
                  6.52573442                  6.19160891                  6.47180414                  5.89063501                  5.66340113 
                  6.91951466                  6.56455278                  6.88180780                  6.26538229                  6.02117014 
                  7.31380415                  6.93821812                  7.29620504                  6.64532566                  6.38412666 
                  7.70688725                  7.31104708                  7.71357250                  7.02937603                  6.75133801 
                  8.09710979                  7.68154192                  8.13251972                  7.41647339                  7.12190294 
                  8.48290062                  8.04828358                  8.55170536                  7.80559444                  7.49496365 
                  8.86278915                  8.40994930                  8.96985149                  8.19576550                  7.86970758 
                  9.23542595                  8.76532745                  9.38575363                  8.58606815                  8.24537277 
                  9.59959316                  9.11333275                  9.79829788                  8.97564125                  8.62125206 
                  9.95421982                  9.45300961                 10.20646286                  9.36368656                  8.99668789 
                 10.29838181                  9.78353882                 10.60932255                  9.74947166                  9.37107468 
                 10.63130951                 10.10423851                 11.00605774                 10.13232422                  9.74385262 
                 10.95238590                 10.41456890                 11.39594650                 10.51163483                 10.11450577 
                 11.26114559                 10.71411896                 11.77836990                 10.88684750                 10.48255444 
                 11.55726624                 11.00260544                 12.15280342                 11.25746441                 10.84755516 
                 11.84055805                 11.27986336                 12.51881409                 11.62303257                 11.20908928 
                 12.11096001                 11.54583645                 12.87605381                 11.98314857                 11.56676102 
                 12.36852169                 11.80056667                 13.22425270                 12.33744240                 11.92019558 
                 12.61339474                 12.04417992                 13.56321239                 12.68558311                 12.26903057 
                 12.84581661                 12.27687454                 13.89279556                 13.02726841                 12.61291504 
                 13.06609726                 12.49891186                 14.21292019                 13.36222649                 12.95150948 
                 13.27460861                 12.71059895                 14.52355194                 13.69020748                 13.28448296 
                 13.47176838                 12.91227913                 14.82469559                 14.01098347                 13.61151314 
                 13.65802574                 13.10432434                 15.11638832                 14.32434654                 13.93228436 
                 13.83385468                 13.28711987                 15.39869499                 14.63010788                 14.24649525 
                 13.99973965                 13.46106148                 15.67170238                 14.92809486                 14.55385494 
                 14.15617085                 13.62653923                 15.93551064                 15.21815395                 14.85408688 
                 14.30362892                 13.78394318                 16.19023132                 15.50014877                 15.14692974 
                 14.44258595                 13.93364811                 16.43598938                 15.77396011                 15.43214417 
                 14.57349586                 14.07600975                 16.67291069                 16.03948402                 15.70951271 
                 14.69678879                 14.21136665                 16.90112686                 16.29663849                 15.97883701 
                 14.81287289                 14.34003830                 17.12076950                 16.54536057                 16.23994637 
                 14.92212772                 14.46231556                 17.33197403                 16.78559685                 16.49269676 
                 15.02490330                 14.57846832                 17.53486824                 17.01732254                 16.73697090 
                 15.12152386                 14.68874550                 17.72958946                 17.24052811                 16.97267914 
                 15.21228123                 14.79336739                 17.91625977                 17.45521927                 17.19976044 
                 15.29744434                 14.89253712                 18.09500885                 17.66142273                 17.41818237 
                 15.37725163                 14.98643494                 18.26596260                 17.85918236                 17.62793732 
                 15.45191765                 15.07522488                 18.42924881                 18.04855156                 17.82904243 
                 15.52163696                 15.15905190                 18.58498955                 18.22961044                 18.02153969 
                 15.58658123                 15.23804760                 18.73330498                 18.40243912                 18.20549011 
                 15.64690495                 15.31232929                 18.87431717                 18.56714249                 18.38097763 
                 15.70274544                 15.38200378                 19.00815010                 18.72382927                 18.54809952 
                 15.75422573                 15.44716930                 19.13492012                 18.87261581                 18.70697021 
                 15.80146027                 15.50791168                 19.25475311                 19.01363564                 18.85771751 
                 15.84455013                 15.56431961                 19.36776924                 19.14701843                 19.00048065 
                 15.88359070                 15.61646938                 19.47409058                 19.27291107                 19.13540459 
                 15.91866970                 15.66443729                 19.57384109                 19.39145470                 19.26264000 
                 15.94986916                 15.70829678                 19.66714478                 19.50279617                 19.38235092 
                 15.97727108                 15.74812031                 19.75412178                 19.60708809                 19.49469566 
                 16.00095177                 15.78397751                 19.83489609                 19.70448303                 19.59983635 
                 16.02098465                 15.81593800                 19.90959167                 19.79512978                 19.69793892 
                 16.03744507                 15.84407616                 19.97834015                 19.87918472                 19.78916740 
                 16.05040741                 15.86846256                 20.04126358                 19.95680046                 19.87368202 
                 16.05994415                 15.88916969                 20.09848404                 20.02812576                 19.95165062 
                 16.06612968                 15.90627003                 20.15012741                 20.09331131                 20.02323151 
                 16.06903839                 15.91983795                 20.19632149                 20.15250587                 20.08857727 
                 16.06874275                 15.92994881                 20.23718834                 20.20585251                 20.14785004 
                 16.06531906                 15.93667793                 20.27285194                 20.25349998                 20.20119858 
                 16.05883980                 15.94010162                 20.30343628                 20.29558945                 20.24877167 
                 16.04938126                 15.94029617                 20.32906342                 20.33226013                 20.29072189 
                 16.03701591                 15.93733883                 20.34985542                 20.36364937                 20.32719421 
                 16.02182007                 15.93130302                 20.36592865                 20.38989639                 20.35832596 
                 16.00386429                 15.92226696                 20.37740707                 20.41113281                 20.38426018 
                 15.98322296                 15.91030502                 20.38440704                 20.42748833                 20.40513611 
                 15.95996952                 15.89549351                 20.38704491                 20.43909645                 20.42108917 
                 15.93417358                 15.87790680                 20.38543510                 20.44608688                 20.43225288 
                 15.90590668                 15.85761738                 20.37969398                 20.44858360                 20.43875694 
                 15.87523651                 15.83469868                 20.36993027                 20.44671059                 20.44073486 
                 15.84223175                 15.80921841                 20.35625267                 20.44059372                 20.43831253 
                 15.80695724                 15.78125095                 20.33877373                 20.43035126                 20.43161774 
                 15.76948071                 15.75086498                 20.31760025                 20.41610336                 20.42077446 
                 15.72986412                 15.71812820                 20.29283905                 20.39796448                 20.40590668 
                 15.68816948                 15.68310547                 20.26458931                 20.37605095                 20.38713264 
                 15.64445972                 15.64586258                 20.23295212                 20.35048103                 20.36457062 
                 15.59879398                 15.60646629                 20.19803238                 20.32135963                 20.33833694 
                 15.55123138                 15.56497765                 20.15992737                 20.28880119                 20.30854607 
                 15.50182915                 15.52145672                 20.11873817                 20.25291061                 20.27531052 
                 15.45064354                 15.47596741                 20.07455826                 20.21379280                 20.23874283 
                 15.39773083                 15.42856789                 20.02747917                 20.17155075                 20.19894791 
                 15.34314442                 15.37931919                 19.97759438                 20.12628746                 20.15603256 
                 15.28693771                 15.32827282                 19.92499733                 20.07810211                 20.11009979 
                 15.22916222                 15.27549076                 19.86977577                 20.02709198                 20.06125069 
                 15.16987038                 15.22102451                 19.81201553                 19.97335243                 20.00958443 
                 15.10911274                 15.16493034                 19.75180435                 19.91697693                 19.95519829 
                 15.04693890                 15.10726070                 19.68922615                 19.85805702                 19.89818573 
                 14.98339844                 15.04806900                 19.62436104                 19.79667854                 19.83863831 
                 14.91853619                 14.98740482                 19.55729294                 19.73293304                 19.77664566 
                 14.85240269                 14.92532063                 19.48810196                 19.66690636                 19.71229935 
                 14.78504181                 14.86186695                 19.41686440                 19.59867859                 19.64568138 
                 14.71650124                 14.79708958                 19.34365654                 19.52833176                 19.57687759 
                 14.64682484                 14.73103714                 19.26855278                 19.45594406                 19.50596428 
                 14.57605743                 14.66375923                 19.19162178                 19.38159561                 19.43302727 
                 14.50424194                 14.59530067                 19.11293602                 19.30535889                 19.35814285 
                 14.43142033                 14.52571011                 19.03256607                 19.22731018                 19.28138351 
                 14.35763550                 14.45502949                 18.95057869                 19.14751816                 19.20282364 
                 14.28292656                 14.38330555                 18.86703682                 19.06605339                 19.12253952 
                 14.20733547                 14.31058121                 18.78200912                 18.98298645                 19.04059792 
                 14.13090324                 14.23689938                 18.69555473                 18.89838219                 18.95706558 
                 14.05366898                 14.16230202                 18.60773659                 18.81230164                 18.87200928 
                 13.97566986                 14.08683014                 18.51861191                 18.72481155                 18.78549385 
                 13.89694500                 14.01052475                 18.42823601                 18.63597298                 18.69758415 
                 13.81753063                 13.93342686                 18.33666992                 18.54584503                 18.60833740 
                 13.73746395                 13.85557556                 18.24396515                 18.45448685                 18.51781464 
                 13.65678024                 13.77701092                 18.15017700                 18.36194992                 18.42607307 
                 13.57551479                 13.69777012                 18.05535126                 18.26829338                 18.33316994 
                 13.49370193                 13.61789131                 17.95953941                 18.17357254                 18.23915863 
                 13.41137791                 13.53740978                 17.86279488                 18.07783127                 18.14409256 
                 13.32857418                 13.45636177                 17.76515961                 17.98112679                 18.04802513 
                 13.24532223                 13.37478352                 17.66668320                 17.88350105                 17.95100784 
                 13.16165638                 13.29270840                 17.56740952                 17.78500748                 17.85308647 
                 13.07760620                 13.21017170                 17.46738434                 17.68569183                 17.75430870 
                 12.99320316                 13.12720394                 17.36664772                 17.58559799                 17.65472221 
                 12.90847588                 13.04383945                 17.26523781                 17.48477173                 17.55437088 
                 12.82345390                 12.96010876                 17.16319847                 17.38325500                 17.45330048 
                 12.73816681                 12.87604237                 17.06056976                 17.28108788                 17.35155296 
                 12.65264225                 12.79167080                 16.95738792                 17.17831039                 17.24916840 
                 12.56690502                 12.70702362                 16.85369301                 17.07495880                 17.14618683 
                 12.48098373                 12.62212849                 16.74951744                 16.97107697                 17.04264641 
                 12.39490318                 12.53701210                 16.64490128                 16.86669922                 16.93858337 
                 12.30868816                 12.45170212                 16.53987503                 16.76185989                 16.83404160 
                 12.22236347                 12.36622429                 16.43447304                 16.65659714                 16.72905159 
                 12.13595104                 12.28060341                 16.32872772                 16.55094528                 16.62364960 
                 12.04947567                 12.19486237                 16.22267342                 16.44493675                 16.51786613 
                 11.96295929                 12.10902691                 16.11634064                 16.33860207                 16.41173935 
                 11.87642193                 12.02311993                 16.00975800                 16.23197746                 16.30529976 
                 11.78988647                 11.93716240                 15.90295506                 16.12508774                 16.19857979 
                 11.70337105                 11.85117912                 15.79596138                 16.01796532                 16.09160614 
                 11.61689663                 11.76518726                 15.68880367                 15.91063976                 15.98441029 
                 11.53047943                 11.67920876                 15.58150864                 15.80313873                 15.87701988 
                 11.44414139                 11.59326172                 15.47410297                 15.69548988                 15.76946259 
                 11.35789871                 11.50736713                 15.36661434                 15.58771801                 15.66176701 
                 11.27176857                 11.42154217                 15.25906563                 15.47985172                 15.55395985 
                 11.18576622                 11.33580494                 15.15148258                 15.37191391                 15.44606590 
                 11.09990883                 11.25017166                 15.04388714                 15.26393032                 15.33810902 
                 11.01421261                 11.16465950                 14.93630409                 15.15592480                 15.23011494 
                 10.92869091                 11.07928467                 14.82875252                 15.04792118                 15.12210655 
                 10.84335899                 10.99406147                 14.72125626                 14.93994141                 15.01410770 
                 10.75823021                 10.90900421                 14.61383629                 14.83200645                 14.90613937 
                 10.67331600                 10.82413006                 14.50651073                 14.72413826                 14.79822350 
                 10.58863068                 10.73945141                 14.39930248                 14.61635685                 14.69038105 
                 10.50418758                 10.65498161                 14.29222775                 14.50868320                 14.58263206 
                 10.41999817                 10.57073212                 14.18530846                 14.40113449                 14.47499657 
                 10.33607483                 10.48671627                 14.07855988                 14.29373169                 14.36749363 
                 10.25242615                 10.40294552                 13.97199917                 14.18649292                 14.26014137 
                 10.16906452                 10.31943321                 13.86564445                 14.07943344                 14.15295887 
                 10.08599854                 10.23618889                 13.75951195                 13.97257233                 14.04596329 
                 10.00323868                 10.15322399                 13.65361595                 13.86592674                 13.93917084 
                  9.92079353                 10.07054710                 13.54797268                 13.75951195                 13.83259773 
                  9.83867264                  9.98816872                 13.44259644                 13.65334320                 13.72626114 
                  9.75688553                  9.90609932                 13.33750248                 13.54743576                 13.62017441 
                  9.67543983                  9.82434845                 13.23270416                 13.44180298                 13.51435471 
                  9.59434223                  9.74292183                 13.12821484                 13.33646107                 13.40881443 
                  9.51360321                  9.66182995                 13.02404785                 13.23142338                 13.30356789 
                  9.43322754                  9.58108044                 12.92021561                 13.12670135                 13.19862938 
                  9.35322285                  9.50067997                 12.81672859                 13.02230930                 13.09401035 
                  9.27359486                  9.42063904                 12.71360016                 12.91825676                 12.98972607 
                  9.19435024                  9.34096146                 12.61084080                 12.81455708                 12.88578606 
                  9.11549664                  9.26165390                 12.50846100                 12.71122360                 12.78220367 
                  9.03703880                  9.18272400                 12.40647125                 12.60826492                 12.67898846 
                  8.95898151                  9.10417747                 12.30488110                 12.50569344                 12.57615280 
                  8.88132954                  9.02602196                 12.20370102                 12.40351772                 12.47370625 
                  8.80408955                  8.94825935                 12.10294056                 12.30174732                 12.37165833 
                  8.72726440                  8.87089825                 12.00260830                 12.20039463                 12.27001953 
                  8.65085983                  8.79394150                 11.90271187                 12.09946537                 12.16879940 
                  8.57488060                  8.71739483                 11.80325985                 11.99896908                 12.06800652 
                  8.49932861                  8.64126205                 11.70425987                 11.89891529                 11.96765041 
                  8.42420864                  8.56554890                 11.60572052                 11.79931164                 11.86773872 
                  8.34952354                  8.49025917                 11.50764847                 11.70016575                 11.76827908 
                  8.27527714                  8.41539478                 11.41005039                 11.60148430                 11.66927814 
                  8.20147324                  8.34095955                 11.31293201                 11.50327492                 11.57074547 
                  8.12811375                  8.26695919                 11.21630287                 11.40554523                 11.47268581 
                  8.05520153                  8.19339466                 11.12016487                 11.30830097                 11.37510681 
                  7.98273945                  8.12026882                 11.02452469                 11.21154690                 11.27801514 
                  7.91072893                  8.04758644                 10.92938900                 11.11529064                 11.18141747 
                  7.83917284                  7.97534847                 10.83476353                 11.01953697                 11.08531952 
                  7.76807308                  7.90355778                 10.74065208                 10.92429256                 10.98972511 
                  7.69743156                  7.83221722                 10.64706039                 10.82956123                 10.89463997 
                  7.62724972                  7.76132774                 10.55399227                 10.73534775                 10.80006981 
                  7.55752897                  7.69089127                 10.46144962                 10.64165878                 10.70601845 
                  7.48827076                  7.62091064                 10.36943913                 10.54849625                 10.61249161 
                  7.41947556                  7.55138683                 10.27796364                 10.45586395                 10.51949310 
                  7.35114622                  7.48232126                 10.18702602                 10.36376762                 10.42702675 
                  7.28328276                  7.41371489                 10.09662914                 10.27220917                 10.33509731 
                  7.21588564                  7.34556866                 10.00677872                 10.18119335                 10.24370670 
                  7.14895535                  7.27788353                  9.91747665                 10.09072208                 10.15285969 
                  7.08249283                  7.21066189                  9.82872295                 10.00079918                 10.06255817 
                  7.01649809                  7.14390326                  9.74052429                  9.91142654                  9.97280598 
                  6.95097160                  7.07760811                  9.65287876                  9.82260704                  9.88360596 
                  6.88591337                  7.01177692                  9.56579113                  9.73434353                  9.79496002 
                  6.82132339                  6.94640970                  9.47926235                  9.64663887                  9.70687008 
                  6.75720167                  6.88150787                  9.39329338                  9.55949402                  9.61933899 
                  6.69354820                  6.81707096                  9.30788803                  9.47291183                  9.53236771 
                  6.63036251                  6.75309896                  9.22304535                  9.38689232                  9.44595909 
                  6.56764460                  6.68959141                  9.13876820                  9.30143738                  9.36011505 
                  6.50539446                  6.62654829                  9.05505848                  9.21654797                  9.27483654 
                  6.44361019                  6.56396961                  8.97191429                  9.13222790                  9.19012451 
                  6.38229179                  6.50185490                  8.88933849                  9.04847622                  9.10597992 
                  6.32143879                  6.44020319                  8.80733013                  8.96529388                  9.02240372 
                  6.26104975                  6.37901402                  8.72589111                  8.88267994                  8.93939781 
                  6.20112467                  6.31828737                  8.64502048                  8.80063820                  8.85696125 
                  6.14166212                  6.25802183                  8.56472015                  8.71916580                  8.77509594 
                  6.08266163                  6.19821644                  8.48498821                  8.63826561                  8.69380188 
                  6.02412128                  6.13887167                  8.40582657                  8.55793667                  8.61307907 
                  5.96604013                  6.07998514                  8.32723427                  8.47817993                  8.53292847 
                  5.90841675                  6.02155638                  8.24921036                  8.39899445                  8.45334816 
                  5.85124969                  5.96358395                  8.17175579                  8.32038116                  8.37434101 
                  5.79453850                  5.90606689                  8.09486866                  8.24233723                  8.29590416 
                  5.73828125                  5.84900379                  8.01854992                  8.16486549                  8.21803856 
                  5.68247652                  5.79239368                  7.94279814                  8.08796406                  8.14074326 
                  5.62712240                  5.73623562                  7.86761284                  8.01163101                  8.06401730 
                  5.57221746                  5.68052721                  7.79299259                  7.93586636                  7.98786068 
                  5.51776075                  5.62526655                  7.71893597                  7.86066961                  7.91227245 
                  5.46374989                  5.57045269                  7.64544249                  7.78603935                  7.83725166 
                  5.41018343                  5.51608515                  7.57251167                  7.71197557                  7.76279736 
                  5.35705900                  5.46216106                  7.50014067                  7.63847637                  7.68890810 
                  5.30437517                  5.40867901                  7.42832947                  7.56554127                  7.61558342 
                  5.25213003                  5.35563707                  7.35707617                  7.49316788                  7.54282284 
                  5.20032167                  5.30303335                  7.28637886                  7.42135477                  7.47062349 
                  5.14894867                  5.25086689                  7.21623755                  7.35010147                  7.39898491 
                  5.09800863                  5.19913483                  7.14664936                  7.27940655                  7.32790518 
                  5.04749918                  5.14783573                  7.07761145                  7.20926809                  7.25738239 
                  4.99741840                  5.09696722                  7.00912428                  7.13968420                  7.18741560 
                  4.94776440                  5.04652786                  6.94118547                  7.07065248                  7.11800337 
                  4.89853525                  4.99651575                  6.87379313                  7.00217199                  7.04914331 
                  4.84972906                  4.94692802                  6.80694485                  6.93424129                  6.98083305 
                  4.80134296                  4.89776325                  6.74063826                  6.86685753                  6.91307211 
                  4.75337458                  4.84901953                  6.67487240                  6.80001926                  6.84585714 
                  4.70582199                  4.80069399                  6.60964394                  6.73372459                  6.77918720 
                  4.65868282                  4.75278521                  6.54495239                  6.66797018                  6.71305990 
                  4.61195517                  4.70529079                  6.48079348                  6.60275555                  6.64747334 
                  4.56563711                  4.65820837                  6.41716719                  6.53807783                  6.58242512 
                  4.51972580                  4.61153555                  6.35406876                  6.47393417                  6.51791286 
                  4.47421932                  4.56527042                  6.29149818                  6.41032267                  6.45393515 
                  4.42911434                  4.51940966                  6.22945118                  6.34724140                  6.39048862 
                  4.38440895                  4.47395325                  6.16792583                  6.28468800                  6.32757187 
                  4.34010124                  4.42889690                  6.10691977                  6.22266006                  6.26518154 
                  4.29618835                  4.38424015                  6.04643106                  6.16115475                  6.20331573 
                  4.25266790                  4.33997917                  5.98645592                  6.10016918                  6.14197159 
                  4.20953798                  4.29611158                  5.92699337                  6.03970194                  6.08114672 
                  4.16679573                  4.25263500                  5.86803961                  5.97974920                  6.02083921 
                  4.12443876                  4.20954752                  5.80959272                  5.92030907                  5.96104574 
                  4.08246469                  4.16684628                  5.75165033                  5.86137915                  5.90176344 
                  4.04087067                  4.12452888                  5.69420862                  5.80295610                  5.84299088 
                  3.99965525                  4.08259344                  5.63726521                  5.74503756                  5.78472471 
                  3.95881534                  4.04103708                  5.58081818                  5.68762064                  5.72696209 
                  3.91834855                  3.99985743                  5.52486324                  5.63070297                  5.66970062 
                  3.87825179                  3.95905185                  5.46939898                  5.57428169                  5.61293697 
                  3.83852315                  3.91861844                  5.41442204                  5.51835346                  5.55666924 
                  3.79916024                  3.87855458                  5.35992956                  5.46291637                  5.50089359 
                  3.76016021                  3.83885741                  5.30591822                  5.40796709                  5.44560814 
                  3.72152066                  3.79952478                  5.25238657                  5.35350275                  5.39080954 
                  3.68323874                  3.76055431                  5.19933033                  5.29952049                  5.33649492 
                  3.64531279                  3.72194290                  5.14674711                  5.24601746                  5.28266239 
                  3.60773969                  3.68368840                  5.09463406                  5.19299030                  5.22930765 
                  3.57051706                  3.64578891                  5.04298782                  5.14043665                  5.17642832 
                  3.53364229                  3.60824132                  4.99180603                  5.08835363                  5.12402153 
                  3.49711251                  3.57104349                  4.94108582                  5.03673840                  5.07208490 
                  3.46092606                  3.53419256                  4.89082384                  4.98558760                  5.02061462 
                  3.42507982                  3.49768615                  4.84101725                  4.93489885                  4.96960783 
                  3.38957143                  3.46152186                  4.79166269                  4.88466930                  4.91906166 
                  3.35439873                  3.42569685                  4.74275780                  4.83489513                  4.86897278 
                  3.31955862                  3.39020896                  4.69430017                  4.78557301                  4.81933928 
                  3.28504896                  3.35505557                  4.64628506                  4.73670006                  4.77015781 
                  3.25086737                  3.32023430                  4.59871101                  4.68827438                  4.72142506 
                  3.21701097                  3.28574276                  4.55157375                  4.64029312                  4.67313766 
                  3.18347764                  3.25157857                  4.50487137                  4.59275198                  4.62529278 
                  3.15026474                  3.21773911                  4.45860004                  4.54564810                  4.57788801 
                  3.11736965                  3.18422174                  4.41275692                  4.49897909                  4.53091955 
                  3.08479023                  3.15102434                  4.36733913                  4.45274162                  4.48438501 
                  3.05252361                  3.11814427                  4.32234430                  4.40693331                  4.43828106 
                  3.02056766                  3.08557892                  4.27776861                  4.36154985                  4.39260483 
                  2.98891973                  3.05332589                  4.23360968                  4.31658888                  4.34735346 
                  2.95757771                  3.02138257                  4.18986320                  4.27204704                  4.30252409 
                  2.92653894                  2.98974705                  4.14652729                  4.22792244                  4.25811291 
                  2.89580083                  2.95841694                  4.10359907                  4.18421078                  4.21411705 
                  2.86536098                  2.92738914                  4.06107521                  4.14090919                  4.17053366 
                  2.83521724                  2.89666176                  4.01895237                  4.09801579                  4.12735987 
                  2.80536699                  2.86623216                  3.97722816                  4.05552721                  4.08459282 
                  2.77580786                  2.83609819                  3.93589902                  4.01344013                  4.04222918 
                  2.74653792                  2.80625701                  3.89496207                  3.97175097                  4.00026608 
                  2.71755409                  2.77670670                  3.85441446                  3.93045712                  3.95870042 
                  2.68885446                  2.74744463                  3.81425333                  3.88955593                  3.91752934 
                  2.66043639                  2.71846867                  3.77447557                  3.84904432                  3.87674952 
                  2.63229775                  2.68977618                  3.73507833                  3.80891871                  3.83635831 
                  2.60443616                  2.66136527                  3.69605851                  3.76917672                  3.79635286 
                  2.57684946                  2.63323307                  3.65741348                  3.72981524                  3.75672936 
                  2.54953480                  2.60537791                  3.61914015                  3.69083118                  3.71748543 
                  2.52249050                  2.57779646                  3.58123517                  3.65222144                  3.67861819 
                  2.49571419                  2.55048728                  3.54369617                  3.61398363                  3.64012480 
                  2.46920323                  2.52344823                  3.50651979                  3.57611418                  3.60200214 
                  2.44295549                  2.49667645                  3.46970344                  3.53861094                  3.56424737 
                  2.41696906                  2.47016954                  3.43324423                  3.50147057                  3.52685738 
                  2.39124131                  2.44392586                  3.39713907                  3.46469021                  3.48982930 
                  2.36577010                  2.41794252                  3.36138535                  3.42826653                  3.45316029 
                  2.34055305                  2.39221764                  3.32598019                  3.39219713                  3.41684747 
                  2.31558824                  2.36674905                  3.29092050                  3.35647917                  3.38088799 
                  2.29087353                  2.34153438                  3.25620389                  3.32110929                  3.34527874 
                  2.26640654                  2.31657171                  3.22182703                  3.28608537                  3.31001711 
                  2.24218488                  2.29185867                  3.18778753                  3.25140381                  3.27510023 
                  2.21820664                  2.26739287                  3.15408230                  3.21706176                  3.24052525 
                  2.19446969                  2.24317265                  3.12070847                  3.18305779                  3.20628929 
                  2.17097187                  2.21919537                  3.08766365                  3.14938760                  3.17238951 
                  2.14771104                  2.19545913                  3.05494452                  3.11604881                  3.13882303 
                  2.12468505                  2.17196226                  3.02254891                  3.08303881                  3.10558724 
                  2.10189176                  2.14870191                  2.99047351                  3.05035448                  3.07267928 
                  2.07932925                  2.12567592                  2.95871615                  3.01799369                  3.04009652 
                  2.05699563                  2.10288262                  2.92727375                  2.98595357                  3.00783587 
                  2.03488851                  2.08031988                  2.89614391                  2.95423079                  2.97589469 
                  2.01300597                  2.05798554                  2.86532402                  2.92282319                  2.94427037 
                  1.99134588                  2.03587770                  2.83481073                  2.89172769                  2.91296053 
                  1.96990621                  2.01399398                  2.80460191                  2.86094189                  2.88196230 
                  1.94868517                  1.99233270                  2.77469516                  2.83046293                  2.85127282 
                  1.92768073                  1.97089183                  2.74508739                  2.80028820                  2.82088947 
                  1.90689087                  1.94966936                  2.71577621                  2.77041507                  2.79080939 
                  1.88631332                  1.92866290                  2.68675900                  2.74084091                  2.76103044 
                  1.86594653                  1.90787101                  2.65803313                  2.71156359                  2.73154926 
                  1.84578836                  1.88729131                  2.62959599                  2.68257976                  2.70236397 
                  1.82583702                  1.86692226                  2.60144496                  2.65388751                  2.67347145 
                  1.80609059                  1.84676147                  2.57357812                  2.62548375                  2.64486933 
                  1.78654695                  1.82680750                  2.54599237                  2.59736586                  2.61655545 
                  1.76720440                  1.80705822                  2.51868510                  2.56953168                  2.58852673 
                  1.74806106                  1.78751183                  2.49165392                  2.54197860                  2.56078124 
                  1.72911513                  1.76816618                  2.46489668                  2.51470399                  2.53331566 
                  1.71036458                  1.74901974                  2.43841076                  2.48770571                  2.50612807 
                  1.69180763                  1.73007059                  2.41219378                  2.46098065                  2.47921562 
                  1.67344260                  1.71131670                  2.38624263                  2.43452716                  2.45257592 
                  1.65526772                  1.69275641                  2.36055589                  2.40834260                  2.42620659 
                  1.63728094                  1.67438781                  2.33513069                  2.38242412                  2.40010524 
                  1.61948061                  1.65620911                  2.30996466                  2.35676932                  2.37426949 
                  1.60186517                  1.63821852                  2.28505564                  2.33137584                  2.34869671 
                  1.58443272                  1.62041438                  2.26040101                  2.30624127                  2.32338476 
                  1.56718135                  1.60279489                  2.23599863                  2.28136396                  2.29833078 
                  1.55010951                  1.58535838                  2.21184587                  2.25674057                  2.27353311 
                  1.53321552                  1.56810284                  2.18794107                  2.23236918                  2.24898911 
                  1.51649761                  1.55102682                  2.16428161                  2.20824742                  2.22469640 
                  1.49995399                  1.53412855                  2.14086485                  2.18437290                  2.20065260 
                  1.48358321                  1.51740623                  2.11768913                  2.16074371                  2.17685556 
                  1.46738362                  1.50085819                  2.09475231                  2.13735723                  2.15330291 
                  1.45135331                  1.48448277                  2.07205153                  2.11421156                  2.12999249 
                  1.43549097                  1.46827841                  2.04958463                  2.09130430                  2.10692191 
                  1.41979468                  1.45224333                  2.02734971                  2.06863308                  2.08408880 
                  1.40426302                  1.43637609                  2.00534439                  2.04619575                  2.06149149 
                  1.38889432                  1.42067492                  1.98356688                  2.02399039                  2.03912735 
                  1.37368703                  1.40513813                  1.96201491                  2.00201440                  2.01699424 
                  1.35863948                  1.38976443                  1.94068611                  1.98026586                  1.99508977 
                  1.34375036                  1.37455225                  1.91957843                  1.95874262                  1.97341216 
                  1.32901788                  1.35949981                  1.89868987                  1.93744254                  1.95195937 
                  1.31444061                  1.34460545                  1.87801826                  1.91636336                  1.93072903 
                  1.30001700                  1.32986772                  1.85756183                  1.89550328                  1.90971899 
                  1.28574562                  1.31528533                  1.83731830                  1.87485993                  1.88892722 
                  1.27162492                  1.30085635                  1.81728554                  1.85443151                  1.86835158 
                  1.25765347                  1.28657961                  1.79746187                  1.83421588                  1.84799027 
                  1.24382973                  1.27245367                  1.77784491                  1.81421101                  1.82784104 
                  1.23015225                  1.25847685                  1.75843287                  1.79441476                  1.80790210 
                  1.21661949                  1.24464774                  1.73922396                  1.77482510                  1.78817105 
                  1.20323026                  1.23096490                  1.72021592                  1.75544047                  1.76864600 
                  1.18998289                  1.21742702                  1.70140707                  1.73625839                  1.74932528 
                  1.17687631                  1.20403242                  1.68279529                  1.71727705                  1.73020661 
                  1.16390872                  1.19077992                  1.66437876                  1.69849467                  1.71128809 
                  1.15107906                  1.17766774                  1.64615560                  1.67990923                  1.69256794 
                  1.13838589                  1.16469491                  1.62812376                  1.66151905                  1.67404413 
                  1.12582779                  1.15185988                  1.61028159                  1.64332175                  1.65571487 
                  1.11340344                  1.13916135                  1.59262729                  1.62531590                  1.63757801 
                  1.10111141                  1.12659788                  1.57515872                  1.60749936                  1.61963189 
                  1.08895063                  1.11416793                  1.55787432                  1.58987045                  1.60187459 
                  1.07691944                  1.10187054                  1.54077232                  1.57242715                  1.58430433 
                  1.06501675                  1.08970416                  1.52385080                  1.55516791                  1.56691933 
                  1.05324125                  1.07766759                  1.50710809                  1.53809071                  1.54971766 
                  1.04159164                  1.06575930                  1.49054217                  1.52119386                  1.53269768 
                  1.03006661                  1.05397832                  1.47415161                  1.50447559                  1.51585746 
                  1.01866508                  1.04232335                  1.45793450                  1.48793411                  1.49919510 
                  1.00738561                  1.03079283                  1.44188917                  1.47156775                  1.48270917 
                  0.99622703                  1.01938581                  1.42601383                  1.45537484                  1.46639764 
                  0.98518813                  1.00810087                  1.41030717                  1.43935347                  1.45025885 
                  0.97426772                  0.99693680                  1.39476717                  1.42350209                  1.43429124 
                  0.96346456                  0.98589242                  1.37939239                  1.40781903                  1.41849291 
                  0.95277745                  0.97496641                  1.36418116                  1.39230251                  1.40286231 
                  0.94220525                  0.96415770                  1.34913158                  1.37695074                  1.38739800 
                  0.93174678                  0.95346498                  1.33424234                  1.36176240                  1.37209809 
                  0.92140096                  0.94288731                  1.31951165                  1.34673572                  1.35696089 
                  0.91116643                  0.93242329                  1.30493808                  1.33186924                  1.34198475 
                  0.90104222                  0.92207193                  1.29051995                  1.31716108                  1.32716835 
                  0.89102721                  0.91183209                  1.27625573                  1.30260968                  1.31250989 
                  0.88112015                  0.90170252                  1.26214385                  1.28821361                  1.29800773 
                  0.87132001                  0.89168215                  1.24818289                  1.27397120                  1.28366041 
                  0.86162585                  0.88176978                  1.23437130                  1.25988114                  1.26946640 
                  0.85203636                  0.87196434                  1.22070765                  1.24594152                  1.25542414 
                  0.84255052                  0.86226481                  1.20719016                  1.23215127                  1.24153209 
                  0.83316725                  0.85267001                  1.19381750                  1.21850872                  1.22778857 
                  0.82388562                  0.84317899                  1.18058825                  1.20501232                  1.21419239 
                  0.81470454                  0.83379042                  1.16750085                  1.19166064                  1.20074189 
                  0.80562294                  0.82450348                  1.15455413                  1.17845225                  1.18743551 
                  0.79663974                  0.81531703                  1.14174628                  1.16538537                  1.17427206 
                  0.78775394                  0.80623019                  1.12907636                  1.15245903                  1.16124988 
                  0.77896464                  0.79724181                  1.11654258                  1.13967156                  1.14836752 
                  0.77027071                  0.78835088                  1.10414386                  1.12702143                  1.13562381 
