        0.00000000        0.00000000        0.00000000        0.00000000        0.00000000        0.00000000        0.00000000 
        0.00000000        0.00000000        0.00000000        0.00000000        0.00000000        0.00000000        0.00000000 
        0.00000000        0.00000000        0.00000000        0.00000000        0.00000000        0.00000000        0.00000000 
        0.00000000        0.00000000        0.00000000        0.00000000        0.00000000        0.00000000        0.00000000 
        0.00000000        0.00000000        0.00000000        0.00000000        0.00000000        0.00000000        0.00000000 
        0.00000000        0.00000000        0.00000000        0.00000000        0.00000000        0.00000000        0.00000000 
        0.00000000        0.00000000        0.00000000        0.00000000        0.00000000        0.00000000        0.00000000 
        0.00000000        0.00000000        0.00000000        0.00000000        0.00000000        0.00000000        0.00000000 
        0.00000000        0.00000000        0.00000000        0.00000000        0.00000000        0.00000000        0.00000000 
        0.00000000        0.00000000        0.00000000        0.00000000        0.00000000        0.00000000        0.00000000 
        0.00000000        0.00000000        0.00000000        0.00000000        0.00000000        0.00000000        0.00000000 
        0.00000000        0.00000000        0.00000000        0.00000000        0.00000000        0.00000000        0.00000000 
        0.00000000        0.00000000        0.00000000        0.00000000        0.00000000        0.00000000        0.00000000 
        0.00000000        0.00000000        0.00000000        0.00000000        0.00000000        0.00000000        0.00000000 
        0.00000000        0.00000000        0.00000000        0.00000000        0.00000000        0.00000000        0.00000000 
        0.00000000        0.00000000        0.00000000        0.00000000        0.00000000        0.00000000        0.00000000 
        0.00000000        0.00000000        0.00000000        0.00000000        0.00000000        0.00000000        0.00000000 
        0.00000000        0.00000000        0.00000000        0.00000000        0.00000000        0.00000000        0.00000000 
        0.00000000        0.00000000        0.00000000        0.00000000        0.00000000        0.00000000        0.00000000 
        0.00000000        0.00000000        0.00000000        0.00000000        0.00000000        0.00000000        0.00000000 
        0.00000000        0.00000000        0.00000000        0.00000000        0.00000000        0.00000000        0.00000000 
        0.00000000        0.00000000        0.00000000        0.00000000        0.00000000        0.00000000        0.00000000 
        0.00000000        0.00000000        0.00000000        0.00000000        0.00000000        0.00000000        0.00000000 
        0.00000000        0.00000000        0.00000000        0.00000000        0.00000000        0.00000000        0.00000000 
        0.00000000        0.00000000        0.00000000        0.00000000        0.00000000        0.00000000        0.00000000 
        0.00000000        0.00000000        0.00000000        0.00000000        0.00000000        0.00000000        0.00000000 
        0.00000000        0.00000000        0.00000000        0.00000000        0.00000000        0.00000000        0.00000000 
        0.00000000        0.00000000        0.00000000        0.00000000        0.00000000        0.00000000        0.00000000 
        0.00000000        0.00000000        0.00000000        0.00000000        0.00000000        0.00000000        0.00000000 
        0.00000000        0.00000000        0.00000000        0.00000000        0.00000000        0.00000000        0.00000000 
        0.00000000        0.00000000        0.00000000        0.00000000        0.00000000        0.00000000        0.00000000 
        0.00000000        0.00000000        0.00000000        0.00000000        0.00000000        0.00000000        0.00000000 
        0.00000000        0.00000000        0.00000000        0.00000000        0.00000000        0.00000000        0.00000000 
        0.00000000        0.00000000        0.00000000        0.00000000        0.00000000        0.00000000        0.00000000 
        0.00000000        0.00000000        0.00000000        0.00000000        0.00000000        0.00000000        0.00000000 
        0.00000000        0.00000000        0.00000000        0.00000000        0.00000000        0.00000000        0.00000000 
        0.00000000        0.00000000        0.00000000        0.00000000        0.00000000        0.00000000        0.00000000 
       -0.00000000       -0.00000000       -0.00000000       -0.00000000       -0.00000000        0.00000000        0.00000000 
       -0.00000000       -0.00000000       -0.00000000       -0.00000000       -0.00000000       -0.00000000       -0.00000000 
       -0.00000000       -0.00000000       -0.00000000       -0.00000000       -0.00000000       -0.00000000       -0.00000000 
       -0.00000000       -0.00000000       -0.00000000       -0.00000000       -0.00000000       -0.00000000       -0.00000000 
       -0.00000000       -0.00000000       -0.00000000       -0.00000000       -0.00000000       -0.00000000       -0.00000000 
       -0.00000000       -0.00000000       -0.00000000       -0.00000000       -0.00000000       -0.00000000       -0.00000000 
       -0.00000000       -0.00000000       -0.00000000       -0.00000000       -0.00000000       -0.00000000       -0.00000000 
       -0.00000000       -0.00000000       -0.00000000       -0.00000000       -0.00000000       -0.00000000       -0.00000000 
       -0.00000000       -0.00000000       -0.00000000       -0.00000000       -0.00000000       -0.00000000       -0.00000000 
       -0.00000000       -0.00000000       -0.00000000       -0.00000000       -0.00000000       -0.00000000       -0.00000000 
       -0.00000000       -0.00000000       -0.00000000       -0.00000000       -0.00000000       -0.00000000       -0.00000000 
       -0.00000000       -0.00000000       -0.00000000       -0.00000000       -0.00000000       -0.00000000       -0.00000000 
       -0.00000000       -0.00000000       -0.00000000       -0.00000000       -0.00000000       -0.00000000       -0.00000000 
       -0.00000000       -0.00000000       -0.00000000       -0.00000000       -0.00000000       -0.00000000       -0.00000000 
       -0.00000000       -0.00000000       -0.00000000       -0.00000000       -0.00000000       -0.00000000       -0.00000000 
       -0.00000000       -0.00000000       -0.00000000       -0.00000000       -0.00000000       -0.00000000       -0.00000000 
       -0.00000000       -0.00000000       -0.00000000       -0.00000000       -0.00000000       -0.00000000       -0.00000000 
       -0.00000000       -0.00000000       -0.00000000       -0.00000000       -0.00000000       -0.00000000       -0.00000000 
       -0.00000000       -0.00000000       -0.00000000       -0.00000000       -0.00000000       -0.00000000       -0.00000000 
       -0.00000000       -0.00000000       -0.00000000       -0.00000000       -0.00000000       -0.00000000       -0.00000000 
       -0.00000000       -0.00000000       -0.00000000       -0.00000000       -0.00000000       -0.00000000       -0.00000000 
       -0.00000000       -0.00000000       -0.00000000       -0.00000000       -0.00000000       -0.00000000       -0.00000000 
       -0.00000000       -0.00000000       -0.00000000       -0.00000000       -0.00000000       -0.00000000       -0.00000000 
       -0.00000000       -0.00000000       -0.00000000       -0.00000000       -0.00000000       -0.00000000       -0.00000000 
       -0.00000000       -0.00000000       -0.00000000       -0.00000000       -0.00000000       -0.00000000       -0.00000000 
       -0.00000000       -0.00000000       -0.00000000       -0.00000000       -0.00000000       -0.00000000       -0.00000000 
       -0.00000000       -0.00000000       -0.00000000       -0.00000000       -0.00000000       -0.00000000       -0.00000000 
       -0.00000000       -0.00000000       -0.00000000       -0.00000000       -0.00000000       -0.00000000       -0.00000000 
       -0.00000000       -0.00000000       -0.00000000       -0.00000000       -0.00000000       -0.00000000       -0.00000000 
       -0.00000000       -0.00000000       -0.00000000       -0.00000000       -0.00000000       -0.00000000       -0.00000000 
       -0.00000000       -0.00000000       -0.00000000       -0.00000000       -0.00000000       -0.00000000       -0.00000000 
       -0.00000000       -0.00000000       -0.00000000       -0.00000000       -0.00000000       -0.00000000       -0.00000000 
       -0.00000000       -0.00000000       -0.00000000       -0.00000000       -0.00000000       -0.00000000       -0.00000000 
       -0.00000000       -0.00000000       -0.00000000       -0.00000000       -0.00000000       -0.00000000       -0.00000000 
       -0.00000000       -0.00000000       -0.00000000       -0.00000000       -0.00000000       -0.00000000       -0.00000000 
       -0.00000000       -0.00000000       -0.00000000       -0.00000000       -0.00000000       -0.00000000       -0.00000000 
       -0.00000000       -0.00000000       -0.00000000       -0.00000000       -0.00000000       -0.00000000       -0.00000000 
       -0.00000000       -0.00000000       -0.00000000       -0.00000000       -0.00000000       -0.00000000       -0.00000000 
       -0.00000000       -0.00000000       -0.00000000       -0.00000000       -0.00000000       -0.00000000       -0.00000000 
       -0.00000000       -0.00000000       -0.00000000       -0.00000000       -0.00000000       -0.00000000       -0.00000000 
       -0.00000000       -0.00000000       -0.00000000       -0.00000000       -0.00000000       -0.00000000       -0.00000000 
       -0.00000000       -0.00000000       -0.00000000       -0.00000000       -0.00000000       -0.00000000       -0.00000000 
       -0.00000000       -0.00000000       -0.00000000       -0.00000000       -0.00000000       -0.00000000       -0.00000000 
       -0.00000000       -0.00000000       -0.00000000       -0.00000000       -0.00000000       -0.00000000       -0.00000000 
       -0.00000000       -0.00000000       -0.00000000       -0.00000000       -0.00000000       -0.00000000       -0.00000000 
       -0.00000000       -0.00000000       -0.00000000       -0.00000000       -0.00000000       -0.00000000       -0.00000000 
       -0.00000000       -0.00000000       -0.00000000       -0.00000000       -0.00000000       -0.00000000       -0.00000000 
       -0.00000000       -0.00000000       -0.00000000       -0.00000000       -0.00000000       -0.00000000       -0.00000000 
       -0.00000000       -0.00000000       -0.00000000       -0.00000000       -0.00000000       -0.00000000       -0.00000000 
       -0.00000000       -0.00000000       -0.00000000       -0.00000000       -0.00000000       -0.00000000       -0.00000000 
       -0.00000000       -0.00000000       -0.00000000       -0.00000000       -0.00000000       -0.00000000       -0.00000000 
       -0.00000000       -0.00000000       -0.00000000       -0.00000000       -0.00000000       -0.00000000       -0.00000000 
       -0.00000000       -0.00000000       -0.00000000       -0.00000000       -0.00000000       -0.00000000       -0.00000000 
       -0.00000000       -0.00000000       -0.00000000       -0.00000000       -0.00000000       -0.00000000       -0.00000000 
       -0.00000000       -0.00000000       -0.00000000       -0.00000000       -0.00000000       -0.00000000       -0.00000000 
       -0.00000000       -0.00000000       -0.00000000       -0.00000000       -0.00000000       -0.00000000       -0.00000000 
       -0.00000000       -0.00000000       -0.00000000       -0.00000000       -0.00000000       -0.00000000       -0.00000000 
       -0.00000000       -0.00000000       -0.00000000       -0.00000000       -0.00000000       -0.00000000       -0.00000000 
       -0.00000000       -0.00000000       -0.00000000       -0.00000000       -0.00000000       -0.00000000       -0.00000000 
       -0.00000000       -0.00000000       -0.00000000       -0.00000000       -0.00000000       -0.00000000       -0.00000000 
       -0.00000000       -0.00000000       -0.00000000       -0.00000000       -0.00000000       -0.00000000       -0.00000000 
       -0.00000000       -0.00000000       -0.00000000       -0.00000000       -0.00000000       -0.00000000       -0.00000000 
       -0.00000000       -0.00000000       -0.00000000       -0.00000000       -0.00000000       -0.00000000       -0.00000000 
       -0.00000000       -0.00000000       -0.00000000       -0.00000000       -0.00000000       -0.00000000       -0.00000000 
       -0.00000000       -0.00000000       -0.00000000       -0.00000000       -0.00000000       -0.00000000       -0.00000000 
       -0.00000000       -0.00000000       -0.00000000       -0.00000000       -0.00000000       -0.00000000       -0.00000000 
       -0.00000000       -0.00000000       -0.00000000       -0.00000000       -0.00000000       -0.00000000       -0.00000000 
       -0.00000000       -0.00000000       -0.00000000       -0.00000000       -0.00000000       -0.00000000       -0.00000000 
       -0.00000000       -0.00000000       -0.00000000       -0.00000000       -0.00000000       -0.00000000       -0.00000000 
       -0.00000000       -0.00000000       -0.00000000       -0.00000000       -0.00000000       -0.00000000       -0.00000000 
       -0.00000000       -0.00000000       -0.00000000       -0.00000000       -0.00000000       -0.00000000       -0.00000000 
       -0.00000000       -0.00000000       -0.00000000       -0.00000000       -0.00000000       -0.00000000       -0.00000000 
       -0.00000000       -0.00000000       -0.00000000       -0.00000000       -0.00000000       -0.00000000       -0.00000000 
       -0.00000000       -0.00000000       -0.00000000       -0.00000000       -0.00000000       -0.00000000       -0.00000000 
       -0.00000000       -0.00000000       -0.00000000       -0.00000000       -0.00000000       -0.00000000       -0.00000000 
       -0.00000000       -0.00000000       -0.00000000       -0.00000000       -0.00000000       -0.00000000       -0.00000000 
       -0.00000000       -0.00000000       -0.00000000       -0.00000000       -0.00000000       -0.00000000       -0.00000000 
       -0.00000000       -0.00000000       -0.00000000       -0.00000000       -0.00000000       -0.00000000       -0.00000000 
       -0.00000000       -0.00000000       -0.00000000       -0.00000000       -0.00000000       -0.00000000       -0.00000000 
       -0.00000000       -0.00000000       -0.00000000       -0.00000000       -0.00000000       -0.00000000       -0.00000000 
       -0.00000000       -0.00000000       -0.00000000       -0.00000000       -0.00000000       -0.00000000       -0.00000000 
       -0.00000000       -0.00000000       -0.00000000       -0.00000000       -0.00000000       -0.00000000       -0.00000000 
       -0.00000000       -0.00000000       -0.00000000       -0.00000000       -0.00000000       -0.00000000       -0.00000000 
       -0.00000000       -0.00000000       -0.00000000       -0.00000000       -0.00000000       -0.00000000       -0.00000000 
       -0.00000000       -0.00000000       -0.00000000       -0.00000000       -0.00000000       -0.00000000       -0.00000000 
       -0.00000000       -0.00000000       -0.00000000       -0.00000000       -0.00000000       -0.00000000       -0.00000000 
       -0.00000000       -0.00000000       -0.00000000       -0.00000000       -0.00000000       -0.00000000       -0.00000000 
       -0.00000000       -0.00000000       -0.00000000       -0.00000000       -0.00000000       -0.00000000       -0.00000000 
       -0.00000000       -0.00000001       -0.00000001       -0.00000001       -0.00000001       -0.00000001       -0.00000000 
       -0.00000001       -0.00000001       -0.00000001       -0.00000001       -0.00000001       -0.00000001       -0.00000001 
       -0.00000001       -0.00000002       -0.00000002       -0.00000002       -0.00000002       -0.00000002       -0.00000001 
       -0.00000002       -0.00000003       -0.00000003       -0.00000003       -0.00000003       -0.00000003       -0.00000001 
       -0.00000003       -0.00000005       -0.00000005       -0.00000005       -0.00000005       -0.00000004       -0.00000002 
       -0.00000004       -0.00000008       -0.00000008       -0.00000008       -0.00000007       -0.00000007       -0.00000004 
       -0.00000006       -0.00000012       -0.00000012       -0.00000012       -0.00000011       -0.00000011       -0.00000005 
       -0.00000009       -0.00000019       -0.00000019       -0.00000019       -0.00000018       -0.00000017       -0.00000008 
       -0.00000015       -0.00000029       -0.00000029       -0.00000029       -0.00000027       -0.00000026       -0.00000013 
       -0.00000022       -0.00000045       -0.00000044       -0.00000044       -0.00000041       -0.00000039       -0.00000020 
       -0.00000034       -0.00000068       -0.00000067       -0.00000066       -0.00000063       -0.00000060       -0.00000030 
       -0.00000051       -0.00000102       -0.00000102       -0.00000100       -0.00000095       -0.00000090       -0.00000045 
       -0.00000077       -0.00000154       -0.00000153       -0.00000151       -0.00000143       -0.00000136       -0.00000068 
       -0.00000115       -0.00000230       -0.00000229       -0.00000225       -0.00000213       -0.00000202       -0.00000101 
       -0.00000171       -0.00000342       -0.00000340       -0.00000334       -0.00000316       -0.00000300       -0.00000150 
       -0.00000252       -0.00000504       -0.00000502       -0.00000493       -0.00000466       -0.00000442       -0.00000221 
       -0.00000371       -0.00000740       -0.00000737       -0.00000724       -0.00000683       -0.00000647       -0.00000324 
       -0.00000541       -0.00001080       -0.00001075       -0.00001056       -0.00000995       -0.00000943       -0.00000472 
       -0.00000785       -0.00001567       -0.00001559       -0.00001531       -0.00001441       -0.00001365       -0.00000683 
       -0.00001132       -0.00002261       -0.00002248       -0.00002206       -0.00002074       -0.00001964       -0.00000983 
       -0.00001623       -0.00003242       -0.00003222       -0.00003161       -0.00002970       -0.00002810       -0.00001406 
       -0.00002314       -0.00004621       -0.00004592       -0.00004503       -0.00004226       -0.00003996       -0.00002000 
       -0.00003279       -0.00006548       -0.00006506       -0.00006377       -0.00005979       -0.00005649       -0.00002827 
       -0.00004620       -0.00009226       -0.00009164       -0.00008978       -0.00008409       -0.00007940       -0.00003974 
       -0.00006472       -0.00012922       -0.00012832       -0.00012566       -0.00011758       -0.00011095       -0.00005553 
       -0.00009014       -0.00017994       -0.00017865       -0.00017486       -0.00016344       -0.00015412       -0.00007714 
       -0.00012480       -0.00024913       -0.00024726       -0.00024190       -0.00022587       -0.00021285       -0.00010654 
       -0.00017180       -0.00034291       -0.00034025       -0.00033270       -0.00031033       -0.00029224       -0.00014629 
       -0.00023513       -0.00046927       -0.00046550       -0.00045492       -0.00042389       -0.00039892       -0.00019970 
       -0.00031995       -0.00063849       -0.00063317       -0.00061844       -0.00057565       -0.00054137       -0.00027103 
       -0.00043286       -0.00086374       -0.00085627       -0.00083588       -0.00077723       -0.00073045       -0.00036572 
       -0.00058226       -0.00116173       -0.00115132       -0.00112326       -0.00104332       -0.00097987       -0.00049062 
       -0.00077874       -0.00155357       -0.00153915       -0.00150076       -0.00139246       -0.00130689       -0.00065440 
       -0.00103558       -0.00206571       -0.00204583       -0.00199362       -0.00184774       -0.00173302       -0.00086783 
       -0.00136927       -0.00273101       -0.00270377       -0.00263316       -0.00243781       -0.00228491       -0.00114428 
       -0.00180020       -0.00359004       -0.00355293       -0.00345798       -0.00319792       -0.00299533       -0.00150016 
       -0.00235333       -0.00469250       -0.00464224       -0.00451530       -0.00417109       -0.00390422       -0.00195551 
       -0.00305903       -0.00609881       -0.00603113       -0.00586240       -0.00540945       -0.00505997       -0.00253457 
       -0.00395394       -0.00788187       -0.00779126       -0.00756825       -0.00697565       -0.00652065       -0.00326650 
       -0.00508195       -0.01012894       -0.01000832       -0.00971525       -0.00894444       -0.00835549       -0.00418600 
       -0.00649518       -0.01294366       -0.01278403       -0.01240107       -0.01140422       -0.01064632       -0.00533415 
       -0.00825508       -0.01644816       -0.01623809       -0.01574051       -0.01445874       -0.01348909       -0.00675907 
       -0.01043351       -0.02078515       -0.02051029       -0.01986744       -0.01822875       -0.01699534       -0.00851678 
       -0.01311374       -0.02612002       -0.02576243       -0.02493657       -0.02285355       -0.02129372       -0.01067185 
       -0.01639155       -0.03264285       -0.03218025       -0.03112527       -0.02849252       -0.02653124       -0.01329813 
       -0.02037608       -0.04057014       -0.03997513       -0.03863498       -0.03532634       -0.03287449       -0.01647932 
       -0.02519062       -0.05014639       -0.04938534       -0.04769247       -0.04355797       -0.04051047       -0.02030938 
       -0.03097318       -0.06164506       -0.06067711       -0.05855060       -0.05341331       -0.04964714       -0.02489289 
       -0.03787676       -0.07536916       -0.07414497       -0.07148860       -0.06514123       -0.06051358       -0.03034505 
       -0.04606936       -0.09165117       -0.09011158       -0.08681167       -0.07901324       -0.07335953       -0.03679155 
       -0.05573355       -0.11085211       -0.10892662       -0.10484990       -0.09532227       -0.08845432       -0.04436802 
       -0.06706554       -0.13335975       -0.13096499       -0.12595630       -0.11438093       -0.10608541       -0.05321930 
       -0.08027393       -0.15958574       -0.15662391       -0.15050392       -0.13651881       -0.12655582       -0.06349813 
       -0.09557765       -0.18996200       -0.18631893       -0.17888182       -0.16207886       -0.15018103       -0.07536374 
       -0.11320367       -0.22493556       -0.22047916       -0.21149059       -0.19141327       -0.17728494       -0.08897977 
       -0.13338380       -0.26496238       -0.25954080       -0.24873598       -0.22487785       -0.20819542       -0.10451204 
       -0.15635106       -0.31050003       -0.30394036       -0.29102215       -0.26282626       -0.24323870       -0.12212570 
       -0.18233567       -0.36199993       -0.35410622       -0.33874428       -0.30560294       -0.28273329       -0.14198244 
       -0.21156029       -0.41989750       -0.41044959       -0.39227906       -0.35353595       -0.32698339       -0.16423693 
       -0.24423490       -0.48460230       -0.47335503       -0.45197663       -0.40692881       -0.37627229       -0.18903352 
       -0.28055173       -0.55648792       -0.54317021       -0.51815051       -0.46605253       -0.43085435       -0.21650258 
       -0.32067961       -0.63588071       -0.62019515       -0.59106767       -0.53113729       -0.49094874       -0.24675693 
       -0.36475858       -0.72304887       -0.70467228       -0.67093998       -0.60236478       -0.55673194       -0.27988836 
       -0.41289434       -0.81819272       -0.79677677       -0.75791430       -0.67986029       -0.62833130       -0.31596419 
       -0.46515390       -0.92143452       -0.89660698       -0.85206521       -0.76368725       -0.70581990       -0.35502464 
       -0.52156025       -1.03281021       -1.00417686       -0.95338720       -0.85383952       -0.78921074       -0.39708024 
       -0.58208936       -1.15226150       -1.11940980       -1.06179059       -0.95023990       -0.87845349       -0.44211000 
       -0.64666706       -1.27963102       -1.24213266       -1.17709589       -1.05273521       -0.97343296       -0.49005994 
       -0.71516705       -1.41465855       -1.37207377       -1.29903281       -1.16109586       -1.07396698       -0.54084301 
       -0.78741020       -1.55698109       -1.50886500       -1.42724228       -1.27501786       -1.17980766       -0.59433907 
       -0.86316544       -1.70613277       -1.65203881       -1.56127560       -1.39412308       -1.29064512       -0.65039635 
       -0.94215107       -1.86154866       -1.80103612       -1.70060170       -1.51796663       -1.40610814       -0.70883280 
       -1.02403796       -2.02257204       -1.95521307       -1.84461474       -1.64604127       -1.52577317       -0.76943922 
       -1.10845339       -2.18846250       -2.11384821       -1.99264097       -1.77778721       -1.64917016       -0.83198267 
       -1.19498694       -2.35840726       -2.27615523       -2.14395046       -1.91259825       -1.77578866       -0.89620984 
       -1.28319693       -2.53153205       -2.44129419       -2.29777122       -2.04983664       -1.90508950       -0.96185213 
       -1.37261689       -2.70691872       -2.60838771       -2.45329857       -2.18884230       -2.03651333       -1.02862966 
       -1.46276367       -2.88361835       -2.77653575       -2.60971427       -2.32894468       -2.16949058       -1.09625721 
       -1.55314612       -3.06066847       -2.94482899       -2.76619911       -2.46947432       -2.30345058       -1.16444767 
       -1.64327204       -3.23710895       -3.11236715       -2.92194653       -2.60977769       -2.43783259       -1.23291862 
       -1.73265922       -3.41199970       -3.27827644       -3.07617688       -2.74922228       -2.57209635       -1.30139554 
       -1.82084012       -3.58443332       -3.44171715       -3.22815156       -2.88721466       -2.70572495       -1.36961603 
       -1.90737128       -3.75355482       -3.60190511       -3.37718368       -3.02320242       -2.83823967       -1.43733442 
       -1.99183953       -3.91856742       -3.75811791       -3.52264833       -3.15668631       -2.96919894       -1.50432384 
       -2.07386804       -4.07874966       -3.90970707       -3.66399026       -3.28722334       -3.09820604       -1.57037830 
       -2.15312052       -4.23346090       -4.05610323       -3.80072999       -3.41443157       -3.22491407       -1.63531554 
       -2.22930360       -4.38214779       -4.19682550       -3.93246770       -3.53799105       -3.34902501       -1.69897687 
       -2.30217409       -4.52435398       -4.33147955       -4.05888462       -3.65764880       -3.47028780       -1.76122761 
       -2.37153435       -4.65971279       -4.45976543       -4.17974424       -3.77321243       -3.58850288       -1.82195675 
       -2.43723488       -4.78795338       -4.58146524       -4.29488564       -3.88455009       -3.70351791       -1.88107693 
       -2.49917364       -4.90889931       -4.69645357       -4.40422773       -3.99158645       -3.81522107       -1.93852067 
       -2.55729532       -5.02245951       -4.80467892       -4.50775337       -4.09429836       -3.92354155       -1.99424160 
       -2.61158466       -5.12862349       -4.90616798       -4.60550737       -4.19270468       -4.02844191       -2.04820991 
       -2.66206717       -5.22745800       -5.00101233       -4.69759750       -4.28687000       -4.12991810       -2.10041142 
       -2.70880222       -5.31909275       -5.08936024       -4.78416729       -4.37688303       -4.22798777       -2.15084410 
       -2.75187945       -5.40371799       -5.17140961       -4.86540985       -4.46286774       -4.32269001       -2.19951653 
       -2.79141641       -5.48156929       -5.24740124       -4.94153833       -4.54495859       -4.41407824       -2.24644661 
       -2.82754898       -5.55292273       -5.31760216       -5.01279545       -4.62331057       -4.50221825       -2.29165792 
       -2.86043119       -5.61808491       -5.38230467       -5.07943439       -4.69808149       -4.58717918       -2.33517814 
       -2.89023018       -5.67738104       -5.44181538       -5.14171886       -4.76943779       -4.66903973       -2.37703753 
       -2.91711760       -5.73114872       -5.49644518       -5.19990921       -4.83753920       -4.74787235       -2.41726851 
       -2.94127369       -5.77973413       -5.54651022       -5.25426674       -4.90253973       -4.82375193       -2.45590329 
       -2.96287394       -5.82348108       -5.59231901       -5.30504322       -4.96459055       -4.89675093       -2.49297357 
       -2.98209953       -5.86272478       -5.63416958       -5.35247707       -5.02383041       -4.96693325       -2.52851009 
       -2.99911690       -5.89779472       -5.67234850       -5.39679289       -5.08038616       -5.03436041       -2.56254292 
       -3.01409459       -5.92900276       -5.70712662       -5.43819904       -5.13437414       -5.09908628       -2.59509897 
       -3.02718902       -5.95664597       -5.73875904       -5.47688818       -5.18589687       -5.16116428       -2.62620592 
       -3.03854823       -5.98099899       -5.76747179       -5.51303148       -5.23504782       -5.22063780       -2.65588808 
       -3.04830813       -6.00231409       -5.79348183       -5.54678488       -5.28190613       -5.27754593       -2.68416882 
       -3.05659676       -6.02083349       -5.81698418       -5.57828856       -5.32654095       -5.33192873       -2.71107173 
       -3.06353188       -6.03677130       -5.83815432       -5.60766602       -5.36901808       -5.38382101       -2.73661995 
       -3.06921887       -6.05031967       -5.85714340       -5.63502026       -5.40938330       -5.43325424       -2.76083493 
       -3.07375526       -6.06165791       -5.87409592       -5.66044950       -5.44768953       -5.48026133       -2.78373885 
       -3.07722569       -6.07094049       -5.88913345       -5.68403435       -5.48397398       -5.52487373       -2.80535460 
       -3.07970977       -6.07831383       -5.90236950       -5.70584869       -5.51827478       -5.56712389       -2.82570577 
       -3.08127880       -6.08389807       -5.91389465       -5.72595215       -5.55062294       -5.60704613       -2.84481573 
       -3.08199143       -6.08780813       -5.92379761       -5.74440145       -5.58105373       -5.64467382       -2.86271048 
       -3.08190584       -6.09014750       -5.93215752       -5.76124668       -5.60959291       -5.68004417       -2.87941456 
       -3.08107042       -6.09100056       -5.93903732       -5.77653027       -5.63627434       -5.71319866       -2.89495492 
       -3.07953000       -6.09044933       -5.94449997       -5.79029322       -5.66112375       -5.74417448       -2.90935993 
       -3.07732511       -6.08856249       -5.94859743       -5.80257320       -5.68417597       -5.77301645       -2.92265797 
       -3.07448888       -6.08540773       -5.95138407       -5.81340265       -5.70545673       -5.79977274       -2.93487811 
       -3.07105613       -6.08104134       -5.95290136       -5.82281733       -5.72500372       -5.82448626       -2.94605041 
       -3.06705451       -6.07551622       -5.95319176       -5.83084965       -5.74284840       -5.84721041       -2.95620608 
       -3.06251025       -6.06888103       -5.95229626       -5.83753014       -5.75902557       -5.86799240       -2.96537519 
       -3.05744815       -6.06118059       -5.95024872       -5.84289074       -5.77357244       -5.88688612       -2.97358918 
       -3.05189085       -6.05245733       -5.94708967       -5.84696293       -5.78652382       -5.90394402       -2.98087859 
       -3.04585838       -6.04275036       -5.94284725       -5.84977770       -5.79792404       -5.91922188       -2.98727536 
       -3.03937173       -6.03209591       -5.93755913       -5.85136747       -5.80780792       -5.93276834       -2.99281073 
       -3.03244853       -6.02052975       -5.93125534       -5.85176373       -5.81621933       -5.94464493       -2.99751353 
       -3.02510595       -6.00808430       -5.92396641       -5.85099745       -5.82319593       -5.95489645       -3.00141454 
       -3.01736140       -5.99479437       -5.91572380       -5.84910202       -5.82878208       -5.96358395       -3.00454450 
       -3.00922990       -5.98069096       -5.90655851       -5.84610891       -5.83301783       -5.97075939       -3.00692916 
       -3.00072789       -5.96580029       -5.89649963       -5.84205246       -5.83594418       -5.97646999       -3.00859857 
       -2.99186921       -5.95015526       -5.88557816       -5.83696413       -5.83760643       -5.98077106       -3.00957894 
       -2.98266745       -5.93378258       -5.87381744       -5.83087444       -5.83804035       -5.98371172       -3.00989723 
       -2.97313786       -5.91670895       -5.86124945       -5.82381582       -5.83728886       -5.98533916       -3.00957870 
       -2.96329331       -5.89896154       -5.84790039       -5.81581926       -5.83539057       -5.98570108       -3.00864649 
       -2.95314503       -5.88056850       -5.83380127       -5.80691719       -5.83238459       -5.98484135       -3.00712562 
       -2.94270802       -5.86155319       -5.81897402       -5.79713869       -5.82831049       -5.98280907       -3.00503778 
       -2.93199229       -5.84194088       -5.80344772       -5.78651571       -5.82320452       -5.97964334       -3.00240564 
       -2.92101026       -5.82175303       -5.78724527       -5.77507687       -5.81710386       -5.97538567       -2.99924922 
       -2.90977430       -5.80101538       -5.77039385       -5.76285076       -5.81004238       -5.97007513       -2.99558878 
       -2.89829326       -5.77975035       -5.75291681       -5.74986458       -5.80205202       -5.96375036       -2.99144268 
       -2.88657928       -5.75797939       -5.73483849       -5.73614693       -5.79317093       -5.95644951       -2.98683000 
       -2.87464309       -5.73572445       -5.71618223       -5.72172308       -5.78342581       -5.94820452       -2.98176718 
       -2.86249399       -5.71300411       -5.69696760       -5.70662022       -5.77285051       -5.93905306       -2.97627330 
       -2.85014129       -5.68983984       -5.67722034       -5.69086027       -5.76147366       -5.92902517       -2.97036219 
       -2.83759546       -5.66624975       -5.65695667       -5.67447186       -5.74932432       -5.91815233       -2.96404934 
       -2.82486415       -5.64225531       -5.63620138       -5.65747356       -5.73642874       -5.90646601       -2.95735145 
       -2.81195641       -5.61786938       -5.61497116       -5.63989210       -5.72281551       -5.89398909       -2.95027971 
       -2.79888105       -5.59311438       -5.59328794       -5.62174606       -5.70850611       -5.88075733       -2.94284821 
       -2.78564596       -5.56800461       -5.57116699       -5.60305977       -5.69352865       -5.86679316       -2.93507266 
       -2.77225828       -5.54255533       -5.54862690       -5.58384895       -5.67790604       -5.85212231       -2.92696261 
       -2.75872874       -5.51678610       -5.52568531       -5.56413698       -5.66165876       -5.83676672       -2.91853237 
       -2.74505997       -5.49070787       -5.50235891       -5.54394054       -5.64481163       -5.82075548       -2.90979099 
       -2.73126197       -5.46433735       -5.47866344       -5.52327919       -5.62738514       -5.80410576       -2.90075231 
       -2.71734023       -5.43768740       -5.45461369       -5.50217009       -5.60939693       -5.78684330       -2.89142442 
       -2.70330286       -5.41077185       -5.43022728       -5.48062992       -5.59086800       -5.76898909       -2.88181949 
       -2.68915415       -5.38360500       -5.40551376       -5.45867729       -5.57182121       -5.75056267       -2.87194729 
       -2.67490053       -5.35619831       -5.38049173       -5.43632507       -5.55227137       -5.73158455       -2.86181808 
       -2.66054940       -5.32856417       -5.35517168       -5.41358900       -5.53223610       -5.71207380       -2.85144067 
       -2.64610434       -5.30071354       -5.32957029       -5.39048719       -5.51173353       -5.69204807       -2.84082389 
       -2.63157272       -5.27266026       -5.30369663       -5.36703348       -5.49078274       -5.67152977       -2.82997847 
       -2.61695838       -5.24441290       -5.27756453       -5.34324026       -5.46939945       -5.65053272       -2.81891108 
       -2.60226750       -5.21598434       -5.25118685       -5.31912374       -5.44759846       -5.62907696       -2.80763268 
       -2.58750486       -5.18738413       -5.22457600       -5.29469538       -5.42539501       -5.60717916       -2.79614973 
       -2.57267594       -5.15862322       -5.19774199       -5.26997089       -5.40281057       -5.58485842       -2.78447080 
       -2.55778408       -5.12971210       -5.17069769       -5.24496174       -5.37985373       -5.56212711       -2.77260470 
       -2.54283571       -5.10065937       -5.14344931       -5.21968031       -5.35654306       -5.53900528       -2.76055837 
       -2.52783370       -5.07147408       -5.11601543       -5.19414234       -5.33289242       -5.51550817       -2.74834085 
       -2.51278353       -5.04216814       -5.08840275       -5.16835642       -5.30891609       -5.49165010       -2.73595858 
       -2.49768829       -5.01274729       -5.06061983       -5.14233780       -5.28463125       -5.46744919       -2.72341895 
       -2.48255372       -4.98322392       -5.03268099       -5.11609650       -5.26005030       -5.44291830       -2.71073031 
       -2.46738386       -4.95360518       -5.00459290       -5.08964539       -5.23518801       -5.41807318       -2.69789910 
       -2.45218134       -4.92389917       -4.97636700       -5.06299496       -5.21005583       -5.39293098       -2.68493223 
       -2.43695188       -4.89411592       -4.94801331       -5.03615713       -5.18466711       -5.36750317       -2.67183781 
       -2.42169785       -4.86426115       -4.91954041       -5.00914383       -5.15903854       -5.34180546       -2.65862060 
       -2.40642428       -4.83434677       -4.89095736       -4.98196220       -5.13317823       -5.31585073       -2.64528799 
       -2.39113331       -4.80437517       -4.86227369       -4.95462704       -5.10710382       -5.28965330       -2.63184714 
       -2.37582922       -4.77435827       -4.83349848       -4.92714691       -5.08082485       -5.26322460       -2.61830306 
       -2.36051631       -4.74430275       -4.80464029       -4.89953089       -5.05435085       -5.23658228       -2.60466170 
       -2.34519720       -4.71421480       -4.77570581       -4.87179184       -5.02769852       -5.20973206       -2.59093070 
       -2.32987404       -4.68410158       -4.74670458       -4.84393549       -5.00087738       -5.18269300       -2.57711411 
       -2.31455278       -4.65397072       -4.71764612       -4.81597424       -4.97389507       -5.15546989       -2.56321788 
       -2.29923320       -4.62382650       -4.68853235       -4.78791380       -4.94676638       -5.12807894       -2.54924750 
       -2.28392100       -4.59368086       -4.65937948       -4.75976706       -4.91950083       -5.10053015       -2.53520775 
       -2.26861691       -4.56353474       -4.63018942       -4.73153973       -4.89210749       -5.07283258       -2.52110362 
       -2.25332618       -4.53339672       -4.60096693       -4.70324039       -4.86459589       -5.04499722       -2.50694060 
       -2.23804879       -4.50326777       -4.57172155       -4.67487621       -4.83697367       -5.01703215       -2.49272323 
       -2.22278929       -4.47316074       -4.54246187       -4.64645720       -4.80925369       -4.98894930       -2.47845459 
       -2.20754981       -4.44307518       -4.51318979       -4.61798763       -4.78144169       -4.96075964       -2.46413994 
       -2.19233203       -4.41302109       -4.48391485       -4.58947706       -4.75354671       -4.93246508       -2.44978356 
       -2.17713904       -4.38300133       -4.45464277       -4.56093216       -4.72557640       -4.90408182       -2.43539000 
       -2.16197252       -4.35301876       -4.42537642       -4.53235769       -4.69753790       -4.87561226       -2.42096114 
       -2.14683485       -4.32308102       -4.39612484       -4.50376177       -4.66943836       -4.84706593       -2.40650201 
       -2.13172746       -4.29319048       -4.36688948       -4.47514820       -4.64128590       -4.81845236       -2.39201641 
       -2.11665440       -4.26335192       -4.33767843       -4.44652700       -4.61308670       -4.78977537       -2.37750721 
       -2.10161567       -4.23357201       -4.30849504       -4.41790056       -4.58484840       -4.76104355       -2.36297822 
       -2.08661366       -4.20385075       -4.27934313       -4.38927364       -4.55657721       -4.73226500       -2.34843206 
       -2.07164907       -4.17419338       -4.25023031       -4.36065578       -4.52827835       -4.70344591       -2.33387280 
       -2.05672646       -4.14460611       -4.22115898       -4.33205032       -4.49995804       -4.67459011       -2.31930256 
       -2.04184461       -4.11508942       -4.19213343       -4.30346155       -4.47162342       -4.64570665       -2.30472422 
       -2.02700758       -4.08564949       -4.16315746       -4.27489281       -4.44327736       -4.61679983       -2.29014158 
       -2.01221466       -4.05628729       -4.13423729       -4.24635220       -4.41492939       -4.58787727       -2.27555609 
       -1.99746740       -4.02700758       -4.10537434       -4.21784210       -4.38658047       -4.55894375       -2.26097107 
       -1.98276937       -3.99781418       -4.07657480       -4.18936729       -4.35823774       -4.53000259       -2.24639034 
       -1.96812022       -3.96870732       -4.04783821       -4.16093254       -4.32990599       -4.50106192       -2.23181415 
       -1.95352185       -3.93969226       -4.01917171       -4.13254023       -4.30159140       -4.47212696       -2.21724653 
       -1.93897545       -3.91077089       -3.99057794       -4.10419607       -4.27329540       -4.44320107       -2.20268989 
       -1.92448246       -3.88194561       -3.96205854       -4.07590485       -4.24502659       -4.41429090       -2.18814492 
       -1.91004324       -3.85322046       -3.93361902       -4.04766846       -4.21678543       -4.38539934       -2.17361617 
       -1.89566064       -3.82459736       -3.90526032       -4.01948929       -4.18857956       -4.35653305       -2.15910363 
       -1.88133371       -3.79607701       -3.87698555       -3.99137425       -4.16041040       -4.32769299       -2.14461136 
       -1.86706436       -3.76766348       -3.84879756       -3.96332312       -4.13228321       -4.29888821       -2.13013983 
       -1.85285389       -3.73935962       -3.82070112       -3.93534279       -4.10420370       -4.27011967       -2.11569238 
       -1.83870423       -3.71116662       -3.79269671       -3.90743375       -4.07617044       -4.24139309       -2.10127020 
       -1.82461309       -3.68308592       -3.76478767       -3.87959933       -4.04819250       -4.21271086       -2.08687377 
       -1.81058478       -3.65511942       -3.73697591       -3.85184360       -4.02026987       -4.18407822       -2.07250810 
       -1.79661775       -3.62726998       -3.70926380       -3.82416844       -3.99240899       -4.15549898       -2.05817246 
       -1.78271461       -3.59953928       -3.68165398       -3.79657745       -3.96461153       -4.12697554       -2.04386950 
       -1.76887453       -3.57192898       -3.65414906       -3.76907253       -3.93687987       -4.09851313       -2.02960038 
       -1.75509977       -3.54444027       -3.62674904       -3.74165487       -3.90921807       -4.07011366       -2.01536703 
       -1.74139035       -3.51707649       -3.59945893       -3.71433115       -3.88162947       -4.04178095       -2.00117087 
       -1.72774625       -3.48983645       -3.57227778       -3.68709898       -3.85411620       -4.01351786       -1.98701382 
       -1.71416914       -3.46272159       -3.54520845       -3.65996313       -3.82668138       -3.98532724       -1.97289610 
       -1.70065939       -3.43573618       -3.51825333       -3.63292527       -3.79932737       -3.95721388       -1.95882070 
       -1.68721735       -3.40888023       -3.49141431       -3.60598874       -3.77205849       -3.92917800       -1.94478774 
       -1.67384410       -3.38215518       -3.46469188       -3.57915378       -3.74487448       -3.90122485       -1.93079913 
       -1.66053903       -3.35556102       -3.43808937       -3.55242324       -3.71778059       -3.87335634       -1.91685641 
       -1.64730406       -3.32910037       -3.41160655       -3.52579880       -3.69077682       -3.84557319       -1.90295982 
       -1.63413751       -3.30277228       -3.38524413       -3.49928260       -3.66386795       -3.81788111       -1.88911080 
       -1.62104309       -3.27658105       -3.35900521       -3.47287583       -3.63705397       -3.79027915       -1.87531126 
       -1.60801804       -3.25052404       -3.33289075       -3.44658041       -3.61033678       -3.76277208       -1.86156130 
       -1.59506428       -3.22460461       -3.30690241       -3.42039776       -3.58371997       -3.73536134       -1.84786272 
       -1.58218253       -3.19882321       -3.28104043       -3.39433002       -3.55720472       -3.70804954       -1.83421576 
       -1.56937194       -3.17317986       -3.25530577       -3.36837792       -3.53079367       -3.68083763       -1.82062209 
       -1.55663407       -3.14767671       -3.22970080       -3.34254384       -3.50448608       -3.65372872       -1.80708265 
       -1.54396784       -3.12231326       -3.20422578       -3.31682825       -3.47828817       -3.62672400       -1.79359770 
       -1.53137541       -3.09709144       -3.17888236       -3.29123330       -3.45219731       -3.59982634       -1.78016818 
       -1.51885486       -3.07200933       -3.15366936       -3.26575899       -3.42621732       -3.57303691       -1.76679575 
       -1.50640798       -3.04707003       -3.12858939       -3.24040771       -3.40035009       -3.54635668       -1.75348008 
       -1.49403358       -3.02227259       -3.10364294       -3.21517897       -3.37459445       -3.51978827       -1.74022305 
       -1.48173344       -2.99761772       -3.07883096       -3.19007587       -3.34895420       -3.49333334       -1.72702408 
       -1.46950710       -2.97310734       -3.05415368       -3.16509843       -3.32343078       -3.46699238       -1.71388531 
       -1.45735514       -2.94874191       -3.02961278       -3.14024687       -3.29802370       -3.44076729       -1.70080626 
       -1.44527650       -2.92451930       -3.00520682       -3.11552334       -3.27273512       -3.41466045       -1.68778813 
       -1.43327224       -2.90044188       -2.98093963       -3.09092855       -3.24756765       -3.38867235       -1.67483163 
       -1.42134213       -2.87650919       -2.95680833       -3.06646252       -3.22252035       -3.36280441       -1.66193688 
       -1.40948665       -2.85272264       -2.93281627       -3.04212713       -3.19759488       -3.33705783       -1.64910448 
       -1.39770484       -2.82907939       -2.90896130       -3.01792240       -3.17279315       -3.31143284       -1.63633537 
       -1.38599825       -2.80558324       -2.88524532       -2.99384880       -3.14811492       -3.28593230       -1.62362981 
       -1.37436581       -2.78223324       -2.86167002       -2.96990800       -3.12356210       -3.26055622       -1.61098766 
       -1.36280799       -2.75902915       -2.83823347       -2.94609928       -3.09913492       -3.23530602       -1.59841096 
       -1.35132480       -2.73597097       -2.81493711       -2.92242455       -3.07483435       -3.21018219       -1.58589876 
       -1.33991563       -2.71305871       -2.79177999       -2.89888239       -3.05066061       -3.18518543       -1.57345176 
       -1.32858169       -2.69029427       -2.76876473       -2.87547493       -3.02661514       -3.16031766       -1.56107056 
       -1.31732154       -2.66767454       -2.74588966       -2.85220313       -3.00269866       -3.13557887       -1.54875565 
       -1.30613697       -2.64520216       -2.72315550       -2.82906556       -2.97891212       -3.11096954       -1.53650665 
       -1.29502583       -2.62287641       -2.70056343       -2.80606389       -2.95525455       -3.08649206       -1.52432454 
       -1.28398955       -2.60069633       -2.67811108       -2.78319788       -2.93172884       -3.06214523       -1.51220965 
       -1.27302814       -2.57866287       -2.65580082       -2.76046824       -2.90833330       -3.03793025       -1.50016177 
       -1.26214015       -2.55677533       -2.63363171       -2.73787498       -2.88507080       -3.01384854       -1.48818183 
       -1.25132632       -2.53503394       -2.61160493       -2.71541929       -2.86193991       -2.98989892       -1.47626936 
       -1.24058640       -2.51343846       -2.58971786       -2.69309902       -2.83894086       -2.96608424       -1.46442485 
       -1.22992063       -2.49198842       -2.56797433       -2.67091656       -2.81607509       -2.94240284       -1.45264864 
       -1.21932828       -2.47068453       -2.54637170       -2.64887094       -2.79334235       -2.91885614       -1.44094050 
       -1.20880985       -2.44952512       -2.52490950       -2.62696314       -2.77074385       -2.89544439       -1.42930126 
       -1.19836462       -2.42851090       -2.50358915       -2.60519218       -2.74827909       -2.87216830       -1.41773069 
       -1.18799281       -2.40764236       -2.48241043       -2.58355951       -2.72594857       -2.84902835       -1.40622914 
       -1.17769396       -2.38691783       -2.46137190       -2.56206322       -2.70375180       -2.82602310       -1.39479649 
       -1.16746831       -2.36633754       -2.44047499       -2.54070497       -2.68168998       -2.80315495       -1.38343287 
       -1.15731549       -2.34590173       -2.41971898       -2.51948500       -2.65976286       -2.78042364       -1.37213826 
       -1.14723480       -2.32560873       -2.39910388       -2.49840260       -2.63797116       -2.75782895       -1.36091292 
       -1.13722694       -2.30545950       -2.37862849       -2.47745705       -2.61631393       -2.73537159       -1.34975731 
       -1.12729120       -2.28545332       -2.35829329       -2.45664883       -2.59479213       -2.71305108       -1.33867037 
       -1.11742747       -2.26558995       -2.33809876       -2.43597841       -2.57340479       -2.69086790       -1.32765305 
       -1.10763502       -2.24586844       -2.31804323       -2.41544461       -2.55215311       -2.66882205       -1.31670570 
       -1.09791398       -2.22628880       -2.29812765       -2.39504814       -2.53103662       -2.64691377       -1.30582702 
       -1.08826518       -2.20685148       -2.27835131       -2.37478900       -2.51005530       -2.62514305       -1.29501820 
       -1.07868767       -2.18755603       -2.25871420       -2.35466647       -2.48920941       -2.60350919       -1.28427875 
       -1.06917965       -2.16839910       -2.23921466       -2.33468008       -2.46849871       -2.58201337       -1.27360797 
       -1.05974257       -2.14938259       -2.21985292       -2.31482959       -2.44792247       -2.56065464       -1.26300740 
       -1.05037630       -2.13050604       -2.20062900       -2.29511571       -2.42748141       -2.53943419       -1.25247586 
       -1.04107952       -2.11176872       -2.18154335       -2.27553725       -2.40717483       -2.51835084       -1.24201334 
       -1.03185308       -2.09316993       -2.16259408       -2.25609469       -2.38700342       -2.49740434       -1.23162019 
       -1.02269602       -2.07471037       -2.14378214       -2.23678708       -2.36696601       -2.47659588       -1.22129631 
       -1.01360798       -2.05638742       -2.12510562       -2.21761441       -2.34706283       -2.45592356       -1.21104085 
       -1.00458872       -2.03820181       -2.10656548       -2.19857693       -2.32729459       -2.43538833       -1.20085454 
       -0.99563885       -2.02015376       -2.08816051       -2.17967248       -2.30765867       -2.41498971       -1.19073737 
       -0.98675680       -2.00224042       -2.06989050       -2.16090369       -2.28815818       -2.39472818       -1.18068850 
       -0.97794241       -1.98446274       -2.05175447       -2.14226651       -2.26879001       -2.37460256       -1.17070818 
       -0.96919644       -1.96682119       -2.03375316       -2.12376451       -2.24955487       -2.35461354       -1.16079605 
       -0.96051818       -1.94931412       -2.01588535       -2.10539389       -2.23045278       -2.33476043       -1.15095234 
       -0.95190614       -1.93193924       -1.99814916       -2.08715582       -2.21148372       -2.31504178       -1.14117670 
       -0.94336122       -1.91469860       -1.98054647       -2.06904984       -2.19264603       -2.29545975       -1.13146889 
       -0.93488306       -1.89759052       -1.96307588       -2.05107570       -2.17394114       -2.27601194       -1.12182939 
       -0.92647141       -1.88061512       -1.94573665       -2.03323269       -2.15536690       -2.25669813       -1.11225700 
       -0.91812551       -1.86377096       -1.92852819       -2.01551914       -2.13692379       -2.23752022       -1.10275221 
       -0.90984488       -1.84705746       -1.91145015       -1.99793744       -2.11861205       -2.21847510       -1.09331453 
       -0.90162969       -1.83047438       -1.89450192       -1.98048460       -2.10043049       -2.19956446       -1.08394384 
       -0.89347982       -1.81402087       -1.87768257       -1.96316099       -2.08237886       -2.18078685       -1.07464039 
       -0.88539386       -1.79769599       -1.86099243       -1.94596624       -2.06445718       -2.16214275       -1.06540310 
       -0.87737262       -1.78150022       -1.84443021       -1.92889988       -2.04666448       -2.14363074       -1.05623245 
       -0.86941516       -1.76543164       -1.82799554       -1.91196132       -2.02900124       -2.12525105       -1.04712796 
       -0.86152172       -1.74949014       -1.81168759       -1.89514959       -2.01146531       -2.10700250       -1.03808963 
       -0.85369122       -1.73367524       -1.79550588       -1.87846482       -1.99405825       -2.08888650       -1.02911699 
       -0.84592336       -1.71798587       -1.77945054       -1.86190629       -1.97677803       -2.07090044       -1.02020943 
       -0.83821845       -1.70242167       -1.76352024       -1.84547353       -1.95962477       -2.05304480       -1.01136744 
       -0.83057547       -1.68698168       -1.74771428       -1.82916570       -1.94259834       -2.03531981       -1.00259089 
       -0.82299459       -1.67166615       -1.73203242       -1.81298244       -1.92569780       -2.01772332       -0.99387866 
       -0.81547511       -1.65647292       -1.71647358       -1.79692292       -1.90892220       -2.00025678       -0.98523116 
       -0.80801678       -1.64140308       -1.70103836       -1.78098726       -1.89227235       -1.98291802       -0.97664768 
       -0.80061966       -1.62645435       -1.68572390       -1.76517391       -1.87574673       -1.96570814       -0.96812856 
       -0.79328245       -1.61162663       -1.67053163       -1.74948323       -1.85934532       -1.94862533       -0.95967311 
       -0.78600585       -1.59691966       -1.65546000       -1.73391390       -1.84306693       -1.93166959       -0.95128107 
       -0.77878886       -1.58233213       -1.64050841       -1.71846616       -1.82691193       -1.91484046       -0.94295228 
       -0.77163148       -1.56786406       -1.62567663       -1.70313847       -1.81087887       -1.89813662       -0.93468654 
       -0.76453286       -1.55351377       -1.61096358       -1.68793082       -1.79496777       -1.88155925       -0.92648333 
       -0.75749320       -1.53928137       -1.59636903       -1.67284262       -1.77917802       -1.86510611       -0.91834241 
       -0.75051165       -1.52516580       -1.58189118       -1.65787232       -1.76350880       -1.84877789       -0.91026384 
       -0.74358815       -1.51116621       -1.56753087       -1.64302063       -1.74795949       -1.83257306       -0.90224689 
       -0.73672229       -1.49728239       -1.55328667       -1.62828660       -1.73253059       -1.81649125       -0.89429146 
       -0.72991395       -1.48351371       -1.53915823       -1.61366916       -1.71722043       -1.80053258       -0.88639730 
       -0.72316217       -1.46985853       -1.52514422       -1.59916794       -1.70202827       -1.78469563       -0.87856436 
       -0.71646762       -1.45631754       -1.51124489       -1.58478212       -1.68695402       -1.76898038       -0.87079149 
       -0.70982867       -1.44288874       -1.49745882       -1.57051146       -1.67199731       -1.75338602       -0.86307925 
       -0.70324582       -1.42957211       -1.48378587       -1.55635488       -1.65715683       -1.73791158       -0.85542679 
       -0.69671828       -1.41636658       -1.47022510       -1.54231203       -1.64243281       -1.72255778       -0.84783453 
       -0.69024599       -1.40327203       -1.45677590       -1.52838254       -1.62782443       -1.70732224       -0.84030128 
       -0.68382871       -1.39028776       -1.44343781       -1.51456499       -1.61333048       -1.69220579       -0.83282721 
       -0.67746550       -1.37741184       -1.43020940       -1.50085950       -1.59895110       -1.67720747       -0.82541198 
       -0.67115635       -1.36464489       -1.41709113       -1.48726523       -1.58468521       -1.66232574       -0.81805551 
       -0.66490060       -1.35198522       -1.40408099       -1.47378051       -1.57053196       -1.64756107       -0.81075662 
       -0.65869880       -1.33943295       -1.39117897       -1.46040642       -1.55649161       -1.63291287       -0.80351591 
       -0.65254962       -1.32698774       -1.37838519       -1.44714117       -1.54256296       -1.61837971       -0.79633272 
       -0.64645308       -1.31464696       -1.36569774       -1.43398452       -1.52874529       -1.60396123       -0.78920680 
       -0.64040893       -1.30241215       -1.35311639       -1.42093563       -1.51503837       -1.58965743       -0.78213757 
       -0.63441676       -1.29028141       -1.34064090       -1.40799427       -1.50144124       -1.57546711       -0.77512509 
       -0.62847567       -1.27825403       -1.32826984       -1.39515901       -1.48795331       -1.56138968       -0.76816869 
       -0.62258619       -1.26632988       -1.31600332       -1.38243008       -1.47457409       -1.54742444       -0.76126838 
       -0.61674750       -1.25450742       -1.30383933       -1.36980557       -1.46130276       -1.53357112       -0.75442350 
       -0.61095929       -1.24278641       -1.29177845       -1.35728621       -1.44813895       -1.51982868       -0.74763405 
       -0.60522121       -1.23116648       -1.27981973       -1.34487081       -1.43508184       -1.50619698       -0.74089938 
       -0.59953266       -1.21964657       -1.26796269       -1.33255839       -1.42213094       -1.49267471       -0.73421943 
       -0.59389383       -1.20822632       -1.25620627       -1.32034886       -1.40928566       -1.47926152       -0.72759390 
       -0.58830404       -1.19690430       -1.24454939       -1.30824089       -1.39654493       -1.46595657       -0.72102213 
       -0.58276296       -1.18568099       -1.23299229       -1.29623437       -1.38390815       -1.45276010       -0.71450418 
       -0.57727003       -1.17455399       -1.22153342       -1.28432822       -1.37137508       -1.43967092       -0.70803946 
       -0.57182527       -1.16352355       -1.21017253       -1.27252233       -1.35894501       -1.42668748       -0.70162779 
       -0.56642830       -1.15259016       -1.19890940       -1.26081562       -1.34661734       -1.41381049       -0.69526869 
       -0.56107873       -1.14175177       -1.18774283       -1.24920762       -1.33439112       -1.40103912       -0.68896192 
       -0.55577576       -1.13100719       -1.17667210       -1.23769760       -1.32226598       -1.38837159       -0.68270719 
       -0.55051988       -1.12035739       -1.16569698       -1.22628498       -1.31024122       -1.37580824       -0.67650414 
       -0.54530990       -1.10979986       -1.15481615       -1.21496904       -1.29831636       -1.36334836       -0.67035240 
       -0.54014599       -1.09933531       -1.14402938       -1.20374906       -1.28649020       -1.35099089       -0.66425163 
       -0.53502774       -1.08896255       -1.13333607       -1.19262421       -1.27476203       -1.33873534       -0.65820158 
       -0.52995485       -1.07868111       -1.12273526       -1.18159437       -1.26313233       -1.32658112       -0.65220195 
       -0.52492660       -1.06848955       -1.11222637       -1.17065847       -1.25159943       -1.31452799       -0.64625227 
       -0.51994330       -1.05838895       -1.10180914       -1.15981615       -1.24016356       -1.30257487       -0.64035231 
       -0.51500434       -1.04837680       -1.09148216       -1.14906657       -1.22882318       -1.29072058       -0.63450176 
       -0.51010919       -1.03845334       -1.08124542       -1.13840926       -1.21757793       -1.27896583       -0.62870026 
       -0.50525749       -1.02861750       -1.07109821       -1.12784314       -1.20642745       -1.26730859       -0.62294745 
       -0.50044918       -1.01886880       -1.06103921       -1.11736786       -1.19537067       -1.25574911       -0.61724299 
       -0.49568397       -1.00920713       -1.05106866       -1.10698271       -1.18440759       -1.24428618       -0.61158657 
       -0.49096107       -0.99963087       -1.04118550       -1.09668732       -1.17353690       -1.23291945       -0.60597813 
       -0.48628053       -0.99013978       -1.03138924       -1.08648098       -1.16275859       -1.22164857       -0.60041690 
       -0.48164204       -0.98073345       -1.02167869       -1.07636249       -1.15207112       -1.21047223       -0.59490281 
       -0.47704515       -0.97141105       -1.01205373       -1.06633186       -1.14147472       -1.19939017       -0.58943540 
       -0.47248948       -0.96217179       -1.00251353       -1.05638850       -1.13096881       -1.18840170       -0.58401442 
       -0.46797490       -0.95301527       -0.99305803       -1.04653144       -1.12055194       -1.17750645       -0.57863986 
       -0.46350104       -0.94394088       -0.98368591       -1.03676009       -1.11022401       -1.16670310       -0.57331079 
       -0.45906764       -0.93494797       -0.97439671       -1.02707350       -1.09998453       -1.15599167       -0.56802720 
       -0.45467409       -0.92603552       -0.96518975       -1.01747203       -1.08983278       -1.14537096       -0.56278890 
       -0.45032027       -0.91720319       -0.95606464       -1.00795412       -1.07976806       -1.13484097       -0.55759543 
       -0.44600576       -0.90845048       -0.94702059       -0.99851936       -1.06978965       -1.12440038       -0.55244642 
       -0.44173053       -0.89977646       -0.93805677       -0.98916745       -1.05989683       -1.11404908       -0.54734170 
       -0.43749395       -0.89118063       -0.92917287       -0.97989738       -1.05008936       -1.10378647       -0.54228079 
       -0.43329599       -0.88266277       -0.92036825       -0.97070891       -1.04036641       -1.09361172       -0.53726351 
       -0.42913589       -0.87422150       -0.91164249       -0.96160126       -1.03072751       -1.08352411       -0.53228962 
       -0.42501390       -0.86585695       -0.90299457       -0.95257390       -1.02117217       -1.07352340       -0.52735847 
       -0.42092958       -0.85756838       -0.89442396       -0.94362581       -1.01169944       -1.06360829       -0.52247018 
       -0.41688231       -0.84935439       -0.88593024       -0.93475705       -1.00230873       -1.05377853       -0.51762402 
       -0.41287211       -0.84121543       -0.87751257       -0.92596650       -0.99299979       -1.04403400       -0.51281989 
       -0.40889844       -0.83315021       -0.86917055       -0.91725385       -0.98377150       -1.03437340       -0.50805753 
       -0.40496135       -0.82515866       -0.86090368       -0.90861845       -0.97462368       -1.02479649       -0.50333667 
       -0.40105999       -0.81723940       -0.85271084       -0.90005940       -0.96555549       -1.01530182       -0.49865657 
       -0.39719456       -0.80939305       -0.84459245       -0.89157659       -0.95656639       -1.00589013       -0.49401763 
       -0.39336461       -0.80161786       -0.83654690       -0.88316911       -0.94765592       -0.99655992       -0.48941901 
       -0.38956985       -0.79391390       -0.82857400       -0.87483644       -0.93882328       -0.98731077       -0.48486048 
       -0.38581002       -0.78628039       -0.82067311       -0.86657810       -0.93006843       -0.97814238       -0.48034197 
       -0.38208458       -0.77871650       -0.81284398       -0.85839367       -0.92139018       -0.96905375       -0.47586307 
       -0.37839389       -0.77122229       -0.80508548       -0.85028195       -0.91278797       -0.96004444       -0.47142333 
       -0.37473679       -0.76379663       -0.79739779       -0.84224319       -0.90426171       -0.95111352       -0.46702260 
       -0.37111378       -0.75643939       -0.78977960       -0.83427632       -0.89581019       -0.94226122       -0.46266070 
       -0.36752412       -0.74914962       -0.78223068       -0.82638079       -0.88743335       -0.93348610       -0.45833695 
       -0.36396769       -0.74192697       -0.77475053       -0.81855589       -0.87913030       -0.92478818       -0.45405152 
       -0.36044401       -0.73477083       -0.76733851       -0.81080157       -0.87090075       -0.91616672       -0.44980398 
       -0.35695323       -0.72768068       -0.75999397       -0.80311704       -0.86274391       -0.90762055       -0.44559363 
       -0.35349458       -0.72065586       -0.75271630       -0.79550129       -0.85465932       -0.89914984       -0.44142067 
       -0.35006821       -0.71369618       -0.74550551       -0.78795457       -0.84664625       -0.89075381       -0.43728474 
       -0.34667364       -0.70680058       -0.73836046       -0.78047585       -0.83870465       -0.88243157       -0.43318537 
       -0.34331059       -0.69996887       -0.73128062       -0.77306449       -0.83083308       -0.87418312       -0.42912242 
       -0.33997902       -0.69320059       -0.72426575       -0.76572013       -0.82303190       -0.86600757       -0.42509565 
       -0.33667812       -0.68649453       -0.71731508       -0.75844234       -0.81530005       -0.85790431       -0.42110446 
       -0.33340818       -0.67985117       -0.71042854       -0.75123036       -0.80763692       -0.84987259       -0.41714889 
       -0.33016878       -0.67326933       -0.70360488       -0.74408382       -0.80004239       -0.84191251       -0.41322857 
       -0.32695973       -0.66674858       -0.69684392       -0.73700207       -0.79251570       -0.83402294       -0.40934327 
       -0.32378039       -0.66028851       -0.69014555       -0.72998464       -0.78505605       -0.82620341       -0.40549263 
       -0.32063094       -0.65388870       -0.68350863       -0.72303098       -0.77766335       -0.81845337       -0.40167645 
       -0.31751093       -0.64754844       -0.67693287       -0.71614057       -0.77033675       -0.81077242       -0.39789426 
       -0.31442025       -0.64126700       -0.67041767       -0.70931309       -0.76307601       -0.80316007       -0.39414614 
       -0.31135839       -0.63504457       -0.66396278       -0.70254767       -0.75588030       -0.79561549       -0.39043143 
       -0.30832538       -0.62888014       -0.65756762       -0.69584417       -0.74874938       -0.78813833       -0.38675019 
       -0.30532056       -0.62277311       -0.65123141       -0.68920165       -0.74168229       -0.78072810       -0.38310197 
       -0.30234432       -0.61672336       -0.64495409       -0.68261999       -0.73467892       -0.77338403       -0.37948662 
       -0.29939589       -0.61073011       -0.63873458       -0.67609841       -0.72773874       -0.76610601       -0.37590370 
       -0.29647529       -0.60479319       -0.63257307       -0.66963667       -0.72086120       -0.75889313       -0.37235311 
       -0.29358217       -0.59891176       -0.62646842       -0.66323411       -0.71404558       -0.75174481       -0.36883447 
       -0.29071638       -0.59308571       -0.62042069       -0.65689027       -0.70729172       -0.74466103       -0.36534771 
       -0.28787750       -0.58731413       -0.61442906       -0.65060472       -0.70059878       -0.73764080       -0.36189228 
       -0.28506538       -0.58159685       -0.60849327       -0.64437675       -0.69396639       -0.73068362       -0.35846820 
       -0.28227991       -0.57593334       -0.60261250       -0.63820606       -0.68739396       -0.72378916       -0.35507500 
       -0.27952093       -0.57032323       -0.59678662       -0.63209218       -0.68088132       -0.71695715       -0.35171267 
       -0.27678770       -0.56476557       -0.59101504       -0.62603474       -0.67442781       -0.71018648       -0.34838071 
       -0.27408049       -0.55926043       -0.58529729       -0.62003303       -0.66803259       -0.70347726       -0.34507909 
       -0.27139902       -0.55380750       -0.57963294       -0.61408657       -0.66169584       -0.69682837       -0.34180734 
       -0.26874295       -0.54840589       -0.57402164       -0.60819525       -0.65541673       -0.69023997       -0.33856541 
       -0.26611182       -0.54305506       -0.56846261       -0.60235810       -0.64919466       -0.68371117       -0.33535290 
       -0.26350582       -0.53775489       -0.56295568       -0.59657508       -0.64302921       -0.67724127       -0.33216968 
       -0.26092461       -0.53250486       -0.55750024       -0.59084547       -0.63692015       -0.67083031       -0.32901540 
       -0.25836781       -0.52730429       -0.55209595       -0.58516908       -0.63086683       -0.66447759       -0.32588992 
       -0.25583538       -0.52215332       -0.54674244       -0.57954520       -0.62486875       -0.65818244       -0.32279295 
       -0.25332695       -0.51705062       -0.54143894       -0.57397336       -0.61892527       -0.65194440       -0.31972417 
       -0.25084269       -0.51199692       -0.53618520       -0.56845319       -0.61303645       -0.64576346       -0.31668365 
       -0.24838175       -0.50699067       -0.53098112       -0.56298447       -0.60720140       -0.63963860       -0.31367075 
       -0.24594453       -0.50203216       -0.52582574       -0.55756640       -0.60141993       -0.63356972       -0.31068552 
       -0.24353036       -0.49712071       -0.52071881       -0.55219877       -0.59569144       -0.62755632       -0.30772766 
       -0.24113938       -0.49225593       -0.51566017       -0.54688120       -0.59001559       -0.62159747       -0.30479687 
       -0.23877107       -0.48743731       -0.51064903       -0.54161298       -0.58439159       -0.61569327       -0.30189297 
       -0.23642547       -0.48266453       -0.50568515       -0.53639394       -0.57881951       -0.60984296       -0.29901564 
       -0.23410225       -0.47793737       -0.50076813       -0.53122348       -0.57329851       -0.60404629       -0.29616490 
       -0.23180132       -0.47325510       -0.49589744       -0.52610141       -0.56782854       -0.59830272       -0.29334036 
       -0.22952239       -0.46861753       -0.49107283       -0.52102697       -0.56240869       -0.59261161       -0.29054165 
       -0.22726531       -0.46402410       -0.48629370       -0.51600015       -0.55703896       -0.58697289       -0.28776887 
       -0.22502980       -0.45947453       -0.48155978       -0.51102018       -0.55171871       -0.58138597       -0.28502157 
       -0.22281571       -0.45496839       -0.47687066       -0.50608689       -0.54644752       -0.57585019       -0.28229964 
       -0.22062290       -0.45050526       -0.47222596       -0.50119972       -0.54122508       -0.57036537       -0.27960274 
       -0.21845117       -0.44608495       -0.46762526       -0.49635834       -0.53605086       -0.56493086       -0.27693081 
       -0.21630020       -0.44170663       -0.46306795       -0.49156225       -0.53092444       -0.55954653       -0.27428356 
       -0.21416996       -0.43737042       -0.45855409       -0.48681131       -0.52584559       -0.55421180       -0.27166083 
       -0.21206014       -0.43307558       -0.45408300       -0.48210487       -0.52081358       -0.54892606       -0.26906231 
       -0.20997061       -0.42882192       -0.44965437       -0.47744265       -0.51582837       -0.54368919       -0.26648784 
       -0.20790127       -0.42460927       -0.44526783       -0.47282416       -0.51088923       -0.53850049       -0.26393726 
       -0.20585179       -0.42043674       -0.44092289       -0.46824914       -0.50599611       -0.53335989       -0.26141024 
       -0.20382196       -0.41630414       -0.43661928       -0.46371722       -0.50114816       -0.52826667       -0.25890666 
       -0.20181191       -0.41221160       -0.43235669       -0.45922783       -0.49634534       -0.52322054       -0.25642642 
       -0.19982108       -0.40815806       -0.42813462       -0.45478088       -0.49158719       -0.51822120       -0.25396922 
       -0.19784956       -0.40414363       -0.42395282       -0.45037577       -0.48687330       -0.51326817       -0.25153476 
       -0.19589694       -0.40016758       -0.41981071       -0.44601211       -0.48220325       -0.50836080       -0.24912301 
       -0.19396327       -0.39622998       -0.41570821       -0.44168955       -0.47757667       -0.50349909       -0.24673370 
       -0.19204828       -0.39233017       -0.41164479       -0.43740797       -0.47299325       -0.49868259       -0.24436657 
       -0.19015175       -0.38846797       -0.40762031       -0.43316677       -0.46845251       -0.49391055       -0.24202153 
       -0.18827365       -0.38464299       -0.40363404       -0.42896551       -0.46395412       -0.48918292       -0.23969832 
       -0.18641362       -0.38085479       -0.39968598       -0.42480412       -0.45949784       -0.48449928       -0.23739682 
       -0.18457159       -0.37710309       -0.39577568       -0.42068213       -0.45508307       -0.47985914       -0.23511679 
       -0.18274744       -0.37338760       -0.39190269       -0.41659904       -0.45070949       -0.47526219       -0.23285803 
       -0.18094099       -0.36970803       -0.38806686       -0.41255474       -0.44637695       -0.47070804       -0.23062038 
       -0.17915198       -0.36606398       -0.38426772       -0.40854862       -0.44208488       -0.46619615       -0.22840361 
       -0.17738035       -0.36245510       -0.38050491       -0.40458050       -0.43783289       -0.46172646       -0.22620761 
       -0.17562580       -0.35888094       -0.37677810       -0.40064994       -0.43362075       -0.45729843       -0.22403218 
       -0.17388844       -0.35534155       -0.37308717       -0.39675680       -0.42944813       -0.45291159       -0.22187710 
       -0.17216794       -0.35183629       -0.36943150       -0.39290050       -0.42531455       -0.44856584       -0.21974222 
       -0.17046404       -0.34836495       -0.36581096       -0.38908091       -0.42121980       -0.44426060       -0.21762736 
       -0.16877674       -0.34492725       -0.36222512       -0.38529760       -0.41716352       -0.43999568       -0.21553233 
